running develop
Removing /home/group3-robot/robp_group3/install/robp_boot_camp_launch/lib/python3.12/site-packages/robp-boot-camp-launch.egg-link (link to .)
running egg_info
writing ../../../build/robp_boot_camp_launch/robp_boot_camp_launch.egg-info/PKG-INFO
writing dependency_links to ../../../build/robp_boot_camp_launch/robp_boot_camp_launch.egg-info/dependency_links.txt
writing requirements to ../../../build/robp_boot_camp_launch/robp_boot_camp_launch.egg-info/requires.txt
writing top-level names to ../../../build/robp_boot_camp_launch/robp_boot_camp_launch.egg-info/top_level.txt
reading manifest file '../../../build/robp_boot_camp_launch/robp_boot_camp_launch.egg-info/SOURCES.txt'
writing manifest file '../../../build/robp_boot_camp_launch/robp_boot_camp_launch.egg-info/SOURCES.txt'
running build
running build_py
creating /home/group3-robot/robp_group3/build/robp_boot_camp_launch/build
creating /home/group3-robot/robp_group3/build/robp_boot_camp_launch/build/lib
creating /home/group3-robot/robp_group3/build/robp_boot_camp_launch/build/lib/robp_boot_camp_launch
copying robp_boot_camp_launch/__init__.py -> /home/group3-robot/robp_group3/build/robp_boot_camp_launch/build/lib/robp_boot_camp_launch
running install
running install_lib
creating /home/group3-robot/robp_group3/install/robp_boot_camp_launch/lib/python3.12/site-packages/robp_boot_camp_launch
copying /home/group3-robot/robp_group3/build/robp_boot_camp_launch/build/lib/robp_boot_camp_launch/__init__.py -> /home/group3-robot/robp_group3/install/robp_boot_camp_launch/lib/python3.12/site-packages/robp_boot_camp_launch
byte-compiling /home/group3-robot/robp_group3/install/robp_boot_camp_launch/lib/python3.12/site-packages/robp_boot_camp_launch/__init__.py to __init__.cpython-312.pyc
running install_data
copying resource/robp_boot_camp_launch -> /home/group3-robot/robp_group3/install/robp_boot_camp_launch/share/ament_index/resource_index/packages
copying launch/boot_camp_part1_launch.xml -> /home/group3-robot/robp_group3/install/robp_boot_camp_launch/share/robp_boot_camp_launch/launch
copying launch/boot_camp_part3_launch.xml -> /home/group3-robot/robp_group3/install/robp_boot_camp_launch/share/robp_boot_camp_launch/launch
copying launch/boot_camp_part2_launch.xml -> /home/group3-robot/robp_group3/install/robp_boot_camp_launch/share/robp_boot_camp_launch/launch
copying rviz/boot_camp_part3.rviz -> /home/group3-robot/robp_group3/install/robp_boot_camp_launch/share/robp_boot_camp_launch/rviz
copying rviz/boot_camp_part1.rviz -> /home/group3-robot/robp_group3/install/robp_boot_camp_launch/share/robp_boot_camp_launch/rviz
copying rviz/boot_camp_part2.rviz -> /home/group3-robot/robp_group3/install/robp_boot_camp_launch/share/robp_boot_camp_launch/rviz
copying package.xml -> /home/group3-robot/robp_group3/install/robp_boot_camp_launch/share/robp_boot_camp_launch
running install_egg_info
Copying ../../../build/robp_boot_camp_launch/robp_boot_camp_launch.egg-info to /home/group3-robot/robp_group3/install/robp_boot_camp_launch/lib/python3.12/site-packages/robp_boot_camp_launch-1.0.0-py3.12.egg-info
running install_scripts
writing list of installed files to '/home/group3-robot/robp_group3/build/robp_boot_camp_launch/install.log'
