running develop
Removing /home/group3-robot/robp_group3/install/arm_controller/lib/python3.12/site-packages/arm-controller.egg-link (link to .)
running egg_info
writing ../../../build/arm_controller/arm_controller.egg-info/PKG-INFO
writing dependency_links to ../../../build/arm_controller/arm_controller.egg-info/dependency_links.txt
writing entry points to ../../../build/arm_controller/arm_controller.egg-info/entry_points.txt
writing requirements to ../../../build/arm_controller/arm_controller.egg-info/requires.txt
writing top-level names to ../../../build/arm_controller/arm_controller.egg-info/top_level.txt
reading manifest file '../../../build/arm_controller/arm_controller.egg-info/SOURCES.txt'
writing manifest file '../../../build/arm_controller/arm_controller.egg-info/SOURCES.txt'
running build
running build_py
creating /home/group3-robot/robp_group3/build/arm_controller/build
creating /home/group3-robot/robp_group3/build/arm_controller/build/lib
creating /home/group3-robot/robp_group3/build/arm_controller/build/lib/arm_controller
copying arm_controller/arm_controller.py -> /home/group3-robot/robp_group3/build/arm_controller/build/lib/arm_controller
copying arm_controller/__init__.py -> /home/group3-robot/robp_group3/build/arm_controller/build/lib/arm_controller
running install
running install_lib
creating /home/group3-robot/robp_group3/install/arm_controller/lib/python3.12/site-packages/arm_controller
copying /home/group3-robot/robp_group3/build/arm_controller/build/lib/arm_controller/arm_controller.py -> /home/group3-robot/robp_group3/install/arm_controller/lib/python3.12/site-packages/arm_controller
copying /home/group3-robot/robp_group3/build/arm_controller/build/lib/arm_controller/__init__.py -> /home/group3-robot/robp_group3/install/arm_controller/lib/python3.12/site-packages/arm_controller
byte-compiling /home/group3-robot/robp_group3/install/arm_controller/lib/python3.12/site-packages/arm_controller/arm_controller.py to arm_controller.cpython-312.pyc
byte-compiling /home/group3-robot/robp_group3/install/arm_controller/lib/python3.12/site-packages/arm_controller/__init__.py to __init__.cpython-312.pyc
running install_data
copying resource/arm_controller -> /home/group3-robot/robp_group3/install/arm_controller/share/ament_index/resource_index/packages
copying package.xml -> /home/group3-robot/robp_group3/install/arm_controller/share/arm_controller
running install_egg_info
Copying ../../../build/arm_controller/arm_controller.egg-info to /home/group3-robot/robp_group3/install/arm_controller/lib/python3.12/site-packages/arm_controller-0.0.0-py3.12.egg-info
running install_scripts
Installing arm_controller script to /home/group3-robot/robp_group3/install/arm_controller/lib/arm_controller
writing list of installed files to '/home/group3-robot/robp_group3/build/arm_controller/install.log'
