[1.924s] Invoking command in '/home/group3-robot/robp_group3/build/arm_controller': DEBUGINFOD_URLS=https://debuginfod.ubuntu.com PYTHONPATH=/home/group3-robot/robp_group3/build/arm_controller/prefix_override:/usr/lib/python3/dist-packages/colcon_core/task/python/colcon_distutils_commands:/home/group3-robot/robp_group3/install/arm_controller/lib/python3.12/site-packages:${PYTHONPATH} /usr/bin/python3 -W ignore:setup.py install is deprecated -W ignore:easy_install command is deprecated setup.py develop --uninstall --editable --build-directory /home/group3-robot/robp_group3/build/arm_controller/build
[2.293s] running develop
[2.538s] Removing /home/group3-robot/robp_group3/install/arm_controller/lib/python3.12/site-packages/arm-controller.egg-link (link to .)
[2.621s] Invoked command in '/home/group3-robot/robp_group3/build/arm_controller' returned '0': DEBUGINFOD_URLS=https://debuginfod.ubuntu.com PYTHONPATH=/home/group3-robot/robp_group3/build/arm_controller/prefix_override:/usr/lib/python3/dist-packages/colcon_core/task/python/colcon_distutils_commands:/home/group3-robot/robp_group3/install/arm_controller/lib/python3.12/site-packages:${PYTHONPATH} /usr/bin/python3 -W ignore:setup.py install is deprecated -W ignore:easy_install command is deprecated setup.py develop --uninstall --editable --build-directory /home/group3-robot/robp_group3/build/arm_controller/build
[2.627s] Invoking command in '/home/group3-robot/robp_group3/robp_ws/src/arm_controller': DEBUGINFOD_URLS=https://debuginfod.ubuntu.com PYTHONPATH=/home/group3-robot/robp_group3/build/arm_controller/prefix_override:/usr/lib/python3/dist-packages/colcon_core/task/python/colcon_distutils_commands:/home/group3-robot/robp_group3/install/arm_controller/lib/python3.12/site-packages:${PYTHONPATH} /usr/bin/python3 -W ignore:setup.py install is deprecated -W ignore:easy_install command is deprecated setup.py egg_info --egg-base ../../../build/arm_controller build --build-base /home/group3-robot/robp_group3/build/arm_controller/build install --record /home/group3-robot/robp_group3/build/arm_controller/install.log --single-version-externally-managed install_data --force
[3.060s] running egg_info
[3.087s] writing ../../../build/arm_controller/arm_controller.egg-info/PKG-INFO
[3.087s] writing dependency_links to ../../../build/arm_controller/arm_controller.egg-info/dependency_links.txt
[3.089s] writing entry points to ../../../build/arm_controller/arm_controller.egg-info/entry_points.txt
[3.089s] writing requirements to ../../../build/arm_controller/arm_controller.egg-info/requires.txt
[3.090s] writing top-level names to ../../../build/arm_controller/arm_controller.egg-info/top_level.txt
[3.217s] reading manifest file '../../../build/arm_controller/arm_controller.egg-info/SOURCES.txt'
[3.217s] writing manifest file '../../../build/arm_controller/arm_controller.egg-info/SOURCES.txt'
[3.217s] running build
[3.217s] running build_py
[3.217s] creating /home/group3-robot/robp_group3/build/arm_controller/build
[3.217s] creating /home/group3-robot/robp_group3/build/arm_controller/build/lib
[3.217s] creating /home/group3-robot/robp_group3/build/arm_controller/build/lib/arm_controller
[3.217s] copying arm_controller/arm_controller.py -> /home/group3-robot/robp_group3/build/arm_controller/build/lib/arm_controller
[3.217s] copying arm_controller/__init__.py -> /home/group3-robot/robp_group3/build/arm_controller/build/lib/arm_controller
[3.219s] running install
[3.230s] running install_lib
[3.258s] creating /home/group3-robot/robp_group3/install/arm_controller/lib/python3.12/site-packages/arm_controller
[3.258s] copying /home/group3-robot/robp_group3/build/arm_controller/build/lib/arm_controller/arm_controller.py -> /home/group3-robot/robp_group3/install/arm_controller/lib/python3.12/site-packages/arm_controller
[3.258s] copying /home/group3-robot/robp_group3/build/arm_controller/build/lib/arm_controller/__init__.py -> /home/group3-robot/robp_group3/install/arm_controller/lib/python3.12/site-packages/arm_controller
[3.259s] byte-compiling /home/group3-robot/robp_group3/install/arm_controller/lib/python3.12/site-packages/arm_controller/arm_controller.py to arm_controller.cpython-312.pyc
[3.260s] byte-compiling /home/group3-robot/robp_group3/install/arm_controller/lib/python3.12/site-packages/arm_controller/__init__.py to __init__.cpython-312.pyc
[3.260s] running install_data
[3.260s] copying resource/arm_controller -> /home/group3-robot/robp_group3/install/arm_controller/share/ament_index/resource_index/packages
[3.260s] copying package.xml -> /home/group3-robot/robp_group3/install/arm_controller/share/arm_controller
[3.260s] running install_egg_info
[3.291s] Copying ../../../build/arm_controller/arm_controller.egg-info to /home/group3-robot/robp_group3/install/arm_controller/lib/python3.12/site-packages/arm_controller-0.0.0-py3.12.egg-info
[3.295s] running install_scripts
[3.502s] Installing arm_controller script to /home/group3-robot/robp_group3/install/arm_controller/lib/arm_controller
[3.502s] writing list of installed files to '/home/group3-robot/robp_group3/build/arm_controller/install.log'
[3.578s] Invoked command in '/home/group3-robot/robp_group3/robp_ws/src/arm_controller' returned '0': DEBUGINFOD_URLS=https://debuginfod.ubuntu.com PYTHONPATH=/home/group3-robot/robp_group3/build/arm_controller/prefix_override:/usr/lib/python3/dist-packages/colcon_core/task/python/colcon_distutils_commands:/home/group3-robot/robp_group3/install/arm_controller/lib/python3.12/site-packages:${PYTHONPATH} /usr/bin/python3 -W ignore:setup.py install is deprecated -W ignore:easy_install command is deprecated setup.py egg_info --egg-base ../../../build/arm_controller build --build-base /home/group3-robot/robp_group3/build/arm_controller/build install --record /home/group3-robot/robp_group3/build/arm_controller/install.log --single-version-externally-managed install_data --force
