[0.024s] Invoking command in '/home/group3-robot/robp_group3/build/usb_cam': CMAKE_PREFIX_PATH=${CMAKE_PREFIX_PATH}:/home/group3-robot/robp_group3/install/robp_launch:/home/group3-robot/robp_group3/install/odometry:/home/group3-robot/robp_group3/install/robp_boot_camp_launch:/home/group3-robot/robp_group3/install/path_planner:/home/group3-robot/robp_group3/install/mapping:/home/group3-robot/robp_group3/install/joystick_teleop:/home/group3-robot/robp_group3/install/detection:/home/group3-robot/robp_group3/install/arm_servos_pubs_subs:/home/group3-robot/robp_group3/install/arm_controller:/opt/ros/jazzy DEBUGINFOD_URLS=https://debuginfod.ubuntu.com /usr/bin/cmake /home/group3-robot/robp_group3/robp_ws/src/robp_robot/usb_cam -DAMENT_CMAKE_SYMLINK_INSTALL=1 -DCMAKE_INSTALL_PREFIX=/home/group3-robot/robp_group3/install/usb_cam
[0.070s] -- Found ament_cmake_auto: 2.5.3 (/opt/ros/jazzy/share/ament_cmake_auto/cmake)
[0.471s] -- Override CMake install command with custom implementation using symlinks instead of copying resources
[0.672s] -- Found rosidl_generator_c: 4.6.5 (/opt/ros/jazzy/share/rosidl_generator_c/cmake)
[0.686s] -- Found rosidl_generator_cpp: 4.6.5 (/opt/ros/jazzy/share/rosidl_generator_cpp/cmake)
[0.706s] -- Using all available rosidl_typesupport_c: rosidl_typesupport_fastrtps_c;rosidl_typesupport_introspection_c
[0.728s] -- Using all available rosidl_typesupport_cpp: rosidl_typesupport_fastrtps_cpp;rosidl_typesupport_introspection_cpp
[0.820s] -- Found rmw_implementation_cmake: 7.3.1 (/opt/ros/jazzy/share/rmw_implementation_cmake/cmake)
[0.823s] -- Found rmw_fastrtps_cpp: 8.4.1 (/opt/ros/jazzy/share/rmw_fastrtps_cpp/cmake)
[0.936s] -- Using RMW implementation 'rmw_fastrtps_cpp' as default
[1.247s] -- Setting yaml-cpp_DIR to: '/opt/ros/jazzy/share/yaml_cpp_vendor/cmake/../../../opt/yaml_cpp_vendor/share/cmake/yaml-cpp'
[1.357s] -- Found rosidl_adapter: 4.6.5 (/opt/ros/jazzy/share/rosidl_adapter/cmake)
[1.381s] -- Found ament_lint_auto: 0.17.1 (/opt/ros/jazzy/share/ament_lint_auto/cmake)
[1.388s] -- Found gtest sources under '/opt/ros/jazzy/src/gtest_vendor': C++ tests using 'Google Test' will be built
[1.405s] -- Added test 'copyright' to check source files copyright and LICENSE
[1.412s] -- Added test 'cppcheck' to perform static code analysis on C / C++ code
[1.412s] -- Configured cppcheck include dirs: /home/group3-robot/robp_group3/robp_ws/src/robp_robot/usb_cam/include
[1.412s] -- Configured cppcheck exclude dirs and/or files: 
[1.416s] -- Added test 'cpplint' to check C / C++ code against the Google style
[1.416s] -- Configured cpplint exclude dirs and/or files: 
[1.417s] -- Added test 'flake8' to check Python code syntax and style conventions
[1.417s] -- Configured 'flake8' exclude dirs and/or files: 
[1.420s] -- Added test 'lint_cmake' to check CMake code style
[1.420s] -- Added test 'pep257' to check Python code against some of the docstring style conventions in PEP 257
[1.423s] -- Added test 'uncrustify' to check C / C++ code style
[1.423s] -- Configured uncrustify additional arguments: 
[1.426s] -- Added test 'xmllint' to check XML markup files
[1.426s] -- Configuring done (1.4s)
[1.481s] -- Generating done (0.0s)
[1.495s] -- Build files have been written to: /home/group3-robot/robp_group3/build/usb_cam
[1.519s] Invoked command in '/home/group3-robot/robp_group3/build/usb_cam' returned '0': CMAKE_PREFIX_PATH=${CMAKE_PREFIX_PATH}:/home/group3-robot/robp_group3/install/robp_launch:/home/group3-robot/robp_group3/install/odometry:/home/group3-robot/robp_group3/install/robp_boot_camp_launch:/home/group3-robot/robp_group3/install/path_planner:/home/group3-robot/robp_group3/install/mapping:/home/group3-robot/robp_group3/install/joystick_teleop:/home/group3-robot/robp_group3/install/detection:/home/group3-robot/robp_group3/install/arm_servos_pubs_subs:/home/group3-robot/robp_group3/install/arm_controller:/opt/ros/jazzy DEBUGINFOD_URLS=https://debuginfod.ubuntu.com /usr/bin/cmake /home/group3-robot/robp_group3/robp_ws/src/robp_robot/usb_cam -DAMENT_CMAKE_SYMLINK_INSTALL=1 -DCMAKE_INSTALL_PREFIX=/home/group3-robot/robp_group3/install/usb_cam
[1.519s] Invoking command in '/home/group3-robot/robp_group3/build/usb_cam': CMAKE_PREFIX_PATH=${CMAKE_PREFIX_PATH}:/home/group3-robot/robp_group3/install/robp_launch:/home/group3-robot/robp_group3/install/odometry:/home/group3-robot/robp_group3/install/robp_boot_camp_launch:/home/group3-robot/robp_group3/install/path_planner:/home/group3-robot/robp_group3/install/mapping:/home/group3-robot/robp_group3/install/joystick_teleop:/home/group3-robot/robp_group3/install/detection:/home/group3-robot/robp_group3/install/arm_servos_pubs_subs:/home/group3-robot/robp_group3/install/arm_controller:/opt/ros/jazzy DEBUGINFOD_URLS=https://debuginfod.ubuntu.com /usr/bin/cmake --build /home/group3-robot/robp_group3/build/usb_cam -- -j8 -l8
[1.587s] [ 14%] Built target gtest_main
[1.590s] [ 28%] Built target gtest
[1.594s] [ 42%] Built target usb_cam
[1.600s] [ 57%] Built target usb_cam_node_exe
[1.630s] [ 71%] Built target test_pixel_formats
[1.630s] [ 85%] Built target test_usb_cam_utils
[1.635s] [100%] Built target usb_cam_node
[1.837s] Invoked command in '/home/group3-robot/robp_group3/build/usb_cam' returned '0': CMAKE_PREFIX_PATH=${CMAKE_PREFIX_PATH}:/home/group3-robot/robp_group3/install/robp_launch:/home/group3-robot/robp_group3/install/odometry:/home/group3-robot/robp_group3/install/robp_boot_camp_launch:/home/group3-robot/robp_group3/install/path_planner:/home/group3-robot/robp_group3/install/mapping:/home/group3-robot/robp_group3/install/joystick_teleop:/home/group3-robot/robp_group3/install/detection:/home/group3-robot/robp_group3/install/arm_servos_pubs_subs:/home/group3-robot/robp_group3/install/arm_controller:/opt/ros/jazzy DEBUGINFOD_URLS=https://debuginfod.ubuntu.com /usr/bin/cmake --build /home/group3-robot/robp_group3/build/usb_cam -- -j8 -l8
[1.838s] Invoking command in '/home/group3-robot/robp_group3/build/usb_cam': CMAKE_PREFIX_PATH=${CMAKE_PREFIX_PATH}:/home/group3-robot/robp_group3/install/robp_launch:/home/group3-robot/robp_group3/install/odometry:/home/group3-robot/robp_group3/install/robp_boot_camp_launch:/home/group3-robot/robp_group3/install/path_planner:/home/group3-robot/robp_group3/install/mapping:/home/group3-robot/robp_group3/install/joystick_teleop:/home/group3-robot/robp_group3/install/detection:/home/group3-robot/robp_group3/install/arm_servos_pubs_subs:/home/group3-robot/robp_group3/install/arm_controller:/opt/ros/jazzy DEBUGINFOD_URLS=https://debuginfod.ubuntu.com /usr/bin/cmake --install /home/group3-robot/robp_group3/build/usb_cam
[1.845s] -- Install configuration: ""
[1.845s] -- Execute custom install script
[1.845s] -- Up-to-date symlink: /home/group3-robot/robp_group3/install/usb_cam/share/usb_cam/environment/library_path.sh
[1.846s] -- Up-to-date symlink: /home/group3-robot/robp_group3/install/usb_cam/share/usb_cam/environment/library_path.dsv
[1.846s] -- Up-to-date symlink: /home/group3-robot/robp_group3/install/usb_cam/lib/usb_cam/usb_cam_node_exe
[1.846s] -- Up-to-date symlink: /home/group3-robot/robp_group3/install/usb_cam/lib/usb_cam/show_image.py
[1.847s] -- Up-to-date symlink: /home/group3-robot/robp_group3/install/usb_cam/lib/libusb_cam.so
[1.847s] -- Up-to-date symlink: /home/group3-robot/robp_group3/install/usb_cam/lib/libusb_cam_node.so
[1.847s] -- Up-to-date symlink: /home/group3-robot/robp_group3/install/usb_cam/include/usb_cam/constants.hpp
[1.847s] -- Up-to-date symlink: /home/group3-robot/robp_group3/install/usb_cam/include/usb_cam/conversions.hpp
[1.847s] -- Up-to-date symlink: /home/group3-robot/robp_group3/install/usb_cam/include/usb_cam/formats/av_pixel_format_helper.hpp
[1.847s] -- Up-to-date symlink: /home/group3-robot/robp_group3/install/usb_cam/include/usb_cam/formats/m420.hpp
[1.847s] -- Up-to-date symlink: /home/group3-robot/robp_group3/install/usb_cam/include/usb_cam/formats/mjpeg.hpp
[1.847s] -- Up-to-date symlink: /home/group3-robot/robp_group3/install/usb_cam/include/usb_cam/formats/mono.hpp
[1.847s] -- Up-to-date symlink: /home/group3-robot/robp_group3/install/usb_cam/include/usb_cam/formats/pixel_format_base.hpp
[1.847s] -- Up-to-date symlink: /home/group3-robot/robp_group3/install/usb_cam/include/usb_cam/formats/rgb.hpp
[1.847s] -- Up-to-date symlink: /home/group3-robot/robp_group3/install/usb_cam/include/usb_cam/formats/utils.hpp
[1.848s] -- Up-to-date symlink: /home/group3-robot/robp_group3/install/usb_cam/include/usb_cam/formats/uyvy.hpp
[1.848s] -- Up-to-date symlink: /home/group3-robot/robp_group3/install/usb_cam/include/usb_cam/formats/yuyv.hpp
[1.848s] -- Up-to-date symlink: /home/group3-robot/robp_group3/install/usb_cam/include/usb_cam/usb_cam.hpp
[1.848s] -- Up-to-date symlink: /home/group3-robot/robp_group3/install/usb_cam/include/usb_cam/usb_cam_node.hpp
[1.848s] -- Up-to-date symlink: /home/group3-robot/robp_group3/install/usb_cam/include/usb_cam/utils.hpp
[1.848s] -- Up-to-date symlink: /home/group3-robot/robp_group3/install/usb_cam/lib/libusb_cam_node.so
[1.848s] -- Up-to-date symlink: /home/group3-robot/robp_group3/install/usb_cam/share/usb_cam/launch/__init__.py
[1.848s] -- Up-to-date symlink: /home/group3-robot/robp_group3/install/usb_cam/share/usb_cam/launch/camera.launch.py
[1.848s] -- Up-to-date symlink: /home/group3-robot/robp_group3/install/usb_cam/share/usb_cam/launch/camera_config.py
[1.848s] -- Up-to-date symlink: /home/group3-robot/robp_group3/install/usb_cam/share/usb_cam/config/camera_info.yaml
[1.848s] -- Up-to-date symlink: /home/group3-robot/robp_group3/install/usb_cam/share/usb_cam/config/params_1.yaml
[1.848s] -- Up-to-date symlink: /home/group3-robot/robp_group3/install/usb_cam/share/usb_cam/config/params_2.yaml
[1.848s] -- Up-to-date symlink: /home/group3-robot/robp_group3/install/usb_cam/share/ament_index/resource_index/package_run_dependencies/usb_cam
[1.848s] -- Up-to-date symlink: /home/group3-robot/robp_group3/install/usb_cam/share/ament_index/resource_index/parent_prefix_path/usb_cam
[1.849s] -- Up-to-date symlink: /home/group3-robot/robp_group3/install/usb_cam/share/usb_cam/environment/ament_prefix_path.sh
[1.849s] -- Up-to-date symlink: /home/group3-robot/robp_group3/install/usb_cam/share/usb_cam/environment/ament_prefix_path.dsv
[1.849s] -- Up-to-date symlink: /home/group3-robot/robp_group3/install/usb_cam/share/usb_cam/environment/path.sh
[1.849s] -- Up-to-date symlink: /home/group3-robot/robp_group3/install/usb_cam/share/usb_cam/environment/path.dsv
[1.849s] -- Up-to-date symlink: /home/group3-robot/robp_group3/install/usb_cam/share/usb_cam/local_setup.bash
[1.850s] -- Up-to-date symlink: /home/group3-robot/robp_group3/install/usb_cam/share/usb_cam/local_setup.sh
[1.850s] -- Up-to-date symlink: /home/group3-robot/robp_group3/install/usb_cam/share/usb_cam/local_setup.zsh
[1.850s] -- Up-to-date symlink: /home/group3-robot/robp_group3/install/usb_cam/share/usb_cam/local_setup.dsv
[1.850s] -- Symlinking: /home/group3-robot/robp_group3/install/usb_cam/share/usb_cam/package.dsv
[1.859s] -- Up-to-date symlink: /home/group3-robot/robp_group3/install/usb_cam/share/ament_index/resource_index/packages/usb_cam
[1.859s] -- Up-to-date symlink: /home/group3-robot/robp_group3/install/usb_cam/share/ament_index/resource_index/rclcpp_components/usb_cam
[1.859s] -- Up-to-date symlink: /home/group3-robot/robp_group3/install/usb_cam/share/usb_cam/cmake/ament_cmake_export_libraries-extras.cmake
[1.859s] -- Up-to-date symlink: /home/group3-robot/robp_group3/install/usb_cam/share/usb_cam/cmake/ament_cmake_export_dependencies-extras.cmake
[1.859s] -- Up-to-date symlink: /home/group3-robot/robp_group3/install/usb_cam/share/usb_cam/cmake/ament_cmake_export_include_directories-extras.cmake
[1.859s] -- Up-to-date symlink: /home/group3-robot/robp_group3/install/usb_cam/share/usb_cam/cmake/usb_camConfig.cmake
[1.860s] -- Up-to-date symlink: /home/group3-robot/robp_group3/install/usb_cam/share/usb_cam/cmake/usb_camConfig-version.cmake
[1.860s] -- Up-to-date symlink: /home/group3-robot/robp_group3/install/usb_cam/share/usb_cam/package.xml
[1.871s] Invoked command in '/home/group3-robot/robp_group3/build/usb_cam' returned '0': CMAKE_PREFIX_PATH=${CMAKE_PREFIX_PATH}:/home/group3-robot/robp_group3/install/robp_launch:/home/group3-robot/robp_group3/install/odometry:/home/group3-robot/robp_group3/install/robp_boot_camp_launch:/home/group3-robot/robp_group3/install/path_planner:/home/group3-robot/robp_group3/install/mapping:/home/group3-robot/robp_group3/install/joystick_teleop:/home/group3-robot/robp_group3/install/detection:/home/group3-robot/robp_group3/install/arm_servos_pubs_subs:/home/group3-robot/robp_group3/install/arm_controller:/opt/ros/jazzy DEBUGINFOD_URLS=https://debuginfod.ubuntu.com /usr/bin/cmake --install /home/group3-robot/robp_group3/build/usb_cam
