[2.265s] Invoking command in '/home/group3-robot/robp_group3/build/path_planner': DEBUGINFOD_URLS=https://debuginfod.ubuntu.com PYTHONPATH=/home/group3-robot/robp_group3/build/path_planner/prefix_override:/usr/lib/python3/dist-packages/colcon_core/task/python/colcon_distutils_commands:/home/group3-robot/robp_group3/install/path_planner/lib/python3.12/site-packages:${PYTHONPATH} /usr/bin/python3 -W ignore:setup.py install is deprecated -W ignore:easy_install command is deprecated setup.py develop --editable --build-directory /home/group3-robot/robp_group3/build/path_planner/build --no-deps symlink_data
[2.825s] running develop
[3.122s] running egg_info
[3.149s] writing path_planner.egg-info/PKG-INFO
[3.150s] writing dependency_links to path_planner.egg-info/dependency_links.txt
[3.151s] writing entry points to path_planner.egg-info/entry_points.txt
[3.154s] writing requirements to path_planner.egg-info/requires.txt
[3.155s] writing top-level names to path_planner.egg-info/top_level.txt
[3.236s] reading manifest file 'path_planner.egg-info/SOURCES.txt'
[3.239s] writing manifest file 'path_planner.egg-info/SOURCES.txt'
[3.267s] running build_ext
[3.268s] Creating /home/group3-robot/robp_group3/install/path_planner/lib/python3.12/site-packages/path-planner.egg-link (link to .)
[3.269s] Installing path_execution script to /home/group3-robot/robp_group3/install/path_planner/lib/path_planner
[3.270s] Installing path_planner script to /home/group3-robot/robp_group3/install/path_planner/lib/path_planner
[3.270s] Installing point_generator script to /home/group3-robot/robp_group3/install/path_planner/lib/path_planner
[3.270s] Installing point_publisher_test script to /home/group3-robot/robp_group3/install/path_planner/lib/path_planner
[3.271s] 
[3.271s] Installed /home/group3-robot/robp_group3/build/path_planner
[3.271s] running symlink_data
[3.753s] Invoked command in '/home/group3-robot/robp_group3/build/path_planner' returned '0': DEBUGINFOD_URLS=https://debuginfod.ubuntu.com PYTHONPATH=/home/group3-robot/robp_group3/build/path_planner/prefix_override:/usr/lib/python3/dist-packages/colcon_core/task/python/colcon_distutils_commands:/home/group3-robot/robp_group3/install/path_planner/lib/python3.12/site-packages:${PYTHONPATH} /usr/bin/python3 -W ignore:setup.py install is deprecated -W ignore:easy_install command is deprecated setup.py develop --editable --build-directory /home/group3-robot/robp_group3/build/path_planner/build --no-deps symlink_data
