[1.489s] Invoking command in '/home/group3-robot/robp_group3/build/path_planner': DEBUGINFOD_URLS=https://debuginfod.ubuntu.com PYTHONPATH=/home/group3-robot/robp_group3/build/path_planner/prefix_override:/usr/lib/python3/dist-packages/colcon_core/task/python/colcon_distutils_commands:/home/group3-robot/robp_group3/install/path_planner/lib/python3.12/site-packages:${PYTHONPATH} /usr/bin/python3 -W ignore:setup.py install is deprecated -W ignore:easy_install command is deprecated setup.py develop --editable --build-directory /home/group3-robot/robp_group3/build/path_planner/build --no-deps symlink_data
[2.645s] running develop
[3.221s] running egg_info
[3.221s] creating path_planner.egg-info
[3.275s] writing path_planner.egg-info/PKG-INFO
[3.277s] writing dependency_links to path_planner.egg-info/dependency_links.txt
[3.277s] writing entry points to path_planner.egg-info/entry_points.txt
[3.278s] writing requirements to path_planner.egg-info/requires.txt
[3.279s] writing top-level names to path_planner.egg-info/top_level.txt
[3.279s] writing manifest file 'path_planner.egg-info/SOURCES.txt'
[3.354s] reading manifest file 'path_planner.egg-info/SOURCES.txt'
[3.359s] writing manifest file 'path_planner.egg-info/SOURCES.txt'
[3.426s] running build_ext
[3.427s] Creating /home/group3-robot/robp_group3/install/path_planner/lib/python3.12/site-packages/path-planner.egg-link (link to .)
[3.428s] Installing path_planner script to /home/group3-robot/robp_group3/install/path_planner/lib/path_planner
[3.428s] Installing point_generator script to /home/group3-robot/robp_group3/install/path_planner/lib/path_planner
[3.428s] 
[3.429s] Installed /home/group3-robot/robp_group3/build/path_planner
[3.429s] running symlink_data
[3.429s] creating /home/group3-robot/robp_group3/install/path_planner/share/ament_index
[3.429s] creating /home/group3-robot/robp_group3/install/path_planner/share/ament_index/resource_index
[3.429s] creating /home/group3-robot/robp_group3/install/path_planner/share/ament_index/resource_index/packages
[3.429s] symbolically linking /home/group3-robot/robp_group3/build/path_planner/resource/path_planner -> /home/group3-robot/robp_group3/install/path_planner/share/ament_index/resource_index/packages
[3.429s] symbolically linking /home/group3-robot/robp_group3/build/path_planner/package.xml -> /home/group3-robot/robp_group3/install/path_planner/share/path_planner
[3.567s] Invoked command in '/home/group3-robot/robp_group3/build/path_planner' returned '0': DEBUGINFOD_URLS=https://debuginfod.ubuntu.com PYTHONPATH=/home/group3-robot/robp_group3/build/path_planner/prefix_override:/usr/lib/python3/dist-packages/colcon_core/task/python/colcon_distutils_commands:/home/group3-robot/robp_group3/install/path_planner/lib/python3.12/site-packages:${PYTHONPATH} /usr/bin/python3 -W ignore:setup.py install is deprecated -W ignore:easy_install command is deprecated setup.py develop --editable --build-directory /home/group3-robot/robp_group3/build/path_planner/build --no-deps symlink_data
