[1.145s] Invoking command in '/home/group3-robot/robp_group3/build/mapping': DEBUGINFOD_URLS=https://debuginfod.ubuntu.com PYTHONPATH=/home/group3-robot/robp_group3/build/mapping/prefix_override:/usr/lib/python3/dist-packages/colcon_core/task/python/colcon_distutils_commands:/home/group3-robot/robp_group3/install/mapping/lib/python3.12/site-packages:${PYTHONPATH} /usr/bin/python3 -W ignore:setup.py install is deprecated -W ignore:easy_install command is deprecated setup.py develop --editable --build-directory /home/group3-robot/robp_group3/build/mapping/build --no-deps symlink_data
[1.624s] running develop
[1.901s] running egg_info
[1.901s] creating mapping.egg-info
[1.928s] writing mapping.egg-info/PKG-INFO
[1.928s] writing dependency_links to mapping.egg-info/dependency_links.txt
[1.929s] writing entry points to mapping.egg-info/entry_points.txt
[1.929s] writing requirements to mapping.egg-info/requires.txt
[1.929s] writing top-level names to mapping.egg-info/top_level.txt
[1.929s] writing manifest file 'mapping.egg-info/SOURCES.txt'
[1.986s] reading manifest file 'mapping.egg-info/SOURCES.txt'
[1.988s] writing manifest file 'mapping.egg-info/SOURCES.txt'
[2.016s] running build_ext
[2.016s] Creating /home/group3-robot/robp_group3/install/mapping/lib/python3.12/site-packages/mapping.egg-link (link to .)
[2.017s] Installing mapping script to /home/group3-robot/robp_group3/install/mapping/lib/mapping
[2.018s] 
[2.018s] Installed /home/group3-robot/robp_group3/build/mapping
[2.018s] running symlink_data
[2.018s] creating /home/group3-robot/robp_group3/install/mapping/share/ament_index
[2.019s] creating /home/group3-robot/robp_group3/install/mapping/share/ament_index/resource_index
[2.019s] creating /home/group3-robot/robp_group3/install/mapping/share/ament_index/resource_index/packages
[2.019s] symbolically linking /home/group3-robot/robp_group3/build/mapping/resource/mapping -> /home/group3-robot/robp_group3/install/mapping/share/ament_index/resource_index/packages
[2.023s] symbolically linking /home/group3-robot/robp_group3/build/mapping/package.xml -> /home/group3-robot/robp_group3/install/mapping/share/mapping
[2.082s] Invoked command in '/home/group3-robot/robp_group3/build/mapping' returned '0': DEBUGINFOD_URLS=https://debuginfod.ubuntu.com PYTHONPATH=/home/group3-robot/robp_group3/build/mapping/prefix_override:/usr/lib/python3/dist-packages/colcon_core/task/python/colcon_distutils_commands:/home/group3-robot/robp_group3/install/mapping/lib/python3.12/site-packages:${PYTHONPATH} /usr/bin/python3 -W ignore:setup.py install is deprecated -W ignore:easy_install command is deprecated setup.py develop --editable --build-directory /home/group3-robot/robp_group3/build/mapping/build --no-deps symlink_data
