[1.933s] Invoking command in '/home/group3-robot/robp_group3/build/handle_objects': DEBUGINFOD_URLS=https://debuginfod.ubuntu.com PYTHONPATH=/home/group3-robot/robp_group3/build/handle_objects/prefix_override:/usr/lib/python3/dist-packages/colcon_core/task/python/colcon_distutils_commands:/home/group3-robot/robp_group3/install/handle_objects/lib/python3.12/site-packages:${PYTHONPATH} /usr/bin/python3 -W ignore:setup.py install is deprecated -W ignore:easy_install command is deprecated setup.py develop --editable --build-directory /home/group3-robot/robp_group3/build/handle_objects/build --no-deps symlink_data
[2.842s] running develop
[2.890s] running egg_info
[2.890s] creating handle_objects.egg-info
[2.923s] writing handle_objects.egg-info/PKG-INFO
[2.923s] writing dependency_links to handle_objects.egg-info/dependency_links.txt
[2.923s] writing entry points to handle_objects.egg-info/entry_points.txt
[2.923s] writing requirements to handle_objects.egg-info/requires.txt
[2.924s] writing top-level names to handle_objects.egg-info/top_level.txt
[2.924s] writing manifest file 'handle_objects.egg-info/SOURCES.txt'
[2.981s] reading manifest file 'handle_objects.egg-info/SOURCES.txt'
[2.981s] writing manifest file 'handle_objects.egg-info/SOURCES.txt'
[3.011s] running build_ext
[3.011s] Creating /home/group3-robot/robp_group3/install/handle_objects/lib/python3.12/site-packages/handle-objects.egg-link (link to .)
[3.012s] Installing ik_solver script to /home/group3-robot/robp_group3/install/handle_objects/lib/handle_objects
[3.012s] Installing pick_objects script to /home/group3-robot/robp_group3/install/handle_objects/lib/handle_objects
[3.012s] 
[3.012s] Installed /home/group3-robot/robp_group3/build/handle_objects
[3.012s] running symlink_data
[3.013s] creating /home/group3-robot/robp_group3/install/handle_objects/share/ament_index
[3.013s] creating /home/group3-robot/robp_group3/install/handle_objects/share/ament_index/resource_index
[3.013s] creating /home/group3-robot/robp_group3/install/handle_objects/share/ament_index/resource_index/packages
[3.013s] symbolically linking /home/group3-robot/robp_group3/build/handle_objects/resource/handle_objects -> /home/group3-robot/robp_group3/install/handle_objects/share/ament_index/resource_index/packages
[3.013s] symbolically linking /home/group3-robot/robp_group3/build/handle_objects/package.xml -> /home/group3-robot/robp_group3/install/handle_objects/share/handle_objects
[3.426s] Invoked command in '/home/group3-robot/robp_group3/build/handle_objects' returned '0': DEBUGINFOD_URLS=https://debuginfod.ubuntu.com PYTHONPATH=/home/group3-robot/robp_group3/build/handle_objects/prefix_override:/usr/lib/python3/dist-packages/colcon_core/task/python/colcon_distutils_commands:/home/group3-robot/robp_group3/install/handle_objects/lib/python3.12/site-packages:${PYTHONPATH} /usr/bin/python3 -W ignore:setup.py install is deprecated -W ignore:easy_install command is deprecated setup.py develop --editable --build-directory /home/group3-robot/robp_group3/build/handle_objects/build --no-deps symlink_data
