[0.027s] Invoking command in '/home/group3-robot/robp_group3/build/robp_phidgets_encoders': AMENT_PREFIX_PATH=/home/group3-robot/robp_group3/install/robp_interfaces:${AMENT_PREFIX_PATH} CMAKE_PREFIX_PATH=/home/group3-robot/robp_group3/install/robp_interfaces:/home/group3-robot/robp_group3/robp_ws/install/usb_cam:/home/group3-robot/robp_group3/robp_ws/install/sllidar_ros2:/home/group3-robot/robp_group3/robp_ws/install/robp_phidgets_temperature:/home/group3-robot/robp_group3/robp_ws/install/robp_phidgets_spatial:/home/group3-robot/robp_group3/robp_ws/install/robp_phidgets_motors:/home/group3-robot/robp_group3/robp_ws/install/robp_phidgets_encoders:/home/group3-robot/robp_group3/robp_ws/install/robp_interfaces:/opt/ros/jazzy/opt/gz_math_vendor:/opt/ros/jazzy/opt/gz_utils_vendor:/opt/ros/jazzy/opt/gz_cmake_vendor:/home/group3-robot/robp_group3/robp_ws/install/robp_launch:/home/group3-robot/robp_group3/robp_ws/install/odometry:/home/group3-robot/robp_group3/robp_ws/install/robp_boot_camp_launch:/home/group3-robot/robp_group3/robp_ws/install/path_planner:/home/group3-robot/robp_group3/robp_ws/install/mapping:/home/group3-robot/robp_group3/robp_ws/install/map_file:/home/group3-robot/robp_group3/robp_ws/install/joystick_teleop:/home/group3-robot/robp_group3/robp_ws/install/behavior_tree:/home/group3-robot/robp_group3/robp_ws/install/handle_objects:/home/group3-robot/robp_group3/robp_ws/install/arm_servos_pubs_subs:/home/group3-robot/robp_group3/robp_ws/install/arm_controller:/opt/ros/jazzy DEBUGINFOD_URLS=https://debuginfod.ubuntu.com LD_LIBRARY_PATH=/home/group3-robot/robp_group3/install/robp_interfaces/lib:${LD_LIBRARY_PATH} PYTHONPATH=/home/group3-robot/robp_group3/install/robp_interfaces/lib/python3.12/site-packages:${PYTHONPATH} /usr/bin/cmake --build /home/group3-robot/robp_group3/build/robp_phidgets_encoders -- -j8 -l8
[0.053s] -- Found ament_cmake_ros: 0.12.0 (/opt/ros/jazzy/share/ament_cmake_ros/cmake)
[0.364s] -- Override CMake install command with custom implementation using symlinks instead of copying resources
[0.372s] -- Found libphidget22: 2.3.3 (/opt/ros/jazzy/share/libphidget22/cmake)
[0.373s] -- Found phidgets_api: 2.3.3 (/opt/ros/jazzy/share/phidgets_api/cmake)
[0.377s] -- Found rclcpp: 28.1.6 (/opt/ros/jazzy/share/rclcpp/cmake)
[0.413s] -- Found rosidl_generator_c: 4.6.5 (/opt/ros/jazzy/share/rosidl_generator_c/cmake)
[0.426s] -- Found rosidl_generator_cpp: 4.6.5 (/opt/ros/jazzy/share/rosidl_generator_cpp/cmake)
[0.443s] -- Using all available rosidl_typesupport_c: rosidl_typesupport_fastrtps_c;rosidl_typesupport_introspection_c
[0.463s] -- Using all available rosidl_typesupport_cpp: rosidl_typesupport_fastrtps_cpp;rosidl_typesupport_introspection_cpp
[0.551s] -- Found rmw_implementation_cmake: 7.3.1 (/opt/ros/jazzy/share/rmw_implementation_cmake/cmake)
[0.554s] -- Found rmw_fastrtps_cpp: 8.4.1 (/opt/ros/jazzy/share/rmw_fastrtps_cpp/cmake)
[0.641s] -- Using RMW implementation 'rmw_fastrtps_cpp' as default
[0.713s] -- Found rclcpp_components: 28.1.6 (/opt/ros/jazzy/share/rclcpp_components/cmake)
[0.735s] -- Found robp_interfaces: 1.0.0 (/home/group3-robot/robp_group3/install/robp_interfaces/share/robp_interfaces/cmake)
[0.854s] -- Configuring done (0.8s)
[0.865s] -- Generating done (0.0s)
[0.869s] -- Build files have been written to: /home/group3-robot/robp_group3/build/robp_phidgets_encoders
[0.906s] [ 33%] [32mBuilding CXX object CMakeFiles/robp_phidgets_encoders.dir/src/encoders.cpp.o[0m
[5.568s] [ 66%] [32m[1mLinking CXX shared library librobp_phidgets_encoders.so[0m
[5.689s] [100%] Built target robp_phidgets_encoders
[5.699s] Invoked command in '/home/group3-robot/robp_group3/build/robp_phidgets_encoders' returned '0': AMENT_PREFIX_PATH=/home/group3-robot/robp_group3/install/robp_interfaces:${AMENT_PREFIX_PATH} CMAKE_PREFIX_PATH=/home/group3-robot/robp_group3/install/robp_interfaces:/home/group3-robot/robp_group3/robp_ws/install/usb_cam:/home/group3-robot/robp_group3/robp_ws/install/sllidar_ros2:/home/group3-robot/robp_group3/robp_ws/install/robp_phidgets_temperature:/home/group3-robot/robp_group3/robp_ws/install/robp_phidgets_spatial:/home/group3-robot/robp_group3/robp_ws/install/robp_phidgets_motors:/home/group3-robot/robp_group3/robp_ws/install/robp_phidgets_encoders:/home/group3-robot/robp_group3/robp_ws/install/robp_interfaces:/opt/ros/jazzy/opt/gz_math_vendor:/opt/ros/jazzy/opt/gz_utils_vendor:/opt/ros/jazzy/opt/gz_cmake_vendor:/home/group3-robot/robp_group3/robp_ws/install/robp_launch:/home/group3-robot/robp_group3/robp_ws/install/odometry:/home/group3-robot/robp_group3/robp_ws/install/robp_boot_camp_launch:/home/group3-robot/robp_group3/robp_ws/install/path_planner:/home/group3-robot/robp_group3/robp_ws/install/mapping:/home/group3-robot/robp_group3/robp_ws/install/map_file:/home/group3-robot/robp_group3/robp_ws/install/joystick_teleop:/home/group3-robot/robp_group3/robp_ws/install/behavior_tree:/home/group3-robot/robp_group3/robp_ws/install/handle_objects:/home/group3-robot/robp_group3/robp_ws/install/arm_servos_pubs_subs:/home/group3-robot/robp_group3/robp_ws/install/arm_controller:/opt/ros/jazzy DEBUGINFOD_URLS=https://debuginfod.ubuntu.com LD_LIBRARY_PATH=/home/group3-robot/robp_group3/install/robp_interfaces/lib:${LD_LIBRARY_PATH} PYTHONPATH=/home/group3-robot/robp_group3/install/robp_interfaces/lib/python3.12/site-packages:${PYTHONPATH} /usr/bin/cmake --build /home/group3-robot/robp_group3/build/robp_phidgets_encoders -- -j8 -l8
[5.699s] Invoking command in '/home/group3-robot/robp_group3/build/robp_phidgets_encoders': AMENT_PREFIX_PATH=/home/group3-robot/robp_group3/install/robp_interfaces:${AMENT_PREFIX_PATH} CMAKE_PREFIX_PATH=/home/group3-robot/robp_group3/install/robp_interfaces:/home/group3-robot/robp_group3/robp_ws/install/usb_cam:/home/group3-robot/robp_group3/robp_ws/install/sllidar_ros2:/home/group3-robot/robp_group3/robp_ws/install/robp_phidgets_temperature:/home/group3-robot/robp_group3/robp_ws/install/robp_phidgets_spatial:/home/group3-robot/robp_group3/robp_ws/install/robp_phidgets_motors:/home/group3-robot/robp_group3/robp_ws/install/robp_phidgets_encoders:/home/group3-robot/robp_group3/robp_ws/install/robp_interfaces:/opt/ros/jazzy/opt/gz_math_vendor:/opt/ros/jazzy/opt/gz_utils_vendor:/opt/ros/jazzy/opt/gz_cmake_vendor:/home/group3-robot/robp_group3/robp_ws/install/robp_launch:/home/group3-robot/robp_group3/robp_ws/install/odometry:/home/group3-robot/robp_group3/robp_ws/install/robp_boot_camp_launch:/home/group3-robot/robp_group3/robp_ws/install/path_planner:/home/group3-robot/robp_group3/robp_ws/install/mapping:/home/group3-robot/robp_group3/robp_ws/install/map_file:/home/group3-robot/robp_group3/robp_ws/install/joystick_teleop:/home/group3-robot/robp_group3/robp_ws/install/behavior_tree:/home/group3-robot/robp_group3/robp_ws/install/handle_objects:/home/group3-robot/robp_group3/robp_ws/install/arm_servos_pubs_subs:/home/group3-robot/robp_group3/robp_ws/install/arm_controller:/opt/ros/jazzy DEBUGINFOD_URLS=https://debuginfod.ubuntu.com LD_LIBRARY_PATH=/home/group3-robot/robp_group3/install/robp_interfaces/lib:${LD_LIBRARY_PATH} PYTHONPATH=/home/group3-robot/robp_group3/install/robp_interfaces/lib/python3.12/site-packages:${PYTHONPATH} /usr/bin/cmake --install /home/group3-robot/robp_group3/build/robp_phidgets_encoders
[5.705s] -- Install configuration: "Release"
[5.706s] -- Execute custom install script
[5.706s] -- Up-to-date symlink: /home/group3-robot/robp_group3/install/robp_phidgets_encoders/lib/librobp_phidgets_encoders.so
[5.706s] -- Up-to-date symlink: /home/group3-robot/robp_group3/install/robp_phidgets_encoders/include/robp_phidgets_encoders/encoder.hpp
[5.706s] -- Up-to-date symlink: /home/group3-robot/robp_group3/install/robp_phidgets_encoders/include/robp_phidgets_encoders/encoders.hpp
[5.706s] -- Up-to-date symlink: /home/group3-robot/robp_group3/install/robp_phidgets_encoders/share/robp_phidgets_encoders/launch/encoders_launch.py
[5.706s] -- Up-to-date symlink: /home/group3-robot/robp_group3/install/robp_phidgets_encoders/share/ament_index/resource_index/package_run_dependencies/robp_phidgets_encoders
[5.707s] -- Up-to-date symlink: /home/group3-robot/robp_group3/install/robp_phidgets_encoders/share/ament_index/resource_index/parent_prefix_path/robp_phidgets_encoders
[5.707s] -- Up-to-date symlink: /home/group3-robot/robp_group3/install/robp_phidgets_encoders/share/robp_phidgets_encoders/environment/ament_prefix_path.sh
[5.707s] -- Up-to-date symlink: /home/group3-robot/robp_group3/install/robp_phidgets_encoders/share/robp_phidgets_encoders/environment/ament_prefix_path.dsv
[5.707s] -- Up-to-date symlink: /home/group3-robot/robp_group3/install/robp_phidgets_encoders/share/robp_phidgets_encoders/environment/path.sh
[5.707s] -- Up-to-date symlink: /home/group3-robot/robp_group3/install/robp_phidgets_encoders/share/robp_phidgets_encoders/environment/path.dsv
[5.707s] -- Up-to-date symlink: /home/group3-robot/robp_group3/install/robp_phidgets_encoders/share/robp_phidgets_encoders/local_setup.bash
[5.707s] -- Up-to-date symlink: /home/group3-robot/robp_group3/install/robp_phidgets_encoders/share/robp_phidgets_encoders/local_setup.sh
[5.707s] -- Up-to-date symlink: /home/group3-robot/robp_group3/install/robp_phidgets_encoders/share/robp_phidgets_encoders/local_setup.zsh
[5.707s] -- Up-to-date symlink: /home/group3-robot/robp_group3/install/robp_phidgets_encoders/share/robp_phidgets_encoders/local_setup.dsv
[5.707s] -- Symlinking: /home/group3-robot/robp_group3/install/robp_phidgets_encoders/share/robp_phidgets_encoders/package.dsv
[5.714s] -- Up-to-date symlink: /home/group3-robot/robp_group3/install/robp_phidgets_encoders/share/ament_index/resource_index/packages/robp_phidgets_encoders
[5.714s] -- Up-to-date symlink: /home/group3-robot/robp_group3/install/robp_phidgets_encoders/share/ament_index/resource_index/rclcpp_components/robp_phidgets_encoders
[5.715s] -- Up-to-date symlink: /home/group3-robot/robp_group3/install/robp_phidgets_encoders/share/robp_phidgets_encoders/cmake/robp_phidgets_encodersConfig.cmake
[5.715s] -- Up-to-date symlink: /home/group3-robot/robp_group3/install/robp_phidgets_encoders/share/robp_phidgets_encoders/cmake/robp_phidgets_encodersConfig-version.cmake
[5.715s] -- Up-to-date symlink: /home/group3-robot/robp_group3/install/robp_phidgets_encoders/share/robp_phidgets_encoders/package.xml
[5.716s] Invoked command in '/home/group3-robot/robp_group3/build/robp_phidgets_encoders' returned '0': AMENT_PREFIX_PATH=/home/group3-robot/robp_group3/install/robp_interfaces:${AMENT_PREFIX_PATH} CMAKE_PREFIX_PATH=/home/group3-robot/robp_group3/install/robp_interfaces:/home/group3-robot/robp_group3/robp_ws/install/usb_cam:/home/group3-robot/robp_group3/robp_ws/install/sllidar_ros2:/home/group3-robot/robp_group3/robp_ws/install/robp_phidgets_temperature:/home/group3-robot/robp_group3/robp_ws/install/robp_phidgets_spatial:/home/group3-robot/robp_group3/robp_ws/install/robp_phidgets_motors:/home/group3-robot/robp_group3/robp_ws/install/robp_phidgets_encoders:/home/group3-robot/robp_group3/robp_ws/install/robp_interfaces:/opt/ros/jazzy/opt/gz_math_vendor:/opt/ros/jazzy/opt/gz_utils_vendor:/opt/ros/jazzy/opt/gz_cmake_vendor:/home/group3-robot/robp_group3/robp_ws/install/robp_launch:/home/group3-robot/robp_group3/robp_ws/install/odometry:/home/group3-robot/robp_group3/robp_ws/install/robp_boot_camp_launch:/home/group3-robot/robp_group3/robp_ws/install/path_planner:/home/group3-robot/robp_group3/robp_ws/install/mapping:/home/group3-robot/robp_group3/robp_ws/install/map_file:/home/group3-robot/robp_group3/robp_ws/install/joystick_teleop:/home/group3-robot/robp_group3/robp_ws/install/behavior_tree:/home/group3-robot/robp_group3/robp_ws/install/handle_objects:/home/group3-robot/robp_group3/robp_ws/install/arm_servos_pubs_subs:/home/group3-robot/robp_group3/robp_ws/install/arm_controller:/opt/ros/jazzy DEBUGINFOD_URLS=https://debuginfod.ubuntu.com LD_LIBRARY_PATH=/home/group3-robot/robp_group3/install/robp_interfaces/lib:${LD_LIBRARY_PATH} PYTHONPATH=/home/group3-robot/robp_group3/install/robp_interfaces/lib/python3.12/site-packages:${PYTHONPATH} /usr/bin/cmake --install /home/group3-robot/robp_group3/build/robp_phidgets_encoders
