[0.220s] Invoking command in '/home/group3-robot/robp_group3/build/micro_ros_msgs': CMAKE_PREFIX_PATH=${CMAKE_PREFIX_PATH}:/home/group3-robot/robp_group3/robp_ws/install/robp_launch:/home/group3-robot/robp_group3/robp_ws/install/odometry:/home/group3-robot/robp_group3/robp_ws/install/path_planner:/home/group3-robot/robp_group3/robp_ws/install/mapping:/home/group3-robot/robp_group3/robp_ws/install/joystick_teleop:/home/group3-robot/robp_group3/robp_ws/install/behavior_tree:/home/group3-robot/robp_group3/robp_ws/install/handle_objects:/home/group3-robot/robp_group3/robp_ws/install/detection:/home/group3-robot/robp_group3/robp_ws/install/arm_servos_pubs_subs:/home/group3-robot/robp_group3/robp_ws/install/arm_controller:/opt/ros/jazzy DEBUGINFOD_URLS=https://debuginfod.ubuntu.com /usr/bin/cmake /home/group3-robot/robp_group3/arm_ws/src/uros/micro_ros_msgs -DAMENT_CMAKE_SYMLINK_INSTALL=1 -DCMAKE_INSTALL_PREFIX=/home/group3-robot/robp_group3/install/micro_ros_msgs
[0.859s] -- The C compiler identification is GNU 13.3.0
[0.859s] -- The CXX compiler identification is GNU 13.3.0
[0.859s] -- Detecting C compiler ABI info
[0.860s] -- Detecting C compiler ABI info - done
[0.860s] -- Check for working C compiler: /usr/bin/cc - skipped
[0.860s] -- Detecting C compile features
[0.860s] -- Detecting C compile features - done
[0.860s] -- Detecting CXX compiler ABI info
[0.860s] -- Detecting CXX compiler ABI info - done
[0.860s] -- Check for working CXX compiler: /usr/bin/c++ - skipped
[0.860s] -- Detecting CXX compile features
[0.860s] -- Detecting CXX compile features - done
[0.860s] -- Found ament_cmake: 2.5.3 (/opt/ros/jazzy/share/ament_cmake/cmake)
[0.860s] -- Found Python3: /usr/bin/python3 (found version "3.12.3") found components: Interpreter 
[0.860s] -- Override CMake install command with custom implementation using symlinks instead of copying resources
[0.861s] -- Found rosidl_default_generators: 1.6.0 (/opt/ros/jazzy/share/rosidl_default_generators/cmake)
[0.873s] -- Using all available rosidl_typesupport_c: rosidl_typesupport_fastrtps_c;rosidl_typesupport_introspection_c
[0.955s] -- Using all available rosidl_typesupport_cpp: rosidl_typesupport_fastrtps_cpp;rosidl_typesupport_introspection_cpp
[1.058s] -- Found rosidl_adapter: 4.6.5 (/opt/ros/jazzy/share/rosidl_adapter/cmake)
[1.065s] -- Found ament_lint_auto: 0.17.1 (/opt/ros/jazzy/share/ament_lint_auto/cmake)
[2.064s] -- Found ament_cmake_ros: 0.12.0 (/opt/ros/jazzy/share/ament_cmake_ros/cmake)
[2.918s] -- Using all available rosidl_typesupport_c: rosidl_typesupport_fastrtps_c;rosidl_typesupport_introspection_c
[3.754s] -- Using all available rosidl_typesupport_cpp: rosidl_typesupport_fastrtps_cpp;rosidl_typesupport_introspection_cpp
[3.766s] -- Found python_cmake_module: 0.11.1 (/opt/ros/jazzy/share/python_cmake_module/cmake)
[4.010s] -- Found PythonExtra: /usr/bin/python3  
[4.960s] -- Found Python3: /usr/bin/python3 (found version "3.12.3") found components: Interpreter Development NumPy Development.Module Development.Embed 
[5.032s] -- Added test 'copyright' to check source files copyright and LICENSE
[5.037s] -- Added test 'lint_cmake' to check CMake code style
[5.042s] -- Added test 'xmllint' to check XML markup files
[5.054s] -- Configuring done (4.8s)
[5.094s] -- Generating done (0.0s)
[5.106s] -- Build files have been written to: /home/group3-robot/robp_group3/build/micro_ros_msgs
[5.116s] Invoked command in '/home/group3-robot/robp_group3/build/micro_ros_msgs' returned '0': CMAKE_PREFIX_PATH=${CMAKE_PREFIX_PATH}:/home/group3-robot/robp_group3/robp_ws/install/robp_launch:/home/group3-robot/robp_group3/robp_ws/install/odometry:/home/group3-robot/robp_group3/robp_ws/install/path_planner:/home/group3-robot/robp_group3/robp_ws/install/mapping:/home/group3-robot/robp_group3/robp_ws/install/joystick_teleop:/home/group3-robot/robp_group3/robp_ws/install/behavior_tree:/home/group3-robot/robp_group3/robp_ws/install/handle_objects:/home/group3-robot/robp_group3/robp_ws/install/detection:/home/group3-robot/robp_group3/robp_ws/install/arm_servos_pubs_subs:/home/group3-robot/robp_group3/robp_ws/install/arm_controller:/opt/ros/jazzy DEBUGINFOD_URLS=https://debuginfod.ubuntu.com /usr/bin/cmake /home/group3-robot/robp_group3/arm_ws/src/uros/micro_ros_msgs -DAMENT_CMAKE_SYMLINK_INSTALL=1 -DCMAKE_INSTALL_PREFIX=/home/group3-robot/robp_group3/install/micro_ros_msgs
[5.116s] Invoking command in '/home/group3-robot/robp_group3/build/micro_ros_msgs': CMAKE_PREFIX_PATH=${CMAKE_PREFIX_PATH}:/home/group3-robot/robp_group3/robp_ws/install/robp_launch:/home/group3-robot/robp_group3/robp_ws/install/odometry:/home/group3-robot/robp_group3/robp_ws/install/path_planner:/home/group3-robot/robp_group3/robp_ws/install/mapping:/home/group3-robot/robp_group3/robp_ws/install/joystick_teleop:/home/group3-robot/robp_group3/robp_ws/install/behavior_tree:/home/group3-robot/robp_group3/robp_ws/install/handle_objects:/home/group3-robot/robp_group3/robp_ws/install/detection:/home/group3-robot/robp_group3/robp_ws/install/arm_servos_pubs_subs:/home/group3-robot/robp_group3/robp_ws/install/arm_controller:/opt/ros/jazzy DEBUGINFOD_URLS=https://debuginfod.ubuntu.com /usr/bin/cmake --build /home/group3-robot/robp_group3/build/micro_ros_msgs -- -j8 -l8
[5.229s] [  1%] [34m[1mGenerating type hashes for ROS interfaces[0m
[5.249s] [  1%] Built target ament_cmake_python_symlink_micro_ros_msgs
[5.614s] running egg_info
[5.615s] creating micro_ros_msgs.egg-info
[5.643s] writing micro_ros_msgs.egg-info/PKG-INFO
[5.644s] writing dependency_links to micro_ros_msgs.egg-info/dependency_links.txt
[5.644s] writing top-level names to micro_ros_msgs.egg-info/top_level.txt
[5.644s] writing manifest file 'micro_ros_msgs.egg-info/SOURCES.txt'
[5.729s] reading manifest file 'micro_ros_msgs.egg-info/SOURCES.txt'
[5.730s] writing manifest file 'micro_ros_msgs.egg-info/SOURCES.txt'
[5.792s] [  1%] Built target ament_cmake_python_build_micro_ros_msgs_egg
[5.823s] [  1%] Built target micro_ros_msgs__rosidl_generator_type_description
[5.845s] [  3%] [34m[1mGenerating C code for ROS interfaces[0m
[5.872s] [  5%] [34m[1mGenerating C++ code for ROS interfaces[0m
[6.674s] [  5%] Built target micro_ros_msgs__cpp
[6.901s] [  7%] [32mBuilding C object CMakeFiles/micro_ros_msgs__rosidl_generator_c.dir/rosidl_generator_c/micro_ros_msgs/msg/detail/graph__type_support.c.o[0m
[6.901s] [  9%] [32mBuilding C object CMakeFiles/micro_ros_msgs__rosidl_generator_c.dir/rosidl_generator_c/micro_ros_msgs/msg/detail/graph__description.c.o[0m
[6.902s] [ 11%] [32mBuilding C object CMakeFiles/micro_ros_msgs__rosidl_generator_c.dir/rosidl_generator_c/micro_ros_msgs/msg/detail/node__functions.c.o[0m
[6.904s] [ 12%] [32mBuilding C object CMakeFiles/micro_ros_msgs__rosidl_generator_c.dir/rosidl_generator_c/micro_ros_msgs/msg/detail/node__description.c.o[0m
[6.907s] [ 14%] [32mBuilding C object CMakeFiles/micro_ros_msgs__rosidl_generator_c.dir/rosidl_generator_c/micro_ros_msgs/msg/detail/graph__functions.c.o[0m
[6.919s] [ 16%] [32mBuilding C object CMakeFiles/micro_ros_msgs__rosidl_generator_c.dir/rosidl_generator_c/micro_ros_msgs/msg/detail/node__type_support.c.o[0m
[6.919s] [ 18%] [32mBuilding C object CMakeFiles/micro_ros_msgs__rosidl_generator_c.dir/rosidl_generator_c/micro_ros_msgs/msg/detail/entity__description.c.o[0m
[6.920s] [ 20%] [32mBuilding C object CMakeFiles/micro_ros_msgs__rosidl_generator_c.dir/rosidl_generator_c/micro_ros_msgs/msg/detail/entity__functions.c.o[0m
[6.991s] [ 22%] [32mBuilding C object CMakeFiles/micro_ros_msgs__rosidl_generator_c.dir/rosidl_generator_c/micro_ros_msgs/msg/detail/entity__type_support.c.o[0m
[7.091s] [ 24%] [32m[1mLinking C shared library libmicro_ros_msgs__rosidl_generator_c.so[0m
[7.167s] [ 24%] Built target micro_ros_msgs__rosidl_generator_c
[7.196s] [ 25%] [34m[1mGenerating C++ type support dispatch for ROS interfaces[0m
[7.196s] [ 27%] [34m[1mGenerating C type support dispatch for ROS interfaces[0m
[7.203s] [ 29%] [34m[1mGenerating C++ type support for eProsima Fast-RTPS[0m
[7.206s] [ 31%] [34m[1mGenerating C type support for eProsima Fast-RTPS[0m
[7.215s] [ 33%] [34m[1mGenerating C introspection for ROS interfaces[0m
[7.215s] [ 35%] [34m[1mGenerating C++ introspection for ROS interfaces[0m
[7.897s] [ 37%] [32mBuilding CXX object CMakeFiles/micro_ros_msgs__rosidl_typesupport_cpp.dir/rosidl_typesupport_cpp/micro_ros_msgs/msg/graph__type_support.cpp.o[0m
[7.925s] [ 38%] [32mBuilding CXX object CMakeFiles/micro_ros_msgs__rosidl_typesupport_cpp.dir/rosidl_typesupport_cpp/micro_ros_msgs/msg/node__type_support.cpp.o[0m
[7.937s] [ 40%] [32mBuilding CXX object CMakeFiles/micro_ros_msgs__rosidl_typesupport_cpp.dir/rosidl_typesupport_cpp/micro_ros_msgs/msg/entity__type_support.cpp.o[0m
[8.025s] [ 42%] [32mBuilding CXX object CMakeFiles/micro_ros_msgs__rosidl_typesupport_c.dir/rosidl_typesupport_c/micro_ros_msgs/msg/graph__type_support.cpp.o[0m
[8.209s] [ 44%] [32mBuilding CXX object CMakeFiles/micro_ros_msgs__rosidl_typesupport_c.dir/rosidl_typesupport_c/micro_ros_msgs/msg/node__type_support.cpp.o[0m
[8.303s] [ 46%] [32mBuilding CXX object CMakeFiles/micro_ros_msgs__rosidl_typesupport_c.dir/rosidl_typesupport_c/micro_ros_msgs/msg/entity__type_support.cpp.o[0m
[8.391s] [ 48%] [32mBuilding C object CMakeFiles/micro_ros_msgs__rosidl_typesupport_introspection_c.dir/rosidl_typesupport_introspection_c/micro_ros_msgs/msg/detail/graph__type_support.c.o[0m
[8.405s] [ 50%] [32m[1mLinking CXX shared library libmicro_ros_msgs__rosidl_typesupport_c.so[0m
[8.486s] [ 51%] [32mBuilding C object CMakeFiles/micro_ros_msgs__rosidl_typesupport_introspection_c.dir/rosidl_typesupport_introspection_c/micro_ros_msgs/msg/detail/node__type_support.c.o[0m
[8.530s] [ 51%] Built target micro_ros_msgs__rosidl_typesupport_c
[8.576s] [ 53%] [32mBuilding CXX object CMakeFiles/micro_ros_msgs__rosidl_typesupport_fastrtps_cpp.dir/rosidl_typesupport_fastrtps_cpp/micro_ros_msgs/msg/detail/dds_fastrtps/graph__type_support.cpp.o[0m
[8.576s] [ 55%] [32mBuilding C object CMakeFiles/micro_ros_msgs__rosidl_typesupport_introspection_c.dir/rosidl_typesupport_introspection_c/micro_ros_msgs/msg/detail/entity__type_support.c.o[0m
[8.626s] [ 57%] [32mBuilding CXX object CMakeFiles/micro_ros_msgs__rosidl_typesupport_fastrtps_cpp.dir/rosidl_typesupport_fastrtps_cpp/micro_ros_msgs/msg/detail/dds_fastrtps/node__type_support.cpp.o[0m
[8.708s] [ 59%] [32mBuilding CXX object CMakeFiles/micro_ros_msgs__rosidl_typesupport_introspection_cpp.dir/rosidl_typesupport_introspection_cpp/micro_ros_msgs/msg/detail/graph__type_support.cpp.o[0m
[8.779s] [ 61%] [32m[1mLinking C shared library libmicro_ros_msgs__rosidl_typesupport_introspection_c.so[0m
[8.911s] [ 61%] Built target micro_ros_msgs__rosidl_typesupport_introspection_c
[8.950s] [ 62%] [32mBuilding CXX object CMakeFiles/micro_ros_msgs__rosidl_typesupport_fastrtps_cpp.dir/rosidl_typesupport_fastrtps_cpp/micro_ros_msgs/msg/detail/dds_fastrtps/entity__type_support.cpp.o[0m
[8.994s] [ 64%] [32mBuilding CXX object CMakeFiles/micro_ros_msgs__rosidl_typesupport_introspection_cpp.dir/rosidl_typesupport_introspection_cpp/micro_ros_msgs/msg/detail/node__type_support.cpp.o[0m
[9.036s] [ 66%] [32mBuilding CXX object CMakeFiles/micro_ros_msgs__rosidl_typesupport_fastrtps_c.dir/rosidl_typesupport_fastrtps_c/micro_ros_msgs/msg/detail/graph__type_support_c.cpp.o[0m
[9.117s] [ 68%] [32mBuilding CXX object CMakeFiles/micro_ros_msgs__rosidl_typesupport_introspection_cpp.dir/rosidl_typesupport_introspection_cpp/micro_ros_msgs/msg/detail/entity__type_support.cpp.o[0m
[9.337s] [ 70%] [32m[1mLinking CXX shared library libmicro_ros_msgs__rosidl_typesupport_cpp.so[0m
[9.507s] [ 70%] Built target micro_ros_msgs__rosidl_typesupport_cpp
[9.561s] [ 72%] [32mBuilding CXX object CMakeFiles/micro_ros_msgs__rosidl_typesupport_fastrtps_c.dir/rosidl_typesupport_fastrtps_c/micro_ros_msgs/msg/detail/node__type_support_c.cpp.o[0m
[10.570s] [ 74%] [32mBuilding CXX object CMakeFiles/micro_ros_msgs__rosidl_typesupport_fastrtps_c.dir/rosidl_typesupport_fastrtps_c/micro_ros_msgs/msg/detail/entity__type_support_c.cpp.o[0m
[11.372s] [ 75%] [32m[1mLinking CXX shared library libmicro_ros_msgs__rosidl_typesupport_introspection_cpp.so[0m
[11.605s] [ 75%] Built target micro_ros_msgs__rosidl_typesupport_introspection_cpp
[12.304s] [ 77%] [32m[1mLinking CXX shared library libmicro_ros_msgs__rosidl_typesupport_fastrtps_cpp.so[0m
[12.571s] [ 79%] [32m[1mLinking CXX shared library libmicro_ros_msgs__rosidl_typesupport_fastrtps_c.so[0m
[12.771s] [ 79%] Built target micro_ros_msgs__rosidl_typesupport_fastrtps_c
[12.875s] [ 79%] Built target micro_ros_msgs__rosidl_typesupport_fastrtps_cpp
[12.964s] [ 79%] Built target micro_ros_msgs
[13.062s] [ 81%] [34m[1mGenerating Python code for ROS interfaces[0m
[15.778s] [ 81%] Built target micro_ros_msgs__py
[15.869s] [ 83%] [32mBuilding C object CMakeFiles/micro_ros_msgs__rosidl_generator_py.dir/rosidl_generator_py/micro_ros_msgs/msg/_graph_s.c.o[0m
[15.882s] [ 85%] [32mBuilding C object CMakeFiles/micro_ros_msgs__rosidl_generator_py.dir/rosidl_generator_py/micro_ros_msgs/msg/_entity_s.c.o[0m
[15.894s] [ 87%] [32mBuilding C object CMakeFiles/micro_ros_msgs__rosidl_generator_py.dir/rosidl_generator_py/micro_ros_msgs/msg/_node_s.c.o[0m
[16.473s] [ 88%] [32m[1mLinking C shared library libmicro_ros_msgs__rosidl_generator_py.so[0m
[16.599s] [ 88%] Built target micro_ros_msgs__rosidl_generator_py
[16.669s] [ 90%] [32mBuilding C object CMakeFiles/micro_ros_msgs_s__rosidl_typesupport_fastrtps_c.dir/rosidl_generator_py/micro_ros_msgs/_micro_ros_msgs_s.ep.rosidl_typesupport_fastrtps_c.c.o[0m
[16.687s] [ 92%] [32mBuilding C object CMakeFiles/micro_ros_msgs_s__rosidl_typesupport_introspection_c.dir/rosidl_generator_py/micro_ros_msgs/_micro_ros_msgs_s.ep.rosidl_typesupport_introspection_c.c.o[0m
[16.693s] [ 94%] [32mBuilding C object CMakeFiles/micro_ros_msgs_s__rosidl_typesupport_c.dir/rosidl_generator_py/micro_ros_msgs/_micro_ros_msgs_s.ep.rosidl_typesupport_c.c.o[0m
[17.247s] [ 96%] [32m[1mLinking C shared module rosidl_generator_py/micro_ros_msgs/micro_ros_msgs_s__rosidl_typesupport_fastrtps_c.so[0m
[17.248s] [ 98%] [32m[1mLinking C shared module rosidl_generator_py/micro_ros_msgs/micro_ros_msgs_s__rosidl_typesupport_c.so[0m
[17.281s] [100%] [32m[1mLinking C shared module rosidl_generator_py/micro_ros_msgs/micro_ros_msgs_s__rosidl_typesupport_introspection_c.so[0m
[17.356s] [100%] Built target micro_ros_msgs_s__rosidl_typesupport_c
[17.386s] [100%] Built target micro_ros_msgs_s__rosidl_typesupport_fastrtps_c
[17.400s] [100%] Built target micro_ros_msgs_s__rosidl_typesupport_introspection_c
[17.448s] Invoked command in '/home/group3-robot/robp_group3/build/micro_ros_msgs' returned '0': CMAKE_PREFIX_PATH=${CMAKE_PREFIX_PATH}:/home/group3-robot/robp_group3/robp_ws/install/robp_launch:/home/group3-robot/robp_group3/robp_ws/install/odometry:/home/group3-robot/robp_group3/robp_ws/install/path_planner:/home/group3-robot/robp_group3/robp_ws/install/mapping:/home/group3-robot/robp_group3/robp_ws/install/joystick_teleop:/home/group3-robot/robp_group3/robp_ws/install/behavior_tree:/home/group3-robot/robp_group3/robp_ws/install/handle_objects:/home/group3-robot/robp_group3/robp_ws/install/detection:/home/group3-robot/robp_group3/robp_ws/install/arm_servos_pubs_subs:/home/group3-robot/robp_group3/robp_ws/install/arm_controller:/opt/ros/jazzy DEBUGINFOD_URLS=https://debuginfod.ubuntu.com /usr/bin/cmake --build /home/group3-robot/robp_group3/build/micro_ros_msgs -- -j8 -l8
[17.448s] Invoking command in '/home/group3-robot/robp_group3/build/micro_ros_msgs': CMAKE_PREFIX_PATH=${CMAKE_PREFIX_PATH}:/home/group3-robot/robp_group3/robp_ws/install/robp_launch:/home/group3-robot/robp_group3/robp_ws/install/odometry:/home/group3-robot/robp_group3/robp_ws/install/path_planner:/home/group3-robot/robp_group3/robp_ws/install/mapping:/home/group3-robot/robp_group3/robp_ws/install/joystick_teleop:/home/group3-robot/robp_group3/robp_ws/install/behavior_tree:/home/group3-robot/robp_group3/robp_ws/install/handle_objects:/home/group3-robot/robp_group3/robp_ws/install/detection:/home/group3-robot/robp_group3/robp_ws/install/arm_servos_pubs_subs:/home/group3-robot/robp_group3/robp_ws/install/arm_controller:/opt/ros/jazzy DEBUGINFOD_URLS=https://debuginfod.ubuntu.com /usr/bin/cmake --install /home/group3-robot/robp_group3/build/micro_ros_msgs
[17.466s] -- Install configuration: ""
[17.466s] -- Execute custom install script
[17.472s] -- Symlinking: /home/group3-robot/robp_group3/install/micro_ros_msgs/share/ament_index/resource_index/rosidl_interfaces/micro_ros_msgs
[17.518s] -- Symlinking: /home/group3-robot/robp_group3/install/micro_ros_msgs/share/micro_ros_msgs/msg/Graph.json
[17.552s] -- Symlinking: /home/group3-robot/robp_group3/install/micro_ros_msgs/share/micro_ros_msgs/msg/Node.json
[17.576s] -- Symlinking: /home/group3-robot/robp_group3/install/micro_ros_msgs/share/micro_ros_msgs/msg/Entity.json
[17.598s] -- Symlinking: /home/group3-robot/robp_group3/install/micro_ros_msgs/include/micro_ros_msgs/micro_ros_msgs/msg/detail/entity__functions.h
[17.621s] -- Symlinking: /home/group3-robot/robp_group3/install/micro_ros_msgs/include/micro_ros_msgs/micro_ros_msgs/msg/detail/entity__struct.h
[17.646s] -- Symlinking: /home/group3-robot/robp_group3/install/micro_ros_msgs/include/micro_ros_msgs/micro_ros_msgs/msg/detail/entity__type_support.h
[17.668s] -- Symlinking: /home/group3-robot/robp_group3/install/micro_ros_msgs/include/micro_ros_msgs/micro_ros_msgs/msg/detail/graph__functions.h
[17.689s] -- Symlinking: /home/group3-robot/robp_group3/install/micro_ros_msgs/include/micro_ros_msgs/micro_ros_msgs/msg/detail/graph__struct.h
[17.713s] -- Symlinking: /home/group3-robot/robp_group3/install/micro_ros_msgs/include/micro_ros_msgs/micro_ros_msgs/msg/detail/graph__type_support.h
[17.739s] -- Symlinking: /home/group3-robot/robp_group3/install/micro_ros_msgs/include/micro_ros_msgs/micro_ros_msgs/msg/detail/node__functions.h
[17.762s] -- Symlinking: /home/group3-robot/robp_group3/install/micro_ros_msgs/include/micro_ros_msgs/micro_ros_msgs/msg/detail/node__struct.h
[17.799s] -- Symlinking: /home/group3-robot/robp_group3/install/micro_ros_msgs/include/micro_ros_msgs/micro_ros_msgs/msg/detail/node__type_support.h
[17.824s] -- Symlinking: /home/group3-robot/robp_group3/install/micro_ros_msgs/include/micro_ros_msgs/micro_ros_msgs/msg/entity.h
[17.857s] -- Symlinking: /home/group3-robot/robp_group3/install/micro_ros_msgs/include/micro_ros_msgs/micro_ros_msgs/msg/graph.h
[17.883s] -- Symlinking: /home/group3-robot/robp_group3/install/micro_ros_msgs/include/micro_ros_msgs/micro_ros_msgs/msg/node.h
[17.910s] -- Symlinking: /home/group3-robot/robp_group3/install/micro_ros_msgs/include/micro_ros_msgs/micro_ros_msgs/msg/rosidl_generator_c__visibility_control.h
[17.935s] -- Symlinking: /home/group3-robot/robp_group3/install/micro_ros_msgs/share/micro_ros_msgs/environment/library_path.sh
[17.952s] -- Symlinking: /home/group3-robot/robp_group3/install/micro_ros_msgs/share/micro_ros_msgs/environment/library_path.dsv
[17.977s] -- Symlinking: /home/group3-robot/robp_group3/install/micro_ros_msgs/include/micro_ros_msgs/micro_ros_msgs/msg/detail/entity__rosidl_typesupport_fastrtps_c.h
[17.998s] -- Symlinking: /home/group3-robot/robp_group3/install/micro_ros_msgs/include/micro_ros_msgs/micro_ros_msgs/msg/detail/graph__rosidl_typesupport_fastrtps_c.h
[18.024s] -- Symlinking: /home/group3-robot/robp_group3/install/micro_ros_msgs/include/micro_ros_msgs/micro_ros_msgs/msg/detail/node__rosidl_typesupport_fastrtps_c.h
[18.050s] -- Symlinking: /home/group3-robot/robp_group3/install/micro_ros_msgs/include/micro_ros_msgs/micro_ros_msgs/msg/rosidl_typesupport_fastrtps_c__visibility_control.h
[18.078s] -- Symlinking: /home/group3-robot/robp_group3/install/micro_ros_msgs/include/micro_ros_msgs/micro_ros_msgs/msg/detail/entity__rosidl_typesupport_introspection_c.h
[18.102s] -- Symlinking: /home/group3-robot/robp_group3/install/micro_ros_msgs/include/micro_ros_msgs/micro_ros_msgs/msg/detail/graph__rosidl_typesupport_introspection_c.h
[18.121s] -- Symlinking: /home/group3-robot/robp_group3/install/micro_ros_msgs/include/micro_ros_msgs/micro_ros_msgs/msg/detail/node__rosidl_typesupport_introspection_c.h
[18.148s] -- Symlinking: /home/group3-robot/robp_group3/install/micro_ros_msgs/include/micro_ros_msgs/micro_ros_msgs/msg/rosidl_typesupport_introspection_c__visibility_control.h
[18.171s] -- Symlinking: /home/group3-robot/robp_group3/install/micro_ros_msgs/include/micro_ros_msgs/micro_ros_msgs/msg/detail/entity__builder.hpp
[18.195s] -- Symlinking: /home/group3-robot/robp_group3/install/micro_ros_msgs/include/micro_ros_msgs/micro_ros_msgs/msg/detail/entity__struct.hpp
[18.215s] -- Symlinking: /home/group3-robot/robp_group3/install/micro_ros_msgs/include/micro_ros_msgs/micro_ros_msgs/msg/detail/entity__traits.hpp
[18.236s] -- Symlinking: /home/group3-robot/robp_group3/install/micro_ros_msgs/include/micro_ros_msgs/micro_ros_msgs/msg/detail/entity__type_support.hpp
[18.258s] -- Symlinking: /home/group3-robot/robp_group3/install/micro_ros_msgs/include/micro_ros_msgs/micro_ros_msgs/msg/detail/graph__builder.hpp
[18.278s] -- Symlinking: /home/group3-robot/robp_group3/install/micro_ros_msgs/include/micro_ros_msgs/micro_ros_msgs/msg/detail/graph__struct.hpp
[18.303s] -- Symlinking: /home/group3-robot/robp_group3/install/micro_ros_msgs/include/micro_ros_msgs/micro_ros_msgs/msg/detail/graph__traits.hpp
[18.330s] -- Symlinking: /home/group3-robot/robp_group3/install/micro_ros_msgs/include/micro_ros_msgs/micro_ros_msgs/msg/detail/graph__type_support.hpp
[18.351s] -- Symlinking: /home/group3-robot/robp_group3/install/micro_ros_msgs/include/micro_ros_msgs/micro_ros_msgs/msg/detail/node__builder.hpp
[18.365s] -- Symlinking: /home/group3-robot/robp_group3/install/micro_ros_msgs/include/micro_ros_msgs/micro_ros_msgs/msg/detail/node__struct.hpp
[18.373s] -- Symlinking: /home/group3-robot/robp_group3/install/micro_ros_msgs/include/micro_ros_msgs/micro_ros_msgs/msg/detail/node__traits.hpp
[18.387s] -- Symlinking: /home/group3-robot/robp_group3/install/micro_ros_msgs/include/micro_ros_msgs/micro_ros_msgs/msg/detail/node__type_support.hpp
[18.395s] -- Symlinking: /home/group3-robot/robp_group3/install/micro_ros_msgs/include/micro_ros_msgs/micro_ros_msgs/msg/entity.hpp
[18.407s] -- Symlinking: /home/group3-robot/robp_group3/install/micro_ros_msgs/include/micro_ros_msgs/micro_ros_msgs/msg/graph.hpp
[18.418s] -- Symlinking: /home/group3-robot/robp_group3/install/micro_ros_msgs/include/micro_ros_msgs/micro_ros_msgs/msg/node.hpp
[18.431s] -- Symlinking: /home/group3-robot/robp_group3/install/micro_ros_msgs/include/micro_ros_msgs/micro_ros_msgs/msg/rosidl_generator_cpp__visibility_control.hpp
[18.443s] -- Symlinking: /home/group3-robot/robp_group3/install/micro_ros_msgs/include/micro_ros_msgs/micro_ros_msgs/msg/detail/entity__rosidl_typesupport_fastrtps_cpp.hpp
[18.455s] -- Symlinking: /home/group3-robot/robp_group3/install/micro_ros_msgs/include/micro_ros_msgs/micro_ros_msgs/msg/detail/graph__rosidl_typesupport_fastrtps_cpp.hpp
[18.467s] -- Symlinking: /home/group3-robot/robp_group3/install/micro_ros_msgs/include/micro_ros_msgs/micro_ros_msgs/msg/detail/node__rosidl_typesupport_fastrtps_cpp.hpp
[18.478s] -- Symlinking: /home/group3-robot/robp_group3/install/micro_ros_msgs/include/micro_ros_msgs/micro_ros_msgs/msg/rosidl_typesupport_fastrtps_cpp__visibility_control.h
[18.494s] -- Symlinking: /home/group3-robot/robp_group3/install/micro_ros_msgs/include/micro_ros_msgs/micro_ros_msgs/msg/detail/entity__rosidl_typesupport_introspection_cpp.hpp
[18.506s] -- Symlinking: /home/group3-robot/robp_group3/install/micro_ros_msgs/include/micro_ros_msgs/micro_ros_msgs/msg/detail/graph__rosidl_typesupport_introspection_cpp.hpp
[18.519s] -- Symlinking: /home/group3-robot/robp_group3/install/micro_ros_msgs/include/micro_ros_msgs/micro_ros_msgs/msg/detail/node__rosidl_typesupport_introspection_cpp.hpp
[18.531s] -- Symlinking: /home/group3-robot/robp_group3/install/micro_ros_msgs/share/micro_ros_msgs/environment/pythonpath.sh
[18.543s] -- Symlinking: /home/group3-robot/robp_group3/install/micro_ros_msgs/share/micro_ros_msgs/environment/pythonpath.dsv
[18.557s] -- Symlinking: /home/group3-robot/robp_group3/install/micro_ros_msgs/lib/python3.12/site-packages/micro_ros_msgs-5.0.2-py3.12.egg-info/PKG-INFO
[18.578s] -- Symlinking: /home/group3-robot/robp_group3/install/micro_ros_msgs/lib/python3.12/site-packages/micro_ros_msgs-5.0.2-py3.12.egg-info/SOURCES.txt
[18.601s] -- Symlinking: /home/group3-robot/robp_group3/install/micro_ros_msgs/lib/python3.12/site-packages/micro_ros_msgs-5.0.2-py3.12.egg-info/dependency_links.txt
[18.622s] -- Symlinking: /home/group3-robot/robp_group3/install/micro_ros_msgs/lib/python3.12/site-packages/micro_ros_msgs-5.0.2-py3.12.egg-info/top_level.txt
[18.638s] -- Symlinking: /home/group3-robot/robp_group3/install/micro_ros_msgs/lib/python3.12/site-packages/micro_ros_msgs/__init__.py
[18.656s] -- Symlinking: /home/group3-robot/robp_group3/install/micro_ros_msgs/lib/python3.12/site-packages/micro_ros_msgs/_micro_ros_msgs_s.ep.rosidl_typesupport_c.c
[18.668s] -- Symlinking: /home/group3-robot/robp_group3/install/micro_ros_msgs/lib/python3.12/site-packages/micro_ros_msgs/_micro_ros_msgs_s.ep.rosidl_typesupport_fastrtps_c.c
[18.680s] -- Symlinking: /home/group3-robot/robp_group3/install/micro_ros_msgs/lib/python3.12/site-packages/micro_ros_msgs/_micro_ros_msgs_s.ep.rosidl_typesupport_introspection_c.c
[18.693s] -- Symlinking: /home/group3-robot/robp_group3/install/micro_ros_msgs/lib/python3.12/site-packages/micro_ros_msgs/micro_ros_msgs_s__rosidl_typesupport_c.so
[18.704s] -- Symlinking: /home/group3-robot/robp_group3/install/micro_ros_msgs/lib/python3.12/site-packages/micro_ros_msgs/micro_ros_msgs_s__rosidl_typesupport_fastrtps_c.so
[18.721s] -- Symlinking: /home/group3-robot/robp_group3/install/micro_ros_msgs/lib/python3.12/site-packages/micro_ros_msgs/micro_ros_msgs_s__rosidl_typesupport_introspection_c.so
[18.729s] -- Symlinking: /home/group3-robot/robp_group3/install/micro_ros_msgs/lib/python3.12/site-packages/micro_ros_msgs/msg/__init__.py
[18.741s] -- Symlinking: /home/group3-robot/robp_group3/install/micro_ros_msgs/lib/python3.12/site-packages/micro_ros_msgs/msg/_entity.py
[18.753s] -- Symlinking: /home/group3-robot/robp_group3/install/micro_ros_msgs/lib/python3.12/site-packages/micro_ros_msgs/msg/_entity_s.c
[18.765s] -- Symlinking: /home/group3-robot/robp_group3/install/micro_ros_msgs/lib/python3.12/site-packages/micro_ros_msgs/msg/_graph.py
[18.776s] -- Symlinking: /home/group3-robot/robp_group3/install/micro_ros_msgs/lib/python3.12/site-packages/micro_ros_msgs/msg/_graph_s.c
[18.789s] -- Symlinking: /home/group3-robot/robp_group3/install/micro_ros_msgs/lib/python3.12/site-packages/micro_ros_msgs/msg/_node.py
[18.800s] -- Symlinking: /home/group3-robot/robp_group3/install/micro_ros_msgs/lib/python3.12/site-packages/micro_ros_msgs/msg/_node_s.c
[18.812s] -- Up-to-date symlink: /home/group3-robot/robp_group3/install/micro_ros_msgs/lib/python3.12/site-packages/micro_ros_msgs/micro_ros_msgs_s__rosidl_typesupport_fastrtps_c.so
[18.813s] -- Up-to-date symlink: /home/group3-robot/robp_group3/install/micro_ros_msgs/lib/python3.12/site-packages/micro_ros_msgs/micro_ros_msgs_s__rosidl_typesupport_introspection_c.so
[18.813s] -- Up-to-date symlink: /home/group3-robot/robp_group3/install/micro_ros_msgs/lib/python3.12/site-packages/micro_ros_msgs/micro_ros_msgs_s__rosidl_typesupport_c.so
[18.813s] -- Symlinking: /home/group3-robot/robp_group3/install/micro_ros_msgs/share/micro_ros_msgs/msg/Graph.idl
[18.829s] -- Symlinking: /home/group3-robot/robp_group3/install/micro_ros_msgs/share/micro_ros_msgs/msg/Node.idl
[18.836s] -- Symlinking: /home/group3-robot/robp_group3/install/micro_ros_msgs/share/micro_ros_msgs/msg/Entity.idl
[18.853s] -- Symlinking: /home/group3-robot/robp_group3/install/micro_ros_msgs/share/micro_ros_msgs/msg/Graph.msg
[18.866s] -- Symlinking: /home/group3-robot/robp_group3/install/micro_ros_msgs/share/micro_ros_msgs/msg/Node.msg
[18.885s] -- Symlinking: /home/group3-robot/robp_group3/install/micro_ros_msgs/share/micro_ros_msgs/msg/Entity.msg
[18.899s] -- Symlinking: /home/group3-robot/robp_group3/install/micro_ros_msgs/share/ament_index/resource_index/package_run_dependencies/micro_ros_msgs
[18.917s] -- Symlinking: /home/group3-robot/robp_group3/install/micro_ros_msgs/share/ament_index/resource_index/parent_prefix_path/micro_ros_msgs
[18.924s] -- Symlinking: /home/group3-robot/robp_group3/install/micro_ros_msgs/share/micro_ros_msgs/environment/ament_prefix_path.sh
[18.935s] -- Symlinking: /home/group3-robot/robp_group3/install/micro_ros_msgs/share/micro_ros_msgs/environment/ament_prefix_path.dsv
[18.950s] -- Symlinking: /home/group3-robot/robp_group3/install/micro_ros_msgs/share/micro_ros_msgs/environment/path.sh
[18.958s] -- Symlinking: /home/group3-robot/robp_group3/install/micro_ros_msgs/share/micro_ros_msgs/environment/path.dsv
[18.979s] -- Symlinking: /home/group3-robot/robp_group3/install/micro_ros_msgs/share/micro_ros_msgs/local_setup.bash
[18.992s] -- Symlinking: /home/group3-robot/robp_group3/install/micro_ros_msgs/share/micro_ros_msgs/local_setup.sh
[19.006s] -- Symlinking: /home/group3-robot/robp_group3/install/micro_ros_msgs/share/micro_ros_msgs/local_setup.zsh
[19.017s] -- Symlinking: /home/group3-robot/robp_group3/install/micro_ros_msgs/share/micro_ros_msgs/local_setup.dsv
[19.042s] -- Symlinking: /home/group3-robot/robp_group3/install/micro_ros_msgs/share/micro_ros_msgs/package.dsv
[19.053s] -- Symlinking: /home/group3-robot/robp_group3/install/micro_ros_msgs/share/ament_index/resource_index/packages/micro_ros_msgs
[19.064s] -- Symlinking: /home/group3-robot/robp_group3/install/micro_ros_msgs/share/micro_ros_msgs/cmake/rosidl_cmake-extras.cmake
[19.076s] -- Symlinking: /home/group3-robot/robp_group3/install/micro_ros_msgs/share/micro_ros_msgs/cmake/ament_cmake_export_include_directories-extras.cmake
[19.089s] -- Symlinking: /home/group3-robot/robp_group3/install/micro_ros_msgs/share/micro_ros_msgs/cmake/ament_cmake_export_libraries-extras.cmake
[19.101s] -- Symlinking: /home/group3-robot/robp_group3/install/micro_ros_msgs/share/micro_ros_msgs/cmake/ament_cmake_export_targets-extras.cmake
[19.112s] -- Symlinking: /home/group3-robot/robp_group3/install/micro_ros_msgs/share/micro_ros_msgs/cmake/rosidl_cmake_export_typesupport_targets-extras.cmake
[19.124s] -- Symlinking: /home/group3-robot/robp_group3/install/micro_ros_msgs/share/micro_ros_msgs/cmake/ament_cmake_export_dependencies-extras.cmake
[19.136s] -- Symlinking: /home/group3-robot/robp_group3/install/micro_ros_msgs/share/micro_ros_msgs/cmake/rosidl_cmake_export_typesupport_libraries-extras.cmake
[19.147s] -- Symlinking: /home/group3-robot/robp_group3/install/micro_ros_msgs/share/micro_ros_msgs/cmake/micro_ros_msgsConfig.cmake
[19.159s] -- Symlinking: /home/group3-robot/robp_group3/install/micro_ros_msgs/share/micro_ros_msgs/cmake/micro_ros_msgsConfig-version.cmake
[19.171s] -- Symlinking: /home/group3-robot/robp_group3/install/micro_ros_msgs/share/micro_ros_msgs/package.xml
[19.182s] -- Installing: /home/group3-robot/robp_group3/install/micro_ros_msgs/lib/libmicro_ros_msgs__rosidl_generator_c.so
[19.183s] -- Set non-toolchain portion of runtime path of "/home/group3-robot/robp_group3/install/micro_ros_msgs/lib/libmicro_ros_msgs__rosidl_generator_c.so" to ""
[19.184s] -- Installing: /home/group3-robot/robp_group3/install/micro_ros_msgs/lib/libmicro_ros_msgs__rosidl_typesupport_fastrtps_c.so
[19.184s] -- Set non-toolchain portion of runtime path of "/home/group3-robot/robp_group3/install/micro_ros_msgs/lib/libmicro_ros_msgs__rosidl_typesupport_fastrtps_c.so" to ""
[19.184s] -- Installing: /home/group3-robot/robp_group3/install/micro_ros_msgs/lib/libmicro_ros_msgs__rosidl_typesupport_introspection_c.so
[19.185s] -- Set non-toolchain portion of runtime path of "/home/group3-robot/robp_group3/install/micro_ros_msgs/lib/libmicro_ros_msgs__rosidl_typesupport_introspection_c.so" to ""
[19.185s] -- Installing: /home/group3-robot/robp_group3/install/micro_ros_msgs/lib/libmicro_ros_msgs__rosidl_typesupport_c.so
[19.186s] -- Set non-toolchain portion of runtime path of "/home/group3-robot/robp_group3/install/micro_ros_msgs/lib/libmicro_ros_msgs__rosidl_typesupport_c.so" to ""
[19.186s] -- Installing: /home/group3-robot/robp_group3/install/micro_ros_msgs/lib/libmicro_ros_msgs__rosidl_typesupport_fastrtps_cpp.so
[19.187s] -- Set non-toolchain portion of runtime path of "/home/group3-robot/robp_group3/install/micro_ros_msgs/lib/libmicro_ros_msgs__rosidl_typesupport_fastrtps_cpp.so" to ""
[19.187s] -- Installing: /home/group3-robot/robp_group3/install/micro_ros_msgs/lib/libmicro_ros_msgs__rosidl_typesupport_introspection_cpp.so
[19.188s] -- Set non-toolchain portion of runtime path of "/home/group3-robot/robp_group3/install/micro_ros_msgs/lib/libmicro_ros_msgs__rosidl_typesupport_introspection_cpp.so" to ""
[19.188s] -- Installing: /home/group3-robot/robp_group3/install/micro_ros_msgs/lib/libmicro_ros_msgs__rosidl_typesupport_cpp.so
[19.189s] -- Set non-toolchain portion of runtime path of "/home/group3-robot/robp_group3/install/micro_ros_msgs/lib/libmicro_ros_msgs__rosidl_typesupport_cpp.so" to ""
[19.275s] Listing '/home/group3-robot/robp_group3/install/micro_ros_msgs/lib/python3.12/site-packages/micro_ros_msgs'...
[19.275s] Compiling '/home/group3-robot/robp_group3/install/micro_ros_msgs/lib/python3.12/site-packages/micro_ros_msgs/__init__.py'...
[19.275s] Listing '/home/group3-robot/robp_group3/install/micro_ros_msgs/lib/python3.12/site-packages/micro_ros_msgs/msg'...
[19.275s] Compiling '/home/group3-robot/robp_group3/install/micro_ros_msgs/lib/python3.12/site-packages/micro_ros_msgs/msg/__init__.py'...
[19.275s] Compiling '/home/group3-robot/robp_group3/install/micro_ros_msgs/lib/python3.12/site-packages/micro_ros_msgs/msg/_entity.py'...
[19.275s] Compiling '/home/group3-robot/robp_group3/install/micro_ros_msgs/lib/python3.12/site-packages/micro_ros_msgs/msg/_graph.py'...
[19.275s] Compiling '/home/group3-robot/robp_group3/install/micro_ros_msgs/lib/python3.12/site-packages/micro_ros_msgs/msg/_node.py'...
[19.287s] -- Installing: /home/group3-robot/robp_group3/install/micro_ros_msgs/lib/libmicro_ros_msgs__rosidl_generator_py.so
[19.287s] -- Set non-toolchain portion of runtime path of "/home/group3-robot/robp_group3/install/micro_ros_msgs/lib/libmicro_ros_msgs__rosidl_generator_py.so" to ""
[19.287s] -- Installing: /home/group3-robot/robp_group3/install/micro_ros_msgs/share/micro_ros_msgs/cmake/export_micro_ros_msgs__rosidl_generator_cExport.cmake
[19.287s] -- Installing: /home/group3-robot/robp_group3/install/micro_ros_msgs/share/micro_ros_msgs/cmake/export_micro_ros_msgs__rosidl_generator_cExport-noconfig.cmake
[19.288s] -- Installing: /home/group3-robot/robp_group3/install/micro_ros_msgs/share/micro_ros_msgs/cmake/export_micro_ros_msgs__rosidl_typesupport_fastrtps_cExport.cmake
[19.288s] -- Installing: /home/group3-robot/robp_group3/install/micro_ros_msgs/share/micro_ros_msgs/cmake/export_micro_ros_msgs__rosidl_typesupport_fastrtps_cExport-noconfig.cmake
[19.288s] -- Installing: /home/group3-robot/robp_group3/install/micro_ros_msgs/share/micro_ros_msgs/cmake/micro_ros_msgs__rosidl_typesupport_introspection_cExport.cmake
[19.288s] -- Installing: /home/group3-robot/robp_group3/install/micro_ros_msgs/share/micro_ros_msgs/cmake/micro_ros_msgs__rosidl_typesupport_introspection_cExport-noconfig.cmake
[19.288s] -- Installing: /home/group3-robot/robp_group3/install/micro_ros_msgs/share/micro_ros_msgs/cmake/micro_ros_msgs__rosidl_typesupport_cExport.cmake
[19.288s] -- Installing: /home/group3-robot/robp_group3/install/micro_ros_msgs/share/micro_ros_msgs/cmake/micro_ros_msgs__rosidl_typesupport_cExport-noconfig.cmake
[19.288s] -- Installing: /home/group3-robot/robp_group3/install/micro_ros_msgs/share/micro_ros_msgs/cmake/export_micro_ros_msgs__rosidl_generator_cppExport.cmake
[19.288s] -- Installing: /home/group3-robot/robp_group3/install/micro_ros_msgs/share/micro_ros_msgs/cmake/export_micro_ros_msgs__rosidl_typesupport_fastrtps_cppExport.cmake
[19.288s] -- Installing: /home/group3-robot/robp_group3/install/micro_ros_msgs/share/micro_ros_msgs/cmake/export_micro_ros_msgs__rosidl_typesupport_fastrtps_cppExport-noconfig.cmake
[19.288s] -- Installing: /home/group3-robot/robp_group3/install/micro_ros_msgs/share/micro_ros_msgs/cmake/micro_ros_msgs__rosidl_typesupport_introspection_cppExport.cmake
[19.289s] -- Installing: /home/group3-robot/robp_group3/install/micro_ros_msgs/share/micro_ros_msgs/cmake/micro_ros_msgs__rosidl_typesupport_introspection_cppExport-noconfig.cmake
[19.289s] -- Installing: /home/group3-robot/robp_group3/install/micro_ros_msgs/share/micro_ros_msgs/cmake/micro_ros_msgs__rosidl_typesupport_cppExport.cmake
[19.289s] -- Installing: /home/group3-robot/robp_group3/install/micro_ros_msgs/share/micro_ros_msgs/cmake/micro_ros_msgs__rosidl_typesupport_cppExport-noconfig.cmake
[19.289s] -- Installing: /home/group3-robot/robp_group3/install/micro_ros_msgs/share/micro_ros_msgs/cmake/export_micro_ros_msgs__rosidl_generator_pyExport.cmake
[19.289s] -- Installing: /home/group3-robot/robp_group3/install/micro_ros_msgs/share/micro_ros_msgs/cmake/export_micro_ros_msgs__rosidl_generator_pyExport-noconfig.cmake
[19.291s] Invoked command in '/home/group3-robot/robp_group3/build/micro_ros_msgs' returned '0': CMAKE_PREFIX_PATH=${CMAKE_PREFIX_PATH}:/home/group3-robot/robp_group3/robp_ws/install/robp_launch:/home/group3-robot/robp_group3/robp_ws/install/odometry:/home/group3-robot/robp_group3/robp_ws/install/path_planner:/home/group3-robot/robp_group3/robp_ws/install/mapping:/home/group3-robot/robp_group3/robp_ws/install/joystick_teleop:/home/group3-robot/robp_group3/robp_ws/install/behavior_tree:/home/group3-robot/robp_group3/robp_ws/install/handle_objects:/home/group3-robot/robp_group3/robp_ws/install/detection:/home/group3-robot/robp_group3/robp_ws/install/arm_servos_pubs_subs:/home/group3-robot/robp_group3/robp_ws/install/arm_controller:/opt/ros/jazzy DEBUGINFOD_URLS=https://debuginfod.ubuntu.com /usr/bin/cmake --install /home/group3-robot/robp_group3/build/micro_ros_msgs
