[1.253s] Invoking command in '/home/group3-robot/robp_group3/build/path_planner': DEBUGINFOD_URLS=https://debuginfod.ubuntu.com PYTHONPATH=/home/group3-robot/robp_group3/build/path_planner/prefix_override:/home/group3-robot/ros2_venv/lib/python3.12/site-packages/colcon_core/task/python/colcon_distutils_commands:/home/group3-robot/robp_group3/install/path_planner/lib/python3.12/site-packages:${PYTHONPATH} VIRTUAL_ENV_PROMPT=(ros2_venv) /home/group3-robot/ros2_venv/bin/python3 -W ignore:setup.py install is deprecated -W ignore:easy_install command is deprecated setup.py develop --editable --build-directory /home/group3-robot/robp_group3/build/path_planner/build --no-deps symlink_data
[1.432s] /home/group3-robot/ros2_venv/lib/python3.12/site-packages/setuptools/_distutils/dist.py:270: UserWarning: Unknown distribution option: 'tests_require'
[1.432s]   warnings.warn(msg)
[1.561s] running develop
[1.722s] running egg_info
[1.736s] writing path_planner.egg-info/PKG-INFO
[1.736s] writing dependency_links to path_planner.egg-info/dependency_links.txt
[1.736s] writing entry points to path_planner.egg-info/entry_points.txt
[1.737s] writing requirements to path_planner.egg-info/requires.txt
[1.737s] writing top-level names to path_planner.egg-info/top_level.txt
[1.773s] reading manifest file 'path_planner.egg-info/SOURCES.txt'
[1.774s] writing manifest file 'path_planner.egg-info/SOURCES.txt'
[1.797s] running build_ext
[1.797s] Creating /home/group3-robot/robp_group3/install/path_planner/lib/python3.12/site-packages/path-planner.egg-link (link to .)
[1.798s] Installing path_planner script to /home/group3-robot/robp_group3/install/path_planner/lib/path_planner
[1.798s] Installing point_generator script to /home/group3-robot/robp_group3/install/path_planner/lib/path_planner
[1.798s] 
[1.798s] Installed /home/group3-robot/robp_group3/build/path_planner
[1.798s] running symlink_data
[1.851s] Invoked command in '/home/group3-robot/robp_group3/build/path_planner' returned '0': DEBUGINFOD_URLS=https://debuginfod.ubuntu.com PYTHONPATH=/home/group3-robot/robp_group3/build/path_planner/prefix_override:/home/group3-robot/ros2_venv/lib/python3.12/site-packages/colcon_core/task/python/colcon_distutils_commands:/home/group3-robot/robp_group3/install/path_planner/lib/python3.12/site-packages:${PYTHONPATH} VIRTUAL_ENV_PROMPT=(ros2_venv) /home/group3-robot/ros2_venv/bin/python3 -W ignore:setup.py install is deprecated -W ignore:easy_install command is deprecated setup.py develop --editable --build-directory /home/group3-robot/robp_group3/build/path_planner/build --no-deps symlink_data
