[0.036s] Invoking command in '/home/group3-robot/robp_group3/build/robp_phidgets_spatial': AMENT_PREFIX_PATH=/home/group3-robot/robp_group3/install/robp_interfaces:${AMENT_PREFIX_PATH} CMAKE_PREFIX_PATH=/home/group3-robot/robp_group3/install/robp_interfaces:/opt/ros/jazzy/opt/gz_math_vendor:/opt/ros/jazzy/opt/gz_utils_vendor:/opt/ros/jazzy/opt/gz_cmake_vendor:/opt/ros/jazzy DEBUGINFOD_URLS=https://debuginfod.ubuntu.com LD_LIBRARY_PATH=/home/group3-robot/robp_group3/install/robp_interfaces/lib:${LD_LIBRARY_PATH} PYTHONPATH=/home/group3-robot/robp_group3/install/robp_interfaces/lib/python3.12/site-packages:${PYTHONPATH} /usr/bin/cmake --build /home/group3-robot/robp_group3/build/robp_phidgets_spatial -- -j8 -l8
[0.199s] [100%] Built target robp_phidgets_spatial
[0.384s] Invoked command in '/home/group3-robot/robp_group3/build/robp_phidgets_spatial' returned '0': AMENT_PREFIX_PATH=/home/group3-robot/robp_group3/install/robp_interfaces:${AMENT_PREFIX_PATH} CMAKE_PREFIX_PATH=/home/group3-robot/robp_group3/install/robp_interfaces:/opt/ros/jazzy/opt/gz_math_vendor:/opt/ros/jazzy/opt/gz_utils_vendor:/opt/ros/jazzy/opt/gz_cmake_vendor:/opt/ros/jazzy DEBUGINFOD_URLS=https://debuginfod.ubuntu.com LD_LIBRARY_PATH=/home/group3-robot/robp_group3/install/robp_interfaces/lib:${LD_LIBRARY_PATH} PYTHONPATH=/home/group3-robot/robp_group3/install/robp_interfaces/lib/python3.12/site-packages:${PYTHONPATH} /usr/bin/cmake --build /home/group3-robot/robp_group3/build/robp_phidgets_spatial -- -j8 -l8
[0.386s] Invoking command in '/home/group3-robot/robp_group3/build/robp_phidgets_spatial': AMENT_PREFIX_PATH=/home/group3-robot/robp_group3/install/robp_interfaces:${AMENT_PREFIX_PATH} CMAKE_PREFIX_PATH=/home/group3-robot/robp_group3/install/robp_interfaces:/opt/ros/jazzy/opt/gz_math_vendor:/opt/ros/jazzy/opt/gz_utils_vendor:/opt/ros/jazzy/opt/gz_cmake_vendor:/opt/ros/jazzy DEBUGINFOD_URLS=https://debuginfod.ubuntu.com LD_LIBRARY_PATH=/home/group3-robot/robp_group3/install/robp_interfaces/lib:${LD_LIBRARY_PATH} PYTHONPATH=/home/group3-robot/robp_group3/install/robp_interfaces/lib/python3.12/site-packages:${PYTHONPATH} /usr/bin/cmake --install /home/group3-robot/robp_group3/build/robp_phidgets_spatial
[0.407s] -- Install configuration: "Release"
[0.408s] -- Execute custom install script
[0.408s] -- Up-to-date symlink: /home/group3-robot/robp_group3/install/robp_phidgets_spatial/lib/librobp_phidgets_spatial.so
[0.409s] -- Up-to-date symlink: /home/group3-robot/robp_group3/install/robp_phidgets_spatial/include/robp_phidgets_spatial/spatial.hpp
[0.409s] -- Up-to-date symlink: /home/group3-robot/robp_group3/install/robp_phidgets_spatial/share/robp_phidgets_spatial/launch/spatial_launch.py
[0.409s] -- Up-to-date symlink: /home/group3-robot/robp_group3/install/robp_phidgets_spatial/share/ament_index/resource_index/package_run_dependencies/robp_phidgets_spatial
[0.409s] -- Up-to-date symlink: /home/group3-robot/robp_group3/install/robp_phidgets_spatial/share/ament_index/resource_index/parent_prefix_path/robp_phidgets_spatial
[0.410s] -- Up-to-date symlink: /home/group3-robot/robp_group3/install/robp_phidgets_spatial/share/robp_phidgets_spatial/environment/ament_prefix_path.sh
[0.410s] -- Up-to-date symlink: /home/group3-robot/robp_group3/install/robp_phidgets_spatial/share/robp_phidgets_spatial/environment/ament_prefix_path.dsv
[0.410s] -- Up-to-date symlink: /home/group3-robot/robp_group3/install/robp_phidgets_spatial/share/robp_phidgets_spatial/environment/path.sh
[0.410s] -- Up-to-date symlink: /home/group3-robot/robp_group3/install/robp_phidgets_spatial/share/robp_phidgets_spatial/environment/path.dsv
[0.411s] -- Up-to-date symlink: /home/group3-robot/robp_group3/install/robp_phidgets_spatial/share/robp_phidgets_spatial/local_setup.bash
[0.415s] -- Up-to-date symlink: /home/group3-robot/robp_group3/install/robp_phidgets_spatial/share/robp_phidgets_spatial/local_setup.sh
[0.418s] -- Up-to-date symlink: /home/group3-robot/robp_group3/install/robp_phidgets_spatial/share/robp_phidgets_spatial/local_setup.zsh
[0.418s] -- Up-to-date symlink: /home/group3-robot/robp_group3/install/robp_phidgets_spatial/share/robp_phidgets_spatial/local_setup.dsv
[0.418s] -- Symlinking: /home/group3-robot/robp_group3/install/robp_phidgets_spatial/share/robp_phidgets_spatial/package.dsv
[0.438s] -- Up-to-date symlink: /home/group3-robot/robp_group3/install/robp_phidgets_spatial/share/ament_index/resource_index/packages/robp_phidgets_spatial
[0.438s] -- Up-to-date symlink: /home/group3-robot/robp_group3/install/robp_phidgets_spatial/share/ament_index/resource_index/rclcpp_components/robp_phidgets_spatial
[0.438s] -- Up-to-date symlink: /home/group3-robot/robp_group3/install/robp_phidgets_spatial/share/robp_phidgets_spatial/cmake/robp_phidgets_spatialConfig.cmake
[0.439s] -- Up-to-date symlink: /home/group3-robot/robp_group3/install/robp_phidgets_spatial/share/robp_phidgets_spatial/cmake/robp_phidgets_spatialConfig-version.cmake
[0.439s] -- Up-to-date symlink: /home/group3-robot/robp_group3/install/robp_phidgets_spatial/share/robp_phidgets_spatial/package.xml
[0.448s] Invoked command in '/home/group3-robot/robp_group3/build/robp_phidgets_spatial' returned '0': AMENT_PREFIX_PATH=/home/group3-robot/robp_group3/install/robp_interfaces:${AMENT_PREFIX_PATH} CMAKE_PREFIX_PATH=/home/group3-robot/robp_group3/install/robp_interfaces:/opt/ros/jazzy/opt/gz_math_vendor:/opt/ros/jazzy/opt/gz_utils_vendor:/opt/ros/jazzy/opt/gz_cmake_vendor:/opt/ros/jazzy DEBUGINFOD_URLS=https://debuginfod.ubuntu.com LD_LIBRARY_PATH=/home/group3-robot/robp_group3/install/robp_interfaces/lib:${LD_LIBRARY_PATH} PYTHONPATH=/home/group3-robot/robp_group3/install/robp_interfaces/lib/python3.12/site-packages:${PYTHONPATH} /usr/bin/cmake --install /home/group3-robot/robp_group3/build/robp_phidgets_spatial
