[1.903s] Invoking command in '/home/group3-robot/robp_group3/build/arm_servos_pubs_subs': DEBUGINFOD_URLS=https://debuginfod.ubuntu.com PYTHONPATH=/home/group3-robot/robp_group3/build/arm_servos_pubs_subs/prefix_override:/usr/lib/python3/dist-packages/colcon_core/task/python/colcon_distutils_commands:/home/group3-robot/robp_group3/install/arm_servos_pubs_subs/lib/python3.12/site-packages:${PYTHONPATH} /usr/bin/python3 -W ignore:setup.py install is deprecated -W ignore:easy_install command is deprecated setup.py develop --editable --build-directory /home/group3-robot/robp_group3/build/arm_servos_pubs_subs/build --no-deps symlink_data
[2.367s] running develop
[2.675s] running egg_info
[2.676s] creating arm_servos_pubs_subs.egg-info
[2.709s] writing arm_servos_pubs_subs.egg-info/PKG-INFO
[2.709s] writing dependency_links to arm_servos_pubs_subs.egg-info/dependency_links.txt
[2.709s] writing entry points to arm_servos_pubs_subs.egg-info/entry_points.txt
[2.710s] writing requirements to arm_servos_pubs_subs.egg-info/requires.txt
[2.710s] writing top-level names to arm_servos_pubs_subs.egg-info/top_level.txt
[2.710s] writing manifest file 'arm_servos_pubs_subs.egg-info/SOURCES.txt'
[2.803s] reading manifest file 'arm_servos_pubs_subs.egg-info/SOURCES.txt'
[2.807s] writing manifest file 'arm_servos_pubs_subs.egg-info/SOURCES.txt'
[2.837s] running build_ext
[2.837s] Creating /home/group3-robot/robp_group3/install/arm_servos_pubs_subs/lib/python3.12/site-packages/arm-servos-pubs-subs.egg-link (link to .)
[2.837s] Installing listener script to /home/group3-robot/robp_group3/install/arm_servos_pubs_subs/lib/arm_servos_pubs_subs
[2.837s] Installing talker script to /home/group3-robot/robp_group3/install/arm_servos_pubs_subs/lib/arm_servos_pubs_subs
[2.837s] 
[2.837s] Installed /home/group3-robot/robp_group3/build/arm_servos_pubs_subs
[2.837s] running symlink_data
[2.837s] creating /home/group3-robot/robp_group3/install/arm_servos_pubs_subs/share/ament_index
[2.838s] creating /home/group3-robot/robp_group3/install/arm_servos_pubs_subs/share/ament_index/resource_index
[2.838s] creating /home/group3-robot/robp_group3/install/arm_servos_pubs_subs/share/ament_index/resource_index/packages
[2.838s] symbolically linking /home/group3-robot/robp_group3/build/arm_servos_pubs_subs/resource/arm_servos_pubs_subs -> /home/group3-robot/robp_group3/install/arm_servos_pubs_subs/share/ament_index/resource_index/packages
[2.838s] symbolically linking /home/group3-robot/robp_group3/build/arm_servos_pubs_subs/package.xml -> /home/group3-robot/robp_group3/install/arm_servos_pubs_subs/share/arm_servos_pubs_subs
[3.418s] Invoked command in '/home/group3-robot/robp_group3/build/arm_servos_pubs_subs' returned '0': DEBUGINFOD_URLS=https://debuginfod.ubuntu.com PYTHONPATH=/home/group3-robot/robp_group3/build/arm_servos_pubs_subs/prefix_override:/usr/lib/python3/dist-packages/colcon_core/task/python/colcon_distutils_commands:/home/group3-robot/robp_group3/install/arm_servos_pubs_subs/lib/python3.12/site-packages:${PYTHONPATH} /usr/bin/python3 -W ignore:setup.py install is deprecated -W ignore:easy_install command is deprecated setup.py develop --editable --build-directory /home/group3-robot/robp_group3/build/arm_servos_pubs_subs/build --no-deps symlink_data
