[0.623s] Invoking command in '/home/group3-robot/robp_group3/build/handle_objects': DEBUGINFOD_URLS=https://debuginfod.ubuntu.com PYTHONPATH=/home/group3-robot/robp_group3/build/handle_objects/prefix_override:/usr/lib/python3/dist-packages/colcon_core/task/python/colcon_distutils_commands:/home/group3-robot/robp_group3/install/handle_objects/lib/python3.12/site-packages:${PYTHONPATH} /usr/bin/python3 -W ignore:setup.py install is deprecated -W ignore:easy_install command is deprecated setup.py develop --uninstall --editable --build-directory /home/group3-robot/robp_group3/build/handle_objects/build
[0.861s] running develop
[1.051s] Invoked command in '/home/group3-robot/robp_group3/build/handle_objects' returned '0': DEBUGINFOD_URLS=https://debuginfod.ubuntu.com PYTHONPATH=/home/group3-robot/robp_group3/build/handle_objects/prefix_override:/usr/lib/python3/dist-packages/colcon_core/task/python/colcon_distutils_commands:/home/group3-robot/robp_group3/install/handle_objects/lib/python3.12/site-packages:${PYTHONPATH} /usr/bin/python3 -W ignore:setup.py install is deprecated -W ignore:easy_install command is deprecated setup.py develop --uninstall --editable --build-directory /home/group3-robot/robp_group3/build/handle_objects/build
[1.052s] Invoking command in '/home/group3-robot/robp_group3/robp_ws/src/handle_objects': DEBUGINFOD_URLS=https://debuginfod.ubuntu.com PYTHONPATH=/home/group3-robot/robp_group3/build/handle_objects/prefix_override:/usr/lib/python3/dist-packages/colcon_core/task/python/colcon_distutils_commands:/home/group3-robot/robp_group3/install/handle_objects/lib/python3.12/site-packages:${PYTHONPATH} /usr/bin/python3 -W ignore:setup.py install is deprecated -W ignore:easy_install command is deprecated setup.py egg_info --egg-base ../../../build/handle_objects build --build-base /home/group3-robot/robp_group3/build/handle_objects/build install --record /home/group3-robot/robp_group3/build/handle_objects/install.log --single-version-externally-managed install_data --force
[1.257s] running egg_info
[1.272s] writing ../../../build/handle_objects/handle_objects.egg-info/PKG-INFO
[1.272s] writing dependency_links to ../../../build/handle_objects/handle_objects.egg-info/dependency_links.txt
[1.272s] writing entry points to ../../../build/handle_objects/handle_objects.egg-info/entry_points.txt
[1.272s] writing requirements to ../../../build/handle_objects/handle_objects.egg-info/requires.txt
[1.272s] writing top-level names to ../../../build/handle_objects/handle_objects.egg-info/top_level.txt
[1.300s] reading manifest file '../../../build/handle_objects/handle_objects.egg-info/SOURCES.txt'
[1.301s] writing manifest file '../../../build/handle_objects/handle_objects.egg-info/SOURCES.txt'
[1.301s] running build
[1.301s] running build_py
[1.301s] running install
[1.306s] running install_lib
[1.321s] running install_data
[1.321s] copying resource/handle_objects -> /home/group3-robot/robp_group3/install/handle_objects/share/ament_index/resource_index/packages
[1.321s] copying package.xml -> /home/group3-robot/robp_group3/install/handle_objects/share/handle_objects
[1.321s] running install_egg_info
[1.337s] Copying ../../../build/handle_objects/handle_objects.egg-info to /home/group3-robot/robp_group3/install/handle_objects/lib/python3.12/site-packages/handle_objects-0.0.0-py3.12.egg-info
[1.337s] running install_scripts
[1.436s] Installing pick_objects script to /home/group3-robot/robp_group3/install/handle_objects/lib/handle_objects
[1.437s] writing list of installed files to '/home/group3-robot/robp_group3/build/handle_objects/install.log'
[1.459s] Invoked command in '/home/group3-robot/robp_group3/robp_ws/src/handle_objects' returned '0': DEBUGINFOD_URLS=https://debuginfod.ubuntu.com PYTHONPATH=/home/group3-robot/robp_group3/build/handle_objects/prefix_override:/usr/lib/python3/dist-packages/colcon_core/task/python/colcon_distutils_commands:/home/group3-robot/robp_group3/install/handle_objects/lib/python3.12/site-packages:${PYTHONPATH} /usr/bin/python3 -W ignore:setup.py install is deprecated -W ignore:easy_install command is deprecated setup.py egg_info --egg-base ../../../build/handle_objects build --build-base /home/group3-robot/robp_group3/build/handle_objects/build install --record /home/group3-robot/robp_group3/build/handle_objects/install.log --single-version-externally-managed install_data --force
