[1.896s] Invoking command in '/home/group3-robot/robp_group3/build/joystick_teleop': DEBUGINFOD_URLS=https://debuginfod.ubuntu.com PYTHONPATH=/home/group3-robot/robp_group3/build/joystick_teleop/prefix_override:/usr/lib/python3/dist-packages/colcon_core/task/python/colcon_distutils_commands:/home/group3-robot/robp_group3/install/joystick_teleop/lib/python3.12/site-packages:${PYTHONPATH} /usr/bin/python3 -W ignore:setup.py install is deprecated -W ignore:easy_install command is deprecated setup.py develop --editable --build-directory /home/group3-robot/robp_group3/build/joystick_teleop/build --no-deps symlink_data
[2.456s] running develop
[2.799s] running egg_info
[2.799s] creating joystick_teleop.egg-info
[2.823s] writing joystick_teleop.egg-info/PKG-INFO
[2.824s] writing dependency_links to joystick_teleop.egg-info/dependency_links.txt
[2.824s] writing entry points to joystick_teleop.egg-info/entry_points.txt
[2.825s] writing requirements to joystick_teleop.egg-info/requires.txt
[2.825s] writing top-level names to joystick_teleop.egg-info/top_level.txt
[2.825s] writing manifest file 'joystick_teleop.egg-info/SOURCES.txt'
[2.881s] reading manifest file 'joystick_teleop.egg-info/SOURCES.txt'
[2.881s] writing manifest file 'joystick_teleop.egg-info/SOURCES.txt'
[2.911s] running build_ext
[2.911s] Creating /home/group3-robot/robp_group3/install/joystick_teleop/lib/python3.12/site-packages/joystick-teleop.egg-link (link to .)
[2.912s] Installing teleop script to /home/group3-robot/robp_group3/install/joystick_teleop/lib/joystick_teleop
[2.912s] Installing twist2duty script to /home/group3-robot/robp_group3/install/joystick_teleop/lib/joystick_teleop
[2.912s] 
[2.913s] Installed /home/group3-robot/robp_group3/build/joystick_teleop
[2.913s] running symlink_data
[2.913s] creating /home/group3-robot/robp_group3/install/joystick_teleop/share/ament_index
[2.913s] creating /home/group3-robot/robp_group3/install/joystick_teleop/share/ament_index/resource_index
[2.913s] creating /home/group3-robot/robp_group3/install/joystick_teleop/share/ament_index/resource_index/packages
[2.913s] symbolically linking /home/group3-robot/robp_group3/build/joystick_teleop/resource/joystick_teleop -> /home/group3-robot/robp_group3/install/joystick_teleop/share/ament_index/resource_index/packages
[2.913s] symbolically linking /home/group3-robot/robp_group3/build/joystick_teleop/package.xml -> /home/group3-robot/robp_group3/install/joystick_teleop/share/joystick_teleop
[2.976s] Invoked command in '/home/group3-robot/robp_group3/build/joystick_teleop' returned '0': DEBUGINFOD_URLS=https://debuginfod.ubuntu.com PYTHONPATH=/home/group3-robot/robp_group3/build/joystick_teleop/prefix_override:/usr/lib/python3/dist-packages/colcon_core/task/python/colcon_distutils_commands:/home/group3-robot/robp_group3/install/joystick_teleop/lib/python3.12/site-packages:${PYTHONPATH} /usr/bin/python3 -W ignore:setup.py install is deprecated -W ignore:easy_install command is deprecated setup.py develop --editable --build-directory /home/group3-robot/robp_group3/build/joystick_teleop/build --no-deps symlink_data
