[1.926s] Invoking command in '/home/group3-robot/robp_group3/build/handle_objects': DEBUGINFOD_URLS=https://debuginfod.ubuntu.com PYTHONPATH=/home/group3-robot/robp_group3/build/handle_objects/prefix_override:/usr/lib/python3/dist-packages/colcon_core/task/python/colcon_distutils_commands:/home/group3-robot/robp_group3/install/handle_objects/lib/python3.12/site-packages:${PYTHONPATH} /usr/bin/python3 -W ignore:setup.py install is deprecated -W ignore:easy_install command is deprecated setup.py develop --editable --build-directory /home/group3-robot/robp_group3/build/handle_objects/build --no-deps symlink_data
[2.906s] running develop
[2.906s] running egg_info
[2.906s] creating pick_objects.egg-info
[2.906s] writing pick_objects.egg-info/PKG-INFO
[2.906s] writing dependency_links to pick_objects.egg-info/dependency_links.txt
[2.906s] writing entry points to pick_objects.egg-info/entry_points.txt
[2.906s] writing requirements to pick_objects.egg-info/requires.txt
[2.906s] writing top-level names to pick_objects.egg-info/top_level.txt
[2.906s] writing manifest file 'pick_objects.egg-info/SOURCES.txt'
[2.906s] reading manifest file 'pick_objects.egg-info/SOURCES.txt'
[2.907s] writing manifest file 'pick_objects.egg-info/SOURCES.txt'
[2.907s] running build_ext
[2.907s] Creating /home/group3-robot/robp_group3/install/handle_objects/lib/python3.12/site-packages/pick-objects.egg-link (link to .)
[2.907s] Installing lift_node script to /home/group3-robot/robp_group3/install/handle_objects/lib/handle_objects
[2.907s] Installing pick_node script to /home/group3-robot/robp_group3/install/handle_objects/lib/handle_objects
[2.907s] Installing place_node script to /home/group3-robot/robp_group3/install/handle_objects/lib/handle_objects
[2.907s] 
[2.907s] Installed /home/group3-robot/robp_group3/build/handle_objects
[2.907s] running symlink_data
[2.907s] symbolically linking /home/group3-robot/robp_group3/build/handle_objects/resource/pick_objects -> /home/group3-robot/robp_group3/install/handle_objects/share/ament_index/resource_index/packages
[2.907s] creating /home/group3-robot/robp_group3/install/handle_objects/share/pick_objects
[2.907s] symbolically linking /home/group3-robot/robp_group3/build/handle_objects/package.xml -> /home/group3-robot/robp_group3/install/handle_objects/share/pick_objects
[3.331s] Invoked command in '/home/group3-robot/robp_group3/build/handle_objects' returned '0': DEBUGINFOD_URLS=https://debuginfod.ubuntu.com PYTHONPATH=/home/group3-robot/robp_group3/build/handle_objects/prefix_override:/usr/lib/python3/dist-packages/colcon_core/task/python/colcon_distutils_commands:/home/group3-robot/robp_group3/install/handle_objects/lib/python3.12/site-packages:${PYTHONPATH} /usr/bin/python3 -W ignore:setup.py install is deprecated -W ignore:easy_install command is deprecated setup.py develop --editable --build-directory /home/group3-robot/robp_group3/build/handle_objects/build --no-deps symlink_data
