running develop
running egg_info
creating behavior_tree.egg-info
writing behavior_tree.egg-info/PKG-INFO
writing dependency_links to behavior_tree.egg-info/dependency_links.txt
writing entry points to behavior_tree.egg-info/entry_points.txt
writing requirements to behavior_tree.egg-info/requires.txt
writing top-level names to behavior_tree.egg-info/top_level.txt
writing manifest file 'behavior_tree.egg-info/SOURCES.txt'
reading manifest file 'behavior_tree.egg-info/SOURCES.txt'
writing manifest file 'behavior_tree.egg-info/SOURCES.txt'
running build_ext
Creating /home/group3-robot/robp_group3/install/behavior_tree/lib/python3.12/site-packages/behavior-tree.egg-link (link to .)
Installing pick_bt_node script to /home/group3-robot/robp_group3/install/behavior_tree/lib/behavior_tree

Installed /home/group3-robot/robp_group3/build/behavior_tree
running symlink_data
creating /home/group3-robot/robp_group3/install/behavior_tree/share/ament_index
creating /home/group3-robot/robp_group3/install/behavior_tree/share/ament_index/resource_index
creating /home/group3-robot/robp_group3/install/behavior_tree/share/ament_index/resource_index/packages
symbolically linking /home/group3-robot/robp_group3/build/behavior_tree/resource/behavior_tree -> /home/group3-robot/robp_group3/install/behavior_tree/share/ament_index/resource_index/packages
symbolically linking /home/group3-robot/robp_group3/build/behavior_tree/package.xml -> /home/group3-robot/robp_group3/install/behavior_tree/share/behavior_tree
