[4.932s] Invoking command in '/home/group3-robot/robp_group3/build/behavior_tree': AMENT_PREFIX_PATH=/home/group3-robot/robp_group3/install/handle_objects:/home/group3-robot/robp_group3/install/py_trees:${AMENT_PREFIX_PATH} DEBUGINFOD_URLS=https://debuginfod.ubuntu.com PATH=/home/group3-robot/robp_group3/install/py_trees/bin:${PATH} PYTHONPATH=/home/group3-robot/robp_group3/build/behavior_tree/prefix_override:/usr/lib/python3/dist-packages/colcon_core/task/python/colcon_distutils_commands:/home/group3-robot/robp_group3/install/behavior_tree/lib/python3.12/site-packages:/home/group3-robot/robp_group3/build/handle_objects:/home/group3-robot/robp_group3/install/handle_objects/lib/python3.12/site-packages:/home/group3-robot/robp_group3/build/py_trees:/home/group3-robot/robp_group3/install/py_trees/lib/python3.12/site-packages:${PYTHONPATH} /usr/bin/python3 -W ignore:setup.py install is deprecated -W ignore:easy_install command is deprecated setup.py develop --editable --build-directory /home/group3-robot/robp_group3/build/behavior_tree/build --no-deps symlink_data
[6.943s] running develop
[8.015s] running egg_info
[8.015s] creating behavior_tree.egg-info
[8.051s] writing behavior_tree.egg-info/PKG-INFO
[8.052s] writing dependency_links to behavior_tree.egg-info/dependency_links.txt
[8.052s] writing entry points to behavior_tree.egg-info/entry_points.txt
[8.053s] writing requirements to behavior_tree.egg-info/requires.txt
[8.053s] writing top-level names to behavior_tree.egg-info/top_level.txt
[8.054s] writing manifest file 'behavior_tree.egg-info/SOURCES.txt'
[8.191s] reading manifest file 'behavior_tree.egg-info/SOURCES.txt'
[8.191s] writing manifest file 'behavior_tree.egg-info/SOURCES.txt'
[8.310s] running build_ext
[8.310s] Creating /home/group3-robot/robp_group3/install/behavior_tree/lib/python3.12/site-packages/behavior-tree.egg-link (link to .)
[8.310s] Installing pick_bt_node script to /home/group3-robot/robp_group3/install/behavior_tree/lib/behavior_tree
[8.316s] 
[8.316s] Installed /home/group3-robot/robp_group3/build/behavior_tree
[8.316s] running symlink_data
[8.316s] creating /home/group3-robot/robp_group3/install/behavior_tree/share/ament_index
[8.322s] creating /home/group3-robot/robp_group3/install/behavior_tree/share/ament_index/resource_index
[8.326s] creating /home/group3-robot/robp_group3/install/behavior_tree/share/ament_index/resource_index/packages
[8.326s] symbolically linking /home/group3-robot/robp_group3/build/behavior_tree/resource/behavior_tree -> /home/group3-robot/robp_group3/install/behavior_tree/share/ament_index/resource_index/packages
[8.326s] symbolically linking /home/group3-robot/robp_group3/build/behavior_tree/package.xml -> /home/group3-robot/robp_group3/install/behavior_tree/share/behavior_tree
[8.641s] Invoked command in '/home/group3-robot/robp_group3/build/behavior_tree' returned '0': AMENT_PREFIX_PATH=/home/group3-robot/robp_group3/install/handle_objects:/home/group3-robot/robp_group3/install/py_trees:${AMENT_PREFIX_PATH} DEBUGINFOD_URLS=https://debuginfod.ubuntu.com PATH=/home/group3-robot/robp_group3/install/py_trees/bin:${PATH} PYTHONPATH=/home/group3-robot/robp_group3/build/behavior_tree/prefix_override:/usr/lib/python3/dist-packages/colcon_core/task/python/colcon_distutils_commands:/home/group3-robot/robp_group3/install/behavior_tree/lib/python3.12/site-packages:/home/group3-robot/robp_group3/build/handle_objects:/home/group3-robot/robp_group3/install/handle_objects/lib/python3.12/site-packages:/home/group3-robot/robp_group3/build/py_trees:/home/group3-robot/robp_group3/install/py_trees/lib/python3.12/site-packages:${PYTHONPATH} /usr/bin/python3 -W ignore:setup.py install is deprecated -W ignore:easy_install command is deprecated setup.py develop --editable --build-directory /home/group3-robot/robp_group3/build/behavior_tree/build --no-deps symlink_data
