[0.024s] Invoking command in '/home/group3-robot/robp_group3/build/micro_ros_setup': CMAKE_PREFIX_PATH=${CMAKE_PREFIX_PATH}:/home/group3-robot/robp_group3/install/robp_launch:/home/group3-robot/robp_group3/install/odometry:/home/group3-robot/robp_group3/install/path_planner:/home/group3-robot/robp_group3/install/mapping:/home/group3-robot/robp_group3/install/joystick_teleop:/home/group3-robot/robp_group3/install/behavior_tree:/home/group3-robot/robp_group3/install/handle_objects:/home/group3-robot/robp_group3/install/detection:/home/group3-robot/robp_group3/install/arm_servos_pubs_subs:/home/group3-robot/robp_group3/install/arm_controller:/home/group3-robot/robp_group3/robp_ws/install/robp_launch:/home/group3-robot/robp_group3/robp_ws/install/odometry:/home/group3-robot/robp_group3/robp_ws/install/path_planner:/home/group3-robot/robp_group3/robp_ws/install/mapping:/home/group3-robot/robp_group3/robp_ws/install/joystick_teleop:/home/group3-robot/robp_group3/robp_ws/install/behavior_tree:/home/group3-robot/robp_group3/robp_ws/install/handle_objects:/home/group3-robot/robp_group3/robp_ws/install/detection:/home/group3-robot/robp_group3/robp_ws/install/arm_servos_pubs_subs:/home/group3-robot/robp_group3/robp_ws/install/arm_controller:/opt/ros/jazzy DEBUGINFOD_URLS=https://debuginfod.ubuntu.com /usr/bin/cmake --build /home/group3-robot/robp_group3/build/micro_ros_setup -- -j8 -l8
[0.343s] Invoked command in '/home/group3-robot/robp_group3/build/micro_ros_setup' returned '0': CMAKE_PREFIX_PATH=${CMAKE_PREFIX_PATH}:/home/group3-robot/robp_group3/install/robp_launch:/home/group3-robot/robp_group3/install/odometry:/home/group3-robot/robp_group3/install/path_planner:/home/group3-robot/robp_group3/install/mapping:/home/group3-robot/robp_group3/install/joystick_teleop:/home/group3-robot/robp_group3/install/behavior_tree:/home/group3-robot/robp_group3/install/handle_objects:/home/group3-robot/robp_group3/install/detection:/home/group3-robot/robp_group3/install/arm_servos_pubs_subs:/home/group3-robot/robp_group3/install/arm_controller:/home/group3-robot/robp_group3/robp_ws/install/robp_launch:/home/group3-robot/robp_group3/robp_ws/install/odometry:/home/group3-robot/robp_group3/robp_ws/install/path_planner:/home/group3-robot/robp_group3/robp_ws/install/mapping:/home/group3-robot/robp_group3/robp_ws/install/joystick_teleop:/home/group3-robot/robp_group3/robp_ws/install/behavior_tree:/home/group3-robot/robp_group3/robp_ws/install/handle_objects:/home/group3-robot/robp_group3/robp_ws/install/detection:/home/group3-robot/robp_group3/robp_ws/install/arm_servos_pubs_subs:/home/group3-robot/robp_group3/robp_ws/install/arm_controller:/opt/ros/jazzy DEBUGINFOD_URLS=https://debuginfod.ubuntu.com /usr/bin/cmake --build /home/group3-robot/robp_group3/build/micro_ros_setup -- -j8 -l8
[0.343s] Invoking command in '/home/group3-robot/robp_group3/build/micro_ros_setup': CMAKE_PREFIX_PATH=${CMAKE_PREFIX_PATH}:/home/group3-robot/robp_group3/install/robp_launch:/home/group3-robot/robp_group3/install/odometry:/home/group3-robot/robp_group3/install/path_planner:/home/group3-robot/robp_group3/install/mapping:/home/group3-robot/robp_group3/install/joystick_teleop:/home/group3-robot/robp_group3/install/behavior_tree:/home/group3-robot/robp_group3/install/handle_objects:/home/group3-robot/robp_group3/install/detection:/home/group3-robot/robp_group3/install/arm_servos_pubs_subs:/home/group3-robot/robp_group3/install/arm_controller:/home/group3-robot/robp_group3/robp_ws/install/robp_launch:/home/group3-robot/robp_group3/robp_ws/install/odometry:/home/group3-robot/robp_group3/robp_ws/install/path_planner:/home/group3-robot/robp_group3/robp_ws/install/mapping:/home/group3-robot/robp_group3/robp_ws/install/joystick_teleop:/home/group3-robot/robp_group3/robp_ws/install/behavior_tree:/home/group3-robot/robp_group3/robp_ws/install/handle_objects:/home/group3-robot/robp_group3/robp_ws/install/detection:/home/group3-robot/robp_group3/robp_ws/install/arm_servos_pubs_subs:/home/group3-robot/robp_group3/robp_ws/install/arm_controller:/opt/ros/jazzy DEBUGINFOD_URLS=https://debuginfod.ubuntu.com /usr/bin/cmake --install /home/group3-robot/robp_group3/build/micro_ros_setup
[0.355s] -- Install configuration: ""
[0.356s] -- Execute custom install script
[0.356s] -- Up-to-date symlink: /home/group3-robot/robp_group3/install/micro_ros_setup/share/ament_index/resource_index/package_run_dependencies/micro_ros_setup
[0.356s] -- Up-to-date symlink: /home/group3-robot/robp_group3/install/micro_ros_setup/share/ament_index/resource_index/parent_prefix_path/micro_ros_setup
[0.357s] -- Up-to-date symlink: /home/group3-robot/robp_group3/install/micro_ros_setup/share/micro_ros_setup/environment/ament_prefix_path.sh
[0.357s] -- Up-to-date symlink: /home/group3-robot/robp_group3/install/micro_ros_setup/share/micro_ros_setup/environment/ament_prefix_path.dsv
[0.358s] -- Up-to-date symlink: /home/group3-robot/robp_group3/install/micro_ros_setup/share/micro_ros_setup/environment/path.sh
[0.358s] -- Up-to-date symlink: /home/group3-robot/robp_group3/install/micro_ros_setup/share/micro_ros_setup/environment/path.dsv
[0.358s] -- Up-to-date symlink: /home/group3-robot/robp_group3/install/micro_ros_setup/share/micro_ros_setup/local_setup.bash
[0.359s] -- Up-to-date symlink: /home/group3-robot/robp_group3/install/micro_ros_setup/share/micro_ros_setup/local_setup.sh
[0.359s] -- Up-to-date symlink: /home/group3-robot/robp_group3/install/micro_ros_setup/share/micro_ros_setup/local_setup.zsh
[0.359s] -- Up-to-date symlink: /home/group3-robot/robp_group3/install/micro_ros_setup/share/micro_ros_setup/local_setup.dsv
[0.360s] -- Symlinking: /home/group3-robot/robp_group3/install/micro_ros_setup/share/micro_ros_setup/package.dsv
[0.372s] -- Up-to-date symlink: /home/group3-robot/robp_group3/install/micro_ros_setup/share/ament_index/resource_index/packages/micro_ros_setup
[0.373s] -- Up-to-date symlink: /home/group3-robot/robp_group3/install/micro_ros_setup/share/micro_ros_setup/cmake/micro_ros_setupConfig.cmake
[0.373s] -- Up-to-date symlink: /home/group3-robot/robp_group3/install/micro_ros_setup/share/micro_ros_setup/cmake/micro_ros_setupConfig-version.cmake
[0.373s] -- Up-to-date symlink: /home/group3-robot/robp_group3/install/micro_ros_setup/share/micro_ros_setup/package.xml
[0.374s] -- Up-to-date symlink: /home/group3-robot/robp_group3/install/micro_ros_setup/lib/micro_ros_setup/create_ws.sh
[0.374s] -- Up-to-date symlink: /home/group3-robot/robp_group3/install/micro_ros_setup/lib/micro_ros_setup/create_agent_ws.sh
[0.374s] -- Up-to-date symlink: /home/group3-robot/robp_group3/install/micro_ros_setup/lib/micro_ros_setup/create_firmware_ws.sh
[0.375s] -- Up-to-date symlink: /home/group3-robot/robp_group3/install/micro_ros_setup/lib/micro_ros_setup/configure_firmware.sh
[0.376s] -- Up-to-date symlink: /home/group3-robot/robp_group3/install/micro_ros_setup/lib/micro_ros_setup/flash_firmware.sh
[0.376s] -- Up-to-date symlink: /home/group3-robot/robp_group3/install/micro_ros_setup/lib/micro_ros_setup/build_firmware.sh
[0.376s] -- Up-to-date symlink: /home/group3-robot/robp_group3/install/micro_ros_setup/lib/micro_ros_setup/build_agent.sh
[0.376s] -- Up-to-date symlink: /home/group3-robot/robp_group3/install/micro_ros_setup/lib/micro_ros_setup/yaml_filter.py
[0.377s] -- Up-to-date symlink: /home/group3-robot/robp_group3/install/micro_ros_setup/lib/micro_ros_setup/clean_env.sh
[0.377s] -- Up-to-date symlink: /home/group3-robot/robp_group3/install/micro_ros_setup/lib/micro_ros_setup/component
[0.377s] -- Up-to-date: /home/group3-robot/robp_group3/install/micro_ros_setup/./config
[0.377s] -- Up-to-date: /home/group3-robot/robp_group3/install/micro_ros_setup/./config/raspbian
[0.377s] -- Up-to-date: /home/group3-robot/robp_group3/install/micro_ros_setup/./config/raspbian/dev_uros_packages.repos
[0.377s] -- Up-to-date: /home/group3-robot/robp_group3/install/micro_ros_setup/./config/raspbian/dev_ros2_packages.txt
[0.377s] -- Up-to-date: /home/group3-robot/robp_group3/install/micro_ros_setup/./config/raspbian/generic
[0.377s] -- Up-to-date: /home/group3-robot/robp_group3/install/micro_ros_setup/./config/raspbian/generic/configure.sh
[0.377s] -- Up-to-date: /home/group3-robot/robp_group3/install/micro_ros_setup/./config/raspbian/generic/flash.sh
[0.377s] -- Up-to-date: /home/group3-robot/robp_group3/install/micro_ros_setup/./config/raspbian/generic/supported_platforms
[0.377s] -- Up-to-date: /home/group3-robot/robp_group3/install/micro_ros_setup/./config/raspbian/generic/client_uros_packages.repos
[0.380s] -- Up-to-date: /home/group3-robot/robp_group3/install/micro_ros_setup/./config/raspbian/generic/client-colcon.meta
[0.380s] -- Up-to-date: /home/group3-robot/robp_group3/install/micro_ros_setup/./config/raspbian/generic/create.sh
[0.381s] -- Up-to-date: /home/group3-robot/robp_group3/install/micro_ros_setup/./config/raspbian/generic/build.sh
[0.381s] -- Up-to-date: /home/group3-robot/robp_group3/install/micro_ros_setup/./config/zephyr
[0.381s] -- Up-to-date: /home/group3-robot/robp_group3/install/micro_ros_setup/./config/zephyr/dev_uros_packages.repos
[0.381s] -- Up-to-date: /home/group3-robot/robp_group3/install/micro_ros_setup/./config/zephyr/list_apps.sh
[0.381s] -- Up-to-date: /home/group3-robot/robp_group3/install/micro_ros_setup/./config/zephyr/dev_ros2_packages.txt
[0.381s] -- Up-to-date: /home/group3-robot/robp_group3/install/micro_ros_setup/./config/zephyr/generic
[0.381s] -- Up-to-date: /home/group3-robot/robp_group3/install/micro_ros_setup/./config/zephyr/generic/configure.sh
[0.381s] -- Up-to-date: /home/group3-robot/robp_group3/install/micro_ros_setup/./config/zephyr/generic/board.repos
[0.381s] -- Up-to-date: /home/group3-robot/robp_group3/install/micro_ros_setup/./config/zephyr/generic/flash.sh
[0.381s] -- Up-to-date: /home/group3-robot/robp_group3/install/micro_ros_setup/./config/zephyr/generic/supported_platforms
[0.381s] -- Up-to-date: /home/group3-robot/robp_group3/install/micro_ros_setup/./config/zephyr/generic/client_uros_packages.repos
[0.382s] -- Up-to-date: /home/group3-robot/robp_group3/install/micro_ros_setup/./config/zephyr/generic/client-colcon.meta
[0.382s] -- Up-to-date: /home/group3-robot/robp_group3/install/micro_ros_setup/./config/zephyr/generic/create.sh
[0.382s] -- Up-to-date: /home/group3-robot/robp_group3/install/micro_ros_setup/./config/zephyr/generic/package.xml
[0.382s] -- Up-to-date: /home/group3-robot/robp_group3/install/micro_ros_setup/./config/zephyr/generic/build.sh
[0.382s] -- Up-to-date: /home/group3-robot/robp_group3/install/micro_ros_setup/./config/agent_ros2_packages.txt
[0.382s] -- Up-to-date: /home/group3-robot/robp_group3/install/micro_ros_setup/./config/freertos
[0.382s] -- Up-to-date: /home/group3-robot/robp_group3/install/micro_ros_setup/./config/freertos/olimex-stm32-e407
[0.382s] -- Up-to-date: /home/group3-robot/robp_group3/install/micro_ros_setup/./config/freertos/olimex-stm32-e407/configure.sh
[0.382s] -- Up-to-date: /home/group3-robot/robp_group3/install/micro_ros_setup/./config/freertos/olimex-stm32-e407/board.repos
[0.382s] -- Up-to-date: /home/group3-robot/robp_group3/install/micro_ros_setup/./config/freertos/olimex-stm32-e407/flash.sh
[0.383s] -- Up-to-date: /home/group3-robot/robp_group3/install/micro_ros_setup/./config/freertos/olimex-stm32-e407/client_uros_packages.repos
[0.383s] -- Up-to-date: /home/group3-robot/robp_group3/install/micro_ros_setup/./config/freertos/olimex-stm32-e407/client-colcon.meta
[0.383s] -- Up-to-date: /home/group3-robot/robp_group3/install/micro_ros_setup/./config/freertos/olimex-stm32-e407/create.sh
[0.383s] -- Up-to-date: /home/group3-robot/robp_group3/install/micro_ros_setup/./config/freertos/olimex-stm32-e407/package.xml
[0.383s] -- Up-to-date: /home/group3-robot/robp_group3/install/micro_ros_setup/./config/freertos/olimex-stm32-e407/build.sh
[0.383s] -- Up-to-date: /home/group3-robot/robp_group3/install/micro_ros_setup/./config/freertos/nucleo_f746zg
[0.383s] -- Up-to-date: /home/group3-robot/robp_group3/install/micro_ros_setup/./config/freertos/nucleo_f746zg/configure.sh
[0.383s] -- Up-to-date: /home/group3-robot/robp_group3/install/micro_ros_setup/./config/freertos/nucleo_f746zg/board.repos
[0.383s] -- Up-to-date: /home/group3-robot/robp_group3/install/micro_ros_setup/./config/freertos/nucleo_f746zg/flash.sh
[0.383s] -- Up-to-date: /home/group3-robot/robp_group3/install/micro_ros_setup/./config/freertos/nucleo_f746zg/client_uros_packages.repos
[0.383s] -- Up-to-date: /home/group3-robot/robp_group3/install/micro_ros_setup/./config/freertos/nucleo_f746zg/client-colcon.meta
[0.383s] -- Up-to-date: /home/group3-robot/robp_group3/install/micro_ros_setup/./config/freertos/nucleo_f746zg/create.sh
[0.390s] -- Up-to-date: /home/group3-robot/robp_group3/install/micro_ros_setup/./config/freertos/nucleo_f746zg/package.xml
[0.390s] -- Up-to-date: /home/group3-robot/robp_group3/install/micro_ros_setup/./config/freertos/nucleo_f746zg/build.sh
[0.390s] -- Up-to-date: /home/group3-robot/robp_group3/install/micro_ros_setup/./config/freertos/nucleo_f767zi
[0.390s] -- Up-to-date: /home/group3-robot/robp_group3/install/micro_ros_setup/./config/freertos/nucleo_f767zi/configure.sh
[0.390s] -- Up-to-date: /home/group3-robot/robp_group3/install/micro_ros_setup/./config/freertos/nucleo_f767zi/board.repos
[0.390s] -- Up-to-date: /home/group3-robot/robp_group3/install/micro_ros_setup/./config/freertos/nucleo_f767zi/flash.sh
[0.390s] -- Up-to-date: /home/group3-robot/robp_group3/install/micro_ros_setup/./config/freertos/nucleo_f767zi/client_uros_packages.repos
[0.390s] -- Up-to-date: /home/group3-robot/robp_group3/install/micro_ros_setup/./config/freertos/nucleo_f767zi/client-colcon.meta
[0.390s] -- Up-to-date: /home/group3-robot/robp_group3/install/micro_ros_setup/./config/freertos/nucleo_f767zi/create.sh
[0.391s] -- Up-to-date: /home/group3-robot/robp_group3/install/micro_ros_setup/./config/freertos/nucleo_f767zi/package.xml
[0.391s] -- Up-to-date: /home/group3-robot/robp_group3/install/micro_ros_setup/./config/freertos/nucleo_f767zi/build.sh
[0.391s] -- Up-to-date: /home/group3-robot/robp_group3/install/micro_ros_setup/./config/freertos/dev_uros_packages.repos
[0.391s] -- Up-to-date: /home/group3-robot/robp_group3/install/micro_ros_setup/./config/freertos/list_apps.sh
[0.391s] -- Up-to-date: /home/group3-robot/robp_group3/install/micro_ros_setup/./config/freertos/esp32
[0.391s] -- Up-to-date: /home/group3-robot/robp_group3/install/micro_ros_setup/./config/freertos/esp32/configure.sh
[0.391s] -- Up-to-date: /home/group3-robot/robp_group3/install/micro_ros_setup/./config/freertos/esp32/board.repos
[0.391s] -- Up-to-date: /home/group3-robot/robp_group3/install/micro_ros_setup/./config/freertos/esp32/flash.sh
[0.391s] -- Up-to-date: /home/group3-robot/robp_group3/install/micro_ros_setup/./config/freertos/esp32/README.md
[0.391s] -- Up-to-date: /home/group3-robot/robp_group3/install/micro_ros_setup/./config/freertos/esp32/client_uros_packages.repos
[0.391s] -- Up-to-date: /home/group3-robot/robp_group3/install/micro_ros_setup/./config/freertos/esp32/client-colcon.meta
[0.392s] -- Up-to-date: /home/group3-robot/robp_group3/install/micro_ros_setup/./config/freertos/esp32/create.sh
[0.392s] -- Up-to-date: /home/group3-robot/robp_group3/install/micro_ros_setup/./config/freertos/esp32/package.xml
[0.392s] -- Up-to-date: /home/group3-robot/robp_group3/install/micro_ros_setup/./config/freertos/esp32/build.sh
[0.392s] -- Up-to-date: /home/group3-robot/robp_group3/install/micro_ros_setup/./config/freertos/dev_ros2_packages.txt
[0.392s] -- Up-to-date: /home/group3-robot/robp_group3/install/micro_ros_setup/./config/freertos/nucleo_f446re
[0.392s] -- Up-to-date: /home/group3-robot/robp_group3/install/micro_ros_setup/./config/freertos/nucleo_f446re/configure.sh
[0.392s] -- Up-to-date: /home/group3-robot/robp_group3/install/micro_ros_setup/./config/freertos/nucleo_f446re/board.repos
[0.392s] -- Up-to-date: /home/group3-robot/robp_group3/install/micro_ros_setup/./config/freertos/nucleo_f446re/flash.sh
[0.392s] -- Up-to-date: /home/group3-robot/robp_group3/install/micro_ros_setup/./config/freertos/nucleo_f446re/client_uros_packages.repos
[0.392s] -- Up-to-date: /home/group3-robot/robp_group3/install/micro_ros_setup/./config/freertos/nucleo_f446re/client-colcon.meta
[0.392s] -- Up-to-date: /home/group3-robot/robp_group3/install/micro_ros_setup/./config/freertos/nucleo_f446re/create.sh
[0.393s] -- Up-to-date: /home/group3-robot/robp_group3/install/micro_ros_setup/./config/freertos/nucleo_f446re/package.xml
[0.393s] -- Up-to-date: /home/group3-robot/robp_group3/install/micro_ros_setup/./config/freertos/nucleo_f446re/build.sh
[0.393s] -- Up-to-date: /home/group3-robot/robp_group3/install/micro_ros_setup/./config/freertos/crazyflie21
[0.397s] -- Up-to-date: /home/group3-robot/robp_group3/install/micro_ros_setup/./config/freertos/crazyflie21/configure.sh
[0.397s] -- Up-to-date: /home/group3-robot/robp_group3/install/micro_ros_setup/./config/freertos/crazyflie21/board.repos
[0.397s] -- Up-to-date: /home/group3-robot/robp_group3/install/micro_ros_setup/./config/freertos/crazyflie21/flash.sh
[0.397s] -- Up-to-date: /home/group3-robot/robp_group3/install/micro_ros_setup/./config/freertos/crazyflie21/client_uros_packages.repos
[0.397s] -- Up-to-date: /home/group3-robot/robp_group3/install/micro_ros_setup/./config/freertos/crazyflie21/client-colcon.meta
[0.397s] -- Up-to-date: /home/group3-robot/robp_group3/install/micro_ros_setup/./config/freertos/crazyflie21/create.sh
[0.397s] -- Up-to-date: /home/group3-robot/robp_group3/install/micro_ros_setup/./config/freertos/crazyflie21/package.xml
[0.397s] -- Up-to-date: /home/group3-robot/robp_group3/install/micro_ros_setup/./config/freertos/crazyflie21/build.sh
[0.398s] -- Up-to-date: /home/group3-robot/robp_group3/install/micro_ros_setup/./config/freertos/nucleo_f446ze
[0.398s] -- Up-to-date: /home/group3-robot/robp_group3/install/micro_ros_setup/./config/freertos/nucleo_f446ze/configure.sh
[0.398s] -- Up-to-date: /home/group3-robot/robp_group3/install/micro_ros_setup/./config/freertos/nucleo_f446ze/board.repos
[0.398s] -- Up-to-date: /home/group3-robot/robp_group3/install/micro_ros_setup/./config/freertos/nucleo_f446ze/flash.sh
[0.398s] -- Up-to-date: /home/group3-robot/robp_group3/install/micro_ros_setup/./config/freertos/nucleo_f446ze/client_uros_packages.repos
[0.398s] -- Up-to-date: /home/group3-robot/robp_group3/install/micro_ros_setup/./config/freertos/nucleo_f446ze/client-colcon.meta
[0.398s] -- Up-to-date: /home/group3-robot/robp_group3/install/micro_ros_setup/./config/freertos/nucleo_f446ze/create.sh
[0.398s] -- Up-to-date: /home/group3-robot/robp_group3/install/micro_ros_setup/./config/freertos/nucleo_f446ze/package.xml
[0.398s] -- Up-to-date: /home/group3-robot/robp_group3/install/micro_ros_setup/./config/freertos/nucleo_f446ze/build.sh
[0.398s] -- Up-to-date: /home/group3-robot/robp_group3/install/micro_ros_setup/./config/agent_uros_packages.repos
[0.398s] -- Up-to-date: /home/group3-robot/robp_group3/install/micro_ros_setup/./config/host
[0.399s] -- Up-to-date: /home/group3-robot/robp_group3/install/micro_ros_setup/./config/host/dev_uros_packages.repos
[0.399s] -- Up-to-date: /home/group3-robot/robp_group3/install/micro_ros_setup/./config/host/client_ros2_packages.txt
[0.399s] -- Up-to-date: /home/group3-robot/robp_group3/install/micro_ros_setup/./config/host/dev_ros2_packages.txt
[0.399s] -- Up-to-date: /home/group3-robot/robp_group3/install/micro_ros_setup/./config/host/generic
[0.399s] -- Up-to-date: /home/group3-robot/robp_group3/install/micro_ros_setup/./config/host/generic/flash.sh
[0.399s] -- Up-to-date: /home/group3-robot/robp_group3/install/micro_ros_setup/./config/host/generic/client_host_packages.repos
[0.399s] -- Up-to-date: /home/group3-robot/robp_group3/install/micro_ros_setup/./config/host/generic/create.sh
[0.399s] -- Up-to-date: /home/group3-robot/robp_group3/install/micro_ros_setup/./config/host/generic/package.xml
[0.399s] -- Up-to-date: /home/group3-robot/robp_group3/install/micro_ros_setup/./config/host/generic/client-host-colcon.meta
[0.399s] -- Up-to-date: /home/group3-robot/robp_group3/install/micro_ros_setup/./config/host/generic/build.sh
[0.399s] -- Up-to-date: /home/group3-robot/robp_group3/install/micro_ros_setup/./config/client_ros2_packages.txt
[0.400s] -- Up-to-date: /home/group3-robot/robp_group3/install/micro_ros_setup/./config/android
[0.400s] -- Up-to-date: /home/group3-robot/robp_group3/install/micro_ros_setup/./config/android/dev_uros_packages.repos
[0.400s] -- Up-to-date: /home/group3-robot/robp_group3/install/micro_ros_setup/./config/android/dev_ros2_packages.txt
[0.400s] -- Up-to-date: /home/group3-robot/robp_group3/install/micro_ros_setup/./config/android/generic
[0.400s] -- Up-to-date: /home/group3-robot/robp_group3/install/micro_ros_setup/./config/android/generic/flash.sh
[0.400s] -- Up-to-date: /home/group3-robot/robp_group3/install/micro_ros_setup/./config/android/generic/client_uros_packages.repos
[0.400s] -- Up-to-date: /home/group3-robot/robp_group3/install/micro_ros_setup/./config/android/generic/client-colcon.meta
[0.400s] -- Up-to-date: /home/group3-robot/robp_group3/install/micro_ros_setup/./config/android/generic/create.sh
[0.400s] -- Up-to-date: /home/group3-robot/robp_group3/install/micro_ros_setup/./config/android/generic/package.xml
[0.400s] -- Up-to-date: /home/group3-robot/robp_group3/install/micro_ros_setup/./config/android/generic/build.sh
[0.400s] -- Up-to-date: /home/group3-robot/robp_group3/install/micro_ros_setup/./config/client_uros_packages.repos
[0.409s] -- Up-to-date: /home/group3-robot/robp_group3/install/micro_ros_setup/./config/utils.sh
[0.409s] -- Up-to-date: /home/group3-robot/robp_group3/install/micro_ros_setup/./config/generate_lib
[0.410s] -- Up-to-date: /home/group3-robot/robp_group3/install/micro_ros_setup/./config/generate_lib/dev_uros_packages.repos
[0.410s] -- Up-to-date: /home/group3-robot/robp_group3/install/micro_ros_setup/./config/generate_lib/dev_ros2_packages.txt
[0.410s] -- Up-to-date: /home/group3-robot/robp_group3/install/micro_ros_setup/./config/generate_lib/generic
[0.410s] -- Up-to-date: /home/group3-robot/robp_group3/install/micro_ros_setup/./config/generate_lib/generic/flash.sh
[0.410s] -- Up-to-date: /home/group3-robot/robp_group3/install/micro_ros_setup/./config/generate_lib/generic/client_uros_packages.repos
[0.410s] -- Up-to-date: /home/group3-robot/robp_group3/install/micro_ros_setup/./config/generate_lib/generic/client-colcon.meta
[0.410s] -- Up-to-date: /home/group3-robot/robp_group3/install/micro_ros_setup/./config/generate_lib/generic/create.sh
[0.410s] -- Up-to-date: /home/group3-robot/robp_group3/install/micro_ros_setup/./config/generate_lib/generic/demo_toolchain.cmake
[0.410s] -- Up-to-date: /home/group3-robot/robp_group3/install/micro_ros_setup/./config/generate_lib/generic/package.xml
[0.410s] -- Up-to-date: /home/group3-robot/robp_group3/install/micro_ros_setup/./config/generate_lib/generic/build.sh
[0.411s] Invoked command in '/home/group3-robot/robp_group3/build/micro_ros_setup' returned '0': CMAKE_PREFIX_PATH=${CMAKE_PREFIX_PATH}:/home/group3-robot/robp_group3/install/robp_launch:/home/group3-robot/robp_group3/install/odometry:/home/group3-robot/robp_group3/install/path_planner:/home/group3-robot/robp_group3/install/mapping:/home/group3-robot/robp_group3/install/joystick_teleop:/home/group3-robot/robp_group3/install/behavior_tree:/home/group3-robot/robp_group3/install/handle_objects:/home/group3-robot/robp_group3/install/detection:/home/group3-robot/robp_group3/install/arm_servos_pubs_subs:/home/group3-robot/robp_group3/install/arm_controller:/home/group3-robot/robp_group3/robp_ws/install/robp_launch:/home/group3-robot/robp_group3/robp_ws/install/odometry:/home/group3-robot/robp_group3/robp_ws/install/path_planner:/home/group3-robot/robp_group3/robp_ws/install/mapping:/home/group3-robot/robp_group3/robp_ws/install/joystick_teleop:/home/group3-robot/robp_group3/robp_ws/install/behavior_tree:/home/group3-robot/robp_group3/robp_ws/install/handle_objects:/home/group3-robot/robp_group3/robp_ws/install/detection:/home/group3-robot/robp_group3/robp_ws/install/arm_servos_pubs_subs:/home/group3-robot/robp_group3/robp_ws/install/arm_controller:/opt/ros/jazzy DEBUGINFOD_URLS=https://debuginfod.ubuntu.com /usr/bin/cmake --install /home/group3-robot/robp_group3/build/micro_ros_setup
