[0.020s] Invoking command in '/home/group3-robot/robp_group3/build/sllidar_ros2': CMAKE_PREFIX_PATH=${CMAKE_PREFIX_PATH}:/home/group3-robot/robp_group3/robp_ws/install/robp_launch:/home/group3-robot/robp_group3/robp_ws/install/odometry:/home/group3-robot/robp_group3/robp_ws/install/path_planner:/home/group3-robot/robp_group3/robp_ws/install/mapping:/home/group3-robot/robp_group3/robp_ws/install/joystick_teleop:/home/group3-robot/robp_group3/robp_ws/install/behavior_tree:/home/group3-robot/robp_group3/robp_ws/install/handle_objects:/home/group3-robot/robp_group3/robp_ws/install/detection:/home/group3-robot/robp_group3/robp_ws/install/arm_servos_pubs_subs:/home/group3-robot/robp_group3/robp_ws/install/arm_controller:/opt/ros/jazzy DEBUGINFOD_URLS=https://debuginfod.ubuntu.com /usr/bin/cmake --build /home/group3-robot/robp_group3/build/sllidar_ros2 -- -j8 -l8
[0.158s] [ 10%] Built target sllidar_client
[0.209s] [100%] Built target sllidar_node
[0.467s] Invoked command in '/home/group3-robot/robp_group3/build/sllidar_ros2' returned '0': CMAKE_PREFIX_PATH=${CMAKE_PREFIX_PATH}:/home/group3-robot/robp_group3/robp_ws/install/robp_launch:/home/group3-robot/robp_group3/robp_ws/install/odometry:/home/group3-robot/robp_group3/robp_ws/install/path_planner:/home/group3-robot/robp_group3/robp_ws/install/mapping:/home/group3-robot/robp_group3/robp_ws/install/joystick_teleop:/home/group3-robot/robp_group3/robp_ws/install/behavior_tree:/home/group3-robot/robp_group3/robp_ws/install/handle_objects:/home/group3-robot/robp_group3/robp_ws/install/detection:/home/group3-robot/robp_group3/robp_ws/install/arm_servos_pubs_subs:/home/group3-robot/robp_group3/robp_ws/install/arm_controller:/opt/ros/jazzy DEBUGINFOD_URLS=https://debuginfod.ubuntu.com /usr/bin/cmake --build /home/group3-robot/robp_group3/build/sllidar_ros2 -- -j8 -l8
[0.468s] Invoking command in '/home/group3-robot/robp_group3/build/sllidar_ros2': CMAKE_PREFIX_PATH=${CMAKE_PREFIX_PATH}:/home/group3-robot/robp_group3/robp_ws/install/robp_launch:/home/group3-robot/robp_group3/robp_ws/install/odometry:/home/group3-robot/robp_group3/robp_ws/install/path_planner:/home/group3-robot/robp_group3/robp_ws/install/mapping:/home/group3-robot/robp_group3/robp_ws/install/joystick_teleop:/home/group3-robot/robp_group3/robp_ws/install/behavior_tree:/home/group3-robot/robp_group3/robp_ws/install/handle_objects:/home/group3-robot/robp_group3/robp_ws/install/detection:/home/group3-robot/robp_group3/robp_ws/install/arm_servos_pubs_subs:/home/group3-robot/robp_group3/robp_ws/install/arm_controller:/opt/ros/jazzy DEBUGINFOD_URLS=https://debuginfod.ubuntu.com /usr/bin/cmake --install /home/group3-robot/robp_group3/build/sllidar_ros2
[0.476s] -- Install configuration: ""
[0.477s] -- Execute custom install script
[0.478s] -- Up-to-date symlink: /home/group3-robot/robp_group3/install/sllidar_ros2/share/sllidar_ros2/launch/sllidar_a1_launch.py
[0.478s] -- Up-to-date symlink: /home/group3-robot/robp_group3/install/sllidar_ros2/share/sllidar_ros2/launch/sllidar_a2m12_launch .py
[0.478s] -- Up-to-date symlink: /home/group3-robot/robp_group3/install/sllidar_ros2/share/sllidar_ros2/launch/sllidar_a2m7_launch.py
[0.479s] -- Up-to-date symlink: /home/group3-robot/robp_group3/install/sllidar_ros2/share/sllidar_ros2/launch/sllidar_a2m8_launch.py
[0.479s] -- Up-to-date symlink: /home/group3-robot/robp_group3/install/sllidar_ros2/share/sllidar_ros2/launch/sllidar_a3_launch.py
[0.479s] -- Up-to-date symlink: /home/group3-robot/robp_group3/install/sllidar_ros2/share/sllidar_ros2/launch/sllidar_c1_launch.py
[0.481s] -- Up-to-date symlink: /home/group3-robot/robp_group3/install/sllidar_ros2/share/sllidar_ros2/launch/sllidar_s1_launch.py
[0.481s] -- Up-to-date symlink: /home/group3-robot/robp_group3/install/sllidar_ros2/share/sllidar_ros2/launch/sllidar_s1_tcp_launch.py
[0.481s] -- Up-to-date symlink: /home/group3-robot/robp_group3/install/sllidar_ros2/share/sllidar_ros2/launch/sllidar_s2_launch.py
[0.481s] -- Up-to-date symlink: /home/group3-robot/robp_group3/install/sllidar_ros2/share/sllidar_ros2/launch/sllidar_s2e_launch.py
[0.482s] -- Up-to-date symlink: /home/group3-robot/robp_group3/install/sllidar_ros2/share/sllidar_ros2/launch/sllidar_s3_launch.py
[0.482s] -- Up-to-date symlink: /home/group3-robot/robp_group3/install/sllidar_ros2/share/sllidar_ros2/launch/sllidar_t1_launch.py
[0.482s] -- Up-to-date symlink: /home/group3-robot/robp_group3/install/sllidar_ros2/share/sllidar_ros2/launch/view_sllidar_a1_launch.py
[0.482s] -- Up-to-date symlink: /home/group3-robot/robp_group3/install/sllidar_ros2/share/sllidar_ros2/launch/view_sllidar_a2m12_launch.py
[0.483s] -- Up-to-date symlink: /home/group3-robot/robp_group3/install/sllidar_ros2/share/sllidar_ros2/launch/view_sllidar_a2m7_launch.py
[0.483s] -- Up-to-date symlink: /home/group3-robot/robp_group3/install/sllidar_ros2/share/sllidar_ros2/launch/view_sllidar_a2m8_launch.py
[0.483s] -- Up-to-date symlink: /home/group3-robot/robp_group3/install/sllidar_ros2/share/sllidar_ros2/launch/view_sllidar_a3_launch.py
[0.484s] -- Up-to-date symlink: /home/group3-robot/robp_group3/install/sllidar_ros2/share/sllidar_ros2/launch/view_sllidar_c1_launch.py
[0.484s] -- Up-to-date symlink: /home/group3-robot/robp_group3/install/sllidar_ros2/share/sllidar_ros2/launch/view_sllidar_s1_launch.py
[0.484s] -- Up-to-date symlink: /home/group3-robot/robp_group3/install/sllidar_ros2/share/sllidar_ros2/launch/view_sllidar_s1_tcp_launch.py
[0.484s] -- Up-to-date symlink: /home/group3-robot/robp_group3/install/sllidar_ros2/share/sllidar_ros2/launch/view_sllidar_s2_launch.py
[0.484s] -- Up-to-date symlink: /home/group3-robot/robp_group3/install/sllidar_ros2/share/sllidar_ros2/launch/view_sllidar_s2e_launch.py
[0.485s] -- Up-to-date symlink: /home/group3-robot/robp_group3/install/sllidar_ros2/share/sllidar_ros2/launch/view_sllidar_s3_launch.py
[0.485s] -- Up-to-date symlink: /home/group3-robot/robp_group3/install/sllidar_ros2/share/sllidar_ros2/launch/view_sllidar_t1_launch.py
[0.485s] -- Up-to-date symlink: /home/group3-robot/robp_group3/install/sllidar_ros2/share/sllidar_ros2/rviz/sllidar_ros2.rviz
[0.487s] -- Up-to-date symlink: /home/group3-robot/robp_group3/install/sllidar_ros2/lib/sllidar_ros2/sllidar_node
[0.487s] -- Up-to-date symlink: /home/group3-robot/robp_group3/install/sllidar_ros2/lib/sllidar_ros2/sllidar_client
[0.487s] -- Up-to-date symlink: /home/group3-robot/robp_group3/install/sllidar_ros2/share/ament_index/resource_index/package_run_dependencies/sllidar_ros2
[0.487s] -- Up-to-date symlink: /home/group3-robot/robp_group3/install/sllidar_ros2/share/ament_index/resource_index/parent_prefix_path/sllidar_ros2
[0.488s] -- Up-to-date symlink: /home/group3-robot/robp_group3/install/sllidar_ros2/share/sllidar_ros2/environment/ament_prefix_path.sh
[0.488s] -- Up-to-date symlink: /home/group3-robot/robp_group3/install/sllidar_ros2/share/sllidar_ros2/environment/ament_prefix_path.dsv
[0.488s] -- Up-to-date symlink: /home/group3-robot/robp_group3/install/sllidar_ros2/share/sllidar_ros2/environment/path.sh
[0.488s] -- Up-to-date symlink: /home/group3-robot/robp_group3/install/sllidar_ros2/share/sllidar_ros2/environment/path.dsv
[0.489s] -- Up-to-date symlink: /home/group3-robot/robp_group3/install/sllidar_ros2/share/sllidar_ros2/local_setup.bash
[0.489s] -- Up-to-date symlink: /home/group3-robot/robp_group3/install/sllidar_ros2/share/sllidar_ros2/local_setup.sh
[0.489s] -- Up-to-date symlink: /home/group3-robot/robp_group3/install/sllidar_ros2/share/sllidar_ros2/local_setup.zsh
[0.489s] -- Up-to-date symlink: /home/group3-robot/robp_group3/install/sllidar_ros2/share/sllidar_ros2/local_setup.dsv
[0.489s] -- Symlinking: /home/group3-robot/robp_group3/install/sllidar_ros2/share/sllidar_ros2/package.dsv
[0.497s] -- Up-to-date symlink: /home/group3-robot/robp_group3/install/sllidar_ros2/share/ament_index/resource_index/packages/sllidar_ros2
[0.497s] -- Up-to-date symlink: /home/group3-robot/robp_group3/install/sllidar_ros2/share/sllidar_ros2/cmake/ament_cmake_export_dependencies-extras.cmake
[0.497s] -- Up-to-date symlink: /home/group3-robot/robp_group3/install/sllidar_ros2/share/sllidar_ros2/cmake/ament_cmake_export_include_directories-extras.cmake
[0.498s] -- Up-to-date symlink: /home/group3-robot/robp_group3/install/sllidar_ros2/share/sllidar_ros2/cmake/sllidar_ros2Config.cmake
[0.498s] -- Up-to-date symlink: /home/group3-robot/robp_group3/install/sllidar_ros2/share/sllidar_ros2/cmake/sllidar_ros2Config-version.cmake
[0.498s] -- Up-to-date symlink: /home/group3-robot/robp_group3/install/sllidar_ros2/share/sllidar_ros2/package.xml
[0.698s] Invoked command in '/home/group3-robot/robp_group3/build/sllidar_ros2' returned '0': CMAKE_PREFIX_PATH=${CMAKE_PREFIX_PATH}:/home/group3-robot/robp_group3/robp_ws/install/robp_launch:/home/group3-robot/robp_group3/robp_ws/install/odometry:/home/group3-robot/robp_group3/robp_ws/install/path_planner:/home/group3-robot/robp_group3/robp_ws/install/mapping:/home/group3-robot/robp_group3/robp_ws/install/joystick_teleop:/home/group3-robot/robp_group3/robp_ws/install/behavior_tree:/home/group3-robot/robp_group3/robp_ws/install/handle_objects:/home/group3-robot/robp_group3/robp_ws/install/detection:/home/group3-robot/robp_group3/robp_ws/install/arm_servos_pubs_subs:/home/group3-robot/robp_group3/robp_ws/install/arm_controller:/opt/ros/jazzy DEBUGINFOD_URLS=https://debuginfod.ubuntu.com /usr/bin/cmake --install /home/group3-robot/robp_group3/build/sllidar_ros2
