[0.024s] Invoking command in '/home/group3-robot/robp_group3/build/robp_phidgets_spatial': AMENT_PREFIX_PATH=/home/group3-robot/robp_group3/install/robp_interfaces:${AMENT_PREFIX_PATH} CMAKE_PREFIX_PATH=/home/group3-robot/robp_group3/install/robp_interfaces:/home/group3-robot/robp_group3/robp_ws/install/usb_cam:/home/group3-robot/robp_group3/robp_ws/install/sllidar_ros2:/home/group3-robot/robp_group3/robp_ws/install/robp_phidgets_temperature:/home/group3-robot/robp_group3/robp_ws/install/robp_phidgets_spatial:/home/group3-robot/robp_group3/robp_ws/install/robp_phidgets_motors:/home/group3-robot/robp_group3/robp_ws/install/robp_phidgets_encoders:/home/group3-robot/robp_group3/robp_ws/install/robp_interfaces:/opt/ros/jazzy/opt/gz_math_vendor:/opt/ros/jazzy/opt/gz_utils_vendor:/opt/ros/jazzy/opt/gz_cmake_vendor:/home/group3-robot/robp_group3/robp_ws/install/robp_launch:/home/group3-robot/robp_group3/robp_ws/install/odometry:/home/group3-robot/robp_group3/robp_ws/install/path_planner:/home/group3-robot/robp_group3/robp_ws/install/mapping:/home/group3-robot/robp_group3/robp_ws/install/joystick_teleop:/home/group3-robot/robp_group3/robp_ws/install/behavior_tree:/home/group3-robot/robp_group3/robp_ws/install/handle_objects:/home/group3-robot/robp_group3/robp_ws/install/detection:/home/group3-robot/robp_group3/robp_ws/install/arm_servos_pubs_subs:/home/group3-robot/robp_group3/robp_ws/install/arm_controller:/opt/ros/jazzy DEBUGINFOD_URLS=https://debuginfod.ubuntu.com LD_LIBRARY_PATH=/home/group3-robot/robp_group3/install/robp_interfaces/lib:${LD_LIBRARY_PATH} PYTHONPATH=/home/group3-robot/robp_group3/install/robp_interfaces/lib/python3.12/site-packages:${PYTHONPATH} /usr/bin/cmake /home/group3-robot/robp_group3/robp_ws/src/robp_robot/robp_phidgets/robp_phidgets_spatial -DAMENT_CMAKE_SYMLINK_INSTALL=1 -DCMAKE_INSTALL_PREFIX=/home/group3-robot/robp_group3/install/robp_phidgets_spatial
[0.374s] -- robp_phidgets_spatial: You did not request a specific build type: Choosing 'Release' for maximum performance
[0.374s] -- The C compiler identification is GNU 13.3.0
[0.374s] -- The CXX compiler identification is GNU 13.3.0
[0.374s] -- Detecting C compiler ABI info
[0.375s] -- Detecting C compiler ABI info - done
[0.375s] -- Check for working C compiler: /usr/bin/cc - skipped
[0.376s] -- Detecting C compile features
[0.376s] -- Detecting C compile features - done
[0.376s] -- Detecting CXX compiler ABI info
[0.442s] -- Detecting CXX compiler ABI info - done
[0.464s] -- Check for working CXX compiler: /usr/bin/c++ - skipped
[0.464s] -- Detecting CXX compile features
[0.464s] -- Detecting CXX compile features - done
[0.465s] -- Found ament_cmake_ros: 0.12.0 (/opt/ros/jazzy/share/ament_cmake_ros/cmake)
[0.688s] -- Found Python3: /usr/bin/python3 (found version "3.12.3") found components: Interpreter 
[0.777s] -- Override CMake install command with custom implementation using symlinks instead of copying resources
[0.831s] -- Found angles: 1.16.0 (/opt/ros/jazzy/share/angles/cmake)
[0.836s] -- Found libphidget22: 2.3.3 (/opt/ros/jazzy/share/libphidget22/cmake)
[0.841s] -- Found phidgets_api: 2.3.3 (/opt/ros/jazzy/share/phidgets_api/cmake)
[0.846s] -- Found rclcpp: 28.1.6 (/opt/ros/jazzy/share/rclcpp/cmake)
[0.905s] -- Found rosidl_generator_c: 4.6.5 (/opt/ros/jazzy/share/rosidl_generator_c/cmake)
[0.927s] -- Found rosidl_generator_cpp: 4.6.5 (/opt/ros/jazzy/share/rosidl_generator_cpp/cmake)
[0.953s] -- Using all available rosidl_typesupport_c: rosidl_typesupport_fastrtps_c;rosidl_typesupport_introspection_c
[0.982s] -- Using all available rosidl_typesupport_cpp: rosidl_typesupport_fastrtps_cpp;rosidl_typesupport_introspection_cpp
[1.088s] -- Found rmw_implementation_cmake: 7.3.1 (/opt/ros/jazzy/share/rmw_implementation_cmake/cmake)
[1.089s] -- Found rmw_fastrtps_cpp: 8.4.1 (/opt/ros/jazzy/share/rmw_fastrtps_cpp/cmake)
[1.158s] -- Found OpenSSL: /usr/lib/x86_64-linux-gnu/libcrypto.so (found version "3.0.13")  
[1.183s] -- Found FastRTPS: /opt/ros/jazzy/include (Required is at least version "2.13") 
[1.216s] -- Using RMW implementation 'rmw_fastrtps_cpp' as default
[1.330s] -- Found rclcpp_components: 28.1.6 (/opt/ros/jazzy/share/rclcpp_components/cmake)
[1.383s] -- Found robp_interfaces: 1.0.0 (/home/group3-robot/robp_group3/install/robp_interfaces/share/robp_interfaces/cmake)
[1.436s] -- Found sensor_msgs: 5.3.5 (/opt/ros/jazzy/share/sensor_msgs/cmake)
[1.483s] -- Found std_srvs: 5.3.5 (/opt/ros/jazzy/share/std_srvs/cmake)
[1.510s] -- Found tf2: 0.36.8 (/opt/ros/jazzy/share/tf2/cmake)
[1.517s] -- Found tf2_geometry_msgs: 0.36.8 (/opt/ros/jazzy/share/tf2_geometry_msgs/cmake)
[1.539s] -- Found eigen3_cmake_module: 0.3.0 (/opt/ros/jazzy/share/eigen3_cmake_module/cmake)
[1.539s] -- Found Eigen3: TRUE (found version "3.4.0") 
[1.539s] -- Ensuring Eigen3 include directory is part of orocos-kdl CMake target
[1.828s] -- Configuring done (1.8s)
[1.872s] -- Generating done (0.0s)
[1.877s] -- Build files have been written to: /home/group3-robot/robp_group3/build/robp_phidgets_spatial
[1.892s] Invoked command in '/home/group3-robot/robp_group3/build/robp_phidgets_spatial' returned '0': AMENT_PREFIX_PATH=/home/group3-robot/robp_group3/install/robp_interfaces:${AMENT_PREFIX_PATH} CMAKE_PREFIX_PATH=/home/group3-robot/robp_group3/install/robp_interfaces:/home/group3-robot/robp_group3/robp_ws/install/usb_cam:/home/group3-robot/robp_group3/robp_ws/install/sllidar_ros2:/home/group3-robot/robp_group3/robp_ws/install/robp_phidgets_temperature:/home/group3-robot/robp_group3/robp_ws/install/robp_phidgets_spatial:/home/group3-robot/robp_group3/robp_ws/install/robp_phidgets_motors:/home/group3-robot/robp_group3/robp_ws/install/robp_phidgets_encoders:/home/group3-robot/robp_group3/robp_ws/install/robp_interfaces:/opt/ros/jazzy/opt/gz_math_vendor:/opt/ros/jazzy/opt/gz_utils_vendor:/opt/ros/jazzy/opt/gz_cmake_vendor:/home/group3-robot/robp_group3/robp_ws/install/robp_launch:/home/group3-robot/robp_group3/robp_ws/install/odometry:/home/group3-robot/robp_group3/robp_ws/install/path_planner:/home/group3-robot/robp_group3/robp_ws/install/mapping:/home/group3-robot/robp_group3/robp_ws/install/joystick_teleop:/home/group3-robot/robp_group3/robp_ws/install/behavior_tree:/home/group3-robot/robp_group3/robp_ws/install/handle_objects:/home/group3-robot/robp_group3/robp_ws/install/detection:/home/group3-robot/robp_group3/robp_ws/install/arm_servos_pubs_subs:/home/group3-robot/robp_group3/robp_ws/install/arm_controller:/opt/ros/jazzy DEBUGINFOD_URLS=https://debuginfod.ubuntu.com LD_LIBRARY_PATH=/home/group3-robot/robp_group3/install/robp_interfaces/lib:${LD_LIBRARY_PATH} PYTHONPATH=/home/group3-robot/robp_group3/install/robp_interfaces/lib/python3.12/site-packages:${PYTHONPATH} /usr/bin/cmake /home/group3-robot/robp_group3/robp_ws/src/robp_robot/robp_phidgets/robp_phidgets_spatial -DAMENT_CMAKE_SYMLINK_INSTALL=1 -DCMAKE_INSTALL_PREFIX=/home/group3-robot/robp_group3/install/robp_phidgets_spatial
[1.892s] Invoking command in '/home/group3-robot/robp_group3/build/robp_phidgets_spatial': AMENT_PREFIX_PATH=/home/group3-robot/robp_group3/install/robp_interfaces:${AMENT_PREFIX_PATH} CMAKE_PREFIX_PATH=/home/group3-robot/robp_group3/install/robp_interfaces:/home/group3-robot/robp_group3/robp_ws/install/usb_cam:/home/group3-robot/robp_group3/robp_ws/install/sllidar_ros2:/home/group3-robot/robp_group3/robp_ws/install/robp_phidgets_temperature:/home/group3-robot/robp_group3/robp_ws/install/robp_phidgets_spatial:/home/group3-robot/robp_group3/robp_ws/install/robp_phidgets_motors:/home/group3-robot/robp_group3/robp_ws/install/robp_phidgets_encoders:/home/group3-robot/robp_group3/robp_ws/install/robp_interfaces:/opt/ros/jazzy/opt/gz_math_vendor:/opt/ros/jazzy/opt/gz_utils_vendor:/opt/ros/jazzy/opt/gz_cmake_vendor:/home/group3-robot/robp_group3/robp_ws/install/robp_launch:/home/group3-robot/robp_group3/robp_ws/install/odometry:/home/group3-robot/robp_group3/robp_ws/install/path_planner:/home/group3-robot/robp_group3/robp_ws/install/mapping:/home/group3-robot/robp_group3/robp_ws/install/joystick_teleop:/home/group3-robot/robp_group3/robp_ws/install/behavior_tree:/home/group3-robot/robp_group3/robp_ws/install/handle_objects:/home/group3-robot/robp_group3/robp_ws/install/detection:/home/group3-robot/robp_group3/robp_ws/install/arm_servos_pubs_subs:/home/group3-robot/robp_group3/robp_ws/install/arm_controller:/opt/ros/jazzy DEBUGINFOD_URLS=https://debuginfod.ubuntu.com LD_LIBRARY_PATH=/home/group3-robot/robp_group3/install/robp_interfaces/lib:${LD_LIBRARY_PATH} PYTHONPATH=/home/group3-robot/robp_group3/install/robp_interfaces/lib/python3.12/site-packages:${PYTHONPATH} /usr/bin/cmake --build /home/group3-robot/robp_group3/build/robp_phidgets_spatial -- -j8 -l8
[2.025s] [ 50%] [32mBuilding CXX object CMakeFiles/robp_phidgets_spatial.dir/src/spatial.cpp.o[0m
[10.770s] [100%] [32m[1mLinking CXX shared library librobp_phidgets_spatial.so[0m
[10.943s] [100%] Built target robp_phidgets_spatial
[10.953s] Invoked command in '/home/group3-robot/robp_group3/build/robp_phidgets_spatial' returned '0': AMENT_PREFIX_PATH=/home/group3-robot/robp_group3/install/robp_interfaces:${AMENT_PREFIX_PATH} CMAKE_PREFIX_PATH=/home/group3-robot/robp_group3/install/robp_interfaces:/home/group3-robot/robp_group3/robp_ws/install/usb_cam:/home/group3-robot/robp_group3/robp_ws/install/sllidar_ros2:/home/group3-robot/robp_group3/robp_ws/install/robp_phidgets_temperature:/home/group3-robot/robp_group3/robp_ws/install/robp_phidgets_spatial:/home/group3-robot/robp_group3/robp_ws/install/robp_phidgets_motors:/home/group3-robot/robp_group3/robp_ws/install/robp_phidgets_encoders:/home/group3-robot/robp_group3/robp_ws/install/robp_interfaces:/opt/ros/jazzy/opt/gz_math_vendor:/opt/ros/jazzy/opt/gz_utils_vendor:/opt/ros/jazzy/opt/gz_cmake_vendor:/home/group3-robot/robp_group3/robp_ws/install/robp_launch:/home/group3-robot/robp_group3/robp_ws/install/odometry:/home/group3-robot/robp_group3/robp_ws/install/path_planner:/home/group3-robot/robp_group3/robp_ws/install/mapping:/home/group3-robot/robp_group3/robp_ws/install/joystick_teleop:/home/group3-robot/robp_group3/robp_ws/install/behavior_tree:/home/group3-robot/robp_group3/robp_ws/install/handle_objects:/home/group3-robot/robp_group3/robp_ws/install/detection:/home/group3-robot/robp_group3/robp_ws/install/arm_servos_pubs_subs:/home/group3-robot/robp_group3/robp_ws/install/arm_controller:/opt/ros/jazzy DEBUGINFOD_URLS=https://debuginfod.ubuntu.com LD_LIBRARY_PATH=/home/group3-robot/robp_group3/install/robp_interfaces/lib:${LD_LIBRARY_PATH} PYTHONPATH=/home/group3-robot/robp_group3/install/robp_interfaces/lib/python3.12/site-packages:${PYTHONPATH} /usr/bin/cmake --build /home/group3-robot/robp_group3/build/robp_phidgets_spatial -- -j8 -l8
[10.955s] Invoking command in '/home/group3-robot/robp_group3/build/robp_phidgets_spatial': AMENT_PREFIX_PATH=/home/group3-robot/robp_group3/install/robp_interfaces:${AMENT_PREFIX_PATH} CMAKE_PREFIX_PATH=/home/group3-robot/robp_group3/install/robp_interfaces:/home/group3-robot/robp_group3/robp_ws/install/usb_cam:/home/group3-robot/robp_group3/robp_ws/install/sllidar_ros2:/home/group3-robot/robp_group3/robp_ws/install/robp_phidgets_temperature:/home/group3-robot/robp_group3/robp_ws/install/robp_phidgets_spatial:/home/group3-robot/robp_group3/robp_ws/install/robp_phidgets_motors:/home/group3-robot/robp_group3/robp_ws/install/robp_phidgets_encoders:/home/group3-robot/robp_group3/robp_ws/install/robp_interfaces:/opt/ros/jazzy/opt/gz_math_vendor:/opt/ros/jazzy/opt/gz_utils_vendor:/opt/ros/jazzy/opt/gz_cmake_vendor:/home/group3-robot/robp_group3/robp_ws/install/robp_launch:/home/group3-robot/robp_group3/robp_ws/install/odometry:/home/group3-robot/robp_group3/robp_ws/install/path_planner:/home/group3-robot/robp_group3/robp_ws/install/mapping:/home/group3-robot/robp_group3/robp_ws/install/joystick_teleop:/home/group3-robot/robp_group3/robp_ws/install/behavior_tree:/home/group3-robot/robp_group3/robp_ws/install/handle_objects:/home/group3-robot/robp_group3/robp_ws/install/detection:/home/group3-robot/robp_group3/robp_ws/install/arm_servos_pubs_subs:/home/group3-robot/robp_group3/robp_ws/install/arm_controller:/opt/ros/jazzy DEBUGINFOD_URLS=https://debuginfod.ubuntu.com LD_LIBRARY_PATH=/home/group3-robot/robp_group3/install/robp_interfaces/lib:${LD_LIBRARY_PATH} PYTHONPATH=/home/group3-robot/robp_group3/install/robp_interfaces/lib/python3.12/site-packages:${PYTHONPATH} /usr/bin/cmake --install /home/group3-robot/robp_group3/build/robp_phidgets_spatial
[10.963s] -- Install configuration: "Release"
[10.963s] -- Execute custom install script
[10.964s] -- Symlinking: /home/group3-robot/robp_group3/install/robp_phidgets_spatial/lib/librobp_phidgets_spatial.so
[10.971s] -- Symlinking: /home/group3-robot/robp_group3/install/robp_phidgets_spatial/include/robp_phidgets_spatial/spatial.hpp
[10.979s] -- Symlinking: /home/group3-robot/robp_group3/install/robp_phidgets_spatial/share/robp_phidgets_spatial/launch/spatial_launch.py
[10.986s] -- Symlinking: /home/group3-robot/robp_group3/install/robp_phidgets_spatial/share/ament_index/resource_index/package_run_dependencies/robp_phidgets_spatial
[10.993s] -- Symlinking: /home/group3-robot/robp_group3/install/robp_phidgets_spatial/share/ament_index/resource_index/parent_prefix_path/robp_phidgets_spatial
[11.000s] -- Symlinking: /home/group3-robot/robp_group3/install/robp_phidgets_spatial/share/robp_phidgets_spatial/environment/ament_prefix_path.sh
[11.007s] -- Symlinking: /home/group3-robot/robp_group3/install/robp_phidgets_spatial/share/robp_phidgets_spatial/environment/ament_prefix_path.dsv
[11.014s] -- Symlinking: /home/group3-robot/robp_group3/install/robp_phidgets_spatial/share/robp_phidgets_spatial/environment/path.sh
[11.022s] -- Symlinking: /home/group3-robot/robp_group3/install/robp_phidgets_spatial/share/robp_phidgets_spatial/environment/path.dsv
[11.030s] -- Symlinking: /home/group3-robot/robp_group3/install/robp_phidgets_spatial/share/robp_phidgets_spatial/local_setup.bash
[11.038s] -- Symlinking: /home/group3-robot/robp_group3/install/robp_phidgets_spatial/share/robp_phidgets_spatial/local_setup.sh
[11.045s] -- Symlinking: /home/group3-robot/robp_group3/install/robp_phidgets_spatial/share/robp_phidgets_spatial/local_setup.zsh
[11.052s] -- Symlinking: /home/group3-robot/robp_group3/install/robp_phidgets_spatial/share/robp_phidgets_spatial/local_setup.dsv
[11.059s] -- Symlinking: /home/group3-robot/robp_group3/install/robp_phidgets_spatial/share/robp_phidgets_spatial/package.dsv
[11.066s] -- Symlinking: /home/group3-robot/robp_group3/install/robp_phidgets_spatial/share/ament_index/resource_index/packages/robp_phidgets_spatial
[11.074s] -- Symlinking: /home/group3-robot/robp_group3/install/robp_phidgets_spatial/share/ament_index/resource_index/rclcpp_components/robp_phidgets_spatial
[11.081s] -- Symlinking: /home/group3-robot/robp_group3/install/robp_phidgets_spatial/share/robp_phidgets_spatial/cmake/robp_phidgets_spatialConfig.cmake
[11.088s] -- Symlinking: /home/group3-robot/robp_group3/install/robp_phidgets_spatial/share/robp_phidgets_spatial/cmake/robp_phidgets_spatialConfig-version.cmake
[11.095s] -- Symlinking: /home/group3-robot/robp_group3/install/robp_phidgets_spatial/share/robp_phidgets_spatial/package.xml
[11.105s] Invoked command in '/home/group3-robot/robp_group3/build/robp_phidgets_spatial' returned '0': AMENT_PREFIX_PATH=/home/group3-robot/robp_group3/install/robp_interfaces:${AMENT_PREFIX_PATH} CMAKE_PREFIX_PATH=/home/group3-robot/robp_group3/install/robp_interfaces:/home/group3-robot/robp_group3/robp_ws/install/usb_cam:/home/group3-robot/robp_group3/robp_ws/install/sllidar_ros2:/home/group3-robot/robp_group3/robp_ws/install/robp_phidgets_temperature:/home/group3-robot/robp_group3/robp_ws/install/robp_phidgets_spatial:/home/group3-robot/robp_group3/robp_ws/install/robp_phidgets_motors:/home/group3-robot/robp_group3/robp_ws/install/robp_phidgets_encoders:/home/group3-robot/robp_group3/robp_ws/install/robp_interfaces:/opt/ros/jazzy/opt/gz_math_vendor:/opt/ros/jazzy/opt/gz_utils_vendor:/opt/ros/jazzy/opt/gz_cmake_vendor:/home/group3-robot/robp_group3/robp_ws/install/robp_launch:/home/group3-robot/robp_group3/robp_ws/install/odometry:/home/group3-robot/robp_group3/robp_ws/install/path_planner:/home/group3-robot/robp_group3/robp_ws/install/mapping:/home/group3-robot/robp_group3/robp_ws/install/joystick_teleop:/home/group3-robot/robp_group3/robp_ws/install/behavior_tree:/home/group3-robot/robp_group3/robp_ws/install/handle_objects:/home/group3-robot/robp_group3/robp_ws/install/detection:/home/group3-robot/robp_group3/robp_ws/install/arm_servos_pubs_subs:/home/group3-robot/robp_group3/robp_ws/install/arm_controller:/opt/ros/jazzy DEBUGINFOD_URLS=https://debuginfod.ubuntu.com LD_LIBRARY_PATH=/home/group3-robot/robp_group3/install/robp_interfaces/lib:${LD_LIBRARY_PATH} PYTHONPATH=/home/group3-robot/robp_group3/install/robp_interfaces/lib/python3.12/site-packages:${PYTHONPATH} /usr/bin/cmake --install /home/group3-robot/robp_group3/build/robp_phidgets_spatial
