[1.270s] Invoking command in '/home/group3-robot/robp_group3/build/joystick_teleop': DEBUGINFOD_URLS=https://debuginfod.ubuntu.com PYTHONPATH=/home/group3-robot/robp_group3/build/joystick_teleop/prefix_override:/usr/lib/python3/dist-packages/colcon_core/task/python/colcon_distutils_commands:/home/group3-robot/robp_group3/install/joystick_teleop/lib/python3.12/site-packages:${PYTHONPATH} /usr/bin/python3 -W ignore:setup.py install is deprecated -W ignore:easy_install command is deprecated setup.py develop --editable --build-directory /home/group3-robot/robp_group3/build/joystick_teleop/build --no-deps symlink_data
[1.873s] running develop
[2.248s] running egg_info
[2.248s] creating joystick_teleop.egg-info
[2.278s] writing joystick_teleop.egg-info/PKG-INFO
[2.279s] writing dependency_links to joystick_teleop.egg-info/dependency_links.txt
[2.279s] writing entry points to joystick_teleop.egg-info/entry_points.txt
[2.280s] writing requirements to joystick_teleop.egg-info/requires.txt
[2.280s] writing top-level names to joystick_teleop.egg-info/top_level.txt
[2.280s] writing manifest file 'joystick_teleop.egg-info/SOURCES.txt'
[2.339s] reading manifest file 'joystick_teleop.egg-info/SOURCES.txt'
[2.340s] writing manifest file 'joystick_teleop.egg-info/SOURCES.txt'
[2.373s] running build_ext
[2.373s] Creating /home/group3-robot/robp_group3/install/joystick_teleop/lib/python3.12/site-packages/joystick-teleop.egg-link (link to .)
[2.374s] Installing teleop script to /home/group3-robot/robp_group3/install/joystick_teleop/lib/joystick_teleop
[2.375s] Installing twist2duty script to /home/group3-robot/robp_group3/install/joystick_teleop/lib/joystick_teleop
[2.376s] 
[2.376s] Installed /home/group3-robot/robp_group3/build/joystick_teleop
[2.376s] running symlink_data
[2.376s] creating /home/group3-robot/robp_group3/install/joystick_teleop/share/ament_index
[2.377s] creating /home/group3-robot/robp_group3/install/joystick_teleop/share/ament_index/resource_index
[2.377s] creating /home/group3-robot/robp_group3/install/joystick_teleop/share/ament_index/resource_index/packages
[2.378s] symbolically linking /home/group3-robot/robp_group3/build/joystick_teleop/resource/joystick_teleop -> /home/group3-robot/robp_group3/install/joystick_teleop/share/ament_index/resource_index/packages
[2.378s] symbolically linking /home/group3-robot/robp_group3/build/joystick_teleop/package.xml -> /home/group3-robot/robp_group3/install/joystick_teleop/share/joystick_teleop
[2.463s] Invoked command in '/home/group3-robot/robp_group3/build/joystick_teleop' returned '0': DEBUGINFOD_URLS=https://debuginfod.ubuntu.com PYTHONPATH=/home/group3-robot/robp_group3/build/joystick_teleop/prefix_override:/usr/lib/python3/dist-packages/colcon_core/task/python/colcon_distutils_commands:/home/group3-robot/robp_group3/install/joystick_teleop/lib/python3.12/site-packages:${PYTHONPATH} /usr/bin/python3 -W ignore:setup.py install is deprecated -W ignore:easy_install command is deprecated setup.py develop --editable --build-directory /home/group3-robot/robp_group3/build/joystick_teleop/build --no-deps symlink_data
