[0.043s] Invoking command in '/home/group3-robot/robp_group3/build/robp_interfaces': CMAKE_PREFIX_PATH=${CMAKE_PREFIX_PATH}:/home/group3-robot/robp_group3/robp_ws/install/py_trees_ros_viewer:/home/group3-robot/robp_group3/robp_ws/install/handle_objects:/home/group3-robot/robp_group3/robp_ws/install/py_trees:/home/group3-robot/robp_group3/install/py_trees_ros_viewer:/home/group3-robot/robp_group3/install/behavior_tree:/home/group3-robot/robp_group3/install/handle_objects:/home/group3-robot/robp_group3/install/py_trees:/home/group3-robot/robp_group3/robp_ws/install/robp_launch:/home/group3-robot/robp_group3/robp_ws/install/odometry:/home/group3-robot/robp_group3/robp_ws/install/robp_boot_camp_launch:/home/group3-robot/robp_group3/robp_ws/install/path_planner:/home/group3-robot/robp_group3/robp_ws/install/mapping:/home/group3-robot/robp_group3/robp_ws/install/joystick_teleop:/home/group3-robot/robp_group3/robp_ws/install/detection:/home/group3-robot/robp_group3/robp_ws/install/arm_servos_pubs_subs:/home/group3-robot/robp_group3/robp_ws/install/arm_controller:/home/group3-robot/dd2419_ws/install/robp_launch:/home/group3-robot/dd2419_ws/install/odometry:/home/group3-robot/dd2419_ws/install/joystick_teleop:/home/group3-robot/dd2419_ws/install/detection:/home/group3-robot/dd2419_ws/install/arm_servos_pubs_subs:/home/group3-robot/dd2419_ws/install/arm_controller:/home/group3-robot/robp_group3/install/robp_launch:/home/group3-robot/robp_group3/install/odometry:/home/group3-robot/robp_group3/install/robp_boot_camp_launch:/home/group3-robot/robp_group3/install/path_planner:/home/group3-robot/robp_group3/install/mapping:/home/group3-robot/robp_group3/install/joystick_teleop:/home/group3-robot/robp_group3/install/detection:/home/group3-robot/robp_group3/install/arm_servos_pubs_subs:/home/group3-robot/robp_group3/install/arm_controller:/opt/ros/jazzy DEBUGINFOD_URLS=https://debuginfod.ubuntu.com /usr/bin/cmake /home/group3-robot/robp_group3/robp_ws/src/robp_robot/robp_interfaces -DAMENT_CMAKE_SYMLINK_INSTALL=1 -DCMAKE_INSTALL_PREFIX=/home/group3-robot/robp_group3/install/robp_interfaces
[0.986s] -- The C compiler identification is GNU 13.3.0
[0.986s] -- The CXX compiler identification is GNU 13.3.0
[0.986s] -- Detecting C compiler ABI info
[0.987s] -- Detecting C compiler ABI info - done
[0.987s] -- Check for working C compiler: /usr/bin/cc - skipped
[0.987s] -- Detecting C compile features
[0.987s] -- Detecting C compile features - done
[0.987s] -- Detecting CXX compiler ABI info
[0.987s] -- Detecting CXX compiler ABI info - done
[0.987s] -- Check for working CXX compiler: /usr/bin/c++ - skipped
[0.987s] -- Detecting CXX compile features
[0.987s] -- Detecting CXX compile features - done
[0.987s] -- Found ament_cmake: 2.5.3 (/opt/ros/jazzy/share/ament_cmake/cmake)
[0.987s] -- Found Python3: /usr/bin/python3 (found version "3.12.3") found components: Interpreter 
[0.988s] -- Override CMake install command with custom implementation using symlinks instead of copying resources
[0.988s] -- Found rosidl_default_generators: 1.6.0 (/opt/ros/jazzy/share/rosidl_default_generators/cmake)
[0.988s] -- Using all available rosidl_typesupport_c: rosidl_typesupport_fastrtps_c;rosidl_typesupport_introspection_c
[0.988s] -- Using all available rosidl_typesupport_cpp: rosidl_typesupport_fastrtps_cpp;rosidl_typesupport_introspection_cpp
[0.989s] -- Found rosidl_adapter: 4.6.5 (/opt/ros/jazzy/share/rosidl_adapter/cmake)
[0.989s] -- Found std_msgs: 5.3.5 (/opt/ros/jazzy/share/std_msgs/cmake)
[1.959s] -- Found ament_cmake_ros: 0.12.0 (/opt/ros/jazzy/share/ament_cmake_ros/cmake)
[2.787s] -- Using all available rosidl_typesupport_c: rosidl_typesupport_fastrtps_c;rosidl_typesupport_introspection_c
[3.678s] -- Using all available rosidl_typesupport_cpp: rosidl_typesupport_fastrtps_cpp;rosidl_typesupport_introspection_cpp
[3.685s] -- Found python_cmake_module: 0.11.1 (/opt/ros/jazzy/share/python_cmake_module/cmake)
[3.920s] -- Found PythonExtra: /usr/bin/python3  
[4.904s] -- Found Python3: /usr/bin/python3 (found version "3.12.3") found components: Interpreter Development NumPy Development.Module Development.Embed 
[5.015s] -- Found ament_lint_auto: 0.17.1 (/opt/ros/jazzy/share/ament_lint_auto/cmake)
[5.107s] -- Added test 'lint_cmake' to check CMake code style
[5.112s] -- Added test 'xmllint' to check XML markup files
[5.131s] -- Configuring done (5.1s)
[5.200s] -- Generating done (0.0s)
[5.228s] -- Build files have been written to: /home/group3-robot/robp_group3/build/robp_interfaces
[5.264s] Invoked command in '/home/group3-robot/robp_group3/build/robp_interfaces' returned '0': CMAKE_PREFIX_PATH=${CMAKE_PREFIX_PATH}:/home/group3-robot/robp_group3/robp_ws/install/py_trees_ros_viewer:/home/group3-robot/robp_group3/robp_ws/install/handle_objects:/home/group3-robot/robp_group3/robp_ws/install/py_trees:/home/group3-robot/robp_group3/install/py_trees_ros_viewer:/home/group3-robot/robp_group3/install/behavior_tree:/home/group3-robot/robp_group3/install/handle_objects:/home/group3-robot/robp_group3/install/py_trees:/home/group3-robot/robp_group3/robp_ws/install/robp_launch:/home/group3-robot/robp_group3/robp_ws/install/odometry:/home/group3-robot/robp_group3/robp_ws/install/robp_boot_camp_launch:/home/group3-robot/robp_group3/robp_ws/install/path_planner:/home/group3-robot/robp_group3/robp_ws/install/mapping:/home/group3-robot/robp_group3/robp_ws/install/joystick_teleop:/home/group3-robot/robp_group3/robp_ws/install/detection:/home/group3-robot/robp_group3/robp_ws/install/arm_servos_pubs_subs:/home/group3-robot/robp_group3/robp_ws/install/arm_controller:/home/group3-robot/dd2419_ws/install/robp_launch:/home/group3-robot/dd2419_ws/install/odometry:/home/group3-robot/dd2419_ws/install/joystick_teleop:/home/group3-robot/dd2419_ws/install/detection:/home/group3-robot/dd2419_ws/install/arm_servos_pubs_subs:/home/group3-robot/dd2419_ws/install/arm_controller:/home/group3-robot/robp_group3/install/robp_launch:/home/group3-robot/robp_group3/install/odometry:/home/group3-robot/robp_group3/install/robp_boot_camp_launch:/home/group3-robot/robp_group3/install/path_planner:/home/group3-robot/robp_group3/install/mapping:/home/group3-robot/robp_group3/install/joystick_teleop:/home/group3-robot/robp_group3/install/detection:/home/group3-robot/robp_group3/install/arm_servos_pubs_subs:/home/group3-robot/robp_group3/install/arm_controller:/opt/ros/jazzy DEBUGINFOD_URLS=https://debuginfod.ubuntu.com /usr/bin/cmake /home/group3-robot/robp_group3/robp_ws/src/robp_robot/robp_interfaces -DAMENT_CMAKE_SYMLINK_INSTALL=1 -DCMAKE_INSTALL_PREFIX=/home/group3-robot/robp_group3/install/robp_interfaces
[5.264s] Invoking command in '/home/group3-robot/robp_group3/build/robp_interfaces': CMAKE_PREFIX_PATH=${CMAKE_PREFIX_PATH}:/home/group3-robot/robp_group3/robp_ws/install/py_trees_ros_viewer:/home/group3-robot/robp_group3/robp_ws/install/handle_objects:/home/group3-robot/robp_group3/robp_ws/install/py_trees:/home/group3-robot/robp_group3/install/py_trees_ros_viewer:/home/group3-robot/robp_group3/install/behavior_tree:/home/group3-robot/robp_group3/install/handle_objects:/home/group3-robot/robp_group3/install/py_trees:/home/group3-robot/robp_group3/robp_ws/install/robp_launch:/home/group3-robot/robp_group3/robp_ws/install/odometry:/home/group3-robot/robp_group3/robp_ws/install/robp_boot_camp_launch:/home/group3-robot/robp_group3/robp_ws/install/path_planner:/home/group3-robot/robp_group3/robp_ws/install/mapping:/home/group3-robot/robp_group3/robp_ws/install/joystick_teleop:/home/group3-robot/robp_group3/robp_ws/install/detection:/home/group3-robot/robp_group3/robp_ws/install/arm_servos_pubs_subs:/home/group3-robot/robp_group3/robp_ws/install/arm_controller:/home/group3-robot/dd2419_ws/install/robp_launch:/home/group3-robot/dd2419_ws/install/odometry:/home/group3-robot/dd2419_ws/install/joystick_teleop:/home/group3-robot/dd2419_ws/install/detection:/home/group3-robot/dd2419_ws/install/arm_servos_pubs_subs:/home/group3-robot/dd2419_ws/install/arm_controller:/home/group3-robot/robp_group3/install/robp_launch:/home/group3-robot/robp_group3/install/odometry:/home/group3-robot/robp_group3/install/robp_boot_camp_launch:/home/group3-robot/robp_group3/install/path_planner:/home/group3-robot/robp_group3/install/mapping:/home/group3-robot/robp_group3/install/joystick_teleop:/home/group3-robot/robp_group3/install/detection:/home/group3-robot/robp_group3/install/arm_servos_pubs_subs:/home/group3-robot/robp_group3/install/arm_controller:/opt/ros/jazzy DEBUGINFOD_URLS=https://debuginfod.ubuntu.com /usr/bin/cmake --build /home/group3-robot/robp_group3/build/robp_interfaces -- -j8 -l8
[5.404s] [  2%] [34m[1mGenerating type hashes for ROS interfaces[0m
[5.420s] [  2%] Built target ament_cmake_python_symlink_robp_interfaces
[5.776s] [  2%] Built target robp_interfaces__rosidl_generator_type_description
[5.803s] [  4%] [34m[1mGenerating C code for ROS interfaces[0m
[5.866s] [  6%] [34m[1mGenerating C++ code for ROS interfaces[0m
[6.128s] running egg_info
[6.129s] creating robp_interfaces.egg-info
[6.163s] writing robp_interfaces.egg-info/PKG-INFO
[6.164s] writing dependency_links to robp_interfaces.egg-info/dependency_links.txt
[6.164s] writing top-level names to robp_interfaces.egg-info/top_level.txt
[6.164s] writing manifest file 'robp_interfaces.egg-info/SOURCES.txt'
[6.250s] reading manifest file 'robp_interfaces.egg-info/SOURCES.txt'
[6.251s] writing manifest file 'robp_interfaces.egg-info/SOURCES.txt'
[6.337s] [  6%] Built target ament_cmake_python_build_robp_interfaces_egg
[6.800s] [  6%] Built target robp_interfaces__cpp
[6.842s] [  9%] [32mBuilding C object CMakeFiles/robp_interfaces__rosidl_generator_c.dir/rosidl_generator_c/robp_interfaces/msg/detail/duty_cycles__description.c.o[0m
[6.847s] [ 11%] [32mBuilding C object CMakeFiles/robp_interfaces__rosidl_generator_c.dir/rosidl_generator_c/robp_interfaces/msg/detail/duty_cycles__type_support.c.o[0m
[6.850s] [ 13%] [32mBuilding C object CMakeFiles/robp_interfaces__rosidl_generator_c.dir/rosidl_generator_c/robp_interfaces/msg/detail/duty_cycles__functions.c.o[0m
[6.861s] [ 15%] [32mBuilding C object CMakeFiles/robp_interfaces__rosidl_generator_c.dir/rosidl_generator_c/robp_interfaces/msg/detail/encoders__description.c.o[0m
[6.862s] [ 18%] [32mBuilding C object CMakeFiles/robp_interfaces__rosidl_generator_c.dir/rosidl_generator_c/robp_interfaces/msg/detail/encoders__functions.c.o[0m
[6.866s] [ 20%] [32mBuilding C object CMakeFiles/robp_interfaces__rosidl_generator_c.dir/rosidl_generator_c/robp_interfaces/msg/detail/encoders__type_support.c.o[0m
[6.949s] [ 22%] [32m[1mLinking C shared library librobp_interfaces__rosidl_generator_c.so[0m
[7.000s] [ 22%] Built target robp_interfaces__rosidl_generator_c
[7.018s] [ 25%] [34m[1mGenerating C type support for eProsima Fast-RTPS[0m
[7.026s] [ 27%] [34m[1mGenerating C++ type support for eProsima Fast-RTPS[0m
[7.031s] [ 31%] [34m[1mGenerating C introspection for ROS interfaces[0m
[7.031s] [ 31%] [34m[1mGenerating C++ introspection for ROS interfaces[0m
[7.031s] [ 34%] [34m[1mGenerating C type support dispatch for ROS interfaces[0m
[7.046s] [ 36%] [34m[1mGenerating C++ type support dispatch for ROS interfaces[0m
[7.915s] [ 38%] [32mBuilding C object CMakeFiles/robp_interfaces__rosidl_typesupport_introspection_c.dir/rosidl_typesupport_introspection_c/robp_interfaces/msg/detail/encoders__type_support.c.o[0m
[7.920s] [ 40%] [32mBuilding C object CMakeFiles/robp_interfaces__rosidl_typesupport_introspection_c.dir/rosidl_typesupport_introspection_c/robp_interfaces/msg/detail/duty_cycles__type_support.c.o[0m
[7.997s] [ 43%] [32m[1mLinking C shared library librobp_interfaces__rosidl_typesupport_introspection_c.so[0m
[8.037s] [ 43%] Built target robp_interfaces__rosidl_typesupport_introspection_c
[8.178s] [ 45%] [32mBuilding CXX object CMakeFiles/robp_interfaces__rosidl_typesupport_fastrtps_c.dir/rosidl_typesupport_fastrtps_c/robp_interfaces/msg/detail/encoders__type_support_c.cpp.o[0m
[8.191s] [ 47%] [32mBuilding CXX object CMakeFiles/robp_interfaces__rosidl_typesupport_fastrtps_c.dir/rosidl_typesupport_fastrtps_c/robp_interfaces/msg/detail/duty_cycles__type_support_c.cpp.o[0m
[8.312s] [ 50%] [32mBuilding CXX object CMakeFiles/robp_interfaces__rosidl_typesupport_introspection_cpp.dir/rosidl_typesupport_introspection_cpp/robp_interfaces/msg/detail/duty_cycles__type_support.cpp.o[0m
[8.313s] [ 52%] [32mBuilding CXX object CMakeFiles/robp_interfaces__rosidl_typesupport_introspection_cpp.dir/rosidl_typesupport_introspection_cpp/robp_interfaces/msg/detail/encoders__type_support.cpp.o[0m
[8.320s] [ 54%] [32mBuilding CXX object CMakeFiles/robp_interfaces__rosidl_typesupport_cpp.dir/rosidl_typesupport_cpp/robp_interfaces/msg/duty_cycles__type_support.cpp.o[0m
[8.320s] [ 56%] [32mBuilding CXX object CMakeFiles/robp_interfaces__rosidl_typesupport_cpp.dir/rosidl_typesupport_cpp/robp_interfaces/msg/encoders__type_support.cpp.o[0m
[8.391s] [ 59%] [32mBuilding CXX object CMakeFiles/robp_interfaces__rosidl_typesupport_fastrtps_cpp.dir/rosidl_typesupport_fastrtps_cpp/robp_interfaces/msg/detail/dds_fastrtps/duty_cycles__type_support.cpp.o[0m
[8.471s] [ 61%] [32mBuilding CXX object CMakeFiles/robp_interfaces__rosidl_typesupport_c.dir/rosidl_typesupport_c/robp_interfaces/msg/duty_cycles__type_support.cpp.o[0m
[8.615s] [ 63%] [32mBuilding CXX object CMakeFiles/robp_interfaces__rosidl_typesupport_c.dir/rosidl_typesupport_c/robp_interfaces/msg/encoders__type_support.cpp.o[0m
[8.740s] [ 65%] [32m[1mLinking CXX shared library librobp_interfaces__rosidl_typesupport_c.so[0m
[9.019s] [ 65%] Built target robp_interfaces__rosidl_typesupport_c
[9.074s] [ 68%] [32mBuilding CXX object CMakeFiles/robp_interfaces__rosidl_typesupport_fastrtps_cpp.dir/rosidl_typesupport_fastrtps_cpp/robp_interfaces/msg/detail/dds_fastrtps/encoders__type_support.cpp.o[0m
[10.071s] [ 70%] [32m[1mLinking CXX shared library librobp_interfaces__rosidl_typesupport_cpp.so[0m
[10.117s] [ 72%] [32m[1mLinking CXX shared library librobp_interfaces__rosidl_typesupport_introspection_cpp.so[0m
[10.308s] [ 72%] Built target robp_interfaces__rosidl_typesupport_cpp
[10.395s] [ 72%] Built target robp_interfaces__rosidl_typesupport_introspection_cpp
[10.678s] [ 75%] [32m[1mLinking CXX shared library librobp_interfaces__rosidl_typesupport_fastrtps_c.so[0m
[10.875s] [ 75%] Built target robp_interfaces__rosidl_typesupport_fastrtps_c
[11.484s] [ 77%] [32m[1mLinking CXX shared library librobp_interfaces__rosidl_typesupport_fastrtps_cpp.so[0m
[11.638s] [ 77%] Built target robp_interfaces__rosidl_typesupport_fastrtps_cpp
[11.669s] [ 77%] Built target robp_interfaces
[11.766s] [ 79%] [34m[1mGenerating Python code for ROS interfaces[0m
[13.878s] [ 79%] Built target robp_interfaces__py
[13.936s] [ 81%] [32mBuilding C object CMakeFiles/robp_interfaces__rosidl_generator_py.dir/rosidl_generator_py/robp_interfaces/msg/_duty_cycles_s.c.o[0m
[13.955s] [ 84%] [32mBuilding C object CMakeFiles/robp_interfaces__rosidl_generator_py.dir/rosidl_generator_py/robp_interfaces/msg/_encoders_s.c.o[0m
[14.606s] [ 86%] [32m[1mLinking C shared library librobp_interfaces__rosidl_generator_py.so[0m
[14.733s] [ 86%] Built target robp_interfaces__rosidl_generator_py
[14.824s] [ 88%] [32mBuilding C object CMakeFiles/robp_interfaces_s__rosidl_typesupport_fastrtps_c.dir/rosidl_generator_py/robp_interfaces/_robp_interfaces_s.ep.rosidl_typesupport_fastrtps_c.c.o[0m
[14.841s] [ 90%] [32mBuilding C object CMakeFiles/robp_interfaces_s__rosidl_typesupport_c.dir/rosidl_generator_py/robp_interfaces/_robp_interfaces_s.ep.rosidl_typesupport_c.c.o[0m
[14.870s] [ 93%] [32mBuilding C object CMakeFiles/robp_interfaces_s__rosidl_typesupport_introspection_c.dir/rosidl_generator_py/robp_interfaces/_robp_interfaces_s.ep.rosidl_typesupport_introspection_c.c.o[0m
[15.056s] [ 95%] [32m[1mLinking C shared module rosidl_generator_py/robp_interfaces/robp_interfaces_s__rosidl_typesupport_fastrtps_c.so[0m
[15.139s] [ 97%] [32m[1mLinking C shared module rosidl_generator_py/robp_interfaces/robp_interfaces_s__rosidl_typesupport_introspection_c.so[0m
[15.160s] [ 97%] Built target robp_interfaces_s__rosidl_typesupport_fastrtps_c
[15.263s] [ 97%] Built target robp_interfaces_s__rosidl_typesupport_introspection_c
[15.276s] [100%] [32m[1mLinking C shared module rosidl_generator_py/robp_interfaces/robp_interfaces_s__rosidl_typesupport_c.so[0m
[15.363s] [100%] Built target robp_interfaces_s__rosidl_typesupport_c
[15.428s] Invoked command in '/home/group3-robot/robp_group3/build/robp_interfaces' returned '0': CMAKE_PREFIX_PATH=${CMAKE_PREFIX_PATH}:/home/group3-robot/robp_group3/robp_ws/install/py_trees_ros_viewer:/home/group3-robot/robp_group3/robp_ws/install/handle_objects:/home/group3-robot/robp_group3/robp_ws/install/py_trees:/home/group3-robot/robp_group3/install/py_trees_ros_viewer:/home/group3-robot/robp_group3/install/behavior_tree:/home/group3-robot/robp_group3/install/handle_objects:/home/group3-robot/robp_group3/install/py_trees:/home/group3-robot/robp_group3/robp_ws/install/robp_launch:/home/group3-robot/robp_group3/robp_ws/install/odometry:/home/group3-robot/robp_group3/robp_ws/install/robp_boot_camp_launch:/home/group3-robot/robp_group3/robp_ws/install/path_planner:/home/group3-robot/robp_group3/robp_ws/install/mapping:/home/group3-robot/robp_group3/robp_ws/install/joystick_teleop:/home/group3-robot/robp_group3/robp_ws/install/detection:/home/group3-robot/robp_group3/robp_ws/install/arm_servos_pubs_subs:/home/group3-robot/robp_group3/robp_ws/install/arm_controller:/home/group3-robot/dd2419_ws/install/robp_launch:/home/group3-robot/dd2419_ws/install/odometry:/home/group3-robot/dd2419_ws/install/joystick_teleop:/home/group3-robot/dd2419_ws/install/detection:/home/group3-robot/dd2419_ws/install/arm_servos_pubs_subs:/home/group3-robot/dd2419_ws/install/arm_controller:/home/group3-robot/robp_group3/install/robp_launch:/home/group3-robot/robp_group3/install/odometry:/home/group3-robot/robp_group3/install/robp_boot_camp_launch:/home/group3-robot/robp_group3/install/path_planner:/home/group3-robot/robp_group3/install/mapping:/home/group3-robot/robp_group3/install/joystick_teleop:/home/group3-robot/robp_group3/install/detection:/home/group3-robot/robp_group3/install/arm_servos_pubs_subs:/home/group3-robot/robp_group3/install/arm_controller:/opt/ros/jazzy DEBUGINFOD_URLS=https://debuginfod.ubuntu.com /usr/bin/cmake --build /home/group3-robot/robp_group3/build/robp_interfaces -- -j8 -l8
[15.428s] Invoking command in '/home/group3-robot/robp_group3/build/robp_interfaces': CMAKE_PREFIX_PATH=${CMAKE_PREFIX_PATH}:/home/group3-robot/robp_group3/robp_ws/install/py_trees_ros_viewer:/home/group3-robot/robp_group3/robp_ws/install/handle_objects:/home/group3-robot/robp_group3/robp_ws/install/py_trees:/home/group3-robot/robp_group3/install/py_trees_ros_viewer:/home/group3-robot/robp_group3/install/behavior_tree:/home/group3-robot/robp_group3/install/handle_objects:/home/group3-robot/robp_group3/install/py_trees:/home/group3-robot/robp_group3/robp_ws/install/robp_launch:/home/group3-robot/robp_group3/robp_ws/install/odometry:/home/group3-robot/robp_group3/robp_ws/install/robp_boot_camp_launch:/home/group3-robot/robp_group3/robp_ws/install/path_planner:/home/group3-robot/robp_group3/robp_ws/install/mapping:/home/group3-robot/robp_group3/robp_ws/install/joystick_teleop:/home/group3-robot/robp_group3/robp_ws/install/detection:/home/group3-robot/robp_group3/robp_ws/install/arm_servos_pubs_subs:/home/group3-robot/robp_group3/robp_ws/install/arm_controller:/home/group3-robot/dd2419_ws/install/robp_launch:/home/group3-robot/dd2419_ws/install/odometry:/home/group3-robot/dd2419_ws/install/joystick_teleop:/home/group3-robot/dd2419_ws/install/detection:/home/group3-robot/dd2419_ws/install/arm_servos_pubs_subs:/home/group3-robot/dd2419_ws/install/arm_controller:/home/group3-robot/robp_group3/install/robp_launch:/home/group3-robot/robp_group3/install/odometry:/home/group3-robot/robp_group3/install/robp_boot_camp_launch:/home/group3-robot/robp_group3/install/path_planner:/home/group3-robot/robp_group3/install/mapping:/home/group3-robot/robp_group3/install/joystick_teleop:/home/group3-robot/robp_group3/install/detection:/home/group3-robot/robp_group3/install/arm_servos_pubs_subs:/home/group3-robot/robp_group3/install/arm_controller:/opt/ros/jazzy DEBUGINFOD_URLS=https://debuginfod.ubuntu.com /usr/bin/cmake --install /home/group3-robot/robp_group3/build/robp_interfaces
[15.462s] -- Install configuration: ""
[15.463s] -- Execute custom install script
[15.463s] -- Symlinking: /home/group3-robot/robp_group3/install/robp_interfaces/share/ament_index/resource_index/rosidl_interfaces/robp_interfaces
[15.493s] -- Symlinking: /home/group3-robot/robp_group3/install/robp_interfaces/share/robp_interfaces/msg/DutyCycles.json
[15.517s] -- Symlinking: /home/group3-robot/robp_group3/install/robp_interfaces/share/robp_interfaces/msg/Encoders.json
[15.556s] -- Symlinking: /home/group3-robot/robp_group3/install/robp_interfaces/include/robp_interfaces/robp_interfaces/msg/detail/duty_cycles__functions.h
[15.588s] -- Symlinking: /home/group3-robot/robp_group3/install/robp_interfaces/include/robp_interfaces/robp_interfaces/msg/detail/duty_cycles__struct.h
[15.602s] -- Symlinking: /home/group3-robot/robp_group3/install/robp_interfaces/include/robp_interfaces/robp_interfaces/msg/detail/duty_cycles__type_support.h
[15.633s] -- Symlinking: /home/group3-robot/robp_group3/install/robp_interfaces/include/robp_interfaces/robp_interfaces/msg/detail/encoders__functions.h
[15.659s] -- Symlinking: /home/group3-robot/robp_group3/install/robp_interfaces/include/robp_interfaces/robp_interfaces/msg/detail/encoders__struct.h
[15.687s] -- Symlinking: /home/group3-robot/robp_group3/install/robp_interfaces/include/robp_interfaces/robp_interfaces/msg/detail/encoders__type_support.h
[15.717s] -- Symlinking: /home/group3-robot/robp_group3/install/robp_interfaces/include/robp_interfaces/robp_interfaces/msg/duty_cycles.h
[15.744s] -- Symlinking: /home/group3-robot/robp_group3/install/robp_interfaces/include/robp_interfaces/robp_interfaces/msg/encoders.h
[15.764s] -- Symlinking: /home/group3-robot/robp_group3/install/robp_interfaces/include/robp_interfaces/robp_interfaces/msg/rosidl_generator_c__visibility_control.h
[15.782s] -- Symlinking: /home/group3-robot/robp_group3/install/robp_interfaces/share/robp_interfaces/environment/library_path.sh
[15.796s] -- Symlinking: /home/group3-robot/robp_group3/install/robp_interfaces/share/robp_interfaces/environment/library_path.dsv
[15.810s] -- Symlinking: /home/group3-robot/robp_group3/install/robp_interfaces/include/robp_interfaces/robp_interfaces/msg/detail/duty_cycles__rosidl_typesupport_fastrtps_c.h
[15.830s] -- Symlinking: /home/group3-robot/robp_group3/install/robp_interfaces/include/robp_interfaces/robp_interfaces/msg/detail/encoders__rosidl_typesupport_fastrtps_c.h
[15.844s] -- Symlinking: /home/group3-robot/robp_group3/install/robp_interfaces/include/robp_interfaces/robp_interfaces/msg/rosidl_typesupport_fastrtps_c__visibility_control.h
[15.868s] -- Symlinking: /home/group3-robot/robp_group3/install/robp_interfaces/include/robp_interfaces/robp_interfaces/msg/detail/duty_cycles__rosidl_typesupport_introspection_c.h
[15.902s] -- Symlinking: /home/group3-robot/robp_group3/install/robp_interfaces/include/robp_interfaces/robp_interfaces/msg/detail/encoders__rosidl_typesupport_introspection_c.h
[15.933s] -- Symlinking: /home/group3-robot/robp_group3/install/robp_interfaces/include/robp_interfaces/robp_interfaces/msg/rosidl_typesupport_introspection_c__visibility_control.h
[15.966s] -- Symlinking: /home/group3-robot/robp_group3/install/robp_interfaces/include/robp_interfaces/robp_interfaces/msg/detail/duty_cycles__builder.hpp
[16.003s] -- Symlinking: /home/group3-robot/robp_group3/install/robp_interfaces/include/robp_interfaces/robp_interfaces/msg/detail/duty_cycles__struct.hpp
[16.023s] -- Symlinking: /home/group3-robot/robp_group3/install/robp_interfaces/include/robp_interfaces/robp_interfaces/msg/detail/duty_cycles__traits.hpp
[16.048s] -- Symlinking: /home/group3-robot/robp_group3/install/robp_interfaces/include/robp_interfaces/robp_interfaces/msg/detail/duty_cycles__type_support.hpp
[16.074s] -- Symlinking: /home/group3-robot/robp_group3/install/robp_interfaces/include/robp_interfaces/robp_interfaces/msg/detail/encoders__builder.hpp
[16.104s] -- Symlinking: /home/group3-robot/robp_group3/install/robp_interfaces/include/robp_interfaces/robp_interfaces/msg/detail/encoders__struct.hpp
[16.128s] -- Symlinking: /home/group3-robot/robp_group3/install/robp_interfaces/include/robp_interfaces/robp_interfaces/msg/detail/encoders__traits.hpp
[16.157s] -- Symlinking: /home/group3-robot/robp_group3/install/robp_interfaces/include/robp_interfaces/robp_interfaces/msg/detail/encoders__type_support.hpp
[16.169s] -- Symlinking: /home/group3-robot/robp_group3/install/robp_interfaces/include/robp_interfaces/robp_interfaces/msg/duty_cycles.hpp
[16.181s] -- Symlinking: /home/group3-robot/robp_group3/install/robp_interfaces/include/robp_interfaces/robp_interfaces/msg/encoders.hpp
[16.194s] -- Symlinking: /home/group3-robot/robp_group3/install/robp_interfaces/include/robp_interfaces/robp_interfaces/msg/rosidl_generator_cpp__visibility_control.hpp
[16.216s] -- Symlinking: /home/group3-robot/robp_group3/install/robp_interfaces/include/robp_interfaces/robp_interfaces/msg/detail/duty_cycles__rosidl_typesupport_fastrtps_cpp.hpp
[16.258s] -- Symlinking: /home/group3-robot/robp_group3/install/robp_interfaces/include/robp_interfaces/robp_interfaces/msg/detail/encoders__rosidl_typesupport_fastrtps_cpp.hpp
[16.276s] -- Symlinking: /home/group3-robot/robp_group3/install/robp_interfaces/include/robp_interfaces/robp_interfaces/msg/rosidl_typesupport_fastrtps_cpp__visibility_control.h
[16.295s] -- Symlinking: /home/group3-robot/robp_group3/install/robp_interfaces/include/robp_interfaces/robp_interfaces/msg/detail/duty_cycles__rosidl_typesupport_introspection_cpp.hpp
[16.308s] -- Symlinking: /home/group3-robot/robp_group3/install/robp_interfaces/include/robp_interfaces/robp_interfaces/msg/detail/encoders__rosidl_typesupport_introspection_cpp.hpp
[16.333s] -- Symlinking: /home/group3-robot/robp_group3/install/robp_interfaces/share/robp_interfaces/environment/pythonpath.sh
[16.346s] -- Symlinking: /home/group3-robot/robp_group3/install/robp_interfaces/share/robp_interfaces/environment/pythonpath.dsv
[16.367s] -- Symlinking: /home/group3-robot/robp_group3/install/robp_interfaces/lib/python3.12/site-packages/robp_interfaces-1.0.0-py3.12.egg-info/PKG-INFO
[16.390s] -- Symlinking: /home/group3-robot/robp_group3/install/robp_interfaces/lib/python3.12/site-packages/robp_interfaces-1.0.0-py3.12.egg-info/SOURCES.txt
[16.421s] -- Symlinking: /home/group3-robot/robp_group3/install/robp_interfaces/lib/python3.12/site-packages/robp_interfaces-1.0.0-py3.12.egg-info/dependency_links.txt
[16.447s] -- Symlinking: /home/group3-robot/robp_group3/install/robp_interfaces/lib/python3.12/site-packages/robp_interfaces-1.0.0-py3.12.egg-info/top_level.txt
[16.466s] -- Symlinking: /home/group3-robot/robp_group3/install/robp_interfaces/lib/python3.12/site-packages/robp_interfaces/__init__.py
[16.480s] -- Symlinking: /home/group3-robot/robp_group3/install/robp_interfaces/lib/python3.12/site-packages/robp_interfaces/_robp_interfaces_s.ep.rosidl_typesupport_c.c
[16.514s] -- Symlinking: /home/group3-robot/robp_group3/install/robp_interfaces/lib/python3.12/site-packages/robp_interfaces/_robp_interfaces_s.ep.rosidl_typesupport_fastrtps_c.c
[16.538s] -- Symlinking: /home/group3-robot/robp_group3/install/robp_interfaces/lib/python3.12/site-packages/robp_interfaces/_robp_interfaces_s.ep.rosidl_typesupport_introspection_c.c
[16.552s] -- Symlinking: /home/group3-robot/robp_group3/install/robp_interfaces/lib/python3.12/site-packages/robp_interfaces/msg/__init__.py
[16.581s] -- Symlinking: /home/group3-robot/robp_group3/install/robp_interfaces/lib/python3.12/site-packages/robp_interfaces/msg/_duty_cycles.py
[16.632s] -- Symlinking: /home/group3-robot/robp_group3/install/robp_interfaces/lib/python3.12/site-packages/robp_interfaces/msg/_duty_cycles_s.c
[16.678s] -- Symlinking: /home/group3-robot/robp_group3/install/robp_interfaces/lib/python3.12/site-packages/robp_interfaces/msg/_encoders.py
[16.702s] -- Symlinking: /home/group3-robot/robp_group3/install/robp_interfaces/lib/python3.12/site-packages/robp_interfaces/msg/_encoders_s.c
[16.728s] -- Symlinking: /home/group3-robot/robp_group3/install/robp_interfaces/lib/python3.12/site-packages/robp_interfaces/robp_interfaces_s__rosidl_typesupport_c.so
[16.757s] -- Symlinking: /home/group3-robot/robp_group3/install/robp_interfaces/lib/python3.12/site-packages/robp_interfaces/robp_interfaces_s__rosidl_typesupport_fastrtps_c.so
[16.778s] -- Symlinking: /home/group3-robot/robp_group3/install/robp_interfaces/lib/python3.12/site-packages/robp_interfaces/robp_interfaces_s__rosidl_typesupport_introspection_c.so
[16.802s] -- Up-to-date symlink: /home/group3-robot/robp_group3/install/robp_interfaces/lib/python3.12/site-packages/robp_interfaces/robp_interfaces_s__rosidl_typesupport_fastrtps_c.so
[16.802s] -- Up-to-date symlink: /home/group3-robot/robp_group3/install/robp_interfaces/lib/python3.12/site-packages/robp_interfaces/robp_interfaces_s__rosidl_typesupport_introspection_c.so
[16.802s] -- Up-to-date symlink: /home/group3-robot/robp_group3/install/robp_interfaces/lib/python3.12/site-packages/robp_interfaces/robp_interfaces_s__rosidl_typesupport_c.so
[16.803s] -- Symlinking: /home/group3-robot/robp_group3/install/robp_interfaces/share/robp_interfaces/msg/DutyCycles.idl
[16.841s] -- Symlinking: /home/group3-robot/robp_group3/install/robp_interfaces/share/robp_interfaces/msg/Encoders.idl
[16.866s] -- Symlinking: /home/group3-robot/robp_group3/install/robp_interfaces/share/robp_interfaces/msg/DutyCycles.msg
[16.894s] -- Symlinking: /home/group3-robot/robp_group3/install/robp_interfaces/share/robp_interfaces/msg/Encoders.msg
[16.918s] -- Symlinking: /home/group3-robot/robp_group3/install/robp_interfaces/share/ament_index/resource_index/package_run_dependencies/robp_interfaces
[16.946s] -- Symlinking: /home/group3-robot/robp_group3/install/robp_interfaces/share/ament_index/resource_index/parent_prefix_path/robp_interfaces
[16.977s] -- Symlinking: /home/group3-robot/robp_group3/install/robp_interfaces/share/robp_interfaces/environment/ament_prefix_path.sh
[17.016s] -- Symlinking: /home/group3-robot/robp_group3/install/robp_interfaces/share/robp_interfaces/environment/ament_prefix_path.dsv
[17.058s] -- Symlinking: /home/group3-robot/robp_group3/install/robp_interfaces/share/robp_interfaces/environment/path.sh
[17.082s] -- Symlinking: /home/group3-robot/robp_group3/install/robp_interfaces/share/robp_interfaces/environment/path.dsv
[17.122s] -- Symlinking: /home/group3-robot/robp_group3/install/robp_interfaces/share/robp_interfaces/local_setup.bash
[17.144s] -- Symlinking: /home/group3-robot/robp_group3/install/robp_interfaces/share/robp_interfaces/local_setup.sh
[17.169s] -- Symlinking: /home/group3-robot/robp_group3/install/robp_interfaces/share/robp_interfaces/local_setup.zsh
[17.198s] -- Symlinking: /home/group3-robot/robp_group3/install/robp_interfaces/share/robp_interfaces/local_setup.dsv
[17.226s] -- Symlinking: /home/group3-robot/robp_group3/install/robp_interfaces/share/robp_interfaces/package.dsv
[17.251s] -- Symlinking: /home/group3-robot/robp_group3/install/robp_interfaces/share/ament_index/resource_index/packages/robp_interfaces
[17.271s] -- Symlinking: /home/group3-robot/robp_group3/install/robp_interfaces/share/robp_interfaces/cmake/rosidl_cmake-extras.cmake
[17.304s] -- Symlinking: /home/group3-robot/robp_group3/install/robp_interfaces/share/robp_interfaces/cmake/ament_cmake_export_dependencies-extras.cmake
[17.328s] -- Symlinking: /home/group3-robot/robp_group3/install/robp_interfaces/share/robp_interfaces/cmake/ament_cmake_export_include_directories-extras.cmake
[17.344s] -- Symlinking: /home/group3-robot/robp_group3/install/robp_interfaces/share/robp_interfaces/cmake/ament_cmake_export_libraries-extras.cmake
[17.362s] -- Symlinking: /home/group3-robot/robp_group3/install/robp_interfaces/share/robp_interfaces/cmake/ament_cmake_export_targets-extras.cmake
[17.393s] -- Symlinking: /home/group3-robot/robp_group3/install/robp_interfaces/share/robp_interfaces/cmake/rosidl_cmake_export_typesupport_targets-extras.cmake
[17.421s] -- Symlinking: /home/group3-robot/robp_group3/install/robp_interfaces/share/robp_interfaces/cmake/rosidl_cmake_export_typesupport_libraries-extras.cmake
[17.442s] -- Symlinking: /home/group3-robot/robp_group3/install/robp_interfaces/share/robp_interfaces/cmake/robp_interfacesConfig.cmake
[17.470s] -- Symlinking: /home/group3-robot/robp_group3/install/robp_interfaces/share/robp_interfaces/cmake/robp_interfacesConfig-version.cmake
[17.495s] -- Symlinking: /home/group3-robot/robp_group3/install/robp_interfaces/share/robp_interfaces/package.xml
[17.529s] -- Installing: /home/group3-robot/robp_group3/install/robp_interfaces/lib/librobp_interfaces__rosidl_generator_c.so
[17.529s] -- Set non-toolchain portion of runtime path of "/home/group3-robot/robp_group3/install/robp_interfaces/lib/librobp_interfaces__rosidl_generator_c.so" to ""
[17.529s] -- Installing: /home/group3-robot/robp_group3/install/robp_interfaces/lib/librobp_interfaces__rosidl_typesupport_fastrtps_c.so
[17.529s] -- Set non-toolchain portion of runtime path of "/home/group3-robot/robp_group3/install/robp_interfaces/lib/librobp_interfaces__rosidl_typesupport_fastrtps_c.so" to ""
[17.530s] -- Installing: /home/group3-robot/robp_group3/install/robp_interfaces/lib/librobp_interfaces__rosidl_typesupport_introspection_c.so
[17.533s] -- Set non-toolchain portion of runtime path of "/home/group3-robot/robp_group3/install/robp_interfaces/lib/librobp_interfaces__rosidl_typesupport_introspection_c.so" to ""
[17.534s] -- Installing: /home/group3-robot/robp_group3/install/robp_interfaces/lib/librobp_interfaces__rosidl_typesupport_c.so
[17.543s] -- Set non-toolchain portion of runtime path of "/home/group3-robot/robp_group3/install/robp_interfaces/lib/librobp_interfaces__rosidl_typesupport_c.so" to ""
[17.543s] -- Installing: /home/group3-robot/robp_group3/install/robp_interfaces/lib/librobp_interfaces__rosidl_typesupport_fastrtps_cpp.so
[17.549s] -- Set non-toolchain portion of runtime path of "/home/group3-robot/robp_group3/install/robp_interfaces/lib/librobp_interfaces__rosidl_typesupport_fastrtps_cpp.so" to ""
[17.549s] -- Installing: /home/group3-robot/robp_group3/install/robp_interfaces/lib/librobp_interfaces__rosidl_typesupport_introspection_cpp.so
[17.549s] -- Set non-toolchain portion of runtime path of "/home/group3-robot/robp_group3/install/robp_interfaces/lib/librobp_interfaces__rosidl_typesupport_introspection_cpp.so" to ""
[17.549s] -- Installing: /home/group3-robot/robp_group3/install/robp_interfaces/lib/librobp_interfaces__rosidl_typesupport_cpp.so
[17.550s] -- Set non-toolchain portion of runtime path of "/home/group3-robot/robp_group3/install/robp_interfaces/lib/librobp_interfaces__rosidl_typesupport_cpp.so" to ""
[17.668s] Listing '/home/group3-robot/robp_group3/install/robp_interfaces/lib/python3.12/site-packages/robp_interfaces'...
[17.668s] Compiling '/home/group3-robot/robp_group3/install/robp_interfaces/lib/python3.12/site-packages/robp_interfaces/__init__.py'...
[17.668s] Listing '/home/group3-robot/robp_group3/install/robp_interfaces/lib/python3.12/site-packages/robp_interfaces/msg'...
[17.668s] Compiling '/home/group3-robot/robp_group3/install/robp_interfaces/lib/python3.12/site-packages/robp_interfaces/msg/__init__.py'...
[17.669s] Compiling '/home/group3-robot/robp_group3/install/robp_interfaces/lib/python3.12/site-packages/robp_interfaces/msg/_duty_cycles.py'...
[17.669s] Compiling '/home/group3-robot/robp_group3/install/robp_interfaces/lib/python3.12/site-packages/robp_interfaces/msg/_encoders.py'...
[17.678s] -- Installing: /home/group3-robot/robp_group3/install/robp_interfaces/lib/librobp_interfaces__rosidl_generator_py.so
[17.687s] -- Set non-toolchain portion of runtime path of "/home/group3-robot/robp_group3/install/robp_interfaces/lib/librobp_interfaces__rosidl_generator_py.so" to ""
[17.687s] -- Installing: /home/group3-robot/robp_group3/install/robp_interfaces/share/robp_interfaces/cmake/export_robp_interfaces__rosidl_generator_cExport.cmake
[17.687s] -- Installing: /home/group3-robot/robp_group3/install/robp_interfaces/share/robp_interfaces/cmake/export_robp_interfaces__rosidl_generator_cExport-noconfig.cmake
[17.690s] -- Installing: /home/group3-robot/robp_group3/install/robp_interfaces/share/robp_interfaces/cmake/export_robp_interfaces__rosidl_typesupport_fastrtps_cExport.cmake
[17.690s] -- Installing: /home/group3-robot/robp_group3/install/robp_interfaces/share/robp_interfaces/cmake/export_robp_interfaces__rosidl_typesupport_fastrtps_cExport-noconfig.cmake
[17.690s] -- Installing: /home/group3-robot/robp_group3/install/robp_interfaces/share/robp_interfaces/cmake/robp_interfaces__rosidl_typesupport_introspection_cExport.cmake
[17.691s] -- Installing: /home/group3-robot/robp_group3/install/robp_interfaces/share/robp_interfaces/cmake/robp_interfaces__rosidl_typesupport_introspection_cExport-noconfig.cmake
[17.696s] -- Installing: /home/group3-robot/robp_group3/install/robp_interfaces/share/robp_interfaces/cmake/robp_interfaces__rosidl_typesupport_cExport.cmake
[17.696s] -- Installing: /home/group3-robot/robp_group3/install/robp_interfaces/share/robp_interfaces/cmake/robp_interfaces__rosidl_typesupport_cExport-noconfig.cmake
[17.696s] -- Installing: /home/group3-robot/robp_group3/install/robp_interfaces/share/robp_interfaces/cmake/export_robp_interfaces__rosidl_generator_cppExport.cmake
[17.696s] -- Installing: /home/group3-robot/robp_group3/install/robp_interfaces/share/robp_interfaces/cmake/export_robp_interfaces__rosidl_typesupport_fastrtps_cppExport.cmake
[17.696s] -- Installing: /home/group3-robot/robp_group3/install/robp_interfaces/share/robp_interfaces/cmake/export_robp_interfaces__rosidl_typesupport_fastrtps_cppExport-noconfig.cmake
[17.696s] -- Installing: /home/group3-robot/robp_group3/install/robp_interfaces/share/robp_interfaces/cmake/robp_interfaces__rosidl_typesupport_introspection_cppExport.cmake
[17.697s] -- Installing: /home/group3-robot/robp_group3/install/robp_interfaces/share/robp_interfaces/cmake/robp_interfaces__rosidl_typesupport_introspection_cppExport-noconfig.cmake
[17.697s] -- Installing: /home/group3-robot/robp_group3/install/robp_interfaces/share/robp_interfaces/cmake/robp_interfaces__rosidl_typesupport_cppExport.cmake
[17.697s] -- Installing: /home/group3-robot/robp_group3/install/robp_interfaces/share/robp_interfaces/cmake/robp_interfaces__rosidl_typesupport_cppExport-noconfig.cmake
[17.697s] -- Installing: /home/group3-robot/robp_group3/install/robp_interfaces/share/robp_interfaces/cmake/export_robp_interfaces__rosidl_generator_pyExport.cmake
[17.697s] -- Installing: /home/group3-robot/robp_group3/install/robp_interfaces/share/robp_interfaces/cmake/export_robp_interfaces__rosidl_generator_pyExport-noconfig.cmake
[17.727s] Invoked command in '/home/group3-robot/robp_group3/build/robp_interfaces' returned '0': CMAKE_PREFIX_PATH=${CMAKE_PREFIX_PATH}:/home/group3-robot/robp_group3/robp_ws/install/py_trees_ros_viewer:/home/group3-robot/robp_group3/robp_ws/install/handle_objects:/home/group3-robot/robp_group3/robp_ws/install/py_trees:/home/group3-robot/robp_group3/install/py_trees_ros_viewer:/home/group3-robot/robp_group3/install/behavior_tree:/home/group3-robot/robp_group3/install/handle_objects:/home/group3-robot/robp_group3/install/py_trees:/home/group3-robot/robp_group3/robp_ws/install/robp_launch:/home/group3-robot/robp_group3/robp_ws/install/odometry:/home/group3-robot/robp_group3/robp_ws/install/robp_boot_camp_launch:/home/group3-robot/robp_group3/robp_ws/install/path_planner:/home/group3-robot/robp_group3/robp_ws/install/mapping:/home/group3-robot/robp_group3/robp_ws/install/joystick_teleop:/home/group3-robot/robp_group3/robp_ws/install/detection:/home/group3-robot/robp_group3/robp_ws/install/arm_servos_pubs_subs:/home/group3-robot/robp_group3/robp_ws/install/arm_controller:/home/group3-robot/dd2419_ws/install/robp_launch:/home/group3-robot/dd2419_ws/install/odometry:/home/group3-robot/dd2419_ws/install/joystick_teleop:/home/group3-robot/dd2419_ws/install/detection:/home/group3-robot/dd2419_ws/install/arm_servos_pubs_subs:/home/group3-robot/dd2419_ws/install/arm_controller:/home/group3-robot/robp_group3/install/robp_launch:/home/group3-robot/robp_group3/install/odometry:/home/group3-robot/robp_group3/install/robp_boot_camp_launch:/home/group3-robot/robp_group3/install/path_planner:/home/group3-robot/robp_group3/install/mapping:/home/group3-robot/robp_group3/install/joystick_teleop:/home/group3-robot/robp_group3/install/detection:/home/group3-robot/robp_group3/install/arm_servos_pubs_subs:/home/group3-robot/robp_group3/install/arm_controller:/opt/ros/jazzy DEBUGINFOD_URLS=https://debuginfod.ubuntu.com /usr/bin/cmake --install /home/group3-robot/robp_group3/build/robp_interfaces
