running develop
running egg_info
creating robp_boot_camp_launch.egg-info
writing robp_boot_camp_launch.egg-info/PKG-INFO
writing dependency_links to robp_boot_camp_launch.egg-info/dependency_links.txt
writing requirements to robp_boot_camp_launch.egg-info/requires.txt
writing top-level names to robp_boot_camp_launch.egg-info/top_level.txt
writing manifest file 'robp_boot_camp_launch.egg-info/SOURCES.txt'
reading manifest file 'robp_boot_camp_launch.egg-info/SOURCES.txt'
writing manifest file 'robp_boot_camp_launch.egg-info/SOURCES.txt'
running build_ext
Creating /home/group3-robot/robp_group3/install/robp_boot_camp_launch/lib/python3.12/site-packages/robp-boot-camp-launch.egg-link (link to .)

Installed /home/group3-robot/robp_group3/build/robp_boot_camp_launch
running symlink_data
creating /home/group3-robot/robp_group3/install/robp_boot_camp_launch/share/ament_index/resource_index/packages
symbolically linking /home/group3-robot/robp_group3/build/robp_boot_camp_launch/resource/robp_boot_camp_launch -> /home/group3-robot/robp_group3/install/robp_boot_camp_launch/share/ament_index/resource_index/packages
creating /home/group3-robot/robp_group3/install/robp_boot_camp_launch/share/robp_boot_camp_launch/launch
symbolically linking /home/group3-robot/robp_group3/build/robp_boot_camp_launch/launch/boot_camp_part1_launch.xml -> /home/group3-robot/robp_group3/install/robp_boot_camp_launch/share/robp_boot_camp_launch/launch
symbolically linking /home/group3-robot/robp_group3/build/robp_boot_camp_launch/launch/boot_camp_part3_launch.xml -> /home/group3-robot/robp_group3/install/robp_boot_camp_launch/share/robp_boot_camp_launch/launch
symbolically linking /home/group3-robot/robp_group3/build/robp_boot_camp_launch/launch/boot_camp_part2_launch.xml -> /home/group3-robot/robp_group3/install/robp_boot_camp_launch/share/robp_boot_camp_launch/launch
creating /home/group3-robot/robp_group3/install/robp_boot_camp_launch/share/robp_boot_camp_launch/rviz
symbolically linking /home/group3-robot/robp_group3/build/robp_boot_camp_launch/rviz/boot_camp_part3.rviz -> /home/group3-robot/robp_group3/install/robp_boot_camp_launch/share/robp_boot_camp_launch/rviz
symbolically linking /home/group3-robot/robp_group3/build/robp_boot_camp_launch/rviz/boot_camp_part1.rviz -> /home/group3-robot/robp_group3/install/robp_boot_camp_launch/share/robp_boot_camp_launch/rviz
symbolically linking /home/group3-robot/robp_group3/build/robp_boot_camp_launch/rviz/boot_camp_part2.rviz -> /home/group3-robot/robp_group3/install/robp_boot_camp_launch/share/robp_boot_camp_launch/rviz
symbolically linking /home/group3-robot/robp_group3/build/robp_boot_camp_launch/package.xml -> /home/group3-robot/robp_group3/install/robp_boot_camp_launch/share/robp_boot_camp_launch
