[1.226s] Invoking command in '/home/group3-robot/robp_group3/build/robp_boot_camp_launch': DEBUGINFOD_URLS=https://debuginfod.ubuntu.com PYTHONPATH=/home/group3-robot/robp_group3/build/robp_boot_camp_launch/prefix_override:/home/group3-robot/ros2_venv/lib/python3.12/site-packages/colcon_core/task/python/colcon_distutils_commands:/home/group3-robot/robp_group3/install/robp_boot_camp_launch/lib/python3.12/site-packages:${PYTHONPATH} VIRTUAL_ENV_PROMPT=(ros2_venv) /home/group3-robot/ros2_venv/bin/python3 -W ignore:setup.py install is deprecated -W ignore:easy_install command is deprecated setup.py develop --editable --build-directory /home/group3-robot/robp_group3/build/robp_boot_camp_launch/build --no-deps symlink_data
[1.410s] /home/group3-robot/ros2_venv/lib/python3.12/site-packages/setuptools/_distutils/dist.py:270: UserWarning: Unknown distribution option: 'tests_require'
[1.410s]   warnings.warn(msg)
[1.532s] running develop
[1.673s] running egg_info
[1.689s] creating robp_boot_camp_launch.egg-info
[1.689s] writing robp_boot_camp_launch.egg-info/PKG-INFO
[1.690s] writing dependency_links to robp_boot_camp_launch.egg-info/dependency_links.txt
[1.690s] writing requirements to robp_boot_camp_launch.egg-info/requires.txt
[1.690s] writing top-level names to robp_boot_camp_launch.egg-info/top_level.txt
[1.690s] writing manifest file 'robp_boot_camp_launch.egg-info/SOURCES.txt'
[1.722s] reading manifest file 'robp_boot_camp_launch.egg-info/SOURCES.txt'
[1.723s] writing manifest file 'robp_boot_camp_launch.egg-info/SOURCES.txt'
[1.744s] running build_ext
[1.744s] Creating /home/group3-robot/robp_group3/install/robp_boot_camp_launch/lib/python3.12/site-packages/robp-boot-camp-launch.egg-link (link to .)
[1.745s] 
[1.745s] Installed /home/group3-robot/robp_group3/build/robp_boot_camp_launch
[1.745s] running symlink_data
[1.745s] creating /home/group3-robot/robp_group3/install/robp_boot_camp_launch/share/ament_index/resource_index/packages
[1.745s] symbolically linking /home/group3-robot/robp_group3/build/robp_boot_camp_launch/resource/robp_boot_camp_launch -> /home/group3-robot/robp_group3/install/robp_boot_camp_launch/share/ament_index/resource_index/packages
[1.746s] creating /home/group3-robot/robp_group3/install/robp_boot_camp_launch/share/robp_boot_camp_launch/launch
[1.746s] symbolically linking /home/group3-robot/robp_group3/build/robp_boot_camp_launch/launch/boot_camp_part1_launch.xml -> /home/group3-robot/robp_group3/install/robp_boot_camp_launch/share/robp_boot_camp_launch/launch
[1.746s] symbolically linking /home/group3-robot/robp_group3/build/robp_boot_camp_launch/launch/boot_camp_part3_launch.xml -> /home/group3-robot/robp_group3/install/robp_boot_camp_launch/share/robp_boot_camp_launch/launch
[1.746s] symbolically linking /home/group3-robot/robp_group3/build/robp_boot_camp_launch/launch/boot_camp_part2_launch.xml -> /home/group3-robot/robp_group3/install/robp_boot_camp_launch/share/robp_boot_camp_launch/launch
[1.746s] creating /home/group3-robot/robp_group3/install/robp_boot_camp_launch/share/robp_boot_camp_launch/rviz
[1.746s] symbolically linking /home/group3-robot/robp_group3/build/robp_boot_camp_launch/rviz/boot_camp_part3.rviz -> /home/group3-robot/robp_group3/install/robp_boot_camp_launch/share/robp_boot_camp_launch/rviz
[1.746s] symbolically linking /home/group3-robot/robp_group3/build/robp_boot_camp_launch/rviz/boot_camp_part1.rviz -> /home/group3-robot/robp_group3/install/robp_boot_camp_launch/share/robp_boot_camp_launch/rviz
[1.746s] symbolically linking /home/group3-robot/robp_group3/build/robp_boot_camp_launch/rviz/boot_camp_part2.rviz -> /home/group3-robot/robp_group3/install/robp_boot_camp_launch/share/robp_boot_camp_launch/rviz
[1.746s] symbolically linking /home/group3-robot/robp_group3/build/robp_boot_camp_launch/package.xml -> /home/group3-robot/robp_group3/install/robp_boot_camp_launch/share/robp_boot_camp_launch
[1.795s] Invoked command in '/home/group3-robot/robp_group3/build/robp_boot_camp_launch' returned '0': DEBUGINFOD_URLS=https://debuginfod.ubuntu.com PYTHONPATH=/home/group3-robot/robp_group3/build/robp_boot_camp_launch/prefix_override:/home/group3-robot/ros2_venv/lib/python3.12/site-packages/colcon_core/task/python/colcon_distutils_commands:/home/group3-robot/robp_group3/install/robp_boot_camp_launch/lib/python3.12/site-packages:${PYTHONPATH} VIRTUAL_ENV_PROMPT=(ros2_venv) /home/group3-robot/ros2_venv/bin/python3 -W ignore:setup.py install is deprecated -W ignore:easy_install command is deprecated setup.py develop --editable --build-directory /home/group3-robot/robp_group3/build/robp_boot_camp_launch/build --no-deps symlink_data
