running develop
Removing /home/group3-robot/robp_group3/install/detection/lib/python3.12/site-packages/detection.egg-link (link to .)
running egg_info
writing ../../../build/detection/detection.egg-info/PKG-INFO
writing dependency_links to ../../../build/detection/detection.egg-info/dependency_links.txt
writing entry points to ../../../build/detection/detection.egg-info/entry_points.txt
writing requirements to ../../../build/detection/detection.egg-info/requires.txt
writing top-level names to ../../../build/detection/detection.egg-info/top_level.txt
reading manifest file '../../../build/detection/detection.egg-info/SOURCES.txt'
adding license file 'LICENSE'
writing manifest file '../../../build/detection/detection.egg-info/SOURCES.txt'
running build
running build_py
running install
running install_lib
creating /home/group3-robot/robp_group3/install/detection/lib/python3.12/site-packages/detection
copying /home/group3-robot/robp_group3/build/detection/build/lib/detection/detection.py -> /home/group3-robot/robp_group3/install/detection/lib/python3.12/site-packages/detection
copying /home/group3-robot/robp_group3/build/detection/build/lib/detection/__init__.py -> /home/group3-robot/robp_group3/install/detection/lib/python3.12/site-packages/detection
byte-compiling /home/group3-robot/robp_group3/install/detection/lib/python3.12/site-packages/detection/detection.py to detection.cpython-312.pyc
byte-compiling /home/group3-robot/robp_group3/install/detection/lib/python3.12/site-packages/detection/__init__.py to __init__.cpython-312.pyc
running install_data
copying resource/detection -> /home/group3-robot/robp_group3/install/detection/share/ament_index/resource_index/packages
copying package.xml -> /home/group3-robot/robp_group3/install/detection/share/detection
running install_egg_info
Copying ../../../build/detection/detection.egg-info to /home/group3-robot/robp_group3/install/detection/lib/python3.12/site-packages/detection-0.0.0-py3.12.egg-info
running install_scripts
Installing detection script to /home/group3-robot/robp_group3/install/detection/lib/detection
writing list of installed files to '/home/group3-robot/robp_group3/build/detection/install.log'
