[2.089s] Invoking command in '/home/group3-robot/robp_group3/build/detection': DEBUGINFOD_URLS=https://debuginfod.ubuntu.com PYTHONPATH=/home/group3-robot/robp_group3/build/detection/prefix_override:/usr/lib/python3/dist-packages/colcon_core/task/python/colcon_distutils_commands:/home/group3-robot/robp_group3/install/detection/lib/python3.12/site-packages:${PYTHONPATH} /usr/bin/python3 -W ignore:setup.py install is deprecated -W ignore:easy_install command is deprecated setup.py develop --uninstall --editable --build-directory /home/group3-robot/robp_group3/build/detection/build
[2.613s] running develop
[3.061s] Removing /home/group3-robot/robp_group3/install/detection/lib/python3.12/site-packages/detection.egg-link (link to .)
[3.145s] Invoked command in '/home/group3-robot/robp_group3/build/detection' returned '0': DEBUGINFOD_URLS=https://debuginfod.ubuntu.com PYTHONPATH=/home/group3-robot/robp_group3/build/detection/prefix_override:/usr/lib/python3/dist-packages/colcon_core/task/python/colcon_distutils_commands:/home/group3-robot/robp_group3/install/detection/lib/python3.12/site-packages:${PYTHONPATH} /usr/bin/python3 -W ignore:setup.py install is deprecated -W ignore:easy_install command is deprecated setup.py develop --uninstall --editable --build-directory /home/group3-robot/robp_group3/build/detection/build
[3.146s] Invoking command in '/home/group3-robot/robp_group3/robp_ws/src/detection': DEBUGINFOD_URLS=https://debuginfod.ubuntu.com PYTHONPATH=/home/group3-robot/robp_group3/build/detection/prefix_override:/usr/lib/python3/dist-packages/colcon_core/task/python/colcon_distutils_commands:/home/group3-robot/robp_group3/install/detection/lib/python3.12/site-packages:${PYTHONPATH} /usr/bin/python3 -W ignore:setup.py install is deprecated -W ignore:easy_install command is deprecated setup.py egg_info --egg-base ../../../build/detection build --build-base /home/group3-robot/robp_group3/build/detection/build install --record /home/group3-robot/robp_group3/build/detection/install.log --single-version-externally-managed install_data --force
[3.606s] running egg_info
[3.632s] writing ../../../build/detection/detection.egg-info/PKG-INFO
[3.634s] writing dependency_links to ../../../build/detection/detection.egg-info/dependency_links.txt
[3.634s] writing entry points to ../../../build/detection/detection.egg-info/entry_points.txt
[3.634s] writing requirements to ../../../build/detection/detection.egg-info/requires.txt
[3.634s] writing top-level names to ../../../build/detection/detection.egg-info/top_level.txt
[3.686s] reading manifest file '../../../build/detection/detection.egg-info/SOURCES.txt'
[3.688s] adding license file 'LICENSE'
[3.688s] writing manifest file '../../../build/detection/detection.egg-info/SOURCES.txt'
[3.688s] running build
[3.689s] running build_py
[3.689s] running install
[3.701s] running install_lib
[3.726s] creating /home/group3-robot/robp_group3/install/detection/lib/python3.12/site-packages/detection
[3.727s] copying /home/group3-robot/robp_group3/build/detection/build/lib/detection/detection.py -> /home/group3-robot/robp_group3/install/detection/lib/python3.12/site-packages/detection
[3.727s] copying /home/group3-robot/robp_group3/build/detection/build/lib/detection/__init__.py -> /home/group3-robot/robp_group3/install/detection/lib/python3.12/site-packages/detection
[3.728s] byte-compiling /home/group3-robot/robp_group3/install/detection/lib/python3.12/site-packages/detection/detection.py to detection.cpython-312.pyc
[3.732s] byte-compiling /home/group3-robot/robp_group3/install/detection/lib/python3.12/site-packages/detection/__init__.py to __init__.cpython-312.pyc
[3.733s] running install_data
[3.734s] copying resource/detection -> /home/group3-robot/robp_group3/install/detection/share/ament_index/resource_index/packages
[3.735s] copying package.xml -> /home/group3-robot/robp_group3/install/detection/share/detection
[3.737s] running install_egg_info
[3.765s] Copying ../../../build/detection/detection.egg-info to /home/group3-robot/robp_group3/install/detection/lib/python3.12/site-packages/detection-0.0.0-py3.12.egg-info
[3.769s] running install_scripts
[3.941s] Installing detection script to /home/group3-robot/robp_group3/install/detection/lib/detection
[3.942s] writing list of installed files to '/home/group3-robot/robp_group3/build/detection/install.log'
[4.006s] Invoked command in '/home/group3-robot/robp_group3/robp_ws/src/detection' returned '0': DEBUGINFOD_URLS=https://debuginfod.ubuntu.com PYTHONPATH=/home/group3-robot/robp_group3/build/detection/prefix_override:/usr/lib/python3/dist-packages/colcon_core/task/python/colcon_distutils_commands:/home/group3-robot/robp_group3/install/detection/lib/python3.12/site-packages:${PYTHONPATH} /usr/bin/python3 -W ignore:setup.py install is deprecated -W ignore:easy_install command is deprecated setup.py egg_info --egg-base ../../../build/detection build --build-base /home/group3-robot/robp_group3/build/detection/build install --record /home/group3-robot/robp_group3/build/detection/install.log --single-version-externally-managed install_data --force
