[0.689s] Invoking command in '/home/group3-robot/robp_group3/build/drive_base_msgs': CMAKE_PREFIX_PATH=${CMAKE_PREFIX_PATH}:/home/group3-robot/robp_group3/install/robp_launch:/home/group3-robot/robp_group3/install/odometry:/home/group3-robot/robp_group3/install/path_planner:/home/group3-robot/robp_group3/install/mapping:/home/group3-robot/robp_group3/install/joystick_teleop:/home/group3-robot/robp_group3/install/detection:/home/group3-robot/robp_group3/install/arm_servos_pubs_subs:/home/group3-robot/robp_group3/install/arm_controller:/home/group3-robot/robp_group3/robp_ws/install/mapping:/home/group3-robot/robp_group3/robp_ws/install/robp_launch:/home/group3-robot/robp_group3/robp_ws/install/odometry:/home/group3-robot/robp_group3/robp_ws/install/path_planner:/home/group3-robot/robp_group3/robp_ws/install/joystick_teleop:/home/group3-robot/robp_group3/robp_ws/install/detection:/home/group3-robot/robp_group3/robp_ws/install/arm_servos_pubs_subs:/home/group3-robot/robp_group3/robp_ws/install/arm_controller:/home/group3-robot/dd2419_ws/install/robp_launch:/home/group3-robot/dd2419_ws/install/odometry:/home/group3-robot/dd2419_ws/install/joystick_teleop:/home/group3-robot/dd2419_ws/install/detection:/home/group3-robot/dd2419_ws/install/arm_servos_pubs_subs:/home/group3-robot/dd2419_ws/install/arm_controller:/opt/ros/jazzy DEBUGINFOD_URLS=https://debuginfod.ubuntu.com /usr/bin/cmake --build /home/group3-robot/robp_group3/build/drive_base_msgs -- -j8 -l8
[0.734s] [  1%] Built target drive_base_msgs__rosidl_generator_type_description
[0.744s] [  1%] Built target ament_cmake_python_symlink_drive_base_msgs
[0.759s] [  6%] Built target drive_base_msgs__cpp
[0.759s] [ 25%] Built target drive_base_msgs__rosidl_generator_c
[0.799s] [ 34%] Built target drive_base_msgs__rosidl_typesupport_fastrtps_cpp
[0.799s] [ 45%] Built target drive_base_msgs__rosidl_typesupport_introspection_c
[0.800s] [ 57%] Built target drive_base_msgs__rosidl_typesupport_introspection_cpp
[0.800s] [ 62%] Built target drive_base_msgs__rosidl_typesupport_fastrtps_c
[0.806s] [ 71%] Built target drive_base_msgs__rosidl_typesupport_cpp
[0.807s] [ 81%] Built target drive_base_msgs__rosidl_typesupport_c
[0.827s] [ 81%] Built target drive_base_msgs
[0.846s] [ 82%] Built target drive_base_msgs__py
[0.866s] [ 90%] Built target drive_base_msgs__rosidl_generator_py
[0.886s] [ 93%] Built target drive_base_msgs_s__rosidl_typesupport_c
[0.887s] [ 96%] Built target drive_base_msgs_s__rosidl_typesupport_introspection_c
[0.892s] [100%] Built target drive_base_msgs_s__rosidl_typesupport_fastrtps_c
[1.008s] running egg_info
[1.034s] writing drive_base_msgs.egg-info/PKG-INFO
[1.034s] writing dependency_links to drive_base_msgs.egg-info/dependency_links.txt
[1.034s] writing top-level names to drive_base_msgs.egg-info/top_level.txt
[1.109s] reading manifest file 'drive_base_msgs.egg-info/SOURCES.txt'
[1.110s] writing manifest file 'drive_base_msgs.egg-info/SOURCES.txt'
[1.153s] [100%] Built target ament_cmake_python_build_drive_base_msgs_egg
[1.169s] Invoked command in '/home/group3-robot/robp_group3/build/drive_base_msgs' returned '0': CMAKE_PREFIX_PATH=${CMAKE_PREFIX_PATH}:/home/group3-robot/robp_group3/install/robp_launch:/home/group3-robot/robp_group3/install/odometry:/home/group3-robot/robp_group3/install/path_planner:/home/group3-robot/robp_group3/install/mapping:/home/group3-robot/robp_group3/install/joystick_teleop:/home/group3-robot/robp_group3/install/detection:/home/group3-robot/robp_group3/install/arm_servos_pubs_subs:/home/group3-robot/robp_group3/install/arm_controller:/home/group3-robot/robp_group3/robp_ws/install/mapping:/home/group3-robot/robp_group3/robp_ws/install/robp_launch:/home/group3-robot/robp_group3/robp_ws/install/odometry:/home/group3-robot/robp_group3/robp_ws/install/path_planner:/home/group3-robot/robp_group3/robp_ws/install/joystick_teleop:/home/group3-robot/robp_group3/robp_ws/install/detection:/home/group3-robot/robp_group3/robp_ws/install/arm_servos_pubs_subs:/home/group3-robot/robp_group3/robp_ws/install/arm_controller:/home/group3-robot/dd2419_ws/install/robp_launch:/home/group3-robot/dd2419_ws/install/odometry:/home/group3-robot/dd2419_ws/install/joystick_teleop:/home/group3-robot/dd2419_ws/install/detection:/home/group3-robot/dd2419_ws/install/arm_servos_pubs_subs:/home/group3-robot/dd2419_ws/install/arm_controller:/opt/ros/jazzy DEBUGINFOD_URLS=https://debuginfod.ubuntu.com /usr/bin/cmake --build /home/group3-robot/robp_group3/build/drive_base_msgs -- -j8 -l8
[1.169s] Invoking command in '/home/group3-robot/robp_group3/build/drive_base_msgs': CMAKE_PREFIX_PATH=${CMAKE_PREFIX_PATH}:/home/group3-robot/robp_group3/install/robp_launch:/home/group3-robot/robp_group3/install/odometry:/home/group3-robot/robp_group3/install/path_planner:/home/group3-robot/robp_group3/install/mapping:/home/group3-robot/robp_group3/install/joystick_teleop:/home/group3-robot/robp_group3/install/detection:/home/group3-robot/robp_group3/install/arm_servos_pubs_subs:/home/group3-robot/robp_group3/install/arm_controller:/home/group3-robot/robp_group3/robp_ws/install/mapping:/home/group3-robot/robp_group3/robp_ws/install/robp_launch:/home/group3-robot/robp_group3/robp_ws/install/odometry:/home/group3-robot/robp_group3/robp_ws/install/path_planner:/home/group3-robot/robp_group3/robp_ws/install/joystick_teleop:/home/group3-robot/robp_group3/robp_ws/install/detection:/home/group3-robot/robp_group3/robp_ws/install/arm_servos_pubs_subs:/home/group3-robot/robp_group3/robp_ws/install/arm_controller:/home/group3-robot/dd2419_ws/install/robp_launch:/home/group3-robot/dd2419_ws/install/odometry:/home/group3-robot/dd2419_ws/install/joystick_teleop:/home/group3-robot/dd2419_ws/install/detection:/home/group3-robot/dd2419_ws/install/arm_servos_pubs_subs:/home/group3-robot/dd2419_ws/install/arm_controller:/opt/ros/jazzy DEBUGINFOD_URLS=https://debuginfod.ubuntu.com /usr/bin/cmake --install /home/group3-robot/robp_group3/build/drive_base_msgs
[1.185s] -- Install configuration: ""
[1.186s] -- Execute custom install script
[1.187s] -- Up-to-date symlink: /home/group3-robot/robp_group3/install/drive_base_msgs/share/ament_index/resource_index/rosidl_interfaces/drive_base_msgs
[1.187s] -- Up-to-date symlink: /home/group3-robot/robp_group3/install/drive_base_msgs/share/drive_base_msgs/msg/CommandHeader.json
[1.188s] -- Up-to-date symlink: /home/group3-robot/robp_group3/install/drive_base_msgs/share/drive_base_msgs/msg/BaseInfo.json
[1.188s] -- Up-to-date symlink: /home/group3-robot/robp_group3/install/drive_base_msgs/share/drive_base_msgs/msg/CommandStatus.json
[1.189s] -- Up-to-date symlink: /home/group3-robot/robp_group3/install/drive_base_msgs/share/drive_base_msgs/msg/TRVCommand.json
[1.189s] -- Up-to-date symlink: /home/group3-robot/robp_group3/install/drive_base_msgs/include/drive_base_msgs/drive_base_msgs/msg/base_info.h
[1.190s] -- Up-to-date symlink: /home/group3-robot/robp_group3/install/drive_base_msgs/include/drive_base_msgs/drive_base_msgs/msg/command_header.h
[1.190s] -- Up-to-date symlink: /home/group3-robot/robp_group3/install/drive_base_msgs/include/drive_base_msgs/drive_base_msgs/msg/command_status.h
[1.190s] -- Up-to-date symlink: /home/group3-robot/robp_group3/install/drive_base_msgs/include/drive_base_msgs/drive_base_msgs/msg/detail/base_info__functions.h
[1.191s] -- Up-to-date symlink: /home/group3-robot/robp_group3/install/drive_base_msgs/include/drive_base_msgs/drive_base_msgs/msg/detail/base_info__struct.h
[1.191s] -- Up-to-date symlink: /home/group3-robot/robp_group3/install/drive_base_msgs/include/drive_base_msgs/drive_base_msgs/msg/detail/base_info__type_support.h
[1.191s] -- Up-to-date symlink: /home/group3-robot/robp_group3/install/drive_base_msgs/include/drive_base_msgs/drive_base_msgs/msg/detail/command_header__functions.h
[1.191s] -- Up-to-date symlink: /home/group3-robot/robp_group3/install/drive_base_msgs/include/drive_base_msgs/drive_base_msgs/msg/detail/command_header__struct.h
[1.192s] -- Up-to-date symlink: /home/group3-robot/robp_group3/install/drive_base_msgs/include/drive_base_msgs/drive_base_msgs/msg/detail/command_header__type_support.h
[1.194s] -- Up-to-date symlink: /home/group3-robot/robp_group3/install/drive_base_msgs/include/drive_base_msgs/drive_base_msgs/msg/detail/command_status__functions.h
[1.194s] -- Up-to-date symlink: /home/group3-robot/robp_group3/install/drive_base_msgs/include/drive_base_msgs/drive_base_msgs/msg/detail/command_status__struct.h
[1.194s] -- Up-to-date symlink: /home/group3-robot/robp_group3/install/drive_base_msgs/include/drive_base_msgs/drive_base_msgs/msg/detail/command_status__type_support.h
[1.194s] -- Up-to-date symlink: /home/group3-robot/robp_group3/install/drive_base_msgs/include/drive_base_msgs/drive_base_msgs/msg/detail/trv_command__functions.h
[1.194s] -- Up-to-date symlink: /home/group3-robot/robp_group3/install/drive_base_msgs/include/drive_base_msgs/drive_base_msgs/msg/detail/trv_command__struct.h
[1.194s] -- Up-to-date symlink: /home/group3-robot/robp_group3/install/drive_base_msgs/include/drive_base_msgs/drive_base_msgs/msg/detail/trv_command__type_support.h
[1.195s] -- Up-to-date symlink: /home/group3-robot/robp_group3/install/drive_base_msgs/include/drive_base_msgs/drive_base_msgs/msg/rosidl_generator_c__visibility_control.h
[1.195s] -- Up-to-date symlink: /home/group3-robot/robp_group3/install/drive_base_msgs/include/drive_base_msgs/drive_base_msgs/msg/trv_command.h
[1.195s] -- Up-to-date symlink: /home/group3-robot/robp_group3/install/drive_base_msgs/share/drive_base_msgs/environment/library_path.sh
[1.195s] -- Up-to-date symlink: /home/group3-robot/robp_group3/install/drive_base_msgs/share/drive_base_msgs/environment/library_path.dsv
[1.195s] -- Up-to-date symlink: /home/group3-robot/robp_group3/install/drive_base_msgs/include/drive_base_msgs/drive_base_msgs/msg/detail/base_info__rosidl_typesupport_fastrtps_c.h
[1.195s] -- Up-to-date symlink: /home/group3-robot/robp_group3/install/drive_base_msgs/include/drive_base_msgs/drive_base_msgs/msg/detail/command_header__rosidl_typesupport_fastrtps_c.h
[1.196s] -- Up-to-date symlink: /home/group3-robot/robp_group3/install/drive_base_msgs/include/drive_base_msgs/drive_base_msgs/msg/detail/command_status__rosidl_typesupport_fastrtps_c.h
[1.196s] -- Up-to-date symlink: /home/group3-robot/robp_group3/install/drive_base_msgs/include/drive_base_msgs/drive_base_msgs/msg/detail/trv_command__rosidl_typesupport_fastrtps_c.h
[1.196s] -- Up-to-date symlink: /home/group3-robot/robp_group3/install/drive_base_msgs/include/drive_base_msgs/drive_base_msgs/msg/rosidl_typesupport_fastrtps_c__visibility_control.h
[1.197s] -- Up-to-date symlink: /home/group3-robot/robp_group3/install/drive_base_msgs/include/drive_base_msgs/drive_base_msgs/msg/base_info.hpp
[1.199s] -- Up-to-date symlink: /home/group3-robot/robp_group3/install/drive_base_msgs/include/drive_base_msgs/drive_base_msgs/msg/command_header.hpp
[1.199s] -- Up-to-date symlink: /home/group3-robot/robp_group3/install/drive_base_msgs/include/drive_base_msgs/drive_base_msgs/msg/command_status.hpp
[1.199s] -- Up-to-date symlink: /home/group3-robot/robp_group3/install/drive_base_msgs/include/drive_base_msgs/drive_base_msgs/msg/detail/base_info__builder.hpp
[1.199s] -- Up-to-date symlink: /home/group3-robot/robp_group3/install/drive_base_msgs/include/drive_base_msgs/drive_base_msgs/msg/detail/base_info__struct.hpp
[1.200s] -- Up-to-date symlink: /home/group3-robot/robp_group3/install/drive_base_msgs/include/drive_base_msgs/drive_base_msgs/msg/detail/base_info__traits.hpp
[1.200s] -- Up-to-date symlink: /home/group3-robot/robp_group3/install/drive_base_msgs/include/drive_base_msgs/drive_base_msgs/msg/detail/base_info__type_support.hpp
[1.200s] -- Up-to-date symlink: /home/group3-robot/robp_group3/install/drive_base_msgs/include/drive_base_msgs/drive_base_msgs/msg/detail/command_header__builder.hpp
[1.200s] -- Up-to-date symlink: /home/group3-robot/robp_group3/install/drive_base_msgs/include/drive_base_msgs/drive_base_msgs/msg/detail/command_header__struct.hpp
[1.200s] -- Up-to-date symlink: /home/group3-robot/robp_group3/install/drive_base_msgs/include/drive_base_msgs/drive_base_msgs/msg/detail/command_header__traits.hpp
[1.200s] -- Up-to-date symlink: /home/group3-robot/robp_group3/install/drive_base_msgs/include/drive_base_msgs/drive_base_msgs/msg/detail/command_header__type_support.hpp
[1.200s] -- Up-to-date symlink: /home/group3-robot/robp_group3/install/drive_base_msgs/include/drive_base_msgs/drive_base_msgs/msg/detail/command_status__builder.hpp
[1.200s] -- Up-to-date symlink: /home/group3-robot/robp_group3/install/drive_base_msgs/include/drive_base_msgs/drive_base_msgs/msg/detail/command_status__struct.hpp
[1.200s] -- Up-to-date symlink: /home/group3-robot/robp_group3/install/drive_base_msgs/include/drive_base_msgs/drive_base_msgs/msg/detail/command_status__traits.hpp
[1.202s] -- Up-to-date symlink: /home/group3-robot/robp_group3/install/drive_base_msgs/include/drive_base_msgs/drive_base_msgs/msg/detail/command_status__type_support.hpp
[1.202s] -- Up-to-date symlink: /home/group3-robot/robp_group3/install/drive_base_msgs/include/drive_base_msgs/drive_base_msgs/msg/detail/trv_command__builder.hpp
[1.202s] -- Up-to-date symlink: /home/group3-robot/robp_group3/install/drive_base_msgs/include/drive_base_msgs/drive_base_msgs/msg/detail/trv_command__struct.hpp
[1.202s] -- Up-to-date symlink: /home/group3-robot/robp_group3/install/drive_base_msgs/include/drive_base_msgs/drive_base_msgs/msg/detail/trv_command__traits.hpp
[1.203s] -- Up-to-date symlink: /home/group3-robot/robp_group3/install/drive_base_msgs/include/drive_base_msgs/drive_base_msgs/msg/detail/trv_command__type_support.hpp
[1.203s] -- Up-to-date symlink: /home/group3-robot/robp_group3/install/drive_base_msgs/include/drive_base_msgs/drive_base_msgs/msg/rosidl_generator_cpp__visibility_control.hpp
[1.203s] -- Up-to-date symlink: /home/group3-robot/robp_group3/install/drive_base_msgs/include/drive_base_msgs/drive_base_msgs/msg/trv_command.hpp
[1.203s] -- Up-to-date symlink: /home/group3-robot/robp_group3/install/drive_base_msgs/include/drive_base_msgs/drive_base_msgs/msg/detail/base_info__rosidl_typesupport_fastrtps_cpp.hpp
[1.203s] -- Up-to-date symlink: /home/group3-robot/robp_group3/install/drive_base_msgs/include/drive_base_msgs/drive_base_msgs/msg/detail/command_header__rosidl_typesupport_fastrtps_cpp.hpp
[1.204s] -- Up-to-date symlink: /home/group3-robot/robp_group3/install/drive_base_msgs/include/drive_base_msgs/drive_base_msgs/msg/detail/command_status__rosidl_typesupport_fastrtps_cpp.hpp
[1.204s] -- Up-to-date symlink: /home/group3-robot/robp_group3/install/drive_base_msgs/include/drive_base_msgs/drive_base_msgs/msg/detail/trv_command__rosidl_typesupport_fastrtps_cpp.hpp
[1.204s] -- Up-to-date symlink: /home/group3-robot/robp_group3/install/drive_base_msgs/include/drive_base_msgs/drive_base_msgs/msg/rosidl_typesupport_fastrtps_cpp__visibility_control.h
[1.205s] -- Up-to-date symlink: /home/group3-robot/robp_group3/install/drive_base_msgs/include/drive_base_msgs/drive_base_msgs/msg/detail/base_info__rosidl_typesupport_introspection_c.h
[1.205s] -- Up-to-date symlink: /home/group3-robot/robp_group3/install/drive_base_msgs/include/drive_base_msgs/drive_base_msgs/msg/detail/command_header__rosidl_typesupport_introspection_c.h
[1.206s] -- Up-to-date symlink: /home/group3-robot/robp_group3/install/drive_base_msgs/include/drive_base_msgs/drive_base_msgs/msg/detail/command_status__rosidl_typesupport_introspection_c.h
[1.206s] -- Up-to-date symlink: /home/group3-robot/robp_group3/install/drive_base_msgs/include/drive_base_msgs/drive_base_msgs/msg/detail/trv_command__rosidl_typesupport_introspection_c.h
[1.206s] -- Up-to-date symlink: /home/group3-robot/robp_group3/install/drive_base_msgs/include/drive_base_msgs/drive_base_msgs/msg/rosidl_typesupport_introspection_c__visibility_control.h
[1.207s] -- Up-to-date symlink: /home/group3-robot/robp_group3/install/drive_base_msgs/include/drive_base_msgs/drive_base_msgs/msg/detail/base_info__rosidl_typesupport_introspection_cpp.hpp
[1.207s] -- Up-to-date symlink: /home/group3-robot/robp_group3/install/drive_base_msgs/include/drive_base_msgs/drive_base_msgs/msg/detail/command_header__rosidl_typesupport_introspection_cpp.hpp
[1.207s] -- Up-to-date symlink: /home/group3-robot/robp_group3/install/drive_base_msgs/include/drive_base_msgs/drive_base_msgs/msg/detail/command_status__rosidl_typesupport_introspection_cpp.hpp
[1.208s] -- Up-to-date symlink: /home/group3-robot/robp_group3/install/drive_base_msgs/include/drive_base_msgs/drive_base_msgs/msg/detail/trv_command__rosidl_typesupport_introspection_cpp.hpp
[1.208s] -- Up-to-date symlink: /home/group3-robot/robp_group3/install/drive_base_msgs/share/drive_base_msgs/environment/pythonpath.sh
[1.209s] -- Up-to-date symlink: /home/group3-robot/robp_group3/install/drive_base_msgs/share/drive_base_msgs/environment/pythonpath.dsv
[1.209s] -- Up-to-date symlink: /home/group3-robot/robp_group3/install/drive_base_msgs/lib/python3.12/site-packages/drive_base_msgs-0.0.0-py3.12.egg-info/PKG-INFO
[1.209s] -- Up-to-date symlink: /home/group3-robot/robp_group3/install/drive_base_msgs/lib/python3.12/site-packages/drive_base_msgs-0.0.0-py3.12.egg-info/SOURCES.txt
[1.210s] -- Up-to-date symlink: /home/group3-robot/robp_group3/install/drive_base_msgs/lib/python3.12/site-packages/drive_base_msgs-0.0.0-py3.12.egg-info/dependency_links.txt
[1.210s] -- Up-to-date symlink: /home/group3-robot/robp_group3/install/drive_base_msgs/lib/python3.12/site-packages/drive_base_msgs-0.0.0-py3.12.egg-info/top_level.txt
[1.211s] -- Up-to-date symlink: /home/group3-robot/robp_group3/install/drive_base_msgs/lib/python3.12/site-packages/drive_base_msgs/__init__.py
[1.211s] -- Up-to-date symlink: /home/group3-robot/robp_group3/install/drive_base_msgs/lib/python3.12/site-packages/drive_base_msgs/_drive_base_msgs_s.ep.rosidl_typesupport_c.c
[1.212s] -- Up-to-date symlink: /home/group3-robot/robp_group3/install/drive_base_msgs/lib/python3.12/site-packages/drive_base_msgs/_drive_base_msgs_s.ep.rosidl_typesupport_fastrtps_c.c
[1.212s] -- Up-to-date symlink: /home/group3-robot/robp_group3/install/drive_base_msgs/lib/python3.12/site-packages/drive_base_msgs/_drive_base_msgs_s.ep.rosidl_typesupport_introspection_c.c
[1.212s] -- Up-to-date symlink: /home/group3-robot/robp_group3/install/drive_base_msgs/lib/python3.12/site-packages/drive_base_msgs/drive_base_msgs_s__rosidl_typesupport_c.so
[1.212s] -- Up-to-date symlink: /home/group3-robot/robp_group3/install/drive_base_msgs/lib/python3.12/site-packages/drive_base_msgs/drive_base_msgs_s__rosidl_typesupport_fastrtps_c.so
[1.213s] -- Up-to-date symlink: /home/group3-robot/robp_group3/install/drive_base_msgs/lib/python3.12/site-packages/drive_base_msgs/drive_base_msgs_s__rosidl_typesupport_introspection_c.so
[1.213s] -- Up-to-date symlink: /home/group3-robot/robp_group3/install/drive_base_msgs/lib/python3.12/site-packages/drive_base_msgs/msg/__init__.py
[1.213s] -- Up-to-date symlink: /home/group3-robot/robp_group3/install/drive_base_msgs/lib/python3.12/site-packages/drive_base_msgs/msg/_base_info.py
[1.214s] -- Up-to-date symlink: /home/group3-robot/robp_group3/install/drive_base_msgs/lib/python3.12/site-packages/drive_base_msgs/msg/_base_info_s.c
[1.214s] -- Up-to-date symlink: /home/group3-robot/robp_group3/install/drive_base_msgs/lib/python3.12/site-packages/drive_base_msgs/msg/_command_header.py
[1.214s] -- Up-to-date symlink: /home/group3-robot/robp_group3/install/drive_base_msgs/lib/python3.12/site-packages/drive_base_msgs/msg/_command_header_s.c
[1.215s] -- Up-to-date symlink: /home/group3-robot/robp_group3/install/drive_base_msgs/lib/python3.12/site-packages/drive_base_msgs/msg/_command_status.py
[1.215s] -- Up-to-date symlink: /home/group3-robot/robp_group3/install/drive_base_msgs/lib/python3.12/site-packages/drive_base_msgs/msg/_command_status_s.c
[1.215s] -- Up-to-date symlink: /home/group3-robot/robp_group3/install/drive_base_msgs/lib/python3.12/site-packages/drive_base_msgs/msg/_trv_command.py
[1.216s] -- Up-to-date symlink: /home/group3-robot/robp_group3/install/drive_base_msgs/lib/python3.12/site-packages/drive_base_msgs/msg/_trv_command_s.c
[1.216s] -- Up-to-date symlink: /home/group3-robot/robp_group3/install/drive_base_msgs/lib/python3.12/site-packages/drive_base_msgs/drive_base_msgs_s__rosidl_typesupport_fastrtps_c.so
[1.217s] -- Up-to-date symlink: /home/group3-robot/robp_group3/install/drive_base_msgs/lib/python3.12/site-packages/drive_base_msgs/drive_base_msgs_s__rosidl_typesupport_introspection_c.so
[1.217s] -- Up-to-date symlink: /home/group3-robot/robp_group3/install/drive_base_msgs/lib/python3.12/site-packages/drive_base_msgs/drive_base_msgs_s__rosidl_typesupport_c.so
[1.218s] -- Up-to-date symlink: /home/group3-robot/robp_group3/install/drive_base_msgs/share/drive_base_msgs/msg/CommandHeader.idl
[1.218s] -- Up-to-date symlink: /home/group3-robot/robp_group3/install/drive_base_msgs/share/drive_base_msgs/msg/BaseInfo.idl
[1.218s] -- Up-to-date symlink: /home/group3-robot/robp_group3/install/drive_base_msgs/share/drive_base_msgs/msg/CommandStatus.idl
[1.219s] -- Up-to-date symlink: /home/group3-robot/robp_group3/install/drive_base_msgs/share/drive_base_msgs/msg/TRVCommand.idl
[1.219s] -- Up-to-date symlink: /home/group3-robot/robp_group3/install/drive_base_msgs/share/drive_base_msgs/msg/CommandHeader.msg
[1.219s] -- Up-to-date symlink: /home/group3-robot/robp_group3/install/drive_base_msgs/share/drive_base_msgs/msg/BaseInfo.msg
[1.220s] -- Up-to-date symlink: /home/group3-robot/robp_group3/install/drive_base_msgs/share/drive_base_msgs/msg/CommandStatus.msg
[1.220s] -- Up-to-date symlink: /home/group3-robot/robp_group3/install/drive_base_msgs/share/drive_base_msgs/msg/TRVCommand.msg
[1.221s] -- Up-to-date symlink: /home/group3-robot/robp_group3/install/drive_base_msgs/share/ament_index/resource_index/package_run_dependencies/drive_base_msgs
[1.221s] -- Up-to-date symlink: /home/group3-robot/robp_group3/install/drive_base_msgs/share/ament_index/resource_index/parent_prefix_path/drive_base_msgs
[1.221s] -- Up-to-date symlink: /home/group3-robot/robp_group3/install/drive_base_msgs/share/drive_base_msgs/environment/ament_prefix_path.sh
[1.221s] -- Up-to-date symlink: /home/group3-robot/robp_group3/install/drive_base_msgs/share/drive_base_msgs/environment/ament_prefix_path.dsv
[1.222s] -- Up-to-date symlink: /home/group3-robot/robp_group3/install/drive_base_msgs/share/drive_base_msgs/environment/path.sh
[1.222s] -- Up-to-date symlink: /home/group3-robot/robp_group3/install/drive_base_msgs/share/drive_base_msgs/environment/path.dsv
[1.222s] -- Up-to-date symlink: /home/group3-robot/robp_group3/install/drive_base_msgs/share/drive_base_msgs/local_setup.bash
[1.223s] -- Up-to-date symlink: /home/group3-robot/robp_group3/install/drive_base_msgs/share/drive_base_msgs/local_setup.sh
[1.223s] -- Up-to-date symlink: /home/group3-robot/robp_group3/install/drive_base_msgs/share/drive_base_msgs/local_setup.zsh
[1.223s] -- Up-to-date symlink: /home/group3-robot/robp_group3/install/drive_base_msgs/share/drive_base_msgs/local_setup.dsv
[1.224s] -- Symlinking: /home/group3-robot/robp_group3/install/drive_base_msgs/share/drive_base_msgs/package.dsv
[1.247s] -- Up-to-date symlink: /home/group3-robot/robp_group3/install/drive_base_msgs/share/ament_index/resource_index/packages/drive_base_msgs
[1.251s] -- Up-to-date symlink: /home/group3-robot/robp_group3/install/drive_base_msgs/share/drive_base_msgs/cmake/rosidl_cmake-extras.cmake
[1.251s] -- Up-to-date symlink: /home/group3-robot/robp_group3/install/drive_base_msgs/share/drive_base_msgs/cmake/ament_cmake_export_dependencies-extras.cmake
[1.251s] -- Up-to-date symlink: /home/group3-robot/robp_group3/install/drive_base_msgs/share/drive_base_msgs/cmake/ament_cmake_export_include_directories-extras.cmake
[1.251s] -- Up-to-date symlink: /home/group3-robot/robp_group3/install/drive_base_msgs/share/drive_base_msgs/cmake/ament_cmake_export_libraries-extras.cmake
[1.251s] -- Up-to-date symlink: /home/group3-robot/robp_group3/install/drive_base_msgs/share/drive_base_msgs/cmake/ament_cmake_export_targets-extras.cmake
[1.251s] -- Up-to-date symlink: /home/group3-robot/robp_group3/install/drive_base_msgs/share/drive_base_msgs/cmake/rosidl_cmake_export_typesupport_targets-extras.cmake
[1.251s] -- Up-to-date symlink: /home/group3-robot/robp_group3/install/drive_base_msgs/share/drive_base_msgs/cmake/rosidl_cmake_export_typesupport_libraries-extras.cmake
[1.252s] -- Up-to-date symlink: /home/group3-robot/robp_group3/install/drive_base_msgs/share/drive_base_msgs/cmake/drive_base_msgsConfig.cmake
[1.252s] -- Up-to-date symlink: /home/group3-robot/robp_group3/install/drive_base_msgs/share/drive_base_msgs/cmake/drive_base_msgsConfig-version.cmake
[1.252s] -- Up-to-date symlink: /home/group3-robot/robp_group3/install/drive_base_msgs/share/drive_base_msgs/package.xml
[1.252s] -- Up-to-date: /home/group3-robot/robp_group3/install/drive_base_msgs/lib/libdrive_base_msgs__rosidl_generator_c.so
[1.252s] -- Up-to-date: /home/group3-robot/robp_group3/install/drive_base_msgs/lib/libdrive_base_msgs__rosidl_typesupport_fastrtps_c.so
[1.252s] -- Up-to-date: /home/group3-robot/robp_group3/install/drive_base_msgs/lib/libdrive_base_msgs__rosidl_typesupport_fastrtps_cpp.so
[1.252s] -- Up-to-date: /home/group3-robot/robp_group3/install/drive_base_msgs/lib/libdrive_base_msgs__rosidl_typesupport_introspection_c.so
[1.252s] -- Up-to-date: /home/group3-robot/robp_group3/install/drive_base_msgs/lib/libdrive_base_msgs__rosidl_typesupport_c.so
[1.252s] -- Up-to-date: /home/group3-robot/robp_group3/install/drive_base_msgs/lib/libdrive_base_msgs__rosidl_typesupport_introspection_cpp.so
[1.252s] -- Up-to-date: /home/group3-robot/robp_group3/install/drive_base_msgs/lib/libdrive_base_msgs__rosidl_typesupport_cpp.so
[1.364s] Listing '/home/group3-robot/robp_group3/install/drive_base_msgs/lib/python3.12/site-packages/drive_base_msgs'...
[1.364s] Listing '/home/group3-robot/robp_group3/install/drive_base_msgs/lib/python3.12/site-packages/drive_base_msgs/msg'...
[1.370s] -- Up-to-date: /home/group3-robot/robp_group3/install/drive_base_msgs/lib/libdrive_base_msgs__rosidl_generator_py.so
[1.370s] -- Up-to-date: /home/group3-robot/robp_group3/install/drive_base_msgs/share/drive_base_msgs/cmake/export_drive_base_msgs__rosidl_generator_cExport.cmake
[1.370s] -- Up-to-date: /home/group3-robot/robp_group3/install/drive_base_msgs/share/drive_base_msgs/cmake/export_drive_base_msgs__rosidl_generator_cExport-noconfig.cmake
[1.370s] -- Up-to-date: /home/group3-robot/robp_group3/install/drive_base_msgs/share/drive_base_msgs/cmake/export_drive_base_msgs__rosidl_typesupport_fastrtps_cExport.cmake
[1.371s] -- Up-to-date: /home/group3-robot/robp_group3/install/drive_base_msgs/share/drive_base_msgs/cmake/export_drive_base_msgs__rosidl_typesupport_fastrtps_cExport-noconfig.cmake
[1.372s] -- Up-to-date: /home/group3-robot/robp_group3/install/drive_base_msgs/share/drive_base_msgs/cmake/export_drive_base_msgs__rosidl_generator_cppExport.cmake
[1.372s] -- Up-to-date: /home/group3-robot/robp_group3/install/drive_base_msgs/share/drive_base_msgs/cmake/export_drive_base_msgs__rosidl_typesupport_fastrtps_cppExport.cmake
[1.372s] -- Up-to-date: /home/group3-robot/robp_group3/install/drive_base_msgs/share/drive_base_msgs/cmake/export_drive_base_msgs__rosidl_typesupport_fastrtps_cppExport-noconfig.cmake
[1.372s] -- Up-to-date: /home/group3-robot/robp_group3/install/drive_base_msgs/share/drive_base_msgs/cmake/drive_base_msgs__rosidl_typesupport_introspection_cExport.cmake
[1.372s] -- Up-to-date: /home/group3-robot/robp_group3/install/drive_base_msgs/share/drive_base_msgs/cmake/drive_base_msgs__rosidl_typesupport_introspection_cExport-noconfig.cmake
[1.372s] -- Up-to-date: /home/group3-robot/robp_group3/install/drive_base_msgs/share/drive_base_msgs/cmake/drive_base_msgs__rosidl_typesupport_cExport.cmake
[1.373s] -- Up-to-date: /home/group3-robot/robp_group3/install/drive_base_msgs/share/drive_base_msgs/cmake/drive_base_msgs__rosidl_typesupport_cExport-noconfig.cmake
[1.373s] -- Up-to-date: /home/group3-robot/robp_group3/install/drive_base_msgs/share/drive_base_msgs/cmake/drive_base_msgs__rosidl_typesupport_introspection_cppExport.cmake
[1.373s] -- Up-to-date: /home/group3-robot/robp_group3/install/drive_base_msgs/share/drive_base_msgs/cmake/drive_base_msgs__rosidl_typesupport_introspection_cppExport-noconfig.cmake
[1.373s] -- Up-to-date: /home/group3-robot/robp_group3/install/drive_base_msgs/share/drive_base_msgs/cmake/drive_base_msgs__rosidl_typesupport_cppExport.cmake
[1.373s] -- Up-to-date: /home/group3-robot/robp_group3/install/drive_base_msgs/share/drive_base_msgs/cmake/drive_base_msgs__rosidl_typesupport_cppExport-noconfig.cmake
[1.373s] -- Up-to-date: /home/group3-robot/robp_group3/install/drive_base_msgs/share/drive_base_msgs/cmake/export_drive_base_msgs__rosidl_generator_pyExport.cmake
[1.373s] -- Up-to-date: /home/group3-robot/robp_group3/install/drive_base_msgs/share/drive_base_msgs/cmake/export_drive_base_msgs__rosidl_generator_pyExport-noconfig.cmake
[1.631s] Invoked command in '/home/group3-robot/robp_group3/build/drive_base_msgs' returned '0': CMAKE_PREFIX_PATH=${CMAKE_PREFIX_PATH}:/home/group3-robot/robp_group3/install/robp_launch:/home/group3-robot/robp_group3/install/odometry:/home/group3-robot/robp_group3/install/path_planner:/home/group3-robot/robp_group3/install/mapping:/home/group3-robot/robp_group3/install/joystick_teleop:/home/group3-robot/robp_group3/install/detection:/home/group3-robot/robp_group3/install/arm_servos_pubs_subs:/home/group3-robot/robp_group3/install/arm_controller:/home/group3-robot/robp_group3/robp_ws/install/mapping:/home/group3-robot/robp_group3/robp_ws/install/robp_launch:/home/group3-robot/robp_group3/robp_ws/install/odometry:/home/group3-robot/robp_group3/robp_ws/install/path_planner:/home/group3-robot/robp_group3/robp_ws/install/joystick_teleop:/home/group3-robot/robp_group3/robp_ws/install/detection:/home/group3-robot/robp_group3/robp_ws/install/arm_servos_pubs_subs:/home/group3-robot/robp_group3/robp_ws/install/arm_controller:/home/group3-robot/dd2419_ws/install/robp_launch:/home/group3-robot/dd2419_ws/install/odometry:/home/group3-robot/dd2419_ws/install/joystick_teleop:/home/group3-robot/dd2419_ws/install/detection:/home/group3-robot/dd2419_ws/install/arm_servos_pubs_subs:/home/group3-robot/dd2419_ws/install/arm_controller:/opt/ros/jazzy DEBUGINFOD_URLS=https://debuginfod.ubuntu.com /usr/bin/cmake --install /home/group3-robot/robp_group3/build/drive_base_msgs
