[0.488s] Invoking command in '/home/group3-robot/robp_group3/build/robp_phidgets_temperature': CMAKE_PREFIX_PATH=${CMAKE_PREFIX_PATH}:/home/group3-robot/robp_group3/robp_ws/install/robp_launch:/home/group3-robot/robp_group3/robp_ws/install/odometry:/home/group3-robot/robp_group3/robp_ws/install/path_planner:/home/group3-robot/robp_group3/robp_ws/install/mapping:/home/group3-robot/robp_group3/robp_ws/install/joystick_teleop:/home/group3-robot/robp_group3/robp_ws/install/behavior_tree:/home/group3-robot/robp_group3/robp_ws/install/handle_objects:/home/group3-robot/robp_group3/robp_ws/install/detection:/home/group3-robot/robp_group3/robp_ws/install/arm_servos_pubs_subs:/home/group3-robot/robp_group3/robp_ws/install/arm_controller:/opt/ros/jazzy DEBUGINFOD_URLS=https://debuginfod.ubuntu.com /usr/bin/cmake --build /home/group3-robot/robp_group3/build/robp_phidgets_temperature -- -j8 -l8
[1.067s] [100%] Built target robp_phidgets_temperature
[1.077s] Invoked command in '/home/group3-robot/robp_group3/build/robp_phidgets_temperature' returned '0': CMAKE_PREFIX_PATH=${CMAKE_PREFIX_PATH}:/home/group3-robot/robp_group3/robp_ws/install/robp_launch:/home/group3-robot/robp_group3/robp_ws/install/odometry:/home/group3-robot/robp_group3/robp_ws/install/path_planner:/home/group3-robot/robp_group3/robp_ws/install/mapping:/home/group3-robot/robp_group3/robp_ws/install/joystick_teleop:/home/group3-robot/robp_group3/robp_ws/install/behavior_tree:/home/group3-robot/robp_group3/robp_ws/install/handle_objects:/home/group3-robot/robp_group3/robp_ws/install/detection:/home/group3-robot/robp_group3/robp_ws/install/arm_servos_pubs_subs:/home/group3-robot/robp_group3/robp_ws/install/arm_controller:/opt/ros/jazzy DEBUGINFOD_URLS=https://debuginfod.ubuntu.com /usr/bin/cmake --build /home/group3-robot/robp_group3/build/robp_phidgets_temperature -- -j8 -l8
[1.077s] Invoking command in '/home/group3-robot/robp_group3/build/robp_phidgets_temperature': CMAKE_PREFIX_PATH=${CMAKE_PREFIX_PATH}:/home/group3-robot/robp_group3/robp_ws/install/robp_launch:/home/group3-robot/robp_group3/robp_ws/install/odometry:/home/group3-robot/robp_group3/robp_ws/install/path_planner:/home/group3-robot/robp_group3/robp_ws/install/mapping:/home/group3-robot/robp_group3/robp_ws/install/joystick_teleop:/home/group3-robot/robp_group3/robp_ws/install/behavior_tree:/home/group3-robot/robp_group3/robp_ws/install/handle_objects:/home/group3-robot/robp_group3/robp_ws/install/detection:/home/group3-robot/robp_group3/robp_ws/install/arm_servos_pubs_subs:/home/group3-robot/robp_group3/robp_ws/install/arm_controller:/opt/ros/jazzy DEBUGINFOD_URLS=https://debuginfod.ubuntu.com /usr/bin/cmake --install /home/group3-robot/robp_group3/build/robp_phidgets_temperature
[1.085s] -- Install configuration: "Release"
[1.085s] -- Execute custom install script
[1.085s] -- Up-to-date symlink: /home/group3-robot/robp_group3/install/robp_phidgets_temperature/lib/librobp_phidgets_temperature.so
[1.087s] -- Up-to-date symlink: /home/group3-robot/robp_group3/install/robp_phidgets_temperature/include/robp_phidgets_temperature/temperature.hpp
[1.087s] -- Up-to-date symlink: /home/group3-robot/robp_group3/install/robp_phidgets_temperature/share/robp_phidgets_temperature/launch/temperature_launch.py
[1.088s] -- Up-to-date symlink: /home/group3-robot/robp_group3/install/robp_phidgets_temperature/share/ament_index/resource_index/package_run_dependencies/robp_phidgets_temperature
[1.088s] -- Up-to-date symlink: /home/group3-robot/robp_group3/install/robp_phidgets_temperature/share/ament_index/resource_index/parent_prefix_path/robp_phidgets_temperature
[1.088s] -- Up-to-date symlink: /home/group3-robot/robp_group3/install/robp_phidgets_temperature/share/robp_phidgets_temperature/environment/ament_prefix_path.sh
[1.096s] -- Up-to-date symlink: /home/group3-robot/robp_group3/install/robp_phidgets_temperature/share/robp_phidgets_temperature/environment/ament_prefix_path.dsv
[1.096s] -- Up-to-date symlink: /home/group3-robot/robp_group3/install/robp_phidgets_temperature/share/robp_phidgets_temperature/environment/path.sh
[1.096s] -- Up-to-date symlink: /home/group3-robot/robp_group3/install/robp_phidgets_temperature/share/robp_phidgets_temperature/environment/path.dsv
[1.096s] -- Up-to-date symlink: /home/group3-robot/robp_group3/install/robp_phidgets_temperature/share/robp_phidgets_temperature/local_setup.bash
[1.096s] -- Up-to-date symlink: /home/group3-robot/robp_group3/install/robp_phidgets_temperature/share/robp_phidgets_temperature/local_setup.sh
[1.096s] -- Up-to-date symlink: /home/group3-robot/robp_group3/install/robp_phidgets_temperature/share/robp_phidgets_temperature/local_setup.zsh
[1.096s] -- Up-to-date symlink: /home/group3-robot/robp_group3/install/robp_phidgets_temperature/share/robp_phidgets_temperature/local_setup.dsv
[1.096s] -- Symlinking: /home/group3-robot/robp_group3/install/robp_phidgets_temperature/share/robp_phidgets_temperature/package.dsv
[1.132s] -- Up-to-date symlink: /home/group3-robot/robp_group3/install/robp_phidgets_temperature/share/ament_index/resource_index/packages/robp_phidgets_temperature
[1.133s] -- Up-to-date symlink: /home/group3-robot/robp_group3/install/robp_phidgets_temperature/share/ament_index/resource_index/rclcpp_components/robp_phidgets_temperature
[1.133s] -- Up-to-date symlink: /home/group3-robot/robp_group3/install/robp_phidgets_temperature/share/robp_phidgets_temperature/cmake/robp_phidgets_temperatureConfig.cmake
[1.133s] -- Up-to-date symlink: /home/group3-robot/robp_group3/install/robp_phidgets_temperature/share/robp_phidgets_temperature/cmake/robp_phidgets_temperatureConfig-version.cmake
[1.133s] -- Up-to-date symlink: /home/group3-robot/robp_group3/install/robp_phidgets_temperature/share/robp_phidgets_temperature/package.xml
[1.135s] Invoked command in '/home/group3-robot/robp_group3/build/robp_phidgets_temperature' returned '0': CMAKE_PREFIX_PATH=${CMAKE_PREFIX_PATH}:/home/group3-robot/robp_group3/robp_ws/install/robp_launch:/home/group3-robot/robp_group3/robp_ws/install/odometry:/home/group3-robot/robp_group3/robp_ws/install/path_planner:/home/group3-robot/robp_group3/robp_ws/install/mapping:/home/group3-robot/robp_group3/robp_ws/install/joystick_teleop:/home/group3-robot/robp_group3/robp_ws/install/behavior_tree:/home/group3-robot/robp_group3/robp_ws/install/handle_objects:/home/group3-robot/robp_group3/robp_ws/install/detection:/home/group3-robot/robp_group3/robp_ws/install/arm_servos_pubs_subs:/home/group3-robot/robp_group3/robp_ws/install/arm_controller:/opt/ros/jazzy DEBUGINFOD_URLS=https://debuginfod.ubuntu.com /usr/bin/cmake --install /home/group3-robot/robp_group3/build/robp_phidgets_temperature
