running develop
running egg_info
creating py_trees.egg-info
writing py_trees.egg-info/PKG-INFO
writing dependency_links to py_trees.egg-info/dependency_links.txt
writing entry points to py_trees.egg-info/entry_points.txt
writing requirements to py_trees.egg-info/requires.txt
writing top-level names to py_trees.egg-info/top_level.txt
writing manifest file 'py_trees.egg-info/SOURCES.txt'
reading manifest file 'py_trees.egg-info/SOURCES.txt'
writing manifest file 'py_trees.egg-info/SOURCES.txt'
running build_ext
Creating /home/group3-robot/robp_group3/install/py_trees/lib/python3.12/site-packages/py-trees.egg-link (link to .)
Installing py-trees-demo-action-behaviour script to /home/group3-robot/robp_group3/install/py_trees/bin
Installing py-trees-demo-behaviour-lifecycle script to /home/group3-robot/robp_group3/install/py_trees/bin
Installing py-trees-demo-blackboard script to /home/group3-robot/robp_group3/install/py_trees/bin
Installing py-trees-demo-blackboard-namespaces script to /home/group3-robot/robp_group3/install/py_trees/bin
Installing py-trees-demo-blackboard-remappings script to /home/group3-robot/robp_group3/install/py_trees/bin
Installing py-trees-demo-context-switching script to /home/group3-robot/robp_group3/install/py_trees/bin
Installing py-trees-demo-display-modes script to /home/group3-robot/robp_group3/install/py_trees/bin
Installing py-trees-demo-dot-graphs script to /home/group3-robot/robp_group3/install/py_trees/bin
Installing py-trees-demo-either-or script to /home/group3-robot/robp_group3/install/py_trees/bin
Installing py-trees-demo-eternal-guard script to /home/group3-robot/robp_group3/install/py_trees/bin
Installing py-trees-demo-logging script to /home/group3-robot/robp_group3/install/py_trees/bin
Installing py-trees-demo-pick-up-where-you-left-off script to /home/group3-robot/robp_group3/install/py_trees/bin
Installing py-trees-demo-selector script to /home/group3-robot/robp_group3/install/py_trees/bin
Installing py-trees-demo-sequence script to /home/group3-robot/robp_group3/install/py_trees/bin
Installing py-trees-demo-tree-stewardship script to /home/group3-robot/robp_group3/install/py_trees/bin
Installing py-trees-render script to /home/group3-robot/robp_group3/install/py_trees/bin

Installed /home/group3-robot/robp_group3/build/py_trees
