[1.652s] Invoking command in '/home/group3-robot/robp_group3/build/odometry': AMENT_PREFIX_PATH=/home/group3-robot/robp_group3/install/robp_interfaces:${AMENT_PREFIX_PATH} CMAKE_PREFIX_PATH=/home/group3-robot/robp_group3/install/robp_interfaces:${CMAKE_PREFIX_PATH} DEBUGINFOD_URLS=https://debuginfod.ubuntu.com LD_LIBRARY_PATH=/home/group3-robot/robp_group3/install/robp_interfaces/lib:${LD_LIBRARY_PATH} PYTHONPATH=/home/group3-robot/robp_group3/build/odometry/prefix_override:/usr/lib/python3/dist-packages/colcon_core/task/python/colcon_distutils_commands:/home/group3-robot/robp_group3/install/odometry/lib/python3.12/site-packages:/home/group3-robot/robp_group3/install/robp_interfaces/lib/python3.12/site-packages:${PYTHONPATH} /usr/bin/python3 -W ignore:setup.py install is deprecated -W ignore:easy_install command is deprecated setup.py develop --uninstall --editable --build-directory /home/group3-robot/robp_group3/build/odometry/build
[2.130s] running develop
[2.440s] Removing /home/group3-robot/robp_group3/install/odometry/lib/python3.12/site-packages/odometry.egg-link (link to .)
[2.488s] Invoked command in '/home/group3-robot/robp_group3/build/odometry' returned '0': AMENT_PREFIX_PATH=/home/group3-robot/robp_group3/install/robp_interfaces:${AMENT_PREFIX_PATH} CMAKE_PREFIX_PATH=/home/group3-robot/robp_group3/install/robp_interfaces:${CMAKE_PREFIX_PATH} DEBUGINFOD_URLS=https://debuginfod.ubuntu.com LD_LIBRARY_PATH=/home/group3-robot/robp_group3/install/robp_interfaces/lib:${LD_LIBRARY_PATH} PYTHONPATH=/home/group3-robot/robp_group3/build/odometry/prefix_override:/usr/lib/python3/dist-packages/colcon_core/task/python/colcon_distutils_commands:/home/group3-robot/robp_group3/install/odometry/lib/python3.12/site-packages:/home/group3-robot/robp_group3/install/robp_interfaces/lib/python3.12/site-packages:${PYTHONPATH} /usr/bin/python3 -W ignore:setup.py install is deprecated -W ignore:easy_install command is deprecated setup.py develop --uninstall --editable --build-directory /home/group3-robot/robp_group3/build/odometry/build
[2.489s] Invoking command in '/home/group3-robot/robp_group3/robp_ws/src/odometry': AMENT_PREFIX_PATH=/home/group3-robot/robp_group3/install/robp_interfaces:${AMENT_PREFIX_PATH} CMAKE_PREFIX_PATH=/home/group3-robot/robp_group3/install/robp_interfaces:${CMAKE_PREFIX_PATH} DEBUGINFOD_URLS=https://debuginfod.ubuntu.com LD_LIBRARY_PATH=/home/group3-robot/robp_group3/install/robp_interfaces/lib:${LD_LIBRARY_PATH} PYTHONPATH=/home/group3-robot/robp_group3/build/odometry/prefix_override:/usr/lib/python3/dist-packages/colcon_core/task/python/colcon_distutils_commands:/home/group3-robot/robp_group3/install/odometry/lib/python3.12/site-packages:/home/group3-robot/robp_group3/install/robp_interfaces/lib/python3.12/site-packages:${PYTHONPATH} /usr/bin/python3 -W ignore:setup.py install is deprecated -W ignore:easy_install command is deprecated setup.py egg_info --egg-base ../../../build/odometry build --build-base /home/group3-robot/robp_group3/build/odometry/build install --record /home/group3-robot/robp_group3/build/odometry/install.log --single-version-externally-managed install_data --force
[2.839s] running egg_info
[2.866s] writing ../../../build/odometry/odometry.egg-info/PKG-INFO
[2.866s] writing dependency_links to ../../../build/odometry/odometry.egg-info/dependency_links.txt
[2.867s] writing entry points to ../../../build/odometry/odometry.egg-info/entry_points.txt
[2.868s] writing requirements to ../../../build/odometry/odometry.egg-info/requires.txt
[2.868s] writing top-level names to ../../../build/odometry/odometry.egg-info/top_level.txt
[2.923s] reading manifest file '../../../build/odometry/odometry.egg-info/SOURCES.txt'
[2.924s] adding license file 'LICENSE'
[2.925s] writing manifest file '../../../build/odometry/odometry.egg-info/SOURCES.txt'
[2.926s] running build
[2.927s] running build_py
[2.928s] running install
[2.939s] running install_lib
[2.956s] creating /home/group3-robot/robp_group3/install/odometry/lib/python3.12/site-packages/odometry
[2.957s] copying /home/group3-robot/robp_group3/build/odometry/build/lib/odometry/odometry.py -> /home/group3-robot/robp_group3/install/odometry/lib/python3.12/site-packages/odometry
[2.957s] copying /home/group3-robot/robp_group3/build/odometry/build/lib/odometry/__init__.py -> /home/group3-robot/robp_group3/install/odometry/lib/python3.12/site-packages/odometry
[2.957s] byte-compiling /home/group3-robot/robp_group3/install/odometry/lib/python3.12/site-packages/odometry/odometry.py to odometry.cpython-312.pyc
[2.958s] byte-compiling /home/group3-robot/robp_group3/install/odometry/lib/python3.12/site-packages/odometry/__init__.py to __init__.cpython-312.pyc
[2.959s] running install_data
[2.959s] copying resource/odometry -> /home/group3-robot/robp_group3/install/odometry/share/ament_index/resource_index/packages
[2.959s] copying package.xml -> /home/group3-robot/robp_group3/install/odometry/share/odometry
[2.960s] running install_egg_info
[2.977s] Copying ../../../build/odometry/odometry.egg-info to /home/group3-robot/robp_group3/install/odometry/lib/python3.12/site-packages/odometry-0.0.0-py3.12.egg-info
[2.982s] running install_scripts
[3.145s] Installing odometry script to /home/group3-robot/robp_group3/install/odometry/lib/odometry
[3.145s] writing list of installed files to '/home/group3-robot/robp_group3/build/odometry/install.log'
[3.202s] Invoked command in '/home/group3-robot/robp_group3/robp_ws/src/odometry' returned '0': AMENT_PREFIX_PATH=/home/group3-robot/robp_group3/install/robp_interfaces:${AMENT_PREFIX_PATH} CMAKE_PREFIX_PATH=/home/group3-robot/robp_group3/install/robp_interfaces:${CMAKE_PREFIX_PATH} DEBUGINFOD_URLS=https://debuginfod.ubuntu.com LD_LIBRARY_PATH=/home/group3-robot/robp_group3/install/robp_interfaces/lib:${LD_LIBRARY_PATH} PYTHONPATH=/home/group3-robot/robp_group3/build/odometry/prefix_override:/usr/lib/python3/dist-packages/colcon_core/task/python/colcon_distutils_commands:/home/group3-robot/robp_group3/install/odometry/lib/python3.12/site-packages:/home/group3-robot/robp_group3/install/robp_interfaces/lib/python3.12/site-packages:${PYTHONPATH} /usr/bin/python3 -W ignore:setup.py install is deprecated -W ignore:easy_install command is deprecated setup.py egg_info --egg-base ../../../build/odometry build --build-base /home/group3-robot/robp_group3/build/odometry/build install --record /home/group3-robot/robp_group3/build/odometry/install.log --single-version-externally-managed install_data --force
