[  2%] Built target robp_interfaces__rosidl_generator_type_description
[  2%] Built target ament_cmake_python_symlink_robp_interfaces
[  4%] Built target robp_interfaces__cpp
[  6%] [32mBuilding C object CMakeFiles/robp_interfaces__rosidl_generator_c.dir/rosidl_generator_c/robp_interfaces/msg/detail/encoders__description.c.o[0m
[ 11%] [32mBuilding C object CMakeFiles/robp_interfaces__rosidl_generator_c.dir/rosidl_generator_c/robp_interfaces/msg/detail/duty_cycles__type_support.c.o[0m
[ 11%] [32mBuilding C object CMakeFiles/robp_interfaces__rosidl_generator_c.dir/rosidl_generator_c/robp_interfaces/msg/detail/duty_cycles__description.c.o[0m
[ 13%] [32mBuilding C object CMakeFiles/robp_interfaces__rosidl_generator_c.dir/rosidl_generator_c/robp_interfaces/msg/detail/encoders__type_support.c.o[0m
[ 15%] [32m[1mLinking C shared library librobp_interfaces__rosidl_generator_c.so[0m
[ 22%] Built target robp_interfaces__rosidl_generator_c
[ 25%] [32m[1mLinking C shared library librobp_interfaces__rosidl_typesupport_introspection_c.so[0m
[ 27%] [32m[1mLinking CXX shared library librobp_interfaces__rosidl_typesupport_cpp.so[0m
[ 29%] [32m[1mLinking CXX shared library librobp_interfaces__rosidl_typesupport_fastrtps_c.so[0m
[ 31%] [32m[1mLinking CXX shared library librobp_interfaces__rosidl_typesupport_introspection_cpp.so[0m
[ 34%] [32m[1mLinking CXX shared library librobp_interfaces__rosidl_typesupport_fastrtps_cpp.so[0m
[ 36%] [32m[1mLinking CXX shared library librobp_interfaces__rosidl_typesupport_c.so[0m
[ 43%] Built target robp_interfaces__rosidl_typesupport_introspection_c
running egg_info
[ 52%] Built target robp_interfaces__rosidl_typesupport_c
[ 56%] Built target robp_interfaces__rosidl_typesupport_cpp
writing robp_interfaces.egg-info/PKG-INFO
writing dependency_links to robp_interfaces.egg-info/dependency_links.txt
writing top-level names to robp_interfaces.egg-info/top_level.txt
[ 63%] Built target robp_interfaces__rosidl_typesupport_fastrtps_cpp
[ 70%] Built target robp_interfaces__rosidl_typesupport_fastrtps_c
[ 77%] Built target robp_interfaces__rosidl_typesupport_introspection_cpp
[ 77%] Built target robp_interfaces
reading manifest file 'robp_interfaces.egg-info/SOURCES.txt'
writing manifest file 'robp_interfaces.egg-info/SOURCES.txt'
[ 79%] Built target robp_interfaces__py
[ 79%] Built target ament_cmake_python_build_robp_interfaces_egg
[ 81%] [32m[1mLinking C shared library librobp_interfaces__rosidl_generator_py.so[0m
[ 86%] Built target robp_interfaces__rosidl_generator_py
[ 88%] [32m[1mLinking C shared module rosidl_generator_py/robp_interfaces/robp_interfaces_s__rosidl_typesupport_c.so[0m
[ 90%] [32m[1mLinking C shared module rosidl_generator_py/robp_interfaces/robp_interfaces_s__rosidl_typesupport_introspection_c.so[0m
[ 93%] [32m[1mLinking C shared module rosidl_generator_py/robp_interfaces/robp_interfaces_s__rosidl_typesupport_fastrtps_c.so[0m
[ 95%] Built target robp_interfaces_s__rosidl_typesupport_introspection_c
[ 97%] Built target robp_interfaces_s__rosidl_typesupport_c
[100%] Built target robp_interfaces_s__rosidl_typesupport_fastrtps_c
