[1.496s] Invoking command in '/home/group3-robot/robp_group3/build/joystick_teleop': DEBUGINFOD_URLS=https://debuginfod.ubuntu.com PYTHONPATH=/home/group3-robot/robp_group3/build/joystick_teleop/prefix_override:/home/group3-robot/ros2_venv/lib/python3.12/site-packages/colcon_core/task/python/colcon_distutils_commands:/home/group3-robot/robp_group3/install/joystick_teleop/lib/python3.12/site-packages:${PYTHONPATH} VIRTUAL_ENV_PROMPT=(ros2_venv) /home/group3-robot/ros2_venv/bin/python3 -W ignore:setup.py install is deprecated -W ignore:easy_install command is deprecated setup.py develop --editable --build-directory /home/group3-robot/robp_group3/build/joystick_teleop/build --no-deps symlink_data
[1.722s] /home/group3-robot/ros2_venv/lib/python3.12/site-packages/setuptools/_distutils/dist.py:270: UserWarning: Unknown distribution option: 'tests_require'
[1.722s]   warnings.warn(msg)
[1.924s] running develop
[2.110s] running egg_info
[2.132s] writing joystick_teleop.egg-info/PKG-INFO
[2.137s] writing dependency_links to joystick_teleop.egg-info/dependency_links.txt
[2.137s] writing entry points to joystick_teleop.egg-info/entry_points.txt
[2.137s] writing requirements to joystick_teleop.egg-info/requires.txt
[2.139s] writing top-level names to joystick_teleop.egg-info/top_level.txt
[2.183s] reading manifest file 'joystick_teleop.egg-info/SOURCES.txt'
[2.184s] writing manifest file 'joystick_teleop.egg-info/SOURCES.txt'
[2.208s] running build_ext
[2.208s] Creating /home/group3-robot/robp_group3/install/joystick_teleop/lib/python3.12/site-packages/joystick-teleop.egg-link (link to .)
[2.209s] Installing teleop script to /home/group3-robot/robp_group3/install/joystick_teleop/lib/joystick_teleop
[2.212s] Installing twist2duty script to /home/group3-robot/robp_group3/install/joystick_teleop/lib/joystick_teleop
[2.212s] 
[2.212s] Installed /home/group3-robot/robp_group3/build/joystick_teleop
[2.212s] running symlink_data
[2.353s] Invoked command in '/home/group3-robot/robp_group3/build/joystick_teleop' returned '0': DEBUGINFOD_URLS=https://debuginfod.ubuntu.com PYTHONPATH=/home/group3-robot/robp_group3/build/joystick_teleop/prefix_override:/home/group3-robot/ros2_venv/lib/python3.12/site-packages/colcon_core/task/python/colcon_distutils_commands:/home/group3-robot/robp_group3/install/joystick_teleop/lib/python3.12/site-packages:${PYTHONPATH} VIRTUAL_ENV_PROMPT=(ros2_venv) /home/group3-robot/ros2_venv/bin/python3 -W ignore:setup.py install is deprecated -W ignore:easy_install command is deprecated setup.py develop --editable --build-directory /home/group3-robot/robp_group3/build/joystick_teleop/build --no-deps symlink_data
