[1.944s] Invoking command in '/home/group3-robot/robp_group3/build/robp_launch': AMENT_PREFIX_PATH=/home/group3-robot/robp_group3/install/robp_phidgets_spatial:/home/group3-robot/robp_group3/install/robp_phidgets_motors:/home/group3-robot/robp_group3/install/robp_phidgets_encoders:/home/group3-robot/robp_group3/install/robp_phidgets_temperature:/home/group3-robot/robp_group3/install/robp_interfaces:${AMENT_PREFIX_PATH} CMAKE_PREFIX_PATH=/home/group3-robot/robp_group3/install/robp_phidgets_spatial:/home/group3-robot/robp_group3/install/robp_phidgets_motors:/home/group3-robot/robp_group3/install/robp_phidgets_encoders:/home/group3-robot/robp_group3/install/robp_phidgets_temperature:/home/group3-robot/robp_group3/install/robp_interfaces:${CMAKE_PREFIX_PATH} DEBUGINFOD_URLS=https://debuginfod.ubuntu.com LD_LIBRARY_PATH=/home/group3-robot/robp_group3/install/robp_phidgets_spatial/lib:/home/group3-robot/robp_group3/install/robp_phidgets_motors/lib:/home/group3-robot/robp_group3/install/robp_phidgets_encoders/lib:/home/group3-robot/robp_group3/install/robp_phidgets_temperature/lib:/home/group3-robot/robp_group3/install/robp_interfaces/lib:${LD_LIBRARY_PATH} PYTHONPATH=/home/group3-robot/robp_group3/build/robp_launch/prefix_override:/usr/lib/python3/dist-packages/colcon_core/task/python/colcon_distutils_commands:/home/group3-robot/robp_group3/install/robp_launch/lib/python3.12/site-packages:/home/group3-robot/robp_group3/install/robp_interfaces/lib/python3.12/site-packages:${PYTHONPATH} /usr/bin/python3 -W ignore:setup.py install is deprecated -W ignore:easy_install command is deprecated setup.py develop --editable --build-directory /home/group3-robot/robp_group3/build/robp_launch/build --no-deps symlink_data
[2.561s] running develop
[3.038s] running egg_info
[3.039s] creating robp_launch.egg-info
[3.097s] writing robp_launch.egg-info/PKG-INFO
[3.101s] writing dependency_links to robp_launch.egg-info/dependency_links.txt
[3.101s] writing requirements to robp_launch.egg-info/requires.txt
[3.101s] writing top-level names to robp_launch.egg-info/top_level.txt
[3.102s] writing manifest file 'robp_launch.egg-info/SOURCES.txt'
[3.222s] reading manifest file 'robp_launch.egg-info/SOURCES.txt'
[3.225s] writing manifest file 'robp_launch.egg-info/SOURCES.txt'
[3.291s] running build_ext
[3.291s] Creating /home/group3-robot/robp_group3/install/robp_launch/lib/python3.12/site-packages/robp-launch.egg-link (link to .)
[3.291s] 
[3.292s] Installed /home/group3-robot/robp_group3/build/robp_launch
[3.292s] running symlink_data
[3.292s] creating /home/group3-robot/robp_group3/install/robp_launch/share/ament_index
[3.292s] creating /home/group3-robot/robp_group3/install/robp_launch/share/ament_index/resource_index
[3.292s] creating /home/group3-robot/robp_group3/install/robp_launch/share/ament_index/resource_index/packages
[3.295s] symbolically linking /home/group3-robot/robp_group3/build/robp_launch/resource/robp_launch -> /home/group3-robot/robp_group3/install/robp_launch/share/ament_index/resource_index/packages
[3.296s] creating /home/group3-robot/robp_group3/install/robp_launch/share/robp_launch/launch
[3.296s] symbolically linking /home/group3-robot/robp_group3/build/robp_launch/launch/rs_d435i_launch.py -> /home/group3-robot/robp_group3/install/robp_launch/share/robp_launch/launch
[3.296s] symbolically linking /home/group3-robot/robp_group3/build/robp_launch/launch/detection_launch.py -> /home/group3-robot/robp_group3/install/robp_launch/share/robp_launch/launch
[3.296s] symbolically linking /home/group3-robot/robp_group3/build/robp_launch/launch/phidgets_launch.py -> /home/group3-robot/robp_group3/install/robp_launch/share/robp_launch/launch
[3.296s] symbolically linking /home/group3-robot/robp_group3/build/robp_launch/launch/arm_camera_launch.yaml -> /home/group3-robot/robp_group3/install/robp_launch/share/robp_launch/launch
[3.296s] symbolically linking /home/group3-robot/robp_group3/build/robp_launch/launch/test_path_planner_launch.py -> /home/group3-robot/robp_group3/install/robp_launch/share/robp_launch/launch
[3.296s] symbolically linking /home/group3-robot/robp_group3/build/robp_launch/launch/lidar_launch.yaml -> /home/group3-robot/robp_group3/install/robp_launch/share/robp_launch/launch
[3.296s] symbolically linking /home/group3-robot/robp_group3/build/robp_launch/launch/frames_launch.xml -> /home/group3-robot/robp_group3/install/robp_launch/share/robp_launch/launch
[3.299s] symbolically linking /home/group3-robot/robp_group3/build/robp_launch/launch/joystick_launch.py -> /home/group3-robot/robp_group3/install/robp_launch/share/robp_launch/launch
[3.299s] symbolically linking /home/group3-robot/robp_group3/build/robp_launch/launch/lidar_odom_launch.py -> /home/group3-robot/robp_group3/install/robp_launch/share/robp_launch/launch
[3.299s] symbolically linking /home/group3-robot/robp_group3/build/robp_launch/launch/path_planner_launch.py -> /home/group3-robot/robp_group3/install/robp_launch/share/robp_launch/launch
[3.300s] symbolically linking /home/group3-robot/robp_group3/build/robp_launch/launch/arm_servo_launch.py -> /home/group3-robot/robp_group3/install/robp_launch/share/robp_launch/launch
[3.300s] symbolically linking /home/group3-robot/robp_group3/build/robp_launch/package.xml -> /home/group3-robot/robp_group3/install/robp_launch/share/robp_launch
[3.418s] Invoked command in '/home/group3-robot/robp_group3/build/robp_launch' returned '0': AMENT_PREFIX_PATH=/home/group3-robot/robp_group3/install/robp_phidgets_spatial:/home/group3-robot/robp_group3/install/robp_phidgets_motors:/home/group3-robot/robp_group3/install/robp_phidgets_encoders:/home/group3-robot/robp_group3/install/robp_phidgets_temperature:/home/group3-robot/robp_group3/install/robp_interfaces:${AMENT_PREFIX_PATH} CMAKE_PREFIX_PATH=/home/group3-robot/robp_group3/install/robp_phidgets_spatial:/home/group3-robot/robp_group3/install/robp_phidgets_motors:/home/group3-robot/robp_group3/install/robp_phidgets_encoders:/home/group3-robot/robp_group3/install/robp_phidgets_temperature:/home/group3-robot/robp_group3/install/robp_interfaces:${CMAKE_PREFIX_PATH} DEBUGINFOD_URLS=https://debuginfod.ubuntu.com LD_LIBRARY_PATH=/home/group3-robot/robp_group3/install/robp_phidgets_spatial/lib:/home/group3-robot/robp_group3/install/robp_phidgets_motors/lib:/home/group3-robot/robp_group3/install/robp_phidgets_encoders/lib:/home/group3-robot/robp_group3/install/robp_phidgets_temperature/lib:/home/group3-robot/robp_group3/install/robp_interfaces/lib:${LD_LIBRARY_PATH} PYTHONPATH=/home/group3-robot/robp_group3/build/robp_launch/prefix_override:/usr/lib/python3/dist-packages/colcon_core/task/python/colcon_distutils_commands:/home/group3-robot/robp_group3/install/robp_launch/lib/python3.12/site-packages:/home/group3-robot/robp_group3/install/robp_interfaces/lib/python3.12/site-packages:${PYTHONPATH} /usr/bin/python3 -W ignore:setup.py install is deprecated -W ignore:easy_install command is deprecated setup.py develop --editable --build-directory /home/group3-robot/robp_group3/build/robp_launch/build --no-deps symlink_data
