[1.950s] Invoking command in '/home/group3-robot/robp_group3/build/arm_servos_pubs_subs': DEBUGINFOD_URLS=https://debuginfod.ubuntu.com PYTHONPATH=/home/group3-robot/robp_group3/build/arm_servos_pubs_subs/prefix_override:/usr/lib/python3/dist-packages/colcon_core/task/python/colcon_distutils_commands:/home/group3-robot/robp_group3/install/arm_servos_pubs_subs/lib/python3.12/site-packages:${PYTHONPATH} /usr/bin/python3 -W ignore:setup.py install is deprecated -W ignore:easy_install command is deprecated setup.py develop --editable --build-directory /home/group3-robot/robp_group3/build/arm_servos_pubs_subs/build --no-deps symlink_data
[2.972s] running develop
[3.038s] running egg_info
[3.038s] creating arm_servos_pubs_subs.egg-info
[3.067s] writing arm_servos_pubs_subs.egg-info/PKG-INFO
[3.068s] writing dependency_links to arm_servos_pubs_subs.egg-info/dependency_links.txt
[3.068s] writing entry points to arm_servos_pubs_subs.egg-info/entry_points.txt
[3.069s] writing requirements to arm_servos_pubs_subs.egg-info/requires.txt
[3.069s] writing top-level names to arm_servos_pubs_subs.egg-info/top_level.txt
[3.070s] writing manifest file 'arm_servos_pubs_subs.egg-info/SOURCES.txt'
[3.129s] reading manifest file 'arm_servos_pubs_subs.egg-info/SOURCES.txt'
[3.131s] writing manifest file 'arm_servos_pubs_subs.egg-info/SOURCES.txt'
[3.162s] running build_ext
[3.162s] Creating /home/group3-robot/robp_group3/install/arm_servos_pubs_subs/lib/python3.12/site-packages/arm-servos-pubs-subs.egg-link (link to .)
[3.164s] Installing listener script to /home/group3-robot/robp_group3/install/arm_servos_pubs_subs/lib/arm_servos_pubs_subs
[3.165s] Installing talker script to /home/group3-robot/robp_group3/install/arm_servos_pubs_subs/lib/arm_servos_pubs_subs
[3.165s] 
[3.166s] Installed /home/group3-robot/robp_group3/build/arm_servos_pubs_subs
[3.166s] running symlink_data
[3.166s] creating /home/group3-robot/robp_group3/install/arm_servos_pubs_subs/share/ament_index
[3.166s] creating /home/group3-robot/robp_group3/install/arm_servos_pubs_subs/share/ament_index/resource_index
[3.167s] creating /home/group3-robot/robp_group3/install/arm_servos_pubs_subs/share/ament_index/resource_index/packages
[3.167s] symbolically linking /home/group3-robot/robp_group3/build/arm_servos_pubs_subs/resource/arm_servos_pubs_subs -> /home/group3-robot/robp_group3/install/arm_servos_pubs_subs/share/ament_index/resource_index/packages
[3.167s] symbolically linking /home/group3-robot/robp_group3/build/arm_servos_pubs_subs/package.xml -> /home/group3-robot/robp_group3/install/arm_servos_pubs_subs/share/arm_servos_pubs_subs
[3.361s] Invoked command in '/home/group3-robot/robp_group3/build/arm_servos_pubs_subs' returned '0': DEBUGINFOD_URLS=https://debuginfod.ubuntu.com PYTHONPATH=/home/group3-robot/robp_group3/build/arm_servos_pubs_subs/prefix_override:/usr/lib/python3/dist-packages/colcon_core/task/python/colcon_distutils_commands:/home/group3-robot/robp_group3/install/arm_servos_pubs_subs/lib/python3.12/site-packages:${PYTHONPATH} /usr/bin/python3 -W ignore:setup.py install is deprecated -W ignore:easy_install command is deprecated setup.py develop --editable --build-directory /home/group3-robot/robp_group3/build/arm_servos_pubs_subs/build --no-deps symlink_data
