[2.379s] Invoking command in '/home/group3-robot/robp_group3/build/mapping': DEBUGINFOD_URLS=https://debuginfod.ubuntu.com PYTHONPATH=/home/group3-robot/robp_group3/build/mapping/prefix_override:/usr/lib/python3/dist-packages/colcon_core/task/python/colcon_distutils_commands:/home/group3-robot/robp_group3/install/mapping/lib/python3.12/site-packages:${PYTHONPATH} /usr/bin/python3 -W ignore:setup.py install is deprecated -W ignore:easy_install command is deprecated setup.py develop --editable --build-directory /home/group3-robot/robp_group3/build/mapping/build --no-deps symlink_data
[3.176s] running develop
[3.661s] running egg_info
[3.662s] creating mapping.egg-info
[3.700s] writing mapping.egg-info/PKG-INFO
[3.700s] writing dependency_links to mapping.egg-info/dependency_links.txt
[3.701s] writing entry points to mapping.egg-info/entry_points.txt
[3.701s] writing requirements to mapping.egg-info/requires.txt
[3.701s] writing top-level names to mapping.egg-info/top_level.txt
[3.701s] writing manifest file 'mapping.egg-info/SOURCES.txt'
[3.803s] reading manifest file 'mapping.egg-info/SOURCES.txt'
[3.809s] writing manifest file 'mapping.egg-info/SOURCES.txt'
[3.879s] running build_ext
[3.880s] Creating /home/group3-robot/robp_group3/install/mapping/lib/python3.12/site-packages/mapping.egg-link (link to .)
[3.880s] Installing mapping script to /home/group3-robot/robp_group3/install/mapping/lib/mapping
[3.880s] 
[3.881s] Installed /home/group3-robot/robp_group3/build/mapping
[3.881s] running symlink_data
[3.881s] creating /home/group3-robot/robp_group3/install/mapping/share/ament_index
[3.881s] creating /home/group3-robot/robp_group3/install/mapping/share/ament_index/resource_index
[3.881s] creating /home/group3-robot/robp_group3/install/mapping/share/ament_index/resource_index/packages
[3.881s] symbolically linking /home/group3-robot/robp_group3/build/mapping/resource/mapping -> /home/group3-robot/robp_group3/install/mapping/share/ament_index/resource_index/packages
[3.881s] symbolically linking /home/group3-robot/robp_group3/build/mapping/package.xml -> /home/group3-robot/robp_group3/install/mapping/share/mapping
[4.420s] Invoked command in '/home/group3-robot/robp_group3/build/mapping' returned '0': DEBUGINFOD_URLS=https://debuginfod.ubuntu.com PYTHONPATH=/home/group3-robot/robp_group3/build/mapping/prefix_override:/usr/lib/python3/dist-packages/colcon_core/task/python/colcon_distutils_commands:/home/group3-robot/robp_group3/install/mapping/lib/python3.12/site-packages:${PYTHONPATH} /usr/bin/python3 -W ignore:setup.py install is deprecated -W ignore:easy_install command is deprecated setup.py develop --editable --build-directory /home/group3-robot/robp_group3/build/mapping/build --no-deps symlink_data
