running develop
Removing /home/group3-robot/robp_group3/install/joystick_teleop/lib/python3.12/site-packages/joystick-teleop.egg-link (link to .)
running egg_info
writing ../../../build/joystick_teleop/joystick_teleop.egg-info/PKG-INFO
writing dependency_links to ../../../build/joystick_teleop/joystick_teleop.egg-info/dependency_links.txt
writing entry points to ../../../build/joystick_teleop/joystick_teleop.egg-info/entry_points.txt
writing requirements to ../../../build/joystick_teleop/joystick_teleop.egg-info/requires.txt
writing top-level names to ../../../build/joystick_teleop/joystick_teleop.egg-info/top_level.txt
reading manifest file '../../../build/joystick_teleop/joystick_teleop.egg-info/SOURCES.txt'
writing manifest file '../../../build/joystick_teleop/joystick_teleop.egg-info/SOURCES.txt'
running build
running build_py
running install
running install_lib
creating /home/group3-robot/robp_group3/install/joystick_teleop/lib/python3.12/site-packages/joystick_teleop
copying /home/group3-robot/robp_group3/build/joystick_teleop/build/lib/joystick_teleop/teleop.py -> /home/group3-robot/robp_group3/install/joystick_teleop/lib/python3.12/site-packages/joystick_teleop
copying /home/group3-robot/robp_group3/build/joystick_teleop/build/lib/joystick_teleop/twist2duty.py -> /home/group3-robot/robp_group3/install/joystick_teleop/lib/python3.12/site-packages/joystick_teleop
copying /home/group3-robot/robp_group3/build/joystick_teleop/build/lib/joystick_teleop/__init__.py -> /home/group3-robot/robp_group3/install/joystick_teleop/lib/python3.12/site-packages/joystick_teleop
byte-compiling /home/group3-robot/robp_group3/install/joystick_teleop/lib/python3.12/site-packages/joystick_teleop/teleop.py to teleop.cpython-312.pyc
byte-compiling /home/group3-robot/robp_group3/install/joystick_teleop/lib/python3.12/site-packages/joystick_teleop/twist2duty.py to twist2duty.cpython-312.pyc
byte-compiling /home/group3-robot/robp_group3/install/joystick_teleop/lib/python3.12/site-packages/joystick_teleop/__init__.py to __init__.cpython-312.pyc
running install_data
copying resource/joystick_teleop -> /home/group3-robot/robp_group3/install/joystick_teleop/share/ament_index/resource_index/packages
copying package.xml -> /home/group3-robot/robp_group3/install/joystick_teleop/share/joystick_teleop
running install_egg_info
Copying ../../../build/joystick_teleop/joystick_teleop.egg-info to /home/group3-robot/robp_group3/install/joystick_teleop/lib/python3.12/site-packages/joystick_teleop-0.0.0-py3.12.egg-info
running install_scripts
Installing teleop script to /home/group3-robot/robp_group3/install/joystick_teleop/lib/joystick_teleop
Installing twist2duty script to /home/group3-robot/robp_group3/install/joystick_teleop/lib/joystick_teleop
writing list of installed files to '/home/group3-robot/robp_group3/build/joystick_teleop/install.log'
