[2.141s] Invoking command in '/home/group3-robot/robp_group3/build/joystick_teleop': DEBUGINFOD_URLS=https://debuginfod.ubuntu.com PYTHONPATH=/home/group3-robot/robp_group3/build/joystick_teleop/prefix_override:/usr/lib/python3/dist-packages/colcon_core/task/python/colcon_distutils_commands:/home/group3-robot/robp_group3/install/joystick_teleop/lib/python3.12/site-packages:${PYTHONPATH} /usr/bin/python3 -W ignore:setup.py install is deprecated -W ignore:easy_install command is deprecated setup.py develop --uninstall --editable --build-directory /home/group3-robot/robp_group3/build/joystick_teleop/build
[2.623s] running develop
[3.019s] Removing /home/group3-robot/robp_group3/install/joystick_teleop/lib/python3.12/site-packages/joystick-teleop.egg-link (link to .)
[3.172s] Invoked command in '/home/group3-robot/robp_group3/build/joystick_teleop' returned '0': DEBUGINFOD_URLS=https://debuginfod.ubuntu.com PYTHONPATH=/home/group3-robot/robp_group3/build/joystick_teleop/prefix_override:/usr/lib/python3/dist-packages/colcon_core/task/python/colcon_distutils_commands:/home/group3-robot/robp_group3/install/joystick_teleop/lib/python3.12/site-packages:${PYTHONPATH} /usr/bin/python3 -W ignore:setup.py install is deprecated -W ignore:easy_install command is deprecated setup.py develop --uninstall --editable --build-directory /home/group3-robot/robp_group3/build/joystick_teleop/build
[3.173s] Invoking command in '/home/group3-robot/robp_group3/robp_ws/src/joystick_teleop': DEBUGINFOD_URLS=https://debuginfod.ubuntu.com PYTHONPATH=/home/group3-robot/robp_group3/build/joystick_teleop/prefix_override:/usr/lib/python3/dist-packages/colcon_core/task/python/colcon_distutils_commands:/home/group3-robot/robp_group3/install/joystick_teleop/lib/python3.12/site-packages:${PYTHONPATH} /usr/bin/python3 -W ignore:setup.py install is deprecated -W ignore:easy_install command is deprecated setup.py egg_info --egg-base ../../../build/joystick_teleop build --build-base /home/group3-robot/robp_group3/build/joystick_teleop/build install --record /home/group3-robot/robp_group3/build/joystick_teleop/install.log --single-version-externally-managed install_data --force
[3.908s] running egg_info
[3.940s] writing ../../../build/joystick_teleop/joystick_teleop.egg-info/PKG-INFO
[3.941s] writing dependency_links to ../../../build/joystick_teleop/joystick_teleop.egg-info/dependency_links.txt
[3.942s] writing entry points to ../../../build/joystick_teleop/joystick_teleop.egg-info/entry_points.txt
[3.944s] writing requirements to ../../../build/joystick_teleop/joystick_teleop.egg-info/requires.txt
[3.944s] writing top-level names to ../../../build/joystick_teleop/joystick_teleop.egg-info/top_level.txt
[4.024s] reading manifest file '../../../build/joystick_teleop/joystick_teleop.egg-info/SOURCES.txt'
[4.024s] writing manifest file '../../../build/joystick_teleop/joystick_teleop.egg-info/SOURCES.txt'
[4.024s] running build
[4.024s] running build_py
[4.024s] running install
[4.027s] running install_lib
[4.042s] creating /home/group3-robot/robp_group3/install/joystick_teleop/lib/python3.12/site-packages/joystick_teleop
[4.043s] copying /home/group3-robot/robp_group3/build/joystick_teleop/build/lib/joystick_teleop/teleop.py -> /home/group3-robot/robp_group3/install/joystick_teleop/lib/python3.12/site-packages/joystick_teleop
[4.043s] copying /home/group3-robot/robp_group3/build/joystick_teleop/build/lib/joystick_teleop/twist2duty.py -> /home/group3-robot/robp_group3/install/joystick_teleop/lib/python3.12/site-packages/joystick_teleop
[4.043s] copying /home/group3-robot/robp_group3/build/joystick_teleop/build/lib/joystick_teleop/__init__.py -> /home/group3-robot/robp_group3/install/joystick_teleop/lib/python3.12/site-packages/joystick_teleop
[4.043s] byte-compiling /home/group3-robot/robp_group3/install/joystick_teleop/lib/python3.12/site-packages/joystick_teleop/teleop.py to teleop.cpython-312.pyc
[4.044s] byte-compiling /home/group3-robot/robp_group3/install/joystick_teleop/lib/python3.12/site-packages/joystick_teleop/twist2duty.py to twist2duty.cpython-312.pyc
[4.045s] byte-compiling /home/group3-robot/robp_group3/install/joystick_teleop/lib/python3.12/site-packages/joystick_teleop/__init__.py to __init__.cpython-312.pyc
[4.045s] running install_data
[4.045s] copying resource/joystick_teleop -> /home/group3-robot/robp_group3/install/joystick_teleop/share/ament_index/resource_index/packages
[4.045s] copying package.xml -> /home/group3-robot/robp_group3/install/joystick_teleop/share/joystick_teleop
[4.045s] running install_egg_info
[4.073s] Copying ../../../build/joystick_teleop/joystick_teleop.egg-info to /home/group3-robot/robp_group3/install/joystick_teleop/lib/python3.12/site-packages/joystick_teleop-0.0.0-py3.12.egg-info
[4.077s] running install_scripts
[4.278s] Installing teleop script to /home/group3-robot/robp_group3/install/joystick_teleop/lib/joystick_teleop
[4.288s] Installing twist2duty script to /home/group3-robot/robp_group3/install/joystick_teleop/lib/joystick_teleop
[4.288s] writing list of installed files to '/home/group3-robot/robp_group3/build/joystick_teleop/install.log'
[4.351s] Invoked command in '/home/group3-robot/robp_group3/robp_ws/src/joystick_teleop' returned '0': DEBUGINFOD_URLS=https://debuginfod.ubuntu.com PYTHONPATH=/home/group3-robot/robp_group3/build/joystick_teleop/prefix_override:/usr/lib/python3/dist-packages/colcon_core/task/python/colcon_distutils_commands:/home/group3-robot/robp_group3/install/joystick_teleop/lib/python3.12/site-packages:${PYTHONPATH} /usr/bin/python3 -W ignore:setup.py install is deprecated -W ignore:easy_install command is deprecated setup.py egg_info --egg-base ../../../build/joystick_teleop build --build-base /home/group3-robot/robp_group3/build/joystick_teleop/build install --record /home/group3-robot/robp_group3/build/joystick_teleop/install.log --single-version-externally-managed install_data --force
