[0.017s] Invoking command in '/home/group3-robot/robp_group3/build/robp_phidgets_motors': AMENT_PREFIX_PATH=/home/group3-robot/robp_group3/install/robp_interfaces:${AMENT_PREFIX_PATH} CMAKE_PREFIX_PATH=/home/group3-robot/robp_group3/install/robp_interfaces:/home/group3-robot/robp_group3/robp_ws/install/usb_cam:/home/group3-robot/robp_group3/robp_ws/install/sllidar_ros2:/home/group3-robot/robp_group3/robp_ws/install/robp_phidgets_temperature:/home/group3-robot/robp_group3/robp_ws/install/robp_phidgets_spatial:/home/group3-robot/robp_group3/robp_ws/install/robp_phidgets_motors:/home/group3-robot/robp_group3/robp_ws/install/robp_phidgets_encoders:/home/group3-robot/robp_group3/robp_ws/install/robp_interfaces:/opt/ros/jazzy/opt/gz_math_vendor:/opt/ros/jazzy/opt/gz_utils_vendor:/opt/ros/jazzy/opt/gz_cmake_vendor:/home/group3-robot/robp_group3/robp_ws/install/robp_launch:/home/group3-robot/robp_group3/robp_ws/install/odometry:/home/group3-robot/robp_group3/robp_ws/install/path_planner:/home/group3-robot/robp_group3/robp_ws/install/mapping:/home/group3-robot/robp_group3/robp_ws/install/joystick_teleop:/home/group3-robot/robp_group3/robp_ws/install/behavior_tree:/home/group3-robot/robp_group3/robp_ws/install/handle_objects:/home/group3-robot/robp_group3/robp_ws/install/detection:/home/group3-robot/robp_group3/robp_ws/install/arm_servos_pubs_subs:/home/group3-robot/robp_group3/robp_ws/install/arm_controller:/opt/ros/jazzy DEBUGINFOD_URLS=https://debuginfod.ubuntu.com LD_LIBRARY_PATH=/home/group3-robot/robp_group3/install/robp_interfaces/lib:${LD_LIBRARY_PATH} PYTHONPATH=/home/group3-robot/robp_group3/install/robp_interfaces/lib/python3.12/site-packages:${PYTHONPATH} /usr/bin/cmake --build /home/group3-robot/robp_group3/build/robp_phidgets_motors -- -j8 -l8
[0.040s] -- Found ament_cmake_ros: 0.12.0 (/opt/ros/jazzy/share/ament_cmake_ros/cmake)
[0.272s] -- Override CMake install command with custom implementation using symlinks instead of copying resources
[0.279s] -- Found libphidget22: 2.3.3 (/opt/ros/jazzy/share/libphidget22/cmake)
[0.279s] -- Found phidgets_api: 2.3.3 (/opt/ros/jazzy/share/phidgets_api/cmake)
[0.282s] -- Found rclcpp: 28.1.6 (/opt/ros/jazzy/share/rclcpp/cmake)
[0.304s] -- Found rosidl_generator_c: 4.6.5 (/opt/ros/jazzy/share/rosidl_generator_c/cmake)
[0.311s] -- Found rosidl_generator_cpp: 4.6.5 (/opt/ros/jazzy/share/rosidl_generator_cpp/cmake)
[0.320s] -- Using all available rosidl_typesupport_c: rosidl_typesupport_fastrtps_c;rosidl_typesupport_introspection_c
[0.331s] -- Using all available rosidl_typesupport_cpp: rosidl_typesupport_fastrtps_cpp;rosidl_typesupport_introspection_cpp
[0.383s] -- Found rmw_implementation_cmake: 7.3.1 (/opt/ros/jazzy/share/rmw_implementation_cmake/cmake)
[0.384s] -- Found rmw_fastrtps_cpp: 8.4.1 (/opt/ros/jazzy/share/rmw_fastrtps_cpp/cmake)
[0.436s] -- Using RMW implementation 'rmw_fastrtps_cpp' as default
[0.497s] -- Found rclcpp_components: 28.1.6 (/opt/ros/jazzy/share/rclcpp_components/cmake)
[0.524s] -- Found robp_interfaces: 1.0.0 (/home/group3-robot/robp_group3/install/robp_interfaces/share/robp_interfaces/cmake)
[0.552s] -- Found std_srvs: 5.3.5 (/opt/ros/jazzy/share/std_srvs/cmake)
[0.664s] -- Configuring done (0.6s)
[0.680s] -- Generating done (0.0s)
[0.684s] -- Build files have been written to: /home/group3-robot/robp_group3/build/robp_phidgets_motors
[0.720s] [ 33%] [32mBuilding CXX object CMakeFiles/robp_phidgets_motors.dir/src/motors.cpp.o[0m
[8.982s] [ 66%] [32m[1mLinking CXX shared library librobp_phidgets_motors.so[0m
[9.143s] [100%] Built target robp_phidgets_motors
[9.153s] Invoked command in '/home/group3-robot/robp_group3/build/robp_phidgets_motors' returned '0': AMENT_PREFIX_PATH=/home/group3-robot/robp_group3/install/robp_interfaces:${AMENT_PREFIX_PATH} CMAKE_PREFIX_PATH=/home/group3-robot/robp_group3/install/robp_interfaces:/home/group3-robot/robp_group3/robp_ws/install/usb_cam:/home/group3-robot/robp_group3/robp_ws/install/sllidar_ros2:/home/group3-robot/robp_group3/robp_ws/install/robp_phidgets_temperature:/home/group3-robot/robp_group3/robp_ws/install/robp_phidgets_spatial:/home/group3-robot/robp_group3/robp_ws/install/robp_phidgets_motors:/home/group3-robot/robp_group3/robp_ws/install/robp_phidgets_encoders:/home/group3-robot/robp_group3/robp_ws/install/robp_interfaces:/opt/ros/jazzy/opt/gz_math_vendor:/opt/ros/jazzy/opt/gz_utils_vendor:/opt/ros/jazzy/opt/gz_cmake_vendor:/home/group3-robot/robp_group3/robp_ws/install/robp_launch:/home/group3-robot/robp_group3/robp_ws/install/odometry:/home/group3-robot/robp_group3/robp_ws/install/path_planner:/home/group3-robot/robp_group3/robp_ws/install/mapping:/home/group3-robot/robp_group3/robp_ws/install/joystick_teleop:/home/group3-robot/robp_group3/robp_ws/install/behavior_tree:/home/group3-robot/robp_group3/robp_ws/install/handle_objects:/home/group3-robot/robp_group3/robp_ws/install/detection:/home/group3-robot/robp_group3/robp_ws/install/arm_servos_pubs_subs:/home/group3-robot/robp_group3/robp_ws/install/arm_controller:/opt/ros/jazzy DEBUGINFOD_URLS=https://debuginfod.ubuntu.com LD_LIBRARY_PATH=/home/group3-robot/robp_group3/install/robp_interfaces/lib:${LD_LIBRARY_PATH} PYTHONPATH=/home/group3-robot/robp_group3/install/robp_interfaces/lib/python3.12/site-packages:${PYTHONPATH} /usr/bin/cmake --build /home/group3-robot/robp_group3/build/robp_phidgets_motors -- -j8 -l8
[9.154s] Invoking command in '/home/group3-robot/robp_group3/build/robp_phidgets_motors': AMENT_PREFIX_PATH=/home/group3-robot/robp_group3/install/robp_interfaces:${AMENT_PREFIX_PATH} CMAKE_PREFIX_PATH=/home/group3-robot/robp_group3/install/robp_interfaces:/home/group3-robot/robp_group3/robp_ws/install/usb_cam:/home/group3-robot/robp_group3/robp_ws/install/sllidar_ros2:/home/group3-robot/robp_group3/robp_ws/install/robp_phidgets_temperature:/home/group3-robot/robp_group3/robp_ws/install/robp_phidgets_spatial:/home/group3-robot/robp_group3/robp_ws/install/robp_phidgets_motors:/home/group3-robot/robp_group3/robp_ws/install/robp_phidgets_encoders:/home/group3-robot/robp_group3/robp_ws/install/robp_interfaces:/opt/ros/jazzy/opt/gz_math_vendor:/opt/ros/jazzy/opt/gz_utils_vendor:/opt/ros/jazzy/opt/gz_cmake_vendor:/home/group3-robot/robp_group3/robp_ws/install/robp_launch:/home/group3-robot/robp_group3/robp_ws/install/odometry:/home/group3-robot/robp_group3/robp_ws/install/path_planner:/home/group3-robot/robp_group3/robp_ws/install/mapping:/home/group3-robot/robp_group3/robp_ws/install/joystick_teleop:/home/group3-robot/robp_group3/robp_ws/install/behavior_tree:/home/group3-robot/robp_group3/robp_ws/install/handle_objects:/home/group3-robot/robp_group3/robp_ws/install/detection:/home/group3-robot/robp_group3/robp_ws/install/arm_servos_pubs_subs:/home/group3-robot/robp_group3/robp_ws/install/arm_controller:/opt/ros/jazzy DEBUGINFOD_URLS=https://debuginfod.ubuntu.com LD_LIBRARY_PATH=/home/group3-robot/robp_group3/install/robp_interfaces/lib:${LD_LIBRARY_PATH} PYTHONPATH=/home/group3-robot/robp_group3/install/robp_interfaces/lib/python3.12/site-packages:${PYTHONPATH} /usr/bin/cmake --install /home/group3-robot/robp_group3/build/robp_phidgets_motors
[9.160s] -- Install configuration: "Release"
[9.160s] -- Execute custom install script
[9.161s] -- Up-to-date symlink: /home/group3-robot/robp_group3/install/robp_phidgets_motors/lib/librobp_phidgets_motors.so
[9.161s] -- Up-to-date symlink: /home/group3-robot/robp_group3/install/robp_phidgets_motors/include/robp_phidgets_motors/motor.hpp
[9.162s] -- Up-to-date symlink: /home/group3-robot/robp_group3/install/robp_phidgets_motors/include/robp_phidgets_motors/motors.hpp
[9.162s] -- Up-to-date symlink: /home/group3-robot/robp_group3/install/robp_phidgets_motors/share/robp_phidgets_motors/launch/motors_launch.py
[9.162s] -- Up-to-date symlink: /home/group3-robot/robp_group3/install/robp_phidgets_motors/share/ament_index/resource_index/package_run_dependencies/robp_phidgets_motors
[9.163s] -- Up-to-date symlink: /home/group3-robot/robp_group3/install/robp_phidgets_motors/share/ament_index/resource_index/parent_prefix_path/robp_phidgets_motors
[9.163s] -- Up-to-date symlink: /home/group3-robot/robp_group3/install/robp_phidgets_motors/share/robp_phidgets_motors/environment/ament_prefix_path.sh
[9.163s] -- Up-to-date symlink: /home/group3-robot/robp_group3/install/robp_phidgets_motors/share/robp_phidgets_motors/environment/ament_prefix_path.dsv
[9.164s] -- Up-to-date symlink: /home/group3-robot/robp_group3/install/robp_phidgets_motors/share/robp_phidgets_motors/environment/path.sh
[9.164s] -- Up-to-date symlink: /home/group3-robot/robp_group3/install/robp_phidgets_motors/share/robp_phidgets_motors/environment/path.dsv
[9.164s] -- Up-to-date symlink: /home/group3-robot/robp_group3/install/robp_phidgets_motors/share/robp_phidgets_motors/local_setup.bash
[9.164s] -- Up-to-date symlink: /home/group3-robot/robp_group3/install/robp_phidgets_motors/share/robp_phidgets_motors/local_setup.sh
[9.165s] -- Up-to-date symlink: /home/group3-robot/robp_group3/install/robp_phidgets_motors/share/robp_phidgets_motors/local_setup.zsh
[9.165s] -- Up-to-date symlink: /home/group3-robot/robp_group3/install/robp_phidgets_motors/share/robp_phidgets_motors/local_setup.dsv
[9.165s] -- Symlinking: /home/group3-robot/robp_group3/install/robp_phidgets_motors/share/robp_phidgets_motors/package.dsv
[9.172s] -- Up-to-date symlink: /home/group3-robot/robp_group3/install/robp_phidgets_motors/share/ament_index/resource_index/packages/robp_phidgets_motors
[9.172s] -- Up-to-date symlink: /home/group3-robot/robp_group3/install/robp_phidgets_motors/share/ament_index/resource_index/rclcpp_components/robp_phidgets_motors
[9.172s] -- Up-to-date symlink: /home/group3-robot/robp_group3/install/robp_phidgets_motors/share/robp_phidgets_motors/cmake/robp_phidgets_motorsConfig.cmake
[9.173s] -- Up-to-date symlink: /home/group3-robot/robp_group3/install/robp_phidgets_motors/share/robp_phidgets_motors/cmake/robp_phidgets_motorsConfig-version.cmake
[9.173s] -- Up-to-date symlink: /home/group3-robot/robp_group3/install/robp_phidgets_motors/share/robp_phidgets_motors/package.xml
[9.175s] Invoked command in '/home/group3-robot/robp_group3/build/robp_phidgets_motors' returned '0': AMENT_PREFIX_PATH=/home/group3-robot/robp_group3/install/robp_interfaces:${AMENT_PREFIX_PATH} CMAKE_PREFIX_PATH=/home/group3-robot/robp_group3/install/robp_interfaces:/home/group3-robot/robp_group3/robp_ws/install/usb_cam:/home/group3-robot/robp_group3/robp_ws/install/sllidar_ros2:/home/group3-robot/robp_group3/robp_ws/install/robp_phidgets_temperature:/home/group3-robot/robp_group3/robp_ws/install/robp_phidgets_spatial:/home/group3-robot/robp_group3/robp_ws/install/robp_phidgets_motors:/home/group3-robot/robp_group3/robp_ws/install/robp_phidgets_encoders:/home/group3-robot/robp_group3/robp_ws/install/robp_interfaces:/opt/ros/jazzy/opt/gz_math_vendor:/opt/ros/jazzy/opt/gz_utils_vendor:/opt/ros/jazzy/opt/gz_cmake_vendor:/home/group3-robot/robp_group3/robp_ws/install/robp_launch:/home/group3-robot/robp_group3/robp_ws/install/odometry:/home/group3-robot/robp_group3/robp_ws/install/path_planner:/home/group3-robot/robp_group3/robp_ws/install/mapping:/home/group3-robot/robp_group3/robp_ws/install/joystick_teleop:/home/group3-robot/robp_group3/robp_ws/install/behavior_tree:/home/group3-robot/robp_group3/robp_ws/install/handle_objects:/home/group3-robot/robp_group3/robp_ws/install/detection:/home/group3-robot/robp_group3/robp_ws/install/arm_servos_pubs_subs:/home/group3-robot/robp_group3/robp_ws/install/arm_controller:/opt/ros/jazzy DEBUGINFOD_URLS=https://debuginfod.ubuntu.com LD_LIBRARY_PATH=/home/group3-robot/robp_group3/install/robp_interfaces/lib:${LD_LIBRARY_PATH} PYTHONPATH=/home/group3-robot/robp_group3/install/robp_interfaces/lib/python3.12/site-packages:${PYTHONPATH} /usr/bin/cmake --install /home/group3-robot/robp_group3/build/robp_phidgets_motors
