[0.033s] Invoking command in '/home/group3-robot/robp_group3/build/sllidar_ros2': CMAKE_PREFIX_PATH=${CMAKE_PREFIX_PATH}:/opt/ros/jazzy DEBUGINFOD_URLS=https://debuginfod.ubuntu.com /usr/bin/cmake /home/group3-robot/robp_group3/robp_ws/src/robp_robot/sllidar_ros2 -DCMAKE_INSTALL_PREFIX=/home/group3-robot/robp_group3/install/sllidar_ros2
[0.062s] -- Found ament_cmake: 2.5.3 (/opt/ros/jazzy/share/ament_cmake/cmake)
[0.463s] -- Override CMake install command with custom implementation using symlinks instead of copying resources
[0.486s] -- Found rclcpp: 28.1.6 (/opt/ros/jazzy/share/rclcpp/cmake)
[0.523s] -- Found rosidl_generator_c: 4.6.5 (/opt/ros/jazzy/share/rosidl_generator_c/cmake)
[0.538s] -- Found rosidl_generator_cpp: 4.6.5 (/opt/ros/jazzy/share/rosidl_generator_cpp/cmake)
[0.555s] -- Using all available rosidl_typesupport_c: rosidl_typesupport_fastrtps_c;rosidl_typesupport_introspection_c
[0.569s] -- Using all available rosidl_typesupport_cpp: rosidl_typesupport_fastrtps_cpp;rosidl_typesupport_introspection_cpp
[0.655s] -- Found rmw_implementation_cmake: 7.3.1 (/opt/ros/jazzy/share/rmw_implementation_cmake/cmake)
[0.656s] -- Found rmw_fastrtps_cpp: 8.4.1 (/opt/ros/jazzy/share/rmw_fastrtps_cpp/cmake)
[0.773s] -- Using RMW implementation 'rmw_fastrtps_cpp' as default
[0.864s] -- Found sensor_msgs: 5.3.5 (/opt/ros/jazzy/share/sensor_msgs/cmake)
[0.944s] -- Found std_srvs: 5.3.5 (/opt/ros/jazzy/share/std_srvs/cmake)
[1.104s] -- Configuring done (1.1s)
[1.146s] -- Generating done (0.0s)
[1.159s] -- Build files have been written to: /home/group3-robot/robp_group3/build/sllidar_ros2
[1.330s] Invoked command in '/home/group3-robot/robp_group3/build/sllidar_ros2' returned '0': CMAKE_PREFIX_PATH=${CMAKE_PREFIX_PATH}:/opt/ros/jazzy DEBUGINFOD_URLS=https://debuginfod.ubuntu.com /usr/bin/cmake /home/group3-robot/robp_group3/robp_ws/src/robp_robot/sllidar_ros2 -DCMAKE_INSTALL_PREFIX=/home/group3-robot/robp_group3/install/sllidar_ros2
[1.331s] Invoking command in '/home/group3-robot/robp_group3/build/sllidar_ros2': CMAKE_PREFIX_PATH=${CMAKE_PREFIX_PATH}:/opt/ros/jazzy DEBUGINFOD_URLS=https://debuginfod.ubuntu.com /usr/bin/cmake --build /home/group3-robot/robp_group3/build/sllidar_ros2 -- -j8 -l8
[1.469s] [ 10%] Built target sllidar_client
[1.498s] [100%] Built target sllidar_node
[1.521s] Invoked command in '/home/group3-robot/robp_group3/build/sllidar_ros2' returned '0': CMAKE_PREFIX_PATH=${CMAKE_PREFIX_PATH}:/opt/ros/jazzy DEBUGINFOD_URLS=https://debuginfod.ubuntu.com /usr/bin/cmake --build /home/group3-robot/robp_group3/build/sllidar_ros2 -- -j8 -l8
[1.523s] Invoking command in '/home/group3-robot/robp_group3/build/sllidar_ros2': CMAKE_PREFIX_PATH=${CMAKE_PREFIX_PATH}:/opt/ros/jazzy DEBUGINFOD_URLS=https://debuginfod.ubuntu.com /usr/bin/cmake --install /home/group3-robot/robp_group3/build/sllidar_ros2
[1.536s] -- Install configuration: ""
[1.536s] -- Execute custom install script
[1.537s] -- Up-to-date symlink: /home/group3-robot/robp_group3/install/sllidar_ros2/share/sllidar_ros2/launch/sllidar_a1_launch.py
[1.538s] -- Up-to-date symlink: /home/group3-robot/robp_group3/install/sllidar_ros2/share/sllidar_ros2/launch/sllidar_a2m12_launch .py
[1.538s] -- Up-to-date symlink: /home/group3-robot/robp_group3/install/sllidar_ros2/share/sllidar_ros2/launch/sllidar_a2m7_launch.py
[1.539s] -- Up-to-date symlink: /home/group3-robot/robp_group3/install/sllidar_ros2/share/sllidar_ros2/launch/sllidar_a2m8_launch.py
[1.539s] -- Up-to-date symlink: /home/group3-robot/robp_group3/install/sllidar_ros2/share/sllidar_ros2/launch/sllidar_a3_launch.py
[1.540s] -- Up-to-date symlink: /home/group3-robot/robp_group3/install/sllidar_ros2/share/sllidar_ros2/launch/sllidar_c1_launch.py
[1.540s] -- Up-to-date symlink: /home/group3-robot/robp_group3/install/sllidar_ros2/share/sllidar_ros2/launch/sllidar_s1_launch.py
[1.540s] -- Up-to-date symlink: /home/group3-robot/robp_group3/install/sllidar_ros2/share/sllidar_ros2/launch/sllidar_s1_tcp_launch.py
[1.541s] -- Up-to-date symlink: /home/group3-robot/robp_group3/install/sllidar_ros2/share/sllidar_ros2/launch/sllidar_s2_launch.py
[1.541s] -- Up-to-date symlink: /home/group3-robot/robp_group3/install/sllidar_ros2/share/sllidar_ros2/launch/sllidar_s2e_launch.py
[1.542s] -- Up-to-date symlink: /home/group3-robot/robp_group3/install/sllidar_ros2/share/sllidar_ros2/launch/sllidar_s3_launch.py
[1.542s] -- Up-to-date symlink: /home/group3-robot/robp_group3/install/sllidar_ros2/share/sllidar_ros2/launch/sllidar_t1_launch.py
[1.543s] -- Up-to-date symlink: /home/group3-robot/robp_group3/install/sllidar_ros2/share/sllidar_ros2/launch/view_sllidar_a1_launch.py
[1.544s] -- Up-to-date symlink: /home/group3-robot/robp_group3/install/sllidar_ros2/share/sllidar_ros2/launch/view_sllidar_a2m12_launch.py
[1.544s] -- Up-to-date symlink: /home/group3-robot/robp_group3/install/sllidar_ros2/share/sllidar_ros2/launch/view_sllidar_a2m7_launch.py
[1.544s] -- Up-to-date symlink: /home/group3-robot/robp_group3/install/sllidar_ros2/share/sllidar_ros2/launch/view_sllidar_a2m8_launch.py
[1.544s] -- Up-to-date symlink: /home/group3-robot/robp_group3/install/sllidar_ros2/share/sllidar_ros2/launch/view_sllidar_a3_launch.py
[1.546s] -- Up-to-date symlink: /home/group3-robot/robp_group3/install/sllidar_ros2/share/sllidar_ros2/launch/view_sllidar_c1_launch.py
[1.546s] -- Up-to-date symlink: /home/group3-robot/robp_group3/install/sllidar_ros2/share/sllidar_ros2/launch/view_sllidar_s1_launch.py
[1.546s] -- Up-to-date symlink: /home/group3-robot/robp_group3/install/sllidar_ros2/share/sllidar_ros2/launch/view_sllidar_s1_tcp_launch.py
[1.546s] -- Up-to-date symlink: /home/group3-robot/robp_group3/install/sllidar_ros2/share/sllidar_ros2/launch/view_sllidar_s2_launch.py
[1.547s] -- Up-to-date symlink: /home/group3-robot/robp_group3/install/sllidar_ros2/share/sllidar_ros2/launch/view_sllidar_s2e_launch.py
[1.547s] -- Up-to-date symlink: /home/group3-robot/robp_group3/install/sllidar_ros2/share/sllidar_ros2/launch/view_sllidar_s3_launch.py
[1.547s] -- Up-to-date symlink: /home/group3-robot/robp_group3/install/sllidar_ros2/share/sllidar_ros2/launch/view_sllidar_t1_launch.py
[1.547s] -- Up-to-date symlink: /home/group3-robot/robp_group3/install/sllidar_ros2/share/sllidar_ros2/rviz/sllidar_ros2.rviz
[1.547s] -- Up-to-date symlink: /home/group3-robot/robp_group3/install/sllidar_ros2/lib/sllidar_ros2/sllidar_node
[1.550s] -- Up-to-date symlink: /home/group3-robot/robp_group3/install/sllidar_ros2/lib/sllidar_ros2/sllidar_client
[1.550s] -- Up-to-date symlink: /home/group3-robot/robp_group3/install/sllidar_ros2/share/ament_index/resource_index/package_run_dependencies/sllidar_ros2
[1.550s] -- Up-to-date symlink: /home/group3-robot/robp_group3/install/sllidar_ros2/share/ament_index/resource_index/parent_prefix_path/sllidar_ros2
[1.550s] -- Up-to-date symlink: /home/group3-robot/robp_group3/install/sllidar_ros2/share/sllidar_ros2/environment/ament_prefix_path.sh
[1.550s] -- Up-to-date symlink: /home/group3-robot/robp_group3/install/sllidar_ros2/share/sllidar_ros2/environment/ament_prefix_path.dsv
[1.550s] -- Up-to-date symlink: /home/group3-robot/robp_group3/install/sllidar_ros2/share/sllidar_ros2/environment/path.sh
[1.552s] -- Up-to-date symlink: /home/group3-robot/robp_group3/install/sllidar_ros2/share/sllidar_ros2/environment/path.dsv
[1.552s] -- Up-to-date symlink: /home/group3-robot/robp_group3/install/sllidar_ros2/share/sllidar_ros2/local_setup.bash
[1.552s] -- Up-to-date symlink: /home/group3-robot/robp_group3/install/sllidar_ros2/share/sllidar_ros2/local_setup.sh
[1.553s] -- Up-to-date symlink: /home/group3-robot/robp_group3/install/sllidar_ros2/share/sllidar_ros2/local_setup.zsh
[1.553s] -- Up-to-date symlink: /home/group3-robot/robp_group3/install/sllidar_ros2/share/sllidar_ros2/local_setup.dsv
[1.553s] -- Symlinking: /home/group3-robot/robp_group3/install/sllidar_ros2/share/sllidar_ros2/package.dsv
[1.569s] -- Up-to-date symlink: /home/group3-robot/robp_group3/install/sllidar_ros2/share/ament_index/resource_index/packages/sllidar_ros2
[1.570s] -- Up-to-date symlink: /home/group3-robot/robp_group3/install/sllidar_ros2/share/sllidar_ros2/cmake/ament_cmake_export_dependencies-extras.cmake
[1.570s] -- Up-to-date symlink: /home/group3-robot/robp_group3/install/sllidar_ros2/share/sllidar_ros2/cmake/ament_cmake_export_include_directories-extras.cmake
[1.572s] -- Up-to-date symlink: /home/group3-robot/robp_group3/install/sllidar_ros2/share/sllidar_ros2/cmake/sllidar_ros2Config.cmake
[1.572s] -- Up-to-date symlink: /home/group3-robot/robp_group3/install/sllidar_ros2/share/sllidar_ros2/cmake/sllidar_ros2Config-version.cmake
[1.572s] -- Up-to-date symlink: /home/group3-robot/robp_group3/install/sllidar_ros2/share/sllidar_ros2/package.xml
[1.577s] Invoked command in '/home/group3-robot/robp_group3/build/sllidar_ros2' returned '0': CMAKE_PREFIX_PATH=${CMAKE_PREFIX_PATH}:/opt/ros/jazzy DEBUGINFOD_URLS=https://debuginfod.ubuntu.com /usr/bin/cmake --install /home/group3-robot/robp_group3/build/sllidar_ros2
