[1.949s] Invoking command in '/home/group3-robot/robp_group3/build/arm_controller': DEBUGINFOD_URLS=https://debuginfod.ubuntu.com PYTHONPATH=/home/group3-robot/robp_group3/build/arm_controller/prefix_override:/usr/lib/python3/dist-packages/colcon_core/task/python/colcon_distutils_commands:/home/group3-robot/robp_group3/install/arm_controller/lib/python3.12/site-packages:${PYTHONPATH} /usr/bin/python3 -W ignore:setup.py install is deprecated -W ignore:easy_install command is deprecated setup.py develop --editable --build-directory /home/group3-robot/robp_group3/build/arm_controller/build --no-deps symlink_data
[2.538s] running develop
[2.919s] running egg_info
[2.919s] creating arm_controller.egg-info
[2.949s] writing arm_controller.egg-info/PKG-INFO
[2.950s] writing dependency_links to arm_controller.egg-info/dependency_links.txt
[2.951s] writing entry points to arm_controller.egg-info/entry_points.txt
[2.951s] writing requirements to arm_controller.egg-info/requires.txt
[2.952s] writing top-level names to arm_controller.egg-info/top_level.txt
[2.952s] writing manifest file 'arm_controller.egg-info/SOURCES.txt'
[3.011s] reading manifest file 'arm_controller.egg-info/SOURCES.txt'
[3.012s] writing manifest file 'arm_controller.egg-info/SOURCES.txt'
[3.042s] running build_ext
[3.043s] Creating /home/group3-robot/robp_group3/install/arm_controller/lib/python3.12/site-packages/arm-controller.egg-link (link to .)
[3.043s] Installing arm_controller script to /home/group3-robot/robp_group3/install/arm_controller/lib/arm_controller
[3.044s] 
[3.044s] Installed /home/group3-robot/robp_group3/build/arm_controller
[3.044s] running symlink_data
[3.044s] creating /home/group3-robot/robp_group3/install/arm_controller/share/ament_index
[3.044s] creating /home/group3-robot/robp_group3/install/arm_controller/share/ament_index/resource_index
[3.045s] creating /home/group3-robot/robp_group3/install/arm_controller/share/ament_index/resource_index/packages
[3.045s] symbolically linking /home/group3-robot/robp_group3/build/arm_controller/resource/arm_controller -> /home/group3-robot/robp_group3/install/arm_controller/share/ament_index/resource_index/packages
[3.045s] symbolically linking /home/group3-robot/robp_group3/build/arm_controller/package.xml -> /home/group3-robot/robp_group3/install/arm_controller/share/arm_controller
[3.342s] Invoked command in '/home/group3-robot/robp_group3/build/arm_controller' returned '0': DEBUGINFOD_URLS=https://debuginfod.ubuntu.com PYTHONPATH=/home/group3-robot/robp_group3/build/arm_controller/prefix_override:/usr/lib/python3/dist-packages/colcon_core/task/python/colcon_distutils_commands:/home/group3-robot/robp_group3/install/arm_controller/lib/python3.12/site-packages:${PYTHONPATH} /usr/bin/python3 -W ignore:setup.py install is deprecated -W ignore:easy_install command is deprecated setup.py develop --editable --build-directory /home/group3-robot/robp_group3/build/arm_controller/build --no-deps symlink_data
