running develop
running egg_info
creating map_file.egg-info
writing map_file.egg-info/PKG-INFO
writing dependency_links to map_file.egg-info/dependency_links.txt
writing entry points to map_file.egg-info/entry_points.txt
writing requirements to map_file.egg-info/requires.txt
writing top-level names to map_file.egg-info/top_level.txt
writing manifest file 'map_file.egg-info/SOURCES.txt'
reading manifest file 'map_file.egg-info/SOURCES.txt'
writing manifest file 'map_file.egg-info/SOURCES.txt'
running build_ext
Creating /home/group3-robot/robp_group3/install/map_file/lib/python3.12/site-packages/map-file.egg-link (link to .)
Installing map_file script to /home/group3-robot/robp_group3/install/map_file/lib/map_file

Installed /home/group3-robot/robp_group3/build/map_file
running symlink_data
creating /home/group3-robot/robp_group3/install/map_file/share/ament_index
creating /home/group3-robot/robp_group3/install/map_file/share/ament_index/resource_index
creating /home/group3-robot/robp_group3/install/map_file/share/ament_index/resource_index/packages
symbolically linking /home/group3-robot/robp_group3/build/map_file/resource/map_file -> /home/group3-robot/robp_group3/install/map_file/share/ament_index/resource_index/packages
symbolically linking /home/group3-robot/robp_group3/build/map_file/package.xml -> /home/group3-robot/robp_group3/install/map_file/share/map_file
