[1.502s] Invoking command in '/home/group3-robot/robp_group3/build/map_file': DEBUGINFOD_URLS=https://debuginfod.ubuntu.com PYTHONPATH=/home/group3-robot/robp_group3/build/map_file/prefix_override:/usr/lib/python3/dist-packages/colcon_core/task/python/colcon_distutils_commands:/home/group3-robot/robp_group3/install/map_file/lib/python3.12/site-packages:${PYTHONPATH} /usr/bin/python3 -W ignore:setup.py install is deprecated -W ignore:easy_install command is deprecated setup.py develop --editable --build-directory /home/group3-robot/robp_group3/build/map_file/build --no-deps symlink_data
[2.564s] running develop
[2.565s] running egg_info
[2.565s] creating map_file.egg-info
[2.565s] writing map_file.egg-info/PKG-INFO
[2.565s] writing dependency_links to map_file.egg-info/dependency_links.txt
[2.565s] writing entry points to map_file.egg-info/entry_points.txt
[2.565s] writing requirements to map_file.egg-info/requires.txt
[2.565s] writing top-level names to map_file.egg-info/top_level.txt
[2.565s] writing manifest file 'map_file.egg-info/SOURCES.txt'
[2.565s] reading manifest file 'map_file.egg-info/SOURCES.txt'
[2.565s] writing manifest file 'map_file.egg-info/SOURCES.txt'
[2.565s] running build_ext
[2.566s] Creating /home/group3-robot/robp_group3/install/map_file/lib/python3.12/site-packages/map-file.egg-link (link to .)
[2.566s] Installing map_file script to /home/group3-robot/robp_group3/install/map_file/lib/map_file
[2.566s] 
[2.566s] Installed /home/group3-robot/robp_group3/build/map_file
[2.566s] running symlink_data
[2.566s] creating /home/group3-robot/robp_group3/install/map_file/share/ament_index
[2.566s] creating /home/group3-robot/robp_group3/install/map_file/share/ament_index/resource_index
[2.566s] creating /home/group3-robot/robp_group3/install/map_file/share/ament_index/resource_index/packages
[2.566s] symbolically linking /home/group3-robot/robp_group3/build/map_file/resource/map_file -> /home/group3-robot/robp_group3/install/map_file/share/ament_index/resource_index/packages
[2.566s] symbolically linking /home/group3-robot/robp_group3/build/map_file/package.xml -> /home/group3-robot/robp_group3/install/map_file/share/map_file
[2.577s] Invoked command in '/home/group3-robot/robp_group3/build/map_file' returned '0': DEBUGINFOD_URLS=https://debuginfod.ubuntu.com PYTHONPATH=/home/group3-robot/robp_group3/build/map_file/prefix_override:/usr/lib/python3/dist-packages/colcon_core/task/python/colcon_distutils_commands:/home/group3-robot/robp_group3/install/map_file/lib/python3.12/site-packages:${PYTHONPATH} /usr/bin/python3 -W ignore:setup.py install is deprecated -W ignore:easy_install command is deprecated setup.py develop --editable --build-directory /home/group3-robot/robp_group3/build/map_file/build --no-deps symlink_data
