[0.209s] Invoking command in '/home/group3-robot/robp_group3/build/micro_ros_msgs': CMAKE_PREFIX_PATH=${CMAKE_PREFIX_PATH}:/home/group3-robot/robp_group3/robp_ws/install/robp_launch:/home/group3-robot/robp_group3/robp_ws/install/odometry:/home/group3-robot/robp_group3/robp_ws/install/path_planner:/home/group3-robot/robp_group3/robp_ws/install/mapping:/home/group3-robot/robp_group3/robp_ws/install/joystick_teleop:/home/group3-robot/robp_group3/robp_ws/install/behavior_tree:/home/group3-robot/robp_group3/robp_ws/install/handle_objects:/home/group3-robot/robp_group3/robp_ws/install/detection:/home/group3-robot/robp_group3/robp_ws/install/arm_servos_pubs_subs:/home/group3-robot/robp_group3/robp_ws/install/arm_controller:/opt/ros/jazzy DEBUGINFOD_URLS=https://debuginfod.ubuntu.com /usr/bin/cmake --build /home/group3-robot/robp_group3/build/micro_ros_msgs -- -j8 -l8
[0.768s] [  1%] Built target micro_ros_msgs__rosidl_generator_type_description
[0.768s] [  1%] Built target ament_cmake_python_symlink_micro_ros_msgs
[0.768s] [  3%] Built target micro_ros_msgs__cpp
[0.768s] [ 24%] Built target micro_ros_msgs__rosidl_generator_c
[0.768s] [ 33%] Built target micro_ros_msgs__rosidl_typesupport_fastrtps_c
[0.768s] [ 42%] Built target micro_ros_msgs__rosidl_typesupport_cpp
[0.769s] [ 51%] Built target micro_ros_msgs__rosidl_typesupport_introspection_cpp
[0.769s] [ 61%] Built target micro_ros_msgs__rosidl_typesupport_fastrtps_cpp
[0.769s] [ 70%] Built target micro_ros_msgs__rosidl_typesupport_introspection_c
[0.769s] [ 79%] Built target micro_ros_msgs__rosidl_typesupport_c
[0.769s] [ 79%] Built target micro_ros_msgs
[0.769s] [ 81%] Built target micro_ros_msgs__py
[0.769s] [ 88%] Built target micro_ros_msgs__rosidl_generator_py
[0.769s] [ 92%] Built target micro_ros_msgs_s__rosidl_typesupport_introspection_c
[0.769s] [ 96%] Built target micro_ros_msgs_s__rosidl_typesupport_fastrtps_c
[0.769s] [100%] Built target micro_ros_msgs_s__rosidl_typesupport_c
[0.769s] running egg_info
[0.769s] writing micro_ros_msgs.egg-info/PKG-INFO
[0.769s] writing dependency_links to micro_ros_msgs.egg-info/dependency_links.txt
[0.769s] writing top-level names to micro_ros_msgs.egg-info/top_level.txt
[0.769s] reading manifest file 'micro_ros_msgs.egg-info/SOURCES.txt'
[0.769s] writing manifest file 'micro_ros_msgs.egg-info/SOURCES.txt'
[0.769s] [100%] Built target ament_cmake_python_build_micro_ros_msgs_egg
[0.781s] Invoked command in '/home/group3-robot/robp_group3/build/micro_ros_msgs' returned '0': CMAKE_PREFIX_PATH=${CMAKE_PREFIX_PATH}:/home/group3-robot/robp_group3/robp_ws/install/robp_launch:/home/group3-robot/robp_group3/robp_ws/install/odometry:/home/group3-robot/robp_group3/robp_ws/install/path_planner:/home/group3-robot/robp_group3/robp_ws/install/mapping:/home/group3-robot/robp_group3/robp_ws/install/joystick_teleop:/home/group3-robot/robp_group3/robp_ws/install/behavior_tree:/home/group3-robot/robp_group3/robp_ws/install/handle_objects:/home/group3-robot/robp_group3/robp_ws/install/detection:/home/group3-robot/robp_group3/robp_ws/install/arm_servos_pubs_subs:/home/group3-robot/robp_group3/robp_ws/install/arm_controller:/opt/ros/jazzy DEBUGINFOD_URLS=https://debuginfod.ubuntu.com /usr/bin/cmake --build /home/group3-robot/robp_group3/build/micro_ros_msgs -- -j8 -l8
[0.789s] Invoking command in '/home/group3-robot/robp_group3/build/micro_ros_msgs': CMAKE_PREFIX_PATH=${CMAKE_PREFIX_PATH}:/home/group3-robot/robp_group3/robp_ws/install/robp_launch:/home/group3-robot/robp_group3/robp_ws/install/odometry:/home/group3-robot/robp_group3/robp_ws/install/path_planner:/home/group3-robot/robp_group3/robp_ws/install/mapping:/home/group3-robot/robp_group3/robp_ws/install/joystick_teleop:/home/group3-robot/robp_group3/robp_ws/install/behavior_tree:/home/group3-robot/robp_group3/robp_ws/install/handle_objects:/home/group3-robot/robp_group3/robp_ws/install/detection:/home/group3-robot/robp_group3/robp_ws/install/arm_servos_pubs_subs:/home/group3-robot/robp_group3/robp_ws/install/arm_controller:/opt/ros/jazzy DEBUGINFOD_URLS=https://debuginfod.ubuntu.com /usr/bin/cmake --install /home/group3-robot/robp_group3/build/micro_ros_msgs
