[0.081s] Invoking command in '/home/group3-robot/robp_group3/build/robp_phidgets_encoders': AMENT_PREFIX_PATH=/home/group3-robot/robp_group3/install/robp_interfaces:${AMENT_PREFIX_PATH} CMAKE_PREFIX_PATH=/home/group3-robot/robp_group3/install/robp_interfaces:/opt/ros/jazzy/opt/gz_math_vendor:/opt/ros/jazzy/opt/gz_utils_vendor:/opt/ros/jazzy/opt/gz_cmake_vendor:/opt/ros/jazzy DEBUGINFOD_URLS=https://debuginfod.ubuntu.com LD_LIBRARY_PATH=/home/group3-robot/robp_group3/install/robp_interfaces/lib:${LD_LIBRARY_PATH} PYTHONPATH=/home/group3-robot/robp_group3/install/robp_interfaces/lib/python3.12/site-packages:${PYTHONPATH} /usr/bin/cmake --build /home/group3-robot/robp_group3/build/robp_phidgets_encoders -- -j8 -l8
[0.221s] [100%] Built target robp_phidgets_encoders
[0.254s] Invoked command in '/home/group3-robot/robp_group3/build/robp_phidgets_encoders' returned '0': AMENT_PREFIX_PATH=/home/group3-robot/robp_group3/install/robp_interfaces:${AMENT_PREFIX_PATH} CMAKE_PREFIX_PATH=/home/group3-robot/robp_group3/install/robp_interfaces:/opt/ros/jazzy/opt/gz_math_vendor:/opt/ros/jazzy/opt/gz_utils_vendor:/opt/ros/jazzy/opt/gz_cmake_vendor:/opt/ros/jazzy DEBUGINFOD_URLS=https://debuginfod.ubuntu.com LD_LIBRARY_PATH=/home/group3-robot/robp_group3/install/robp_interfaces/lib:${LD_LIBRARY_PATH} PYTHONPATH=/home/group3-robot/robp_group3/install/robp_interfaces/lib/python3.12/site-packages:${PYTHONPATH} /usr/bin/cmake --build /home/group3-robot/robp_group3/build/robp_phidgets_encoders -- -j8 -l8
[0.254s] Invoking command in '/home/group3-robot/robp_group3/build/robp_phidgets_encoders': AMENT_PREFIX_PATH=/home/group3-robot/robp_group3/install/robp_interfaces:${AMENT_PREFIX_PATH} CMAKE_PREFIX_PATH=/home/group3-robot/robp_group3/install/robp_interfaces:/opt/ros/jazzy/opt/gz_math_vendor:/opt/ros/jazzy/opt/gz_utils_vendor:/opt/ros/jazzy/opt/gz_cmake_vendor:/opt/ros/jazzy DEBUGINFOD_URLS=https://debuginfod.ubuntu.com LD_LIBRARY_PATH=/home/group3-robot/robp_group3/install/robp_interfaces/lib:${LD_LIBRARY_PATH} PYTHONPATH=/home/group3-robot/robp_group3/install/robp_interfaces/lib/python3.12/site-packages:${PYTHONPATH} /usr/bin/cmake --install /home/group3-robot/robp_group3/build/robp_phidgets_encoders
[0.274s] -- Install configuration: "Release"
[0.274s] -- Execute custom install script
[0.274s] -- Up-to-date symlink: /home/group3-robot/robp_group3/install/robp_phidgets_encoders/lib/librobp_phidgets_encoders.so
[0.275s] -- Up-to-date symlink: /home/group3-robot/robp_group3/install/robp_phidgets_encoders/include/robp_phidgets_encoders/encoder.hpp
[0.275s] -- Up-to-date symlink: /home/group3-robot/robp_group3/install/robp_phidgets_encoders/include/robp_phidgets_encoders/encoders.hpp
[0.275s] -- Up-to-date symlink: /home/group3-robot/robp_group3/install/robp_phidgets_encoders/share/robp_phidgets_encoders/launch/encoders_launch.py
[0.277s] -- Up-to-date symlink: /home/group3-robot/robp_group3/install/robp_phidgets_encoders/share/ament_index/resource_index/package_run_dependencies/robp_phidgets_encoders
[0.278s] -- Up-to-date symlink: /home/group3-robot/robp_group3/install/robp_phidgets_encoders/share/ament_index/resource_index/parent_prefix_path/robp_phidgets_encoders
[0.278s] -- Up-to-date symlink: /home/group3-robot/robp_group3/install/robp_phidgets_encoders/share/robp_phidgets_encoders/environment/ament_prefix_path.sh
[0.278s] -- Up-to-date symlink: /home/group3-robot/robp_group3/install/robp_phidgets_encoders/share/robp_phidgets_encoders/environment/ament_prefix_path.dsv
[0.278s] -- Up-to-date symlink: /home/group3-robot/robp_group3/install/robp_phidgets_encoders/share/robp_phidgets_encoders/environment/path.sh
[0.278s] -- Up-to-date symlink: /home/group3-robot/robp_group3/install/robp_phidgets_encoders/share/robp_phidgets_encoders/environment/path.dsv
[0.278s] -- Up-to-date symlink: /home/group3-robot/robp_group3/install/robp_phidgets_encoders/share/robp_phidgets_encoders/local_setup.bash
[0.278s] -- Up-to-date symlink: /home/group3-robot/robp_group3/install/robp_phidgets_encoders/share/robp_phidgets_encoders/local_setup.sh
[0.278s] -- Up-to-date symlink: /home/group3-robot/robp_group3/install/robp_phidgets_encoders/share/robp_phidgets_encoders/local_setup.zsh
[0.279s] -- Up-to-date symlink: /home/group3-robot/robp_group3/install/robp_phidgets_encoders/share/robp_phidgets_encoders/local_setup.dsv
[0.279s] -- Symlinking: /home/group3-robot/robp_group3/install/robp_phidgets_encoders/share/robp_phidgets_encoders/package.dsv
[0.290s] -- Up-to-date symlink: /home/group3-robot/robp_group3/install/robp_phidgets_encoders/share/ament_index/resource_index/packages/robp_phidgets_encoders
[0.290s] -- Up-to-date symlink: /home/group3-robot/robp_group3/install/robp_phidgets_encoders/share/ament_index/resource_index/rclcpp_components/robp_phidgets_encoders
[0.291s] -- Up-to-date symlink: /home/group3-robot/robp_group3/install/robp_phidgets_encoders/share/robp_phidgets_encoders/cmake/robp_phidgets_encodersConfig.cmake
[0.291s] -- Up-to-date symlink: /home/group3-robot/robp_group3/install/robp_phidgets_encoders/share/robp_phidgets_encoders/cmake/robp_phidgets_encodersConfig-version.cmake
[0.291s] -- Up-to-date symlink: /home/group3-robot/robp_group3/install/robp_phidgets_encoders/share/robp_phidgets_encoders/package.xml
[0.306s] Invoked command in '/home/group3-robot/robp_group3/build/robp_phidgets_encoders' returned '0': AMENT_PREFIX_PATH=/home/group3-robot/robp_group3/install/robp_interfaces:${AMENT_PREFIX_PATH} CMAKE_PREFIX_PATH=/home/group3-robot/robp_group3/install/robp_interfaces:/opt/ros/jazzy/opt/gz_math_vendor:/opt/ros/jazzy/opt/gz_utils_vendor:/opt/ros/jazzy/opt/gz_cmake_vendor:/opt/ros/jazzy DEBUGINFOD_URLS=https://debuginfod.ubuntu.com LD_LIBRARY_PATH=/home/group3-robot/robp_group3/install/robp_interfaces/lib:${LD_LIBRARY_PATH} PYTHONPATH=/home/group3-robot/robp_group3/install/robp_interfaces/lib/python3.12/site-packages:${PYTHONPATH} /usr/bin/cmake --install /home/group3-robot/robp_group3/build/robp_phidgets_encoders
