[1.807s] Invoking command in '/home/group3-robot/robp_group3/build/arm_servos_pubs_subs': DEBUGINFOD_URLS=https://debuginfod.ubuntu.com PYTHONPATH=/home/group3-robot/robp_group3/build/arm_servos_pubs_subs/prefix_override:/usr/lib/python3/dist-packages/colcon_core/task/python/colcon_distutils_commands:/home/group3-robot/robp_group3/install/arm_servos_pubs_subs/lib/python3.12/site-packages:${PYTHONPATH} /usr/bin/python3 -W ignore:setup.py install is deprecated -W ignore:easy_install command is deprecated setup.py develop --editable --build-directory /home/group3-robot/robp_group3/build/arm_servos_pubs_subs/build --no-deps symlink_data --force
[2.188s] running develop
[2.498s] running egg_info
[2.528s] writing arm_servos_pubs_subs.egg-info/PKG-INFO
[2.528s] writing dependency_links to arm_servos_pubs_subs.egg-info/dependency_links.txt
[2.529s] writing entry points to arm_servos_pubs_subs.egg-info/entry_points.txt
[2.529s] writing requirements to arm_servos_pubs_subs.egg-info/requires.txt
[2.530s] writing top-level names to arm_servos_pubs_subs.egg-info/top_level.txt
[2.580s] reading manifest file 'arm_servos_pubs_subs.egg-info/SOURCES.txt'
[2.581s] writing manifest file 'arm_servos_pubs_subs.egg-info/SOURCES.txt'
[2.609s] running build_ext
[2.610s] Creating /home/group3-robot/robp_group3/install/arm_servos_pubs_subs/lib/python3.12/site-packages/arm-servos-pubs-subs.egg-link (link to .)
[2.610s] Installing listener script to /home/group3-robot/robp_group3/install/arm_servos_pubs_subs/lib/arm_servos_pubs_subs
[2.611s] Installing talker script to /home/group3-robot/robp_group3/install/arm_servos_pubs_subs/lib/arm_servos_pubs_subs
[2.611s] 
[2.611s] Installed /home/group3-robot/robp_group3/build/arm_servos_pubs_subs
[2.611s] running symlink_data
[2.611s] symbolically linking /home/group3-robot/robp_group3/build/arm_servos_pubs_subs/resource/arm_servos_pubs_subs -> /home/group3-robot/robp_group3/install/arm_servos_pubs_subs/share/ament_index/resource_index/packages
[2.612s] symbolically linking /home/group3-robot/robp_group3/build/arm_servos_pubs_subs/package.xml -> /home/group3-robot/robp_group3/install/arm_servos_pubs_subs/share/arm_servos_pubs_subs
[2.662s] Invoked command in '/home/group3-robot/robp_group3/build/arm_servos_pubs_subs' returned '0': DEBUGINFOD_URLS=https://debuginfod.ubuntu.com PYTHONPATH=/home/group3-robot/robp_group3/build/arm_servos_pubs_subs/prefix_override:/usr/lib/python3/dist-packages/colcon_core/task/python/colcon_distutils_commands:/home/group3-robot/robp_group3/install/arm_servos_pubs_subs/lib/python3.12/site-packages:${PYTHONPATH} /usr/bin/python3 -W ignore:setup.py install is deprecated -W ignore:easy_install command is deprecated setup.py develop --editable --build-directory /home/group3-robot/robp_group3/build/arm_servos_pubs_subs/build --no-deps symlink_data --force
