[1.603s] Invoking command in '/home/group3-robot/robp_group3/build/path_planner': DEBUGINFOD_URLS=https://debuginfod.ubuntu.com PYTHONPATH=/home/group3-robot/robp_group3/build/path_planner/prefix_override:/usr/lib/python3/dist-packages/colcon_core/task/python/colcon_distutils_commands:/home/group3-robot/robp_group3/install/path_planner/lib/python3.12/site-packages:${PYTHONPATH} /usr/bin/python3 -W ignore:setup.py install is deprecated -W ignore:easy_install command is deprecated setup.py develop --uninstall --editable --build-directory /home/group3-robot/robp_group3/build/path_planner/build
[2.211s] running develop
[2.532s] Removing /home/group3-robot/robp_group3/install/path_planner/lib/python3.12/site-packages/path-planner.egg-link (link to .)
[2.613s] Invoked command in '/home/group3-robot/robp_group3/build/path_planner' returned '0': DEBUGINFOD_URLS=https://debuginfod.ubuntu.com PYTHONPATH=/home/group3-robot/robp_group3/build/path_planner/prefix_override:/usr/lib/python3/dist-packages/colcon_core/task/python/colcon_distutils_commands:/home/group3-robot/robp_group3/install/path_planner/lib/python3.12/site-packages:${PYTHONPATH} /usr/bin/python3 -W ignore:setup.py install is deprecated -W ignore:easy_install command is deprecated setup.py develop --uninstall --editable --build-directory /home/group3-robot/robp_group3/build/path_planner/build
[2.613s] Invoking command in '/home/group3-robot/robp_group3/robp_ws/src/path_planner': DEBUGINFOD_URLS=https://debuginfod.ubuntu.com PYTHONPATH=/home/group3-robot/robp_group3/build/path_planner/prefix_override:/usr/lib/python3/dist-packages/colcon_core/task/python/colcon_distutils_commands:/home/group3-robot/robp_group3/install/path_planner/lib/python3.12/site-packages:${PYTHONPATH} /usr/bin/python3 -W ignore:setup.py install is deprecated -W ignore:easy_install command is deprecated setup.py egg_info --egg-base ../../../build/path_planner build --build-base /home/group3-robot/robp_group3/build/path_planner/build install --record /home/group3-robot/robp_group3/build/path_planner/install.log --single-version-externally-managed install_data --force
[3.112s] running egg_info
[3.138s] writing ../../../build/path_planner/path_planner.egg-info/PKG-INFO
[3.138s] writing dependency_links to ../../../build/path_planner/path_planner.egg-info/dependency_links.txt
[3.140s] writing entry points to ../../../build/path_planner/path_planner.egg-info/entry_points.txt
[3.140s] writing requirements to ../../../build/path_planner/path_planner.egg-info/requires.txt
[3.140s] writing top-level names to ../../../build/path_planner/path_planner.egg-info/top_level.txt
[3.196s] reading manifest file '../../../build/path_planner/path_planner.egg-info/SOURCES.txt'
[3.197s] writing manifest file '../../../build/path_planner/path_planner.egg-info/SOURCES.txt'
[3.198s] running build
[3.198s] running build_py
[3.199s] copying path_planner/obstacle_avoidance.py -> /home/group3-robot/robp_group3/build/path_planner/build/lib/path_planner
[3.203s] copying path_planner/path_planner.py -> /home/group3-robot/robp_group3/build/path_planner/build/lib/path_planner
[3.204s] running install
[3.208s] running install_lib
[3.235s] creating /home/group3-robot/robp_group3/install/path_planner/lib/python3.12/site-packages/path_planner
[3.235s] copying /home/group3-robot/robp_group3/build/path_planner/build/lib/path_planner/obstacle_avoidance.py -> /home/group3-robot/robp_group3/install/path_planner/lib/python3.12/site-packages/path_planner
[3.236s] copying /home/group3-robot/robp_group3/build/path_planner/build/lib/path_planner/point_generator.py -> /home/group3-robot/robp_group3/install/path_planner/lib/python3.12/site-packages/path_planner
[3.236s] copying /home/group3-robot/robp_group3/build/path_planner/build/lib/path_planner/path_planner.py -> /home/group3-robot/robp_group3/install/path_planner/lib/python3.12/site-packages/path_planner
[3.236s] copying /home/group3-robot/robp_group3/build/path_planner/build/lib/path_planner/point_publisher_test.py -> /home/group3-robot/robp_group3/install/path_planner/lib/python3.12/site-packages/path_planner
[3.236s] copying /home/group3-robot/robp_group3/build/path_planner/build/lib/path_planner/__init__.py -> /home/group3-robot/robp_group3/install/path_planner/lib/python3.12/site-packages/path_planner
[3.237s] byte-compiling /home/group3-robot/robp_group3/install/path_planner/lib/python3.12/site-packages/path_planner/obstacle_avoidance.py to obstacle_avoidance.cpython-312.pyc
[3.237s] byte-compiling /home/group3-robot/robp_group3/install/path_planner/lib/python3.12/site-packages/path_planner/point_generator.py to point_generator.cpython-312.pyc
[3.238s] byte-compiling /home/group3-robot/robp_group3/install/path_planner/lib/python3.12/site-packages/path_planner/path_planner.py to path_planner.cpython-312.pyc
[3.240s] byte-compiling /home/group3-robot/robp_group3/install/path_planner/lib/python3.12/site-packages/path_planner/point_publisher_test.py to point_publisher_test.cpython-312.pyc
[3.241s] byte-compiling /home/group3-robot/robp_group3/install/path_planner/lib/python3.12/site-packages/path_planner/__init__.py to __init__.cpython-312.pyc
[3.241s] running install_data
[3.241s] copying resource/path_planner -> /home/group3-robot/robp_group3/install/path_planner/share/ament_index/resource_index/packages
[3.242s] copying package.xml -> /home/group3-robot/robp_group3/install/path_planner/share/path_planner
[3.242s] running install_egg_info
[3.270s] Copying ../../../build/path_planner/path_planner.egg-info to /home/group3-robot/robp_group3/install/path_planner/lib/python3.12/site-packages/path_planner-0.0.0-py3.12.egg-info
[3.273s] running install_scripts
[3.503s] Installing path_planner script to /home/group3-robot/robp_group3/install/path_planner/lib/path_planner
[3.503s] Installing point_generator script to /home/group3-robot/robp_group3/install/path_planner/lib/path_planner
[3.504s] Installing point_publisher_test script to /home/group3-robot/robp_group3/install/path_planner/lib/path_planner
[3.507s] writing list of installed files to '/home/group3-robot/robp_group3/build/path_planner/install.log'
[3.631s] Invoked command in '/home/group3-robot/robp_group3/robp_ws/src/path_planner' returned '0': DEBUGINFOD_URLS=https://debuginfod.ubuntu.com PYTHONPATH=/home/group3-robot/robp_group3/build/path_planner/prefix_override:/usr/lib/python3/dist-packages/colcon_core/task/python/colcon_distutils_commands:/home/group3-robot/robp_group3/install/path_planner/lib/python3.12/site-packages:${PYTHONPATH} /usr/bin/python3 -W ignore:setup.py install is deprecated -W ignore:easy_install command is deprecated setup.py egg_info --egg-base ../../../build/path_planner build --build-base /home/group3-robot/robp_group3/build/path_planner/build install --record /home/group3-robot/robp_group3/build/path_planner/install.log --single-version-externally-managed install_data --force
