[0.372s] Invoking command in '/home/group3-robot/robp_group3/build/robp_phidgets_temperature': CMAKE_PREFIX_PATH=${CMAKE_PREFIX_PATH}:/opt/ros/jazzy DEBUGINFOD_URLS=https://debuginfod.ubuntu.com /usr/bin/cmake /home/group3-robot/robp_group3/robp_ws/src/robp_robot/robp_phidgets/robp_phidgets_temperature -DAMENT_CMAKE_SYMLINK_INSTALL=1 -DCMAKE_INSTALL_PREFIX=/home/group3-robot/robp_group3/install/robp_phidgets_temperature
[0.757s] -- robp_phidgets_temperature: You did not request a specific build type: Choosing 'Release' for maximum performance
[0.757s] -- The C compiler identification is GNU 13.3.0
[0.757s] -- The CXX compiler identification is GNU 13.3.0
[0.757s] -- Detecting C compiler ABI info
[0.757s] -- Detecting C compiler ABI info - done
[0.757s] -- Check for working C compiler: /usr/bin/cc - skipped
[0.758s] -- Detecting C compile features
[0.758s] -- Detecting C compile features - done
[0.758s] -- Detecting CXX compiler ABI info
[0.758s] -- Detecting CXX compiler ABI info - done
[0.758s] -- Check for working CXX compiler: /usr/bin/c++ - skipped
[0.758s] -- Detecting CXX compile features
[0.758s] -- Detecting CXX compile features - done
[0.758s] -- Found ament_cmake_ros: 0.12.0 (/opt/ros/jazzy/share/ament_cmake_ros/cmake)
[0.788s] -- Found Python3: /usr/bin/python3 (found version "3.12.3") found components: Interpreter 
[0.896s] -- Override CMake install command with custom implementation using symlinks instead of copying resources
[0.928s] -- Found libphidget22: 2.3.3 (/opt/ros/jazzy/share/libphidget22/cmake)
[0.929s] -- Found phidgets_api: 2.3.3 (/opt/ros/jazzy/share/phidgets_api/cmake)
[0.934s] -- Found rclcpp: 28.1.6 (/opt/ros/jazzy/share/rclcpp/cmake)
[0.982s] -- Found rosidl_generator_c: 4.6.5 (/opt/ros/jazzy/share/rosidl_generator_c/cmake)
[1.001s] -- Found rosidl_generator_cpp: 4.6.5 (/opt/ros/jazzy/share/rosidl_generator_cpp/cmake)
[1.019s] -- Using all available rosidl_typesupport_c: rosidl_typesupport_fastrtps_c;rosidl_typesupport_introspection_c
[1.044s] -- Using all available rosidl_typesupport_cpp: rosidl_typesupport_fastrtps_cpp;rosidl_typesupport_introspection_cpp
[1.147s] -- Found rmw_implementation_cmake: 7.3.1 (/opt/ros/jazzy/share/rmw_implementation_cmake/cmake)
[1.150s] -- Found rmw_fastrtps_cpp: 8.4.1 (/opt/ros/jazzy/share/rmw_fastrtps_cpp/cmake)
[1.265s] -- Found OpenSSL: /usr/lib/x86_64-linux-gnu/libcrypto.so (found version "3.0.13")  
[1.294s] -- Found FastRTPS: /opt/ros/jazzy/include (Required is at least version "2.13") 
[1.331s] -- Using RMW implementation 'rmw_fastrtps_cpp' as default
[1.430s] -- Found rclcpp_components: 28.1.6 (/opt/ros/jazzy/share/rclcpp_components/cmake)
[1.478s] -- Found sensor_msgs: 5.3.5 (/opt/ros/jazzy/share/sensor_msgs/cmake)
[1.698s] -- Configuring done (1.3s)
[1.715s] -- Generating done (0.0s)
[1.721s] -- Build files have been written to: /home/group3-robot/robp_group3/build/robp_phidgets_temperature
[1.736s] Invoked command in '/home/group3-robot/robp_group3/build/robp_phidgets_temperature' returned '0': CMAKE_PREFIX_PATH=${CMAKE_PREFIX_PATH}:/opt/ros/jazzy DEBUGINFOD_URLS=https://debuginfod.ubuntu.com /usr/bin/cmake /home/group3-robot/robp_group3/robp_ws/src/robp_robot/robp_phidgets/robp_phidgets_temperature -DAMENT_CMAKE_SYMLINK_INSTALL=1 -DCMAKE_INSTALL_PREFIX=/home/group3-robot/robp_group3/install/robp_phidgets_temperature
[1.736s] Invoking command in '/home/group3-robot/robp_group3/build/robp_phidgets_temperature': CMAKE_PREFIX_PATH=${CMAKE_PREFIX_PATH}:/opt/ros/jazzy DEBUGINFOD_URLS=https://debuginfod.ubuntu.com /usr/bin/cmake --build /home/group3-robot/robp_group3/build/robp_phidgets_temperature -- -j8 -l8
[2.536s] [ 50%] [32mBuilding CXX object CMakeFiles/robp_phidgets_temperature.dir/src/temperature.cpp.o[0m
[13.217s] [100%] [32m[1mLinking CXX shared library librobp_phidgets_temperature.so[0m
[13.702s] [100%] Built target robp_phidgets_temperature
[13.728s] Invoked command in '/home/group3-robot/robp_group3/build/robp_phidgets_temperature' returned '0': CMAKE_PREFIX_PATH=${CMAKE_PREFIX_PATH}:/opt/ros/jazzy DEBUGINFOD_URLS=https://debuginfod.ubuntu.com /usr/bin/cmake --build /home/group3-robot/robp_group3/build/robp_phidgets_temperature -- -j8 -l8
[13.729s] Invoking command in '/home/group3-robot/robp_group3/build/robp_phidgets_temperature': CMAKE_PREFIX_PATH=${CMAKE_PREFIX_PATH}:/opt/ros/jazzy DEBUGINFOD_URLS=https://debuginfod.ubuntu.com /usr/bin/cmake --install /home/group3-robot/robp_group3/build/robp_phidgets_temperature
[14.340s] -- Install configuration: "Release"
[14.340s] -- Execute custom install script
[14.340s] -- Symlinking: /home/group3-robot/robp_group3/install/robp_phidgets_temperature/lib/librobp_phidgets_temperature.so
[14.340s] -- Symlinking: /home/group3-robot/robp_group3/install/robp_phidgets_temperature/include/robp_phidgets_temperature/temperature.hpp
[14.340s] -- Symlinking: /home/group3-robot/robp_group3/install/robp_phidgets_temperature/share/robp_phidgets_temperature/launch/temperature_launch.py
[14.340s] -- Symlinking: /home/group3-robot/robp_group3/install/robp_phidgets_temperature/share/ament_index/resource_index/package_run_dependencies/robp_phidgets_temperature
[14.340s] -- Symlinking: /home/group3-robot/robp_group3/install/robp_phidgets_temperature/share/ament_index/resource_index/parent_prefix_path/robp_phidgets_temperature
[14.340s] -- Symlinking: /home/group3-robot/robp_group3/install/robp_phidgets_temperature/share/robp_phidgets_temperature/environment/ament_prefix_path.sh
[14.340s] -- Symlinking: /home/group3-robot/robp_group3/install/robp_phidgets_temperature/share/robp_phidgets_temperature/environment/ament_prefix_path.dsv
[14.340s] -- Symlinking: /home/group3-robot/robp_group3/install/robp_phidgets_temperature/share/robp_phidgets_temperature/environment/path.sh
[14.340s] -- Symlinking: /home/group3-robot/robp_group3/install/robp_phidgets_temperature/share/robp_phidgets_temperature/environment/path.dsv
[14.341s] -- Symlinking: /home/group3-robot/robp_group3/install/robp_phidgets_temperature/share/robp_phidgets_temperature/local_setup.bash
[14.341s] -- Symlinking: /home/group3-robot/robp_group3/install/robp_phidgets_temperature/share/robp_phidgets_temperature/local_setup.sh
[14.341s] -- Symlinking: /home/group3-robot/robp_group3/install/robp_phidgets_temperature/share/robp_phidgets_temperature/local_setup.zsh
[14.341s] -- Symlinking: /home/group3-robot/robp_group3/install/robp_phidgets_temperature/share/robp_phidgets_temperature/local_setup.dsv
[14.341s] -- Symlinking: /home/group3-robot/robp_group3/install/robp_phidgets_temperature/share/robp_phidgets_temperature/package.dsv
[14.341s] -- Symlinking: /home/group3-robot/robp_group3/install/robp_phidgets_temperature/share/ament_index/resource_index/packages/robp_phidgets_temperature
[14.341s] -- Symlinking: /home/group3-robot/robp_group3/install/robp_phidgets_temperature/share/ament_index/resource_index/rclcpp_components/robp_phidgets_temperature
[14.341s] -- Symlinking: /home/group3-robot/robp_group3/install/robp_phidgets_temperature/share/robp_phidgets_temperature/cmake/robp_phidgets_temperatureConfig.cmake
[14.341s] -- Symlinking: /home/group3-robot/robp_group3/install/robp_phidgets_temperature/share/robp_phidgets_temperature/cmake/robp_phidgets_temperatureConfig-version.cmake
[14.341s] -- Symlinking: /home/group3-robot/robp_group3/install/robp_phidgets_temperature/share/robp_phidgets_temperature/package.xml
[14.374s] Invoked command in '/home/group3-robot/robp_group3/build/robp_phidgets_temperature' returned '0': CMAKE_PREFIX_PATH=${CMAKE_PREFIX_PATH}:/opt/ros/jazzy DEBUGINFOD_URLS=https://debuginfod.ubuntu.com /usr/bin/cmake --install /home/group3-robot/robp_group3/build/robp_phidgets_temperature
