[0.029s] Invoking command in '/home/group3-robot/robp_group3/build/robp_phidgets_temperature': CMAKE_PREFIX_PATH=${CMAKE_PREFIX_PATH}:/home/group3-robot/robp_group3/install/robp_launch:/home/group3-robot/robp_group3/install/odometry:/home/group3-robot/robp_group3/install/robp_boot_camp_launch:/home/group3-robot/robp_group3/install/path_planner:/home/group3-robot/robp_group3/install/mapping:/home/group3-robot/robp_group3/install/joystick_teleop:/home/group3-robot/robp_group3/install/detection:/home/group3-robot/robp_group3/install/arm_servos_pubs_subs:/home/group3-robot/robp_group3/install/arm_controller:/opt/ros/jazzy DEBUGINFOD_URLS=https://debuginfod.ubuntu.com /usr/bin/cmake /home/group3-robot/robp_group3/robp_ws/src/robp_robot/robp_phidgets/robp_phidgets_temperature -DAMENT_CMAKE_SYMLINK_INSTALL=1 -DCMAKE_INSTALL_PREFIX=/home/group3-robot/robp_group3/install/robp_phidgets_temperature
[0.631s] -- Found ament_cmake_ros: 0.12.0 (/opt/ros/jazzy/share/ament_cmake_ros/cmake)
[0.631s] -- Override CMake install command with custom implementation using symlinks instead of copying resources
[0.631s] -- Found libphidget22: 2.3.3 (/opt/ros/jazzy/share/libphidget22/cmake)
[0.631s] -- Found phidgets_api: 2.3.3 (/opt/ros/jazzy/share/phidgets_api/cmake)
[0.631s] -- Found rclcpp: 28.1.6 (/opt/ros/jazzy/share/rclcpp/cmake)
[0.631s] -- Found rosidl_generator_c: 4.6.5 (/opt/ros/jazzy/share/rosidl_generator_c/cmake)
[0.631s] -- Found rosidl_generator_cpp: 4.6.5 (/opt/ros/jazzy/share/rosidl_generator_cpp/cmake)
[0.631s] -- Using all available rosidl_typesupport_c: rosidl_typesupport_fastrtps_c;rosidl_typesupport_introspection_c
[0.632s] -- Using all available rosidl_typesupport_cpp: rosidl_typesupport_fastrtps_cpp;rosidl_typesupport_introspection_cpp
[0.632s] -- Found rmw_implementation_cmake: 7.3.1 (/opt/ros/jazzy/share/rmw_implementation_cmake/cmake)
[0.632s] -- Found rmw_fastrtps_cpp: 8.4.1 (/opt/ros/jazzy/share/rmw_fastrtps_cpp/cmake)
[0.632s] -- Using RMW implementation 'rmw_fastrtps_cpp' as default
[0.632s] -- Found rclcpp_components: 28.1.6 (/opt/ros/jazzy/share/rclcpp_components/cmake)
[0.632s] -- Found sensor_msgs: 5.3.5 (/opt/ros/jazzy/share/sensor_msgs/cmake)
[0.632s] -- Configuring done (0.6s)
[0.632s] -- Generating done (0.0s)
[0.632s] -- Build files have been written to: /home/group3-robot/robp_group3/build/robp_phidgets_temperature
[0.862s] Invoked command in '/home/group3-robot/robp_group3/build/robp_phidgets_temperature' returned '0': CMAKE_PREFIX_PATH=${CMAKE_PREFIX_PATH}:/home/group3-robot/robp_group3/install/robp_launch:/home/group3-robot/robp_group3/install/odometry:/home/group3-robot/robp_group3/install/robp_boot_camp_launch:/home/group3-robot/robp_group3/install/path_planner:/home/group3-robot/robp_group3/install/mapping:/home/group3-robot/robp_group3/install/joystick_teleop:/home/group3-robot/robp_group3/install/detection:/home/group3-robot/robp_group3/install/arm_servos_pubs_subs:/home/group3-robot/robp_group3/install/arm_controller:/opt/ros/jazzy DEBUGINFOD_URLS=https://debuginfod.ubuntu.com /usr/bin/cmake /home/group3-robot/robp_group3/robp_ws/src/robp_robot/robp_phidgets/robp_phidgets_temperature -DAMENT_CMAKE_SYMLINK_INSTALL=1 -DCMAKE_INSTALL_PREFIX=/home/group3-robot/robp_group3/install/robp_phidgets_temperature
[0.864s] Invoking command in '/home/group3-robot/robp_group3/build/robp_phidgets_temperature': CMAKE_PREFIX_PATH=${CMAKE_PREFIX_PATH}:/home/group3-robot/robp_group3/install/robp_launch:/home/group3-robot/robp_group3/install/odometry:/home/group3-robot/robp_group3/install/robp_boot_camp_launch:/home/group3-robot/robp_group3/install/path_planner:/home/group3-robot/robp_group3/install/mapping:/home/group3-robot/robp_group3/install/joystick_teleop:/home/group3-robot/robp_group3/install/detection:/home/group3-robot/robp_group3/install/arm_servos_pubs_subs:/home/group3-robot/robp_group3/install/arm_controller:/opt/ros/jazzy DEBUGINFOD_URLS=https://debuginfod.ubuntu.com /usr/bin/cmake --build /home/group3-robot/robp_group3/build/robp_phidgets_temperature -- -j8 -l8
[0.937s] [100%] Built target robp_phidgets_temperature
[0.950s] Invoked command in '/home/group3-robot/robp_group3/build/robp_phidgets_temperature' returned '0': CMAKE_PREFIX_PATH=${CMAKE_PREFIX_PATH}:/home/group3-robot/robp_group3/install/robp_launch:/home/group3-robot/robp_group3/install/odometry:/home/group3-robot/robp_group3/install/robp_boot_camp_launch:/home/group3-robot/robp_group3/install/path_planner:/home/group3-robot/robp_group3/install/mapping:/home/group3-robot/robp_group3/install/joystick_teleop:/home/group3-robot/robp_group3/install/detection:/home/group3-robot/robp_group3/install/arm_servos_pubs_subs:/home/group3-robot/robp_group3/install/arm_controller:/opt/ros/jazzy DEBUGINFOD_URLS=https://debuginfod.ubuntu.com /usr/bin/cmake --build /home/group3-robot/robp_group3/build/robp_phidgets_temperature -- -j8 -l8
[0.965s] Invoking command in '/home/group3-robot/robp_group3/build/robp_phidgets_temperature': CMAKE_PREFIX_PATH=${CMAKE_PREFIX_PATH}:/home/group3-robot/robp_group3/install/robp_launch:/home/group3-robot/robp_group3/install/odometry:/home/group3-robot/robp_group3/install/robp_boot_camp_launch:/home/group3-robot/robp_group3/install/path_planner:/home/group3-robot/robp_group3/install/mapping:/home/group3-robot/robp_group3/install/joystick_teleop:/home/group3-robot/robp_group3/install/detection:/home/group3-robot/robp_group3/install/arm_servos_pubs_subs:/home/group3-robot/robp_group3/install/arm_controller:/opt/ros/jazzy DEBUGINFOD_URLS=https://debuginfod.ubuntu.com /usr/bin/cmake --install /home/group3-robot/robp_group3/build/robp_phidgets_temperature
[0.975s] -- Install configuration: "Release"
[0.976s] -- Execute custom install script
[0.976s] -- Up-to-date symlink: /home/group3-robot/robp_group3/install/robp_phidgets_temperature/lib/librobp_phidgets_temperature.so
[0.976s] -- Up-to-date symlink: /home/group3-robot/robp_group3/install/robp_phidgets_temperature/include/robp_phidgets_temperature/temperature.hpp
[0.977s] -- Up-to-date symlink: /home/group3-robot/robp_group3/install/robp_phidgets_temperature/share/robp_phidgets_temperature/launch/temperature_launch.py
[0.977s] -- Up-to-date symlink: /home/group3-robot/robp_group3/install/robp_phidgets_temperature/share/ament_index/resource_index/package_run_dependencies/robp_phidgets_temperature
[0.977s] -- Up-to-date symlink: /home/group3-robot/robp_group3/install/robp_phidgets_temperature/share/ament_index/resource_index/parent_prefix_path/robp_phidgets_temperature
[0.977s] -- Up-to-date symlink: /home/group3-robot/robp_group3/install/robp_phidgets_temperature/share/robp_phidgets_temperature/environment/ament_prefix_path.sh
[0.978s] -- Up-to-date symlink: /home/group3-robot/robp_group3/install/robp_phidgets_temperature/share/robp_phidgets_temperature/environment/ament_prefix_path.dsv
[0.978s] -- Up-to-date symlink: /home/group3-robot/robp_group3/install/robp_phidgets_temperature/share/robp_phidgets_temperature/environment/path.sh
[0.978s] -- Up-to-date symlink: /home/group3-robot/robp_group3/install/robp_phidgets_temperature/share/robp_phidgets_temperature/environment/path.dsv
[0.978s] -- Up-to-date symlink: /home/group3-robot/robp_group3/install/robp_phidgets_temperature/share/robp_phidgets_temperature/local_setup.bash
[0.978s] -- Up-to-date symlink: /home/group3-robot/robp_group3/install/robp_phidgets_temperature/share/robp_phidgets_temperature/local_setup.sh
[0.978s] -- Up-to-date symlink: /home/group3-robot/robp_group3/install/robp_phidgets_temperature/share/robp_phidgets_temperature/local_setup.zsh
[0.979s] -- Up-to-date symlink: /home/group3-robot/robp_group3/install/robp_phidgets_temperature/share/robp_phidgets_temperature/local_setup.dsv
[0.979s] -- Symlinking: /home/group3-robot/robp_group3/install/robp_phidgets_temperature/share/robp_phidgets_temperature/package.dsv
[1.000s] -- Up-to-date symlink: /home/group3-robot/robp_group3/install/robp_phidgets_temperature/share/ament_index/resource_index/packages/robp_phidgets_temperature
[1.000s] -- Up-to-date symlink: /home/group3-robot/robp_group3/install/robp_phidgets_temperature/share/ament_index/resource_index/rclcpp_components/robp_phidgets_temperature
[1.000s] -- Up-to-date symlink: /home/group3-robot/robp_group3/install/robp_phidgets_temperature/share/robp_phidgets_temperature/cmake/robp_phidgets_temperatureConfig.cmake
[1.000s] -- Up-to-date symlink: /home/group3-robot/robp_group3/install/robp_phidgets_temperature/share/robp_phidgets_temperature/cmake/robp_phidgets_temperatureConfig-version.cmake
[1.000s] -- Up-to-date symlink: /home/group3-robot/robp_group3/install/robp_phidgets_temperature/share/robp_phidgets_temperature/package.xml
[1.008s] Invoked command in '/home/group3-robot/robp_group3/build/robp_phidgets_temperature' returned '0': CMAKE_PREFIX_PATH=${CMAKE_PREFIX_PATH}:/home/group3-robot/robp_group3/install/robp_launch:/home/group3-robot/robp_group3/install/odometry:/home/group3-robot/robp_group3/install/robp_boot_camp_launch:/home/group3-robot/robp_group3/install/path_planner:/home/group3-robot/robp_group3/install/mapping:/home/group3-robot/robp_group3/install/joystick_teleop:/home/group3-robot/robp_group3/install/detection:/home/group3-robot/robp_group3/install/arm_servos_pubs_subs:/home/group3-robot/robp_group3/install/arm_controller:/opt/ros/jazzy DEBUGINFOD_URLS=https://debuginfod.ubuntu.com /usr/bin/cmake --install /home/group3-robot/robp_group3/build/robp_phidgets_temperature
