[1.302s] Invoking command in '/home/group3-robot/robp_group3/build/joystick_teleop': DEBUGINFOD_URLS=https://debuginfod.ubuntu.com PYTHONPATH=/home/group3-robot/robp_group3/build/joystick_teleop/prefix_override:/usr/lib/python3/dist-packages/colcon_core/task/python/colcon_distutils_commands:/home/group3-robot/robp_group3/install/joystick_teleop/lib/python3.12/site-packages:${PYTHONPATH} /usr/bin/python3 -W ignore:setup.py install is deprecated -W ignore:easy_install command is deprecated setup.py develop --editable --build-directory /home/group3-robot/robp_group3/build/joystick_teleop/build --no-deps symlink_data
[1.799s] running develop
[2.105s] running egg_info
[2.105s] creating joystick_teleop.egg-info
[2.140s] writing joystick_teleop.egg-info/PKG-INFO
[2.140s] writing dependency_links to joystick_teleop.egg-info/dependency_links.txt
[2.140s] writing entry points to joystick_teleop.egg-info/entry_points.txt
[2.140s] writing requirements to joystick_teleop.egg-info/requires.txt
[2.140s] writing top-level names to joystick_teleop.egg-info/top_level.txt
[2.141s] writing manifest file 'joystick_teleop.egg-info/SOURCES.txt'
[2.201s] reading manifest file 'joystick_teleop.egg-info/SOURCES.txt'
[2.201s] writing manifest file 'joystick_teleop.egg-info/SOURCES.txt'
[2.234s] running build_ext
[2.234s] Creating /home/group3-robot/robp_group3/install/joystick_teleop/lib/python3.12/site-packages/joystick-teleop.egg-link (link to .)
[2.234s] Installing teleop script to /home/group3-robot/robp_group3/install/joystick_teleop/lib/joystick_teleop
[2.234s] Installing twist2duty script to /home/group3-robot/robp_group3/install/joystick_teleop/lib/joystick_teleop
[2.235s] 
[2.235s] Installed /home/group3-robot/robp_group3/build/joystick_teleop
[2.238s] running symlink_data
[2.238s] creating /home/group3-robot/robp_group3/install/joystick_teleop/share/ament_index
[2.239s] creating /home/group3-robot/robp_group3/install/joystick_teleop/share/ament_index/resource_index
[2.239s] creating /home/group3-robot/robp_group3/install/joystick_teleop/share/ament_index/resource_index/packages
[2.239s] symbolically linking /home/group3-robot/robp_group3/build/joystick_teleop/resource/joystick_teleop -> /home/group3-robot/robp_group3/install/joystick_teleop/share/ament_index/resource_index/packages
[2.240s] symbolically linking /home/group3-robot/robp_group3/build/joystick_teleop/package.xml -> /home/group3-robot/robp_group3/install/joystick_teleop/share/joystick_teleop
[2.327s] Invoked command in '/home/group3-robot/robp_group3/build/joystick_teleop' returned '0': DEBUGINFOD_URLS=https://debuginfod.ubuntu.com PYTHONPATH=/home/group3-robot/robp_group3/build/joystick_teleop/prefix_override:/usr/lib/python3/dist-packages/colcon_core/task/python/colcon_distutils_commands:/home/group3-robot/robp_group3/install/joystick_teleop/lib/python3.12/site-packages:${PYTHONPATH} /usr/bin/python3 -W ignore:setup.py install is deprecated -W ignore:easy_install command is deprecated setup.py develop --editable --build-directory /home/group3-robot/robp_group3/build/joystick_teleop/build --no-deps symlink_data
