[0.019s] Invoking command in '/home/group3-robot/robp_group3/build/usb_cam': CMAKE_PREFIX_PATH=${CMAKE_PREFIX_PATH}:/opt/ros/jazzy DEBUGINFOD_URLS=https://debuginfod.ubuntu.com /usr/bin/cmake /home/group3-robot/robp_group3/robp_ws/src/robp_robot/usb_cam -DAMENT_CMAKE_SYMLINK_INSTALL=1 -DCMAKE_INSTALL_PREFIX=/home/group3-robot/robp_group3/install/usb_cam
[0.790s] -- The C compiler identification is GNU 13.3.0
[0.790s] -- The CXX compiler identification is GNU 13.3.0
[0.790s] -- Detecting C compiler ABI info
[0.791s] -- Detecting C compiler ABI info - done
[0.791s] -- Check for working C compiler: /usr/bin/cc - skipped
[0.791s] -- Detecting C compile features
[0.791s] -- Detecting C compile features - done
[0.791s] -- Detecting CXX compiler ABI info
[1.218s] -- Detecting CXX compiler ABI info - done
[1.326s] -- Check for working CXX compiler: /usr/bin/c++ - skipped
[1.326s] -- Detecting CXX compile features
[1.326s] -- Detecting CXX compile features - done
[1.328s] -- Found ament_cmake_auto: 2.5.3 (/opt/ros/jazzy/share/ament_cmake_auto/cmake)
[1.983s] -- Found Python3: /usr/bin/python3 (found version "3.12.3") found components: Interpreter 
[2.246s] -- Override CMake install command with custom implementation using symlinks instead of copying resources
[2.640s] -- Found rosidl_generator_c: 4.6.5 (/opt/ros/jazzy/share/rosidl_generator_c/cmake)
[2.679s] -- Found rosidl_generator_cpp: 4.6.5 (/opt/ros/jazzy/share/rosidl_generator_cpp/cmake)
[2.728s] -- Using all available rosidl_typesupport_c: rosidl_typesupport_fastrtps_c;rosidl_typesupport_introspection_c
[2.795s] -- Using all available rosidl_typesupport_cpp: rosidl_typesupport_fastrtps_cpp;rosidl_typesupport_introspection_cpp
[3.113s] -- Found rmw_implementation_cmake: 7.3.1 (/opt/ros/jazzy/share/rmw_implementation_cmake/cmake)
[3.124s] -- Found rmw_fastrtps_cpp: 8.4.1 (/opt/ros/jazzy/share/rmw_fastrtps_cpp/cmake)
[3.392s] -- Found OpenSSL: /usr/lib/x86_64-linux-gnu/libcrypto.so (found version "3.0.13")  
[3.436s] -- Found FastRTPS: /opt/ros/jazzy/include (Required is at least version "2.13") 
[3.471s] -- Using RMW implementation 'rmw_fastrtps_cpp' as default
[4.125s] -- Setting yaml-cpp_DIR to: '/opt/ros/jazzy/share/yaml_cpp_vendor/cmake/../../../opt/yaml_cpp_vendor/share/cmake/yaml-cpp'
[4.562s] -- Found rosidl_adapter: 4.6.5 (/opt/ros/jazzy/share/rosidl_adapter/cmake)
[4.589s] -- Found OpenCV: /usr (found version "4.6.0") 
[4.613s] -- Found PkgConfig: /usr/bin/pkg-config (found version "1.8.1") 
[4.614s] -- Checking for module 'libavcodec'
[4.673s] --   Found libavcodec, version 60.31.102
[4.770s] -- Checking for module 'libavutil'
[4.808s] --   Found libavutil, version 58.29.100
[4.893s] -- Checking for module 'libswscale'
[4.927s] --   Found libswscale, version 7.5.100
[5.065s] -- Found ament_lint_auto: 0.17.1 (/opt/ros/jazzy/share/ament_lint_auto/cmake)
[5.096s] -- Found gtest sources under '/opt/ros/jazzy/src/gtest_vendor': C++ tests using 'Google Test' will be built
[5.101s] -- Performing Test CMAKE_HAVE_LIBC_PTHREAD
[5.438s] -- Performing Test CMAKE_HAVE_LIBC_PTHREAD - Success
[5.453s] -- Found Threads: TRUE  
[5.523s] -- Added test 'copyright' to check source files copyright and LICENSE
[5.527s] -- Added test 'cppcheck' to perform static code analysis on C / C++ code
[5.527s] -- Configured cppcheck include dirs: /home/group3-robot/robp_group3/robp_ws/src/robp_robot/usb_cam/include
[5.527s] -- Configured cppcheck exclude dirs and/or files: 
[5.529s] -- Added test 'cpplint' to check C / C++ code against the Google style
[5.530s] -- Configured cpplint exclude dirs and/or files: 
[5.538s] -- Added test 'flake8' to check Python code syntax and style conventions
[5.538s] -- Configured 'flake8' exclude dirs and/or files: 
[5.538s] -- Added test 'lint_cmake' to check CMake code style
[5.538s] -- Added test 'pep257' to check Python code against some of the docstring style conventions in PEP 257
[5.538s] -- Added test 'uncrustify' to check C / C++ code style
[5.538s] -- Configured uncrustify additional arguments: 
[5.539s] -- Added test 'xmllint' to check XML markup files
[5.550s] -- Configuring done (5.5s)
[5.652s] -- Generating done (0.1s)
[5.687s] -- Build files have been written to: /home/group3-robot/robp_group3/build/usb_cam
[5.717s] Invoked command in '/home/group3-robot/robp_group3/build/usb_cam' returned '0': CMAKE_PREFIX_PATH=${CMAKE_PREFIX_PATH}:/opt/ros/jazzy DEBUGINFOD_URLS=https://debuginfod.ubuntu.com /usr/bin/cmake /home/group3-robot/robp_group3/robp_ws/src/robp_robot/usb_cam -DAMENT_CMAKE_SYMLINK_INSTALL=1 -DCMAKE_INSTALL_PREFIX=/home/group3-robot/robp_group3/install/usb_cam
[5.717s] Invoking command in '/home/group3-robot/robp_group3/build/usb_cam': CMAKE_PREFIX_PATH=${CMAKE_PREFIX_PATH}:/opt/ros/jazzy DEBUGINFOD_URLS=https://debuginfod.ubuntu.com /usr/bin/cmake --build /home/group3-robot/robp_group3/build/usb_cam -- -j8 -l8
[7.356s] [ 14%] [32mBuilding CXX object CMakeFiles/usb_cam.dir/src/usb_cam.cpp.o[0m
[7.356s] [ 14%] [32mBuilding CXX object CMakeFiles/usb_cam_node_exe.dir/rclcpp_components/node_main_usb_cam_node_exe.cpp.o[0m
[7.356s] [ 21%] [32mBuilding CXX object gtest/CMakeFiles/gtest_main.dir/src/gtest_main.cc.o[0m
[7.356s] [ 28%] [32mBuilding CXX object gtest/CMakeFiles/gtest.dir/src/gtest-all.cc.o[0m
[9.889s] [ 35%] [32m[1mLinking CXX static library libgtest_main.a[0m
[10.085s] [ 35%] Built target gtest_main
[12.700s] [ 42%] [32m[1mLinking CXX shared library libusb_cam.so[0m
[13.134s] [ 42%] Built target usb_cam
[13.206s] [ 50%] [32mBuilding CXX object CMakeFiles/usb_cam_node.dir/src/usb_cam_node.cpp.o[0m
[16.603s] [ 57%] [32m[1mLinking CXX executable usb_cam_node_exe[0m
[16.906s] [ 57%] Built target usb_cam_node_exe
[18.289s] [ 64%] [32m[1mLinking CXX static library libgtest.a[0m
[18.448s] [ 64%] Built target gtest
[18.492s] [ 71%] [32mBuilding CXX object CMakeFiles/test_usb_cam_utils.dir/test/test_usb_cam_utils.cpp.o[0m
[18.508s] [ 78%] [32mBuilding CXX object CMakeFiles/test_pixel_formats.dir/test/test_pixel_formats.cpp.o[0m
[20.309s] [ 85%] [32m[1mLinking CXX executable test_usb_cam_utils[0m
[20.545s] [ 85%] Built target test_usb_cam_utils
[20.716s] [ 92%] [32m[1mLinking CXX executable test_pixel_formats[0m
[20.863s] [ 92%] Built target test_pixel_formats
[25.884s] [100%] [32m[1mLinking CXX shared library libusb_cam_node.so[0m
[26.388s] [100%] Built target usb_cam_node
[26.403s] Invoked command in '/home/group3-robot/robp_group3/build/usb_cam' returned '0': CMAKE_PREFIX_PATH=${CMAKE_PREFIX_PATH}:/opt/ros/jazzy DEBUGINFOD_URLS=https://debuginfod.ubuntu.com /usr/bin/cmake --build /home/group3-robot/robp_group3/build/usb_cam -- -j8 -l8
[26.404s] Invoking command in '/home/group3-robot/robp_group3/build/usb_cam': CMAKE_PREFIX_PATH=${CMAKE_PREFIX_PATH}:/opt/ros/jazzy DEBUGINFOD_URLS=https://debuginfod.ubuntu.com /usr/bin/cmake --install /home/group3-robot/robp_group3/build/usb_cam
[26.414s] -- Install configuration: ""
[26.414s] -- Execute custom install script
[26.414s] -- Symlinking: /home/group3-robot/robp_group3/install/usb_cam/share/usb_cam/environment/library_path.sh
[26.426s] -- Symlinking: /home/group3-robot/robp_group3/install/usb_cam/share/usb_cam/environment/library_path.dsv
[26.437s] -- Symlinking: /home/group3-robot/robp_group3/install/usb_cam/lib/usb_cam/usb_cam_node_exe
[26.448s] -- Symlinking: /home/group3-robot/robp_group3/install/usb_cam/lib/usb_cam/show_image.py
[26.460s] -- Symlinking: /home/group3-robot/robp_group3/install/usb_cam/lib/libusb_cam.so
[26.472s] -- Symlinking: /home/group3-robot/robp_group3/install/usb_cam/lib/libusb_cam_node.so
[26.484s] -- Symlinking: /home/group3-robot/robp_group3/install/usb_cam/include/usb_cam/constants.hpp
[26.495s] -- Symlinking: /home/group3-robot/robp_group3/install/usb_cam/include/usb_cam/conversions.hpp
[26.506s] -- Symlinking: /home/group3-robot/robp_group3/install/usb_cam/include/usb_cam/formats/av_pixel_format_helper.hpp
[26.517s] -- Symlinking: /home/group3-robot/robp_group3/install/usb_cam/include/usb_cam/formats/m420.hpp
[26.528s] -- Symlinking: /home/group3-robot/robp_group3/install/usb_cam/include/usb_cam/formats/mjpeg.hpp
[26.539s] -- Symlinking: /home/group3-robot/robp_group3/install/usb_cam/include/usb_cam/formats/mono.hpp
[26.550s] -- Symlinking: /home/group3-robot/robp_group3/install/usb_cam/include/usb_cam/formats/pixel_format_base.hpp
[26.561s] -- Symlinking: /home/group3-robot/robp_group3/install/usb_cam/include/usb_cam/formats/rgb.hpp
[26.571s] -- Symlinking: /home/group3-robot/robp_group3/install/usb_cam/include/usb_cam/formats/utils.hpp
[26.580s] -- Symlinking: /home/group3-robot/robp_group3/install/usb_cam/include/usb_cam/formats/uyvy.hpp
[26.588s] -- Symlinking: /home/group3-robot/robp_group3/install/usb_cam/include/usb_cam/formats/yuyv.hpp
[26.596s] -- Symlinking: /home/group3-robot/robp_group3/install/usb_cam/include/usb_cam/usb_cam.hpp
[26.604s] -- Symlinking: /home/group3-robot/robp_group3/install/usb_cam/include/usb_cam/usb_cam_node.hpp
[26.611s] -- Symlinking: /home/group3-robot/robp_group3/install/usb_cam/include/usb_cam/utils.hpp
[26.619s] -- Up-to-date symlink: /home/group3-robot/robp_group3/install/usb_cam/lib/libusb_cam_node.so
[26.619s] -- Symlinking: /home/group3-robot/robp_group3/install/usb_cam/share/usb_cam/launch/__init__.py
[26.628s] -- Symlinking: /home/group3-robot/robp_group3/install/usb_cam/share/usb_cam/launch/camera.launch.py
[26.635s] -- Symlinking: /home/group3-robot/robp_group3/install/usb_cam/share/usb_cam/launch/camera_config.py
[26.644s] -- Symlinking: /home/group3-robot/robp_group3/install/usb_cam/share/usb_cam/config/camera_info.yaml
[26.652s] -- Symlinking: /home/group3-robot/robp_group3/install/usb_cam/share/usb_cam/config/params_1.yaml
[26.660s] -- Symlinking: /home/group3-robot/robp_group3/install/usb_cam/share/usb_cam/config/params_2.yaml
[26.668s] -- Symlinking: /home/group3-robot/robp_group3/install/usb_cam/share/ament_index/resource_index/package_run_dependencies/usb_cam
[26.676s] -- Symlinking: /home/group3-robot/robp_group3/install/usb_cam/share/ament_index/resource_index/parent_prefix_path/usb_cam
[26.684s] -- Symlinking: /home/group3-robot/robp_group3/install/usb_cam/share/usb_cam/environment/ament_prefix_path.sh
[26.692s] -- Symlinking: /home/group3-robot/robp_group3/install/usb_cam/share/usb_cam/environment/ament_prefix_path.dsv
[26.700s] -- Symlinking: /home/group3-robot/robp_group3/install/usb_cam/share/usb_cam/environment/path.sh
[26.708s] -- Symlinking: /home/group3-robot/robp_group3/install/usb_cam/share/usb_cam/environment/path.dsv
[26.716s] -- Symlinking: /home/group3-robot/robp_group3/install/usb_cam/share/usb_cam/local_setup.bash
[26.724s] -- Symlinking: /home/group3-robot/robp_group3/install/usb_cam/share/usb_cam/local_setup.sh
[26.732s] -- Symlinking: /home/group3-robot/robp_group3/install/usb_cam/share/usb_cam/local_setup.zsh
[26.739s] -- Symlinking: /home/group3-robot/robp_group3/install/usb_cam/share/usb_cam/local_setup.dsv
[26.747s] -- Symlinking: /home/group3-robot/robp_group3/install/usb_cam/share/usb_cam/package.dsv
[26.755s] -- Symlinking: /home/group3-robot/robp_group3/install/usb_cam/share/ament_index/resource_index/packages/usb_cam
[26.763s] -- Symlinking: /home/group3-robot/robp_group3/install/usb_cam/share/ament_index/resource_index/rclcpp_components/usb_cam
[26.772s] -- Symlinking: /home/group3-robot/robp_group3/install/usb_cam/share/usb_cam/cmake/ament_cmake_export_libraries-extras.cmake
[26.780s] -- Symlinking: /home/group3-robot/robp_group3/install/usb_cam/share/usb_cam/cmake/ament_cmake_export_dependencies-extras.cmake
[26.787s] -- Symlinking: /home/group3-robot/robp_group3/install/usb_cam/share/usb_cam/cmake/ament_cmake_export_include_directories-extras.cmake
[26.795s] -- Symlinking: /home/group3-robot/robp_group3/install/usb_cam/share/usb_cam/cmake/usb_camConfig.cmake
[26.804s] -- Symlinking: /home/group3-robot/robp_group3/install/usb_cam/share/usb_cam/cmake/usb_camConfig-version.cmake
[26.812s] -- Symlinking: /home/group3-robot/robp_group3/install/usb_cam/share/usb_cam/package.xml
[26.822s] Invoked command in '/home/group3-robot/robp_group3/build/usb_cam' returned '0': CMAKE_PREFIX_PATH=${CMAKE_PREFIX_PATH}:/opt/ros/jazzy DEBUGINFOD_URLS=https://debuginfod.ubuntu.com /usr/bin/cmake --install /home/group3-robot/robp_group3/build/usb_cam
