[0.009s] Invoking command in '/home/group3-robot/robp_group3/build/micro_ros_setup': CMAKE_PREFIX_PATH=${CMAKE_PREFIX_PATH}:/home/group3-robot/robp_group3/robp_ws/install/robp_launch:/home/group3-robot/robp_group3/robp_ws/install/odometry:/home/group3-robot/robp_group3/robp_ws/install/path_planner:/home/group3-robot/robp_group3/robp_ws/install/joystick_teleop:/home/group3-robot/robp_group3/robp_ws/install/detection:/home/group3-robot/robp_group3/robp_ws/install/arm_servos_pubs_subs:/home/group3-robot/robp_group3/robp_ws/install/arm_controller:/home/group3-robot/dd2419_ws/install/robp_launch:/home/group3-robot/dd2419_ws/install/odometry:/home/group3-robot/dd2419_ws/install/joystick_teleop:/home/group3-robot/dd2419_ws/install/detection:/home/group3-robot/dd2419_ws/install/arm_servos_pubs_subs:/home/group3-robot/dd2419_ws/install/arm_controller:/opt/ros/jazzy DEBUGINFOD_URLS=https://debuginfod.ubuntu.com /usr/bin/cmake /home/group3-robot/robp_group3/arm_ws/src/micro_ros_setup -DAMENT_CMAKE_SYMLINK_INSTALL=1 -DCMAKE_INSTALL_PREFIX=/home/group3-robot/robp_group3/install/micro_ros_setup
[0.025s] -- Found ament_cmake: 2.5.3 (/opt/ros/jazzy/share/ament_cmake/cmake)
[0.382s] -- Override CMake install command with custom implementation using symlinks instead of copying resources
[0.399s] -- Found ament_lint_auto: 0.17.1 (/opt/ros/jazzy/share/ament_lint_auto/cmake)
[0.602s] -- Configuring done (0.6s)
[0.606s] -- Generating done (0.0s)
[0.607s] -- Build files have been written to: /home/group3-robot/robp_group3/build/micro_ros_setup
[0.616s] Invoked command in '/home/group3-robot/robp_group3/build/micro_ros_setup' returned '0': CMAKE_PREFIX_PATH=${CMAKE_PREFIX_PATH}:/home/group3-robot/robp_group3/robp_ws/install/robp_launch:/home/group3-robot/robp_group3/robp_ws/install/odometry:/home/group3-robot/robp_group3/robp_ws/install/path_planner:/home/group3-robot/robp_group3/robp_ws/install/joystick_teleop:/home/group3-robot/robp_group3/robp_ws/install/detection:/home/group3-robot/robp_group3/robp_ws/install/arm_servos_pubs_subs:/home/group3-robot/robp_group3/robp_ws/install/arm_controller:/home/group3-robot/dd2419_ws/install/robp_launch:/home/group3-robot/dd2419_ws/install/odometry:/home/group3-robot/dd2419_ws/install/joystick_teleop:/home/group3-robot/dd2419_ws/install/detection:/home/group3-robot/dd2419_ws/install/arm_servos_pubs_subs:/home/group3-robot/dd2419_ws/install/arm_controller:/opt/ros/jazzy DEBUGINFOD_URLS=https://debuginfod.ubuntu.com /usr/bin/cmake /home/group3-robot/robp_group3/arm_ws/src/micro_ros_setup -DAMENT_CMAKE_SYMLINK_INSTALL=1 -DCMAKE_INSTALL_PREFIX=/home/group3-robot/robp_group3/install/micro_ros_setup
[0.616s] Invoking command in '/home/group3-robot/robp_group3/build/micro_ros_setup': CMAKE_PREFIX_PATH=${CMAKE_PREFIX_PATH}:/home/group3-robot/robp_group3/robp_ws/install/robp_launch:/home/group3-robot/robp_group3/robp_ws/install/odometry:/home/group3-robot/robp_group3/robp_ws/install/path_planner:/home/group3-robot/robp_group3/robp_ws/install/joystick_teleop:/home/group3-robot/robp_group3/robp_ws/install/detection:/home/group3-robot/robp_group3/robp_ws/install/arm_servos_pubs_subs:/home/group3-robot/robp_group3/robp_ws/install/arm_controller:/home/group3-robot/dd2419_ws/install/robp_launch:/home/group3-robot/dd2419_ws/install/odometry:/home/group3-robot/dd2419_ws/install/joystick_teleop:/home/group3-robot/dd2419_ws/install/detection:/home/group3-robot/dd2419_ws/install/arm_servos_pubs_subs:/home/group3-robot/dd2419_ws/install/arm_controller:/opt/ros/jazzy DEBUGINFOD_URLS=https://debuginfod.ubuntu.com /usr/bin/cmake --build /home/group3-robot/robp_group3/build/micro_ros_setup -- -j8 -l8
[0.690s] Invoked command in '/home/group3-robot/robp_group3/build/micro_ros_setup' returned '0': CMAKE_PREFIX_PATH=${CMAKE_PREFIX_PATH}:/home/group3-robot/robp_group3/robp_ws/install/robp_launch:/home/group3-robot/robp_group3/robp_ws/install/odometry:/home/group3-robot/robp_group3/robp_ws/install/path_planner:/home/group3-robot/robp_group3/robp_ws/install/joystick_teleop:/home/group3-robot/robp_group3/robp_ws/install/detection:/home/group3-robot/robp_group3/robp_ws/install/arm_servos_pubs_subs:/home/group3-robot/robp_group3/robp_ws/install/arm_controller:/home/group3-robot/dd2419_ws/install/robp_launch:/home/group3-robot/dd2419_ws/install/odometry:/home/group3-robot/dd2419_ws/install/joystick_teleop:/home/group3-robot/dd2419_ws/install/detection:/home/group3-robot/dd2419_ws/install/arm_servos_pubs_subs:/home/group3-robot/dd2419_ws/install/arm_controller:/opt/ros/jazzy DEBUGINFOD_URLS=https://debuginfod.ubuntu.com /usr/bin/cmake --build /home/group3-robot/robp_group3/build/micro_ros_setup -- -j8 -l8
[0.690s] Invoking command in '/home/group3-robot/robp_group3/build/micro_ros_setup': CMAKE_PREFIX_PATH=${CMAKE_PREFIX_PATH}:/home/group3-robot/robp_group3/robp_ws/install/robp_launch:/home/group3-robot/robp_group3/robp_ws/install/odometry:/home/group3-robot/robp_group3/robp_ws/install/path_planner:/home/group3-robot/robp_group3/robp_ws/install/joystick_teleop:/home/group3-robot/robp_group3/robp_ws/install/detection:/home/group3-robot/robp_group3/robp_ws/install/arm_servos_pubs_subs:/home/group3-robot/robp_group3/robp_ws/install/arm_controller:/home/group3-robot/dd2419_ws/install/robp_launch:/home/group3-robot/dd2419_ws/install/odometry:/home/group3-robot/dd2419_ws/install/joystick_teleop:/home/group3-robot/dd2419_ws/install/detection:/home/group3-robot/dd2419_ws/install/arm_servos_pubs_subs:/home/group3-robot/dd2419_ws/install/arm_controller:/opt/ros/jazzy DEBUGINFOD_URLS=https://debuginfod.ubuntu.com /usr/bin/cmake --install /home/group3-robot/robp_group3/build/micro_ros_setup
[0.704s] -- Install configuration: ""
[0.708s] -- Execute custom install script
[0.709s] -- Up-to-date symlink: /home/group3-robot/robp_group3/install/micro_ros_setup/share/ament_index/resource_index/package_run_dependencies/micro_ros_setup
[0.710s] -- Up-to-date symlink: /home/group3-robot/robp_group3/install/micro_ros_setup/share/ament_index/resource_index/parent_prefix_path/micro_ros_setup
[0.710s] -- Up-to-date symlink: /home/group3-robot/robp_group3/install/micro_ros_setup/share/micro_ros_setup/environment/ament_prefix_path.sh
[0.710s] -- Up-to-date symlink: /home/group3-robot/robp_group3/install/micro_ros_setup/share/micro_ros_setup/environment/ament_prefix_path.dsv
[0.710s] -- Up-to-date symlink: /home/group3-robot/robp_group3/install/micro_ros_setup/share/micro_ros_setup/environment/path.sh
[0.710s] -- Up-to-date symlink: /home/group3-robot/robp_group3/install/micro_ros_setup/share/micro_ros_setup/environment/path.dsv
[0.710s] -- Up-to-date symlink: /home/group3-robot/robp_group3/install/micro_ros_setup/share/micro_ros_setup/local_setup.bash
[0.710s] -- Up-to-date symlink: /home/group3-robot/robp_group3/install/micro_ros_setup/share/micro_ros_setup/local_setup.sh
[0.711s] -- Up-to-date symlink: /home/group3-robot/robp_group3/install/micro_ros_setup/share/micro_ros_setup/local_setup.zsh
[0.714s] -- Up-to-date symlink: /home/group3-robot/robp_group3/install/micro_ros_setup/share/micro_ros_setup/local_setup.dsv
[0.714s] -- Symlinking: /home/group3-robot/robp_group3/install/micro_ros_setup/share/micro_ros_setup/package.dsv
[0.739s] -- Up-to-date symlink: /home/group3-robot/robp_group3/install/micro_ros_setup/share/ament_index/resource_index/packages/micro_ros_setup
[0.739s] -- Up-to-date symlink: /home/group3-robot/robp_group3/install/micro_ros_setup/share/micro_ros_setup/cmake/micro_ros_setupConfig.cmake
[0.739s] -- Up-to-date symlink: /home/group3-robot/robp_group3/install/micro_ros_setup/share/micro_ros_setup/cmake/micro_ros_setupConfig-version.cmake
[0.739s] -- Up-to-date symlink: /home/group3-robot/robp_group3/install/micro_ros_setup/share/micro_ros_setup/package.xml
[0.740s] -- Up-to-date symlink: /home/group3-robot/robp_group3/install/micro_ros_setup/lib/micro_ros_setup/create_ws.sh
[0.740s] -- Up-to-date symlink: /home/group3-robot/robp_group3/install/micro_ros_setup/lib/micro_ros_setup/create_agent_ws.sh
[0.741s] -- Up-to-date symlink: /home/group3-robot/robp_group3/install/micro_ros_setup/lib/micro_ros_setup/create_firmware_ws.sh
[0.741s] -- Up-to-date symlink: /home/group3-robot/robp_group3/install/micro_ros_setup/lib/micro_ros_setup/configure_firmware.sh
[0.741s] -- Up-to-date symlink: /home/group3-robot/robp_group3/install/micro_ros_setup/lib/micro_ros_setup/flash_firmware.sh
[0.742s] -- Up-to-date symlink: /home/group3-robot/robp_group3/install/micro_ros_setup/lib/micro_ros_setup/build_firmware.sh
[0.744s] -- Up-to-date symlink: /home/group3-robot/robp_group3/install/micro_ros_setup/lib/micro_ros_setup/build_agent.sh
[0.744s] -- Up-to-date symlink: /home/group3-robot/robp_group3/install/micro_ros_setup/lib/micro_ros_setup/yaml_filter.py
[0.744s] -- Up-to-date symlink: /home/group3-robot/robp_group3/install/micro_ros_setup/lib/micro_ros_setup/clean_env.sh
[0.744s] -- Up-to-date symlink: /home/group3-robot/robp_group3/install/micro_ros_setup/lib/micro_ros_setup/component
[0.744s] -- Up-to-date: /home/group3-robot/robp_group3/install/micro_ros_setup/./config
[0.744s] -- Up-to-date: /home/group3-robot/robp_group3/install/micro_ros_setup/./config/raspbian
[0.745s] -- Up-to-date: /home/group3-robot/robp_group3/install/micro_ros_setup/./config/raspbian/dev_uros_packages.repos
[0.745s] -- Up-to-date: /home/group3-robot/robp_group3/install/micro_ros_setup/./config/raspbian/dev_ros2_packages.txt
[0.745s] -- Up-to-date: /home/group3-robot/robp_group3/install/micro_ros_setup/./config/raspbian/generic
[0.745s] -- Up-to-date: /home/group3-robot/robp_group3/install/micro_ros_setup/./config/raspbian/generic/configure.sh
[0.745s] -- Up-to-date: /home/group3-robot/robp_group3/install/micro_ros_setup/./config/raspbian/generic/flash.sh
[0.745s] -- Up-to-date: /home/group3-robot/robp_group3/install/micro_ros_setup/./config/raspbian/generic/supported_platforms
[0.745s] -- Up-to-date: /home/group3-robot/robp_group3/install/micro_ros_setup/./config/raspbian/generic/client_uros_packages.repos
[0.745s] -- Up-to-date: /home/group3-robot/robp_group3/install/micro_ros_setup/./config/raspbian/generic/client-colcon.meta
[0.745s] -- Up-to-date: /home/group3-robot/robp_group3/install/micro_ros_setup/./config/raspbian/generic/create.sh
[0.745s] -- Up-to-date: /home/group3-robot/robp_group3/install/micro_ros_setup/./config/raspbian/generic/build.sh
[0.745s] -- Up-to-date: /home/group3-robot/robp_group3/install/micro_ros_setup/./config/zephyr
[0.746s] -- Up-to-date: /home/group3-robot/robp_group3/install/micro_ros_setup/./config/zephyr/dev_uros_packages.repos
[0.746s] -- Up-to-date: /home/group3-robot/robp_group3/install/micro_ros_setup/./config/zephyr/list_apps.sh
[0.746s] -- Up-to-date: /home/group3-robot/robp_group3/install/micro_ros_setup/./config/zephyr/dev_ros2_packages.txt
[0.746s] -- Up-to-date: /home/group3-robot/robp_group3/install/micro_ros_setup/./config/zephyr/generic
[0.751s] -- Up-to-date: /home/group3-robot/robp_group3/install/micro_ros_setup/./config/zephyr/generic/configure.sh
[0.751s] -- Up-to-date: /home/group3-robot/robp_group3/install/micro_ros_setup/./config/zephyr/generic/board.repos
[0.751s] -- Up-to-date: /home/group3-robot/robp_group3/install/micro_ros_setup/./config/zephyr/generic/flash.sh
[0.751s] -- Up-to-date: /home/group3-robot/robp_group3/install/micro_ros_setup/./config/zephyr/generic/supported_platforms
[0.751s] -- Up-to-date: /home/group3-robot/robp_group3/install/micro_ros_setup/./config/zephyr/generic/client_uros_packages.repos
[0.751s] -- Up-to-date: /home/group3-robot/robp_group3/install/micro_ros_setup/./config/zephyr/generic/client-colcon.meta
[0.751s] -- Up-to-date: /home/group3-robot/robp_group3/install/micro_ros_setup/./config/zephyr/generic/create.sh
[0.751s] -- Up-to-date: /home/group3-robot/robp_group3/install/micro_ros_setup/./config/zephyr/generic/package.xml
[0.752s] -- Up-to-date: /home/group3-robot/robp_group3/install/micro_ros_setup/./config/zephyr/generic/build.sh
[0.752s] -- Up-to-date: /home/group3-robot/robp_group3/install/micro_ros_setup/./config/agent_ros2_packages.txt
[0.752s] -- Up-to-date: /home/group3-robot/robp_group3/install/micro_ros_setup/./config/freertos
[0.752s] -- Up-to-date: /home/group3-robot/robp_group3/install/micro_ros_setup/./config/freertos/olimex-stm32-e407
[0.752s] -- Up-to-date: /home/group3-robot/robp_group3/install/micro_ros_setup/./config/freertos/olimex-stm32-e407/configure.sh
[0.752s] -- Up-to-date: /home/group3-robot/robp_group3/install/micro_ros_setup/./config/freertos/olimex-stm32-e407/board.repos
[0.752s] -- Up-to-date: /home/group3-robot/robp_group3/install/micro_ros_setup/./config/freertos/olimex-stm32-e407/flash.sh
[0.752s] -- Up-to-date: /home/group3-robot/robp_group3/install/micro_ros_setup/./config/freertos/olimex-stm32-e407/client_uros_packages.repos
[0.752s] -- Up-to-date: /home/group3-robot/robp_group3/install/micro_ros_setup/./config/freertos/olimex-stm32-e407/client-colcon.meta
[0.752s] -- Up-to-date: /home/group3-robot/robp_group3/install/micro_ros_setup/./config/freertos/olimex-stm32-e407/create.sh
[0.752s] -- Up-to-date: /home/group3-robot/robp_group3/install/micro_ros_setup/./config/freertos/olimex-stm32-e407/package.xml
[0.753s] -- Up-to-date: /home/group3-robot/robp_group3/install/micro_ros_setup/./config/freertos/olimex-stm32-e407/build.sh
[0.753s] -- Up-to-date: /home/group3-robot/robp_group3/install/micro_ros_setup/./config/freertos/nucleo_f746zg
[0.753s] -- Up-to-date: /home/group3-robot/robp_group3/install/micro_ros_setup/./config/freertos/nucleo_f746zg/configure.sh
[0.753s] -- Up-to-date: /home/group3-robot/robp_group3/install/micro_ros_setup/./config/freertos/nucleo_f746zg/board.repos
[0.753s] -- Up-to-date: /home/group3-robot/robp_group3/install/micro_ros_setup/./config/freertos/nucleo_f746zg/flash.sh
[0.753s] -- Up-to-date: /home/group3-robot/robp_group3/install/micro_ros_setup/./config/freertos/nucleo_f746zg/client_uros_packages.repos
[0.753s] -- Up-to-date: /home/group3-robot/robp_group3/install/micro_ros_setup/./config/freertos/nucleo_f746zg/client-colcon.meta
[0.753s] -- Up-to-date: /home/group3-robot/robp_group3/install/micro_ros_setup/./config/freertos/nucleo_f746zg/create.sh
[0.753s] -- Up-to-date: /home/group3-robot/robp_group3/install/micro_ros_setup/./config/freertos/nucleo_f746zg/package.xml
[0.753s] -- Up-to-date: /home/group3-robot/robp_group3/install/micro_ros_setup/./config/freertos/nucleo_f746zg/build.sh
[0.753s] -- Up-to-date: /home/group3-robot/robp_group3/install/micro_ros_setup/./config/freertos/nucleo_f767zi
[0.754s] -- Up-to-date: /home/group3-robot/robp_group3/install/micro_ros_setup/./config/freertos/nucleo_f767zi/configure.sh
[0.754s] -- Up-to-date: /home/group3-robot/robp_group3/install/micro_ros_setup/./config/freertos/nucleo_f767zi/board.repos
[0.754s] -- Up-to-date: /home/group3-robot/robp_group3/install/micro_ros_setup/./config/freertos/nucleo_f767zi/flash.sh
[0.754s] -- Up-to-date: /home/group3-robot/robp_group3/install/micro_ros_setup/./config/freertos/nucleo_f767zi/client_uros_packages.repos
[0.754s] -- Up-to-date: /home/group3-robot/robp_group3/install/micro_ros_setup/./config/freertos/nucleo_f767zi/client-colcon.meta
[0.754s] -- Up-to-date: /home/group3-robot/robp_group3/install/micro_ros_setup/./config/freertos/nucleo_f767zi/create.sh
[0.754s] -- Up-to-date: /home/group3-robot/robp_group3/install/micro_ros_setup/./config/freertos/nucleo_f767zi/package.xml
[0.754s] -- Up-to-date: /home/group3-robot/robp_group3/install/micro_ros_setup/./config/freertos/nucleo_f767zi/build.sh
[0.754s] -- Up-to-date: /home/group3-robot/robp_group3/install/micro_ros_setup/./config/freertos/dev_uros_packages.repos
[0.754s] -- Up-to-date: /home/group3-robot/robp_group3/install/micro_ros_setup/./config/freertos/list_apps.sh
[0.754s] -- Up-to-date: /home/group3-robot/robp_group3/install/micro_ros_setup/./config/freertos/esp32
[0.755s] -- Up-to-date: /home/group3-robot/robp_group3/install/micro_ros_setup/./config/freertos/esp32/configure.sh
[0.755s] -- Up-to-date: /home/group3-robot/robp_group3/install/micro_ros_setup/./config/freertos/esp32/board.repos
[0.759s] -- Up-to-date: /home/group3-robot/robp_group3/install/micro_ros_setup/./config/freertos/esp32/flash.sh
[0.759s] -- Up-to-date: /home/group3-robot/robp_group3/install/micro_ros_setup/./config/freertos/esp32/README.md
[0.759s] -- Up-to-date: /home/group3-robot/robp_group3/install/micro_ros_setup/./config/freertos/esp32/client_uros_packages.repos
[0.759s] -- Up-to-date: /home/group3-robot/robp_group3/install/micro_ros_setup/./config/freertos/esp32/client-colcon.meta
[0.759s] -- Up-to-date: /home/group3-robot/robp_group3/install/micro_ros_setup/./config/freertos/esp32/create.sh
[0.759s] -- Up-to-date: /home/group3-robot/robp_group3/install/micro_ros_setup/./config/freertos/esp32/package.xml
[0.759s] -- Up-to-date: /home/group3-robot/robp_group3/install/micro_ros_setup/./config/freertos/esp32/build.sh
[0.759s] -- Up-to-date: /home/group3-robot/robp_group3/install/micro_ros_setup/./config/freertos/dev_ros2_packages.txt
[0.760s] -- Up-to-date: /home/group3-robot/robp_group3/install/micro_ros_setup/./config/freertos/nucleo_f446re
[0.760s] -- Up-to-date: /home/group3-robot/robp_group3/install/micro_ros_setup/./config/freertos/nucleo_f446re/configure.sh
[0.760s] -- Up-to-date: /home/group3-robot/robp_group3/install/micro_ros_setup/./config/freertos/nucleo_f446re/board.repos
[0.760s] -- Up-to-date: /home/group3-robot/robp_group3/install/micro_ros_setup/./config/freertos/nucleo_f446re/flash.sh
[0.760s] -- Up-to-date: /home/group3-robot/robp_group3/install/micro_ros_setup/./config/freertos/nucleo_f446re/client_uros_packages.repos
[0.760s] -- Up-to-date: /home/group3-robot/robp_group3/install/micro_ros_setup/./config/freertos/nucleo_f446re/client-colcon.meta
[0.760s] -- Up-to-date: /home/group3-robot/robp_group3/install/micro_ros_setup/./config/freertos/nucleo_f446re/create.sh
[0.760s] -- Up-to-date: /home/group3-robot/robp_group3/install/micro_ros_setup/./config/freertos/nucleo_f446re/package.xml
[0.760s] -- Up-to-date: /home/group3-robot/robp_group3/install/micro_ros_setup/./config/freertos/nucleo_f446re/build.sh
[0.760s] -- Up-to-date: /home/group3-robot/robp_group3/install/micro_ros_setup/./config/freertos/crazyflie21
[0.761s] -- Up-to-date: /home/group3-robot/robp_group3/install/micro_ros_setup/./config/freertos/crazyflie21/configure.sh
[0.761s] -- Up-to-date: /home/group3-robot/robp_group3/install/micro_ros_setup/./config/freertos/crazyflie21/board.repos
[0.761s] -- Up-to-date: /home/group3-robot/robp_group3/install/micro_ros_setup/./config/freertos/crazyflie21/flash.sh
[0.761s] -- Up-to-date: /home/group3-robot/robp_group3/install/micro_ros_setup/./config/freertos/crazyflie21/client_uros_packages.repos
[0.761s] -- Up-to-date: /home/group3-robot/robp_group3/install/micro_ros_setup/./config/freertos/crazyflie21/client-colcon.meta
[0.761s] -- Up-to-date: /home/group3-robot/robp_group3/install/micro_ros_setup/./config/freertos/crazyflie21/create.sh
[0.761s] -- Up-to-date: /home/group3-robot/robp_group3/install/micro_ros_setup/./config/freertos/crazyflie21/package.xml
[0.761s] -- Up-to-date: /home/group3-robot/robp_group3/install/micro_ros_setup/./config/freertos/crazyflie21/build.sh
[0.762s] -- Up-to-date: /home/group3-robot/robp_group3/install/micro_ros_setup/./config/freertos/nucleo_f446ze
[0.762s] -- Up-to-date: /home/group3-robot/robp_group3/install/micro_ros_setup/./config/freertos/nucleo_f446ze/configure.sh
[0.762s] -- Up-to-date: /home/group3-robot/robp_group3/install/micro_ros_setup/./config/freertos/nucleo_f446ze/board.repos
[0.762s] -- Up-to-date: /home/group3-robot/robp_group3/install/micro_ros_setup/./config/freertos/nucleo_f446ze/flash.sh
[0.762s] -- Up-to-date: /home/group3-robot/robp_group3/install/micro_ros_setup/./config/freertos/nucleo_f446ze/client_uros_packages.repos
[0.762s] -- Up-to-date: /home/group3-robot/robp_group3/install/micro_ros_setup/./config/freertos/nucleo_f446ze/client-colcon.meta
[0.762s] -- Up-to-date: /home/group3-robot/robp_group3/install/micro_ros_setup/./config/freertos/nucleo_f446ze/create.sh
[0.762s] -- Up-to-date: /home/group3-robot/robp_group3/install/micro_ros_setup/./config/freertos/nucleo_f446ze/package.xml
[0.762s] -- Up-to-date: /home/group3-robot/robp_group3/install/micro_ros_setup/./config/freertos/nucleo_f446ze/build.sh
[0.762s] -- Up-to-date: /home/group3-robot/robp_group3/install/micro_ros_setup/./config/agent_uros_packages.repos
[0.762s] -- Up-to-date: /home/group3-robot/robp_group3/install/micro_ros_setup/./config/host
[0.762s] -- Up-to-date: /home/group3-robot/robp_group3/install/micro_ros_setup/./config/host/dev_uros_packages.repos
[0.763s] -- Up-to-date: /home/group3-robot/robp_group3/install/micro_ros_setup/./config/host/client_ros2_packages.txt
[0.763s] -- Up-to-date: /home/group3-robot/robp_group3/install/micro_ros_setup/./config/host/dev_ros2_packages.txt
[0.763s] -- Up-to-date: /home/group3-robot/robp_group3/install/micro_ros_setup/./config/host/generic
[0.763s] -- Up-to-date: /home/group3-robot/robp_group3/install/micro_ros_setup/./config/host/generic/flash.sh
[0.763s] -- Up-to-date: /home/group3-robot/robp_group3/install/micro_ros_setup/./config/host/generic/client_host_packages.repos
[0.763s] -- Up-to-date: /home/group3-robot/robp_group3/install/micro_ros_setup/./config/host/generic/create.sh
[0.763s] -- Up-to-date: /home/group3-robot/robp_group3/install/micro_ros_setup/./config/host/generic/package.xml
[0.763s] -- Up-to-date: /home/group3-robot/robp_group3/install/micro_ros_setup/./config/host/generic/client-host-colcon.meta
[0.763s] -- Up-to-date: /home/group3-robot/robp_group3/install/micro_ros_setup/./config/host/generic/build.sh
[0.763s] -- Up-to-date: /home/group3-robot/robp_group3/install/micro_ros_setup/./config/client_ros2_packages.txt
[0.763s] -- Up-to-date: /home/group3-robot/robp_group3/install/micro_ros_setup/./config/android
[0.764s] -- Up-to-date: /home/group3-robot/robp_group3/install/micro_ros_setup/./config/android/dev_uros_packages.repos
[0.764s] -- Up-to-date: /home/group3-robot/robp_group3/install/micro_ros_setup/./config/android/dev_ros2_packages.txt
[0.764s] -- Up-to-date: /home/group3-robot/robp_group3/install/micro_ros_setup/./config/android/generic
[0.764s] -- Up-to-date: /home/group3-robot/robp_group3/install/micro_ros_setup/./config/android/generic/flash.sh
[0.764s] -- Up-to-date: /home/group3-robot/robp_group3/install/micro_ros_setup/./config/android/generic/client_uros_packages.repos
[0.764s] -- Up-to-date: /home/group3-robot/robp_group3/install/micro_ros_setup/./config/android/generic/client-colcon.meta
[0.764s] -- Up-to-date: /home/group3-robot/robp_group3/install/micro_ros_setup/./config/android/generic/create.sh
[0.764s] -- Up-to-date: /home/group3-robot/robp_group3/install/micro_ros_setup/./config/android/generic/package.xml
[0.764s] -- Up-to-date: /home/group3-robot/robp_group3/install/micro_ros_setup/./config/android/generic/build.sh
[0.764s] -- Up-to-date: /home/group3-robot/robp_group3/install/micro_ros_setup/./config/client_uros_packages.repos
[0.764s] -- Up-to-date: /home/group3-robot/robp_group3/install/micro_ros_setup/./config/utils.sh
[0.764s] -- Up-to-date: /home/group3-robot/robp_group3/install/micro_ros_setup/./config/generate_lib
[0.764s] -- Up-to-date: /home/group3-robot/robp_group3/install/micro_ros_setup/./config/generate_lib/dev_uros_packages.repos
[0.765s] -- Up-to-date: /home/group3-robot/robp_group3/install/micro_ros_setup/./config/generate_lib/dev_ros2_packages.txt
[0.765s] -- Up-to-date: /home/group3-robot/robp_group3/install/micro_ros_setup/./config/generate_lib/generic
[0.767s] -- Up-to-date: /home/group3-robot/robp_group3/install/micro_ros_setup/./config/generate_lib/generic/flash.sh
[0.768s] -- Up-to-date: /home/group3-robot/robp_group3/install/micro_ros_setup/./config/generate_lib/generic/client_uros_packages.repos
[0.768s] -- Up-to-date: /home/group3-robot/robp_group3/install/micro_ros_setup/./config/generate_lib/generic/client-colcon.meta
[0.768s] -- Up-to-date: /home/group3-robot/robp_group3/install/micro_ros_setup/./config/generate_lib/generic/create.sh
[0.768s] -- Up-to-date: /home/group3-robot/robp_group3/install/micro_ros_setup/./config/generate_lib/generic/demo_toolchain.cmake
[0.768s] -- Up-to-date: /home/group3-robot/robp_group3/install/micro_ros_setup/./config/generate_lib/generic/package.xml
[0.768s] -- Up-to-date: /home/group3-robot/robp_group3/install/micro_ros_setup/./config/generate_lib/generic/build.sh
[0.768s] Invoked command in '/home/group3-robot/robp_group3/build/micro_ros_setup' returned '0': CMAKE_PREFIX_PATH=${CMAKE_PREFIX_PATH}:/home/group3-robot/robp_group3/robp_ws/install/robp_launch:/home/group3-robot/robp_group3/robp_ws/install/odometry:/home/group3-robot/robp_group3/robp_ws/install/path_planner:/home/group3-robot/robp_group3/robp_ws/install/joystick_teleop:/home/group3-robot/robp_group3/robp_ws/install/detection:/home/group3-robot/robp_group3/robp_ws/install/arm_servos_pubs_subs:/home/group3-robot/robp_group3/robp_ws/install/arm_controller:/home/group3-robot/dd2419_ws/install/robp_launch:/home/group3-robot/dd2419_ws/install/odometry:/home/group3-robot/dd2419_ws/install/joystick_teleop:/home/group3-robot/dd2419_ws/install/detection:/home/group3-robot/dd2419_ws/install/arm_servos_pubs_subs:/home/group3-robot/dd2419_ws/install/arm_controller:/opt/ros/jazzy DEBUGINFOD_URLS=https://debuginfod.ubuntu.com /usr/bin/cmake --install /home/group3-robot/robp_group3/build/micro_ros_setup
