-- Found ament_cmake: 2.5.3 (/opt/ros/jazzy/share/ament_cmake/cmake)
-- Found Python3: /usr/bin/python3 (found version "3.12.3") found components: Interpreter 
-- Override CMake install command with custom implementation using symlinks instead of copying resources
-- Found rosidl_default_generators: 1.6.0 (/opt/ros/jazzy/share/rosidl_default_generators/cmake)
-- Using all available rosidl_typesupport_c: rosidl_typesupport_fastrtps_c;rosidl_typesupport_introspection_c
-- Using all available rosidl_typesupport_cpp: rosidl_typesupport_fastrtps_cpp;rosidl_typesupport_introspection_cpp
-- Found rosidl_adapter: 4.6.5 (/opt/ros/jazzy/share/rosidl_adapter/cmake)
-- Found std_msgs: 5.3.5 (/opt/ros/jazzy/share/std_msgs/cmake)
-- Found ament_cmake_ros: 0.12.0 (/opt/ros/jazzy/share/ament_cmake_ros/cmake)
-- Using all available rosidl_typesupport_c: rosidl_typesupport_fastrtps_c;rosidl_typesupport_introspection_c
-- Using all available rosidl_typesupport_cpp: rosidl_typesupport_fastrtps_cpp;rosidl_typesupport_introspection_cpp
-- Found python_cmake_module: 0.11.1 (/opt/ros/jazzy/share/python_cmake_module/cmake)
-- Found Python3: /usr/bin/python3 (found version "3.12.3") found components: Interpreter Development NumPy Development.Module Development.Embed 
-- Found ament_lint_auto: 0.17.1 (/opt/ros/jazzy/share/ament_lint_auto/cmake)
-- Added test 'lint_cmake' to check CMake code style
-- Added test 'xmllint' to check XML markup files
-- Configuring done (1.2s)
-- Generating done (0.0s)
-- Build files have been written to: /home/group3-robot/robp_group3/build/robp_interfaces
[  1%] [34m[1mGenerating type hashes for ROS interfaces[0m
[  1%] Built target ament_cmake_python_symlink_robp_interfaces
running egg_info
writing robp_interfaces.egg-info/PKG-INFO
writing dependency_links to robp_interfaces.egg-info/dependency_links.txt
writing top-level names to robp_interfaces.egg-info/top_level.txt
reading manifest file 'robp_interfaces.egg-info/SOURCES.txt'
writing manifest file 'robp_interfaces.egg-info/SOURCES.txt'
[  1%] Built target robp_interfaces__rosidl_generator_type_description
[  2%] [34m[1mGenerating C code for ROS interfaces[0m
[  2%] Built target ament_cmake_python_build_robp_interfaces_egg
[  3%] [34m[1mGenerating C++ code for ROS interfaces[0m
[  3%] Built target robp_interfaces__cpp
[  4%] [32mBuilding C object CMakeFiles/robp_interfaces__rosidl_generator_c.dir/rosidl_generator_c/robp_interfaces/msg/detail/duty_cycles__functions.c.o[0m
[  5%] [32mBuilding C object CMakeFiles/robp_interfaces__rosidl_generator_c.dir/rosidl_generator_c/robp_interfaces/msg/detail/duty_cycles__type_support.c.o[0m
[  7%] [32mBuilding C object CMakeFiles/robp_interfaces__rosidl_generator_c.dir/rosidl_generator_c/robp_interfaces/msg/detail/encoders__functions.c.o[0m
[  9%] [32mBuilding C object CMakeFiles/robp_interfaces__rosidl_generator_c.dir/rosidl_generator_c/robp_interfaces/msg/detail/duty_cycles__description.c.o[0m
[  8%] [32mBuilding C object CMakeFiles/robp_interfaces__rosidl_generator_c.dir/rosidl_generator_c/robp_interfaces/msg/detail/encoders__type_support.c.o[0m
[ 10%] [32mBuilding C object CMakeFiles/robp_interfaces__rosidl_generator_c.dir/rosidl_generator_c/robp_interfaces/msg/detail/object_position__functions.c.o[0m
[ 11%] [32mBuilding C object CMakeFiles/robp_interfaces__rosidl_generator_c.dir/rosidl_generator_c/robp_interfaces/msg/detail/encoders__description.c.o[0m
[ 13%] [32mBuilding C object CMakeFiles/robp_interfaces__rosidl_generator_c.dir/rosidl_generator_c/robp_interfaces/msg/detail/object_position__description.c.o[0m
[ 14%] [32mBuilding C object CMakeFiles/robp_interfaces__rosidl_generator_c.dir/rosidl_generator_c/robp_interfaces/msg/detail/object_position__type_support.c.o[0m
[ 15%] [32mBuilding C object CMakeFiles/robp_interfaces__rosidl_generator_c.dir/rosidl_generator_c/robp_interfaces/msg/detail/box_position__description.c.o[0m
[ 16%] [32mBuilding C object CMakeFiles/robp_interfaces__rosidl_generator_c.dir/rosidl_generator_c/robp_interfaces/msg/detail/box_position__functions.c.o[0m
[ 17%] [32mBuilding C object CMakeFiles/robp_interfaces__rosidl_generator_c.dir/rosidl_generator_c/robp_interfaces/msg/detail/box_position__type_support.c.o[0m
[ 19%] [32mBuilding C object CMakeFiles/robp_interfaces__rosidl_generator_c.dir/rosidl_generator_c/robp_interfaces/srv/detail/object_position_srv__functions.c.o[0m
[ 20%] [32mBuilding C object CMakeFiles/robp_interfaces__rosidl_generator_c.dir/rosidl_generator_c/robp_interfaces/srv/detail/object_position_srv__description.c.o[0m
[ 21%] [32mBuilding C object CMakeFiles/robp_interfaces__rosidl_generator_c.dir/rosidl_generator_c/robp_interfaces/srv/detail/object_position_srv__type_support.c.o[0m
[ 22%] [32mBuilding C object CMakeFiles/robp_interfaces__rosidl_generator_c.dir/rosidl_generator_c/robp_interfaces/srv/detail/box_position_srv__description.c.o[0m
[ 23%] [32mBuilding C object CMakeFiles/robp_interfaces__rosidl_generator_c.dir/rosidl_generator_c/robp_interfaces/srv/detail/box_position_srv__functions.c.o[0m
[ 25%] [32mBuilding C object CMakeFiles/robp_interfaces__rosidl_generator_c.dir/rosidl_generator_c/robp_interfaces/srv/detail/box_position_srv__type_support.c.o[0m
[ 26%] [32m[1mLinking C shared library librobp_interfaces__rosidl_generator_c.so[0m
[ 26%] Built target robp_interfaces__rosidl_generator_c
[ 27%] [34m[1mGenerating C introspection for ROS interfaces[0m
[ 28%] [34m[1mGenerating C type support dispatch for ROS interfaces[0m
[ 29%] [34m[1mGenerating C++ type support for eProsima Fast-RTPS[0m
[ 30%] [34m[1mGenerating C type support for eProsima Fast-RTPS[0m
[ 32%] [34m[1mGenerating C++ type support dispatch for ROS interfaces[0m
[ 33%] [34m[1mGenerating C++ introspection for ROS interfaces[0m
[ 34%] [32mBuilding CXX object CMakeFiles/robp_interfaces__rosidl_typesupport_c.dir/rosidl_typesupport_c/robp_interfaces/msg/object_position__type_support.cpp.o[0m
[ 36%] [32mBuilding CXX object CMakeFiles/robp_interfaces__rosidl_typesupport_c.dir/rosidl_typesupport_c/robp_interfaces/msg/encoders__type_support.cpp.o[0m
[ 36%] [32mBuilding CXX object CMakeFiles/robp_interfaces__rosidl_typesupport_c.dir/rosidl_typesupport_c/robp_interfaces/msg/duty_cycles__type_support.cpp.o[0m
[ 38%] [32mBuilding CXX object CMakeFiles/robp_interfaces__rosidl_typesupport_cpp.dir/rosidl_typesupport_cpp/robp_interfaces/msg/duty_cycles__type_support.cpp.o[0m
[ 39%] [32mBuilding CXX object CMakeFiles/robp_interfaces__rosidl_typesupport_c.dir/rosidl_typesupport_c/robp_interfaces/msg/box_position__type_support.cpp.o[0m
[ 40%] [32mBuilding CXX object CMakeFiles/robp_interfaces__rosidl_typesupport_c.dir/rosidl_typesupport_c/robp_interfaces/srv/object_position_srv__type_support.cpp.o[0m
[ 41%] [32mBuilding CXX object CMakeFiles/robp_interfaces__rosidl_typesupport_c.dir/rosidl_typesupport_c/robp_interfaces/srv/box_position_srv__type_support.cpp.o[0m
[ 42%] [32mBuilding CXX object CMakeFiles/robp_interfaces__rosidl_typesupport_cpp.dir/rosidl_typesupport_cpp/robp_interfaces/msg/encoders__type_support.cpp.o[0m
[ 44%] [32mBuilding CXX object CMakeFiles/robp_interfaces__rosidl_typesupport_cpp.dir/rosidl_typesupport_cpp/robp_interfaces/msg/object_position__type_support.cpp.o[0m
[ 45%] [32m[1mLinking CXX shared library librobp_interfaces__rosidl_typesupport_c.so[0m
[ 46%] [32mBuilding C object CMakeFiles/robp_interfaces__rosidl_typesupport_introspection_c.dir/rosidl_typesupport_introspection_c/robp_interfaces/msg/detail/duty_cycles__type_support.c.o[0m
[ 46%] Built target robp_interfaces__rosidl_typesupport_c
[ 47%] [32mBuilding CXX object CMakeFiles/robp_interfaces__rosidl_typesupport_cpp.dir/rosidl_typesupport_cpp/robp_interfaces/msg/box_position__type_support.cpp.o[0m
[ 48%] [32mBuilding C object CMakeFiles/robp_interfaces__rosidl_typesupport_introspection_c.dir/rosidl_typesupport_introspection_c/robp_interfaces/msg/detail/encoders__type_support.c.o[0m
[ 50%] [32mBuilding CXX object CMakeFiles/robp_interfaces__rosidl_typesupport_introspection_cpp.dir/rosidl_typesupport_introspection_cpp/robp_interfaces/msg/detail/duty_cycles__type_support.cpp.o[0m
[ 51%] [32mBuilding C object CMakeFiles/robp_interfaces__rosidl_typesupport_introspection_c.dir/rosidl_typesupport_introspection_c/robp_interfaces/msg/detail/object_position__type_support.c.o[0m
[ 52%] [32mBuilding C object CMakeFiles/robp_interfaces__rosidl_typesupport_introspection_c.dir/rosidl_typesupport_introspection_c/robp_interfaces/msg/detail/box_position__type_support.c.o[0m
[ 53%] [32mBuilding C object CMakeFiles/robp_interfaces__rosidl_typesupport_introspection_c.dir/rosidl_typesupport_introspection_c/robp_interfaces/srv/detail/object_position_srv__type_support.c.o[0m
[ 54%] [32mBuilding C object CMakeFiles/robp_interfaces__rosidl_typesupport_introspection_c.dir/rosidl_typesupport_introspection_c/robp_interfaces/srv/detail/box_position_srv__type_support.c.o[0m
[ 55%] [32mBuilding CXX object CMakeFiles/robp_interfaces__rosidl_typesupport_fastrtps_c.dir/rosidl_typesupport_fastrtps_c/robp_interfaces/msg/detail/duty_cycles__type_support_c.cpp.o[0m
[ 57%] [32mBuilding CXX object CMakeFiles/robp_interfaces__rosidl_typesupport_cpp.dir/rosidl_typesupport_cpp/robp_interfaces/srv/object_position_srv__type_support.cpp.o[0m
[ 58%] [32mBuilding CXX object CMakeFiles/robp_interfaces__rosidl_typesupport_fastrtps_cpp.dir/rosidl_typesupport_fastrtps_cpp/robp_interfaces/msg/detail/dds_fastrtps/duty_cycles__type_support.cpp.o[0m
[ 59%] [32m[1mLinking C shared library librobp_interfaces__rosidl_typesupport_introspection_c.so[0m
[ 60%] [32mBuilding CXX object CMakeFiles/robp_interfaces__rosidl_typesupport_fastrtps_cpp.dir/rosidl_typesupport_fastrtps_cpp/robp_interfaces/msg/detail/dds_fastrtps/encoders__type_support.cpp.o[0m
[ 61%] [32mBuilding CXX object CMakeFiles/robp_interfaces__rosidl_typesupport_fastrtps_c.dir/rosidl_typesupport_fastrtps_c/robp_interfaces/msg/detail/encoders__type_support_c.cpp.o[0m
[ 61%] Built target robp_interfaces__rosidl_typesupport_introspection_c
[ 63%] [32mBuilding CXX object CMakeFiles/robp_interfaces__rosidl_typesupport_fastrtps_cpp.dir/rosidl_typesupport_fastrtps_cpp/robp_interfaces/msg/detail/dds_fastrtps/object_position__type_support.cpp.o[0m
[ 64%] [32mBuilding CXX object CMakeFiles/robp_interfaces__rosidl_typesupport_introspection_cpp.dir/rosidl_typesupport_introspection_cpp/robp_interfaces/msg/detail/encoders__type_support.cpp.o[0m
[ 65%] [32mBuilding CXX object CMakeFiles/robp_interfaces__rosidl_typesupport_introspection_cpp.dir/rosidl_typesupport_introspection_cpp/robp_interfaces/msg/detail/object_position__type_support.cpp.o[0m
[ 66%] [32mBuilding CXX object CMakeFiles/robp_interfaces__rosidl_typesupport_fastrtps_c.dir/rosidl_typesupport_fastrtps_c/robp_interfaces/msg/detail/object_position__type_support_c.cpp.o[0m
[ 67%] [32mBuilding CXX object CMakeFiles/robp_interfaces__rosidl_typesupport_cpp.dir/rosidl_typesupport_cpp/robp_interfaces/srv/box_position_srv__type_support.cpp.o[0m
[ 69%] [32mBuilding CXX object CMakeFiles/robp_interfaces__rosidl_typesupport_fastrtps_c.dir/rosidl_typesupport_fastrtps_c/robp_interfaces/msg/detail/box_position__type_support_c.cpp.o[0m
[ 70%] [32mBuilding CXX object CMakeFiles/robp_interfaces__rosidl_typesupport_introspection_cpp.dir/rosidl_typesupport_introspection_cpp/robp_interfaces/msg/detail/box_position__type_support.cpp.o[0m
[ 71%] [32mBuilding CXX object CMakeFiles/robp_interfaces__rosidl_typesupport_introspection_cpp.dir/rosidl_typesupport_introspection_cpp/robp_interfaces/srv/detail/object_position_srv__type_support.cpp.o[0m
[ 72%] [32mBuilding CXX object CMakeFiles/robp_interfaces__rosidl_typesupport_introspection_cpp.dir/rosidl_typesupport_introspection_cpp/robp_interfaces/srv/detail/box_position_srv__type_support.cpp.o[0m
[ 73%] [32mBuilding CXX object CMakeFiles/robp_interfaces__rosidl_typesupport_fastrtps_cpp.dir/rosidl_typesupport_fastrtps_cpp/robp_interfaces/msg/detail/dds_fastrtps/box_position__type_support.cpp.o[0m
[ 75%] [32mBuilding CXX object CMakeFiles/robp_interfaces__rosidl_typesupport_fastrtps_cpp.dir/rosidl_typesupport_fastrtps_cpp/robp_interfaces/srv/detail/dds_fastrtps/object_position_srv__type_support.cpp.o[0m
[ 76%] [32mBuilding CXX object CMakeFiles/robp_interfaces__rosidl_typesupport_fastrtps_cpp.dir/rosidl_typesupport_fastrtps_cpp/robp_interfaces/srv/detail/dds_fastrtps/box_position_srv__type_support.cpp.o[0m
[ 77%] [32mBuilding CXX object CMakeFiles/robp_interfaces__rosidl_typesupport_fastrtps_c.dir/rosidl_typesupport_fastrtps_c/robp_interfaces/srv/detail/object_position_srv__type_support_c.cpp.o[0m
[ 78%] [32m[1mLinking CXX shared library librobp_interfaces__rosidl_typesupport_cpp.so[0m
[ 79%] [32mBuilding CXX object CMakeFiles/robp_interfaces__rosidl_typesupport_fastrtps_c.dir/rosidl_typesupport_fastrtps_c/robp_interfaces/srv/detail/box_position_srv__type_support_c.cpp.o[0m
[ 80%] [32m[1mLinking CXX shared library librobp_interfaces__rosidl_typesupport_introspection_cpp.so[0m
[ 80%] Built target robp_interfaces__rosidl_typesupport_cpp
[ 80%] Built target robp_interfaces__rosidl_typesupport_introspection_cpp
[ 82%] [32m[1mLinking CXX shared library librobp_interfaces__rosidl_typesupport_fastrtps_cpp.so[0m
[ 82%] Built target robp_interfaces__rosidl_typesupport_fastrtps_cpp
[ 83%] [32m[1mLinking CXX shared library librobp_interfaces__rosidl_typesupport_fastrtps_c.so[0m
[ 83%] Built target robp_interfaces__rosidl_typesupport_fastrtps_c
[ 83%] Built target robp_interfaces
[ 84%] Built target robp_interfaces__py
[ 85%] [32mBuilding C object CMakeFiles/robp_interfaces__rosidl_generator_py.dir/rosidl_generator_py/robp_interfaces/msg/_encoders_s.c.o[0m
[ 86%] [32mBuilding C object CMakeFiles/robp_interfaces__rosidl_generator_py.dir/rosidl_generator_py/robp_interfaces/msg/_duty_cycles_s.c.o[0m
[ 88%] [32mBuilding C object CMakeFiles/robp_interfaces__rosidl_generator_py.dir/rosidl_generator_py/robp_interfaces/srv/_object_position_srv_s.c.o[0m
[ 90%] [32mBuilding C object CMakeFiles/robp_interfaces__rosidl_generator_py.dir/rosidl_generator_py/robp_interfaces/msg/_box_position_s.c.o[0m
[ 90%] [32mBuilding C object CMakeFiles/robp_interfaces__rosidl_generator_py.dir/rosidl_generator_py/robp_interfaces/msg/_object_position_s.c.o[0m
[ 91%] [32mBuilding C object CMakeFiles/robp_interfaces__rosidl_generator_py.dir/rosidl_generator_py/robp_interfaces/srv/_box_position_srv_s.c.o[0m
[ 92%] [32m[1mLinking C shared library librobp_interfaces__rosidl_generator_py.so[0m
[ 92%] Built target robp_interfaces__rosidl_generator_py
[ 94%] [32mBuilding C object CMakeFiles/robp_interfaces_s__rosidl_typesupport_c.dir/rosidl_generator_py/robp_interfaces/_robp_interfaces_s.ep.rosidl_typesupport_c.c.o[0m
[ 96%] [32mBuilding C object CMakeFiles/robp_interfaces_s__rosidl_typesupport_introspection_c.dir/rosidl_generator_py/robp_interfaces/_robp_interfaces_s.ep.rosidl_typesupport_introspection_c.c.o[0m
[ 96%] [32mBuilding C object CMakeFiles/robp_interfaces_s__rosidl_typesupport_fastrtps_c.dir/rosidl_generator_py/robp_interfaces/_robp_interfaces_s.ep.rosidl_typesupport_fastrtps_c.c.o[0m
[ 97%] [32m[1mLinking C shared module rosidl_generator_py/robp_interfaces/robp_interfaces_s__rosidl_typesupport_introspection_c.so[0m
[ 97%] Built target robp_interfaces_s__rosidl_typesupport_introspection_c
[ 98%] [32m[1mLinking C shared module rosidl_generator_py/robp_interfaces/robp_interfaces_s__rosidl_typesupport_c.so[0m
[100%] [32m[1mLinking C shared module rosidl_generator_py/robp_interfaces/robp_interfaces_s__rosidl_typesupport_fastrtps_c.so[0m
[100%] Built target robp_interfaces_s__rosidl_typesupport_c
[100%] Built target robp_interfaces_s__rosidl_typesupport_fastrtps_c
-- Install configuration: ""
-- Execute custom install script
-- Up-to-date symlink: /home/group3-robot/robp_group3/install/robp_interfaces/share/ament_index/resource_index/rosidl_interfaces/robp_interfaces
-- Up-to-date symlink: /home/group3-robot/robp_group3/install/robp_interfaces/share/robp_interfaces/msg/DutyCycles.json
-- Up-to-date symlink: /home/group3-robot/robp_group3/install/robp_interfaces/share/robp_interfaces/msg/Encoders.json
-- Up-to-date symlink: /home/group3-robot/robp_group3/install/robp_interfaces/share/robp_interfaces/msg/ObjectPosition.json
-- Up-to-date symlink: /home/group3-robot/robp_group3/install/robp_interfaces/share/robp_interfaces/msg/BoxPosition.json
-- Up-to-date symlink: /home/group3-robot/robp_group3/install/robp_interfaces/share/robp_interfaces/srv/ObjectPositionSrv.json
-- Up-to-date symlink: /home/group3-robot/robp_group3/install/robp_interfaces/share/robp_interfaces/srv/BoxPositionSrv.json
-- Up-to-date symlink: /home/group3-robot/robp_group3/install/robp_interfaces/include/robp_interfaces/robp_interfaces/msg/box_position.h
-- Up-to-date symlink: /home/group3-robot/robp_group3/install/robp_interfaces/include/robp_interfaces/robp_interfaces/msg/detail/box_position__functions.h
-- Up-to-date symlink: /home/group3-robot/robp_group3/install/robp_interfaces/include/robp_interfaces/robp_interfaces/msg/detail/box_position__struct.h
-- Up-to-date symlink: /home/group3-robot/robp_group3/install/robp_interfaces/include/robp_interfaces/robp_interfaces/msg/detail/box_position__type_support.h
-- Up-to-date symlink: /home/group3-robot/robp_group3/install/robp_interfaces/include/robp_interfaces/robp_interfaces/msg/detail/duty_cycles__functions.h
-- Up-to-date symlink: /home/group3-robot/robp_group3/install/robp_interfaces/include/robp_interfaces/robp_interfaces/msg/detail/duty_cycles__struct.h
-- Up-to-date symlink: /home/group3-robot/robp_group3/install/robp_interfaces/include/robp_interfaces/robp_interfaces/msg/detail/duty_cycles__type_support.h
-- Up-to-date symlink: /home/group3-robot/robp_group3/install/robp_interfaces/include/robp_interfaces/robp_interfaces/msg/detail/encoders__functions.h
-- Up-to-date symlink: /home/group3-robot/robp_group3/install/robp_interfaces/include/robp_interfaces/robp_interfaces/msg/detail/encoders__struct.h
-- Up-to-date symlink: /home/group3-robot/robp_group3/install/robp_interfaces/include/robp_interfaces/robp_interfaces/msg/detail/encoders__type_support.h
-- Up-to-date symlink: /home/group3-robot/robp_group3/install/robp_interfaces/include/robp_interfaces/robp_interfaces/msg/detail/object_position__functions.h
-- Up-to-date symlink: /home/group3-robot/robp_group3/install/robp_interfaces/include/robp_interfaces/robp_interfaces/msg/detail/object_position__struct.h
-- Up-to-date symlink: /home/group3-robot/robp_group3/install/robp_interfaces/include/robp_interfaces/robp_interfaces/msg/detail/object_position__type_support.h
-- Up-to-date symlink: /home/group3-robot/robp_group3/install/robp_interfaces/include/robp_interfaces/robp_interfaces/msg/duty_cycles.h
-- Up-to-date symlink: /home/group3-robot/robp_group3/install/robp_interfaces/include/robp_interfaces/robp_interfaces/msg/encoders.h
-- Up-to-date symlink: /home/group3-robot/robp_group3/install/robp_interfaces/include/robp_interfaces/robp_interfaces/msg/object_position.h
-- Up-to-date symlink: /home/group3-robot/robp_group3/install/robp_interfaces/include/robp_interfaces/robp_interfaces/msg/rosidl_generator_c__visibility_control.h
-- Up-to-date symlink: /home/group3-robot/robp_group3/install/robp_interfaces/include/robp_interfaces/robp_interfaces/srv/box_position_srv.h
-- Up-to-date symlink: /home/group3-robot/robp_group3/install/robp_interfaces/include/robp_interfaces/robp_interfaces/srv/detail/box_position_srv__functions.h
-- Up-to-date symlink: /home/group3-robot/robp_group3/install/robp_interfaces/include/robp_interfaces/robp_interfaces/srv/detail/box_position_srv__struct.h
-- Up-to-date symlink: /home/group3-robot/robp_group3/install/robp_interfaces/include/robp_interfaces/robp_interfaces/srv/detail/box_position_srv__type_support.h
-- Up-to-date symlink: /home/group3-robot/robp_group3/install/robp_interfaces/include/robp_interfaces/robp_interfaces/srv/detail/object_position_srv__functions.h
-- Up-to-date symlink: /home/group3-robot/robp_group3/install/robp_interfaces/include/robp_interfaces/robp_interfaces/srv/detail/object_position_srv__struct.h
-- Up-to-date symlink: /home/group3-robot/robp_group3/install/robp_interfaces/include/robp_interfaces/robp_interfaces/srv/detail/object_position_srv__type_support.h
-- Up-to-date symlink: /home/group3-robot/robp_group3/install/robp_interfaces/include/robp_interfaces/robp_interfaces/srv/object_position_srv.h
-- Up-to-date symlink: /home/group3-robot/robp_group3/install/robp_interfaces/share/robp_interfaces/environment/library_path.sh
-- Up-to-date symlink: /home/group3-robot/robp_group3/install/robp_interfaces/share/robp_interfaces/environment/library_path.dsv
-- Up-to-date symlink: /home/group3-robot/robp_group3/install/robp_interfaces/include/robp_interfaces/robp_interfaces/msg/detail/box_position__rosidl_typesupport_fastrtps_c.h
-- Up-to-date symlink: /home/group3-robot/robp_group3/install/robp_interfaces/include/robp_interfaces/robp_interfaces/msg/detail/duty_cycles__rosidl_typesupport_fastrtps_c.h
-- Up-to-date symlink: /home/group3-robot/robp_group3/install/robp_interfaces/include/robp_interfaces/robp_interfaces/msg/detail/encoders__rosidl_typesupport_fastrtps_c.h
-- Up-to-date symlink: /home/group3-robot/robp_group3/install/robp_interfaces/include/robp_interfaces/robp_interfaces/msg/detail/object_position__rosidl_typesupport_fastrtps_c.h
-- Up-to-date symlink: /home/group3-robot/robp_group3/install/robp_interfaces/include/robp_interfaces/robp_interfaces/msg/rosidl_typesupport_fastrtps_c__visibility_control.h
-- Up-to-date symlink: /home/group3-robot/robp_group3/install/robp_interfaces/include/robp_interfaces/robp_interfaces/srv/detail/box_position_srv__rosidl_typesupport_fastrtps_c.h
-- Up-to-date symlink: /home/group3-robot/robp_group3/install/robp_interfaces/include/robp_interfaces/robp_interfaces/srv/detail/object_position_srv__rosidl_typesupport_fastrtps_c.h
-- Up-to-date symlink: /home/group3-robot/robp_group3/install/robp_interfaces/include/robp_interfaces/robp_interfaces/msg/detail/box_position__rosidl_typesupport_introspection_c.h
-- Up-to-date symlink: /home/group3-robot/robp_group3/install/robp_interfaces/include/robp_interfaces/robp_interfaces/msg/detail/duty_cycles__rosidl_typesupport_introspection_c.h
-- Up-to-date symlink: /home/group3-robot/robp_group3/install/robp_interfaces/include/robp_interfaces/robp_interfaces/msg/detail/encoders__rosidl_typesupport_introspection_c.h
-- Up-to-date symlink: /home/group3-robot/robp_group3/install/robp_interfaces/include/robp_interfaces/robp_interfaces/msg/detail/object_position__rosidl_typesupport_introspection_c.h
-- Up-to-date symlink: /home/group3-robot/robp_group3/install/robp_interfaces/include/robp_interfaces/robp_interfaces/msg/rosidl_typesupport_introspection_c__visibility_control.h
-- Up-to-date symlink: /home/group3-robot/robp_group3/install/robp_interfaces/include/robp_interfaces/robp_interfaces/srv/detail/box_position_srv__rosidl_typesupport_introspection_c.h
-- Up-to-date symlink: /home/group3-robot/robp_group3/install/robp_interfaces/include/robp_interfaces/robp_interfaces/srv/detail/object_position_srv__rosidl_typesupport_introspection_c.h
-- Up-to-date symlink: /home/group3-robot/robp_group3/install/robp_interfaces/include/robp_interfaces/robp_interfaces/msg/box_position.hpp
-- Up-to-date symlink: /home/group3-robot/robp_group3/install/robp_interfaces/include/robp_interfaces/robp_interfaces/msg/detail/box_position__builder.hpp
-- Up-to-date symlink: /home/group3-robot/robp_group3/install/robp_interfaces/include/robp_interfaces/robp_interfaces/msg/detail/box_position__struct.hpp
-- Up-to-date symlink: /home/group3-robot/robp_group3/install/robp_interfaces/include/robp_interfaces/robp_interfaces/msg/detail/box_position__traits.hpp
-- Up-to-date symlink: /home/group3-robot/robp_group3/install/robp_interfaces/include/robp_interfaces/robp_interfaces/msg/detail/box_position__type_support.hpp
-- Up-to-date symlink: /home/group3-robot/robp_group3/install/robp_interfaces/include/robp_interfaces/robp_interfaces/msg/detail/duty_cycles__builder.hpp
-- Up-to-date symlink: /home/group3-robot/robp_group3/install/robp_interfaces/include/robp_interfaces/robp_interfaces/msg/detail/duty_cycles__struct.hpp
-- Up-to-date symlink: /home/group3-robot/robp_group3/install/robp_interfaces/include/robp_interfaces/robp_interfaces/msg/detail/duty_cycles__traits.hpp
-- Up-to-date symlink: /home/group3-robot/robp_group3/install/robp_interfaces/include/robp_interfaces/robp_interfaces/msg/detail/duty_cycles__type_support.hpp
-- Up-to-date symlink: /home/group3-robot/robp_group3/install/robp_interfaces/include/robp_interfaces/robp_interfaces/msg/detail/encoders__builder.hpp
-- Up-to-date symlink: /home/group3-robot/robp_group3/install/robp_interfaces/include/robp_interfaces/robp_interfaces/msg/detail/encoders__struct.hpp
-- Up-to-date symlink: /home/group3-robot/robp_group3/install/robp_interfaces/include/robp_interfaces/robp_interfaces/msg/detail/encoders__traits.hpp
-- Up-to-date symlink: /home/group3-robot/robp_group3/install/robp_interfaces/include/robp_interfaces/robp_interfaces/msg/detail/encoders__type_support.hpp
-- Up-to-date symlink: /home/group3-robot/robp_group3/install/robp_interfaces/include/robp_interfaces/robp_interfaces/msg/detail/object_position__builder.hpp
-- Up-to-date symlink: /home/group3-robot/robp_group3/install/robp_interfaces/include/robp_interfaces/robp_interfaces/msg/detail/object_position__struct.hpp
-- Up-to-date symlink: /home/group3-robot/robp_group3/install/robp_interfaces/include/robp_interfaces/robp_interfaces/msg/detail/object_position__traits.hpp
-- Up-to-date symlink: /home/group3-robot/robp_group3/install/robp_interfaces/include/robp_interfaces/robp_interfaces/msg/detail/object_position__type_support.hpp
-- Up-to-date symlink: /home/group3-robot/robp_group3/install/robp_interfaces/include/robp_interfaces/robp_interfaces/msg/duty_cycles.hpp
-- Up-to-date symlink: /home/group3-robot/robp_group3/install/robp_interfaces/include/robp_interfaces/robp_interfaces/msg/encoders.hpp
-- Up-to-date symlink: /home/group3-robot/robp_group3/install/robp_interfaces/include/robp_interfaces/robp_interfaces/msg/object_position.hpp
-- Up-to-date symlink: /home/group3-robot/robp_group3/install/robp_interfaces/include/robp_interfaces/robp_interfaces/msg/rosidl_generator_cpp__visibility_control.hpp
-- Up-to-date symlink: /home/group3-robot/robp_group3/install/robp_interfaces/include/robp_interfaces/robp_interfaces/srv/box_position_srv.hpp
-- Up-to-date symlink: /home/group3-robot/robp_group3/install/robp_interfaces/include/robp_interfaces/robp_interfaces/srv/detail/box_position_srv__builder.hpp
-- Up-to-date symlink: /home/group3-robot/robp_group3/install/robp_interfaces/include/robp_interfaces/robp_interfaces/srv/detail/box_position_srv__struct.hpp
-- Up-to-date symlink: /home/group3-robot/robp_group3/install/robp_interfaces/include/robp_interfaces/robp_interfaces/srv/detail/box_position_srv__traits.hpp
-- Up-to-date symlink: /home/group3-robot/robp_group3/install/robp_interfaces/include/robp_interfaces/robp_interfaces/srv/detail/box_position_srv__type_support.hpp
-- Up-to-date symlink: /home/group3-robot/robp_group3/install/robp_interfaces/include/robp_interfaces/robp_interfaces/srv/detail/object_position_srv__builder.hpp
-- Up-to-date symlink: /home/group3-robot/robp_group3/install/robp_interfaces/include/robp_interfaces/robp_interfaces/srv/detail/object_position_srv__struct.hpp
-- Up-to-date symlink: /home/group3-robot/robp_group3/install/robp_interfaces/include/robp_interfaces/robp_interfaces/srv/detail/object_position_srv__traits.hpp
-- Up-to-date symlink: /home/group3-robot/robp_group3/install/robp_interfaces/include/robp_interfaces/robp_interfaces/srv/detail/object_position_srv__type_support.hpp
-- Up-to-date symlink: /home/group3-robot/robp_group3/install/robp_interfaces/include/robp_interfaces/robp_interfaces/srv/object_position_srv.hpp
-- Up-to-date symlink: /home/group3-robot/robp_group3/install/robp_interfaces/include/robp_interfaces/robp_interfaces/msg/detail/box_position__rosidl_typesupport_fastrtps_cpp.hpp
-- Up-to-date symlink: /home/group3-robot/robp_group3/install/robp_interfaces/include/robp_interfaces/robp_interfaces/msg/detail/duty_cycles__rosidl_typesupport_fastrtps_cpp.hpp
-- Up-to-date symlink: /home/group3-robot/robp_group3/install/robp_interfaces/include/robp_interfaces/robp_interfaces/msg/detail/encoders__rosidl_typesupport_fastrtps_cpp.hpp
-- Up-to-date symlink: /home/group3-robot/robp_group3/install/robp_interfaces/include/robp_interfaces/robp_interfaces/msg/detail/object_position__rosidl_typesupport_fastrtps_cpp.hpp
-- Up-to-date symlink: /home/group3-robot/robp_group3/install/robp_interfaces/include/robp_interfaces/robp_interfaces/msg/rosidl_typesupport_fastrtps_cpp__visibility_control.h
-- Up-to-date symlink: /home/group3-robot/robp_group3/install/robp_interfaces/include/robp_interfaces/robp_interfaces/srv/detail/box_position_srv__rosidl_typesupport_fastrtps_cpp.hpp
-- Up-to-date symlink: /home/group3-robot/robp_group3/install/robp_interfaces/include/robp_interfaces/robp_interfaces/srv/detail/object_position_srv__rosidl_typesupport_fastrtps_cpp.hpp
-- Up-to-date symlink: /home/group3-robot/robp_group3/install/robp_interfaces/include/robp_interfaces/robp_interfaces/msg/detail/box_position__rosidl_typesupport_introspection_cpp.hpp
-- Up-to-date symlink: /home/group3-robot/robp_group3/install/robp_interfaces/include/robp_interfaces/robp_interfaces/msg/detail/duty_cycles__rosidl_typesupport_introspection_cpp.hpp
-- Up-to-date symlink: /home/group3-robot/robp_group3/install/robp_interfaces/include/robp_interfaces/robp_interfaces/msg/detail/encoders__rosidl_typesupport_introspection_cpp.hpp
-- Up-to-date symlink: /home/group3-robot/robp_group3/install/robp_interfaces/include/robp_interfaces/robp_interfaces/msg/detail/object_position__rosidl_typesupport_introspection_cpp.hpp
-- Up-to-date symlink: /home/group3-robot/robp_group3/install/robp_interfaces/include/robp_interfaces/robp_interfaces/srv/detail/box_position_srv__rosidl_typesupport_introspection_cpp.hpp
-- Up-to-date symlink: /home/group3-robot/robp_group3/install/robp_interfaces/include/robp_interfaces/robp_interfaces/srv/detail/object_position_srv__rosidl_typesupport_introspection_cpp.hpp
-- Up-to-date symlink: /home/group3-robot/robp_group3/install/robp_interfaces/share/robp_interfaces/environment/pythonpath.sh
-- Up-to-date symlink: /home/group3-robot/robp_group3/install/robp_interfaces/share/robp_interfaces/environment/pythonpath.dsv
-- Up-to-date symlink: /home/group3-robot/robp_group3/install/robp_interfaces/lib/python3.12/site-packages/robp_interfaces-1.0.0-py3.12.egg-info/PKG-INFO
-- Up-to-date symlink: /home/group3-robot/robp_group3/install/robp_interfaces/lib/python3.12/site-packages/robp_interfaces-1.0.0-py3.12.egg-info/SOURCES.txt
-- Up-to-date symlink: /home/group3-robot/robp_group3/install/robp_interfaces/lib/python3.12/site-packages/robp_interfaces-1.0.0-py3.12.egg-info/dependency_links.txt
-- Up-to-date symlink: /home/group3-robot/robp_group3/install/robp_interfaces/lib/python3.12/site-packages/robp_interfaces-1.0.0-py3.12.egg-info/top_level.txt
-- Up-to-date symlink: /home/group3-robot/robp_group3/install/robp_interfaces/lib/python3.12/site-packages/robp_interfaces/__init__.py
-- Up-to-date symlink: /home/group3-robot/robp_group3/install/robp_interfaces/lib/python3.12/site-packages/robp_interfaces/_robp_interfaces_s.ep.rosidl_typesupport_c.c
-- Up-to-date symlink: /home/group3-robot/robp_group3/install/robp_interfaces/lib/python3.12/site-packages/robp_interfaces/_robp_interfaces_s.ep.rosidl_typesupport_fastrtps_c.c
-- Up-to-date symlink: /home/group3-robot/robp_group3/install/robp_interfaces/lib/python3.12/site-packages/robp_interfaces/_robp_interfaces_s.ep.rosidl_typesupport_introspection_c.c
-- Up-to-date symlink: /home/group3-robot/robp_group3/install/robp_interfaces/lib/python3.12/site-packages/robp_interfaces/msg/__init__.py
-- Up-to-date symlink: /home/group3-robot/robp_group3/install/robp_interfaces/lib/python3.12/site-packages/robp_interfaces/msg/_box_position.py
-- Up-to-date symlink: /home/group3-robot/robp_group3/install/robp_interfaces/lib/python3.12/site-packages/robp_interfaces/msg/_box_position_s.c
-- Up-to-date symlink: /home/group3-robot/robp_group3/install/robp_interfaces/lib/python3.12/site-packages/robp_interfaces/msg/_duty_cycles.py
-- Up-to-date symlink: /home/group3-robot/robp_group3/install/robp_interfaces/lib/python3.12/site-packages/robp_interfaces/msg/_duty_cycles_s.c
-- Up-to-date symlink: /home/group3-robot/robp_group3/install/robp_interfaces/lib/python3.12/site-packages/robp_interfaces/msg/_encoders.py
-- Up-to-date symlink: /home/group3-robot/robp_group3/install/robp_interfaces/lib/python3.12/site-packages/robp_interfaces/msg/_encoders_s.c
-- Up-to-date symlink: /home/group3-robot/robp_group3/install/robp_interfaces/lib/python3.12/site-packages/robp_interfaces/msg/_object_position.py
-- Up-to-date symlink: /home/group3-robot/robp_group3/install/robp_interfaces/lib/python3.12/site-packages/robp_interfaces/msg/_object_position_s.c
-- Up-to-date symlink: /home/group3-robot/robp_group3/install/robp_interfaces/lib/python3.12/site-packages/robp_interfaces/robp_interfaces_s__rosidl_typesupport_c.so
-- Up-to-date symlink: /home/group3-robot/robp_group3/install/robp_interfaces/lib/python3.12/site-packages/robp_interfaces/robp_interfaces_s__rosidl_typesupport_fastrtps_c.so
-- Up-to-date symlink: /home/group3-robot/robp_group3/install/robp_interfaces/lib/python3.12/site-packages/robp_interfaces/robp_interfaces_s__rosidl_typesupport_introspection_c.so
-- Up-to-date symlink: /home/group3-robot/robp_group3/install/robp_interfaces/lib/python3.12/site-packages/robp_interfaces/srv/__init__.py
-- Up-to-date symlink: /home/group3-robot/robp_group3/install/robp_interfaces/lib/python3.12/site-packages/robp_interfaces/srv/_box_position_srv.py
-- Up-to-date symlink: /home/group3-robot/robp_group3/install/robp_interfaces/lib/python3.12/site-packages/robp_interfaces/srv/_box_position_srv_s.c
-- Up-to-date symlink: /home/group3-robot/robp_group3/install/robp_interfaces/lib/python3.12/site-packages/robp_interfaces/srv/_object_position_srv.py
-- Up-to-date symlink: /home/group3-robot/robp_group3/install/robp_interfaces/lib/python3.12/site-packages/robp_interfaces/srv/_object_position_srv_s.c
-- Up-to-date symlink: /home/group3-robot/robp_group3/install/robp_interfaces/lib/python3.12/site-packages/robp_interfaces/robp_interfaces_s__rosidl_typesupport_fastrtps_c.so
-- Up-to-date symlink: /home/group3-robot/robp_group3/install/robp_interfaces/lib/python3.12/site-packages/robp_interfaces/robp_interfaces_s__rosidl_typesupport_introspection_c.so
-- Up-to-date symlink: /home/group3-robot/robp_group3/install/robp_interfaces/lib/python3.12/site-packages/robp_interfaces/robp_interfaces_s__rosidl_typesupport_c.so
-- Up-to-date symlink: /home/group3-robot/robp_group3/install/robp_interfaces/share/robp_interfaces/msg/DutyCycles.idl
-- Up-to-date symlink: /home/group3-robot/robp_group3/install/robp_interfaces/share/robp_interfaces/msg/Encoders.idl
-- Up-to-date symlink: /home/group3-robot/robp_group3/install/robp_interfaces/share/robp_interfaces/msg/ObjectPosition.idl
-- Up-to-date symlink: /home/group3-robot/robp_group3/install/robp_interfaces/share/robp_interfaces/msg/BoxPosition.idl
-- Up-to-date symlink: /home/group3-robot/robp_group3/install/robp_interfaces/share/robp_interfaces/srv/ObjectPositionSrv.idl
-- Up-to-date symlink: /home/group3-robot/robp_group3/install/robp_interfaces/share/robp_interfaces/srv/BoxPositionSrv.idl
-- Up-to-date symlink: /home/group3-robot/robp_group3/install/robp_interfaces/share/robp_interfaces/msg/DutyCycles.msg
-- Up-to-date symlink: /home/group3-robot/robp_group3/install/robp_interfaces/share/robp_interfaces/msg/Encoders.msg
-- Up-to-date symlink: /home/group3-robot/robp_group3/install/robp_interfaces/share/robp_interfaces/msg/ObjectPosition.msg
-- Up-to-date symlink: /home/group3-robot/robp_group3/install/robp_interfaces/share/robp_interfaces/msg/BoxPosition.msg
-- Up-to-date symlink: /home/group3-robot/robp_group3/install/robp_interfaces/share/robp_interfaces/srv/ObjectPositionSrv.srv
-- Up-to-date symlink: /home/group3-robot/robp_group3/install/robp_interfaces/share/robp_interfaces/srv/BoxPositionSrv.srv
-- Up-to-date symlink: /home/group3-robot/robp_group3/install/robp_interfaces/share/ament_index/resource_index/package_run_dependencies/robp_interfaces
-- Up-to-date symlink: /home/group3-robot/robp_group3/install/robp_interfaces/share/ament_index/resource_index/parent_prefix_path/robp_interfaces
-- Up-to-date symlink: /home/group3-robot/robp_group3/install/robp_interfaces/share/robp_interfaces/environment/ament_prefix_path.sh
-- Up-to-date symlink: /home/group3-robot/robp_group3/install/robp_interfaces/share/robp_interfaces/environment/ament_prefix_path.dsv
-- Up-to-date symlink: /home/group3-robot/robp_group3/install/robp_interfaces/share/robp_interfaces/environment/path.sh
-- Up-to-date symlink: /home/group3-robot/robp_group3/install/robp_interfaces/share/robp_interfaces/environment/path.dsv
-- Up-to-date symlink: /home/group3-robot/robp_group3/install/robp_interfaces/share/robp_interfaces/local_setup.bash
-- Up-to-date symlink: /home/group3-robot/robp_group3/install/robp_interfaces/share/robp_interfaces/local_setup.sh
-- Up-to-date symlink: /home/group3-robot/robp_group3/install/robp_interfaces/share/robp_interfaces/local_setup.zsh
-- Up-to-date symlink: /home/group3-robot/robp_group3/install/robp_interfaces/share/robp_interfaces/local_setup.dsv
-- Symlinking: /home/group3-robot/robp_group3/install/robp_interfaces/share/robp_interfaces/package.dsv
-- Up-to-date symlink: /home/group3-robot/robp_group3/install/robp_interfaces/share/ament_index/resource_index/packages/robp_interfaces
-- Up-to-date symlink: /home/group3-robot/robp_group3/install/robp_interfaces/share/robp_interfaces/cmake/rosidl_cmake-extras.cmake
-- Up-to-date symlink: /home/group3-robot/robp_group3/install/robp_interfaces/share/robp_interfaces/cmake/ament_cmake_export_dependencies-extras.cmake
-- Up-to-date symlink: /home/group3-robot/robp_group3/install/robp_interfaces/share/robp_interfaces/cmake/ament_cmake_export_include_directories-extras.cmake
-- Up-to-date symlink: /home/group3-robot/robp_group3/install/robp_interfaces/share/robp_interfaces/cmake/ament_cmake_export_libraries-extras.cmake
-- Up-to-date symlink: /home/group3-robot/robp_group3/install/robp_interfaces/share/robp_interfaces/cmake/ament_cmake_export_targets-extras.cmake
-- Up-to-date symlink: /home/group3-robot/robp_group3/install/robp_interfaces/share/robp_interfaces/cmake/rosidl_cmake_export_typesupport_targets-extras.cmake
-- Up-to-date symlink: /home/group3-robot/robp_group3/install/robp_interfaces/share/robp_interfaces/cmake/rosidl_cmake_export_typesupport_libraries-extras.cmake
-- Up-to-date symlink: /home/group3-robot/robp_group3/install/robp_interfaces/share/robp_interfaces/cmake/robp_interfacesConfig.cmake
-- Up-to-date symlink: /home/group3-robot/robp_group3/install/robp_interfaces/share/robp_interfaces/cmake/robp_interfacesConfig-version.cmake
-- Up-to-date symlink: /home/group3-robot/robp_group3/install/robp_interfaces/share/robp_interfaces/package.xml
-- Installing: /home/group3-robot/robp_group3/install/robp_interfaces/lib/librobp_interfaces__rosidl_generator_c.so
-- Set non-toolchain portion of runtime path of "/home/group3-robot/robp_group3/install/robp_interfaces/lib/librobp_interfaces__rosidl_generator_c.so" to ""
-- Installing: /home/group3-robot/robp_group3/install/robp_interfaces/lib/librobp_interfaces__rosidl_typesupport_fastrtps_c.so
-- Set non-toolchain portion of runtime path of "/home/group3-robot/robp_group3/install/robp_interfaces/lib/librobp_interfaces__rosidl_typesupport_fastrtps_c.so" to ""
-- Installing: /home/group3-robot/robp_group3/install/robp_interfaces/lib/librobp_interfaces__rosidl_typesupport_introspection_c.so
-- Set non-toolchain portion of runtime path of "/home/group3-robot/robp_group3/install/robp_interfaces/lib/librobp_interfaces__rosidl_typesupport_introspection_c.so" to ""
-- Installing: /home/group3-robot/robp_group3/install/robp_interfaces/lib/librobp_interfaces__rosidl_typesupport_c.so
-- Set non-toolchain portion of runtime path of "/home/group3-robot/robp_group3/install/robp_interfaces/lib/librobp_interfaces__rosidl_typesupport_c.so" to ""
-- Installing: /home/group3-robot/robp_group3/install/robp_interfaces/lib/librobp_interfaces__rosidl_typesupport_fastrtps_cpp.so
-- Set non-toolchain portion of runtime path of "/home/group3-robot/robp_group3/install/robp_interfaces/lib/librobp_interfaces__rosidl_typesupport_fastrtps_cpp.so" to ""
-- Installing: /home/group3-robot/robp_group3/install/robp_interfaces/lib/librobp_interfaces__rosidl_typesupport_introspection_cpp.so
-- Set non-toolchain portion of runtime path of "/home/group3-robot/robp_group3/install/robp_interfaces/lib/librobp_interfaces__rosidl_typesupport_introspection_cpp.so" to ""
-- Installing: /home/group3-robot/robp_group3/install/robp_interfaces/lib/librobp_interfaces__rosidl_typesupport_cpp.so
-- Set non-toolchain portion of runtime path of "/home/group3-robot/robp_group3/install/robp_interfaces/lib/librobp_interfaces__rosidl_typesupport_cpp.so" to ""
Listing '/home/group3-robot/robp_group3/install/robp_interfaces/lib/python3.12/site-packages/robp_interfaces'...
Compiling '/home/group3-robot/robp_group3/install/robp_interfaces/lib/python3.12/site-packages/robp_interfaces/__init__.py'...
Listing '/home/group3-robot/robp_group3/install/robp_interfaces/lib/python3.12/site-packages/robp_interfaces/msg'...
Compiling '/home/group3-robot/robp_group3/install/robp_interfaces/lib/python3.12/site-packages/robp_interfaces/msg/__init__.py'...
Compiling '/home/group3-robot/robp_group3/install/robp_interfaces/lib/python3.12/site-packages/robp_interfaces/msg/_box_position.py'...
Compiling '/home/group3-robot/robp_group3/install/robp_interfaces/lib/python3.12/site-packages/robp_interfaces/msg/_duty_cycles.py'...
Compiling '/home/group3-robot/robp_group3/install/robp_interfaces/lib/python3.12/site-packages/robp_interfaces/msg/_encoders.py'...
Compiling '/home/group3-robot/robp_group3/install/robp_interfaces/lib/python3.12/site-packages/robp_interfaces/msg/_object_position.py'...
Listing '/home/group3-robot/robp_group3/install/robp_interfaces/lib/python3.12/site-packages/robp_interfaces/srv'...
Compiling '/home/group3-robot/robp_group3/install/robp_interfaces/lib/python3.12/site-packages/robp_interfaces/srv/__init__.py'...
Compiling '/home/group3-robot/robp_group3/install/robp_interfaces/lib/python3.12/site-packages/robp_interfaces/srv/_box_position_srv.py'...
Compiling '/home/group3-robot/robp_group3/install/robp_interfaces/lib/python3.12/site-packages/robp_interfaces/srv/_object_position_srv.py'...
-- Installing: /home/group3-robot/robp_group3/install/robp_interfaces/lib/librobp_interfaces__rosidl_generator_py.so
-- Set non-toolchain portion of runtime path of "/home/group3-robot/robp_group3/install/robp_interfaces/lib/librobp_interfaces__rosidl_generator_py.so" to ""
-- Up-to-date: /home/group3-robot/robp_group3/install/robp_interfaces/share/robp_interfaces/cmake/export_robp_interfaces__rosidl_generator_cExport.cmake
-- Up-to-date: /home/group3-robot/robp_group3/install/robp_interfaces/share/robp_interfaces/cmake/export_robp_interfaces__rosidl_generator_cExport-noconfig.cmake
-- Up-to-date: /home/group3-robot/robp_group3/install/robp_interfaces/share/robp_interfaces/cmake/export_robp_interfaces__rosidl_typesupport_fastrtps_cExport.cmake
-- Up-to-date: /home/group3-robot/robp_group3/install/robp_interfaces/share/robp_interfaces/cmake/export_robp_interfaces__rosidl_typesupport_fastrtps_cExport-noconfig.cmake
-- Up-to-date: /home/group3-robot/robp_group3/install/robp_interfaces/share/robp_interfaces/cmake/robp_interfaces__rosidl_typesupport_introspection_cExport.cmake
-- Up-to-date: /home/group3-robot/robp_group3/install/robp_interfaces/share/robp_interfaces/cmake/robp_interfaces__rosidl_typesupport_introspection_cExport-noconfig.cmake
-- Up-to-date: /home/group3-robot/robp_group3/install/robp_interfaces/share/robp_interfaces/cmake/robp_interfaces__rosidl_typesupport_cExport.cmake
-- Up-to-date: /home/group3-robot/robp_group3/install/robp_interfaces/share/robp_interfaces/cmake/robp_interfaces__rosidl_typesupport_cExport-noconfig.cmake
-- Up-to-date: /home/group3-robot/robp_group3/install/robp_interfaces/share/robp_interfaces/cmake/export_robp_interfaces__rosidl_generator_cppExport.cmake
-- Up-to-date: /home/group3-robot/robp_group3/install/robp_interfaces/share/robp_interfaces/cmake/export_robp_interfaces__rosidl_typesupport_fastrtps_cppExport.cmake
-- Up-to-date: /home/group3-robot/robp_group3/install/robp_interfaces/share/robp_interfaces/cmake/export_robp_interfaces__rosidl_typesupport_fastrtps_cppExport-noconfig.cmake
-- Up-to-date: /home/group3-robot/robp_group3/install/robp_interfaces/share/robp_interfaces/cmake/robp_interfaces__rosidl_typesupport_introspection_cppExport.cmake
-- Up-to-date: /home/group3-robot/robp_group3/install/robp_interfaces/share/robp_interfaces/cmake/robp_interfaces__rosidl_typesupport_introspection_cppExport-noconfig.cmake
-- Up-to-date: /home/group3-robot/robp_group3/install/robp_interfaces/share/robp_interfaces/cmake/robp_interfaces__rosidl_typesupport_cppExport.cmake
-- Up-to-date: /home/group3-robot/robp_group3/install/robp_interfaces/share/robp_interfaces/cmake/robp_interfaces__rosidl_typesupport_cppExport-noconfig.cmake
-- Up-to-date: /home/group3-robot/robp_group3/install/robp_interfaces/share/robp_interfaces/cmake/export_robp_interfaces__rosidl_generator_pyExport.cmake
-- Up-to-date: /home/group3-robot/robp_group3/install/robp_interfaces/share/robp_interfaces/cmake/export_robp_interfaces__rosidl_generator_pyExport-noconfig.cmake
