[0.601s] Invoking command in '/home/group3-robot/robp_group3/build/drive_base_msgs': CMAKE_PREFIX_PATH=${CMAKE_PREFIX_PATH}:/opt/ros/jazzy DEBUGINFOD_URLS=https://debuginfod.ubuntu.com /usr/bin/cmake /home/group3-robot/robp_group3/arm_ws/src/uros/drive_base/drive_base_msgs -DCMAKE_INSTALL_PREFIX=/home/group3-robot/robp_group3/install/drive_base_msgs
[0.613s] -- Found ament_cmake: 2.5.3 (/opt/ros/jazzy/share/ament_cmake/cmake)
[0.640s] -- Found Python3: /usr/bin/python3 (found version "3.12.3") found components: Interpreter 
[0.718s] -- Override CMake install command with custom implementation using symlinks instead of copying resources
[0.723s] -- Found std_msgs: 5.3.5 (/opt/ros/jazzy/share/std_msgs/cmake)
[0.748s] -- Found rosidl_generator_c: 4.6.5 (/opt/ros/jazzy/share/rosidl_generator_c/cmake)
[0.757s] -- Found rosidl_generator_cpp: 4.6.5 (/opt/ros/jazzy/share/rosidl_generator_cpp/cmake)
[0.766s] -- Using all available rosidl_typesupport_c: rosidl_typesupport_fastrtps_c;rosidl_typesupport_introspection_c
[0.778s] -- Using all available rosidl_typesupport_cpp: rosidl_typesupport_fastrtps_cpp;rosidl_typesupport_introspection_cpp
[0.803s] -- Found rosidl_default_generators: 1.6.0 (/opt/ros/jazzy/share/rosidl_default_generators/cmake)
[0.812s] -- Found rosidl_adapter: 4.6.5 (/opt/ros/jazzy/share/rosidl_adapter/cmake)
[1.206s] -- Found ament_cmake_cppcheck: 0.17.1 (/opt/ros/jazzy/share/ament_cmake_cppcheck/cmake)
[1.207s] -- Found ament_cmake_cpplint: 0.17.1 (/opt/ros/jazzy/share/ament_cmake_cpplint/cmake)
[1.208s] -- Found ament_cmake_uncrustify: 0.17.1 (/opt/ros/jazzy/share/ament_cmake_uncrustify/cmake)
[1.210s] -- Found ament_cmake_ros: 0.12.0 (/opt/ros/jazzy/share/ament_cmake_ros/cmake)
[1.537s] -- Using all available rosidl_typesupport_c: rosidl_typesupport_fastrtps_c;rosidl_typesupport_introspection_c
[1.756s] -- Using all available rosidl_typesupport_cpp: rosidl_typesupport_fastrtps_cpp;rosidl_typesupport_introspection_cpp
[1.761s] -- Found python_cmake_module: 0.11.1 (/opt/ros/jazzy/share/python_cmake_module/cmake)
[2.315s] -- Found Python3: /usr/bin/python3 (found version "3.12.3") found components: Interpreter Development NumPy Development.Module Development.Embed 
[2.362s] -- Found ament_cmake_flake8: 0.17.1 (/opt/ros/jazzy/share/ament_cmake_flake8/cmake)
[2.366s] -- Found ament_cmake_pep257: 0.17.1 (/opt/ros/jazzy/share/ament_cmake_pep257/cmake)
[2.380s] -- Configuring done (1.8s)
[2.457s] -- Generating done (0.1s)
[2.508s] -- Build files have been written to: /home/group3-robot/robp_group3/build/drive_base_msgs
[2.566s] Invoked command in '/home/group3-robot/robp_group3/build/drive_base_msgs' returned '0': CMAKE_PREFIX_PATH=${CMAKE_PREFIX_PATH}:/opt/ros/jazzy DEBUGINFOD_URLS=https://debuginfod.ubuntu.com /usr/bin/cmake /home/group3-robot/robp_group3/arm_ws/src/uros/drive_base/drive_base_msgs -DCMAKE_INSTALL_PREFIX=/home/group3-robot/robp_group3/install/drive_base_msgs
[2.566s] Invoking command in '/home/group3-robot/robp_group3/build/drive_base_msgs': CMAKE_PREFIX_PATH=${CMAKE_PREFIX_PATH}:/opt/ros/jazzy DEBUGINFOD_URLS=https://debuginfod.ubuntu.com /usr/bin/cmake --build /home/group3-robot/robp_group3/build/drive_base_msgs -- -j8 -l8
[2.657s] [  1%] Built target drive_base_msgs__rosidl_generator_type_description
[2.687s] [  1%] Built target ament_cmake_python_symlink_drive_base_msgs
[2.717s] [  3%] Built target drive_base_msgs__cpp
[2.717s] [  4%] [32mBuilding C object CMakeFiles/drive_base_msgs__rosidl_generator_c.dir/rosidl_generator_c/drive_base_msgs/msg/detail/command_status__type_support.c.o[0m
[2.723s] [  6%] [32mBuilding C object CMakeFiles/drive_base_msgs__rosidl_generator_c.dir/rosidl_generator_c/drive_base_msgs/msg/detail/base_info__type_support.c.o[0m
[2.723s] [  7%] [32mBuilding C object CMakeFiles/drive_base_msgs__rosidl_generator_c.dir/rosidl_generator_c/drive_base_msgs/msg/detail/command_header__type_support.c.o[0m
[2.725s] [  9%] [32mBuilding C object CMakeFiles/drive_base_msgs__rosidl_generator_c.dir/rosidl_generator_c/drive_base_msgs/msg/detail/trv_command__type_support.c.o[0m
[2.790s] [ 10%] [32m[1mLinking C shared library libdrive_base_msgs__rosidl_generator_c.so[0m
[2.846s] [ 25%] Built target drive_base_msgs__rosidl_generator_c
[2.906s] [ 26%] [32m[1mLinking CXX shared library libdrive_base_msgs__rosidl_typesupport_c.so[0m
[2.927s] [ 28%] [32m[1mLinking CXX shared library libdrive_base_msgs__rosidl_typesupport_cpp.so[0m
[2.928s] [ 29%] [32m[1mLinking CXX shared library libdrive_base_msgs__rosidl_typesupport_introspection_cpp.so[0m
[2.929s] [ 31%] [32m[1mLinking CXX shared library libdrive_base_msgs__rosidl_typesupport_fastrtps_cpp.so[0m
[2.932s] [ 32%] [32m[1mLinking C shared library libdrive_base_msgs__rosidl_typesupport_introspection_c.so[0m
[2.939s] [ 34%] [32m[1mLinking CXX shared library libdrive_base_msgs__rosidl_typesupport_fastrtps_c.so[0m
[3.048s] [ 42%] Built target drive_base_msgs__rosidl_typesupport_c
[3.056s] [ 50%] Built target drive_base_msgs__rosidl_typesupport_introspection_c
[3.057s] [ 57%] Built target drive_base_msgs__rosidl_typesupport_cpp
[3.106s] [ 65%] Built target drive_base_msgs__rosidl_typesupport_fastrtps_c
[3.126s] [ 73%] Built target drive_base_msgs__rosidl_typesupport_fastrtps_cpp
[3.167s] [ 81%] Built target drive_base_msgs__rosidl_typesupport_introspection_cpp
[3.189s] [ 81%] Built target drive_base_msgs
[3.219s] [ 82%] Built target drive_base_msgs__py
[3.251s] running egg_info
[3.282s] writing drive_base_msgs.egg-info/PKG-INFO
[3.282s] [ 84%] [32m[1mLinking C shared library libdrive_base_msgs__rosidl_generator_py.so[0m
[3.282s] writing dependency_links to drive_base_msgs.egg-info/dependency_links.txt
[3.282s] writing top-level names to drive_base_msgs.egg-info/top_level.txt
[3.373s] [ 90%] Built target drive_base_msgs__rosidl_generator_py
[3.392s] reading manifest file 'drive_base_msgs.egg-info/SOURCES.txt'
[3.392s] writing manifest file 'drive_base_msgs.egg-info/SOURCES.txt'
[3.431s] [ 92%] [32m[1mLinking C shared module rosidl_generator_py/drive_base_msgs/drive_base_msgs_s__rosidl_typesupport_introspection_c.so[0m
[3.434s] [ 93%] [32m[1mLinking C shared module rosidl_generator_py/drive_base_msgs/drive_base_msgs_s__rosidl_typesupport_c.so[0m
[3.437s] [ 95%] [32m[1mLinking C shared module rosidl_generator_py/drive_base_msgs/drive_base_msgs_s__rosidl_typesupport_fastrtps_c.so[0m
[3.475s] [ 95%] Built target ament_cmake_python_build_drive_base_msgs_egg
[3.519s] [ 96%] Built target drive_base_msgs_s__rosidl_typesupport_fastrtps_c
[3.540s] [ 98%] Built target drive_base_msgs_s__rosidl_typesupport_introspection_c
[3.562s] [100%] Built target drive_base_msgs_s__rosidl_typesupport_c
[3.590s] Invoked command in '/home/group3-robot/robp_group3/build/drive_base_msgs' returned '0': CMAKE_PREFIX_PATH=${CMAKE_PREFIX_PATH}:/opt/ros/jazzy DEBUGINFOD_URLS=https://debuginfod.ubuntu.com /usr/bin/cmake --build /home/group3-robot/robp_group3/build/drive_base_msgs -- -j8 -l8
[3.590s] Invoking command in '/home/group3-robot/robp_group3/build/drive_base_msgs': CMAKE_PREFIX_PATH=${CMAKE_PREFIX_PATH}:/opt/ros/jazzy DEBUGINFOD_URLS=https://debuginfod.ubuntu.com /usr/bin/cmake --install /home/group3-robot/robp_group3/build/drive_base_msgs
[3.989s] -- Install configuration: ""
[3.989s] -- Execute custom install script
[3.990s] -- Up-to-date symlink: /home/group3-robot/robp_group3/install/drive_base_msgs/share/ament_index/resource_index/rosidl_interfaces/drive_base_msgs
[3.991s] -- Up-to-date symlink: /home/group3-robot/robp_group3/install/drive_base_msgs/share/drive_base_msgs/msg/CommandHeader.json
[3.991s] -- Up-to-date symlink: /home/group3-robot/robp_group3/install/drive_base_msgs/share/drive_base_msgs/msg/BaseInfo.json
[3.992s] -- Up-to-date symlink: /home/group3-robot/robp_group3/install/drive_base_msgs/share/drive_base_msgs/msg/CommandStatus.json
[3.992s] -- Up-to-date symlink: /home/group3-robot/robp_group3/install/drive_base_msgs/share/drive_base_msgs/msg/TRVCommand.json
[3.992s] -- Up-to-date symlink: /home/group3-robot/robp_group3/install/drive_base_msgs/include/drive_base_msgs/drive_base_msgs/msg/base_info.h
[4.000s] -- Up-to-date symlink: /home/group3-robot/robp_group3/install/drive_base_msgs/include/drive_base_msgs/drive_base_msgs/msg/command_header.h
[4.001s] -- Up-to-date symlink: /home/group3-robot/robp_group3/install/drive_base_msgs/include/drive_base_msgs/drive_base_msgs/msg/command_status.h
[4.001s] -- Up-to-date symlink: /home/group3-robot/robp_group3/install/drive_base_msgs/include/drive_base_msgs/drive_base_msgs/msg/detail/base_info__functions.h
[4.001s] -- Up-to-date symlink: /home/group3-robot/robp_group3/install/drive_base_msgs/include/drive_base_msgs/drive_base_msgs/msg/detail/base_info__struct.h
[4.001s] -- Up-to-date symlink: /home/group3-robot/robp_group3/install/drive_base_msgs/include/drive_base_msgs/drive_base_msgs/msg/detail/base_info__type_support.h
[4.001s] -- Up-to-date symlink: /home/group3-robot/robp_group3/install/drive_base_msgs/include/drive_base_msgs/drive_base_msgs/msg/detail/command_header__functions.h
[4.001s] -- Up-to-date symlink: /home/group3-robot/robp_group3/install/drive_base_msgs/include/drive_base_msgs/drive_base_msgs/msg/detail/command_header__struct.h
[4.001s] -- Up-to-date symlink: /home/group3-robot/robp_group3/install/drive_base_msgs/include/drive_base_msgs/drive_base_msgs/msg/detail/command_header__type_support.h
[4.001s] -- Up-to-date symlink: /home/group3-robot/robp_group3/install/drive_base_msgs/include/drive_base_msgs/drive_base_msgs/msg/detail/command_status__functions.h
[4.001s] -- Up-to-date symlink: /home/group3-robot/robp_group3/install/drive_base_msgs/include/drive_base_msgs/drive_base_msgs/msg/detail/command_status__struct.h
[4.001s] -- Up-to-date symlink: /home/group3-robot/robp_group3/install/drive_base_msgs/include/drive_base_msgs/drive_base_msgs/msg/detail/command_status__type_support.h
[4.001s] -- Up-to-date symlink: /home/group3-robot/robp_group3/install/drive_base_msgs/include/drive_base_msgs/drive_base_msgs/msg/detail/trv_command__functions.h
[4.002s] -- Up-to-date symlink: /home/group3-robot/robp_group3/install/drive_base_msgs/include/drive_base_msgs/drive_base_msgs/msg/detail/trv_command__struct.h
[4.002s] -- Up-to-date symlink: /home/group3-robot/robp_group3/install/drive_base_msgs/include/drive_base_msgs/drive_base_msgs/msg/detail/trv_command__type_support.h
[4.002s] -- Up-to-date symlink: /home/group3-robot/robp_group3/install/drive_base_msgs/include/drive_base_msgs/drive_base_msgs/msg/rosidl_generator_c__visibility_control.h
[4.002s] -- Up-to-date symlink: /home/group3-robot/robp_group3/install/drive_base_msgs/include/drive_base_msgs/drive_base_msgs/msg/trv_command.h
[4.002s] -- Up-to-date symlink: /home/group3-robot/robp_group3/install/drive_base_msgs/share/drive_base_msgs/environment/library_path.sh
[4.002s] -- Up-to-date symlink: /home/group3-robot/robp_group3/install/drive_base_msgs/share/drive_base_msgs/environment/library_path.dsv
[4.003s] -- Up-to-date symlink: /home/group3-robot/robp_group3/install/drive_base_msgs/include/drive_base_msgs/drive_base_msgs/msg/detail/base_info__rosidl_typesupport_fastrtps_c.h
[4.003s] -- Up-to-date symlink: /home/group3-robot/robp_group3/install/drive_base_msgs/include/drive_base_msgs/drive_base_msgs/msg/detail/command_header__rosidl_typesupport_fastrtps_c.h
[4.003s] -- Up-to-date symlink: /home/group3-robot/robp_group3/install/drive_base_msgs/include/drive_base_msgs/drive_base_msgs/msg/detail/command_status__rosidl_typesupport_fastrtps_c.h
[4.004s] -- Up-to-date symlink: /home/group3-robot/robp_group3/install/drive_base_msgs/include/drive_base_msgs/drive_base_msgs/msg/detail/trv_command__rosidl_typesupport_fastrtps_c.h
[4.004s] -- Up-to-date symlink: /home/group3-robot/robp_group3/install/drive_base_msgs/include/drive_base_msgs/drive_base_msgs/msg/rosidl_typesupport_fastrtps_c__visibility_control.h
[4.004s] -- Up-to-date symlink: /home/group3-robot/robp_group3/install/drive_base_msgs/include/drive_base_msgs/drive_base_msgs/msg/base_info.hpp
[4.004s] -- Up-to-date symlink: /home/group3-robot/robp_group3/install/drive_base_msgs/include/drive_base_msgs/drive_base_msgs/msg/command_header.hpp
[4.004s] -- Up-to-date symlink: /home/group3-robot/robp_group3/install/drive_base_msgs/include/drive_base_msgs/drive_base_msgs/msg/command_status.hpp
[4.004s] -- Up-to-date symlink: /home/group3-robot/robp_group3/install/drive_base_msgs/include/drive_base_msgs/drive_base_msgs/msg/detail/base_info__builder.hpp
[4.004s] -- Up-to-date symlink: /home/group3-robot/robp_group3/install/drive_base_msgs/include/drive_base_msgs/drive_base_msgs/msg/detail/base_info__struct.hpp
[4.004s] -- Up-to-date symlink: /home/group3-robot/robp_group3/install/drive_base_msgs/include/drive_base_msgs/drive_base_msgs/msg/detail/base_info__traits.hpp
[4.004s] -- Up-to-date symlink: /home/group3-robot/robp_group3/install/drive_base_msgs/include/drive_base_msgs/drive_base_msgs/msg/detail/base_info__type_support.hpp
[4.004s] -- Up-to-date symlink: /home/group3-robot/robp_group3/install/drive_base_msgs/include/drive_base_msgs/drive_base_msgs/msg/detail/command_header__builder.hpp
[4.004s] -- Up-to-date symlink: /home/group3-robot/robp_group3/install/drive_base_msgs/include/drive_base_msgs/drive_base_msgs/msg/detail/command_header__struct.hpp
[4.005s] -- Up-to-date symlink: /home/group3-robot/robp_group3/install/drive_base_msgs/include/drive_base_msgs/drive_base_msgs/msg/detail/command_header__traits.hpp
[4.005s] -- Up-to-date symlink: /home/group3-robot/robp_group3/install/drive_base_msgs/include/drive_base_msgs/drive_base_msgs/msg/detail/command_header__type_support.hpp
[4.005s] -- Up-to-date symlink: /home/group3-robot/robp_group3/install/drive_base_msgs/include/drive_base_msgs/drive_base_msgs/msg/detail/command_status__builder.hpp
[4.005s] -- Up-to-date symlink: /home/group3-robot/robp_group3/install/drive_base_msgs/include/drive_base_msgs/drive_base_msgs/msg/detail/command_status__struct.hpp
[4.005s] -- Up-to-date symlink: /home/group3-robot/robp_group3/install/drive_base_msgs/include/drive_base_msgs/drive_base_msgs/msg/detail/command_status__traits.hpp
[4.005s] -- Up-to-date symlink: /home/group3-robot/robp_group3/install/drive_base_msgs/include/drive_base_msgs/drive_base_msgs/msg/detail/command_status__type_support.hpp
[4.005s] -- Up-to-date symlink: /home/group3-robot/robp_group3/install/drive_base_msgs/include/drive_base_msgs/drive_base_msgs/msg/detail/trv_command__builder.hpp
[4.005s] -- Up-to-date symlink: /home/group3-robot/robp_group3/install/drive_base_msgs/include/drive_base_msgs/drive_base_msgs/msg/detail/trv_command__struct.hpp
[4.005s] -- Up-to-date symlink: /home/group3-robot/robp_group3/install/drive_base_msgs/include/drive_base_msgs/drive_base_msgs/msg/detail/trv_command__traits.hpp
[4.005s] -- Up-to-date symlink: /home/group3-robot/robp_group3/install/drive_base_msgs/include/drive_base_msgs/drive_base_msgs/msg/detail/trv_command__type_support.hpp
[4.006s] -- Up-to-date symlink: /home/group3-robot/robp_group3/install/drive_base_msgs/include/drive_base_msgs/drive_base_msgs/msg/rosidl_generator_cpp__visibility_control.hpp
[4.006s] -- Up-to-date symlink: /home/group3-robot/robp_group3/install/drive_base_msgs/include/drive_base_msgs/drive_base_msgs/msg/trv_command.hpp
[4.006s] -- Up-to-date symlink: /home/group3-robot/robp_group3/install/drive_base_msgs/include/drive_base_msgs/drive_base_msgs/msg/detail/base_info__rosidl_typesupport_fastrtps_cpp.hpp
[4.006s] -- Up-to-date symlink: /home/group3-robot/robp_group3/install/drive_base_msgs/include/drive_base_msgs/drive_base_msgs/msg/detail/command_header__rosidl_typesupport_fastrtps_cpp.hpp
[4.006s] -- Up-to-date symlink: /home/group3-robot/robp_group3/install/drive_base_msgs/include/drive_base_msgs/drive_base_msgs/msg/detail/command_status__rosidl_typesupport_fastrtps_cpp.hpp
[4.006s] -- Up-to-date symlink: /home/group3-robot/robp_group3/install/drive_base_msgs/include/drive_base_msgs/drive_base_msgs/msg/detail/trv_command__rosidl_typesupport_fastrtps_cpp.hpp
[4.006s] -- Up-to-date symlink: /home/group3-robot/robp_group3/install/drive_base_msgs/include/drive_base_msgs/drive_base_msgs/msg/rosidl_typesupport_fastrtps_cpp__visibility_control.h
[4.006s] -- Up-to-date symlink: /home/group3-robot/robp_group3/install/drive_base_msgs/include/drive_base_msgs/drive_base_msgs/msg/detail/base_info__rosidl_typesupport_introspection_c.h
[4.006s] -- Up-to-date symlink: /home/group3-robot/robp_group3/install/drive_base_msgs/include/drive_base_msgs/drive_base_msgs/msg/detail/command_header__rosidl_typesupport_introspection_c.h
[4.006s] -- Up-to-date symlink: /home/group3-robot/robp_group3/install/drive_base_msgs/include/drive_base_msgs/drive_base_msgs/msg/detail/command_status__rosidl_typesupport_introspection_c.h
[4.006s] -- Up-to-date symlink: /home/group3-robot/robp_group3/install/drive_base_msgs/include/drive_base_msgs/drive_base_msgs/msg/detail/trv_command__rosidl_typesupport_introspection_c.h
[4.006s] -- Up-to-date symlink: /home/group3-robot/robp_group3/install/drive_base_msgs/include/drive_base_msgs/drive_base_msgs/msg/rosidl_typesupport_introspection_c__visibility_control.h
[4.007s] -- Up-to-date symlink: /home/group3-robot/robp_group3/install/drive_base_msgs/include/drive_base_msgs/drive_base_msgs/msg/detail/base_info__rosidl_typesupport_introspection_cpp.hpp
[4.007s] -- Up-to-date symlink: /home/group3-robot/robp_group3/install/drive_base_msgs/include/drive_base_msgs/drive_base_msgs/msg/detail/command_header__rosidl_typesupport_introspection_cpp.hpp
[4.007s] -- Up-to-date symlink: /home/group3-robot/robp_group3/install/drive_base_msgs/include/drive_base_msgs/drive_base_msgs/msg/detail/command_status__rosidl_typesupport_introspection_cpp.hpp
[4.007s] -- Up-to-date symlink: /home/group3-robot/robp_group3/install/drive_base_msgs/include/drive_base_msgs/drive_base_msgs/msg/detail/trv_command__rosidl_typesupport_introspection_cpp.hpp
[4.007s] -- Up-to-date symlink: /home/group3-robot/robp_group3/install/drive_base_msgs/share/drive_base_msgs/environment/pythonpath.sh
[4.007s] -- Up-to-date symlink: /home/group3-robot/robp_group3/install/drive_base_msgs/share/drive_base_msgs/environment/pythonpath.dsv
[4.007s] -- Up-to-date symlink: /home/group3-robot/robp_group3/install/drive_base_msgs/lib/python3.12/site-packages/drive_base_msgs-0.0.0-py3.12.egg-info/PKG-INFO
[4.007s] -- Up-to-date symlink: /home/group3-robot/robp_group3/install/drive_base_msgs/lib/python3.12/site-packages/drive_base_msgs-0.0.0-py3.12.egg-info/SOURCES.txt
[4.007s] -- Up-to-date symlink: /home/group3-robot/robp_group3/install/drive_base_msgs/lib/python3.12/site-packages/drive_base_msgs-0.0.0-py3.12.egg-info/dependency_links.txt
[4.007s] -- Up-to-date symlink: /home/group3-robot/robp_group3/install/drive_base_msgs/lib/python3.12/site-packages/drive_base_msgs-0.0.0-py3.12.egg-info/top_level.txt
[4.008s] -- Up-to-date symlink: /home/group3-robot/robp_group3/install/drive_base_msgs/lib/python3.12/site-packages/drive_base_msgs/__init__.py
[4.010s] -- Up-to-date symlink: /home/group3-robot/robp_group3/install/drive_base_msgs/lib/python3.12/site-packages/drive_base_msgs/_drive_base_msgs_s.ep.rosidl_typesupport_c.c
[4.011s] -- Up-to-date symlink: /home/group3-robot/robp_group3/install/drive_base_msgs/lib/python3.12/site-packages/drive_base_msgs/_drive_base_msgs_s.ep.rosidl_typesupport_fastrtps_c.c
[4.011s] -- Up-to-date symlink: /home/group3-robot/robp_group3/install/drive_base_msgs/lib/python3.12/site-packages/drive_base_msgs/_drive_base_msgs_s.ep.rosidl_typesupport_introspection_c.c
[4.011s] -- Up-to-date symlink: /home/group3-robot/robp_group3/install/drive_base_msgs/lib/python3.12/site-packages/drive_base_msgs/drive_base_msgs_s__rosidl_typesupport_c.so
[4.011s] -- Up-to-date symlink: /home/group3-robot/robp_group3/install/drive_base_msgs/lib/python3.12/site-packages/drive_base_msgs/drive_base_msgs_s__rosidl_typesupport_fastrtps_c.so
[4.011s] -- Up-to-date symlink: /home/group3-robot/robp_group3/install/drive_base_msgs/lib/python3.12/site-packages/drive_base_msgs/drive_base_msgs_s__rosidl_typesupport_introspection_c.so
[4.011s] -- Up-to-date symlink: /home/group3-robot/robp_group3/install/drive_base_msgs/lib/python3.12/site-packages/drive_base_msgs/msg/__init__.py
[4.011s] -- Up-to-date symlink: /home/group3-robot/robp_group3/install/drive_base_msgs/lib/python3.12/site-packages/drive_base_msgs/msg/_base_info.py
[4.012s] -- Up-to-date symlink: /home/group3-robot/robp_group3/install/drive_base_msgs/lib/python3.12/site-packages/drive_base_msgs/msg/_base_info_s.c
[4.012s] -- Up-to-date symlink: /home/group3-robot/robp_group3/install/drive_base_msgs/lib/python3.12/site-packages/drive_base_msgs/msg/_command_header.py
[4.012s] -- Up-to-date symlink: /home/group3-robot/robp_group3/install/drive_base_msgs/lib/python3.12/site-packages/drive_base_msgs/msg/_command_header_s.c
[4.012s] -- Up-to-date symlink: /home/group3-robot/robp_group3/install/drive_base_msgs/lib/python3.12/site-packages/drive_base_msgs/msg/_command_status.py
[4.012s] -- Up-to-date symlink: /home/group3-robot/robp_group3/install/drive_base_msgs/lib/python3.12/site-packages/drive_base_msgs/msg/_command_status_s.c
[4.012s] -- Up-to-date symlink: /home/group3-robot/robp_group3/install/drive_base_msgs/lib/python3.12/site-packages/drive_base_msgs/msg/_trv_command.py
[4.012s] -- Up-to-date symlink: /home/group3-robot/robp_group3/install/drive_base_msgs/lib/python3.12/site-packages/drive_base_msgs/msg/_trv_command_s.c
[4.012s] -- Up-to-date symlink: /home/group3-robot/robp_group3/install/drive_base_msgs/lib/python3.12/site-packages/drive_base_msgs/drive_base_msgs_s__rosidl_typesupport_fastrtps_c.so
[4.012s] -- Up-to-date symlink: /home/group3-robot/robp_group3/install/drive_base_msgs/lib/python3.12/site-packages/drive_base_msgs/drive_base_msgs_s__rosidl_typesupport_introspection_c.so
[4.014s] -- Up-to-date symlink: /home/group3-robot/robp_group3/install/drive_base_msgs/lib/python3.12/site-packages/drive_base_msgs/drive_base_msgs_s__rosidl_typesupport_c.so
[4.017s] -- Up-to-date symlink: /home/group3-robot/robp_group3/install/drive_base_msgs/share/drive_base_msgs/msg/CommandHeader.idl
[4.017s] -- Up-to-date symlink: /home/group3-robot/robp_group3/install/drive_base_msgs/share/drive_base_msgs/msg/BaseInfo.idl
[4.017s] -- Up-to-date symlink: /home/group3-robot/robp_group3/install/drive_base_msgs/share/drive_base_msgs/msg/CommandStatus.idl
[4.017s] -- Up-to-date symlink: /home/group3-robot/robp_group3/install/drive_base_msgs/share/drive_base_msgs/msg/TRVCommand.idl
[4.017s] -- Up-to-date symlink: /home/group3-robot/robp_group3/install/drive_base_msgs/share/drive_base_msgs/msg/CommandHeader.msg
[4.017s] -- Up-to-date symlink: /home/group3-robot/robp_group3/install/drive_base_msgs/share/drive_base_msgs/msg/BaseInfo.msg
[4.018s] -- Up-to-date symlink: /home/group3-robot/robp_group3/install/drive_base_msgs/share/drive_base_msgs/msg/CommandStatus.msg
[4.018s] -- Up-to-date symlink: /home/group3-robot/robp_group3/install/drive_base_msgs/share/drive_base_msgs/msg/TRVCommand.msg
[4.018s] -- Up-to-date symlink: /home/group3-robot/robp_group3/install/drive_base_msgs/share/ament_index/resource_index/package_run_dependencies/drive_base_msgs
[4.018s] -- Up-to-date symlink: /home/group3-robot/robp_group3/install/drive_base_msgs/share/ament_index/resource_index/parent_prefix_path/drive_base_msgs
[4.018s] -- Up-to-date symlink: /home/group3-robot/robp_group3/install/drive_base_msgs/share/drive_base_msgs/environment/ament_prefix_path.sh
[4.018s] -- Up-to-date symlink: /home/group3-robot/robp_group3/install/drive_base_msgs/share/drive_base_msgs/environment/ament_prefix_path.dsv
[4.018s] -- Up-to-date symlink: /home/group3-robot/robp_group3/install/drive_base_msgs/share/drive_base_msgs/environment/path.sh
[4.018s] -- Up-to-date symlink: /home/group3-robot/robp_group3/install/drive_base_msgs/share/drive_base_msgs/environment/path.dsv
[4.018s] -- Up-to-date symlink: /home/group3-robot/robp_group3/install/drive_base_msgs/share/drive_base_msgs/local_setup.bash
[4.018s] -- Up-to-date symlink: /home/group3-robot/robp_group3/install/drive_base_msgs/share/drive_base_msgs/local_setup.sh
[4.018s] -- Up-to-date symlink: /home/group3-robot/robp_group3/install/drive_base_msgs/share/drive_base_msgs/local_setup.zsh
[4.019s] -- Up-to-date symlink: /home/group3-robot/robp_group3/install/drive_base_msgs/share/drive_base_msgs/local_setup.dsv
[4.019s] -- Symlinking: /home/group3-robot/robp_group3/install/drive_base_msgs/share/drive_base_msgs/package.dsv
[4.019s] -- Up-to-date symlink: /home/group3-robot/robp_group3/install/drive_base_msgs/share/ament_index/resource_index/packages/drive_base_msgs
[4.019s] -- Up-to-date symlink: /home/group3-robot/robp_group3/install/drive_base_msgs/share/drive_base_msgs/cmake/rosidl_cmake-extras.cmake
[4.019s] -- Up-to-date symlink: /home/group3-robot/robp_group3/install/drive_base_msgs/share/drive_base_msgs/cmake/ament_cmake_export_dependencies-extras.cmake
[4.019s] -- Up-to-date symlink: /home/group3-robot/robp_group3/install/drive_base_msgs/share/drive_base_msgs/cmake/ament_cmake_export_include_directories-extras.cmake
[4.019s] -- Up-to-date symlink: /home/group3-robot/robp_group3/install/drive_base_msgs/share/drive_base_msgs/cmake/ament_cmake_export_libraries-extras.cmake
[4.019s] -- Up-to-date symlink: /home/group3-robot/robp_group3/install/drive_base_msgs/share/drive_base_msgs/cmake/ament_cmake_export_targets-extras.cmake
[4.019s] -- Up-to-date symlink: /home/group3-robot/robp_group3/install/drive_base_msgs/share/drive_base_msgs/cmake/rosidl_cmake_export_typesupport_targets-extras.cmake
[4.019s] -- Up-to-date symlink: /home/group3-robot/robp_group3/install/drive_base_msgs/share/drive_base_msgs/cmake/rosidl_cmake_export_typesupport_libraries-extras.cmake
[4.019s] -- Up-to-date symlink: /home/group3-robot/robp_group3/install/drive_base_msgs/share/drive_base_msgs/cmake/drive_base_msgsConfig.cmake
[4.019s] -- Up-to-date symlink: /home/group3-robot/robp_group3/install/drive_base_msgs/share/drive_base_msgs/cmake/drive_base_msgsConfig-version.cmake
[4.020s] -- Up-to-date symlink: /home/group3-robot/robp_group3/install/drive_base_msgs/share/drive_base_msgs/package.xml
[4.020s] -- Installing: /home/group3-robot/robp_group3/install/drive_base_msgs/lib/libdrive_base_msgs__rosidl_generator_c.so
[4.020s] -- Set non-toolchain portion of runtime path of "/home/group3-robot/robp_group3/install/drive_base_msgs/lib/libdrive_base_msgs__rosidl_generator_c.so" to ""
[4.020s] -- Installing: /home/group3-robot/robp_group3/install/drive_base_msgs/lib/libdrive_base_msgs__rosidl_typesupport_fastrtps_c.so
[4.020s] -- Set non-toolchain portion of runtime path of "/home/group3-robot/robp_group3/install/drive_base_msgs/lib/libdrive_base_msgs__rosidl_typesupport_fastrtps_c.so" to ""
[4.020s] -- Installing: /home/group3-robot/robp_group3/install/drive_base_msgs/lib/libdrive_base_msgs__rosidl_typesupport_fastrtps_cpp.so
[4.025s] -- Set non-toolchain portion of runtime path of "/home/group3-robot/robp_group3/install/drive_base_msgs/lib/libdrive_base_msgs__rosidl_typesupport_fastrtps_cpp.so" to ""
[4.025s] -- Installing: /home/group3-robot/robp_group3/install/drive_base_msgs/lib/libdrive_base_msgs__rosidl_typesupport_introspection_c.so
[4.026s] -- Set non-toolchain portion of runtime path of "/home/group3-robot/robp_group3/install/drive_base_msgs/lib/libdrive_base_msgs__rosidl_typesupport_introspection_c.so" to ""
[4.026s] -- Installing: /home/group3-robot/robp_group3/install/drive_base_msgs/lib/libdrive_base_msgs__rosidl_typesupport_c.so
[4.026s] -- Set non-toolchain portion of runtime path of "/home/group3-robot/robp_group3/install/drive_base_msgs/lib/libdrive_base_msgs__rosidl_typesupport_c.so" to ""
[4.026s] -- Installing: /home/group3-robot/robp_group3/install/drive_base_msgs/lib/libdrive_base_msgs__rosidl_typesupport_introspection_cpp.so
[4.026s] -- Set non-toolchain portion of runtime path of "/home/group3-robot/robp_group3/install/drive_base_msgs/lib/libdrive_base_msgs__rosidl_typesupport_introspection_cpp.so" to ""
[4.026s] -- Installing: /home/group3-robot/robp_group3/install/drive_base_msgs/lib/libdrive_base_msgs__rosidl_typesupport_cpp.so
[4.026s] -- Set non-toolchain portion of runtime path of "/home/group3-robot/robp_group3/install/drive_base_msgs/lib/libdrive_base_msgs__rosidl_typesupport_cpp.so" to ""
[4.109s] Listing '/home/group3-robot/robp_group3/install/drive_base_msgs/lib/python3.12/site-packages/drive_base_msgs'...
[4.109s] Compiling '/home/group3-robot/robp_group3/install/drive_base_msgs/lib/python3.12/site-packages/drive_base_msgs/__init__.py'...
[4.109s] Listing '/home/group3-robot/robp_group3/install/drive_base_msgs/lib/python3.12/site-packages/drive_base_msgs/msg'...
[4.109s] Compiling '/home/group3-robot/robp_group3/install/drive_base_msgs/lib/python3.12/site-packages/drive_base_msgs/msg/__init__.py'...
[4.109s] Compiling '/home/group3-robot/robp_group3/install/drive_base_msgs/lib/python3.12/site-packages/drive_base_msgs/msg/_base_info.py'...
[4.109s] Compiling '/home/group3-robot/robp_group3/install/drive_base_msgs/lib/python3.12/site-packages/drive_base_msgs/msg/_command_header.py'...
[4.110s] Compiling '/home/group3-robot/robp_group3/install/drive_base_msgs/lib/python3.12/site-packages/drive_base_msgs/msg/_command_status.py'...
[4.110s] Compiling '/home/group3-robot/robp_group3/install/drive_base_msgs/lib/python3.12/site-packages/drive_base_msgs/msg/_trv_command.py'...
[4.121s] -- Installing: /home/group3-robot/robp_group3/install/drive_base_msgs/lib/libdrive_base_msgs__rosidl_generator_py.so
[4.121s] -- Set non-toolchain portion of runtime path of "/home/group3-robot/robp_group3/install/drive_base_msgs/lib/libdrive_base_msgs__rosidl_generator_py.so" to ""
[4.128s] -- Up-to-date: /home/group3-robot/robp_group3/install/drive_base_msgs/share/drive_base_msgs/cmake/export_drive_base_msgs__rosidl_generator_cExport.cmake
[4.128s] -- Up-to-date: /home/group3-robot/robp_group3/install/drive_base_msgs/share/drive_base_msgs/cmake/export_drive_base_msgs__rosidl_generator_cExport-noconfig.cmake
[4.128s] -- Up-to-date: /home/group3-robot/robp_group3/install/drive_base_msgs/share/drive_base_msgs/cmake/export_drive_base_msgs__rosidl_typesupport_fastrtps_cExport.cmake
[4.128s] -- Up-to-date: /home/group3-robot/robp_group3/install/drive_base_msgs/share/drive_base_msgs/cmake/export_drive_base_msgs__rosidl_typesupport_fastrtps_cExport-noconfig.cmake
[4.129s] -- Up-to-date: /home/group3-robot/robp_group3/install/drive_base_msgs/share/drive_base_msgs/cmake/export_drive_base_msgs__rosidl_generator_cppExport.cmake
[4.129s] -- Up-to-date: /home/group3-robot/robp_group3/install/drive_base_msgs/share/drive_base_msgs/cmake/export_drive_base_msgs__rosidl_typesupport_fastrtps_cppExport.cmake
[4.129s] -- Up-to-date: /home/group3-robot/robp_group3/install/drive_base_msgs/share/drive_base_msgs/cmake/export_drive_base_msgs__rosidl_typesupport_fastrtps_cppExport-noconfig.cmake
[4.129s] -- Up-to-date: /home/group3-robot/robp_group3/install/drive_base_msgs/share/drive_base_msgs/cmake/drive_base_msgs__rosidl_typesupport_introspection_cExport.cmake
[4.129s] -- Up-to-date: /home/group3-robot/robp_group3/install/drive_base_msgs/share/drive_base_msgs/cmake/drive_base_msgs__rosidl_typesupport_introspection_cExport-noconfig.cmake
[4.130s] -- Up-to-date: /home/group3-robot/robp_group3/install/drive_base_msgs/share/drive_base_msgs/cmake/drive_base_msgs__rosidl_typesupport_cExport.cmake
[4.130s] -- Up-to-date: /home/group3-robot/robp_group3/install/drive_base_msgs/share/drive_base_msgs/cmake/drive_base_msgs__rosidl_typesupport_cExport-noconfig.cmake
[4.130s] -- Up-to-date: /home/group3-robot/robp_group3/install/drive_base_msgs/share/drive_base_msgs/cmake/drive_base_msgs__rosidl_typesupport_introspection_cppExport.cmake
[4.131s] -- Up-to-date: /home/group3-robot/robp_group3/install/drive_base_msgs/share/drive_base_msgs/cmake/drive_base_msgs__rosidl_typesupport_introspection_cppExport-noconfig.cmake
[4.131s] -- Up-to-date: /home/group3-robot/robp_group3/install/drive_base_msgs/share/drive_base_msgs/cmake/drive_base_msgs__rosidl_typesupport_cppExport.cmake
[4.131s] -- Up-to-date: /home/group3-robot/robp_group3/install/drive_base_msgs/share/drive_base_msgs/cmake/drive_base_msgs__rosidl_typesupport_cppExport-noconfig.cmake
[4.131s] -- Up-to-date: /home/group3-robot/robp_group3/install/drive_base_msgs/share/drive_base_msgs/cmake/export_drive_base_msgs__rosidl_generator_pyExport.cmake
[4.131s] -- Up-to-date: /home/group3-robot/robp_group3/install/drive_base_msgs/share/drive_base_msgs/cmake/export_drive_base_msgs__rosidl_generator_pyExport-noconfig.cmake
[4.139s] Invoked command in '/home/group3-robot/robp_group3/build/drive_base_msgs' returned '0': CMAKE_PREFIX_PATH=${CMAKE_PREFIX_PATH}:/opt/ros/jazzy DEBUGINFOD_URLS=https://debuginfod.ubuntu.com /usr/bin/cmake --install /home/group3-robot/robp_group3/build/drive_base_msgs
