running egg_info
creating ../../../build/handle_objects/handle_objects.egg-info
writing ../../../build/handle_objects/handle_objects.egg-info/PKG-INFO
writing dependency_links to ../../../build/handle_objects/handle_objects.egg-info/dependency_links.txt
writing entry points to ../../../build/handle_objects/handle_objects.egg-info/entry_points.txt
writing requirements to ../../../build/handle_objects/handle_objects.egg-info/requires.txt
writing top-level names to ../../../build/handle_objects/handle_objects.egg-info/top_level.txt
writing manifest file '../../../build/handle_objects/handle_objects.egg-info/SOURCES.txt'
reading manifest file '../../../build/handle_objects/handle_objects.egg-info/SOURCES.txt'
writing manifest file '../../../build/handle_objects/handle_objects.egg-info/SOURCES.txt'
running build
running build_py
creating /home/group3-robot/robp_group3/build/handle_objects/build
creating /home/group3-robot/robp_group3/build/handle_objects/build/lib
creating /home/group3-robot/robp_group3/build/handle_objects/build/lib/pick
copying pick/pick_planB.py -> /home/group3-robot/robp_group3/build/handle_objects/build/lib/pick
copying pick/__init__.py -> /home/group3-robot/robp_group3/build/handle_objects/build/lib/pick
copying pick/pick_objects.py -> /home/group3-robot/robp_group3/build/handle_objects/build/lib/pick
running install
running install_lib
creating /home/group3-robot/robp_group3/install/handle_objects/lib/python3.12/site-packages/pick
copying /home/group3-robot/robp_group3/build/handle_objects/build/lib/pick/pick_planB.py -> /home/group3-robot/robp_group3/install/handle_objects/lib/python3.12/site-packages/pick
copying /home/group3-robot/robp_group3/build/handle_objects/build/lib/pick/__init__.py -> /home/group3-robot/robp_group3/install/handle_objects/lib/python3.12/site-packages/pick
copying /home/group3-robot/robp_group3/build/handle_objects/build/lib/pick/pick_objects.py -> /home/group3-robot/robp_group3/install/handle_objects/lib/python3.12/site-packages/pick
byte-compiling /home/group3-robot/robp_group3/install/handle_objects/lib/python3.12/site-packages/pick/pick_planB.py to pick_planB.cpython-312.pyc
byte-compiling /home/group3-robot/robp_group3/install/handle_objects/lib/python3.12/site-packages/pick/__init__.py to __init__.cpython-312.pyc
byte-compiling /home/group3-robot/robp_group3/install/handle_objects/lib/python3.12/site-packages/pick/pick_objects.py to pick_objects.cpython-312.pyc
running install_data
error: can't copy 'resource/handle_objects': doesn't exist or not a regular file
