[2.070s] Invoking command in '/home/group3-robot/robp_group3/build/behavior_tree': AMENT_PREFIX_PATH=/home/group3-robot/robp_group3/install/handle_objects:${AMENT_PREFIX_PATH} DEBUGINFOD_URLS=https://debuginfod.ubuntu.com PYTHONPATH=/home/group3-robot/robp_group3/build/behavior_tree/prefix_override:/usr/lib/python3/dist-packages/colcon_core/task/python/colcon_distutils_commands:/home/group3-robot/robp_group3/install/behavior_tree/lib/python3.12/site-packages:/home/group3-robot/robp_group3/build/handle_objects:/home/group3-robot/robp_group3/install/handle_objects/lib/python3.12/site-packages:${PYTHONPATH} /usr/bin/python3 -W ignore:setup.py install is deprecated -W ignore:easy_install command is deprecated setup.py develop --editable --build-directory /home/group3-robot/robp_group3/build/behavior_tree/build --no-deps symlink_data
[2.887s] running develop
[3.809s] running egg_info
[3.810s] creating behavior_tree.egg-info
[3.840s] writing behavior_tree.egg-info/PKG-INFO
[3.841s] writing dependency_links to behavior_tree.egg-info/dependency_links.txt
[3.841s] writing entry points to behavior_tree.egg-info/entry_points.txt
[3.842s] writing requirements to behavior_tree.egg-info/requires.txt
[3.842s] writing top-level names to behavior_tree.egg-info/top_level.txt
[3.842s] writing manifest file 'behavior_tree.egg-info/SOURCES.txt'
[3.917s] reading manifest file 'behavior_tree.egg-info/SOURCES.txt'
[3.919s] writing manifest file 'behavior_tree.egg-info/SOURCES.txt'
[3.950s] running build_ext
[3.952s] Creating /home/group3-robot/robp_group3/install/behavior_tree/lib/python3.12/site-packages/behavior-tree.egg-link (link to .)
[3.952s] Installing pick_bt script to /home/group3-robot/robp_group3/install/behavior_tree/lib/behavior_tree
[3.953s] 
[3.953s] Installed /home/group3-robot/robp_group3/build/behavior_tree
[3.953s] running symlink_data
[3.953s] creating /home/group3-robot/robp_group3/install/behavior_tree/share/ament_index
[3.953s] creating /home/group3-robot/robp_group3/install/behavior_tree/share/ament_index/resource_index
[3.953s] creating /home/group3-robot/robp_group3/install/behavior_tree/share/ament_index/resource_index/packages
[3.953s] symbolically linking /home/group3-robot/robp_group3/build/behavior_tree/resource/behavior_tree -> /home/group3-robot/robp_group3/install/behavior_tree/share/ament_index/resource_index/packages
[3.954s] symbolically linking /home/group3-robot/robp_group3/build/behavior_tree/package.xml -> /home/group3-robot/robp_group3/install/behavior_tree/share/behavior_tree
[4.159s] Invoked command in '/home/group3-robot/robp_group3/build/behavior_tree' returned '0': AMENT_PREFIX_PATH=/home/group3-robot/robp_group3/install/handle_objects:${AMENT_PREFIX_PATH} DEBUGINFOD_URLS=https://debuginfod.ubuntu.com PYTHONPATH=/home/group3-robot/robp_group3/build/behavior_tree/prefix_override:/usr/lib/python3/dist-packages/colcon_core/task/python/colcon_distutils_commands:/home/group3-robot/robp_group3/install/behavior_tree/lib/python3.12/site-packages:/home/group3-robot/robp_group3/build/handle_objects:/home/group3-robot/robp_group3/install/handle_objects/lib/python3.12/site-packages:${PYTHONPATH} /usr/bin/python3 -W ignore:setup.py install is deprecated -W ignore:easy_install command is deprecated setup.py develop --editable --build-directory /home/group3-robot/robp_group3/build/behavior_tree/build --no-deps symlink_data
