[2.654s] Invoking command in '/home/group3-robot/robp_group3/build/mapping': DEBUGINFOD_URLS=https://debuginfod.ubuntu.com PYTHONPATH=/home/group3-robot/robp_group3/build/mapping/prefix_override:/usr/lib/python3/dist-packages/colcon_core/task/python/colcon_distutils_commands:/home/group3-robot/robp_group3/install/mapping/lib/python3.12/site-packages:${PYTHONPATH} /usr/bin/python3 -W ignore:setup.py install is deprecated -W ignore:easy_install command is deprecated setup.py develop --editable --build-directory /home/group3-robot/robp_group3/build/mapping/build --no-deps symlink_data
[4.734s] running develop
[4.735s] running egg_info
[4.735s] creating mapping.egg-info
[4.735s] writing mapping.egg-info/PKG-INFO
[4.735s] writing dependency_links to mapping.egg-info/dependency_links.txt
[4.735s] writing entry points to mapping.egg-info/entry_points.txt
[4.735s] writing requirements to mapping.egg-info/requires.txt
[4.735s] writing top-level names to mapping.egg-info/top_level.txt
[4.735s] writing manifest file 'mapping.egg-info/SOURCES.txt'
[4.735s] reading manifest file 'mapping.egg-info/SOURCES.txt'
[4.735s] writing manifest file 'mapping.egg-info/SOURCES.txt'
[4.735s] running build_ext
[4.735s] Creating /home/group3-robot/robp_group3/install/mapping/lib/python3.12/site-packages/mapping.egg-link (link to .)
[4.735s] Installing mapping script to /home/group3-robot/robp_group3/install/mapping/lib/mapping
[4.736s] Installing occupancy_grid script to /home/group3-robot/robp_group3/install/mapping/lib/mapping
[4.736s] 
[4.736s] Installed /home/group3-robot/robp_group3/build/mapping
[4.736s] running symlink_data
[4.736s] creating /home/group3-robot/robp_group3/install/mapping/share/ament_index
[4.736s] creating /home/group3-robot/robp_group3/install/mapping/share/ament_index/resource_index
[4.736s] creating /home/group3-robot/robp_group3/install/mapping/share/ament_index/resource_index/packages
[4.736s] symbolically linking /home/group3-robot/robp_group3/build/mapping/resource/mapping -> /home/group3-robot/robp_group3/install/mapping/share/ament_index/resource_index/packages
[4.736s] symbolically linking /home/group3-robot/robp_group3/build/mapping/package.xml -> /home/group3-robot/robp_group3/install/mapping/share/mapping
[4.742s] Invoked command in '/home/group3-robot/robp_group3/build/mapping' returned '0': DEBUGINFOD_URLS=https://debuginfod.ubuntu.com PYTHONPATH=/home/group3-robot/robp_group3/build/mapping/prefix_override:/usr/lib/python3/dist-packages/colcon_core/task/python/colcon_distutils_commands:/home/group3-robot/robp_group3/install/mapping/lib/python3.12/site-packages:${PYTHONPATH} /usr/bin/python3 -W ignore:setup.py install is deprecated -W ignore:easy_install command is deprecated setup.py develop --editable --build-directory /home/group3-robot/robp_group3/build/mapping/build --no-deps symlink_data
