[0.028s] Invoking command in '/home/group3-robot/robp_group3/build/robp_phidgets_motors': AMENT_PREFIX_PATH=/home/group3-robot/robp_group3/install/robp_interfaces:${AMENT_PREFIX_PATH} CMAKE_PREFIX_PATH=/home/group3-robot/robp_group3/install/robp_interfaces:/home/group3-robot/robp_group3/robp_ws/install/usb_cam:/home/group3-robot/robp_group3/robp_ws/install/sllidar_ros2:/home/group3-robot/robp_group3/robp_ws/install/robp_phidgets_temperature:/home/group3-robot/robp_group3/robp_ws/install/robp_phidgets_spatial:/home/group3-robot/robp_group3/robp_ws/install/robp_phidgets_motors:/home/group3-robot/robp_group3/robp_ws/install/robp_phidgets_encoders:/home/group3-robot/robp_group3/robp_ws/install/robp_interfaces:/opt/ros/jazzy/opt/gz_math_vendor:/opt/ros/jazzy/opt/gz_utils_vendor:/opt/ros/jazzy/opt/gz_cmake_vendor:/home/group3-robot/robp_group3/robp_ws/install/robp_launch:/home/group3-robot/robp_group3/robp_ws/install/odometry:/home/group3-robot/robp_group3/robp_ws/install/path_planner:/home/group3-robot/robp_group3/robp_ws/install/mapping:/home/group3-robot/robp_group3/robp_ws/install/joystick_teleop:/home/group3-robot/robp_group3/robp_ws/install/behavior_tree:/home/group3-robot/robp_group3/robp_ws/install/handle_objects:/home/group3-robot/robp_group3/robp_ws/install/detection:/home/group3-robot/robp_group3/robp_ws/install/arm_servos_pubs_subs:/home/group3-robot/robp_group3/robp_ws/install/arm_controller:/opt/ros/jazzy DEBUGINFOD_URLS=https://debuginfod.ubuntu.com LD_LIBRARY_PATH=/home/group3-robot/robp_group3/install/robp_interfaces/lib:${LD_LIBRARY_PATH} PYTHONPATH=/home/group3-robot/robp_group3/install/robp_interfaces/lib/python3.12/site-packages:${PYTHONPATH} /usr/bin/cmake /home/group3-robot/robp_group3/robp_ws/src/robp_robot/robp_phidgets/robp_phidgets_motors -DAMENT_CMAKE_SYMLINK_INSTALL=1 -DCMAKE_INSTALL_PREFIX=/home/group3-robot/robp_group3/install/robp_phidgets_motors
[0.044s] -- robp_phidgets_motors: You did not request a specific build type: Choosing 'Release' for maximum performance
[0.111s] -- The C compiler identification is GNU 13.3.0
[0.195s] -- The CXX compiler identification is GNU 13.3.0
[0.213s] -- Detecting C compiler ABI info
[0.311s] -- Detecting C compiler ABI info - done
[0.324s] -- Check for working C compiler: /usr/bin/cc - skipped
[0.324s] -- Detecting C compile features
[0.325s] -- Detecting C compile features - done
[0.335s] -- Detecting CXX compiler ABI info
[0.469s] -- Detecting CXX compiler ABI info - done
[0.488s] -- Check for working CXX compiler: /usr/bin/c++ - skipped
[0.488s] -- Detecting CXX compile features
[0.488s] -- Detecting CXX compile features - done
[0.493s] -- Found ament_cmake_ros: 0.12.0 (/opt/ros/jazzy/share/ament_cmake_ros/cmake)
[0.696s] -- Found Python3: /usr/bin/python3 (found version "3.12.3") found components: Interpreter 
[0.790s] -- Override CMake install command with custom implementation using symlinks instead of copying resources
[0.849s] -- Found libphidget22: 2.3.3 (/opt/ros/jazzy/share/libphidget22/cmake)
[0.853s] -- Found phidgets_api: 2.3.3 (/opt/ros/jazzy/share/phidgets_api/cmake)
[0.858s] -- Found rclcpp: 28.1.6 (/opt/ros/jazzy/share/rclcpp/cmake)
[0.921s] -- Found rosidl_generator_c: 4.6.5 (/opt/ros/jazzy/share/rosidl_generator_c/cmake)
[0.942s] -- Found rosidl_generator_cpp: 4.6.5 (/opt/ros/jazzy/share/rosidl_generator_cpp/cmake)
[0.969s] -- Using all available rosidl_typesupport_c: rosidl_typesupport_fastrtps_c;rosidl_typesupport_introspection_c
[0.998s] -- Using all available rosidl_typesupport_cpp: rosidl_typesupport_fastrtps_cpp;rosidl_typesupport_introspection_cpp
[1.119s] -- Found rmw_implementation_cmake: 7.3.1 (/opt/ros/jazzy/share/rmw_implementation_cmake/cmake)
[1.126s] -- Found rmw_fastrtps_cpp: 8.4.1 (/opt/ros/jazzy/share/rmw_fastrtps_cpp/cmake)
[1.217s] -- Found OpenSSL: /usr/lib/x86_64-linux-gnu/libcrypto.so (found version "3.0.13")  
[1.240s] -- Found FastRTPS: /opt/ros/jazzy/include (Required is at least version "2.13") 
[1.262s] -- Using RMW implementation 'rmw_fastrtps_cpp' as default
[1.336s] -- Found rclcpp_components: 28.1.6 (/opt/ros/jazzy/share/rclcpp_components/cmake)
[1.381s] -- Found robp_interfaces: 1.0.0 (/home/group3-robot/robp_group3/install/robp_interfaces/share/robp_interfaces/cmake)
[1.433s] -- Found std_srvs: 5.3.5 (/opt/ros/jazzy/share/std_srvs/cmake)
[1.618s] -- Configuring done (1.6s)
[1.634s] -- Generating done (0.0s)
[1.640s] -- Build files have been written to: /home/group3-robot/robp_group3/build/robp_phidgets_motors
[1.652s] Invoked command in '/home/group3-robot/robp_group3/build/robp_phidgets_motors' returned '0': AMENT_PREFIX_PATH=/home/group3-robot/robp_group3/install/robp_interfaces:${AMENT_PREFIX_PATH} CMAKE_PREFIX_PATH=/home/group3-robot/robp_group3/install/robp_interfaces:/home/group3-robot/robp_group3/robp_ws/install/usb_cam:/home/group3-robot/robp_group3/robp_ws/install/sllidar_ros2:/home/group3-robot/robp_group3/robp_ws/install/robp_phidgets_temperature:/home/group3-robot/robp_group3/robp_ws/install/robp_phidgets_spatial:/home/group3-robot/robp_group3/robp_ws/install/robp_phidgets_motors:/home/group3-robot/robp_group3/robp_ws/install/robp_phidgets_encoders:/home/group3-robot/robp_group3/robp_ws/install/robp_interfaces:/opt/ros/jazzy/opt/gz_math_vendor:/opt/ros/jazzy/opt/gz_utils_vendor:/opt/ros/jazzy/opt/gz_cmake_vendor:/home/group3-robot/robp_group3/robp_ws/install/robp_launch:/home/group3-robot/robp_group3/robp_ws/install/odometry:/home/group3-robot/robp_group3/robp_ws/install/path_planner:/home/group3-robot/robp_group3/robp_ws/install/mapping:/home/group3-robot/robp_group3/robp_ws/install/joystick_teleop:/home/group3-robot/robp_group3/robp_ws/install/behavior_tree:/home/group3-robot/robp_group3/robp_ws/install/handle_objects:/home/group3-robot/robp_group3/robp_ws/install/detection:/home/group3-robot/robp_group3/robp_ws/install/arm_servos_pubs_subs:/home/group3-robot/robp_group3/robp_ws/install/arm_controller:/opt/ros/jazzy DEBUGINFOD_URLS=https://debuginfod.ubuntu.com LD_LIBRARY_PATH=/home/group3-robot/robp_group3/install/robp_interfaces/lib:${LD_LIBRARY_PATH} PYTHONPATH=/home/group3-robot/robp_group3/install/robp_interfaces/lib/python3.12/site-packages:${PYTHONPATH} /usr/bin/cmake /home/group3-robot/robp_group3/robp_ws/src/robp_robot/robp_phidgets/robp_phidgets_motors -DAMENT_CMAKE_SYMLINK_INSTALL=1 -DCMAKE_INSTALL_PREFIX=/home/group3-robot/robp_group3/install/robp_phidgets_motors
[1.653s] Invoking command in '/home/group3-robot/robp_group3/build/robp_phidgets_motors': AMENT_PREFIX_PATH=/home/group3-robot/robp_group3/install/robp_interfaces:${AMENT_PREFIX_PATH} CMAKE_PREFIX_PATH=/home/group3-robot/robp_group3/install/robp_interfaces:/home/group3-robot/robp_group3/robp_ws/install/usb_cam:/home/group3-robot/robp_group3/robp_ws/install/sllidar_ros2:/home/group3-robot/robp_group3/robp_ws/install/robp_phidgets_temperature:/home/group3-robot/robp_group3/robp_ws/install/robp_phidgets_spatial:/home/group3-robot/robp_group3/robp_ws/install/robp_phidgets_motors:/home/group3-robot/robp_group3/robp_ws/install/robp_phidgets_encoders:/home/group3-robot/robp_group3/robp_ws/install/robp_interfaces:/opt/ros/jazzy/opt/gz_math_vendor:/opt/ros/jazzy/opt/gz_utils_vendor:/opt/ros/jazzy/opt/gz_cmake_vendor:/home/group3-robot/robp_group3/robp_ws/install/robp_launch:/home/group3-robot/robp_group3/robp_ws/install/odometry:/home/group3-robot/robp_group3/robp_ws/install/path_planner:/home/group3-robot/robp_group3/robp_ws/install/mapping:/home/group3-robot/robp_group3/robp_ws/install/joystick_teleop:/home/group3-robot/robp_group3/robp_ws/install/behavior_tree:/home/group3-robot/robp_group3/robp_ws/install/handle_objects:/home/group3-robot/robp_group3/robp_ws/install/detection:/home/group3-robot/robp_group3/robp_ws/install/arm_servos_pubs_subs:/home/group3-robot/robp_group3/robp_ws/install/arm_controller:/opt/ros/jazzy DEBUGINFOD_URLS=https://debuginfod.ubuntu.com LD_LIBRARY_PATH=/home/group3-robot/robp_group3/install/robp_interfaces/lib:${LD_LIBRARY_PATH} PYTHONPATH=/home/group3-robot/robp_group3/install/robp_interfaces/lib/python3.12/site-packages:${PYTHONPATH} /usr/bin/cmake --build /home/group3-robot/robp_group3/build/robp_phidgets_motors -- -j8 -l8
[1.899s] [ 33%] [32mBuilding CXX object CMakeFiles/robp_phidgets_motors.dir/src/motors.cpp.o[0m
[12.994s] [ 66%] [32mBuilding CXX object CMakeFiles/robp_phidgets_motors.dir/src/motor.cpp.o[0m
[13.447s] [100%] [32m[1mLinking CXX shared library librobp_phidgets_motors.so[0m
[13.602s] [100%] Built target robp_phidgets_motors
[13.612s] Invoked command in '/home/group3-robot/robp_group3/build/robp_phidgets_motors' returned '0': AMENT_PREFIX_PATH=/home/group3-robot/robp_group3/install/robp_interfaces:${AMENT_PREFIX_PATH} CMAKE_PREFIX_PATH=/home/group3-robot/robp_group3/install/robp_interfaces:/home/group3-robot/robp_group3/robp_ws/install/usb_cam:/home/group3-robot/robp_group3/robp_ws/install/sllidar_ros2:/home/group3-robot/robp_group3/robp_ws/install/robp_phidgets_temperature:/home/group3-robot/robp_group3/robp_ws/install/robp_phidgets_spatial:/home/group3-robot/robp_group3/robp_ws/install/robp_phidgets_motors:/home/group3-robot/robp_group3/robp_ws/install/robp_phidgets_encoders:/home/group3-robot/robp_group3/robp_ws/install/robp_interfaces:/opt/ros/jazzy/opt/gz_math_vendor:/opt/ros/jazzy/opt/gz_utils_vendor:/opt/ros/jazzy/opt/gz_cmake_vendor:/home/group3-robot/robp_group3/robp_ws/install/robp_launch:/home/group3-robot/robp_group3/robp_ws/install/odometry:/home/group3-robot/robp_group3/robp_ws/install/path_planner:/home/group3-robot/robp_group3/robp_ws/install/mapping:/home/group3-robot/robp_group3/robp_ws/install/joystick_teleop:/home/group3-robot/robp_group3/robp_ws/install/behavior_tree:/home/group3-robot/robp_group3/robp_ws/install/handle_objects:/home/group3-robot/robp_group3/robp_ws/install/detection:/home/group3-robot/robp_group3/robp_ws/install/arm_servos_pubs_subs:/home/group3-robot/robp_group3/robp_ws/install/arm_controller:/opt/ros/jazzy DEBUGINFOD_URLS=https://debuginfod.ubuntu.com LD_LIBRARY_PATH=/home/group3-robot/robp_group3/install/robp_interfaces/lib:${LD_LIBRARY_PATH} PYTHONPATH=/home/group3-robot/robp_group3/install/robp_interfaces/lib/python3.12/site-packages:${PYTHONPATH} /usr/bin/cmake --build /home/group3-robot/robp_group3/build/robp_phidgets_motors -- -j8 -l8
[13.613s] Invoking command in '/home/group3-robot/robp_group3/build/robp_phidgets_motors': AMENT_PREFIX_PATH=/home/group3-robot/robp_group3/install/robp_interfaces:${AMENT_PREFIX_PATH} CMAKE_PREFIX_PATH=/home/group3-robot/robp_group3/install/robp_interfaces:/home/group3-robot/robp_group3/robp_ws/install/usb_cam:/home/group3-robot/robp_group3/robp_ws/install/sllidar_ros2:/home/group3-robot/robp_group3/robp_ws/install/robp_phidgets_temperature:/home/group3-robot/robp_group3/robp_ws/install/robp_phidgets_spatial:/home/group3-robot/robp_group3/robp_ws/install/robp_phidgets_motors:/home/group3-robot/robp_group3/robp_ws/install/robp_phidgets_encoders:/home/group3-robot/robp_group3/robp_ws/install/robp_interfaces:/opt/ros/jazzy/opt/gz_math_vendor:/opt/ros/jazzy/opt/gz_utils_vendor:/opt/ros/jazzy/opt/gz_cmake_vendor:/home/group3-robot/robp_group3/robp_ws/install/robp_launch:/home/group3-robot/robp_group3/robp_ws/install/odometry:/home/group3-robot/robp_group3/robp_ws/install/path_planner:/home/group3-robot/robp_group3/robp_ws/install/mapping:/home/group3-robot/robp_group3/robp_ws/install/joystick_teleop:/home/group3-robot/robp_group3/robp_ws/install/behavior_tree:/home/group3-robot/robp_group3/robp_ws/install/handle_objects:/home/group3-robot/robp_group3/robp_ws/install/detection:/home/group3-robot/robp_group3/robp_ws/install/arm_servos_pubs_subs:/home/group3-robot/robp_group3/robp_ws/install/arm_controller:/opt/ros/jazzy DEBUGINFOD_URLS=https://debuginfod.ubuntu.com LD_LIBRARY_PATH=/home/group3-robot/robp_group3/install/robp_interfaces/lib:${LD_LIBRARY_PATH} PYTHONPATH=/home/group3-robot/robp_group3/install/robp_interfaces/lib/python3.12/site-packages:${PYTHONPATH} /usr/bin/cmake --install /home/group3-robot/robp_group3/build/robp_phidgets_motors
[13.619s] -- Install configuration: "Release"
[13.620s] -- Execute custom install script
[13.620s] -- Symlinking: /home/group3-robot/robp_group3/install/robp_phidgets_motors/lib/librobp_phidgets_motors.so
[13.627s] -- Symlinking: /home/group3-robot/robp_group3/install/robp_phidgets_motors/include/robp_phidgets_motors/motor.hpp
[13.634s] -- Symlinking: /home/group3-robot/robp_group3/install/robp_phidgets_motors/include/robp_phidgets_motors/motors.hpp
[13.641s] -- Symlinking: /home/group3-robot/robp_group3/install/robp_phidgets_motors/share/robp_phidgets_motors/launch/motors_launch.py
[13.648s] -- Symlinking: /home/group3-robot/robp_group3/install/robp_phidgets_motors/share/ament_index/resource_index/package_run_dependencies/robp_phidgets_motors
[13.655s] -- Symlinking: /home/group3-robot/robp_group3/install/robp_phidgets_motors/share/ament_index/resource_index/parent_prefix_path/robp_phidgets_motors
[13.663s] -- Symlinking: /home/group3-robot/robp_group3/install/robp_phidgets_motors/share/robp_phidgets_motors/environment/ament_prefix_path.sh
[13.670s] -- Symlinking: /home/group3-robot/robp_group3/install/robp_phidgets_motors/share/robp_phidgets_motors/environment/ament_prefix_path.dsv
[13.677s] -- Symlinking: /home/group3-robot/robp_group3/install/robp_phidgets_motors/share/robp_phidgets_motors/environment/path.sh
[13.684s] -- Symlinking: /home/group3-robot/robp_group3/install/robp_phidgets_motors/share/robp_phidgets_motors/environment/path.dsv
[13.691s] -- Symlinking: /home/group3-robot/robp_group3/install/robp_phidgets_motors/share/robp_phidgets_motors/local_setup.bash
[13.698s] -- Symlinking: /home/group3-robot/robp_group3/install/robp_phidgets_motors/share/robp_phidgets_motors/local_setup.sh
[13.707s] -- Symlinking: /home/group3-robot/robp_group3/install/robp_phidgets_motors/share/robp_phidgets_motors/local_setup.zsh
[13.716s] -- Symlinking: /home/group3-robot/robp_group3/install/robp_phidgets_motors/share/robp_phidgets_motors/local_setup.dsv
[13.722s] -- Symlinking: /home/group3-robot/robp_group3/install/robp_phidgets_motors/share/robp_phidgets_motors/package.dsv
[13.729s] -- Symlinking: /home/group3-robot/robp_group3/install/robp_phidgets_motors/share/ament_index/resource_index/packages/robp_phidgets_motors
[13.736s] -- Symlinking: /home/group3-robot/robp_group3/install/robp_phidgets_motors/share/ament_index/resource_index/rclcpp_components/robp_phidgets_motors
[13.743s] -- Symlinking: /home/group3-robot/robp_group3/install/robp_phidgets_motors/share/robp_phidgets_motors/cmake/robp_phidgets_motorsConfig.cmake
[13.750s] -- Symlinking: /home/group3-robot/robp_group3/install/robp_phidgets_motors/share/robp_phidgets_motors/cmake/robp_phidgets_motorsConfig-version.cmake
[13.757s] -- Symlinking: /home/group3-robot/robp_group3/install/robp_phidgets_motors/share/robp_phidgets_motors/package.xml
[13.766s] Invoked command in '/home/group3-robot/robp_group3/build/robp_phidgets_motors' returned '0': AMENT_PREFIX_PATH=/home/group3-robot/robp_group3/install/robp_interfaces:${AMENT_PREFIX_PATH} CMAKE_PREFIX_PATH=/home/group3-robot/robp_group3/install/robp_interfaces:/home/group3-robot/robp_group3/robp_ws/install/usb_cam:/home/group3-robot/robp_group3/robp_ws/install/sllidar_ros2:/home/group3-robot/robp_group3/robp_ws/install/robp_phidgets_temperature:/home/group3-robot/robp_group3/robp_ws/install/robp_phidgets_spatial:/home/group3-robot/robp_group3/robp_ws/install/robp_phidgets_motors:/home/group3-robot/robp_group3/robp_ws/install/robp_phidgets_encoders:/home/group3-robot/robp_group3/robp_ws/install/robp_interfaces:/opt/ros/jazzy/opt/gz_math_vendor:/opt/ros/jazzy/opt/gz_utils_vendor:/opt/ros/jazzy/opt/gz_cmake_vendor:/home/group3-robot/robp_group3/robp_ws/install/robp_launch:/home/group3-robot/robp_group3/robp_ws/install/odometry:/home/group3-robot/robp_group3/robp_ws/install/path_planner:/home/group3-robot/robp_group3/robp_ws/install/mapping:/home/group3-robot/robp_group3/robp_ws/install/joystick_teleop:/home/group3-robot/robp_group3/robp_ws/install/behavior_tree:/home/group3-robot/robp_group3/robp_ws/install/handle_objects:/home/group3-robot/robp_group3/robp_ws/install/detection:/home/group3-robot/robp_group3/robp_ws/install/arm_servos_pubs_subs:/home/group3-robot/robp_group3/robp_ws/install/arm_controller:/opt/ros/jazzy DEBUGINFOD_URLS=https://debuginfod.ubuntu.com LD_LIBRARY_PATH=/home/group3-robot/robp_group3/install/robp_interfaces/lib:${LD_LIBRARY_PATH} PYTHONPATH=/home/group3-robot/robp_group3/install/robp_interfaces/lib/python3.12/site-packages:${PYTHONPATH} /usr/bin/cmake --install /home/group3-robot/robp_group3/build/robp_phidgets_motors
