[1.513s] Invoking command in '/home/group3-robot/robp_group3/build/mapping': DEBUGINFOD_URLS=https://debuginfod.ubuntu.com PYTHONPATH=/home/group3-robot/robp_group3/build/mapping/prefix_override:/usr/lib/python3/dist-packages/colcon_core/task/python/colcon_distutils_commands:/home/group3-robot/robp_group3/install/mapping/lib/python3.12/site-packages:${PYTHONPATH} /usr/bin/python3 -W ignore:setup.py install is deprecated -W ignore:easy_install command is deprecated setup.py develop --editable --build-directory /home/group3-robot/robp_group3/build/mapping/build --no-deps symlink_data
[2.076s] running develop
[2.450s] running egg_info
[2.450s] creating mapping.egg-info
[2.489s] writing mapping.egg-info/PKG-INFO
[2.490s] writing dependency_links to mapping.egg-info/dependency_links.txt
[2.490s] writing entry points to mapping.egg-info/entry_points.txt
[2.491s] writing requirements to mapping.egg-info/requires.txt
[2.491s] writing top-level names to mapping.egg-info/top_level.txt
[2.497s] writing manifest file 'mapping.egg-info/SOURCES.txt'
[2.568s] reading manifest file 'mapping.egg-info/SOURCES.txt'
[2.569s] writing manifest file 'mapping.egg-info/SOURCES.txt'
[2.607s] running build_ext
[2.612s] Creating /home/group3-robot/robp_group3/install/mapping/lib/python3.12/site-packages/mapping.egg-link (link to .)
[2.612s] Installing mapping script to /home/group3-robot/robp_group3/install/mapping/lib/mapping
[2.618s] 
[2.618s] Installed /home/group3-robot/robp_group3/build/mapping
[2.618s] running symlink_data
[2.618s] creating /home/group3-robot/robp_group3/install/mapping/share/ament_index
[2.618s] creating /home/group3-robot/robp_group3/install/mapping/share/ament_index/resource_index
[2.618s] creating /home/group3-robot/robp_group3/install/mapping/share/ament_index/resource_index/packages
[2.618s] symbolically linking /home/group3-robot/robp_group3/build/mapping/resource/mapping -> /home/group3-robot/robp_group3/install/mapping/share/ament_index/resource_index/packages
[2.619s] symbolically linking /home/group3-robot/robp_group3/build/mapping/package.xml -> /home/group3-robot/robp_group3/install/mapping/share/mapping
[2.688s] Invoked command in '/home/group3-robot/robp_group3/build/mapping' returned '0': DEBUGINFOD_URLS=https://debuginfod.ubuntu.com PYTHONPATH=/home/group3-robot/robp_group3/build/mapping/prefix_override:/usr/lib/python3/dist-packages/colcon_core/task/python/colcon_distutils_commands:/home/group3-robot/robp_group3/install/mapping/lib/python3.12/site-packages:${PYTHONPATH} /usr/bin/python3 -W ignore:setup.py install is deprecated -W ignore:easy_install command is deprecated setup.py develop --editable --build-directory /home/group3-robot/robp_group3/build/mapping/build --no-deps symlink_data
