[2.186s] Invoking command in '/home/group3-robot/robp_group3/build/arm_controller': DEBUGINFOD_URLS=https://debuginfod.ubuntu.com PYTHONPATH=/home/group3-robot/robp_group3/build/arm_controller/prefix_override:/usr/lib/python3/dist-packages/colcon_core/task/python/colcon_distutils_commands:/home/group3-robot/robp_group3/install/arm_controller/lib/python3.12/site-packages:${PYTHONPATH} /usr/bin/python3 -W ignore:setup.py install is deprecated -W ignore:easy_install command is deprecated setup.py develop --editable --build-directory /home/group3-robot/robp_group3/build/arm_controller/build --no-deps symlink_data
[3.391s] running develop
[3.391s] running egg_info
[3.391s] creating arm_controller.egg-info
[3.391s] writing arm_controller.egg-info/PKG-INFO
[3.392s] writing dependency_links to arm_controller.egg-info/dependency_links.txt
[3.392s] writing entry points to arm_controller.egg-info/entry_points.txt
[3.392s] writing requirements to arm_controller.egg-info/requires.txt
[3.392s] writing top-level names to arm_controller.egg-info/top_level.txt
[3.392s] writing manifest file 'arm_controller.egg-info/SOURCES.txt'
[3.399s] reading manifest file 'arm_controller.egg-info/SOURCES.txt'
[3.399s] writing manifest file 'arm_controller.egg-info/SOURCES.txt'
[3.400s] running build_ext
[3.400s] Creating /home/group3-robot/robp_group3/install/arm_controller/lib/python3.12/site-packages/arm-controller.egg-link (link to .)
[3.400s] Installing arm_controller script to /home/group3-robot/robp_group3/install/arm_controller/lib/arm_controller
[3.400s] 
[3.400s] Installed /home/group3-robot/robp_group3/build/arm_controller
[3.400s] running symlink_data
[3.400s] creating /home/group3-robot/robp_group3/install/arm_controller/share/ament_index
[3.400s] creating /home/group3-robot/robp_group3/install/arm_controller/share/ament_index/resource_index
[3.400s] creating /home/group3-robot/robp_group3/install/arm_controller/share/ament_index/resource_index/packages
[3.400s] symbolically linking /home/group3-robot/robp_group3/build/arm_controller/resource/arm_controller -> /home/group3-robot/robp_group3/install/arm_controller/share/ament_index/resource_index/packages
[3.400s] symbolically linking /home/group3-robot/robp_group3/build/arm_controller/package.xml -> /home/group3-robot/robp_group3/install/arm_controller/share/arm_controller
[3.814s] Invoked command in '/home/group3-robot/robp_group3/build/arm_controller' returned '0': DEBUGINFOD_URLS=https://debuginfod.ubuntu.com PYTHONPATH=/home/group3-robot/robp_group3/build/arm_controller/prefix_override:/usr/lib/python3/dist-packages/colcon_core/task/python/colcon_distutils_commands:/home/group3-robot/robp_group3/install/arm_controller/lib/python3.12/site-packages:${PYTHONPATH} /usr/bin/python3 -W ignore:setup.py install is deprecated -W ignore:easy_install command is deprecated setup.py develop --editable --build-directory /home/group3-robot/robp_group3/build/arm_controller/build --no-deps symlink_data
