[4.891s] Invoking command in '/home/group3-robot/robp_group3/build/behavior_tree': AMENT_PREFIX_PATH=/home/group3-robot/robp_group3/install/handle_objects:${AMENT_PREFIX_PATH} DEBUGINFOD_URLS=https://debuginfod.ubuntu.com PYTHONPATH=/home/group3-robot/robp_group3/build/behavior_tree/prefix_override:/usr/lib/python3/dist-packages/colcon_core/task/python/colcon_distutils_commands:/home/group3-robot/robp_group3/install/behavior_tree/lib/python3.12/site-packages:/home/group3-robot/robp_group3/build/handle_objects:/home/group3-robot/robp_group3/install/handle_objects/lib/python3.12/site-packages:${PYTHONPATH} /usr/bin/python3 -W ignore:setup.py install is deprecated -W ignore:easy_install command is deprecated setup.py develop --editable --build-directory /home/group3-robot/robp_group3/build/behavior_tree/build --no-deps symlink_data
[7.918s] running develop
[9.273s] running egg_info
[9.273s] creating behavior_tree.egg-info
[9.413s] writing behavior_tree.egg-info/PKG-INFO
[9.426s] writing dependency_links to behavior_tree.egg-info/dependency_links.txt
[9.426s] writing entry points to behavior_tree.egg-info/entry_points.txt
[9.426s] writing requirements to behavior_tree.egg-info/requires.txt
[9.436s] writing top-level names to behavior_tree.egg-info/top_level.txt
[9.436s] writing manifest file 'behavior_tree.egg-info/SOURCES.txt'
[9.678s] reading manifest file 'behavior_tree.egg-info/SOURCES.txt'
[9.679s] writing manifest file 'behavior_tree.egg-info/SOURCES.txt'
[9.861s] running build_ext
[9.861s] Creating /home/group3-robot/robp_group3/install/behavior_tree/lib/python3.12/site-packages/behavior-tree.egg-link (link to .)
[9.861s] Installing pick_bt script to /home/group3-robot/robp_group3/install/behavior_tree/lib/behavior_tree
[9.865s] 
[9.865s] Installed /home/group3-robot/robp_group3/build/behavior_tree
[9.865s] running symlink_data
[9.873s] creating /home/group3-robot/robp_group3/install/behavior_tree/share/ament_index
[9.873s] creating /home/group3-robot/robp_group3/install/behavior_tree/share/ament_index/resource_index
[9.873s] creating /home/group3-robot/robp_group3/install/behavior_tree/share/ament_index/resource_index/packages
[9.873s] symbolically linking /home/group3-robot/robp_group3/build/behavior_tree/resource/behavior_tree -> /home/group3-robot/robp_group3/install/behavior_tree/share/ament_index/resource_index/packages
[9.874s] symbolically linking /home/group3-robot/robp_group3/build/behavior_tree/package.xml -> /home/group3-robot/robp_group3/install/behavior_tree/share/behavior_tree
[10.181s] Invoked command in '/home/group3-robot/robp_group3/build/behavior_tree' returned '0': AMENT_PREFIX_PATH=/home/group3-robot/robp_group3/install/handle_objects:${AMENT_PREFIX_PATH} DEBUGINFOD_URLS=https://debuginfod.ubuntu.com PYTHONPATH=/home/group3-robot/robp_group3/build/behavior_tree/prefix_override:/usr/lib/python3/dist-packages/colcon_core/task/python/colcon_distutils_commands:/home/group3-robot/robp_group3/install/behavior_tree/lib/python3.12/site-packages:/home/group3-robot/robp_group3/build/handle_objects:/home/group3-robot/robp_group3/install/handle_objects/lib/python3.12/site-packages:${PYTHONPATH} /usr/bin/python3 -W ignore:setup.py install is deprecated -W ignore:easy_install command is deprecated setup.py develop --editable --build-directory /home/group3-robot/robp_group3/build/behavior_tree/build --no-deps symlink_data
