running develop
Removing /home/group3-robot/robp_group3/install/robp_launch/lib/python3.12/site-packages/robp-launch.egg-link (link to .)
running egg_info
writing ../../../../build/robp_launch/robp_launch.egg-info/PKG-INFO
writing dependency_links to ../../../../build/robp_launch/robp_launch.egg-info/dependency_links.txt
writing requirements to ../../../../build/robp_launch/robp_launch.egg-info/requires.txt
writing top-level names to ../../../../build/robp_launch/robp_launch.egg-info/top_level.txt
reading manifest file '../../../../build/robp_launch/robp_launch.egg-info/SOURCES.txt'
adding license file 'LICENSE'
writing manifest file '../../../../build/robp_launch/robp_launch.egg-info/SOURCES.txt'
running build
running build_py
running install
running install_lib
creating /home/group3-robot/robp_group3/install/robp_launch/lib/python3.12/site-packages/robp_launch
copying /home/group3-robot/robp_group3/build/robp_launch/build/lib/robp_launch/__init__.py -> /home/group3-robot/robp_group3/install/robp_launch/lib/python3.12/site-packages/robp_launch
byte-compiling /home/group3-robot/robp_group3/install/robp_launch/lib/python3.12/site-packages/robp_launch/__init__.py to __init__.cpython-312.pyc
running install_data
copying resource/robp_launch -> /home/group3-robot/robp_group3/install/robp_launch/share/ament_index/resource_index/packages
copying launch/rs_d435i_launch.py -> /home/group3-robot/robp_group3/install/robp_launch/share/robp_launch/launch
copying launch/detection_launch.py -> /home/group3-robot/robp_group3/install/robp_launch/share/robp_launch/launch
copying launch/phidgets_launch.py -> /home/group3-robot/robp_group3/install/robp_launch/share/robp_launch/launch
copying launch/arm_camera_launch.yaml -> /home/group3-robot/robp_group3/install/robp_launch/share/robp_launch/launch
copying launch/boot_camp_part1_launch.xml -> /home/group3-robot/robp_group3/install/robp_launch/share/robp_launch/launch
copying launch/test_path_planner_launch.py -> /home/group3-robot/robp_group3/install/robp_launch/share/robp_launch/launch
copying launch/lidar_launch.yaml -> /home/group3-robot/robp_group3/install/robp_launch/share/robp_launch/launch
copying launch/frames_launch.xml -> /home/group3-robot/robp_group3/install/robp_launch/share/robp_launch/launch
copying launch/joystick_launch.py -> /home/group3-robot/robp_group3/install/robp_launch/share/robp_launch/launch
copying launch/lidar_odom_launch.py -> /home/group3-robot/robp_group3/install/robp_launch/share/robp_launch/launch
copying launch/path_planner_launch.py -> /home/group3-robot/robp_group3/install/robp_launch/share/robp_launch/launch
copying launch/control_launch.py -> /home/group3-robot/robp_group3/install/robp_launch/share/robp_launch/launch
copying launch/arm_servo_launch.py -> /home/group3-robot/robp_group3/install/robp_launch/share/robp_launch/launch
copying package.xml -> /home/group3-robot/robp_group3/install/robp_launch/share/robp_launch
running install_egg_info
Copying ../../../../build/robp_launch/robp_launch.egg-info to /home/group3-robot/robp_group3/install/robp_launch/lib/python3.12/site-packages/robp_launch-1.0.0-py3.12.egg-info
running install_scripts
writing list of installed files to '/home/group3-robot/robp_group3/build/robp_launch/install.log'
