[1.139s] Invoking command in '/home/group3-robot/robp_group3/build/robp_launch': AMENT_PREFIX_PATH=/home/group3-robot/robp_group3/install/robp_phidgets_spatial:/home/group3-robot/robp_group3/install/robp_phidgets_motors:/home/group3-robot/robp_group3/install/robp_phidgets_encoders:/home/group3-robot/robp_group3/install/robp_phidgets_temperature:/home/group3-robot/robp_group3/install/robp_interfaces:${AMENT_PREFIX_PATH} CMAKE_PREFIX_PATH=/home/group3-robot/robp_group3/install/robp_phidgets_spatial:/home/group3-robot/robp_group3/install/robp_phidgets_motors:/home/group3-robot/robp_group3/install/robp_phidgets_encoders:/home/group3-robot/robp_group3/install/robp_phidgets_temperature:/home/group3-robot/robp_group3/install/robp_interfaces:${CMAKE_PREFIX_PATH} DEBUGINFOD_URLS=https://debuginfod.ubuntu.com LD_LIBRARY_PATH=/home/group3-robot/robp_group3/install/robp_phidgets_spatial/lib:/home/group3-robot/robp_group3/install/robp_phidgets_motors/lib:/home/group3-robot/robp_group3/install/robp_phidgets_encoders/lib:/home/group3-robot/robp_group3/install/robp_phidgets_temperature/lib:/home/group3-robot/robp_group3/install/robp_interfaces/lib:${LD_LIBRARY_PATH} PYTHONPATH=/home/group3-robot/robp_group3/build/robp_launch/prefix_override:/usr/lib/python3/dist-packages/colcon_core/task/python/colcon_distutils_commands:/home/group3-robot/robp_group3/install/robp_launch/lib/python3.12/site-packages:/home/group3-robot/robp_group3/install/robp_interfaces/lib/python3.12/site-packages:${PYTHONPATH} /usr/bin/python3 -W ignore:setup.py install is deprecated -W ignore:easy_install command is deprecated setup.py develop --uninstall --editable --build-directory /home/group3-robot/robp_group3/build/robp_launch/build
[1.428s] running develop
[1.665s] Removing /home/group3-robot/robp_group3/install/robp_launch/lib/python3.12/site-packages/robp-launch.egg-link (link to .)
[1.728s] Invoked command in '/home/group3-robot/robp_group3/build/robp_launch' returned '0': AMENT_PREFIX_PATH=/home/group3-robot/robp_group3/install/robp_phidgets_spatial:/home/group3-robot/robp_group3/install/robp_phidgets_motors:/home/group3-robot/robp_group3/install/robp_phidgets_encoders:/home/group3-robot/robp_group3/install/robp_phidgets_temperature:/home/group3-robot/robp_group3/install/robp_interfaces:${AMENT_PREFIX_PATH} CMAKE_PREFIX_PATH=/home/group3-robot/robp_group3/install/robp_phidgets_spatial:/home/group3-robot/robp_group3/install/robp_phidgets_motors:/home/group3-robot/robp_group3/install/robp_phidgets_encoders:/home/group3-robot/robp_group3/install/robp_phidgets_temperature:/home/group3-robot/robp_group3/install/robp_interfaces:${CMAKE_PREFIX_PATH} DEBUGINFOD_URLS=https://debuginfod.ubuntu.com LD_LIBRARY_PATH=/home/group3-robot/robp_group3/install/robp_phidgets_spatial/lib:/home/group3-robot/robp_group3/install/robp_phidgets_motors/lib:/home/group3-robot/robp_group3/install/robp_phidgets_encoders/lib:/home/group3-robot/robp_group3/install/robp_phidgets_temperature/lib:/home/group3-robot/robp_group3/install/robp_interfaces/lib:${LD_LIBRARY_PATH} PYTHONPATH=/home/group3-robot/robp_group3/build/robp_launch/prefix_override:/usr/lib/python3/dist-packages/colcon_core/task/python/colcon_distutils_commands:/home/group3-robot/robp_group3/install/robp_launch/lib/python3.12/site-packages:/home/group3-robot/robp_group3/install/robp_interfaces/lib/python3.12/site-packages:${PYTHONPATH} /usr/bin/python3 -W ignore:setup.py install is deprecated -W ignore:easy_install command is deprecated setup.py develop --uninstall --editable --build-directory /home/group3-robot/robp_group3/build/robp_launch/build
[1.730s] Invoking command in '/home/group3-robot/robp_group3/robp_ws/src/robp_robot/robp_launch': AMENT_PREFIX_PATH=/home/group3-robot/robp_group3/install/robp_phidgets_spatial:/home/group3-robot/robp_group3/install/robp_phidgets_motors:/home/group3-robot/robp_group3/install/robp_phidgets_encoders:/home/group3-robot/robp_group3/install/robp_phidgets_temperature:/home/group3-robot/robp_group3/install/robp_interfaces:${AMENT_PREFIX_PATH} CMAKE_PREFIX_PATH=/home/group3-robot/robp_group3/install/robp_phidgets_spatial:/home/group3-robot/robp_group3/install/robp_phidgets_motors:/home/group3-robot/robp_group3/install/robp_phidgets_encoders:/home/group3-robot/robp_group3/install/robp_phidgets_temperature:/home/group3-robot/robp_group3/install/robp_interfaces:${CMAKE_PREFIX_PATH} DEBUGINFOD_URLS=https://debuginfod.ubuntu.com LD_LIBRARY_PATH=/home/group3-robot/robp_group3/install/robp_phidgets_spatial/lib:/home/group3-robot/robp_group3/install/robp_phidgets_motors/lib:/home/group3-robot/robp_group3/install/robp_phidgets_encoders/lib:/home/group3-robot/robp_group3/install/robp_phidgets_temperature/lib:/home/group3-robot/robp_group3/install/robp_interfaces/lib:${LD_LIBRARY_PATH} PYTHONPATH=/home/group3-robot/robp_group3/build/robp_launch/prefix_override:/usr/lib/python3/dist-packages/colcon_core/task/python/colcon_distutils_commands:/home/group3-robot/robp_group3/install/robp_launch/lib/python3.12/site-packages:/home/group3-robot/robp_group3/install/robp_interfaces/lib/python3.12/site-packages:${PYTHONPATH} /usr/bin/python3 -W ignore:setup.py install is deprecated -W ignore:easy_install command is deprecated setup.py egg_info --egg-base ../../../../build/robp_launch build --build-base /home/group3-robot/robp_group3/build/robp_launch/build install --record /home/group3-robot/robp_group3/build/robp_launch/install.log --single-version-externally-managed install_data --force
[2.048s] running egg_info
[2.073s] writing ../../../../build/robp_launch/robp_launch.egg-info/PKG-INFO
[2.073s] writing dependency_links to ../../../../build/robp_launch/robp_launch.egg-info/dependency_links.txt
[2.074s] writing requirements to ../../../../build/robp_launch/robp_launch.egg-info/requires.txt
[2.074s] writing top-level names to ../../../../build/robp_launch/robp_launch.egg-info/top_level.txt
[2.126s] reading manifest file '../../../../build/robp_launch/robp_launch.egg-info/SOURCES.txt'
[2.128s] adding license file 'LICENSE'
[2.128s] writing manifest file '../../../../build/robp_launch/robp_launch.egg-info/SOURCES.txt'
[2.128s] running build
[2.128s] running build_py
[2.129s] running install
[2.137s] running install_lib
[2.165s] creating /home/group3-robot/robp_group3/install/robp_launch/lib/python3.12/site-packages/robp_launch
[2.165s] copying /home/group3-robot/robp_group3/build/robp_launch/build/lib/robp_launch/__init__.py -> /home/group3-robot/robp_group3/install/robp_launch/lib/python3.12/site-packages/robp_launch
[2.165s] byte-compiling /home/group3-robot/robp_group3/install/robp_launch/lib/python3.12/site-packages/robp_launch/__init__.py to __init__.cpython-312.pyc
[2.165s] running install_data
[2.165s] copying resource/robp_launch -> /home/group3-robot/robp_group3/install/robp_launch/share/ament_index/resource_index/packages
[2.165s] copying launch/rs_d435i_launch.py -> /home/group3-robot/robp_group3/install/robp_launch/share/robp_launch/launch
[2.166s] copying launch/detection_launch.py -> /home/group3-robot/robp_group3/install/robp_launch/share/robp_launch/launch
[2.166s] copying launch/phidgets_launch.py -> /home/group3-robot/robp_group3/install/robp_launch/share/robp_launch/launch
[2.166s] copying launch/arm_camera_launch.yaml -> /home/group3-robot/robp_group3/install/robp_launch/share/robp_launch/launch
[2.167s] copying launch/boot_camp_part1_launch.xml -> /home/group3-robot/robp_group3/install/robp_launch/share/robp_launch/launch
[2.167s] copying launch/test_path_planner_launch.py -> /home/group3-robot/robp_group3/install/robp_launch/share/robp_launch/launch
[2.167s] copying launch/lidar_launch.yaml -> /home/group3-robot/robp_group3/install/robp_launch/share/robp_launch/launch
[2.168s] copying launch/frames_launch.xml -> /home/group3-robot/robp_group3/install/robp_launch/share/robp_launch/launch
[2.168s] copying launch/joystick_launch.py -> /home/group3-robot/robp_group3/install/robp_launch/share/robp_launch/launch
[2.168s] copying launch/lidar_odom_launch.py -> /home/group3-robot/robp_group3/install/robp_launch/share/robp_launch/launch
[2.169s] copying launch/path_planner_launch.py -> /home/group3-robot/robp_group3/install/robp_launch/share/robp_launch/launch
[2.169s] copying launch/control_launch.py -> /home/group3-robot/robp_group3/install/robp_launch/share/robp_launch/launch
[2.169s] copying launch/arm_servo_launch.py -> /home/group3-robot/robp_group3/install/robp_launch/share/robp_launch/launch
[2.169s] copying package.xml -> /home/group3-robot/robp_group3/install/robp_launch/share/robp_launch
[2.170s] running install_egg_info
[2.200s] Copying ../../../../build/robp_launch/robp_launch.egg-info to /home/group3-robot/robp_group3/install/robp_launch/lib/python3.12/site-packages/robp_launch-1.0.0-py3.12.egg-info
[2.200s] running install_scripts
[2.343s] writing list of installed files to '/home/group3-robot/robp_group3/build/robp_launch/install.log'
[2.379s] Invoked command in '/home/group3-robot/robp_group3/robp_ws/src/robp_robot/robp_launch' returned '0': AMENT_PREFIX_PATH=/home/group3-robot/robp_group3/install/robp_phidgets_spatial:/home/group3-robot/robp_group3/install/robp_phidgets_motors:/home/group3-robot/robp_group3/install/robp_phidgets_encoders:/home/group3-robot/robp_group3/install/robp_phidgets_temperature:/home/group3-robot/robp_group3/install/robp_interfaces:${AMENT_PREFIX_PATH} CMAKE_PREFIX_PATH=/home/group3-robot/robp_group3/install/robp_phidgets_spatial:/home/group3-robot/robp_group3/install/robp_phidgets_motors:/home/group3-robot/robp_group3/install/robp_phidgets_encoders:/home/group3-robot/robp_group3/install/robp_phidgets_temperature:/home/group3-robot/robp_group3/install/robp_interfaces:${CMAKE_PREFIX_PATH} DEBUGINFOD_URLS=https://debuginfod.ubuntu.com LD_LIBRARY_PATH=/home/group3-robot/robp_group3/install/robp_phidgets_spatial/lib:/home/group3-robot/robp_group3/install/robp_phidgets_motors/lib:/home/group3-robot/robp_group3/install/robp_phidgets_encoders/lib:/home/group3-robot/robp_group3/install/robp_phidgets_temperature/lib:/home/group3-robot/robp_group3/install/robp_interfaces/lib:${LD_LIBRARY_PATH} PYTHONPATH=/home/group3-robot/robp_group3/build/robp_launch/prefix_override:/usr/lib/python3/dist-packages/colcon_core/task/python/colcon_distutils_commands:/home/group3-robot/robp_group3/install/robp_launch/lib/python3.12/site-packages:/home/group3-robot/robp_group3/install/robp_interfaces/lib/python3.12/site-packages:${PYTHONPATH} /usr/bin/python3 -W ignore:setup.py install is deprecated -W ignore:easy_install command is deprecated setup.py egg_info --egg-base ../../../../build/robp_launch build --build-base /home/group3-robot/robp_group3/build/robp_launch/build install --record /home/group3-robot/robp_group3/build/robp_launch/install.log --single-version-externally-managed install_data --force
