[0.235s] Invoking command in '/home/group3-robot/robp_group3/build/micro_ros_msgs': CMAKE_PREFIX_PATH=${CMAKE_PREFIX_PATH}:/home/group3-robot/robp_group3/robp_ws/install/py_trees_ros_viewer:/home/group3-robot/robp_group3/robp_ws/install/handle_objects:/home/group3-robot/robp_group3/robp_ws/install/py_trees:/home/group3-robot/robp_group3/install/py_trees_ros_viewer:/home/group3-robot/robp_group3/install/behavior_tree:/home/group3-robot/robp_group3/install/handle_objects:/home/group3-robot/robp_group3/install/py_trees:/home/group3-robot/robp_group3/robp_ws/install/robp_launch:/home/group3-robot/robp_group3/robp_ws/install/odometry:/home/group3-robot/robp_group3/robp_ws/install/robp_boot_camp_launch:/home/group3-robot/robp_group3/robp_ws/install/path_planner:/home/group3-robot/robp_group3/robp_ws/install/mapping:/home/group3-robot/robp_group3/robp_ws/install/joystick_teleop:/home/group3-robot/robp_group3/robp_ws/install/detection:/home/group3-robot/robp_group3/robp_ws/install/arm_servos_pubs_subs:/home/group3-robot/robp_group3/robp_ws/install/arm_controller:/home/group3-robot/dd2419_ws/install/robp_launch:/home/group3-robot/dd2419_ws/install/odometry:/home/group3-robot/dd2419_ws/install/joystick_teleop:/home/group3-robot/dd2419_ws/install/detection:/home/group3-robot/dd2419_ws/install/arm_servos_pubs_subs:/home/group3-robot/dd2419_ws/install/arm_controller:/home/group3-robot/robp_group3/install/robp_launch:/home/group3-robot/robp_group3/install/odometry:/home/group3-robot/robp_group3/install/robp_boot_camp_launch:/home/group3-robot/robp_group3/install/path_planner:/home/group3-robot/robp_group3/install/mapping:/home/group3-robot/robp_group3/install/joystick_teleop:/home/group3-robot/robp_group3/install/detection:/home/group3-robot/robp_group3/install/arm_servos_pubs_subs:/home/group3-robot/robp_group3/install/arm_controller:/opt/ros/jazzy DEBUGINFOD_URLS=https://debuginfod.ubuntu.com /usr/bin/cmake /home/group3-robot/robp_group3/arm_ws/src/uros/micro_ros_msgs -DAMENT_CMAKE_SYMLINK_INSTALL=1 -DCMAKE_INSTALL_PREFIX=/home/group3-robot/robp_group3/install/micro_ros_msgs
[0.977s] -- The C compiler identification is GNU 13.3.0
[0.978s] -- The CXX compiler identification is GNU 13.3.0
[0.978s] -- Detecting C compiler ABI info
[0.978s] -- Detecting C compiler ABI info - done
[0.978s] -- Check for working C compiler: /usr/bin/cc - skipped
[0.978s] -- Detecting C compile features
[0.978s] -- Detecting C compile features - done
[0.978s] -- Detecting CXX compiler ABI info
[0.978s] -- Detecting CXX compiler ABI info - done
[0.978s] -- Check for working CXX compiler: /usr/bin/c++ - skipped
[0.979s] -- Detecting CXX compile features
[0.979s] -- Detecting CXX compile features - done
[0.979s] -- Found ament_cmake: 2.5.3 (/opt/ros/jazzy/share/ament_cmake/cmake)
[0.979s] -- Found Python3: /usr/bin/python3 (found version "3.12.3") found components: Interpreter 
[0.979s] -- Override CMake install command with custom implementation using symlinks instead of copying resources
[0.980s] -- Found rosidl_default_generators: 1.6.0 (/opt/ros/jazzy/share/rosidl_default_generators/cmake)
[0.980s] -- Using all available rosidl_typesupport_c: rosidl_typesupport_fastrtps_c;rosidl_typesupport_introspection_c
[0.980s] -- Using all available rosidl_typesupport_cpp: rosidl_typesupport_fastrtps_cpp;rosidl_typesupport_introspection_cpp
[1.011s] -- Found rosidl_adapter: 4.6.5 (/opt/ros/jazzy/share/rosidl_adapter/cmake)
[1.016s] -- Found ament_lint_auto: 0.17.1 (/opt/ros/jazzy/share/ament_lint_auto/cmake)
[2.150s] -- Found ament_cmake_ros: 0.12.0 (/opt/ros/jazzy/share/ament_cmake_ros/cmake)
[2.936s] -- Using all available rosidl_typesupport_c: rosidl_typesupport_fastrtps_c;rosidl_typesupport_introspection_c
[3.807s] -- Using all available rosidl_typesupport_cpp: rosidl_typesupport_fastrtps_cpp;rosidl_typesupport_introspection_cpp
[3.811s] -- Found python_cmake_module: 0.11.1 (/opt/ros/jazzy/share/python_cmake_module/cmake)
[4.082s] -- Found PythonExtra: /usr/bin/python3  
[5.065s] -- Found Python3: /usr/bin/python3 (found version "3.12.3") found components: Interpreter Development NumPy Development.Module Development.Embed 
[5.197s] -- Added test 'copyright' to check source files copyright and LICENSE
[5.197s] -- Added test 'lint_cmake' to check CMake code style
[5.200s] -- Added test 'xmllint' to check XML markup files
[5.219s] -- Configuring done (5.0s)
[5.335s] -- Generating done (0.1s)
[5.381s] -- Build files have been written to: /home/group3-robot/robp_group3/build/micro_ros_msgs
[5.393s] Invoked command in '/home/group3-robot/robp_group3/build/micro_ros_msgs' returned '0': CMAKE_PREFIX_PATH=${CMAKE_PREFIX_PATH}:/home/group3-robot/robp_group3/robp_ws/install/py_trees_ros_viewer:/home/group3-robot/robp_group3/robp_ws/install/handle_objects:/home/group3-robot/robp_group3/robp_ws/install/py_trees:/home/group3-robot/robp_group3/install/py_trees_ros_viewer:/home/group3-robot/robp_group3/install/behavior_tree:/home/group3-robot/robp_group3/install/handle_objects:/home/group3-robot/robp_group3/install/py_trees:/home/group3-robot/robp_group3/robp_ws/install/robp_launch:/home/group3-robot/robp_group3/robp_ws/install/odometry:/home/group3-robot/robp_group3/robp_ws/install/robp_boot_camp_launch:/home/group3-robot/robp_group3/robp_ws/install/path_planner:/home/group3-robot/robp_group3/robp_ws/install/mapping:/home/group3-robot/robp_group3/robp_ws/install/joystick_teleop:/home/group3-robot/robp_group3/robp_ws/install/detection:/home/group3-robot/robp_group3/robp_ws/install/arm_servos_pubs_subs:/home/group3-robot/robp_group3/robp_ws/install/arm_controller:/home/group3-robot/dd2419_ws/install/robp_launch:/home/group3-robot/dd2419_ws/install/odometry:/home/group3-robot/dd2419_ws/install/joystick_teleop:/home/group3-robot/dd2419_ws/install/detection:/home/group3-robot/dd2419_ws/install/arm_servos_pubs_subs:/home/group3-robot/dd2419_ws/install/arm_controller:/home/group3-robot/robp_group3/install/robp_launch:/home/group3-robot/robp_group3/install/odometry:/home/group3-robot/robp_group3/install/robp_boot_camp_launch:/home/group3-robot/robp_group3/install/path_planner:/home/group3-robot/robp_group3/install/mapping:/home/group3-robot/robp_group3/install/joystick_teleop:/home/group3-robot/robp_group3/install/detection:/home/group3-robot/robp_group3/install/arm_servos_pubs_subs:/home/group3-robot/robp_group3/install/arm_controller:/opt/ros/jazzy DEBUGINFOD_URLS=https://debuginfod.ubuntu.com /usr/bin/cmake /home/group3-robot/robp_group3/arm_ws/src/uros/micro_ros_msgs -DAMENT_CMAKE_SYMLINK_INSTALL=1 -DCMAKE_INSTALL_PREFIX=/home/group3-robot/robp_group3/install/micro_ros_msgs
[5.394s] Invoking command in '/home/group3-robot/robp_group3/build/micro_ros_msgs': CMAKE_PREFIX_PATH=${CMAKE_PREFIX_PATH}:/home/group3-robot/robp_group3/robp_ws/install/py_trees_ros_viewer:/home/group3-robot/robp_group3/robp_ws/install/handle_objects:/home/group3-robot/robp_group3/robp_ws/install/py_trees:/home/group3-robot/robp_group3/install/py_trees_ros_viewer:/home/group3-robot/robp_group3/install/behavior_tree:/home/group3-robot/robp_group3/install/handle_objects:/home/group3-robot/robp_group3/install/py_trees:/home/group3-robot/robp_group3/robp_ws/install/robp_launch:/home/group3-robot/robp_group3/robp_ws/install/odometry:/home/group3-robot/robp_group3/robp_ws/install/robp_boot_camp_launch:/home/group3-robot/robp_group3/robp_ws/install/path_planner:/home/group3-robot/robp_group3/robp_ws/install/mapping:/home/group3-robot/robp_group3/robp_ws/install/joystick_teleop:/home/group3-robot/robp_group3/robp_ws/install/detection:/home/group3-robot/robp_group3/robp_ws/install/arm_servos_pubs_subs:/home/group3-robot/robp_group3/robp_ws/install/arm_controller:/home/group3-robot/dd2419_ws/install/robp_launch:/home/group3-robot/dd2419_ws/install/odometry:/home/group3-robot/dd2419_ws/install/joystick_teleop:/home/group3-robot/dd2419_ws/install/detection:/home/group3-robot/dd2419_ws/install/arm_servos_pubs_subs:/home/group3-robot/dd2419_ws/install/arm_controller:/home/group3-robot/robp_group3/install/robp_launch:/home/group3-robot/robp_group3/install/odometry:/home/group3-robot/robp_group3/install/robp_boot_camp_launch:/home/group3-robot/robp_group3/install/path_planner:/home/group3-robot/robp_group3/install/mapping:/home/group3-robot/robp_group3/install/joystick_teleop:/home/group3-robot/robp_group3/install/detection:/home/group3-robot/robp_group3/install/arm_servos_pubs_subs:/home/group3-robot/robp_group3/install/arm_controller:/opt/ros/jazzy DEBUGINFOD_URLS=https://debuginfod.ubuntu.com /usr/bin/cmake --build /home/group3-robot/robp_group3/build/micro_ros_msgs -- -j8 -l8
[5.861s] [  1%] [34m[1mGenerating type hashes for ROS interfaces[0m
[5.861s] [  1%] Built target ament_cmake_python_symlink_micro_ros_msgs
[6.005s] [  1%] Built target micro_ros_msgs__rosidl_generator_type_description
[6.063s] [  3%] [34m[1mGenerating C code for ROS interfaces[0m
[6.083s] running egg_info
[6.084s] creating micro_ros_msgs.egg-info
[6.090s] [  5%] [34m[1mGenerating C++ code for ROS interfaces[0m
[6.145s] writing micro_ros_msgs.egg-info/PKG-INFO
[6.145s] writing dependency_links to micro_ros_msgs.egg-info/dependency_links.txt
[6.145s] writing top-level names to micro_ros_msgs.egg-info/top_level.txt
[6.145s] writing manifest file 'micro_ros_msgs.egg-info/SOURCES.txt'
[6.292s] reading manifest file 'micro_ros_msgs.egg-info/SOURCES.txt'
[6.293s] writing manifest file 'micro_ros_msgs.egg-info/SOURCES.txt'
[6.356s] [  5%] Built target ament_cmake_python_build_micro_ros_msgs_egg
[6.815s] [  5%] Built target micro_ros_msgs__cpp
[7.181s] [  7%] [32mBuilding C object CMakeFiles/micro_ros_msgs__rosidl_generator_c.dir/rosidl_generator_c/micro_ros_msgs/msg/detail/graph__description.c.o[0m
[7.196s] [  9%] [32mBuilding C object CMakeFiles/micro_ros_msgs__rosidl_generator_c.dir/rosidl_generator_c/micro_ros_msgs/msg/detail/graph__functions.c.o[0m
[7.202s] [ 11%] [32mBuilding C object CMakeFiles/micro_ros_msgs__rosidl_generator_c.dir/rosidl_generator_c/micro_ros_msgs/msg/detail/graph__type_support.c.o[0m
[7.202s] [ 12%] [32mBuilding C object CMakeFiles/micro_ros_msgs__rosidl_generator_c.dir/rosidl_generator_c/micro_ros_msgs/msg/detail/node__type_support.c.o[0m
[7.212s] [ 14%] [32mBuilding C object CMakeFiles/micro_ros_msgs__rosidl_generator_c.dir/rosidl_generator_c/micro_ros_msgs/msg/detail/node__description.c.o[0m
[7.213s] [ 16%] [32mBuilding C object CMakeFiles/micro_ros_msgs__rosidl_generator_c.dir/rosidl_generator_c/micro_ros_msgs/msg/detail/node__functions.c.o[0m
[7.234s] [ 18%] [32mBuilding C object CMakeFiles/micro_ros_msgs__rosidl_generator_c.dir/rosidl_generator_c/micro_ros_msgs/msg/detail/entity__description.c.o[0m
[7.239s] [ 20%] [32mBuilding C object CMakeFiles/micro_ros_msgs__rosidl_generator_c.dir/rosidl_generator_c/micro_ros_msgs/msg/detail/entity__functions.c.o[0m
[7.314s] [ 22%] [32mBuilding C object CMakeFiles/micro_ros_msgs__rosidl_generator_c.dir/rosidl_generator_c/micro_ros_msgs/msg/detail/entity__type_support.c.o[0m
[7.413s] [ 24%] [32m[1mLinking C shared library libmicro_ros_msgs__rosidl_generator_c.so[0m
[7.551s] [ 24%] Built target micro_ros_msgs__rosidl_generator_c
[7.588s] [ 27%] [34m[1mGenerating C type support for eProsima Fast-RTPS[0m
[7.588s] [ 29%] [34m[1mGenerating C++ type support dispatch for ROS interfaces[0m
[7.588s] [ 29%] [34m[1mGenerating C++ type support for eProsima Fast-RTPS[0m
[7.588s] [ 31%] [34m[1mGenerating C introspection for ROS interfaces[0m
[7.603s] [ 33%] [34m[1mGenerating C++ introspection for ROS interfaces[0m
[7.606s] [ 35%] [34m[1mGenerating C type support dispatch for ROS interfaces[0m
[9.082s] [ 37%] [32mBuilding CXX object CMakeFiles/micro_ros_msgs__rosidl_typesupport_cpp.dir/rosidl_typesupport_cpp/micro_ros_msgs/msg/graph__type_support.cpp.o[0m
[9.095s] [ 40%] [32mBuilding CXX object CMakeFiles/micro_ros_msgs__rosidl_typesupport_cpp.dir/rosidl_typesupport_cpp/micro_ros_msgs/msg/entity__type_support.cpp.o[0m
[9.095s] [ 40%] [32mBuilding CXX object CMakeFiles/micro_ros_msgs__rosidl_typesupport_cpp.dir/rosidl_typesupport_cpp/micro_ros_msgs/msg/node__type_support.cpp.o[0m
[9.297s] [ 42%] [32mBuilding CXX object CMakeFiles/micro_ros_msgs__rosidl_typesupport_introspection_cpp.dir/rosidl_typesupport_introspection_cpp/micro_ros_msgs/msg/detail/graph__type_support.cpp.o[0m
[9.333s] [ 44%] [32mBuilding CXX object CMakeFiles/micro_ros_msgs__rosidl_typesupport_c.dir/rosidl_typesupport_c/micro_ros_msgs/msg/graph__type_support.cpp.o[0m
[9.404s] [ 46%] [32mBuilding C object CMakeFiles/micro_ros_msgs__rosidl_typesupport_introspection_c.dir/rosidl_typesupport_introspection_c/micro_ros_msgs/msg/detail/graph__type_support.c.o[0m
[9.500s] [ 48%] [32mBuilding CXX object CMakeFiles/micro_ros_msgs__rosidl_typesupport_c.dir/rosidl_typesupport_c/micro_ros_msgs/msg/node__type_support.cpp.o[0m
[9.513s] [ 50%] [32mBuilding C object CMakeFiles/micro_ros_msgs__rosidl_typesupport_introspection_c.dir/rosidl_typesupport_introspection_c/micro_ros_msgs/msg/detail/node__type_support.c.o[0m
[9.612s] [ 51%] [32mBuilding CXX object CMakeFiles/micro_ros_msgs__rosidl_typesupport_c.dir/rosidl_typesupport_c/micro_ros_msgs/msg/entity__type_support.cpp.o[0m
[9.650s] [ 53%] [32mBuilding C object CMakeFiles/micro_ros_msgs__rosidl_typesupport_introspection_c.dir/rosidl_typesupport_introspection_c/micro_ros_msgs/msg/detail/entity__type_support.c.o[0m
[9.727s] [ 55%] [32m[1mLinking CXX shared library libmicro_ros_msgs__rosidl_typesupport_c.so[0m
[9.852s] [ 57%] [32m[1mLinking C shared library libmicro_ros_msgs__rosidl_typesupport_introspection_c.so[0m
[9.854s] [ 57%] Built target micro_ros_msgs__rosidl_typesupport_c
[9.919s] [ 59%] [32mBuilding CXX object CMakeFiles/micro_ros_msgs__rosidl_typesupport_introspection_cpp.dir/rosidl_typesupport_introspection_cpp/micro_ros_msgs/msg/detail/node__type_support.cpp.o[0m
[9.970s] [ 59%] Built target micro_ros_msgs__rosidl_typesupport_introspection_c
[9.987s] [ 61%] [32mBuilding CXX object CMakeFiles/micro_ros_msgs__rosidl_typesupport_introspection_cpp.dir/rosidl_typesupport_introspection_cpp/micro_ros_msgs/msg/detail/entity__type_support.cpp.o[0m
[10.054s] [ 62%] [32mBuilding CXX object CMakeFiles/micro_ros_msgs__rosidl_typesupport_fastrtps_cpp.dir/rosidl_typesupport_fastrtps_cpp/micro_ros_msgs/msg/detail/dds_fastrtps/graph__type_support.cpp.o[0m
[10.178s] [ 64%] [32mBuilding CXX object CMakeFiles/micro_ros_msgs__rosidl_typesupport_fastrtps_c.dir/rosidl_typesupport_fastrtps_c/micro_ros_msgs/msg/detail/graph__type_support_c.cpp.o[0m
[10.312s] [ 66%] [32mBuilding CXX object CMakeFiles/micro_ros_msgs__rosidl_typesupport_fastrtps_cpp.dir/rosidl_typesupport_fastrtps_cpp/micro_ros_msgs/msg/detail/dds_fastrtps/node__type_support.cpp.o[0m
[10.412s] [ 68%] [32mBuilding CXX object CMakeFiles/micro_ros_msgs__rosidl_typesupport_fastrtps_c.dir/rosidl_typesupport_fastrtps_c/micro_ros_msgs/msg/detail/node__type_support_c.cpp.o[0m
[10.580s] [ 70%] [32m[1mLinking CXX shared library libmicro_ros_msgs__rosidl_typesupport_cpp.so[0m
[10.702s] [ 70%] Built target micro_ros_msgs__rosidl_typesupport_cpp
[10.720s] [ 72%] [32mBuilding CXX object CMakeFiles/micro_ros_msgs__rosidl_typesupport_fastrtps_cpp.dir/rosidl_typesupport_fastrtps_cpp/micro_ros_msgs/msg/detail/dds_fastrtps/entity__type_support.cpp.o[0m
[10.757s] [ 74%] [32mBuilding CXX object CMakeFiles/micro_ros_msgs__rosidl_typesupport_fastrtps_c.dir/rosidl_typesupport_fastrtps_c/micro_ros_msgs/msg/detail/entity__type_support_c.cpp.o[0m
[11.312s] [ 75%] [32m[1mLinking CXX shared library libmicro_ros_msgs__rosidl_typesupport_introspection_cpp.so[0m
[11.828s] [ 75%] Built target micro_ros_msgs__rosidl_typesupport_introspection_cpp
[12.462s] [ 77%] [32m[1mLinking CXX shared library libmicro_ros_msgs__rosidl_typesupport_fastrtps_c.so[0m
[12.803s] [ 77%] Built target micro_ros_msgs__rosidl_typesupport_fastrtps_c
[13.096s] [ 79%] [32m[1mLinking CXX shared library libmicro_ros_msgs__rosidl_typesupport_fastrtps_cpp.so[0m
[13.312s] [ 79%] Built target micro_ros_msgs__rosidl_typesupport_fastrtps_cpp
[13.378s] [ 79%] Built target micro_ros_msgs
[13.436s] [ 81%] [34m[1mGenerating Python code for ROS interfaces[0m
[15.799s] [ 81%] Built target micro_ros_msgs__py
[15.865s] [ 83%] [32mBuilding C object CMakeFiles/micro_ros_msgs__rosidl_generator_py.dir/rosidl_generator_py/micro_ros_msgs/msg/_graph_s.c.o[0m
[15.867s] [ 85%] [32mBuilding C object CMakeFiles/micro_ros_msgs__rosidl_generator_py.dir/rosidl_generator_py/micro_ros_msgs/msg/_node_s.c.o[0m
[15.888s] [ 87%] [32mBuilding C object CMakeFiles/micro_ros_msgs__rosidl_generator_py.dir/rosidl_generator_py/micro_ros_msgs/msg/_entity_s.c.o[0m
[16.338s] [ 88%] [32m[1mLinking C shared library libmicro_ros_msgs__rosidl_generator_py.so[0m
[16.447s] [ 88%] Built target micro_ros_msgs__rosidl_generator_py
[16.526s] [ 90%] [32mBuilding C object CMakeFiles/micro_ros_msgs_s__rosidl_typesupport_fastrtps_c.dir/rosidl_generator_py/micro_ros_msgs/_micro_ros_msgs_s.ep.rosidl_typesupport_fastrtps_c.c.o[0m
[16.538s] [ 92%] [32mBuilding C object CMakeFiles/micro_ros_msgs_s__rosidl_typesupport_introspection_c.dir/rosidl_generator_py/micro_ros_msgs/_micro_ros_msgs_s.ep.rosidl_typesupport_introspection_c.c.o[0m
[16.556s] [ 94%] [32mBuilding C object CMakeFiles/micro_ros_msgs_s__rosidl_typesupport_c.dir/rosidl_generator_py/micro_ros_msgs/_micro_ros_msgs_s.ep.rosidl_typesupport_c.c.o[0m
[16.760s] [ 96%] [32m[1mLinking C shared module rosidl_generator_py/micro_ros_msgs/micro_ros_msgs_s__rosidl_typesupport_introspection_c.so[0m
[16.822s] [ 96%] Built target micro_ros_msgs_s__rosidl_typesupport_introspection_c
[16.952s] [ 98%] [32m[1mLinking C shared module rosidl_generator_py/micro_ros_msgs/micro_ros_msgs_s__rosidl_typesupport_c.so[0m
[17.028s] [100%] [32m[1mLinking C shared module rosidl_generator_py/micro_ros_msgs/micro_ros_msgs_s__rosidl_typesupport_fastrtps_c.so[0m
[17.051s] [100%] Built target micro_ros_msgs_s__rosidl_typesupport_c
[17.127s] [100%] Built target micro_ros_msgs_s__rosidl_typesupport_fastrtps_c
[17.195s] Invoked command in '/home/group3-robot/robp_group3/build/micro_ros_msgs' returned '0': CMAKE_PREFIX_PATH=${CMAKE_PREFIX_PATH}:/home/group3-robot/robp_group3/robp_ws/install/py_trees_ros_viewer:/home/group3-robot/robp_group3/robp_ws/install/handle_objects:/home/group3-robot/robp_group3/robp_ws/install/py_trees:/home/group3-robot/robp_group3/install/py_trees_ros_viewer:/home/group3-robot/robp_group3/install/behavior_tree:/home/group3-robot/robp_group3/install/handle_objects:/home/group3-robot/robp_group3/install/py_trees:/home/group3-robot/robp_group3/robp_ws/install/robp_launch:/home/group3-robot/robp_group3/robp_ws/install/odometry:/home/group3-robot/robp_group3/robp_ws/install/robp_boot_camp_launch:/home/group3-robot/robp_group3/robp_ws/install/path_planner:/home/group3-robot/robp_group3/robp_ws/install/mapping:/home/group3-robot/robp_group3/robp_ws/install/joystick_teleop:/home/group3-robot/robp_group3/robp_ws/install/detection:/home/group3-robot/robp_group3/robp_ws/install/arm_servos_pubs_subs:/home/group3-robot/robp_group3/robp_ws/install/arm_controller:/home/group3-robot/dd2419_ws/install/robp_launch:/home/group3-robot/dd2419_ws/install/odometry:/home/group3-robot/dd2419_ws/install/joystick_teleop:/home/group3-robot/dd2419_ws/install/detection:/home/group3-robot/dd2419_ws/install/arm_servos_pubs_subs:/home/group3-robot/dd2419_ws/install/arm_controller:/home/group3-robot/robp_group3/install/robp_launch:/home/group3-robot/robp_group3/install/odometry:/home/group3-robot/robp_group3/install/robp_boot_camp_launch:/home/group3-robot/robp_group3/install/path_planner:/home/group3-robot/robp_group3/install/mapping:/home/group3-robot/robp_group3/install/joystick_teleop:/home/group3-robot/robp_group3/install/detection:/home/group3-robot/robp_group3/install/arm_servos_pubs_subs:/home/group3-robot/robp_group3/install/arm_controller:/opt/ros/jazzy DEBUGINFOD_URLS=https://debuginfod.ubuntu.com /usr/bin/cmake --build /home/group3-robot/robp_group3/build/micro_ros_msgs -- -j8 -l8
[17.195s] Invoking command in '/home/group3-robot/robp_group3/build/micro_ros_msgs': CMAKE_PREFIX_PATH=${CMAKE_PREFIX_PATH}:/home/group3-robot/robp_group3/robp_ws/install/py_trees_ros_viewer:/home/group3-robot/robp_group3/robp_ws/install/handle_objects:/home/group3-robot/robp_group3/robp_ws/install/py_trees:/home/group3-robot/robp_group3/install/py_trees_ros_viewer:/home/group3-robot/robp_group3/install/behavior_tree:/home/group3-robot/robp_group3/install/handle_objects:/home/group3-robot/robp_group3/install/py_trees:/home/group3-robot/robp_group3/robp_ws/install/robp_launch:/home/group3-robot/robp_group3/robp_ws/install/odometry:/home/group3-robot/robp_group3/robp_ws/install/robp_boot_camp_launch:/home/group3-robot/robp_group3/robp_ws/install/path_planner:/home/group3-robot/robp_group3/robp_ws/install/mapping:/home/group3-robot/robp_group3/robp_ws/install/joystick_teleop:/home/group3-robot/robp_group3/robp_ws/install/detection:/home/group3-robot/robp_group3/robp_ws/install/arm_servos_pubs_subs:/home/group3-robot/robp_group3/robp_ws/install/arm_controller:/home/group3-robot/dd2419_ws/install/robp_launch:/home/group3-robot/dd2419_ws/install/odometry:/home/group3-robot/dd2419_ws/install/joystick_teleop:/home/group3-robot/dd2419_ws/install/detection:/home/group3-robot/dd2419_ws/install/arm_servos_pubs_subs:/home/group3-robot/dd2419_ws/install/arm_controller:/home/group3-robot/robp_group3/install/robp_launch:/home/group3-robot/robp_group3/install/odometry:/home/group3-robot/robp_group3/install/robp_boot_camp_launch:/home/group3-robot/robp_group3/install/path_planner:/home/group3-robot/robp_group3/install/mapping:/home/group3-robot/robp_group3/install/joystick_teleop:/home/group3-robot/robp_group3/install/detection:/home/group3-robot/robp_group3/install/arm_servos_pubs_subs:/home/group3-robot/robp_group3/install/arm_controller:/opt/ros/jazzy DEBUGINFOD_URLS=https://debuginfod.ubuntu.com /usr/bin/cmake --install /home/group3-robot/robp_group3/build/micro_ros_msgs
[17.208s] -- Install configuration: ""
[17.210s] -- Execute custom install script
[17.210s] -- Symlinking: /home/group3-robot/robp_group3/install/micro_ros_msgs/share/ament_index/resource_index/rosidl_interfaces/micro_ros_msgs
[17.236s] -- Symlinking: /home/group3-robot/robp_group3/install/micro_ros_msgs/share/micro_ros_msgs/msg/Graph.json
[17.259s] -- Symlinking: /home/group3-robot/robp_group3/install/micro_ros_msgs/share/micro_ros_msgs/msg/Node.json
[17.295s] -- Symlinking: /home/group3-robot/robp_group3/install/micro_ros_msgs/share/micro_ros_msgs/msg/Entity.json
[17.323s] -- Symlinking: /home/group3-robot/robp_group3/install/micro_ros_msgs/include/micro_ros_msgs/micro_ros_msgs/msg/detail/entity__functions.h
[17.363s] -- Symlinking: /home/group3-robot/robp_group3/install/micro_ros_msgs/include/micro_ros_msgs/micro_ros_msgs/msg/detail/entity__struct.h
[17.387s] -- Symlinking: /home/group3-robot/robp_group3/install/micro_ros_msgs/include/micro_ros_msgs/micro_ros_msgs/msg/detail/entity__type_support.h
[17.411s] -- Symlinking: /home/group3-robot/robp_group3/install/micro_ros_msgs/include/micro_ros_msgs/micro_ros_msgs/msg/detail/graph__functions.h
[17.450s] -- Symlinking: /home/group3-robot/robp_group3/install/micro_ros_msgs/include/micro_ros_msgs/micro_ros_msgs/msg/detail/graph__struct.h
[17.491s] -- Symlinking: /home/group3-robot/robp_group3/install/micro_ros_msgs/include/micro_ros_msgs/micro_ros_msgs/msg/detail/graph__type_support.h
[17.525s] -- Symlinking: /home/group3-robot/robp_group3/install/micro_ros_msgs/include/micro_ros_msgs/micro_ros_msgs/msg/detail/node__functions.h
[17.571s] -- Symlinking: /home/group3-robot/robp_group3/install/micro_ros_msgs/include/micro_ros_msgs/micro_ros_msgs/msg/detail/node__struct.h
[17.599s] -- Symlinking: /home/group3-robot/robp_group3/install/micro_ros_msgs/include/micro_ros_msgs/micro_ros_msgs/msg/detail/node__type_support.h
[17.661s] -- Symlinking: /home/group3-robot/robp_group3/install/micro_ros_msgs/include/micro_ros_msgs/micro_ros_msgs/msg/entity.h
[17.716s] -- Symlinking: /home/group3-robot/robp_group3/install/micro_ros_msgs/include/micro_ros_msgs/micro_ros_msgs/msg/graph.h
[17.732s] -- Symlinking: /home/group3-robot/robp_group3/install/micro_ros_msgs/include/micro_ros_msgs/micro_ros_msgs/msg/node.h
[17.762s] -- Symlinking: /home/group3-robot/robp_group3/install/micro_ros_msgs/include/micro_ros_msgs/micro_ros_msgs/msg/rosidl_generator_c__visibility_control.h
[17.780s] -- Symlinking: /home/group3-robot/robp_group3/install/micro_ros_msgs/share/micro_ros_msgs/environment/library_path.sh
[17.806s] -- Symlinking: /home/group3-robot/robp_group3/install/micro_ros_msgs/share/micro_ros_msgs/environment/library_path.dsv
[17.824s] -- Symlinking: /home/group3-robot/robp_group3/install/micro_ros_msgs/include/micro_ros_msgs/micro_ros_msgs/msg/detail/entity__rosidl_typesupport_fastrtps_c.h
[17.867s] -- Symlinking: /home/group3-robot/robp_group3/install/micro_ros_msgs/include/micro_ros_msgs/micro_ros_msgs/msg/detail/graph__rosidl_typesupport_fastrtps_c.h
[17.906s] -- Symlinking: /home/group3-robot/robp_group3/install/micro_ros_msgs/include/micro_ros_msgs/micro_ros_msgs/msg/detail/node__rosidl_typesupport_fastrtps_c.h
[17.949s] -- Symlinking: /home/group3-robot/robp_group3/install/micro_ros_msgs/include/micro_ros_msgs/micro_ros_msgs/msg/rosidl_typesupport_fastrtps_c__visibility_control.h
[17.972s] -- Symlinking: /home/group3-robot/robp_group3/install/micro_ros_msgs/include/micro_ros_msgs/micro_ros_msgs/msg/detail/entity__rosidl_typesupport_introspection_c.h
[17.995s] -- Symlinking: /home/group3-robot/robp_group3/install/micro_ros_msgs/include/micro_ros_msgs/micro_ros_msgs/msg/detail/graph__rosidl_typesupport_introspection_c.h
[18.062s] -- Symlinking: /home/group3-robot/robp_group3/install/micro_ros_msgs/include/micro_ros_msgs/micro_ros_msgs/msg/detail/node__rosidl_typesupport_introspection_c.h
[18.095s] -- Symlinking: /home/group3-robot/robp_group3/install/micro_ros_msgs/include/micro_ros_msgs/micro_ros_msgs/msg/rosidl_typesupport_introspection_c__visibility_control.h
[18.140s] -- Symlinking: /home/group3-robot/robp_group3/install/micro_ros_msgs/include/micro_ros_msgs/micro_ros_msgs/msg/detail/entity__builder.hpp
[18.185s] -- Symlinking: /home/group3-robot/robp_group3/install/micro_ros_msgs/include/micro_ros_msgs/micro_ros_msgs/msg/detail/entity__struct.hpp
[18.215s] -- Symlinking: /home/group3-robot/robp_group3/install/micro_ros_msgs/include/micro_ros_msgs/micro_ros_msgs/msg/detail/entity__traits.hpp
[18.255s] -- Symlinking: /home/group3-robot/robp_group3/install/micro_ros_msgs/include/micro_ros_msgs/micro_ros_msgs/msg/detail/entity__type_support.hpp
[18.272s] -- Symlinking: /home/group3-robot/robp_group3/install/micro_ros_msgs/include/micro_ros_msgs/micro_ros_msgs/msg/detail/graph__builder.hpp
[18.308s] -- Symlinking: /home/group3-robot/robp_group3/install/micro_ros_msgs/include/micro_ros_msgs/micro_ros_msgs/msg/detail/graph__struct.hpp
[18.348s] -- Symlinking: /home/group3-robot/robp_group3/install/micro_ros_msgs/include/micro_ros_msgs/micro_ros_msgs/msg/detail/graph__traits.hpp
[18.382s] -- Symlinking: /home/group3-robot/robp_group3/install/micro_ros_msgs/include/micro_ros_msgs/micro_ros_msgs/msg/detail/graph__type_support.hpp
[18.414s] -- Symlinking: /home/group3-robot/robp_group3/install/micro_ros_msgs/include/micro_ros_msgs/micro_ros_msgs/msg/detail/node__builder.hpp
[18.447s] -- Symlinking: /home/group3-robot/robp_group3/install/micro_ros_msgs/include/micro_ros_msgs/micro_ros_msgs/msg/detail/node__struct.hpp
[18.493s] -- Symlinking: /home/group3-robot/robp_group3/install/micro_ros_msgs/include/micro_ros_msgs/micro_ros_msgs/msg/detail/node__traits.hpp
[18.515s] -- Symlinking: /home/group3-robot/robp_group3/install/micro_ros_msgs/include/micro_ros_msgs/micro_ros_msgs/msg/detail/node__type_support.hpp
[18.554s] -- Symlinking: /home/group3-robot/robp_group3/install/micro_ros_msgs/include/micro_ros_msgs/micro_ros_msgs/msg/entity.hpp
[18.584s] -- Symlinking: /home/group3-robot/robp_group3/install/micro_ros_msgs/include/micro_ros_msgs/micro_ros_msgs/msg/graph.hpp
[18.613s] -- Symlinking: /home/group3-robot/robp_group3/install/micro_ros_msgs/include/micro_ros_msgs/micro_ros_msgs/msg/node.hpp
[18.661s] -- Symlinking: /home/group3-robot/robp_group3/install/micro_ros_msgs/include/micro_ros_msgs/micro_ros_msgs/msg/rosidl_generator_cpp__visibility_control.hpp
[18.706s] -- Symlinking: /home/group3-robot/robp_group3/install/micro_ros_msgs/include/micro_ros_msgs/micro_ros_msgs/msg/detail/entity__rosidl_typesupport_fastrtps_cpp.hpp
[18.732s] -- Symlinking: /home/group3-robot/robp_group3/install/micro_ros_msgs/include/micro_ros_msgs/micro_ros_msgs/msg/detail/graph__rosidl_typesupport_fastrtps_cpp.hpp
[18.771s] -- Symlinking: /home/group3-robot/robp_group3/install/micro_ros_msgs/include/micro_ros_msgs/micro_ros_msgs/msg/detail/node__rosidl_typesupport_fastrtps_cpp.hpp
[18.809s] -- Symlinking: /home/group3-robot/robp_group3/install/micro_ros_msgs/include/micro_ros_msgs/micro_ros_msgs/msg/rosidl_typesupport_fastrtps_cpp__visibility_control.h
[18.841s] -- Symlinking: /home/group3-robot/robp_group3/install/micro_ros_msgs/include/micro_ros_msgs/micro_ros_msgs/msg/detail/entity__rosidl_typesupport_introspection_cpp.hpp
[18.962s] -- Symlinking: /home/group3-robot/robp_group3/install/micro_ros_msgs/include/micro_ros_msgs/micro_ros_msgs/msg/detail/graph__rosidl_typesupport_introspection_cpp.hpp
[18.983s] -- Symlinking: /home/group3-robot/robp_group3/install/micro_ros_msgs/include/micro_ros_msgs/micro_ros_msgs/msg/detail/node__rosidl_typesupport_introspection_cpp.hpp
[19.021s] -- Symlinking: /home/group3-robot/robp_group3/install/micro_ros_msgs/share/micro_ros_msgs/environment/pythonpath.sh
[19.042s] -- Symlinking: /home/group3-robot/robp_group3/install/micro_ros_msgs/share/micro_ros_msgs/environment/pythonpath.dsv
[19.067s] -- Symlinking: /home/group3-robot/robp_group3/install/micro_ros_msgs/lib/python3.12/site-packages/micro_ros_msgs-5.0.2-py3.12.egg-info/PKG-INFO
[19.117s] -- Symlinking: /home/group3-robot/robp_group3/install/micro_ros_msgs/lib/python3.12/site-packages/micro_ros_msgs-5.0.2-py3.12.egg-info/SOURCES.txt
[19.155s] -- Symlinking: /home/group3-robot/robp_group3/install/micro_ros_msgs/lib/python3.12/site-packages/micro_ros_msgs-5.0.2-py3.12.egg-info/dependency_links.txt
[19.194s] -- Symlinking: /home/group3-robot/robp_group3/install/micro_ros_msgs/lib/python3.12/site-packages/micro_ros_msgs-5.0.2-py3.12.egg-info/top_level.txt
[19.251s] -- Symlinking: /home/group3-robot/robp_group3/install/micro_ros_msgs/lib/python3.12/site-packages/micro_ros_msgs/__init__.py
[19.308s] -- Symlinking: /home/group3-robot/robp_group3/install/micro_ros_msgs/lib/python3.12/site-packages/micro_ros_msgs/_micro_ros_msgs_s.ep.rosidl_typesupport_c.c
[19.332s] -- Symlinking: /home/group3-robot/robp_group3/install/micro_ros_msgs/lib/python3.12/site-packages/micro_ros_msgs/_micro_ros_msgs_s.ep.rosidl_typesupport_fastrtps_c.c
[19.379s] -- Symlinking: /home/group3-robot/robp_group3/install/micro_ros_msgs/lib/python3.12/site-packages/micro_ros_msgs/_micro_ros_msgs_s.ep.rosidl_typesupport_introspection_c.c
[19.394s] -- Symlinking: /home/group3-robot/robp_group3/install/micro_ros_msgs/lib/python3.12/site-packages/micro_ros_msgs/micro_ros_msgs_s__rosidl_typesupport_c.so
[19.507s] -- Symlinking: /home/group3-robot/robp_group3/install/micro_ros_msgs/lib/python3.12/site-packages/micro_ros_msgs/micro_ros_msgs_s__rosidl_typesupport_fastrtps_c.so
[19.551s] -- Symlinking: /home/group3-robot/robp_group3/install/micro_ros_msgs/lib/python3.12/site-packages/micro_ros_msgs/micro_ros_msgs_s__rosidl_typesupport_introspection_c.so
[19.571s] -- Symlinking: /home/group3-robot/robp_group3/install/micro_ros_msgs/lib/python3.12/site-packages/micro_ros_msgs/msg/__init__.py
[19.598s] -- Symlinking: /home/group3-robot/robp_group3/install/micro_ros_msgs/lib/python3.12/site-packages/micro_ros_msgs/msg/_entity.py
[19.626s] -- Symlinking: /home/group3-robot/robp_group3/install/micro_ros_msgs/lib/python3.12/site-packages/micro_ros_msgs/msg/_entity_s.c
[19.657s] -- Symlinking: /home/group3-robot/robp_group3/install/micro_ros_msgs/lib/python3.12/site-packages/micro_ros_msgs/msg/_graph.py
[19.681s] -- Symlinking: /home/group3-robot/robp_group3/install/micro_ros_msgs/lib/python3.12/site-packages/micro_ros_msgs/msg/_graph_s.c
[19.714s] -- Symlinking: /home/group3-robot/robp_group3/install/micro_ros_msgs/lib/python3.12/site-packages/micro_ros_msgs/msg/_node.py
[19.741s] -- Symlinking: /home/group3-robot/robp_group3/install/micro_ros_msgs/lib/python3.12/site-packages/micro_ros_msgs/msg/_node_s.c
[19.764s] -- Up-to-date symlink: /home/group3-robot/robp_group3/install/micro_ros_msgs/lib/python3.12/site-packages/micro_ros_msgs/micro_ros_msgs_s__rosidl_typesupport_fastrtps_c.so
[19.765s] -- Up-to-date symlink: /home/group3-robot/robp_group3/install/micro_ros_msgs/lib/python3.12/site-packages/micro_ros_msgs/micro_ros_msgs_s__rosidl_typesupport_introspection_c.so
[19.766s] -- Up-to-date symlink: /home/group3-robot/robp_group3/install/micro_ros_msgs/lib/python3.12/site-packages/micro_ros_msgs/micro_ros_msgs_s__rosidl_typesupport_c.so
[19.767s] -- Symlinking: /home/group3-robot/robp_group3/install/micro_ros_msgs/share/micro_ros_msgs/msg/Graph.idl
[19.784s] -- Symlinking: /home/group3-robot/robp_group3/install/micro_ros_msgs/share/micro_ros_msgs/msg/Node.idl
[19.809s] -- Symlinking: /home/group3-robot/robp_group3/install/micro_ros_msgs/share/micro_ros_msgs/msg/Entity.idl
[19.833s] -- Symlinking: /home/group3-robot/robp_group3/install/micro_ros_msgs/share/micro_ros_msgs/msg/Graph.msg
[19.861s] -- Symlinking: /home/group3-robot/robp_group3/install/micro_ros_msgs/share/micro_ros_msgs/msg/Node.msg
[19.889s] -- Symlinking: /home/group3-robot/robp_group3/install/micro_ros_msgs/share/micro_ros_msgs/msg/Entity.msg
[19.934s] -- Symlinking: /home/group3-robot/robp_group3/install/micro_ros_msgs/share/ament_index/resource_index/package_run_dependencies/micro_ros_msgs
[19.969s] -- Symlinking: /home/group3-robot/robp_group3/install/micro_ros_msgs/share/ament_index/resource_index/parent_prefix_path/micro_ros_msgs
[20.022s] -- Symlinking: /home/group3-robot/robp_group3/install/micro_ros_msgs/share/micro_ros_msgs/environment/ament_prefix_path.sh
[20.082s] -- Symlinking: /home/group3-robot/robp_group3/install/micro_ros_msgs/share/micro_ros_msgs/environment/ament_prefix_path.dsv
[20.115s] -- Symlinking: /home/group3-robot/robp_group3/install/micro_ros_msgs/share/micro_ros_msgs/environment/path.sh
[20.169s] -- Symlinking: /home/group3-robot/robp_group3/install/micro_ros_msgs/share/micro_ros_msgs/environment/path.dsv
[20.202s] -- Symlinking: /home/group3-robot/robp_group3/install/micro_ros_msgs/share/micro_ros_msgs/local_setup.bash
[20.223s] -- Symlinking: /home/group3-robot/robp_group3/install/micro_ros_msgs/share/micro_ros_msgs/local_setup.sh
[20.250s] -- Symlinking: /home/group3-robot/robp_group3/install/micro_ros_msgs/share/micro_ros_msgs/local_setup.zsh
[20.277s] -- Symlinking: /home/group3-robot/robp_group3/install/micro_ros_msgs/share/micro_ros_msgs/local_setup.dsv
[20.306s] -- Symlinking: /home/group3-robot/robp_group3/install/micro_ros_msgs/share/micro_ros_msgs/package.dsv
[20.331s] -- Symlinking: /home/group3-robot/robp_group3/install/micro_ros_msgs/share/ament_index/resource_index/packages/micro_ros_msgs
[20.363s] -- Symlinking: /home/group3-robot/robp_group3/install/micro_ros_msgs/share/micro_ros_msgs/cmake/rosidl_cmake-extras.cmake
[20.395s] -- Symlinking: /home/group3-robot/robp_group3/install/micro_ros_msgs/share/micro_ros_msgs/cmake/ament_cmake_export_include_directories-extras.cmake
[20.436s] -- Symlinking: /home/group3-robot/robp_group3/install/micro_ros_msgs/share/micro_ros_msgs/cmake/ament_cmake_export_libraries-extras.cmake
[20.487s] -- Symlinking: /home/group3-robot/robp_group3/install/micro_ros_msgs/share/micro_ros_msgs/cmake/ament_cmake_export_targets-extras.cmake
[20.517s] -- Symlinking: /home/group3-robot/robp_group3/install/micro_ros_msgs/share/micro_ros_msgs/cmake/rosidl_cmake_export_typesupport_targets-extras.cmake
[20.545s] -- Symlinking: /home/group3-robot/robp_group3/install/micro_ros_msgs/share/micro_ros_msgs/cmake/ament_cmake_export_dependencies-extras.cmake
[20.557s] -- Symlinking: /home/group3-robot/robp_group3/install/micro_ros_msgs/share/micro_ros_msgs/cmake/rosidl_cmake_export_typesupport_libraries-extras.cmake
[20.571s] -- Symlinking: /home/group3-robot/robp_group3/install/micro_ros_msgs/share/micro_ros_msgs/cmake/micro_ros_msgsConfig.cmake
[20.584s] -- Symlinking: /home/group3-robot/robp_group3/install/micro_ros_msgs/share/micro_ros_msgs/cmake/micro_ros_msgsConfig-version.cmake
[20.596s] -- Symlinking: /home/group3-robot/robp_group3/install/micro_ros_msgs/share/micro_ros_msgs/package.xml
[20.609s] -- Installing: /home/group3-robot/robp_group3/install/micro_ros_msgs/lib/libmicro_ros_msgs__rosidl_generator_c.so
[20.610s] -- Set non-toolchain portion of runtime path of "/home/group3-robot/robp_group3/install/micro_ros_msgs/lib/libmicro_ros_msgs__rosidl_generator_c.so" to ""
[20.611s] -- Installing: /home/group3-robot/robp_group3/install/micro_ros_msgs/lib/libmicro_ros_msgs__rosidl_typesupport_fastrtps_c.so
[20.611s] -- Set non-toolchain portion of runtime path of "/home/group3-robot/robp_group3/install/micro_ros_msgs/lib/libmicro_ros_msgs__rosidl_typesupport_fastrtps_c.so" to ""
[20.611s] -- Installing: /home/group3-robot/robp_group3/install/micro_ros_msgs/lib/libmicro_ros_msgs__rosidl_typesupport_introspection_c.so
[20.612s] -- Set non-toolchain portion of runtime path of "/home/group3-robot/robp_group3/install/micro_ros_msgs/lib/libmicro_ros_msgs__rosidl_typesupport_introspection_c.so" to ""
[20.613s] -- Installing: /home/group3-robot/robp_group3/install/micro_ros_msgs/lib/libmicro_ros_msgs__rosidl_typesupport_c.so
[20.613s] -- Set non-toolchain portion of runtime path of "/home/group3-robot/robp_group3/install/micro_ros_msgs/lib/libmicro_ros_msgs__rosidl_typesupport_c.so" to ""
[20.613s] -- Installing: /home/group3-robot/robp_group3/install/micro_ros_msgs/lib/libmicro_ros_msgs__rosidl_typesupport_fastrtps_cpp.so
[20.614s] -- Set non-toolchain portion of runtime path of "/home/group3-robot/robp_group3/install/micro_ros_msgs/lib/libmicro_ros_msgs__rosidl_typesupport_fastrtps_cpp.so" to ""
[20.614s] -- Installing: /home/group3-robot/robp_group3/install/micro_ros_msgs/lib/libmicro_ros_msgs__rosidl_typesupport_introspection_cpp.so
[20.615s] -- Set non-toolchain portion of runtime path of "/home/group3-robot/robp_group3/install/micro_ros_msgs/lib/libmicro_ros_msgs__rosidl_typesupport_introspection_cpp.so" to ""
[20.615s] -- Installing: /home/group3-robot/robp_group3/install/micro_ros_msgs/lib/libmicro_ros_msgs__rosidl_typesupport_cpp.so
[20.615s] -- Set non-toolchain portion of runtime path of "/home/group3-robot/robp_group3/install/micro_ros_msgs/lib/libmicro_ros_msgs__rosidl_typesupport_cpp.so" to ""
[20.703s] Listing '/home/group3-robot/robp_group3/install/micro_ros_msgs/lib/python3.12/site-packages/micro_ros_msgs'...
[20.703s] Compiling '/home/group3-robot/robp_group3/install/micro_ros_msgs/lib/python3.12/site-packages/micro_ros_msgs/__init__.py'...
[20.703s] Listing '/home/group3-robot/robp_group3/install/micro_ros_msgs/lib/python3.12/site-packages/micro_ros_msgs/msg'...
[20.703s] Compiling '/home/group3-robot/robp_group3/install/micro_ros_msgs/lib/python3.12/site-packages/micro_ros_msgs/msg/__init__.py'...
[20.703s] Compiling '/home/group3-robot/robp_group3/install/micro_ros_msgs/lib/python3.12/site-packages/micro_ros_msgs/msg/_entity.py'...
[20.703s] Compiling '/home/group3-robot/robp_group3/install/micro_ros_msgs/lib/python3.12/site-packages/micro_ros_msgs/msg/_graph.py'...
[20.703s] Compiling '/home/group3-robot/robp_group3/install/micro_ros_msgs/lib/python3.12/site-packages/micro_ros_msgs/msg/_node.py'...
[20.713s] -- Installing: /home/group3-robot/robp_group3/install/micro_ros_msgs/lib/libmicro_ros_msgs__rosidl_generator_py.so
[20.713s] -- Set non-toolchain portion of runtime path of "/home/group3-robot/robp_group3/install/micro_ros_msgs/lib/libmicro_ros_msgs__rosidl_generator_py.so" to ""
[20.714s] -- Installing: /home/group3-robot/robp_group3/install/micro_ros_msgs/share/micro_ros_msgs/cmake/export_micro_ros_msgs__rosidl_generator_cExport.cmake
[20.714s] -- Installing: /home/group3-robot/robp_group3/install/micro_ros_msgs/share/micro_ros_msgs/cmake/export_micro_ros_msgs__rosidl_generator_cExport-noconfig.cmake
[20.714s] -- Installing: /home/group3-robot/robp_group3/install/micro_ros_msgs/share/micro_ros_msgs/cmake/export_micro_ros_msgs__rosidl_typesupport_fastrtps_cExport.cmake
[20.715s] -- Installing: /home/group3-robot/robp_group3/install/micro_ros_msgs/share/micro_ros_msgs/cmake/export_micro_ros_msgs__rosidl_typesupport_fastrtps_cExport-noconfig.cmake
[20.715s] -- Installing: /home/group3-robot/robp_group3/install/micro_ros_msgs/share/micro_ros_msgs/cmake/micro_ros_msgs__rosidl_typesupport_introspection_cExport.cmake
[20.715s] -- Installing: /home/group3-robot/robp_group3/install/micro_ros_msgs/share/micro_ros_msgs/cmake/micro_ros_msgs__rosidl_typesupport_introspection_cExport-noconfig.cmake
[20.716s] -- Installing: /home/group3-robot/robp_group3/install/micro_ros_msgs/share/micro_ros_msgs/cmake/micro_ros_msgs__rosidl_typesupport_cExport.cmake
[20.716s] -- Installing: /home/group3-robot/robp_group3/install/micro_ros_msgs/share/micro_ros_msgs/cmake/micro_ros_msgs__rosidl_typesupport_cExport-noconfig.cmake
[20.716s] -- Installing: /home/group3-robot/robp_group3/install/micro_ros_msgs/share/micro_ros_msgs/cmake/export_micro_ros_msgs__rosidl_generator_cppExport.cmake
[20.717s] -- Installing: /home/group3-robot/robp_group3/install/micro_ros_msgs/share/micro_ros_msgs/cmake/export_micro_ros_msgs__rosidl_typesupport_fastrtps_cppExport.cmake
[20.717s] -- Installing: /home/group3-robot/robp_group3/install/micro_ros_msgs/share/micro_ros_msgs/cmake/export_micro_ros_msgs__rosidl_typesupport_fastrtps_cppExport-noconfig.cmake
[20.717s] -- Installing: /home/group3-robot/robp_group3/install/micro_ros_msgs/share/micro_ros_msgs/cmake/micro_ros_msgs__rosidl_typesupport_introspection_cppExport.cmake
[20.718s] -- Installing: /home/group3-robot/robp_group3/install/micro_ros_msgs/share/micro_ros_msgs/cmake/micro_ros_msgs__rosidl_typesupport_introspection_cppExport-noconfig.cmake
[20.735s] -- Installing: /home/group3-robot/robp_group3/install/micro_ros_msgs/share/micro_ros_msgs/cmake/micro_ros_msgs__rosidl_typesupport_cppExport.cmake
[20.735s] -- Installing: /home/group3-robot/robp_group3/install/micro_ros_msgs/share/micro_ros_msgs/cmake/micro_ros_msgs__rosidl_typesupport_cppExport-noconfig.cmake
[20.735s] -- Installing: /home/group3-robot/robp_group3/install/micro_ros_msgs/share/micro_ros_msgs/cmake/export_micro_ros_msgs__rosidl_generator_pyExport.cmake
[20.735s] -- Installing: /home/group3-robot/robp_group3/install/micro_ros_msgs/share/micro_ros_msgs/cmake/export_micro_ros_msgs__rosidl_generator_pyExport-noconfig.cmake
[20.740s] Invoked command in '/home/group3-robot/robp_group3/build/micro_ros_msgs' returned '0': CMAKE_PREFIX_PATH=${CMAKE_PREFIX_PATH}:/home/group3-robot/robp_group3/robp_ws/install/py_trees_ros_viewer:/home/group3-robot/robp_group3/robp_ws/install/handle_objects:/home/group3-robot/robp_group3/robp_ws/install/py_trees:/home/group3-robot/robp_group3/install/py_trees_ros_viewer:/home/group3-robot/robp_group3/install/behavior_tree:/home/group3-robot/robp_group3/install/handle_objects:/home/group3-robot/robp_group3/install/py_trees:/home/group3-robot/robp_group3/robp_ws/install/robp_launch:/home/group3-robot/robp_group3/robp_ws/install/odometry:/home/group3-robot/robp_group3/robp_ws/install/robp_boot_camp_launch:/home/group3-robot/robp_group3/robp_ws/install/path_planner:/home/group3-robot/robp_group3/robp_ws/install/mapping:/home/group3-robot/robp_group3/robp_ws/install/joystick_teleop:/home/group3-robot/robp_group3/robp_ws/install/detection:/home/group3-robot/robp_group3/robp_ws/install/arm_servos_pubs_subs:/home/group3-robot/robp_group3/robp_ws/install/arm_controller:/home/group3-robot/dd2419_ws/install/robp_launch:/home/group3-robot/dd2419_ws/install/odometry:/home/group3-robot/dd2419_ws/install/joystick_teleop:/home/group3-robot/dd2419_ws/install/detection:/home/group3-robot/dd2419_ws/install/arm_servos_pubs_subs:/home/group3-robot/dd2419_ws/install/arm_controller:/home/group3-robot/robp_group3/install/robp_launch:/home/group3-robot/robp_group3/install/odometry:/home/group3-robot/robp_group3/install/robp_boot_camp_launch:/home/group3-robot/robp_group3/install/path_planner:/home/group3-robot/robp_group3/install/mapping:/home/group3-robot/robp_group3/install/joystick_teleop:/home/group3-robot/robp_group3/install/detection:/home/group3-robot/robp_group3/install/arm_servos_pubs_subs:/home/group3-robot/robp_group3/install/arm_controller:/opt/ros/jazzy DEBUGINFOD_URLS=https://debuginfod.ubuntu.com /usr/bin/cmake --install /home/group3-robot/robp_group3/build/micro_ros_msgs
