[0.029s] Invoking command in '/home/group3-robot/robp_group3/build/robp_phidgets_encoders': AMENT_PREFIX_PATH=/home/group3-robot/robp_group3/install/robp_interfaces:${AMENT_PREFIX_PATH} CMAKE_PREFIX_PATH=/home/group3-robot/robp_group3/install/robp_interfaces:/opt/ros/jazzy/opt/gz_math_vendor:/opt/ros/jazzy/opt/gz_utils_vendor:/opt/ros/jazzy/opt/gz_cmake_vendor:/opt/ros/jazzy DEBUGINFOD_URLS=https://debuginfod.ubuntu.com LD_LIBRARY_PATH=/home/group3-robot/robp_group3/install/robp_interfaces/lib:${LD_LIBRARY_PATH} PYTHONPATH=/home/group3-robot/robp_group3/install/robp_interfaces/lib/python3.12/site-packages:${PYTHONPATH} /usr/bin/cmake /home/group3-robot/robp_group3/robp_ws/src/robp_robot/robp_phidgets/robp_phidgets_encoders -DCMAKE_INSTALL_PREFIX=/home/group3-robot/robp_group3/install/robp_phidgets_encoders
[0.090s] -- Found ament_cmake_ros: 0.12.0 (/opt/ros/jazzy/share/ament_cmake_ros/cmake)
[0.538s] -- Override CMake install command with custom implementation using symlinks instead of copying resources
[0.559s] -- Found libphidget22: 2.3.3 (/opt/ros/jazzy/share/libphidget22/cmake)
[0.559s] -- Found phidgets_api: 2.3.3 (/opt/ros/jazzy/share/phidgets_api/cmake)
[0.567s] -- Found rclcpp: 28.1.6 (/opt/ros/jazzy/share/rclcpp/cmake)
[0.621s] -- Found rosidl_generator_c: 4.6.5 (/opt/ros/jazzy/share/rosidl_generator_c/cmake)
[0.634s] -- Found rosidl_generator_cpp: 4.6.5 (/opt/ros/jazzy/share/rosidl_generator_cpp/cmake)
[0.649s] -- Using all available rosidl_typesupport_c: rosidl_typesupport_fastrtps_c;rosidl_typesupport_introspection_c
[0.668s] -- Using all available rosidl_typesupport_cpp: rosidl_typesupport_fastrtps_cpp;rosidl_typesupport_introspection_cpp
[0.750s] -- Found rmw_implementation_cmake: 7.3.1 (/opt/ros/jazzy/share/rmw_implementation_cmake/cmake)
[0.752s] -- Found rmw_fastrtps_cpp: 8.4.1 (/opt/ros/jazzy/share/rmw_fastrtps_cpp/cmake)
[0.846s] -- Using RMW implementation 'rmw_fastrtps_cpp' as default
[0.933s] -- Found rclcpp_components: 28.1.6 (/opt/ros/jazzy/share/rclcpp_components/cmake)
[0.969s] -- Found robp_interfaces: 1.0.0 (/home/group3-robot/robp_group3/install/robp_interfaces/share/robp_interfaces/cmake)
[1.137s] -- Configuring done (1.1s)
[1.171s] -- Generating done (0.0s)
[1.178s] -- Build files have been written to: /home/group3-robot/robp_group3/build/robp_phidgets_encoders
[1.208s] Invoked command in '/home/group3-robot/robp_group3/build/robp_phidgets_encoders' returned '0': AMENT_PREFIX_PATH=/home/group3-robot/robp_group3/install/robp_interfaces:${AMENT_PREFIX_PATH} CMAKE_PREFIX_PATH=/home/group3-robot/robp_group3/install/robp_interfaces:/opt/ros/jazzy/opt/gz_math_vendor:/opt/ros/jazzy/opt/gz_utils_vendor:/opt/ros/jazzy/opt/gz_cmake_vendor:/opt/ros/jazzy DEBUGINFOD_URLS=https://debuginfod.ubuntu.com LD_LIBRARY_PATH=/home/group3-robot/robp_group3/install/robp_interfaces/lib:${LD_LIBRARY_PATH} PYTHONPATH=/home/group3-robot/robp_group3/install/robp_interfaces/lib/python3.12/site-packages:${PYTHONPATH} /usr/bin/cmake /home/group3-robot/robp_group3/robp_ws/src/robp_robot/robp_phidgets/robp_phidgets_encoders -DCMAKE_INSTALL_PREFIX=/home/group3-robot/robp_group3/install/robp_phidgets_encoders
[1.209s] Invoking command in '/home/group3-robot/robp_group3/build/robp_phidgets_encoders': AMENT_PREFIX_PATH=/home/group3-robot/robp_group3/install/robp_interfaces:${AMENT_PREFIX_PATH} CMAKE_PREFIX_PATH=/home/group3-robot/robp_group3/install/robp_interfaces:/opt/ros/jazzy/opt/gz_math_vendor:/opt/ros/jazzy/opt/gz_utils_vendor:/opt/ros/jazzy/opt/gz_cmake_vendor:/opt/ros/jazzy DEBUGINFOD_URLS=https://debuginfod.ubuntu.com LD_LIBRARY_PATH=/home/group3-robot/robp_group3/install/robp_interfaces/lib:${LD_LIBRARY_PATH} PYTHONPATH=/home/group3-robot/robp_group3/install/robp_interfaces/lib/python3.12/site-packages:${PYTHONPATH} /usr/bin/cmake --build /home/group3-robot/robp_group3/build/robp_phidgets_encoders -- -j8 -l8
[1.336s] [ 33%] [32m[1mLinking CXX shared library librobp_phidgets_encoders.so[0m
[1.766s] [100%] Built target robp_phidgets_encoders
[1.782s] Invoked command in '/home/group3-robot/robp_group3/build/robp_phidgets_encoders' returned '0': AMENT_PREFIX_PATH=/home/group3-robot/robp_group3/install/robp_interfaces:${AMENT_PREFIX_PATH} CMAKE_PREFIX_PATH=/home/group3-robot/robp_group3/install/robp_interfaces:/opt/ros/jazzy/opt/gz_math_vendor:/opt/ros/jazzy/opt/gz_utils_vendor:/opt/ros/jazzy/opt/gz_cmake_vendor:/opt/ros/jazzy DEBUGINFOD_URLS=https://debuginfod.ubuntu.com LD_LIBRARY_PATH=/home/group3-robot/robp_group3/install/robp_interfaces/lib:${LD_LIBRARY_PATH} PYTHONPATH=/home/group3-robot/robp_group3/install/robp_interfaces/lib/python3.12/site-packages:${PYTHONPATH} /usr/bin/cmake --build /home/group3-robot/robp_group3/build/robp_phidgets_encoders -- -j8 -l8
[1.782s] Invoking command in '/home/group3-robot/robp_group3/build/robp_phidgets_encoders': AMENT_PREFIX_PATH=/home/group3-robot/robp_group3/install/robp_interfaces:${AMENT_PREFIX_PATH} CMAKE_PREFIX_PATH=/home/group3-robot/robp_group3/install/robp_interfaces:/opt/ros/jazzy/opt/gz_math_vendor:/opt/ros/jazzy/opt/gz_utils_vendor:/opt/ros/jazzy/opt/gz_cmake_vendor:/opt/ros/jazzy DEBUGINFOD_URLS=https://debuginfod.ubuntu.com LD_LIBRARY_PATH=/home/group3-robot/robp_group3/install/robp_interfaces/lib:${LD_LIBRARY_PATH} PYTHONPATH=/home/group3-robot/robp_group3/install/robp_interfaces/lib/python3.12/site-packages:${PYTHONPATH} /usr/bin/cmake --install /home/group3-robot/robp_group3/build/robp_phidgets_encoders
[2.224s] -- Install configuration: "Release"
[2.225s] -- Execute custom install script
[2.225s] -- Up-to-date symlink: /home/group3-robot/robp_group3/install/robp_phidgets_encoders/lib/librobp_phidgets_encoders.so
[2.225s] -- Up-to-date symlink: /home/group3-robot/robp_group3/install/robp_phidgets_encoders/include/robp_phidgets_encoders/encoder.hpp
[2.225s] -- Up-to-date symlink: /home/group3-robot/robp_group3/install/robp_phidgets_encoders/include/robp_phidgets_encoders/encoders.hpp
[2.225s] -- Up-to-date symlink: /home/group3-robot/robp_group3/install/robp_phidgets_encoders/share/robp_phidgets_encoders/launch/encoders_launch.py
[2.225s] -- Up-to-date symlink: /home/group3-robot/robp_group3/install/robp_phidgets_encoders/share/ament_index/resource_index/package_run_dependencies/robp_phidgets_encoders
[2.225s] -- Up-to-date symlink: /home/group3-robot/robp_group3/install/robp_phidgets_encoders/share/ament_index/resource_index/parent_prefix_path/robp_phidgets_encoders
[2.228s] -- Up-to-date symlink: /home/group3-robot/robp_group3/install/robp_phidgets_encoders/share/robp_phidgets_encoders/environment/ament_prefix_path.sh
[2.228s] -- Up-to-date symlink: /home/group3-robot/robp_group3/install/robp_phidgets_encoders/share/robp_phidgets_encoders/environment/ament_prefix_path.dsv
[2.228s] -- Up-to-date symlink: /home/group3-robot/robp_group3/install/robp_phidgets_encoders/share/robp_phidgets_encoders/environment/path.sh
[2.228s] -- Up-to-date symlink: /home/group3-robot/robp_group3/install/robp_phidgets_encoders/share/robp_phidgets_encoders/environment/path.dsv
[2.228s] -- Up-to-date symlink: /home/group3-robot/robp_group3/install/robp_phidgets_encoders/share/robp_phidgets_encoders/local_setup.bash
[2.228s] -- Up-to-date symlink: /home/group3-robot/robp_group3/install/robp_phidgets_encoders/share/robp_phidgets_encoders/local_setup.sh
[2.228s] -- Up-to-date symlink: /home/group3-robot/robp_group3/install/robp_phidgets_encoders/share/robp_phidgets_encoders/local_setup.zsh
[2.228s] -- Up-to-date symlink: /home/group3-robot/robp_group3/install/robp_phidgets_encoders/share/robp_phidgets_encoders/local_setup.dsv
[2.228s] -- Symlinking: /home/group3-robot/robp_group3/install/robp_phidgets_encoders/share/robp_phidgets_encoders/package.dsv
[2.229s] -- Up-to-date symlink: /home/group3-robot/robp_group3/install/robp_phidgets_encoders/share/ament_index/resource_index/packages/robp_phidgets_encoders
[2.229s] -- Up-to-date symlink: /home/group3-robot/robp_group3/install/robp_phidgets_encoders/share/ament_index/resource_index/rclcpp_components/robp_phidgets_encoders
[2.229s] -- Up-to-date symlink: /home/group3-robot/robp_group3/install/robp_phidgets_encoders/share/robp_phidgets_encoders/cmake/robp_phidgets_encodersConfig.cmake
[2.229s] -- Up-to-date symlink: /home/group3-robot/robp_group3/install/robp_phidgets_encoders/share/robp_phidgets_encoders/cmake/robp_phidgets_encodersConfig-version.cmake
[2.229s] -- Up-to-date symlink: /home/group3-robot/robp_group3/install/robp_phidgets_encoders/share/robp_phidgets_encoders/package.xml
[2.229s] Invoked command in '/home/group3-robot/robp_group3/build/robp_phidgets_encoders' returned '0': AMENT_PREFIX_PATH=/home/group3-robot/robp_group3/install/robp_interfaces:${AMENT_PREFIX_PATH} CMAKE_PREFIX_PATH=/home/group3-robot/robp_group3/install/robp_interfaces:/opt/ros/jazzy/opt/gz_math_vendor:/opt/ros/jazzy/opt/gz_utils_vendor:/opt/ros/jazzy/opt/gz_cmake_vendor:/opt/ros/jazzy DEBUGINFOD_URLS=https://debuginfod.ubuntu.com LD_LIBRARY_PATH=/home/group3-robot/robp_group3/install/robp_interfaces/lib:${LD_LIBRARY_PATH} PYTHONPATH=/home/group3-robot/robp_group3/install/robp_interfaces/lib/python3.12/site-packages:${PYTHONPATH} /usr/bin/cmake --install /home/group3-robot/robp_group3/build/robp_phidgets_encoders
