[0.248s] Invoking command in '/home/group3-robot/robp_group3/build/micro_ros_msgs': CMAKE_PREFIX_PATH=${CMAKE_PREFIX_PATH}:/home/group3-robot/robp_group3/install/robp_launch:/home/group3-robot/robp_group3/install/odometry:/home/group3-robot/robp_group3/install/robp_boot_camp_launch:/home/group3-robot/robp_group3/install/behavior_tree:/home/group3-robot/robp_group3/install/path_planner:/home/group3-robot/robp_group3/install/mapping:/home/group3-robot/robp_group3/install/joystick_teleop:/home/group3-robot/robp_group3/install/handle_objects:/home/group3-robot/robp_group3/install/detection:/home/group3-robot/robp_group3/install/arm_servos_pubs_subs:/home/group3-robot/robp_group3/install/arm_controller:/home/group3-robot/robp_group3/robp_ws/install/robp_launch:/home/group3-robot/robp_group3/robp_ws/install/odometry:/home/group3-robot/robp_group3/robp_ws/install/path_planner:/home/group3-robot/robp_group3/robp_ws/install/mapping:/home/group3-robot/robp_group3/robp_ws/install/joystick_teleop:/home/group3-robot/robp_group3/robp_ws/install/behavior_tree:/home/group3-robot/robp_group3/robp_ws/install/handle_objects:/home/group3-robot/robp_group3/robp_ws/install/detection:/home/group3-robot/robp_group3/robp_ws/install/arm_servos_pubs_subs:/home/group3-robot/robp_group3/robp_ws/install/arm_controller:/opt/ros/jazzy DEBUGINFOD_URLS=https://debuginfod.ubuntu.com /usr/bin/cmake --build /home/group3-robot/robp_group3/build/micro_ros_msgs -- -j8 -l8
[0.898s] [  1%] Built target micro_ros_msgs__rosidl_generator_type_description
[0.898s] [  1%] Built target ament_cmake_python_symlink_micro_ros_msgs
[0.898s] [  3%] Built target micro_ros_msgs__cpp
[0.898s] [ 24%] Built target micro_ros_msgs__rosidl_generator_c
[0.898s] [ 33%] Built target micro_ros_msgs__rosidl_typesupport_c
[0.898s] [ 42%] Built target micro_ros_msgs__rosidl_typesupport_cpp
[0.898s] [ 51%] Built target micro_ros_msgs__rosidl_typesupport_introspection_c
[0.898s] [ 61%] Built target micro_ros_msgs__rosidl_typesupport_fastrtps_c
[0.898s] [ 70%] Built target micro_ros_msgs__rosidl_typesupport_fastrtps_cpp
[0.898s] [ 79%] Built target micro_ros_msgs__rosidl_typesupport_introspection_cpp
[0.898s] [ 79%] Built target micro_ros_msgs
[0.898s] [ 81%] Built target micro_ros_msgs__py
[0.898s] [ 88%] Built target micro_ros_msgs__rosidl_generator_py
[0.898s] [ 92%] Built target micro_ros_msgs_s__rosidl_typesupport_introspection_c
[0.899s] [ 96%] Built target micro_ros_msgs_s__rosidl_typesupport_c
[0.899s] [100%] Built target micro_ros_msgs_s__rosidl_typesupport_fastrtps_c
[0.899s] running egg_info
[0.899s] writing micro_ros_msgs.egg-info/PKG-INFO
[0.899s] writing dependency_links to micro_ros_msgs.egg-info/dependency_links.txt
[0.899s] writing top-level names to micro_ros_msgs.egg-info/top_level.txt
[0.899s] reading manifest file 'micro_ros_msgs.egg-info/SOURCES.txt'
[0.899s] writing manifest file 'micro_ros_msgs.egg-info/SOURCES.txt'
[0.899s] [100%] Built target ament_cmake_python_build_micro_ros_msgs_egg
[1.092s] Invoked command in '/home/group3-robot/robp_group3/build/micro_ros_msgs' returned '0': CMAKE_PREFIX_PATH=${CMAKE_PREFIX_PATH}:/home/group3-robot/robp_group3/install/robp_launch:/home/group3-robot/robp_group3/install/odometry:/home/group3-robot/robp_group3/install/robp_boot_camp_launch:/home/group3-robot/robp_group3/install/behavior_tree:/home/group3-robot/robp_group3/install/path_planner:/home/group3-robot/robp_group3/install/mapping:/home/group3-robot/robp_group3/install/joystick_teleop:/home/group3-robot/robp_group3/install/handle_objects:/home/group3-robot/robp_group3/install/detection:/home/group3-robot/robp_group3/install/arm_servos_pubs_subs:/home/group3-robot/robp_group3/install/arm_controller:/home/group3-robot/robp_group3/robp_ws/install/robp_launch:/home/group3-robot/robp_group3/robp_ws/install/odometry:/home/group3-robot/robp_group3/robp_ws/install/path_planner:/home/group3-robot/robp_group3/robp_ws/install/mapping:/home/group3-robot/robp_group3/robp_ws/install/joystick_teleop:/home/group3-robot/robp_group3/robp_ws/install/behavior_tree:/home/group3-robot/robp_group3/robp_ws/install/handle_objects:/home/group3-robot/robp_group3/robp_ws/install/detection:/home/group3-robot/robp_group3/robp_ws/install/arm_servos_pubs_subs:/home/group3-robot/robp_group3/robp_ws/install/arm_controller:/opt/ros/jazzy DEBUGINFOD_URLS=https://debuginfod.ubuntu.com /usr/bin/cmake --build /home/group3-robot/robp_group3/build/micro_ros_msgs -- -j8 -l8
[1.093s] Invoking command in '/home/group3-robot/robp_group3/build/micro_ros_msgs': CMAKE_PREFIX_PATH=${CMAKE_PREFIX_PATH}:/home/group3-robot/robp_group3/install/robp_launch:/home/group3-robot/robp_group3/install/odometry:/home/group3-robot/robp_group3/install/robp_boot_camp_launch:/home/group3-robot/robp_group3/install/behavior_tree:/home/group3-robot/robp_group3/install/path_planner:/home/group3-robot/robp_group3/install/mapping:/home/group3-robot/robp_group3/install/joystick_teleop:/home/group3-robot/robp_group3/install/handle_objects:/home/group3-robot/robp_group3/install/detection:/home/group3-robot/robp_group3/install/arm_servos_pubs_subs:/home/group3-robot/robp_group3/install/arm_controller:/home/group3-robot/robp_group3/robp_ws/install/robp_launch:/home/group3-robot/robp_group3/robp_ws/install/odometry:/home/group3-robot/robp_group3/robp_ws/install/path_planner:/home/group3-robot/robp_group3/robp_ws/install/mapping:/home/group3-robot/robp_group3/robp_ws/install/joystick_teleop:/home/group3-robot/robp_group3/robp_ws/install/behavior_tree:/home/group3-robot/robp_group3/robp_ws/install/handle_objects:/home/group3-robot/robp_group3/robp_ws/install/detection:/home/group3-robot/robp_group3/robp_ws/install/arm_servos_pubs_subs:/home/group3-robot/robp_group3/robp_ws/install/arm_controller:/opt/ros/jazzy DEBUGINFOD_URLS=https://debuginfod.ubuntu.com /usr/bin/cmake --install /home/group3-robot/robp_group3/build/micro_ros_msgs
[1.100s] -- Install configuration: ""
[1.101s] -- Execute custom install script
[1.101s] -- Up-to-date symlink: /home/group3-robot/robp_group3/install/micro_ros_msgs/share/ament_index/resource_index/rosidl_interfaces/micro_ros_msgs
[1.101s] -- Up-to-date symlink: /home/group3-robot/robp_group3/install/micro_ros_msgs/share/micro_ros_msgs/msg/Graph.json
[1.102s] -- Up-to-date symlink: /home/group3-robot/robp_group3/install/micro_ros_msgs/share/micro_ros_msgs/msg/Node.json
[1.104s] -- Up-to-date symlink: /home/group3-robot/robp_group3/install/micro_ros_msgs/share/micro_ros_msgs/msg/Entity.json
[1.106s] -- Up-to-date symlink: /home/group3-robot/robp_group3/install/micro_ros_msgs/include/micro_ros_msgs/micro_ros_msgs/msg/detail/entity__functions.h
[1.106s] -- Up-to-date symlink: /home/group3-robot/robp_group3/install/micro_ros_msgs/include/micro_ros_msgs/micro_ros_msgs/msg/detail/entity__struct.h
[1.106s] -- Up-to-date symlink: /home/group3-robot/robp_group3/install/micro_ros_msgs/include/micro_ros_msgs/micro_ros_msgs/msg/detail/entity__type_support.h
[1.106s] -- Up-to-date symlink: /home/group3-robot/robp_group3/install/micro_ros_msgs/include/micro_ros_msgs/micro_ros_msgs/msg/detail/graph__functions.h
[1.107s] -- Up-to-date symlink: /home/group3-robot/robp_group3/install/micro_ros_msgs/include/micro_ros_msgs/micro_ros_msgs/msg/detail/graph__struct.h
[1.117s] -- Up-to-date symlink: /home/group3-robot/robp_group3/install/micro_ros_msgs/include/micro_ros_msgs/micro_ros_msgs/msg/detail/graph__type_support.h
[1.117s] -- Up-to-date symlink: /home/group3-robot/robp_group3/install/micro_ros_msgs/include/micro_ros_msgs/micro_ros_msgs/msg/detail/node__functions.h
[1.117s] -- Up-to-date symlink: /home/group3-robot/robp_group3/install/micro_ros_msgs/include/micro_ros_msgs/micro_ros_msgs/msg/detail/node__struct.h
[1.117s] -- Up-to-date symlink: /home/group3-robot/robp_group3/install/micro_ros_msgs/include/micro_ros_msgs/micro_ros_msgs/msg/detail/node__type_support.h
[1.117s] -- Up-to-date symlink: /home/group3-robot/robp_group3/install/micro_ros_msgs/include/micro_ros_msgs/micro_ros_msgs/msg/entity.h
[1.117s] -- Up-to-date symlink: /home/group3-robot/robp_group3/install/micro_ros_msgs/include/micro_ros_msgs/micro_ros_msgs/msg/graph.h
[1.118s] -- Up-to-date symlink: /home/group3-robot/robp_group3/install/micro_ros_msgs/include/micro_ros_msgs/micro_ros_msgs/msg/node.h
[1.118s] -- Up-to-date symlink: /home/group3-robot/robp_group3/install/micro_ros_msgs/include/micro_ros_msgs/micro_ros_msgs/msg/rosidl_generator_c__visibility_control.h
[1.122s] -- Up-to-date symlink: /home/group3-robot/robp_group3/install/micro_ros_msgs/share/micro_ros_msgs/environment/library_path.sh
[1.122s] -- Up-to-date symlink: /home/group3-robot/robp_group3/install/micro_ros_msgs/share/micro_ros_msgs/environment/library_path.dsv
[1.122s] -- Up-to-date symlink: /home/group3-robot/robp_group3/install/micro_ros_msgs/include/micro_ros_msgs/micro_ros_msgs/msg/detail/entity__rosidl_typesupport_fastrtps_c.h
[1.123s] -- Up-to-date symlink: /home/group3-robot/robp_group3/install/micro_ros_msgs/include/micro_ros_msgs/micro_ros_msgs/msg/detail/graph__rosidl_typesupport_fastrtps_c.h
[1.123s] -- Up-to-date symlink: /home/group3-robot/robp_group3/install/micro_ros_msgs/include/micro_ros_msgs/micro_ros_msgs/msg/detail/node__rosidl_typesupport_fastrtps_c.h
[1.123s] -- Up-to-date symlink: /home/group3-robot/robp_group3/install/micro_ros_msgs/include/micro_ros_msgs/micro_ros_msgs/msg/rosidl_typesupport_fastrtps_c__visibility_control.h
[1.123s] -- Up-to-date symlink: /home/group3-robot/robp_group3/install/micro_ros_msgs/include/micro_ros_msgs/micro_ros_msgs/msg/detail/entity__rosidl_typesupport_introspection_c.h
[1.123s] -- Up-to-date symlink: /home/group3-robot/robp_group3/install/micro_ros_msgs/include/micro_ros_msgs/micro_ros_msgs/msg/detail/graph__rosidl_typesupport_introspection_c.h
[1.123s] -- Up-to-date symlink: /home/group3-robot/robp_group3/install/micro_ros_msgs/include/micro_ros_msgs/micro_ros_msgs/msg/detail/node__rosidl_typesupport_introspection_c.h
[1.123s] -- Up-to-date symlink: /home/group3-robot/robp_group3/install/micro_ros_msgs/include/micro_ros_msgs/micro_ros_msgs/msg/rosidl_typesupport_introspection_c__visibility_control.h
[1.123s] -- Up-to-date symlink: /home/group3-robot/robp_group3/install/micro_ros_msgs/include/micro_ros_msgs/micro_ros_msgs/msg/detail/entity__builder.hpp
[1.123s] -- Up-to-date symlink: /home/group3-robot/robp_group3/install/micro_ros_msgs/include/micro_ros_msgs/micro_ros_msgs/msg/detail/entity__struct.hpp
[1.124s] -- Up-to-date symlink: /home/group3-robot/robp_group3/install/micro_ros_msgs/include/micro_ros_msgs/micro_ros_msgs/msg/detail/entity__traits.hpp
[1.124s] -- Up-to-date symlink: /home/group3-robot/robp_group3/install/micro_ros_msgs/include/micro_ros_msgs/micro_ros_msgs/msg/detail/entity__type_support.hpp
[1.124s] -- Up-to-date symlink: /home/group3-robot/robp_group3/install/micro_ros_msgs/include/micro_ros_msgs/micro_ros_msgs/msg/detail/graph__builder.hpp
[1.124s] -- Up-to-date symlink: /home/group3-robot/robp_group3/install/micro_ros_msgs/include/micro_ros_msgs/micro_ros_msgs/msg/detail/graph__struct.hpp
[1.124s] -- Up-to-date symlink: /home/group3-robot/robp_group3/install/micro_ros_msgs/include/micro_ros_msgs/micro_ros_msgs/msg/detail/graph__traits.hpp
[1.124s] -- Up-to-date symlink: /home/group3-robot/robp_group3/install/micro_ros_msgs/include/micro_ros_msgs/micro_ros_msgs/msg/detail/graph__type_support.hpp
[1.124s] -- Up-to-date symlink: /home/group3-robot/robp_group3/install/micro_ros_msgs/include/micro_ros_msgs/micro_ros_msgs/msg/detail/node__builder.hpp
[1.124s] -- Up-to-date symlink: /home/group3-robot/robp_group3/install/micro_ros_msgs/include/micro_ros_msgs/micro_ros_msgs/msg/detail/node__struct.hpp
[1.124s] -- Up-to-date symlink: /home/group3-robot/robp_group3/install/micro_ros_msgs/include/micro_ros_msgs/micro_ros_msgs/msg/detail/node__traits.hpp
[1.125s] -- Up-to-date symlink: /home/group3-robot/robp_group3/install/micro_ros_msgs/include/micro_ros_msgs/micro_ros_msgs/msg/detail/node__type_support.hpp
[1.125s] -- Up-to-date symlink: /home/group3-robot/robp_group3/install/micro_ros_msgs/include/micro_ros_msgs/micro_ros_msgs/msg/entity.hpp
[1.125s] -- Up-to-date symlink: /home/group3-robot/robp_group3/install/micro_ros_msgs/include/micro_ros_msgs/micro_ros_msgs/msg/graph.hpp
[1.125s] -- Up-to-date symlink: /home/group3-robot/robp_group3/install/micro_ros_msgs/include/micro_ros_msgs/micro_ros_msgs/msg/node.hpp
[1.125s] -- Up-to-date symlink: /home/group3-robot/robp_group3/install/micro_ros_msgs/include/micro_ros_msgs/micro_ros_msgs/msg/rosidl_generator_cpp__visibility_control.hpp
[1.125s] -- Up-to-date symlink: /home/group3-robot/robp_group3/install/micro_ros_msgs/include/micro_ros_msgs/micro_ros_msgs/msg/detail/entity__rosidl_typesupport_fastrtps_cpp.hpp
[1.132s] -- Up-to-date symlink: /home/group3-robot/robp_group3/install/micro_ros_msgs/include/micro_ros_msgs/micro_ros_msgs/msg/detail/graph__rosidl_typesupport_fastrtps_cpp.hpp
[1.133s] -- Up-to-date symlink: /home/group3-robot/robp_group3/install/micro_ros_msgs/include/micro_ros_msgs/micro_ros_msgs/msg/detail/node__rosidl_typesupport_fastrtps_cpp.hpp
[1.133s] -- Up-to-date symlink: /home/group3-robot/robp_group3/install/micro_ros_msgs/include/micro_ros_msgs/micro_ros_msgs/msg/rosidl_typesupport_fastrtps_cpp__visibility_control.h
[1.134s] -- Up-to-date symlink: /home/group3-robot/robp_group3/install/micro_ros_msgs/include/micro_ros_msgs/micro_ros_msgs/msg/detail/entity__rosidl_typesupport_introspection_cpp.hpp
[1.134s] -- Up-to-date symlink: /home/group3-robot/robp_group3/install/micro_ros_msgs/include/micro_ros_msgs/micro_ros_msgs/msg/detail/graph__rosidl_typesupport_introspection_cpp.hpp
[1.134s] -- Up-to-date symlink: /home/group3-robot/robp_group3/install/micro_ros_msgs/include/micro_ros_msgs/micro_ros_msgs/msg/detail/node__rosidl_typesupport_introspection_cpp.hpp
[1.134s] -- Up-to-date symlink: /home/group3-robot/robp_group3/install/micro_ros_msgs/share/micro_ros_msgs/environment/pythonpath.sh
[1.135s] -- Up-to-date symlink: /home/group3-robot/robp_group3/install/micro_ros_msgs/share/micro_ros_msgs/environment/pythonpath.dsv
[1.136s] -- Up-to-date symlink: /home/group3-robot/robp_group3/install/micro_ros_msgs/lib/python3.12/site-packages/micro_ros_msgs-5.0.2-py3.12.egg-info/PKG-INFO
[1.139s] -- Up-to-date symlink: /home/group3-robot/robp_group3/install/micro_ros_msgs/lib/python3.12/site-packages/micro_ros_msgs-5.0.2-py3.12.egg-info/SOURCES.txt
[1.139s] -- Up-to-date symlink: /home/group3-robot/robp_group3/install/micro_ros_msgs/lib/python3.12/site-packages/micro_ros_msgs-5.0.2-py3.12.egg-info/dependency_links.txt
[1.139s] -- Up-to-date symlink: /home/group3-robot/robp_group3/install/micro_ros_msgs/lib/python3.12/site-packages/micro_ros_msgs-5.0.2-py3.12.egg-info/top_level.txt
[1.141s] -- Up-to-date symlink: /home/group3-robot/robp_group3/install/micro_ros_msgs/lib/python3.12/site-packages/micro_ros_msgs/__init__.py
[1.142s] -- Up-to-date symlink: /home/group3-robot/robp_group3/install/micro_ros_msgs/lib/python3.12/site-packages/micro_ros_msgs/_micro_ros_msgs_s.ep.rosidl_typesupport_c.c
[1.142s] -- Up-to-date symlink: /home/group3-robot/robp_group3/install/micro_ros_msgs/lib/python3.12/site-packages/micro_ros_msgs/_micro_ros_msgs_s.ep.rosidl_typesupport_fastrtps_c.c
[1.142s] -- Up-to-date symlink: /home/group3-robot/robp_group3/install/micro_ros_msgs/lib/python3.12/site-packages/micro_ros_msgs/_micro_ros_msgs_s.ep.rosidl_typesupport_introspection_c.c
[1.142s] -- Up-to-date symlink: /home/group3-robot/robp_group3/install/micro_ros_msgs/lib/python3.12/site-packages/micro_ros_msgs/micro_ros_msgs_s__rosidl_typesupport_c.so
[1.142s] -- Up-to-date symlink: /home/group3-robot/robp_group3/install/micro_ros_msgs/lib/python3.12/site-packages/micro_ros_msgs/micro_ros_msgs_s__rosidl_typesupport_fastrtps_c.so
[1.143s] -- Up-to-date symlink: /home/group3-robot/robp_group3/install/micro_ros_msgs/lib/python3.12/site-packages/micro_ros_msgs/micro_ros_msgs_s__rosidl_typesupport_introspection_c.so
[1.143s] -- Up-to-date symlink: /home/group3-robot/robp_group3/install/micro_ros_msgs/lib/python3.12/site-packages/micro_ros_msgs/msg/__init__.py
[1.144s] -- Up-to-date symlink: /home/group3-robot/robp_group3/install/micro_ros_msgs/lib/python3.12/site-packages/micro_ros_msgs/msg/_entity.py
[1.144s] -- Up-to-date symlink: /home/group3-robot/robp_group3/install/micro_ros_msgs/lib/python3.12/site-packages/micro_ros_msgs/msg/_entity_s.c
[1.144s] -- Up-to-date symlink: /home/group3-robot/robp_group3/install/micro_ros_msgs/lib/python3.12/site-packages/micro_ros_msgs/msg/_graph.py
[1.144s] -- Up-to-date symlink: /home/group3-robot/robp_group3/install/micro_ros_msgs/lib/python3.12/site-packages/micro_ros_msgs/msg/_graph_s.c
[1.144s] -- Up-to-date symlink: /home/group3-robot/robp_group3/install/micro_ros_msgs/lib/python3.12/site-packages/micro_ros_msgs/msg/_node.py
[1.144s] -- Up-to-date symlink: /home/group3-robot/robp_group3/install/micro_ros_msgs/lib/python3.12/site-packages/micro_ros_msgs/msg/_node_s.c
[1.144s] -- Up-to-date symlink: /home/group3-robot/robp_group3/install/micro_ros_msgs/lib/python3.12/site-packages/micro_ros_msgs/micro_ros_msgs_s__rosidl_typesupport_fastrtps_c.so
[1.145s] -- Up-to-date symlink: /home/group3-robot/robp_group3/install/micro_ros_msgs/lib/python3.12/site-packages/micro_ros_msgs/micro_ros_msgs_s__rosidl_typesupport_introspection_c.so
[1.145s] -- Up-to-date symlink: /home/group3-robot/robp_group3/install/micro_ros_msgs/lib/python3.12/site-packages/micro_ros_msgs/micro_ros_msgs_s__rosidl_typesupport_c.so
[1.145s] -- Up-to-date symlink: /home/group3-robot/robp_group3/install/micro_ros_msgs/share/micro_ros_msgs/msg/Graph.idl
[1.149s] -- Up-to-date symlink: /home/group3-robot/robp_group3/install/micro_ros_msgs/share/micro_ros_msgs/msg/Node.idl
[1.149s] -- Up-to-date symlink: /home/group3-robot/robp_group3/install/micro_ros_msgs/share/micro_ros_msgs/msg/Entity.idl
[1.150s] -- Up-to-date symlink: /home/group3-robot/robp_group3/install/micro_ros_msgs/share/micro_ros_msgs/msg/Graph.msg
[1.150s] -- Up-to-date symlink: /home/group3-robot/robp_group3/install/micro_ros_msgs/share/micro_ros_msgs/msg/Node.msg
[1.150s] -- Up-to-date symlink: /home/group3-robot/robp_group3/install/micro_ros_msgs/share/micro_ros_msgs/msg/Entity.msg
[1.150s] -- Up-to-date symlink: /home/group3-robot/robp_group3/install/micro_ros_msgs/share/ament_index/resource_index/package_run_dependencies/micro_ros_msgs
[1.150s] -- Up-to-date symlink: /home/group3-robot/robp_group3/install/micro_ros_msgs/share/ament_index/resource_index/parent_prefix_path/micro_ros_msgs
[1.150s] -- Up-to-date symlink: /home/group3-robot/robp_group3/install/micro_ros_msgs/share/micro_ros_msgs/environment/ament_prefix_path.sh
[1.150s] -- Up-to-date symlink: /home/group3-robot/robp_group3/install/micro_ros_msgs/share/micro_ros_msgs/environment/ament_prefix_path.dsv
[1.150s] -- Up-to-date symlink: /home/group3-robot/robp_group3/install/micro_ros_msgs/share/micro_ros_msgs/environment/path.sh
[1.151s] -- Up-to-date symlink: /home/group3-robot/robp_group3/install/micro_ros_msgs/share/micro_ros_msgs/environment/path.dsv
[1.151s] -- Up-to-date symlink: /home/group3-robot/robp_group3/install/micro_ros_msgs/share/micro_ros_msgs/local_setup.bash
[1.151s] -- Up-to-date symlink: /home/group3-robot/robp_group3/install/micro_ros_msgs/share/micro_ros_msgs/local_setup.sh
[1.151s] -- Up-to-date symlink: /home/group3-robot/robp_group3/install/micro_ros_msgs/share/micro_ros_msgs/local_setup.zsh
[1.151s] -- Up-to-date symlink: /home/group3-robot/robp_group3/install/micro_ros_msgs/share/micro_ros_msgs/local_setup.dsv
[1.151s] -- Symlinking: /home/group3-robot/robp_group3/install/micro_ros_msgs/share/micro_ros_msgs/package.dsv
[1.162s] -- Up-to-date symlink: /home/group3-robot/robp_group3/install/micro_ros_msgs/share/ament_index/resource_index/packages/micro_ros_msgs
[1.164s] -- Up-to-date symlink: /home/group3-robot/robp_group3/install/micro_ros_msgs/share/micro_ros_msgs/cmake/rosidl_cmake-extras.cmake
[1.165s] -- Up-to-date symlink: /home/group3-robot/robp_group3/install/micro_ros_msgs/share/micro_ros_msgs/cmake/ament_cmake_export_include_directories-extras.cmake
[1.169s] -- Up-to-date symlink: /home/group3-robot/robp_group3/install/micro_ros_msgs/share/micro_ros_msgs/cmake/ament_cmake_export_libraries-extras.cmake
[1.170s] -- Up-to-date symlink: /home/group3-robot/robp_group3/install/micro_ros_msgs/share/micro_ros_msgs/cmake/ament_cmake_export_targets-extras.cmake
[1.170s] -- Up-to-date symlink: /home/group3-robot/robp_group3/install/micro_ros_msgs/share/micro_ros_msgs/cmake/rosidl_cmake_export_typesupport_targets-extras.cmake
[1.171s] -- Up-to-date symlink: /home/group3-robot/robp_group3/install/micro_ros_msgs/share/micro_ros_msgs/cmake/ament_cmake_export_dependencies-extras.cmake
[1.172s] -- Up-to-date symlink: /home/group3-robot/robp_group3/install/micro_ros_msgs/share/micro_ros_msgs/cmake/rosidl_cmake_export_typesupport_libraries-extras.cmake
[1.174s] -- Up-to-date symlink: /home/group3-robot/robp_group3/install/micro_ros_msgs/share/micro_ros_msgs/cmake/micro_ros_msgsConfig.cmake
[1.190s] -- Up-to-date symlink: /home/group3-robot/robp_group3/install/micro_ros_msgs/share/micro_ros_msgs/cmake/micro_ros_msgsConfig-version.cmake
[1.190s] -- Up-to-date symlink: /home/group3-robot/robp_group3/install/micro_ros_msgs/share/micro_ros_msgs/package.xml
[1.191s] -- Up-to-date: /home/group3-robot/robp_group3/install/micro_ros_msgs/lib/libmicro_ros_msgs__rosidl_generator_c.so
[1.191s] -- Up-to-date: /home/group3-robot/robp_group3/install/micro_ros_msgs/lib/libmicro_ros_msgs__rosidl_typesupport_fastrtps_c.so
[1.191s] -- Up-to-date: /home/group3-robot/robp_group3/install/micro_ros_msgs/lib/libmicro_ros_msgs__rosidl_typesupport_introspection_c.so
[1.191s] -- Up-to-date: /home/group3-robot/robp_group3/install/micro_ros_msgs/lib/libmicro_ros_msgs__rosidl_typesupport_c.so
[1.192s] -- Up-to-date: /home/group3-robot/robp_group3/install/micro_ros_msgs/lib/libmicro_ros_msgs__rosidl_typesupport_fastrtps_cpp.so
[1.192s] -- Up-to-date: /home/group3-robot/robp_group3/install/micro_ros_msgs/lib/libmicro_ros_msgs__rosidl_typesupport_introspection_cpp.so
[1.192s] -- Up-to-date: /home/group3-robot/robp_group3/install/micro_ros_msgs/lib/libmicro_ros_msgs__rosidl_typesupport_cpp.so
[1.245s] Listing '/home/group3-robot/robp_group3/install/micro_ros_msgs/lib/python3.12/site-packages/micro_ros_msgs'...
[1.245s] Listing '/home/group3-robot/robp_group3/install/micro_ros_msgs/lib/python3.12/site-packages/micro_ros_msgs/msg'...
[1.255s] -- Up-to-date: /home/group3-robot/robp_group3/install/micro_ros_msgs/lib/libmicro_ros_msgs__rosidl_generator_py.so
[1.255s] -- Up-to-date: /home/group3-robot/robp_group3/install/micro_ros_msgs/share/micro_ros_msgs/cmake/export_micro_ros_msgs__rosidl_generator_cExport.cmake
[1.255s] -- Up-to-date: /home/group3-robot/robp_group3/install/micro_ros_msgs/share/micro_ros_msgs/cmake/export_micro_ros_msgs__rosidl_generator_cExport-noconfig.cmake
[1.256s] -- Up-to-date: /home/group3-robot/robp_group3/install/micro_ros_msgs/share/micro_ros_msgs/cmake/export_micro_ros_msgs__rosidl_typesupport_fastrtps_cExport.cmake
[1.256s] -- Up-to-date: /home/group3-robot/robp_group3/install/micro_ros_msgs/share/micro_ros_msgs/cmake/export_micro_ros_msgs__rosidl_typesupport_fastrtps_cExport-noconfig.cmake
[1.256s] -- Up-to-date: /home/group3-robot/robp_group3/install/micro_ros_msgs/share/micro_ros_msgs/cmake/micro_ros_msgs__rosidl_typesupport_introspection_cExport.cmake
[1.257s] -- Up-to-date: /home/group3-robot/robp_group3/install/micro_ros_msgs/share/micro_ros_msgs/cmake/micro_ros_msgs__rosidl_typesupport_introspection_cExport-noconfig.cmake
[1.257s] -- Up-to-date: /home/group3-robot/robp_group3/install/micro_ros_msgs/share/micro_ros_msgs/cmake/micro_ros_msgs__rosidl_typesupport_cExport.cmake
[1.257s] -- Up-to-date: /home/group3-robot/robp_group3/install/micro_ros_msgs/share/micro_ros_msgs/cmake/micro_ros_msgs__rosidl_typesupport_cExport-noconfig.cmake
[1.257s] -- Up-to-date: /home/group3-robot/robp_group3/install/micro_ros_msgs/share/micro_ros_msgs/cmake/export_micro_ros_msgs__rosidl_generator_cppExport.cmake
[1.257s] -- Up-to-date: /home/group3-robot/robp_group3/install/micro_ros_msgs/share/micro_ros_msgs/cmake/export_micro_ros_msgs__rosidl_typesupport_fastrtps_cppExport.cmake
[1.257s] -- Up-to-date: /home/group3-robot/robp_group3/install/micro_ros_msgs/share/micro_ros_msgs/cmake/export_micro_ros_msgs__rosidl_typesupport_fastrtps_cppExport-noconfig.cmake
[1.257s] -- Up-to-date: /home/group3-robot/robp_group3/install/micro_ros_msgs/share/micro_ros_msgs/cmake/micro_ros_msgs__rosidl_typesupport_introspection_cppExport.cmake
[1.257s] -- Up-to-date: /home/group3-robot/robp_group3/install/micro_ros_msgs/share/micro_ros_msgs/cmake/micro_ros_msgs__rosidl_typesupport_introspection_cppExport-noconfig.cmake
[1.257s] -- Up-to-date: /home/group3-robot/robp_group3/install/micro_ros_msgs/share/micro_ros_msgs/cmake/micro_ros_msgs__rosidl_typesupport_cppExport.cmake
[1.257s] -- Up-to-date: /home/group3-robot/robp_group3/install/micro_ros_msgs/share/micro_ros_msgs/cmake/micro_ros_msgs__rosidl_typesupport_cppExport-noconfig.cmake
[1.257s] -- Up-to-date: /home/group3-robot/robp_group3/install/micro_ros_msgs/share/micro_ros_msgs/cmake/export_micro_ros_msgs__rosidl_generator_pyExport.cmake
[1.258s] -- Up-to-date: /home/group3-robot/robp_group3/install/micro_ros_msgs/share/micro_ros_msgs/cmake/export_micro_ros_msgs__rosidl_generator_pyExport-noconfig.cmake
[1.299s] Invoked command in '/home/group3-robot/robp_group3/build/micro_ros_msgs' returned '0': CMAKE_PREFIX_PATH=${CMAKE_PREFIX_PATH}:/home/group3-robot/robp_group3/install/robp_launch:/home/group3-robot/robp_group3/install/odometry:/home/group3-robot/robp_group3/install/robp_boot_camp_launch:/home/group3-robot/robp_group3/install/behavior_tree:/home/group3-robot/robp_group3/install/path_planner:/home/group3-robot/robp_group3/install/mapping:/home/group3-robot/robp_group3/install/joystick_teleop:/home/group3-robot/robp_group3/install/handle_objects:/home/group3-robot/robp_group3/install/detection:/home/group3-robot/robp_group3/install/arm_servos_pubs_subs:/home/group3-robot/robp_group3/install/arm_controller:/home/group3-robot/robp_group3/robp_ws/install/robp_launch:/home/group3-robot/robp_group3/robp_ws/install/odometry:/home/group3-robot/robp_group3/robp_ws/install/path_planner:/home/group3-robot/robp_group3/robp_ws/install/mapping:/home/group3-robot/robp_group3/robp_ws/install/joystick_teleop:/home/group3-robot/robp_group3/robp_ws/install/behavior_tree:/home/group3-robot/robp_group3/robp_ws/install/handle_objects:/home/group3-robot/robp_group3/robp_ws/install/detection:/home/group3-robot/robp_group3/robp_ws/install/arm_servos_pubs_subs:/home/group3-robot/robp_group3/robp_ws/install/arm_controller:/opt/ros/jazzy DEBUGINFOD_URLS=https://debuginfod.ubuntu.com /usr/bin/cmake --install /home/group3-robot/robp_group3/build/micro_ros_msgs
