[0.803s] Invoking command in '/home/group3-robot/robp_group3/build/drive_base_msgs': CMAKE_PREFIX_PATH=${CMAKE_PREFIX_PATH}:/home/group3-robot/robp_group3/robp_ws/install/robp_launch:/home/group3-robot/robp_group3/robp_ws/install/odometry:/home/group3-robot/robp_group3/robp_ws/install/path_planner:/home/group3-robot/robp_group3/robp_ws/install/joystick_teleop:/home/group3-robot/robp_group3/robp_ws/install/detection:/home/group3-robot/robp_group3/robp_ws/install/arm_servos_pubs_subs:/home/group3-robot/robp_group3/robp_ws/install/arm_controller:/home/group3-robot/dd2419_ws/install/robp_launch:/home/group3-robot/dd2419_ws/install/odometry:/home/group3-robot/dd2419_ws/install/joystick_teleop:/home/group3-robot/dd2419_ws/install/detection:/home/group3-robot/dd2419_ws/install/arm_servos_pubs_subs:/home/group3-robot/dd2419_ws/install/arm_controller:/opt/ros/jazzy DEBUGINFOD_URLS=https://debuginfod.ubuntu.com /usr/bin/cmake --build /home/group3-robot/robp_group3/build/drive_base_msgs -- -j8 -l8
[0.863s] [  1%] Built target drive_base_msgs__rosidl_generator_type_description
[0.872s] [  1%] Built target ament_cmake_python_symlink_drive_base_msgs
[0.884s] [  3%] Built target drive_base_msgs__cpp
[0.893s] [ 25%] Built target drive_base_msgs__rosidl_generator_c
[0.935s] [ 34%] Built target drive_base_msgs__rosidl_typesupport_fastrtps_cpp
[0.948s] [ 43%] Built target drive_base_msgs__rosidl_typesupport_introspection_cpp
[0.948s] [ 53%] Built target drive_base_msgs__rosidl_typesupport_introspection_c
[0.951s] [ 62%] Built target drive_base_msgs__rosidl_typesupport_c
[0.952s] [ 71%] Built target drive_base_msgs__rosidl_typesupport_cpp
[0.963s] [ 81%] Built target drive_base_msgs__rosidl_typesupport_fastrtps_c
[0.988s] [ 81%] Built target drive_base_msgs
[1.014s] [ 82%] Built target drive_base_msgs__py
[1.048s] [ 90%] Built target drive_base_msgs__rosidl_generator_py
[1.076s] [ 93%] Built target drive_base_msgs_s__rosidl_typesupport_fastrtps_c
[1.083s] [ 96%] Built target drive_base_msgs_s__rosidl_typesupport_introspection_c
[1.088s] [100%] Built target drive_base_msgs_s__rosidl_typesupport_c
[1.187s] running egg_info
[1.234s] writing drive_base_msgs.egg-info/PKG-INFO
[1.234s] writing dependency_links to drive_base_msgs.egg-info/dependency_links.txt
[1.234s] writing top-level names to drive_base_msgs.egg-info/top_level.txt
[1.400s] reading manifest file 'drive_base_msgs.egg-info/SOURCES.txt'
[1.401s] writing manifest file 'drive_base_msgs.egg-info/SOURCES.txt'
[1.442s] [100%] Built target ament_cmake_python_build_drive_base_msgs_egg
[1.676s] Invoked command in '/home/group3-robot/robp_group3/build/drive_base_msgs' returned '0': CMAKE_PREFIX_PATH=${CMAKE_PREFIX_PATH}:/home/group3-robot/robp_group3/robp_ws/install/robp_launch:/home/group3-robot/robp_group3/robp_ws/install/odometry:/home/group3-robot/robp_group3/robp_ws/install/path_planner:/home/group3-robot/robp_group3/robp_ws/install/joystick_teleop:/home/group3-robot/robp_group3/robp_ws/install/detection:/home/group3-robot/robp_group3/robp_ws/install/arm_servos_pubs_subs:/home/group3-robot/robp_group3/robp_ws/install/arm_controller:/home/group3-robot/dd2419_ws/install/robp_launch:/home/group3-robot/dd2419_ws/install/odometry:/home/group3-robot/dd2419_ws/install/joystick_teleop:/home/group3-robot/dd2419_ws/install/detection:/home/group3-robot/dd2419_ws/install/arm_servos_pubs_subs:/home/group3-robot/dd2419_ws/install/arm_controller:/opt/ros/jazzy DEBUGINFOD_URLS=https://debuginfod.ubuntu.com /usr/bin/cmake --build /home/group3-robot/robp_group3/build/drive_base_msgs -- -j8 -l8
[1.677s] Invoking command in '/home/group3-robot/robp_group3/build/drive_base_msgs': CMAKE_PREFIX_PATH=${CMAKE_PREFIX_PATH}:/home/group3-robot/robp_group3/robp_ws/install/robp_launch:/home/group3-robot/robp_group3/robp_ws/install/odometry:/home/group3-robot/robp_group3/robp_ws/install/path_planner:/home/group3-robot/robp_group3/robp_ws/install/joystick_teleop:/home/group3-robot/robp_group3/robp_ws/install/detection:/home/group3-robot/robp_group3/robp_ws/install/arm_servos_pubs_subs:/home/group3-robot/robp_group3/robp_ws/install/arm_controller:/home/group3-robot/dd2419_ws/install/robp_launch:/home/group3-robot/dd2419_ws/install/odometry:/home/group3-robot/dd2419_ws/install/joystick_teleop:/home/group3-robot/dd2419_ws/install/detection:/home/group3-robot/dd2419_ws/install/arm_servos_pubs_subs:/home/group3-robot/dd2419_ws/install/arm_controller:/opt/ros/jazzy DEBUGINFOD_URLS=https://debuginfod.ubuntu.com /usr/bin/cmake --install /home/group3-robot/robp_group3/build/drive_base_msgs
[1.701s] -- Install configuration: ""
[1.703s] -- Execute custom install script
[1.704s] -- Up-to-date symlink: /home/group3-robot/robp_group3/install/drive_base_msgs/share/ament_index/resource_index/rosidl_interfaces/drive_base_msgs
[1.705s] -- Up-to-date symlink: /home/group3-robot/robp_group3/install/drive_base_msgs/share/drive_base_msgs/msg/CommandHeader.json
[1.705s] -- Up-to-date symlink: /home/group3-robot/robp_group3/install/drive_base_msgs/share/drive_base_msgs/msg/BaseInfo.json
[1.707s] -- Up-to-date symlink: /home/group3-robot/robp_group3/install/drive_base_msgs/share/drive_base_msgs/msg/CommandStatus.json
[1.709s] -- Up-to-date symlink: /home/group3-robot/robp_group3/install/drive_base_msgs/share/drive_base_msgs/msg/TRVCommand.json
[1.710s] -- Up-to-date symlink: /home/group3-robot/robp_group3/install/drive_base_msgs/include/drive_base_msgs/drive_base_msgs/msg/base_info.h
[1.710s] -- Up-to-date symlink: /home/group3-robot/robp_group3/install/drive_base_msgs/include/drive_base_msgs/drive_base_msgs/msg/command_header.h
[1.710s] -- Up-to-date symlink: /home/group3-robot/robp_group3/install/drive_base_msgs/include/drive_base_msgs/drive_base_msgs/msg/command_status.h
[1.710s] -- Up-to-date symlink: /home/group3-robot/robp_group3/install/drive_base_msgs/include/drive_base_msgs/drive_base_msgs/msg/detail/base_info__functions.h
[1.710s] -- Up-to-date symlink: /home/group3-robot/robp_group3/install/drive_base_msgs/include/drive_base_msgs/drive_base_msgs/msg/detail/base_info__struct.h
[1.710s] -- Up-to-date symlink: /home/group3-robot/robp_group3/install/drive_base_msgs/include/drive_base_msgs/drive_base_msgs/msg/detail/base_info__type_support.h
[1.710s] -- Up-to-date symlink: /home/group3-robot/robp_group3/install/drive_base_msgs/include/drive_base_msgs/drive_base_msgs/msg/detail/command_header__functions.h
[1.710s] -- Up-to-date symlink: /home/group3-robot/robp_group3/install/drive_base_msgs/include/drive_base_msgs/drive_base_msgs/msg/detail/command_header__struct.h
[1.710s] -- Up-to-date symlink: /home/group3-robot/robp_group3/install/drive_base_msgs/include/drive_base_msgs/drive_base_msgs/msg/detail/command_header__type_support.h
[1.710s] -- Up-to-date symlink: /home/group3-robot/robp_group3/install/drive_base_msgs/include/drive_base_msgs/drive_base_msgs/msg/detail/command_status__functions.h
[1.711s] -- Up-to-date symlink: /home/group3-robot/robp_group3/install/drive_base_msgs/include/drive_base_msgs/drive_base_msgs/msg/detail/command_status__struct.h
[1.711s] -- Up-to-date symlink: /home/group3-robot/robp_group3/install/drive_base_msgs/include/drive_base_msgs/drive_base_msgs/msg/detail/command_status__type_support.h
[1.711s] -- Up-to-date symlink: /home/group3-robot/robp_group3/install/drive_base_msgs/include/drive_base_msgs/drive_base_msgs/msg/detail/trv_command__functions.h
[1.711s] -- Up-to-date symlink: /home/group3-robot/robp_group3/install/drive_base_msgs/include/drive_base_msgs/drive_base_msgs/msg/detail/trv_command__struct.h
[1.711s] -- Up-to-date symlink: /home/group3-robot/robp_group3/install/drive_base_msgs/include/drive_base_msgs/drive_base_msgs/msg/detail/trv_command__type_support.h
[1.711s] -- Up-to-date symlink: /home/group3-robot/robp_group3/install/drive_base_msgs/include/drive_base_msgs/drive_base_msgs/msg/rosidl_generator_c__visibility_control.h
[1.711s] -- Up-to-date symlink: /home/group3-robot/robp_group3/install/drive_base_msgs/include/drive_base_msgs/drive_base_msgs/msg/trv_command.h
[1.711s] -- Up-to-date symlink: /home/group3-robot/robp_group3/install/drive_base_msgs/share/drive_base_msgs/environment/library_path.sh
[1.711s] -- Up-to-date symlink: /home/group3-robot/robp_group3/install/drive_base_msgs/share/drive_base_msgs/environment/library_path.dsv
[1.711s] -- Up-to-date symlink: /home/group3-robot/robp_group3/install/drive_base_msgs/include/drive_base_msgs/drive_base_msgs/msg/detail/base_info__rosidl_typesupport_fastrtps_c.h
[1.712s] -- Up-to-date symlink: /home/group3-robot/robp_group3/install/drive_base_msgs/include/drive_base_msgs/drive_base_msgs/msg/detail/command_header__rosidl_typesupport_fastrtps_c.h
[1.712s] -- Up-to-date symlink: /home/group3-robot/robp_group3/install/drive_base_msgs/include/drive_base_msgs/drive_base_msgs/msg/detail/command_status__rosidl_typesupport_fastrtps_c.h
[1.712s] -- Up-to-date symlink: /home/group3-robot/robp_group3/install/drive_base_msgs/include/drive_base_msgs/drive_base_msgs/msg/detail/trv_command__rosidl_typesupport_fastrtps_c.h
[1.712s] -- Up-to-date symlink: /home/group3-robot/robp_group3/install/drive_base_msgs/include/drive_base_msgs/drive_base_msgs/msg/rosidl_typesupport_fastrtps_c__visibility_control.h
[1.712s] -- Up-to-date symlink: /home/group3-robot/robp_group3/install/drive_base_msgs/include/drive_base_msgs/drive_base_msgs/msg/base_info.hpp
[1.712s] -- Up-to-date symlink: /home/group3-robot/robp_group3/install/drive_base_msgs/include/drive_base_msgs/drive_base_msgs/msg/command_header.hpp
[1.712s] -- Up-to-date symlink: /home/group3-robot/robp_group3/install/drive_base_msgs/include/drive_base_msgs/drive_base_msgs/msg/command_status.hpp
[1.712s] -- Up-to-date symlink: /home/group3-robot/robp_group3/install/drive_base_msgs/include/drive_base_msgs/drive_base_msgs/msg/detail/base_info__builder.hpp
[1.712s] -- Up-to-date symlink: /home/group3-robot/robp_group3/install/drive_base_msgs/include/drive_base_msgs/drive_base_msgs/msg/detail/base_info__struct.hpp
[1.712s] -- Up-to-date symlink: /home/group3-robot/robp_group3/install/drive_base_msgs/include/drive_base_msgs/drive_base_msgs/msg/detail/base_info__traits.hpp
[1.713s] -- Up-to-date symlink: /home/group3-robot/robp_group3/install/drive_base_msgs/include/drive_base_msgs/drive_base_msgs/msg/detail/base_info__type_support.hpp
[1.713s] -- Up-to-date symlink: /home/group3-robot/robp_group3/install/drive_base_msgs/include/drive_base_msgs/drive_base_msgs/msg/detail/command_header__builder.hpp
[1.713s] -- Up-to-date symlink: /home/group3-robot/robp_group3/install/drive_base_msgs/include/drive_base_msgs/drive_base_msgs/msg/detail/command_header__struct.hpp
[1.713s] -- Up-to-date symlink: /home/group3-robot/robp_group3/install/drive_base_msgs/include/drive_base_msgs/drive_base_msgs/msg/detail/command_header__traits.hpp
[1.717s] -- Up-to-date symlink: /home/group3-robot/robp_group3/install/drive_base_msgs/include/drive_base_msgs/drive_base_msgs/msg/detail/command_header__type_support.hpp
[1.718s] -- Up-to-date symlink: /home/group3-robot/robp_group3/install/drive_base_msgs/include/drive_base_msgs/drive_base_msgs/msg/detail/command_status__builder.hpp
[1.718s] -- Up-to-date symlink: /home/group3-robot/robp_group3/install/drive_base_msgs/include/drive_base_msgs/drive_base_msgs/msg/detail/command_status__struct.hpp
[1.719s] -- Up-to-date symlink: /home/group3-robot/robp_group3/install/drive_base_msgs/include/drive_base_msgs/drive_base_msgs/msg/detail/command_status__traits.hpp
[1.719s] -- Up-to-date symlink: /home/group3-robot/robp_group3/install/drive_base_msgs/include/drive_base_msgs/drive_base_msgs/msg/detail/command_status__type_support.hpp
[1.719s] -- Up-to-date symlink: /home/group3-robot/robp_group3/install/drive_base_msgs/include/drive_base_msgs/drive_base_msgs/msg/detail/trv_command__builder.hpp
[1.720s] -- Up-to-date symlink: /home/group3-robot/robp_group3/install/drive_base_msgs/include/drive_base_msgs/drive_base_msgs/msg/detail/trv_command__struct.hpp
[1.720s] -- Up-to-date symlink: /home/group3-robot/robp_group3/install/drive_base_msgs/include/drive_base_msgs/drive_base_msgs/msg/detail/trv_command__traits.hpp
[1.720s] -- Up-to-date symlink: /home/group3-robot/robp_group3/install/drive_base_msgs/include/drive_base_msgs/drive_base_msgs/msg/detail/trv_command__type_support.hpp
[1.720s] -- Up-to-date symlink: /home/group3-robot/robp_group3/install/drive_base_msgs/include/drive_base_msgs/drive_base_msgs/msg/rosidl_generator_cpp__visibility_control.hpp
[1.720s] -- Up-to-date symlink: /home/group3-robot/robp_group3/install/drive_base_msgs/include/drive_base_msgs/drive_base_msgs/msg/trv_command.hpp
[1.720s] -- Up-to-date symlink: /home/group3-robot/robp_group3/install/drive_base_msgs/include/drive_base_msgs/drive_base_msgs/msg/detail/base_info__rosidl_typesupport_fastrtps_cpp.hpp
[1.721s] -- Up-to-date symlink: /home/group3-robot/robp_group3/install/drive_base_msgs/include/drive_base_msgs/drive_base_msgs/msg/detail/command_header__rosidl_typesupport_fastrtps_cpp.hpp
[1.721s] -- Up-to-date symlink: /home/group3-robot/robp_group3/install/drive_base_msgs/include/drive_base_msgs/drive_base_msgs/msg/detail/command_status__rosidl_typesupport_fastrtps_cpp.hpp
[1.721s] -- Up-to-date symlink: /home/group3-robot/robp_group3/install/drive_base_msgs/include/drive_base_msgs/drive_base_msgs/msg/detail/trv_command__rosidl_typesupport_fastrtps_cpp.hpp
[1.721s] -- Up-to-date symlink: /home/group3-robot/robp_group3/install/drive_base_msgs/include/drive_base_msgs/drive_base_msgs/msg/rosidl_typesupport_fastrtps_cpp__visibility_control.h
[1.721s] -- Up-to-date symlink: /home/group3-robot/robp_group3/install/drive_base_msgs/include/drive_base_msgs/drive_base_msgs/msg/detail/base_info__rosidl_typesupport_introspection_c.h
[1.721s] -- Up-to-date symlink: /home/group3-robot/robp_group3/install/drive_base_msgs/include/drive_base_msgs/drive_base_msgs/msg/detail/command_header__rosidl_typesupport_introspection_c.h
[1.721s] -- Up-to-date symlink: /home/group3-robot/robp_group3/install/drive_base_msgs/include/drive_base_msgs/drive_base_msgs/msg/detail/command_status__rosidl_typesupport_introspection_c.h
[1.721s] -- Up-to-date symlink: /home/group3-robot/robp_group3/install/drive_base_msgs/include/drive_base_msgs/drive_base_msgs/msg/detail/trv_command__rosidl_typesupport_introspection_c.h
[1.721s] -- Up-to-date symlink: /home/group3-robot/robp_group3/install/drive_base_msgs/include/drive_base_msgs/drive_base_msgs/msg/rosidl_typesupport_introspection_c__visibility_control.h
[1.721s] -- Up-to-date symlink: /home/group3-robot/robp_group3/install/drive_base_msgs/include/drive_base_msgs/drive_base_msgs/msg/detail/base_info__rosidl_typesupport_introspection_cpp.hpp
[1.722s] -- Up-to-date symlink: /home/group3-robot/robp_group3/install/drive_base_msgs/include/drive_base_msgs/drive_base_msgs/msg/detail/command_header__rosidl_typesupport_introspection_cpp.hpp
[1.722s] -- Up-to-date symlink: /home/group3-robot/robp_group3/install/drive_base_msgs/include/drive_base_msgs/drive_base_msgs/msg/detail/command_status__rosidl_typesupport_introspection_cpp.hpp
[1.731s] -- Up-to-date symlink: /home/group3-robot/robp_group3/install/drive_base_msgs/include/drive_base_msgs/drive_base_msgs/msg/detail/trv_command__rosidl_typesupport_introspection_cpp.hpp
[1.732s] -- Up-to-date symlink: /home/group3-robot/robp_group3/install/drive_base_msgs/share/drive_base_msgs/environment/pythonpath.sh
[1.732s] -- Up-to-date symlink: /home/group3-robot/robp_group3/install/drive_base_msgs/share/drive_base_msgs/environment/pythonpath.dsv
[1.732s] -- Up-to-date symlink: /home/group3-robot/robp_group3/install/drive_base_msgs/lib/python3.12/site-packages/drive_base_msgs-0.0.0-py3.12.egg-info/PKG-INFO
[1.732s] -- Up-to-date symlink: /home/group3-robot/robp_group3/install/drive_base_msgs/lib/python3.12/site-packages/drive_base_msgs-0.0.0-py3.12.egg-info/SOURCES.txt
[1.732s] -- Up-to-date symlink: /home/group3-robot/robp_group3/install/drive_base_msgs/lib/python3.12/site-packages/drive_base_msgs-0.0.0-py3.12.egg-info/dependency_links.txt
[1.732s] -- Up-to-date symlink: /home/group3-robot/robp_group3/install/drive_base_msgs/lib/python3.12/site-packages/drive_base_msgs-0.0.0-py3.12.egg-info/top_level.txt
[1.732s] -- Up-to-date symlink: /home/group3-robot/robp_group3/install/drive_base_msgs/lib/python3.12/site-packages/drive_base_msgs/__init__.py
[1.732s] -- Up-to-date symlink: /home/group3-robot/robp_group3/install/drive_base_msgs/lib/python3.12/site-packages/drive_base_msgs/_drive_base_msgs_s.ep.rosidl_typesupport_c.c
[1.732s] -- Up-to-date symlink: /home/group3-robot/robp_group3/install/drive_base_msgs/lib/python3.12/site-packages/drive_base_msgs/_drive_base_msgs_s.ep.rosidl_typesupport_fastrtps_c.c
[1.732s] -- Up-to-date symlink: /home/group3-robot/robp_group3/install/drive_base_msgs/lib/python3.12/site-packages/drive_base_msgs/_drive_base_msgs_s.ep.rosidl_typesupport_introspection_c.c
[1.732s] -- Up-to-date symlink: /home/group3-robot/robp_group3/install/drive_base_msgs/lib/python3.12/site-packages/drive_base_msgs/drive_base_msgs_s__rosidl_typesupport_c.so
[1.733s] -- Up-to-date symlink: /home/group3-robot/robp_group3/install/drive_base_msgs/lib/python3.12/site-packages/drive_base_msgs/drive_base_msgs_s__rosidl_typesupport_fastrtps_c.so
[1.733s] -- Up-to-date symlink: /home/group3-robot/robp_group3/install/drive_base_msgs/lib/python3.12/site-packages/drive_base_msgs/drive_base_msgs_s__rosidl_typesupport_introspection_c.so
[1.733s] -- Up-to-date symlink: /home/group3-robot/robp_group3/install/drive_base_msgs/lib/python3.12/site-packages/drive_base_msgs/msg/__init__.py
[1.733s] -- Up-to-date symlink: /home/group3-robot/robp_group3/install/drive_base_msgs/lib/python3.12/site-packages/drive_base_msgs/msg/_base_info.py
[1.733s] -- Up-to-date symlink: /home/group3-robot/robp_group3/install/drive_base_msgs/lib/python3.12/site-packages/drive_base_msgs/msg/_base_info_s.c
[1.733s] -- Up-to-date symlink: /home/group3-robot/robp_group3/install/drive_base_msgs/lib/python3.12/site-packages/drive_base_msgs/msg/_command_header.py
[1.733s] -- Up-to-date symlink: /home/group3-robot/robp_group3/install/drive_base_msgs/lib/python3.12/site-packages/drive_base_msgs/msg/_command_header_s.c
[1.733s] -- Up-to-date symlink: /home/group3-robot/robp_group3/install/drive_base_msgs/lib/python3.12/site-packages/drive_base_msgs/msg/_command_status.py
[1.733s] -- Up-to-date symlink: /home/group3-robot/robp_group3/install/drive_base_msgs/lib/python3.12/site-packages/drive_base_msgs/msg/_command_status_s.c
[1.733s] -- Up-to-date symlink: /home/group3-robot/robp_group3/install/drive_base_msgs/lib/python3.12/site-packages/drive_base_msgs/msg/_trv_command.py
[1.733s] -- Up-to-date symlink: /home/group3-robot/robp_group3/install/drive_base_msgs/lib/python3.12/site-packages/drive_base_msgs/msg/_trv_command_s.c
[1.734s] -- Up-to-date symlink: /home/group3-robot/robp_group3/install/drive_base_msgs/lib/python3.12/site-packages/drive_base_msgs/drive_base_msgs_s__rosidl_typesupport_fastrtps_c.so
[1.734s] -- Up-to-date symlink: /home/group3-robot/robp_group3/install/drive_base_msgs/lib/python3.12/site-packages/drive_base_msgs/drive_base_msgs_s__rosidl_typesupport_introspection_c.so
[1.734s] -- Up-to-date symlink: /home/group3-robot/robp_group3/install/drive_base_msgs/lib/python3.12/site-packages/drive_base_msgs/drive_base_msgs_s__rosidl_typesupport_c.so
[1.734s] -- Up-to-date symlink: /home/group3-robot/robp_group3/install/drive_base_msgs/share/drive_base_msgs/msg/CommandHeader.idl
[1.734s] -- Up-to-date symlink: /home/group3-robot/robp_group3/install/drive_base_msgs/share/drive_base_msgs/msg/BaseInfo.idl
[1.734s] -- Up-to-date symlink: /home/group3-robot/robp_group3/install/drive_base_msgs/share/drive_base_msgs/msg/CommandStatus.idl
[1.734s] -- Up-to-date symlink: /home/group3-robot/robp_group3/install/drive_base_msgs/share/drive_base_msgs/msg/TRVCommand.idl
[1.734s] -- Up-to-date symlink: /home/group3-robot/robp_group3/install/drive_base_msgs/share/drive_base_msgs/msg/CommandHeader.msg
[1.734s] -- Up-to-date symlink: /home/group3-robot/robp_group3/install/drive_base_msgs/share/drive_base_msgs/msg/BaseInfo.msg
[1.735s] -- Up-to-date symlink: /home/group3-robot/robp_group3/install/drive_base_msgs/share/drive_base_msgs/msg/CommandStatus.msg
[1.735s] -- Up-to-date symlink: /home/group3-robot/robp_group3/install/drive_base_msgs/share/drive_base_msgs/msg/TRVCommand.msg
[1.737s] -- Up-to-date symlink: /home/group3-robot/robp_group3/install/drive_base_msgs/share/ament_index/resource_index/package_run_dependencies/drive_base_msgs
[1.737s] -- Up-to-date symlink: /home/group3-robot/robp_group3/install/drive_base_msgs/share/ament_index/resource_index/parent_prefix_path/drive_base_msgs
[1.737s] -- Up-to-date symlink: /home/group3-robot/robp_group3/install/drive_base_msgs/share/drive_base_msgs/environment/ament_prefix_path.sh
[1.737s] -- Up-to-date symlink: /home/group3-robot/robp_group3/install/drive_base_msgs/share/drive_base_msgs/environment/ament_prefix_path.dsv
[1.738s] -- Up-to-date symlink: /home/group3-robot/robp_group3/install/drive_base_msgs/share/drive_base_msgs/environment/path.sh
[1.738s] -- Up-to-date symlink: /home/group3-robot/robp_group3/install/drive_base_msgs/share/drive_base_msgs/environment/path.dsv
[1.738s] -- Up-to-date symlink: /home/group3-robot/robp_group3/install/drive_base_msgs/share/drive_base_msgs/local_setup.bash
[1.738s] -- Up-to-date symlink: /home/group3-robot/robp_group3/install/drive_base_msgs/share/drive_base_msgs/local_setup.sh
[1.738s] -- Up-to-date symlink: /home/group3-robot/robp_group3/install/drive_base_msgs/share/drive_base_msgs/local_setup.zsh
[1.738s] -- Up-to-date symlink: /home/group3-robot/robp_group3/install/drive_base_msgs/share/drive_base_msgs/local_setup.dsv
[1.738s] -- Symlinking: /home/group3-robot/robp_group3/install/drive_base_msgs/share/drive_base_msgs/package.dsv
[1.738s] -- Up-to-date symlink: /home/group3-robot/robp_group3/install/drive_base_msgs/share/ament_index/resource_index/packages/drive_base_msgs
[1.738s] -- Up-to-date symlink: /home/group3-robot/robp_group3/install/drive_base_msgs/share/drive_base_msgs/cmake/rosidl_cmake-extras.cmake
[1.738s] -- Up-to-date symlink: /home/group3-robot/robp_group3/install/drive_base_msgs/share/drive_base_msgs/cmake/ament_cmake_export_dependencies-extras.cmake
[1.738s] -- Up-to-date symlink: /home/group3-robot/robp_group3/install/drive_base_msgs/share/drive_base_msgs/cmake/ament_cmake_export_include_directories-extras.cmake
[1.739s] -- Up-to-date symlink: /home/group3-robot/robp_group3/install/drive_base_msgs/share/drive_base_msgs/cmake/ament_cmake_export_libraries-extras.cmake
[1.739s] -- Up-to-date symlink: /home/group3-robot/robp_group3/install/drive_base_msgs/share/drive_base_msgs/cmake/ament_cmake_export_targets-extras.cmake
[1.739s] -- Up-to-date symlink: /home/group3-robot/robp_group3/install/drive_base_msgs/share/drive_base_msgs/cmake/rosidl_cmake_export_typesupport_targets-extras.cmake
[1.739s] -- Up-to-date symlink: /home/group3-robot/robp_group3/install/drive_base_msgs/share/drive_base_msgs/cmake/rosidl_cmake_export_typesupport_libraries-extras.cmake
[1.739s] -- Up-to-date symlink: /home/group3-robot/robp_group3/install/drive_base_msgs/share/drive_base_msgs/cmake/drive_base_msgsConfig.cmake
[1.739s] -- Up-to-date symlink: /home/group3-robot/robp_group3/install/drive_base_msgs/share/drive_base_msgs/cmake/drive_base_msgsConfig-version.cmake
[1.739s] -- Up-to-date symlink: /home/group3-robot/robp_group3/install/drive_base_msgs/share/drive_base_msgs/package.xml
[1.739s] -- Up-to-date: /home/group3-robot/robp_group3/install/drive_base_msgs/lib/libdrive_base_msgs__rosidl_generator_c.so
[1.740s] -- Up-to-date: /home/group3-robot/robp_group3/install/drive_base_msgs/lib/libdrive_base_msgs__rosidl_typesupport_fastrtps_c.so
[1.740s] -- Up-to-date: /home/group3-robot/robp_group3/install/drive_base_msgs/lib/libdrive_base_msgs__rosidl_typesupport_fastrtps_cpp.so
[1.740s] -- Up-to-date: /home/group3-robot/robp_group3/install/drive_base_msgs/lib/libdrive_base_msgs__rosidl_typesupport_introspection_c.so
[1.740s] -- Up-to-date: /home/group3-robot/robp_group3/install/drive_base_msgs/lib/libdrive_base_msgs__rosidl_typesupport_c.so
[1.740s] -- Up-to-date: /home/group3-robot/robp_group3/install/drive_base_msgs/lib/libdrive_base_msgs__rosidl_typesupport_introspection_cpp.so
[1.740s] -- Up-to-date: /home/group3-robot/robp_group3/install/drive_base_msgs/lib/libdrive_base_msgs__rosidl_typesupport_cpp.so
[1.836s] Listing '/home/group3-robot/robp_group3/install/drive_base_msgs/lib/python3.12/site-packages/drive_base_msgs'...
[1.836s] Listing '/home/group3-robot/robp_group3/install/drive_base_msgs/lib/python3.12/site-packages/drive_base_msgs/msg'...
[1.843s] -- Up-to-date: /home/group3-robot/robp_group3/install/drive_base_msgs/lib/libdrive_base_msgs__rosidl_generator_py.so
[1.844s] -- Up-to-date: /home/group3-robot/robp_group3/install/drive_base_msgs/share/drive_base_msgs/cmake/export_drive_base_msgs__rosidl_generator_cExport.cmake
[1.844s] -- Up-to-date: /home/group3-robot/robp_group3/install/drive_base_msgs/share/drive_base_msgs/cmake/export_drive_base_msgs__rosidl_generator_cExport-noconfig.cmake
[1.844s] -- Up-to-date: /home/group3-robot/robp_group3/install/drive_base_msgs/share/drive_base_msgs/cmake/export_drive_base_msgs__rosidl_typesupport_fastrtps_cExport.cmake
[1.847s] -- Up-to-date: /home/group3-robot/robp_group3/install/drive_base_msgs/share/drive_base_msgs/cmake/export_drive_base_msgs__rosidl_typesupport_fastrtps_cExport-noconfig.cmake
[1.847s] -- Up-to-date: /home/group3-robot/robp_group3/install/drive_base_msgs/share/drive_base_msgs/cmake/export_drive_base_msgs__rosidl_generator_cppExport.cmake
[1.847s] -- Up-to-date: /home/group3-robot/robp_group3/install/drive_base_msgs/share/drive_base_msgs/cmake/export_drive_base_msgs__rosidl_typesupport_fastrtps_cppExport.cmake
[1.848s] -- Up-to-date: /home/group3-robot/robp_group3/install/drive_base_msgs/share/drive_base_msgs/cmake/export_drive_base_msgs__rosidl_typesupport_fastrtps_cppExport-noconfig.cmake
[1.848s] -- Up-to-date: /home/group3-robot/robp_group3/install/drive_base_msgs/share/drive_base_msgs/cmake/drive_base_msgs__rosidl_typesupport_introspection_cExport.cmake
[1.848s] -- Up-to-date: /home/group3-robot/robp_group3/install/drive_base_msgs/share/drive_base_msgs/cmake/drive_base_msgs__rosidl_typesupport_introspection_cExport-noconfig.cmake
[1.848s] -- Up-to-date: /home/group3-robot/robp_group3/install/drive_base_msgs/share/drive_base_msgs/cmake/drive_base_msgs__rosidl_typesupport_cExport.cmake
[1.848s] -- Up-to-date: /home/group3-robot/robp_group3/install/drive_base_msgs/share/drive_base_msgs/cmake/drive_base_msgs__rosidl_typesupport_cExport-noconfig.cmake
[1.848s] -- Up-to-date: /home/group3-robot/robp_group3/install/drive_base_msgs/share/drive_base_msgs/cmake/drive_base_msgs__rosidl_typesupport_introspection_cppExport.cmake
[1.848s] -- Up-to-date: /home/group3-robot/robp_group3/install/drive_base_msgs/share/drive_base_msgs/cmake/drive_base_msgs__rosidl_typesupport_introspection_cppExport-noconfig.cmake
[1.848s] -- Up-to-date: /home/group3-robot/robp_group3/install/drive_base_msgs/share/drive_base_msgs/cmake/drive_base_msgs__rosidl_typesupport_cppExport.cmake
[1.848s] -- Up-to-date: /home/group3-robot/robp_group3/install/drive_base_msgs/share/drive_base_msgs/cmake/drive_base_msgs__rosidl_typesupport_cppExport-noconfig.cmake
[1.848s] -- Up-to-date: /home/group3-robot/robp_group3/install/drive_base_msgs/share/drive_base_msgs/cmake/export_drive_base_msgs__rosidl_generator_pyExport.cmake
[1.849s] -- Up-to-date: /home/group3-robot/robp_group3/install/drive_base_msgs/share/drive_base_msgs/cmake/export_drive_base_msgs__rosidl_generator_pyExport-noconfig.cmake
[1.852s] Invoked command in '/home/group3-robot/robp_group3/build/drive_base_msgs' returned '0': CMAKE_PREFIX_PATH=${CMAKE_PREFIX_PATH}:/home/group3-robot/robp_group3/robp_ws/install/robp_launch:/home/group3-robot/robp_group3/robp_ws/install/odometry:/home/group3-robot/robp_group3/robp_ws/install/path_planner:/home/group3-robot/robp_group3/robp_ws/install/joystick_teleop:/home/group3-robot/robp_group3/robp_ws/install/detection:/home/group3-robot/robp_group3/robp_ws/install/arm_servos_pubs_subs:/home/group3-robot/robp_group3/robp_ws/install/arm_controller:/home/group3-robot/dd2419_ws/install/robp_launch:/home/group3-robot/dd2419_ws/install/odometry:/home/group3-robot/dd2419_ws/install/joystick_teleop:/home/group3-robot/dd2419_ws/install/detection:/home/group3-robot/dd2419_ws/install/arm_servos_pubs_subs:/home/group3-robot/dd2419_ws/install/arm_controller:/opt/ros/jazzy DEBUGINFOD_URLS=https://debuginfod.ubuntu.com /usr/bin/cmake --install /home/group3-robot/robp_group3/build/drive_base_msgs
