[0.042s] Invoking command in '/home/group3-robot/robp_group3/build/usb_cam': CMAKE_PREFIX_PATH=${CMAKE_PREFIX_PATH}:/home/group3-robot/robp_group3/robp_ws/install/robp_launch:/home/group3-robot/robp_group3/robp_ws/install/odometry:/home/group3-robot/robp_group3/robp_ws/install/robp_boot_camp_launch:/home/group3-robot/robp_group3/robp_ws/install/path_planner:/home/group3-robot/robp_group3/robp_ws/install/mapping:/home/group3-robot/robp_group3/robp_ws/install/joystick_teleop:/home/group3-robot/robp_group3/robp_ws/install/detection:/home/group3-robot/robp_group3/robp_ws/install/arm_servos_pubs_subs:/home/group3-robot/robp_group3/robp_ws/install/arm_controller:/home/group3-robot/dd2419_ws/install/robp_launch:/home/group3-robot/dd2419_ws/install/odometry:/home/group3-robot/dd2419_ws/install/joystick_teleop:/home/group3-robot/dd2419_ws/install/detection:/home/group3-robot/dd2419_ws/install/arm_servos_pubs_subs:/home/group3-robot/dd2419_ws/install/arm_controller:/home/group3-robot/robp_group3/install/robp_launch:/home/group3-robot/robp_group3/install/odometry:/home/group3-robot/robp_group3/install/robp_boot_camp_launch:/home/group3-robot/robp_group3/install/path_planner:/home/group3-robot/robp_group3/install/mapping:/home/group3-robot/robp_group3/install/joystick_teleop:/home/group3-robot/robp_group3/install/detection:/home/group3-robot/robp_group3/install/arm_servos_pubs_subs:/home/group3-robot/robp_group3/install/arm_controller:/opt/ros/jazzy DEBUGINFOD_URLS=https://debuginfod.ubuntu.com /usr/bin/cmake /home/group3-robot/robp_group3/robp_ws/src/robp_robot/usb_cam -DAMENT_CMAKE_SYMLINK_INSTALL=1 -DCMAKE_INSTALL_PREFIX=/home/group3-robot/robp_group3/install/usb_cam
[0.221s] -- The C compiler identification is GNU 13.3.0
[0.447s] -- The CXX compiler identification is GNU 13.3.0
[0.486s] -- Detecting C compiler ABI info
[0.725s] -- Detecting C compiler ABI info - done
[0.766s] -- Check for working C compiler: /usr/bin/cc - skipped
[0.766s] -- Detecting C compile features
[0.774s] -- Detecting C compile features - done
[0.800s] -- Detecting CXX compiler ABI info
[1.070s] -- Detecting CXX compiler ABI info - done
[1.104s] -- Check for working CXX compiler: /usr/bin/c++ - skipped
[1.105s] -- Detecting CXX compile features
[1.105s] -- Detecting CXX compile features - done
[1.112s] -- Found ament_cmake_auto: 2.5.3 (/opt/ros/jazzy/share/ament_cmake_auto/cmake)
[1.550s] -- Found Python3: /usr/bin/python3 (found version "3.12.3") found components: Interpreter 
[1.862s] -- Override CMake install command with custom implementation using symlinks instead of copying resources
[2.732s] -- Found rosidl_generator_c: 4.6.5 (/opt/ros/jazzy/share/rosidl_generator_c/cmake)
[2.832s] -- Found rosidl_generator_cpp: 4.6.5 (/opt/ros/jazzy/share/rosidl_generator_cpp/cmake)
[2.960s] -- Using all available rosidl_typesupport_c: rosidl_typesupport_fastrtps_c;rosidl_typesupport_introspection_c
[3.098s] -- Using all available rosidl_typesupport_cpp: rosidl_typesupport_fastrtps_cpp;rosidl_typesupport_introspection_cpp
[3.742s] -- Found rmw_implementation_cmake: 7.3.1 (/opt/ros/jazzy/share/rmw_implementation_cmake/cmake)
[3.790s] -- Found rmw_fastrtps_cpp: 8.4.1 (/opt/ros/jazzy/share/rmw_fastrtps_cpp/cmake)
[4.402s] -- Found OpenSSL: /usr/lib/x86_64-linux-gnu/libcrypto.so (found version "3.0.13")  
[4.564s] -- Found FastRTPS: /opt/ros/jazzy/include (Required is at least version "2.13") 
[4.751s] -- Using RMW implementation 'rmw_fastrtps_cpp' as default
[6.610s] -- Setting yaml-cpp_DIR to: '/opt/ros/jazzy/share/yaml_cpp_vendor/cmake/../../../opt/yaml_cpp_vendor/share/cmake/yaml-cpp'
[7.423s] -- Found rosidl_adapter: 4.6.5 (/opt/ros/jazzy/share/rosidl_adapter/cmake)
[7.450s] -- Found OpenCV: /usr (found version "4.6.0") 
[7.465s] -- Found PkgConfig: /usr/bin/pkg-config (found version "1.8.1") 
[7.466s] -- Checking for module 'libavcodec'
[7.545s] --   Found libavcodec, version 60.31.102
[7.626s] -- Checking for module 'libavutil'
[7.675s] --   Found libavutil, version 58.29.100
[7.812s] -- Checking for module 'libswscale'
[7.927s] --   Found libswscale, version 7.5.100
[8.230s] -- Found ament_lint_auto: 0.17.1 (/opt/ros/jazzy/share/ament_lint_auto/cmake)
[8.434s] -- Found gtest sources under '/opt/ros/jazzy/src/gtest_vendor': C++ tests using 'Google Test' will be built
[8.446s] -- Performing Test CMAKE_HAVE_LIBC_PTHREAD
[8.830s] -- Performing Test CMAKE_HAVE_LIBC_PTHREAD - Success
[8.841s] -- Found Threads: TRUE  
[8.906s] -- Added test 'copyright' to check source files copyright and LICENSE
[8.923s] -- Added test 'cppcheck' to perform static code analysis on C / C++ code
[8.923s] -- Configured cppcheck include dirs: /home/group3-robot/robp_group3/robp_ws/src/robp_robot/usb_cam/include
[8.926s] -- Configured cppcheck exclude dirs and/or files: 
[8.947s] -- Added test 'cpplint' to check C / C++ code against the Google style
[8.950s] -- Configured cpplint exclude dirs and/or files: 
[8.957s] -- Added test 'flake8' to check Python code syntax and style conventions
[8.957s] -- Configured 'flake8' exclude dirs and/or files: 
[8.967s] -- Added test 'lint_cmake' to check CMake code style
[8.978s] -- Added test 'pep257' to check Python code against some of the docstring style conventions in PEP 257
[8.995s] -- Added test 'uncrustify' to check C / C++ code style
[8.995s] -- Configured uncrustify additional arguments: 
[9.014s] -- Added test 'xmllint' to check XML markup files
[9.022s] -- Configuring done (9.0s)
[9.134s] -- Generating done (0.1s)
[9.157s] -- Build files have been written to: /home/group3-robot/robp_group3/build/usb_cam
[9.210s] Invoked command in '/home/group3-robot/robp_group3/build/usb_cam' returned '0': CMAKE_PREFIX_PATH=${CMAKE_PREFIX_PATH}:/home/group3-robot/robp_group3/robp_ws/install/robp_launch:/home/group3-robot/robp_group3/robp_ws/install/odometry:/home/group3-robot/robp_group3/robp_ws/install/robp_boot_camp_launch:/home/group3-robot/robp_group3/robp_ws/install/path_planner:/home/group3-robot/robp_group3/robp_ws/install/mapping:/home/group3-robot/robp_group3/robp_ws/install/joystick_teleop:/home/group3-robot/robp_group3/robp_ws/install/detection:/home/group3-robot/robp_group3/robp_ws/install/arm_servos_pubs_subs:/home/group3-robot/robp_group3/robp_ws/install/arm_controller:/home/group3-robot/dd2419_ws/install/robp_launch:/home/group3-robot/dd2419_ws/install/odometry:/home/group3-robot/dd2419_ws/install/joystick_teleop:/home/group3-robot/dd2419_ws/install/detection:/home/group3-robot/dd2419_ws/install/arm_servos_pubs_subs:/home/group3-robot/dd2419_ws/install/arm_controller:/home/group3-robot/robp_group3/install/robp_launch:/home/group3-robot/robp_group3/install/odometry:/home/group3-robot/robp_group3/install/robp_boot_camp_launch:/home/group3-robot/robp_group3/install/path_planner:/home/group3-robot/robp_group3/install/mapping:/home/group3-robot/robp_group3/install/joystick_teleop:/home/group3-robot/robp_group3/install/detection:/home/group3-robot/robp_group3/install/arm_servos_pubs_subs:/home/group3-robot/robp_group3/install/arm_controller:/opt/ros/jazzy DEBUGINFOD_URLS=https://debuginfod.ubuntu.com /usr/bin/cmake /home/group3-robot/robp_group3/robp_ws/src/robp_robot/usb_cam -DAMENT_CMAKE_SYMLINK_INSTALL=1 -DCMAKE_INSTALL_PREFIX=/home/group3-robot/robp_group3/install/usb_cam
[9.212s] Invoking command in '/home/group3-robot/robp_group3/build/usb_cam': CMAKE_PREFIX_PATH=${CMAKE_PREFIX_PATH}:/home/group3-robot/robp_group3/robp_ws/install/robp_launch:/home/group3-robot/robp_group3/robp_ws/install/odometry:/home/group3-robot/robp_group3/robp_ws/install/robp_boot_camp_launch:/home/group3-robot/robp_group3/robp_ws/install/path_planner:/home/group3-robot/robp_group3/robp_ws/install/mapping:/home/group3-robot/robp_group3/robp_ws/install/joystick_teleop:/home/group3-robot/robp_group3/robp_ws/install/detection:/home/group3-robot/robp_group3/robp_ws/install/arm_servos_pubs_subs:/home/group3-robot/robp_group3/robp_ws/install/arm_controller:/home/group3-robot/dd2419_ws/install/robp_launch:/home/group3-robot/dd2419_ws/install/odometry:/home/group3-robot/dd2419_ws/install/joystick_teleop:/home/group3-robot/dd2419_ws/install/detection:/home/group3-robot/dd2419_ws/install/arm_servos_pubs_subs:/home/group3-robot/dd2419_ws/install/arm_controller:/home/group3-robot/robp_group3/install/robp_launch:/home/group3-robot/robp_group3/install/odometry:/home/group3-robot/robp_group3/install/robp_boot_camp_launch:/home/group3-robot/robp_group3/install/path_planner:/home/group3-robot/robp_group3/install/mapping:/home/group3-robot/robp_group3/install/joystick_teleop:/home/group3-robot/robp_group3/install/detection:/home/group3-robot/robp_group3/install/arm_servos_pubs_subs:/home/group3-robot/robp_group3/install/arm_controller:/opt/ros/jazzy DEBUGINFOD_URLS=https://debuginfod.ubuntu.com /usr/bin/cmake --build /home/group3-robot/robp_group3/build/usb_cam -- -j8 -l8
[10.888s] [  7%] [32mBuilding CXX object CMakeFiles/usb_cam.dir/src/usb_cam.cpp.o[0m
[10.889s] [ 14%] [32mBuilding CXX object CMakeFiles/usb_cam_node_exe.dir/rclcpp_components/node_main_usb_cam_node_exe.cpp.o[0m
[10.889s] [ 21%] [32mBuilding CXX object gtest/CMakeFiles/gtest.dir/src/gtest-all.cc.o[0m
[10.889s] [ 28%] [32mBuilding CXX object gtest/CMakeFiles/gtest_main.dir/src/gtest_main.cc.o[0m
[14.592s] [ 35%] [32m[1mLinking CXX static library libgtest_main.a[0m
[15.230s] [ 35%] Built target gtest_main
[16.431s] [ 42%] [32m[1mLinking CXX shared library libusb_cam.so[0m
[16.945s] [ 42%] Built target usb_cam
[17.005s] [ 50%] [32mBuilding CXX object CMakeFiles/usb_cam_node.dir/src/usb_cam_node.cpp.o[0m
[19.256s] [ 57%] [32m[1mLinking CXX executable usb_cam_node_exe[0m
[19.678s] [ 57%] Built target usb_cam_node_exe
[22.199s] [ 64%] [32m[1mLinking CXX static library libgtest.a[0m
[22.428s] [ 64%] Built target gtest
[23.497s] gmake[2]: *** [CMakeFiles/usb_cam_node.dir/build.make:76: CMakeFiles/usb_cam_node.dir/src/usb_cam_node.cpp.o] Interrupt
[23.497s] gmake[1]: *** wait: No child processes.  Stop.
[23.497s] gmake[1]: *** Waiting for unfinished jobs....
[23.497s] gmake[1]: *** wait: No child processes.  Stop.
[23.500s] gmake: *** [Makefile:146: all] Error 2
