[1.394s] Invoking command in '/home/group3-robot/robp_group3/build/path_planner': DEBUGINFOD_URLS=https://debuginfod.ubuntu.com PYTHONPATH=/home/group3-robot/robp_group3/build/path_planner/prefix_override:/usr/lib/python3/dist-packages/colcon_core/task/python/colcon_distutils_commands:/home/group3-robot/robp_group3/install/path_planner/lib/python3.12/site-packages:${PYTHONPATH} /usr/bin/python3 -W ignore:setup.py install is deprecated -W ignore:easy_install command is deprecated setup.py develop --editable --build-directory /home/group3-robot/robp_group3/build/path_planner/build --no-deps symlink_data
[2.080s] running develop
[2.239s] running egg_info
[2.239s] creating path_planner.egg-info
[2.275s] writing path_planner.egg-info/PKG-INFO
[2.275s] writing dependency_links to path_planner.egg-info/dependency_links.txt
[2.275s] writing entry points to path_planner.egg-info/entry_points.txt
[2.275s] writing requirements to path_planner.egg-info/requires.txt
[2.275s] writing top-level names to path_planner.egg-info/top_level.txt
[2.275s] writing manifest file 'path_planner.egg-info/SOURCES.txt'
[2.328s] reading manifest file 'path_planner.egg-info/SOURCES.txt'
[2.329s] writing manifest file 'path_planner.egg-info/SOURCES.txt'
[2.358s] running build_ext
[2.358s] Creating /home/group3-robot/robp_group3/install/path_planner/lib/python3.12/site-packages/path-planner.egg-link (link to .)
[2.359s] Installing path_planner script to /home/group3-robot/robp_group3/install/path_planner/lib/path_planner
[2.360s] Installing point_generator script to /home/group3-robot/robp_group3/install/path_planner/lib/path_planner
[2.360s] 
[2.360s] Installed /home/group3-robot/robp_group3/build/path_planner
[2.360s] running symlink_data
[2.361s] creating /home/group3-robot/robp_group3/install/path_planner/share/ament_index
[2.361s] creating /home/group3-robot/robp_group3/install/path_planner/share/ament_index/resource_index
[2.361s] creating /home/group3-robot/robp_group3/install/path_planner/share/ament_index/resource_index/packages
[2.361s] symbolically linking /home/group3-robot/robp_group3/build/path_planner/resource/path_planner -> /home/group3-robot/robp_group3/install/path_planner/share/ament_index/resource_index/packages
[2.363s] symbolically linking /home/group3-robot/robp_group3/build/path_planner/package.xml -> /home/group3-robot/robp_group3/install/path_planner/share/path_planner
[2.437s] Invoked command in '/home/group3-robot/robp_group3/build/path_planner' returned '0': DEBUGINFOD_URLS=https://debuginfod.ubuntu.com PYTHONPATH=/home/group3-robot/robp_group3/build/path_planner/prefix_override:/usr/lib/python3/dist-packages/colcon_core/task/python/colcon_distutils_commands:/home/group3-robot/robp_group3/install/path_planner/lib/python3.12/site-packages:${PYTHONPATH} /usr/bin/python3 -W ignore:setup.py install is deprecated -W ignore:easy_install command is deprecated setup.py develop --editable --build-directory /home/group3-robot/robp_group3/build/path_planner/build --no-deps symlink_data
