[1.601s] Invoking command in '/home/group3-robot/robp_group3/build/robp_boot_camp_launch': DEBUGINFOD_URLS=https://debuginfod.ubuntu.com PYTHONPATH=/home/group3-robot/robp_group3/build/robp_boot_camp_launch/prefix_override:/usr/lib/python3/dist-packages/colcon_core/task/python/colcon_distutils_commands:/home/group3-robot/robp_group3/install/robp_boot_camp_launch/lib/python3.12/site-packages:${PYTHONPATH} /usr/bin/python3 -W ignore:setup.py install is deprecated -W ignore:easy_install command is deprecated setup.py develop --editable --build-directory /home/group3-robot/robp_group3/build/robp_boot_camp_launch/build --no-deps symlink_data --force
[2.051s] running develop
[2.337s] running egg_info
[2.365s] writing robp_boot_camp_launch.egg-info/PKG-INFO
[2.365s] writing dependency_links to robp_boot_camp_launch.egg-info/dependency_links.txt
[2.366s] writing requirements to robp_boot_camp_launch.egg-info/requires.txt
[2.366s] writing top-level names to robp_boot_camp_launch.egg-info/top_level.txt
[2.418s] reading manifest file 'robp_boot_camp_launch.egg-info/SOURCES.txt'
[2.422s] writing manifest file 'robp_boot_camp_launch.egg-info/SOURCES.txt'
[2.447s] running build_ext
[2.447s] Creating /home/group3-robot/robp_group3/install/robp_boot_camp_launch/lib/python3.12/site-packages/robp-boot-camp-launch.egg-link (link to .)
[2.448s] 
[2.448s] Installed /home/group3-robot/robp_group3/build/robp_boot_camp_launch
[2.448s] running symlink_data
[2.448s] symbolically linking /home/group3-robot/robp_group3/build/robp_boot_camp_launch/resource/robp_boot_camp_launch -> /home/group3-robot/robp_group3/install/robp_boot_camp_launch/share/ament_index/resource_index/packages
[2.448s] symbolically linking /home/group3-robot/robp_group3/build/robp_boot_camp_launch/launch/boot_camp_part1_launch.xml -> /home/group3-robot/robp_group3/install/robp_boot_camp_launch/share/robp_boot_camp_launch/launch
[2.448s] symbolically linking /home/group3-robot/robp_group3/build/robp_boot_camp_launch/launch/boot_camp_part3_launch.xml -> /home/group3-robot/robp_group3/install/robp_boot_camp_launch/share/robp_boot_camp_launch/launch
[2.449s] symbolically linking /home/group3-robot/robp_group3/build/robp_boot_camp_launch/launch/boot_camp_part2_launch.xml -> /home/group3-robot/robp_group3/install/robp_boot_camp_launch/share/robp_boot_camp_launch/launch
[2.449s] symbolically linking /home/group3-robot/robp_group3/build/robp_boot_camp_launch/rviz/boot_camp_part3.rviz -> /home/group3-robot/robp_group3/install/robp_boot_camp_launch/share/robp_boot_camp_launch/rviz
[2.449s] symbolically linking /home/group3-robot/robp_group3/build/robp_boot_camp_launch/rviz/boot_camp_part1.rviz -> /home/group3-robot/robp_group3/install/robp_boot_camp_launch/share/robp_boot_camp_launch/rviz
[2.449s] symbolically linking /home/group3-robot/robp_group3/build/robp_boot_camp_launch/rviz/boot_camp_part2.rviz -> /home/group3-robot/robp_group3/install/robp_boot_camp_launch/share/robp_boot_camp_launch/rviz
[2.449s] symbolically linking /home/group3-robot/robp_group3/build/robp_boot_camp_launch/package.xml -> /home/group3-robot/robp_group3/install/robp_boot_camp_launch/share/robp_boot_camp_launch
[2.573s] Invoked command in '/home/group3-robot/robp_group3/build/robp_boot_camp_launch' returned '0': DEBUGINFOD_URLS=https://debuginfod.ubuntu.com PYTHONPATH=/home/group3-robot/robp_group3/build/robp_boot_camp_launch/prefix_override:/usr/lib/python3/dist-packages/colcon_core/task/python/colcon_distutils_commands:/home/group3-robot/robp_group3/install/robp_boot_camp_launch/lib/python3.12/site-packages:${PYTHONPATH} /usr/bin/python3 -W ignore:setup.py install is deprecated -W ignore:easy_install command is deprecated setup.py develop --editable --build-directory /home/group3-robot/robp_group3/build/robp_boot_camp_launch/build --no-deps symlink_data --force
