[0.262s] Invoking command in '/home/group3-robot/robp_group3/build/robp_phidgets_temperature': CMAKE_PREFIX_PATH=${CMAKE_PREFIX_PATH}:/home/group3-robot/robp_group3/install/robp_launch:/home/group3-robot/robp_group3/install/odometry:/home/group3-robot/robp_group3/install/path_planner:/home/group3-robot/robp_group3/install/mapping:/home/group3-robot/robp_group3/install/joystick_teleop:/home/group3-robot/robp_group3/install/behavior_tree:/home/group3-robot/robp_group3/install/handle_objects:/home/group3-robot/robp_group3/install/detection:/home/group3-robot/robp_group3/install/arm_servos_pubs_subs:/home/group3-robot/robp_group3/install/arm_controller:/home/group3-robot/robp_group3/robp_ws/install/robp_launch:/home/group3-robot/robp_group3/robp_ws/install/odometry:/home/group3-robot/robp_group3/robp_ws/install/path_planner:/home/group3-robot/robp_group3/robp_ws/install/mapping:/home/group3-robot/robp_group3/robp_ws/install/joystick_teleop:/home/group3-robot/robp_group3/robp_ws/install/behavior_tree:/home/group3-robot/robp_group3/robp_ws/install/handle_objects:/home/group3-robot/robp_group3/robp_ws/install/detection:/home/group3-robot/robp_group3/robp_ws/install/arm_servos_pubs_subs:/home/group3-robot/robp_group3/robp_ws/install/arm_controller:/opt/ros/jazzy DEBUGINFOD_URLS=https://debuginfod.ubuntu.com /usr/bin/cmake /home/group3-robot/robp_group3/robp_ws/src/robp_robot/robp_phidgets/robp_phidgets_temperature -DAMENT_CMAKE_SYMLINK_INSTALL=1 -DCMAKE_INSTALL_PREFIX=/home/group3-robot/robp_group3/install/robp_phidgets_temperature
[0.968s] -- robp_phidgets_temperature: You did not request a specific build type: Choosing 'Release' for maximum performance
[0.969s] -- The C compiler identification is GNU 13.3.0
[0.969s] -- The CXX compiler identification is GNU 13.3.0
[0.969s] -- Detecting C compiler ABI info
[0.969s] -- Detecting C compiler ABI info - done
[0.969s] -- Check for working C compiler: /usr/bin/cc - skipped
[0.969s] -- Detecting C compile features
[0.969s] -- Detecting C compile features - done
[0.969s] -- Detecting CXX compiler ABI info
[0.970s] -- Detecting CXX compiler ABI info - done
[0.970s] -- Check for working CXX compiler: /usr/bin/c++ - skipped
[0.970s] -- Detecting CXX compile features
[0.970s] -- Detecting CXX compile features - done
[0.970s] -- Found ament_cmake_ros: 0.12.0 (/opt/ros/jazzy/share/ament_cmake_ros/cmake)
[0.970s] -- Found Python3: /usr/bin/python3 (found version "3.12.3") found components: Interpreter 
[0.970s] -- Override CMake install command with custom implementation using symlinks instead of copying resources
[0.970s] -- Found libphidget22: 2.3.3 (/opt/ros/jazzy/share/libphidget22/cmake)
[0.970s] -- Found phidgets_api: 2.3.3 (/opt/ros/jazzy/share/phidgets_api/cmake)
[0.971s] -- Found rclcpp: 28.1.6 (/opt/ros/jazzy/share/rclcpp/cmake)
[0.971s] -- Found rosidl_generator_c: 4.6.5 (/opt/ros/jazzy/share/rosidl_generator_c/cmake)
[0.971s] -- Found rosidl_generator_cpp: 4.6.5 (/opt/ros/jazzy/share/rosidl_generator_cpp/cmake)
[0.971s] -- Using all available rosidl_typesupport_c: rosidl_typesupport_fastrtps_c;rosidl_typesupport_introspection_c
[0.971s] -- Using all available rosidl_typesupport_cpp: rosidl_typesupport_fastrtps_cpp;rosidl_typesupport_introspection_cpp
[1.115s] -- Found rmw_implementation_cmake: 7.3.1 (/opt/ros/jazzy/share/rmw_implementation_cmake/cmake)
[1.121s] -- Found rmw_fastrtps_cpp: 8.4.1 (/opt/ros/jazzy/share/rmw_fastrtps_cpp/cmake)
[1.310s] -- Found OpenSSL: /usr/lib/x86_64-linux-gnu/libcrypto.so (found version "3.0.13")  
[1.354s] -- Found FastRTPS: /opt/ros/jazzy/include (Required is at least version "2.13") 
[1.390s] -- Using RMW implementation 'rmw_fastrtps_cpp' as default
[1.519s] -- Found rclcpp_components: 28.1.6 (/opt/ros/jazzy/share/rclcpp_components/cmake)
[1.611s] -- Found sensor_msgs: 5.3.5 (/opt/ros/jazzy/share/sensor_msgs/cmake)
[1.908s] -- Configuring done (1.6s)
[1.926s] -- Generating done (0.0s)
[1.934s] -- Build files have been written to: /home/group3-robot/robp_group3/build/robp_phidgets_temperature
[1.952s] Invoked command in '/home/group3-robot/robp_group3/build/robp_phidgets_temperature' returned '0': CMAKE_PREFIX_PATH=${CMAKE_PREFIX_PATH}:/home/group3-robot/robp_group3/install/robp_launch:/home/group3-robot/robp_group3/install/odometry:/home/group3-robot/robp_group3/install/path_planner:/home/group3-robot/robp_group3/install/mapping:/home/group3-robot/robp_group3/install/joystick_teleop:/home/group3-robot/robp_group3/install/behavior_tree:/home/group3-robot/robp_group3/install/handle_objects:/home/group3-robot/robp_group3/install/detection:/home/group3-robot/robp_group3/install/arm_servos_pubs_subs:/home/group3-robot/robp_group3/install/arm_controller:/home/group3-robot/robp_group3/robp_ws/install/robp_launch:/home/group3-robot/robp_group3/robp_ws/install/odometry:/home/group3-robot/robp_group3/robp_ws/install/path_planner:/home/group3-robot/robp_group3/robp_ws/install/mapping:/home/group3-robot/robp_group3/robp_ws/install/joystick_teleop:/home/group3-robot/robp_group3/robp_ws/install/behavior_tree:/home/group3-robot/robp_group3/robp_ws/install/handle_objects:/home/group3-robot/robp_group3/robp_ws/install/detection:/home/group3-robot/robp_group3/robp_ws/install/arm_servos_pubs_subs:/home/group3-robot/robp_group3/robp_ws/install/arm_controller:/opt/ros/jazzy DEBUGINFOD_URLS=https://debuginfod.ubuntu.com /usr/bin/cmake /home/group3-robot/robp_group3/robp_ws/src/robp_robot/robp_phidgets/robp_phidgets_temperature -DAMENT_CMAKE_SYMLINK_INSTALL=1 -DCMAKE_INSTALL_PREFIX=/home/group3-robot/robp_group3/install/robp_phidgets_temperature
[1.957s] Invoking command in '/home/group3-robot/robp_group3/build/robp_phidgets_temperature': CMAKE_PREFIX_PATH=${CMAKE_PREFIX_PATH}:/home/group3-robot/robp_group3/install/robp_launch:/home/group3-robot/robp_group3/install/odometry:/home/group3-robot/robp_group3/install/path_planner:/home/group3-robot/robp_group3/install/mapping:/home/group3-robot/robp_group3/install/joystick_teleop:/home/group3-robot/robp_group3/install/behavior_tree:/home/group3-robot/robp_group3/install/handle_objects:/home/group3-robot/robp_group3/install/detection:/home/group3-robot/robp_group3/install/arm_servos_pubs_subs:/home/group3-robot/robp_group3/install/arm_controller:/home/group3-robot/robp_group3/robp_ws/install/robp_launch:/home/group3-robot/robp_group3/robp_ws/install/odometry:/home/group3-robot/robp_group3/robp_ws/install/path_planner:/home/group3-robot/robp_group3/robp_ws/install/mapping:/home/group3-robot/robp_group3/robp_ws/install/joystick_teleop:/home/group3-robot/robp_group3/robp_ws/install/behavior_tree:/home/group3-robot/robp_group3/robp_ws/install/handle_objects:/home/group3-robot/robp_group3/robp_ws/install/detection:/home/group3-robot/robp_group3/robp_ws/install/arm_servos_pubs_subs:/home/group3-robot/robp_group3/robp_ws/install/arm_controller:/opt/ros/jazzy DEBUGINFOD_URLS=https://debuginfod.ubuntu.com /usr/bin/cmake --build /home/group3-robot/robp_group3/build/robp_phidgets_temperature -- -j8 -l8
[2.057s] [ 50%] [32mBuilding CXX object CMakeFiles/robp_phidgets_temperature.dir/src/temperature.cpp.o[0m
[16.665s] [100%] [32m[1mLinking CXX shared library librobp_phidgets_temperature.so[0m
[17.197s] [100%] Built target robp_phidgets_temperature
[17.227s] Invoked command in '/home/group3-robot/robp_group3/build/robp_phidgets_temperature' returned '0': CMAKE_PREFIX_PATH=${CMAKE_PREFIX_PATH}:/home/group3-robot/robp_group3/install/robp_launch:/home/group3-robot/robp_group3/install/odometry:/home/group3-robot/robp_group3/install/path_planner:/home/group3-robot/robp_group3/install/mapping:/home/group3-robot/robp_group3/install/joystick_teleop:/home/group3-robot/robp_group3/install/behavior_tree:/home/group3-robot/robp_group3/install/handle_objects:/home/group3-robot/robp_group3/install/detection:/home/group3-robot/robp_group3/install/arm_servos_pubs_subs:/home/group3-robot/robp_group3/install/arm_controller:/home/group3-robot/robp_group3/robp_ws/install/robp_launch:/home/group3-robot/robp_group3/robp_ws/install/odometry:/home/group3-robot/robp_group3/robp_ws/install/path_planner:/home/group3-robot/robp_group3/robp_ws/install/mapping:/home/group3-robot/robp_group3/robp_ws/install/joystick_teleop:/home/group3-robot/robp_group3/robp_ws/install/behavior_tree:/home/group3-robot/robp_group3/robp_ws/install/handle_objects:/home/group3-robot/robp_group3/robp_ws/install/detection:/home/group3-robot/robp_group3/robp_ws/install/arm_servos_pubs_subs:/home/group3-robot/robp_group3/robp_ws/install/arm_controller:/opt/ros/jazzy DEBUGINFOD_URLS=https://debuginfod.ubuntu.com /usr/bin/cmake --build /home/group3-robot/robp_group3/build/robp_phidgets_temperature -- -j8 -l8
[17.227s] Invoking command in '/home/group3-robot/robp_group3/build/robp_phidgets_temperature': CMAKE_PREFIX_PATH=${CMAKE_PREFIX_PATH}:/home/group3-robot/robp_group3/install/robp_launch:/home/group3-robot/robp_group3/install/odometry:/home/group3-robot/robp_group3/install/path_planner:/home/group3-robot/robp_group3/install/mapping:/home/group3-robot/robp_group3/install/joystick_teleop:/home/group3-robot/robp_group3/install/behavior_tree:/home/group3-robot/robp_group3/install/handle_objects:/home/group3-robot/robp_group3/install/detection:/home/group3-robot/robp_group3/install/arm_servos_pubs_subs:/home/group3-robot/robp_group3/install/arm_controller:/home/group3-robot/robp_group3/robp_ws/install/robp_launch:/home/group3-robot/robp_group3/robp_ws/install/odometry:/home/group3-robot/robp_group3/robp_ws/install/path_planner:/home/group3-robot/robp_group3/robp_ws/install/mapping:/home/group3-robot/robp_group3/robp_ws/install/joystick_teleop:/home/group3-robot/robp_group3/robp_ws/install/behavior_tree:/home/group3-robot/robp_group3/robp_ws/install/handle_objects:/home/group3-robot/robp_group3/robp_ws/install/detection:/home/group3-robot/robp_group3/robp_ws/install/arm_servos_pubs_subs:/home/group3-robot/robp_group3/robp_ws/install/arm_controller:/opt/ros/jazzy DEBUGINFOD_URLS=https://debuginfod.ubuntu.com /usr/bin/cmake --install /home/group3-robot/robp_group3/build/robp_phidgets_temperature
[17.271s] -- Install configuration: "Release"
[17.271s] -- Execute custom install script
[17.273s] -- Symlinking: /home/group3-robot/robp_group3/install/robp_phidgets_temperature/lib/librobp_phidgets_temperature.so
[17.327s] -- Symlinking: /home/group3-robot/robp_group3/install/robp_phidgets_temperature/include/robp_phidgets_temperature/temperature.hpp
[17.351s] -- Symlinking: /home/group3-robot/robp_group3/install/robp_phidgets_temperature/share/robp_phidgets_temperature/launch/temperature_launch.py
[17.376s] -- Symlinking: /home/group3-robot/robp_group3/install/robp_phidgets_temperature/share/ament_index/resource_index/package_run_dependencies/robp_phidgets_temperature
[17.404s] -- Symlinking: /home/group3-robot/robp_group3/install/robp_phidgets_temperature/share/ament_index/resource_index/parent_prefix_path/robp_phidgets_temperature
[17.441s] -- Symlinking: /home/group3-robot/robp_group3/install/robp_phidgets_temperature/share/robp_phidgets_temperature/environment/ament_prefix_path.sh
[17.469s] -- Symlinking: /home/group3-robot/robp_group3/install/robp_phidgets_temperature/share/robp_phidgets_temperature/environment/ament_prefix_path.dsv
[17.506s] -- Symlinking: /home/group3-robot/robp_group3/install/robp_phidgets_temperature/share/robp_phidgets_temperature/environment/path.sh
[17.551s] -- Symlinking: /home/group3-robot/robp_group3/install/robp_phidgets_temperature/share/robp_phidgets_temperature/environment/path.dsv
[17.576s] -- Symlinking: /home/group3-robot/robp_group3/install/robp_phidgets_temperature/share/robp_phidgets_temperature/local_setup.bash
[17.612s] -- Symlinking: /home/group3-robot/robp_group3/install/robp_phidgets_temperature/share/robp_phidgets_temperature/local_setup.sh
[17.644s] -- Symlinking: /home/group3-robot/robp_group3/install/robp_phidgets_temperature/share/robp_phidgets_temperature/local_setup.zsh
[17.666s] -- Symlinking: /home/group3-robot/robp_group3/install/robp_phidgets_temperature/share/robp_phidgets_temperature/local_setup.dsv
[17.687s] -- Symlinking: /home/group3-robot/robp_group3/install/robp_phidgets_temperature/share/robp_phidgets_temperature/package.dsv
[17.722s] -- Symlinking: /home/group3-robot/robp_group3/install/robp_phidgets_temperature/share/ament_index/resource_index/packages/robp_phidgets_temperature
[17.753s] -- Symlinking: /home/group3-robot/robp_group3/install/robp_phidgets_temperature/share/ament_index/resource_index/rclcpp_components/robp_phidgets_temperature
[17.791s] -- Symlinking: /home/group3-robot/robp_group3/install/robp_phidgets_temperature/share/robp_phidgets_temperature/cmake/robp_phidgets_temperatureConfig.cmake
[17.810s] -- Symlinking: /home/group3-robot/robp_group3/install/robp_phidgets_temperature/share/robp_phidgets_temperature/cmake/robp_phidgets_temperatureConfig-version.cmake
[17.840s] -- Symlinking: /home/group3-robot/robp_group3/install/robp_phidgets_temperature/share/robp_phidgets_temperature/package.xml
[17.867s] Invoked command in '/home/group3-robot/robp_group3/build/robp_phidgets_temperature' returned '0': CMAKE_PREFIX_PATH=${CMAKE_PREFIX_PATH}:/home/group3-robot/robp_group3/install/robp_launch:/home/group3-robot/robp_group3/install/odometry:/home/group3-robot/robp_group3/install/path_planner:/home/group3-robot/robp_group3/install/mapping:/home/group3-robot/robp_group3/install/joystick_teleop:/home/group3-robot/robp_group3/install/behavior_tree:/home/group3-robot/robp_group3/install/handle_objects:/home/group3-robot/robp_group3/install/detection:/home/group3-robot/robp_group3/install/arm_servos_pubs_subs:/home/group3-robot/robp_group3/install/arm_controller:/home/group3-robot/robp_group3/robp_ws/install/robp_launch:/home/group3-robot/robp_group3/robp_ws/install/odometry:/home/group3-robot/robp_group3/robp_ws/install/path_planner:/home/group3-robot/robp_group3/robp_ws/install/mapping:/home/group3-robot/robp_group3/robp_ws/install/joystick_teleop:/home/group3-robot/robp_group3/robp_ws/install/behavior_tree:/home/group3-robot/robp_group3/robp_ws/install/handle_objects:/home/group3-robot/robp_group3/robp_ws/install/detection:/home/group3-robot/robp_group3/robp_ws/install/arm_servos_pubs_subs:/home/group3-robot/robp_group3/robp_ws/install/arm_controller:/opt/ros/jazzy DEBUGINFOD_URLS=https://debuginfod.ubuntu.com /usr/bin/cmake --install /home/group3-robot/robp_group3/build/robp_phidgets_temperature
