[1.278s] Invoking command in '/home/group3-robot/robp_group3/build/odometry': AMENT_PREFIX_PATH=/home/group3-robot/robp_group3/install/robp_interfaces:${AMENT_PREFIX_PATH} CMAKE_PREFIX_PATH=/home/group3-robot/robp_group3/install/robp_interfaces:${CMAKE_PREFIX_PATH} DEBUGINFOD_URLS=https://debuginfod.ubuntu.com LD_LIBRARY_PATH=/home/group3-robot/robp_group3/install/robp_interfaces/lib:${LD_LIBRARY_PATH} PYTHONPATH=/home/group3-robot/robp_group3/build/odometry/prefix_override:/usr/lib/python3/dist-packages/colcon_core/task/python/colcon_distutils_commands:/home/group3-robot/robp_group3/install/odometry/lib/python3.12/site-packages:/home/group3-robot/robp_group3/install/robp_interfaces/lib/python3.12/site-packages:${PYTHONPATH} /usr/bin/python3 -W ignore:setup.py install is deprecated -W ignore:easy_install command is deprecated setup.py develop --uninstall --editable --build-directory /home/group3-robot/robp_group3/build/odometry/build
[1.588s] running develop
[1.816s] Removing /home/group3-robot/robp_group3/install/odometry/lib/python3.12/site-packages/odometry.egg-link (link to .)
[1.853s] Invoked command in '/home/group3-robot/robp_group3/build/odometry' returned '0': AMENT_PREFIX_PATH=/home/group3-robot/robp_group3/install/robp_interfaces:${AMENT_PREFIX_PATH} CMAKE_PREFIX_PATH=/home/group3-robot/robp_group3/install/robp_interfaces:${CMAKE_PREFIX_PATH} DEBUGINFOD_URLS=https://debuginfod.ubuntu.com LD_LIBRARY_PATH=/home/group3-robot/robp_group3/install/robp_interfaces/lib:${LD_LIBRARY_PATH} PYTHONPATH=/home/group3-robot/robp_group3/build/odometry/prefix_override:/usr/lib/python3/dist-packages/colcon_core/task/python/colcon_distutils_commands:/home/group3-robot/robp_group3/install/odometry/lib/python3.12/site-packages:/home/group3-robot/robp_group3/install/robp_interfaces/lib/python3.12/site-packages:${PYTHONPATH} /usr/bin/python3 -W ignore:setup.py install is deprecated -W ignore:easy_install command is deprecated setup.py develop --uninstall --editable --build-directory /home/group3-robot/robp_group3/build/odometry/build
[1.854s] Invoking command in '/home/group3-robot/robp_group3/robp_ws/src/odometry': AMENT_PREFIX_PATH=/home/group3-robot/robp_group3/install/robp_interfaces:${AMENT_PREFIX_PATH} CMAKE_PREFIX_PATH=/home/group3-robot/robp_group3/install/robp_interfaces:${CMAKE_PREFIX_PATH} DEBUGINFOD_URLS=https://debuginfod.ubuntu.com LD_LIBRARY_PATH=/home/group3-robot/robp_group3/install/robp_interfaces/lib:${LD_LIBRARY_PATH} PYTHONPATH=/home/group3-robot/robp_group3/build/odometry/prefix_override:/usr/lib/python3/dist-packages/colcon_core/task/python/colcon_distutils_commands:/home/group3-robot/robp_group3/install/odometry/lib/python3.12/site-packages:/home/group3-robot/robp_group3/install/robp_interfaces/lib/python3.12/site-packages:${PYTHONPATH} /usr/bin/python3 -W ignore:setup.py install is deprecated -W ignore:easy_install command is deprecated setup.py egg_info --egg-base ../../../build/odometry build --build-base /home/group3-robot/robp_group3/build/odometry/build install --record /home/group3-robot/robp_group3/build/odometry/install.log --single-version-externally-managed install_data --force
[2.138s] running egg_info
[2.155s] writing ../../../build/odometry/odometry.egg-info/PKG-INFO
[2.157s] writing dependency_links to ../../../build/odometry/odometry.egg-info/dependency_links.txt
[2.157s] writing entry points to ../../../build/odometry/odometry.egg-info/entry_points.txt
[2.157s] writing requirements to ../../../build/odometry/odometry.egg-info/requires.txt
[2.158s] writing top-level names to ../../../build/odometry/odometry.egg-info/top_level.txt
[2.191s] reading manifest file '../../../build/odometry/odometry.egg-info/SOURCES.txt'
[2.191s] adding license file 'LICENSE'
[2.192s] writing manifest file '../../../build/odometry/odometry.egg-info/SOURCES.txt'
[2.192s] running build
[2.192s] running build_py
[2.192s] creating /home/group3-robot/robp_group3/build/odometry/build
[2.192s] creating /home/group3-robot/robp_group3/build/odometry/build/lib
[2.192s] creating /home/group3-robot/robp_group3/build/odometry/build/lib/odometry
[2.192s] copying odometry/odometry.py -> /home/group3-robot/robp_group3/build/odometry/build/lib/odometry
[2.192s] copying odometry/__init__.py -> /home/group3-robot/robp_group3/build/odometry/build/lib/odometry
[2.193s] running install
[2.198s] running install_lib
[2.214s] creating /home/group3-robot/robp_group3/install/odometry/lib/python3.12/site-packages/odometry
[2.215s] copying /home/group3-robot/robp_group3/build/odometry/build/lib/odometry/odometry.py -> /home/group3-robot/robp_group3/install/odometry/lib/python3.12/site-packages/odometry
[2.215s] copying /home/group3-robot/robp_group3/build/odometry/build/lib/odometry/__init__.py -> /home/group3-robot/robp_group3/install/odometry/lib/python3.12/site-packages/odometry
[2.215s] byte-compiling /home/group3-robot/robp_group3/install/odometry/lib/python3.12/site-packages/odometry/odometry.py to odometry.cpython-312.pyc
[2.216s] byte-compiling /home/group3-robot/robp_group3/install/odometry/lib/python3.12/site-packages/odometry/__init__.py to __init__.cpython-312.pyc
[2.217s] running install_data
[2.217s] copying resource/odometry -> /home/group3-robot/robp_group3/install/odometry/share/ament_index/resource_index/packages
[2.217s] copying package.xml -> /home/group3-robot/robp_group3/install/odometry/share/odometry
[2.217s] running install_egg_info
[2.235s] Copying ../../../build/odometry/odometry.egg-info to /home/group3-robot/robp_group3/install/odometry/lib/python3.12/site-packages/odometry-0.0.0-py3.12.egg-info
[2.235s] running install_scripts
[2.347s] Installing odometry script to /home/group3-robot/robp_group3/install/odometry/lib/odometry
[2.347s] writing list of installed files to '/home/group3-robot/robp_group3/build/odometry/install.log'
[2.379s] Invoked command in '/home/group3-robot/robp_group3/robp_ws/src/odometry' returned '0': AMENT_PREFIX_PATH=/home/group3-robot/robp_group3/install/robp_interfaces:${AMENT_PREFIX_PATH} CMAKE_PREFIX_PATH=/home/group3-robot/robp_group3/install/robp_interfaces:${CMAKE_PREFIX_PATH} DEBUGINFOD_URLS=https://debuginfod.ubuntu.com LD_LIBRARY_PATH=/home/group3-robot/robp_group3/install/robp_interfaces/lib:${LD_LIBRARY_PATH} PYTHONPATH=/home/group3-robot/robp_group3/build/odometry/prefix_override:/usr/lib/python3/dist-packages/colcon_core/task/python/colcon_distutils_commands:/home/group3-robot/robp_group3/install/odometry/lib/python3.12/site-packages:/home/group3-robot/robp_group3/install/robp_interfaces/lib/python3.12/site-packages:${PYTHONPATH} /usr/bin/python3 -W ignore:setup.py install is deprecated -W ignore:easy_install command is deprecated setup.py egg_info --egg-base ../../../build/odometry build --build-base /home/group3-robot/robp_group3/build/odometry/build install --record /home/group3-robot/robp_group3/build/odometry/install.log --single-version-externally-managed install_data --force
