[1.675s] Invoking command in '/home/group3-robot/robp_group3/build/handle_objects': DEBUGINFOD_URLS=https://debuginfod.ubuntu.com PYTHONPATH=/home/group3-robot/robp_group3/build/handle_objects/prefix_override:/usr/lib/python3/dist-packages/colcon_core/task/python/colcon_distutils_commands:/home/group3-robot/robp_group3/install/handle_objects/lib/python3.12/site-packages:${PYTHONPATH} /usr/bin/python3 -W ignore:setup.py install is deprecated -W ignore:easy_install command is deprecated setup.py develop --editable --build-directory /home/group3-robot/robp_group3/build/handle_objects/build --no-deps symlink_data
[2.154s] running develop
[2.446s] running egg_info
[2.446s] creating handle_objects.egg-info
[2.474s] writing handle_objects.egg-info/PKG-INFO
[2.476s] writing dependency_links to handle_objects.egg-info/dependency_links.txt
[2.476s] writing entry points to handle_objects.egg-info/entry_points.txt
[2.477s] writing requirements to handle_objects.egg-info/requires.txt
[2.477s] writing top-level names to handle_objects.egg-info/top_level.txt
[2.481s] writing manifest file 'handle_objects.egg-info/SOURCES.txt'
[2.535s] reading manifest file 'handle_objects.egg-info/SOURCES.txt'
[2.536s] writing manifest file 'handle_objects.egg-info/SOURCES.txt'
[2.567s] running build_ext
[2.567s] Creating /home/group3-robot/robp_group3/install/handle_objects/lib/python3.12/site-packages/handle-objects.egg-link (link to .)
[2.568s] Installing pick_objects script to /home/group3-robot/robp_group3/install/handle_objects/lib/handle_objects
[2.569s] 
[2.569s] Installed /home/group3-robot/robp_group3/build/handle_objects
[2.569s] running symlink_data
[2.570s] creating /home/group3-robot/robp_group3/install/handle_objects/share/ament_index
[2.570s] creating /home/group3-robot/robp_group3/install/handle_objects/share/ament_index/resource_index
[2.570s] creating /home/group3-robot/robp_group3/install/handle_objects/share/ament_index/resource_index/packages
[2.571s] symbolically linking /home/group3-robot/robp_group3/build/handle_objects/resource/handle_objects -> /home/group3-robot/robp_group3/install/handle_objects/share/ament_index/resource_index/packages
[2.571s] symbolically linking /home/group3-robot/robp_group3/build/handle_objects/package.xml -> /home/group3-robot/robp_group3/install/handle_objects/share/handle_objects
[2.632s] Invoked command in '/home/group3-robot/robp_group3/build/handle_objects' returned '0': DEBUGINFOD_URLS=https://debuginfod.ubuntu.com PYTHONPATH=/home/group3-robot/robp_group3/build/handle_objects/prefix_override:/usr/lib/python3/dist-packages/colcon_core/task/python/colcon_distutils_commands:/home/group3-robot/robp_group3/install/handle_objects/lib/python3.12/site-packages:${PYTHONPATH} /usr/bin/python3 -W ignore:setup.py install is deprecated -W ignore:easy_install command is deprecated setup.py develop --editable --build-directory /home/group3-robot/robp_group3/build/handle_objects/build --no-deps symlink_data
