running develop
running egg_info
creating mapping.egg-info
writing mapping.egg-info/PKG-INFO
writing dependency_links to mapping.egg-info/dependency_links.txt
writing entry points to mapping.egg-info/entry_points.txt
writing requirements to mapping.egg-info/requires.txt
writing top-level names to mapping.egg-info/top_level.txt
writing manifest file 'mapping.egg-info/SOURCES.txt'
reading manifest file 'mapping.egg-info/SOURCES.txt'
writing manifest file 'mapping.egg-info/SOURCES.txt'
running build_ext
Creating /home/group3-robot/robp_group3/install/mapping/lib/python3.12/site-packages/mapping.egg-link (link to .)
Installing mapping script to /home/group3-robot/robp_group3/install/mapping/lib/mapping
Installing occupancy_grid script to /home/group3-robot/robp_group3/install/mapping/lib/mapping

Installed /home/group3-robot/robp_group3/build/mapping
running symlink_data
creating /home/group3-robot/robp_group3/install/mapping/share/ament_index
creating /home/group3-robot/robp_group3/install/mapping/share/ament_index/resource_index
creating /home/group3-robot/robp_group3/install/mapping/share/ament_index/resource_index/packages
symbolically linking /home/group3-robot/robp_group3/build/mapping/resource/mapping -> /home/group3-robot/robp_group3/install/mapping/share/ament_index/resource_index/packages
symbolically linking /home/group3-robot/robp_group3/build/mapping/package.xml -> /home/group3-robot/robp_group3/install/mapping/share/mapping
