[1.383s] Invoking command in '/home/group3-robot/robp_group3/build/path_planner': DEBUGINFOD_URLS=https://debuginfod.ubuntu.com PYTHONPATH=/home/group3-robot/robp_group3/build/path_planner/prefix_override:/usr/lib/python3/dist-packages/colcon_core/task/python/colcon_distutils_commands:/home/group3-robot/robp_group3/install/path_planner/lib/python3.12/site-packages:${PYTHONPATH} /usr/bin/python3 -W ignore:setup.py install is deprecated -W ignore:easy_install command is deprecated setup.py develop --editable --build-directory /home/group3-robot/robp_group3/build/path_planner/build --no-deps symlink_data --force
[2.003s] running develop
[2.287s] running egg_info
[2.317s] writing path_planner.egg-info/PKG-INFO
[2.318s] writing dependency_links to path_planner.egg-info/dependency_links.txt
[2.318s] writing entry points to path_planner.egg-info/entry_points.txt
[2.318s] writing requirements to path_planner.egg-info/requires.txt
[2.318s] writing top-level names to path_planner.egg-info/top_level.txt
[2.370s] reading manifest file 'path_planner.egg-info/SOURCES.txt'
[2.370s] writing manifest file 'path_planner.egg-info/SOURCES.txt'
[2.399s] running build_ext
[2.400s] Creating /home/group3-robot/robp_group3/install/path_planner/lib/python3.12/site-packages/path-planner.egg-link (link to .)
[2.401s] Installing path_planner script to /home/group3-robot/robp_group3/install/path_planner/lib/path_planner
[2.401s] Installing point_generator script to /home/group3-robot/robp_group3/install/path_planner/lib/path_planner
[2.402s] Installing point_publisher_test script to /home/group3-robot/robp_group3/install/path_planner/lib/path_planner
[2.402s] 
[2.402s] Installed /home/group3-robot/robp_group3/build/path_planner
[2.403s] running symlink_data
[2.403s] symbolically linking /home/group3-robot/robp_group3/build/path_planner/resource/path_planner -> /home/group3-robot/robp_group3/install/path_planner/share/ament_index/resource_index/packages
[2.403s] symbolically linking /home/group3-robot/robp_group3/build/path_planner/package.xml -> /home/group3-robot/robp_group3/install/path_planner/share/path_planner
[2.473s] Invoked command in '/home/group3-robot/robp_group3/build/path_planner' returned '0': DEBUGINFOD_URLS=https://debuginfod.ubuntu.com PYTHONPATH=/home/group3-robot/robp_group3/build/path_planner/prefix_override:/usr/lib/python3/dist-packages/colcon_core/task/python/colcon_distutils_commands:/home/group3-robot/robp_group3/install/path_planner/lib/python3.12/site-packages:${PYTHONPATH} /usr/bin/python3 -W ignore:setup.py install is deprecated -W ignore:easy_install command is deprecated setup.py develop --editable --build-directory /home/group3-robot/robp_group3/build/path_planner/build --no-deps symlink_data --force
