[2.445s] Invoking command in '/home/group3-robot/robp_group3/build/robp_boot_camp_launch': DEBUGINFOD_URLS=https://debuginfod.ubuntu.com PYTHONPATH=/home/group3-robot/robp_group3/build/robp_boot_camp_launch/prefix_override:/usr/lib/python3/dist-packages/colcon_core/task/python/colcon_distutils_commands:/home/group3-robot/robp_group3/install/robp_boot_camp_launch/lib/python3.12/site-packages:${PYTHONPATH} /usr/bin/python3 -W ignore:setup.py install is deprecated -W ignore:easy_install command is deprecated setup.py develop --editable --build-directory /home/group3-robot/robp_group3/build/robp_boot_camp_launch/build --no-deps symlink_data
[4.405s] running develop
[4.405s] running egg_info
[4.405s] creating robp_boot_camp_launch.egg-info
[4.406s] writing robp_boot_camp_launch.egg-info/PKG-INFO
[4.406s] writing dependency_links to robp_boot_camp_launch.egg-info/dependency_links.txt
[4.406s] writing requirements to robp_boot_camp_launch.egg-info/requires.txt
[4.406s] writing top-level names to robp_boot_camp_launch.egg-info/top_level.txt
[4.406s] writing manifest file 'robp_boot_camp_launch.egg-info/SOURCES.txt'
[4.406s] reading manifest file 'robp_boot_camp_launch.egg-info/SOURCES.txt'
[4.406s] writing manifest file 'robp_boot_camp_launch.egg-info/SOURCES.txt'
[4.406s] running build_ext
[4.406s] Creating /home/group3-robot/robp_group3/install/robp_boot_camp_launch/lib/python3.12/site-packages/robp-boot-camp-launch.egg-link (link to .)
[4.406s] 
[4.406s] Installed /home/group3-robot/robp_group3/build/robp_boot_camp_launch
[4.407s] running symlink_data
[4.407s] creating /home/group3-robot/robp_group3/install/robp_boot_camp_launch/share/ament_index
[4.407s] creating /home/group3-robot/robp_group3/install/robp_boot_camp_launch/share/ament_index/resource_index
[4.407s] creating /home/group3-robot/robp_group3/install/robp_boot_camp_launch/share/ament_index/resource_index/packages
[4.407s] symbolically linking /home/group3-robot/robp_group3/build/robp_boot_camp_launch/resource/robp_boot_camp_launch -> /home/group3-robot/robp_group3/install/robp_boot_camp_launch/share/ament_index/resource_index/packages
[4.407s] creating /home/group3-robot/robp_group3/install/robp_boot_camp_launch/share/robp_boot_camp_launch/launch
[4.407s] symbolically linking /home/group3-robot/robp_group3/build/robp_boot_camp_launch/launch/boot_camp_part1_launch.xml -> /home/group3-robot/robp_group3/install/robp_boot_camp_launch/share/robp_boot_camp_launch/launch
[4.407s] symbolically linking /home/group3-robot/robp_group3/build/robp_boot_camp_launch/launch/boot_camp_part3_launch.xml -> /home/group3-robot/robp_group3/install/robp_boot_camp_launch/share/robp_boot_camp_launch/launch
[4.407s] symbolically linking /home/group3-robot/robp_group3/build/robp_boot_camp_launch/launch/boot_camp_part2_launch.xml -> /home/group3-robot/robp_group3/install/robp_boot_camp_launch/share/robp_boot_camp_launch/launch
[4.407s] creating /home/group3-robot/robp_group3/install/robp_boot_camp_launch/share/robp_boot_camp_launch/rviz
[4.407s] symbolically linking /home/group3-robot/robp_group3/build/robp_boot_camp_launch/rviz/boot_camp_part3.rviz -> /home/group3-robot/robp_group3/install/robp_boot_camp_launch/share/robp_boot_camp_launch/rviz
[4.408s] symbolically linking /home/group3-robot/robp_group3/build/robp_boot_camp_launch/rviz/boot_camp_part1.rviz -> /home/group3-robot/robp_group3/install/robp_boot_camp_launch/share/robp_boot_camp_launch/rviz
[4.408s] symbolically linking /home/group3-robot/robp_group3/build/robp_boot_camp_launch/rviz/boot_camp_part2.rviz -> /home/group3-robot/robp_group3/install/robp_boot_camp_launch/share/robp_boot_camp_launch/rviz
[4.408s] symbolically linking /home/group3-robot/robp_group3/build/robp_boot_camp_launch/package.xml -> /home/group3-robot/robp_group3/install/robp_boot_camp_launch/share/robp_boot_camp_launch
[4.420s] Invoked command in '/home/group3-robot/robp_group3/build/robp_boot_camp_launch' returned '0': DEBUGINFOD_URLS=https://debuginfod.ubuntu.com PYTHONPATH=/home/group3-robot/robp_group3/build/robp_boot_camp_launch/prefix_override:/usr/lib/python3/dist-packages/colcon_core/task/python/colcon_distutils_commands:/home/group3-robot/robp_group3/install/robp_boot_camp_launch/lib/python3.12/site-packages:${PYTHONPATH} /usr/bin/python3 -W ignore:setup.py install is deprecated -W ignore:easy_install command is deprecated setup.py develop --editable --build-directory /home/group3-robot/robp_group3/build/robp_boot_camp_launch/build --no-deps symlink_data
