[1.734s] Invoking command in '/home/group3-robot/robp_group3/build/odometry': AMENT_PREFIX_PATH=/home/group3-robot/robp_group3/install/robp_interfaces:${AMENT_PREFIX_PATH} CMAKE_PREFIX_PATH=/home/group3-robot/robp_group3/install/robp_interfaces:${CMAKE_PREFIX_PATH} DEBUGINFOD_URLS=https://debuginfod.ubuntu.com LD_LIBRARY_PATH=/home/group3-robot/robp_group3/install/robp_interfaces/lib:${LD_LIBRARY_PATH} PYTHONPATH=/home/group3-robot/robp_group3/build/odometry/prefix_override:/usr/lib/python3/dist-packages/colcon_core/task/python/colcon_distutils_commands:/home/group3-robot/robp_group3/install/odometry/lib/python3.12/site-packages:/home/group3-robot/robp_group3/install/robp_interfaces/lib/python3.12/site-packages:${PYTHONPATH} /usr/bin/python3 -W ignore:setup.py install is deprecated -W ignore:easy_install command is deprecated setup.py develop --editable --build-directory /home/group3-robot/robp_group3/build/odometry/build --no-deps symlink_data
[6.530s] running develop
[6.530s] running egg_info
[6.530s] creating odometry.egg-info
[6.530s] writing odometry.egg-info/PKG-INFO
[6.530s] writing dependency_links to odometry.egg-info/dependency_links.txt
[6.530s] writing entry points to odometry.egg-info/entry_points.txt
[6.530s] writing requirements to odometry.egg-info/requires.txt
[6.530s] writing top-level names to odometry.egg-info/top_level.txt
[6.530s] writing manifest file 'odometry.egg-info/SOURCES.txt'
[6.531s] reading manifest file 'odometry.egg-info/SOURCES.txt'
[6.531s] writing manifest file 'odometry.egg-info/SOURCES.txt'
[6.531s] running build_ext
[6.531s] Creating /home/group3-robot/robp_group3/install/odometry/lib/python3.12/site-packages/odometry.egg-link (link to .)
[6.531s] Installing odometry script to /home/group3-robot/robp_group3/install/odometry/lib/odometry
[6.531s] 
[6.531s] Installed /home/group3-robot/robp_group3/build/odometry
[6.531s] running symlink_data
[6.531s] creating /home/group3-robot/robp_group3/install/odometry/share/ament_index
[6.532s] creating /home/group3-robot/robp_group3/install/odometry/share/ament_index/resource_index
[6.532s] creating /home/group3-robot/robp_group3/install/odometry/share/ament_index/resource_index/packages
[6.532s] symbolically linking /home/group3-robot/robp_group3/build/odometry/resource/odometry -> /home/group3-robot/robp_group3/install/odometry/share/ament_index/resource_index/packages
[6.532s] symbolically linking /home/group3-robot/robp_group3/build/odometry/package.xml -> /home/group3-robot/robp_group3/install/odometry/share/odometry
[6.532s] Invoked command in '/home/group3-robot/robp_group3/build/odometry' returned '0': AMENT_PREFIX_PATH=/home/group3-robot/robp_group3/install/robp_interfaces:${AMENT_PREFIX_PATH} CMAKE_PREFIX_PATH=/home/group3-robot/robp_group3/install/robp_interfaces:${CMAKE_PREFIX_PATH} DEBUGINFOD_URLS=https://debuginfod.ubuntu.com LD_LIBRARY_PATH=/home/group3-robot/robp_group3/install/robp_interfaces/lib:${LD_LIBRARY_PATH} PYTHONPATH=/home/group3-robot/robp_group3/build/odometry/prefix_override:/usr/lib/python3/dist-packages/colcon_core/task/python/colcon_distutils_commands:/home/group3-robot/robp_group3/install/odometry/lib/python3.12/site-packages:/home/group3-robot/robp_group3/install/robp_interfaces/lib/python3.12/site-packages:${PYTHONPATH} /usr/bin/python3 -W ignore:setup.py install is deprecated -W ignore:easy_install command is deprecated setup.py develop --editable --build-directory /home/group3-robot/robp_group3/build/odometry/build --no-deps symlink_data
