[0.764s] Invoking command in '/home/group3-robot/robp_group3/build/drive_base_msgs': CMAKE_PREFIX_PATH=${CMAKE_PREFIX_PATH}:/home/group3-robot/robp_group3/robp_ws/install/robp_launch:/home/group3-robot/robp_group3/robp_ws/install/odometry:/home/group3-robot/robp_group3/robp_ws/install/path_planner:/home/group3-robot/robp_group3/robp_ws/install/mapping:/home/group3-robot/robp_group3/robp_ws/install/joystick_teleop:/home/group3-robot/robp_group3/robp_ws/install/behavior_tree:/home/group3-robot/robp_group3/robp_ws/install/handle_objects:/home/group3-robot/robp_group3/robp_ws/install/detection:/home/group3-robot/robp_group3/robp_ws/install/arm_servos_pubs_subs:/home/group3-robot/robp_group3/robp_ws/install/arm_controller:/opt/ros/jazzy DEBUGINFOD_URLS=https://debuginfod.ubuntu.com /usr/bin/cmake --build /home/group3-robot/robp_group3/build/drive_base_msgs -- -j8 -l8
[0.806s] [  1%] Built target drive_base_msgs__rosidl_generator_type_description
[0.813s] [  1%] Built target ament_cmake_python_symlink_drive_base_msgs
[0.822s] [  3%] Built target drive_base_msgs__cpp
[0.825s] [ 25%] Built target drive_base_msgs__rosidl_generator_c
[0.849s] [ 34%] Built target drive_base_msgs__rosidl_typesupport_c
[0.850s] [ 62%] Built target drive_base_msgs__rosidl_typesupport_introspection_cpp
[0.850s] [ 62%] Built target drive_base_msgs__rosidl_typesupport_introspection_c
[0.850s] [ 64%] Built target drive_base_msgs__rosidl_typesupport_fastrtps_cpp
[0.851s] [ 71%] Built target drive_base_msgs__rosidl_typesupport_fastrtps_c
[0.851s] [ 81%] Built target drive_base_msgs__rosidl_typesupport_cpp
[0.866s] [ 81%] Built target drive_base_msgs
[0.882s] [ 82%] Built target drive_base_msgs__py
[0.900s] [ 90%] Built target drive_base_msgs__rosidl_generator_py
[0.918s] [ 93%] Built target drive_base_msgs_s__rosidl_typesupport_fastrtps_c
[0.918s] [ 96%] Built target drive_base_msgs_s__rosidl_typesupport_introspection_c
[0.920s] [100%] Built target drive_base_msgs_s__rosidl_typesupport_c
[1.001s] running egg_info
[1.016s] writing drive_base_msgs.egg-info/PKG-INFO
[1.016s] writing dependency_links to drive_base_msgs.egg-info/dependency_links.txt
[1.016s] writing top-level names to drive_base_msgs.egg-info/top_level.txt
[1.059s] reading manifest file 'drive_base_msgs.egg-info/SOURCES.txt'
[1.060s] writing manifest file 'drive_base_msgs.egg-info/SOURCES.txt'
[1.081s] [100%] Built target ament_cmake_python_build_drive_base_msgs_egg
