[1.851s] Invoking command in '/home/group3-robot/robp_group3/build/arm_controller': DEBUGINFOD_URLS=https://debuginfod.ubuntu.com PYTHONPATH=/home/group3-robot/robp_group3/build/arm_controller/prefix_override:/usr/lib/python3/dist-packages/colcon_core/task/python/colcon_distutils_commands:/home/group3-robot/robp_group3/install/arm_controller/lib/python3.12/site-packages:${PYTHONPATH} /usr/bin/python3 -W ignore:setup.py install is deprecated -W ignore:easy_install command is deprecated setup.py develop --editable --build-directory /home/group3-robot/robp_group3/build/arm_controller/build --no-deps symlink_data
[2.355s] running develop
[2.768s] running egg_info
[2.769s] creating arm_controller.egg-info
[2.797s] writing arm_controller.egg-info/PKG-INFO
[2.798s] writing dependency_links to arm_controller.egg-info/dependency_links.txt
[2.798s] writing entry points to arm_controller.egg-info/entry_points.txt
[2.798s] writing requirements to arm_controller.egg-info/requires.txt
[2.799s] writing top-level names to arm_controller.egg-info/top_level.txt
[2.802s] writing manifest file 'arm_controller.egg-info/SOURCES.txt'
[2.880s] reading manifest file 'arm_controller.egg-info/SOURCES.txt'
[2.881s] writing manifest file 'arm_controller.egg-info/SOURCES.txt'
[2.912s] running build_ext
[2.913s] Creating /home/group3-robot/robp_group3/install/arm_controller/lib/python3.12/site-packages/arm-controller.egg-link (link to .)
[2.914s] Installing arm_controller script to /home/group3-robot/robp_group3/install/arm_controller/lib/arm_controller
[2.914s] 
[2.914s] Installed /home/group3-robot/robp_group3/build/arm_controller
[2.915s] running symlink_data
[2.915s] creating /home/group3-robot/robp_group3/install/arm_controller/share/ament_index
[2.915s] creating /home/group3-robot/robp_group3/install/arm_controller/share/ament_index/resource_index
[2.915s] creating /home/group3-robot/robp_group3/install/arm_controller/share/ament_index/resource_index/packages
[2.916s] symbolically linking /home/group3-robot/robp_group3/build/arm_controller/resource/arm_controller -> /home/group3-robot/robp_group3/install/arm_controller/share/ament_index/resource_index/packages
[2.919s] symbolically linking /home/group3-robot/robp_group3/build/arm_controller/package.xml -> /home/group3-robot/robp_group3/install/arm_controller/share/arm_controller
[3.027s] Invoked command in '/home/group3-robot/robp_group3/build/arm_controller' returned '0': DEBUGINFOD_URLS=https://debuginfod.ubuntu.com PYTHONPATH=/home/group3-robot/robp_group3/build/arm_controller/prefix_override:/usr/lib/python3/dist-packages/colcon_core/task/python/colcon_distutils_commands:/home/group3-robot/robp_group3/install/arm_controller/lib/python3.12/site-packages:${PYTHONPATH} /usr/bin/python3 -W ignore:setup.py install is deprecated -W ignore:easy_install command is deprecated setup.py develop --editable --build-directory /home/group3-robot/robp_group3/build/arm_controller/build --no-deps symlink_data
