[1.795s] Invoking command in '/home/group3-robot/robp_group3/build/joystick_teleop': DEBUGINFOD_URLS=https://debuginfod.ubuntu.com PYTHONPATH=/home/group3-robot/robp_group3/build/joystick_teleop/prefix_override:/usr/lib/python3/dist-packages/colcon_core/task/python/colcon_distutils_commands:/home/group3-robot/robp_group3/install/joystick_teleop/lib/python3.12/site-packages:${PYTHONPATH} /usr/bin/python3 -W ignore:setup.py install is deprecated -W ignore:easy_install command is deprecated setup.py develop --editable --build-directory /home/group3-robot/robp_group3/build/joystick_teleop/build --no-deps symlink_data
[2.343s] running develop
[2.708s] running egg_info
[2.708s] creating joystick_teleop.egg-info
[2.737s] writing joystick_teleop.egg-info/PKG-INFO
[2.739s] writing dependency_links to joystick_teleop.egg-info/dependency_links.txt
[2.740s] writing entry points to joystick_teleop.egg-info/entry_points.txt
[2.740s] writing requirements to joystick_teleop.egg-info/requires.txt
[2.741s] writing top-level names to joystick_teleop.egg-info/top_level.txt
[2.744s] writing manifest file 'joystick_teleop.egg-info/SOURCES.txt'
[2.801s] reading manifest file 'joystick_teleop.egg-info/SOURCES.txt'
[2.802s] writing manifest file 'joystick_teleop.egg-info/SOURCES.txt'
[2.832s] running build_ext
[2.833s] Creating /home/group3-robot/robp_group3/install/joystick_teleop/lib/python3.12/site-packages/joystick-teleop.egg-link (link to .)
[2.834s] Installing teleop script to /home/group3-robot/robp_group3/install/joystick_teleop/lib/joystick_teleop
[2.835s] Installing twist2duty script to /home/group3-robot/robp_group3/install/joystick_teleop/lib/joystick_teleop
[2.835s] 
[2.835s] Installed /home/group3-robot/robp_group3/build/joystick_teleop
[2.836s] running symlink_data
[2.836s] creating /home/group3-robot/robp_group3/install/joystick_teleop/share/ament_index
[2.836s] creating /home/group3-robot/robp_group3/install/joystick_teleop/share/ament_index/resource_index
[2.836s] creating /home/group3-robot/robp_group3/install/joystick_teleop/share/ament_index/resource_index/packages
[2.836s] symbolically linking /home/group3-robot/robp_group3/build/joystick_teleop/resource/joystick_teleop -> /home/group3-robot/robp_group3/install/joystick_teleop/share/ament_index/resource_index/packages
[2.839s] symbolically linking /home/group3-robot/robp_group3/build/joystick_teleop/package.xml -> /home/group3-robot/robp_group3/install/joystick_teleop/share/joystick_teleop
[2.973s] Invoked command in '/home/group3-robot/robp_group3/build/joystick_teleop' returned '0': DEBUGINFOD_URLS=https://debuginfod.ubuntu.com PYTHONPATH=/home/group3-robot/robp_group3/build/joystick_teleop/prefix_override:/usr/lib/python3/dist-packages/colcon_core/task/python/colcon_distutils_commands:/home/group3-robot/robp_group3/install/joystick_teleop/lib/python3.12/site-packages:${PYTHONPATH} /usr/bin/python3 -W ignore:setup.py install is deprecated -W ignore:easy_install command is deprecated setup.py develop --editable --build-directory /home/group3-robot/robp_group3/build/joystick_teleop/build --no-deps symlink_data
