[0.043s] Invoking command in '/home/group3-robot/robp_group3/build/robp_interfaces': CMAKE_PREFIX_PATH=${CMAKE_PREFIX_PATH}:/home/group3-robot/robp_group3/robp_ws/install/robp_launch:/home/group3-robot/robp_group3/robp_ws/install/odometry:/home/group3-robot/robp_group3/robp_ws/install/path_planner:/home/group3-robot/robp_group3/robp_ws/install/mapping:/home/group3-robot/robp_group3/robp_ws/install/joystick_teleop:/home/group3-robot/robp_group3/robp_ws/install/behavior_tree:/home/group3-robot/robp_group3/robp_ws/install/handle_objects:/home/group3-robot/robp_group3/robp_ws/install/detection:/home/group3-robot/robp_group3/robp_ws/install/arm_servos_pubs_subs:/home/group3-robot/robp_group3/robp_ws/install/arm_controller:/opt/ros/jazzy DEBUGINFOD_URLS=https://debuginfod.ubuntu.com /usr/bin/cmake /home/group3-robot/robp_group3/robp_ws/src/robp_robot/robp_interfaces -DAMENT_CMAKE_SYMLINK_INSTALL=1 -DCMAKE_INSTALL_PREFIX=/home/group3-robot/robp_group3/install/robp_interfaces
[0.870s] -- The C compiler identification is GNU 13.3.0
[0.871s] -- The CXX compiler identification is GNU 13.3.0
[0.871s] -- Detecting C compiler ABI info
[0.871s] -- Detecting C compiler ABI info - done
[0.871s] -- Check for working C compiler: /usr/bin/cc - skipped
[0.871s] -- Detecting C compile features
[0.871s] -- Detecting C compile features - done
[0.871s] -- Detecting CXX compiler ABI info
[0.871s] -- Detecting CXX compiler ABI info - done
[0.871s] -- Check for working CXX compiler: /usr/bin/c++ - skipped
[0.871s] -- Detecting CXX compile features
[0.871s] -- Detecting CXX compile features - done
[0.872s] -- Found ament_cmake: 2.5.3 (/opt/ros/jazzy/share/ament_cmake/cmake)
[0.872s] -- Found Python3: /usr/bin/python3 (found version "3.12.3") found components: Interpreter 
[0.872s] -- Override CMake install command with custom implementation using symlinks instead of copying resources
[0.872s] -- Found rosidl_default_generators: 1.6.0 (/opt/ros/jazzy/share/rosidl_default_generators/cmake)
[0.872s] -- Using all available rosidl_typesupport_c: rosidl_typesupport_fastrtps_c;rosidl_typesupport_introspection_c
[0.961s] -- Using all available rosidl_typesupport_cpp: rosidl_typesupport_fastrtps_cpp;rosidl_typesupport_introspection_cpp
[1.070s] -- Found rosidl_adapter: 4.6.5 (/opt/ros/jazzy/share/rosidl_adapter/cmake)
[1.077s] -- Found std_msgs: 5.3.5 (/opt/ros/jazzy/share/std_msgs/cmake)
[2.130s] -- Found ament_cmake_ros: 0.12.0 (/opt/ros/jazzy/share/ament_cmake_ros/cmake)
[2.950s] -- Using all available rosidl_typesupport_c: rosidl_typesupport_fastrtps_c;rosidl_typesupport_introspection_c
[3.811s] -- Using all available rosidl_typesupport_cpp: rosidl_typesupport_fastrtps_cpp;rosidl_typesupport_introspection_cpp
[3.811s] -- Found python_cmake_module: 0.11.1 (/opt/ros/jazzy/share/python_cmake_module/cmake)
[4.055s] -- Found PythonExtra: /usr/bin/python3  
[5.018s] -- Found Python3: /usr/bin/python3 (found version "3.12.3") found components: Interpreter Development NumPy Development.Module Development.Embed 
[5.100s] -- Found ament_lint_auto: 0.17.1 (/opt/ros/jazzy/share/ament_lint_auto/cmake)
[5.139s] -- Added test 'lint_cmake' to check CMake code style
[5.139s] -- Added test 'xmllint' to check XML markup files
[5.145s] -- Configuring done (5.1s)
[5.208s] -- Generating done (0.0s)
[5.224s] -- Build files have been written to: /home/group3-robot/robp_group3/build/robp_interfaces
[5.251s] Invoked command in '/home/group3-robot/robp_group3/build/robp_interfaces' returned '0': CMAKE_PREFIX_PATH=${CMAKE_PREFIX_PATH}:/home/group3-robot/robp_group3/robp_ws/install/robp_launch:/home/group3-robot/robp_group3/robp_ws/install/odometry:/home/group3-robot/robp_group3/robp_ws/install/path_planner:/home/group3-robot/robp_group3/robp_ws/install/mapping:/home/group3-robot/robp_group3/robp_ws/install/joystick_teleop:/home/group3-robot/robp_group3/robp_ws/install/behavior_tree:/home/group3-robot/robp_group3/robp_ws/install/handle_objects:/home/group3-robot/robp_group3/robp_ws/install/detection:/home/group3-robot/robp_group3/robp_ws/install/arm_servos_pubs_subs:/home/group3-robot/robp_group3/robp_ws/install/arm_controller:/opt/ros/jazzy DEBUGINFOD_URLS=https://debuginfod.ubuntu.com /usr/bin/cmake /home/group3-robot/robp_group3/robp_ws/src/robp_robot/robp_interfaces -DAMENT_CMAKE_SYMLINK_INSTALL=1 -DCMAKE_INSTALL_PREFIX=/home/group3-robot/robp_group3/install/robp_interfaces
[5.251s] Invoking command in '/home/group3-robot/robp_group3/build/robp_interfaces': CMAKE_PREFIX_PATH=${CMAKE_PREFIX_PATH}:/home/group3-robot/robp_group3/robp_ws/install/robp_launch:/home/group3-robot/robp_group3/robp_ws/install/odometry:/home/group3-robot/robp_group3/robp_ws/install/path_planner:/home/group3-robot/robp_group3/robp_ws/install/mapping:/home/group3-robot/robp_group3/robp_ws/install/joystick_teleop:/home/group3-robot/robp_group3/robp_ws/install/behavior_tree:/home/group3-robot/robp_group3/robp_ws/install/handle_objects:/home/group3-robot/robp_group3/robp_ws/install/detection:/home/group3-robot/robp_group3/robp_ws/install/arm_servos_pubs_subs:/home/group3-robot/robp_group3/robp_ws/install/arm_controller:/opt/ros/jazzy DEBUGINFOD_URLS=https://debuginfod.ubuntu.com /usr/bin/cmake --build /home/group3-robot/robp_group3/build/robp_interfaces -- -j8 -l8
[5.772s] [  1%] [34m[1mGenerating type hashes for ROS interfaces[0m
[5.772s] [  1%] Built target ament_cmake_python_symlink_robp_interfaces
[5.805s] running egg_info
[5.805s] creating robp_interfaces.egg-info
[5.840s] writing robp_interfaces.egg-info/PKG-INFO
[5.841s] writing dependency_links to robp_interfaces.egg-info/dependency_links.txt
[5.841s] writing top-level names to robp_interfaces.egg-info/top_level.txt
[5.842s] writing manifest file 'robp_interfaces.egg-info/SOURCES.txt'
[5.957s] reading manifest file 'robp_interfaces.egg-info/SOURCES.txt'
[5.958s] writing manifest file 'robp_interfaces.egg-info/SOURCES.txt'
[6.004s] [  1%] Built target robp_interfaces__rosidl_generator_type_description
[6.026s] [  2%] [34m[1mGenerating C code for ROS interfaces[0m
[6.030s] [  2%] Built target ament_cmake_python_build_robp_interfaces_egg
[6.049s] [  3%] [34m[1mGenerating C++ code for ROS interfaces[0m
[7.367s] [  3%] Built target robp_interfaces__cpp
[7.745s] [  4%] [32mBuilding C object CMakeFiles/robp_interfaces__rosidl_generator_c.dir/rosidl_generator_c/robp_interfaces/msg/detail/duty_cycles__description.c.o[0m
[7.757s] [  5%] [32mBuilding C object CMakeFiles/robp_interfaces__rosidl_generator_c.dir/rosidl_generator_c/robp_interfaces/msg/detail/duty_cycles__functions.c.o[0m
[7.758s] [  7%] [32mBuilding C object CMakeFiles/robp_interfaces__rosidl_generator_c.dir/rosidl_generator_c/robp_interfaces/msg/detail/encoders__description.c.o[0m
[7.760s] [  8%] [32mBuilding C object CMakeFiles/robp_interfaces__rosidl_generator_c.dir/rosidl_generator_c/robp_interfaces/msg/detail/encoders__type_support.c.o[0m
[7.763s] [  9%] [32mBuilding C object CMakeFiles/robp_interfaces__rosidl_generator_c.dir/rosidl_generator_c/robp_interfaces/msg/detail/encoders__functions.c.o[0m
[7.770s] [ 10%] [32mBuilding C object CMakeFiles/robp_interfaces__rosidl_generator_c.dir/rosidl_generator_c/robp_interfaces/msg/detail/duty_cycles__type_support.c.o[0m
[7.784s] [ 11%] [32mBuilding C object CMakeFiles/robp_interfaces__rosidl_generator_c.dir/rosidl_generator_c/robp_interfaces/msg/detail/object_position__description.c.o[0m
[7.785s] [ 13%] [32mBuilding C object CMakeFiles/robp_interfaces__rosidl_generator_c.dir/rosidl_generator_c/robp_interfaces/msg/detail/object_position__functions.c.o[0m
[7.854s] [ 14%] [32mBuilding C object CMakeFiles/robp_interfaces__rosidl_generator_c.dir/rosidl_generator_c/robp_interfaces/msg/detail/object_position__type_support.c.o[0m
[7.872s] [ 15%] [32mBuilding C object CMakeFiles/robp_interfaces__rosidl_generator_c.dir/rosidl_generator_c/robp_interfaces/msg/detail/box_position__type_support.c.o[0m
[7.879s] [ 16%] [32mBuilding C object CMakeFiles/robp_interfaces__rosidl_generator_c.dir/rosidl_generator_c/robp_interfaces/msg/detail/box_position__description.c.o[0m
[7.903s] [ 17%] [32mBuilding C object CMakeFiles/robp_interfaces__rosidl_generator_c.dir/rosidl_generator_c/robp_interfaces/msg/detail/box_position__functions.c.o[0m
[7.935s] [ 19%] [32mBuilding C object CMakeFiles/robp_interfaces__rosidl_generator_c.dir/rosidl_generator_c/robp_interfaces/srv/detail/object_position_srv__description.c.o[0m
[7.935s] [ 20%] [32mBuilding C object CMakeFiles/robp_interfaces__rosidl_generator_c.dir/rosidl_generator_c/robp_interfaces/srv/detail/object_position_srv__functions.c.o[0m
[7.968s] [ 21%] [32mBuilding C object CMakeFiles/robp_interfaces__rosidl_generator_c.dir/rosidl_generator_c/robp_interfaces/srv/detail/object_position_srv__type_support.c.o[0m
[8.015s] [ 22%] [32mBuilding C object CMakeFiles/robp_interfaces__rosidl_generator_c.dir/rosidl_generator_c/robp_interfaces/srv/detail/box_position_srv__type_support.c.o[0m
[8.024s] [ 23%] [32mBuilding C object CMakeFiles/robp_interfaces__rosidl_generator_c.dir/rosidl_generator_c/robp_interfaces/srv/detail/box_position_srv__description.c.o[0m
[8.051s] [ 25%] [32mBuilding C object CMakeFiles/robp_interfaces__rosidl_generator_c.dir/rosidl_generator_c/robp_interfaces/srv/detail/box_position_srv__functions.c.o[0m
[8.339s] [ 26%] [32m[1mLinking C shared library librobp_interfaces__rosidl_generator_c.so[0m
[8.442s] [ 26%] Built target robp_interfaces__rosidl_generator_c
[8.468s] [ 27%] [34m[1mGenerating C++ type support dispatch for ROS interfaces[0m
[8.476s] [ 28%] [34m[1mGenerating C type support for eProsima Fast-RTPS[0m
[8.476s] [ 29%] [34m[1mGenerating C introspection for ROS interfaces[0m
[8.478s] [ 30%] [34m[1mGenerating C++ introspection for ROS interfaces[0m
[8.498s] [ 32%] [34m[1mGenerating C type support dispatch for ROS interfaces[0m
[8.511s] [ 33%] [34m[1mGenerating C++ type support for eProsima Fast-RTPS[0m
[10.181s] [ 34%] [32mBuilding CXX object CMakeFiles/robp_interfaces__rosidl_typesupport_c.dir/rosidl_typesupport_c/robp_interfaces/msg/duty_cycles__type_support.cpp.o[0m
[10.204s] [ 35%] [32mBuilding CXX object CMakeFiles/robp_interfaces__rosidl_typesupport_c.dir/rosidl_typesupport_c/robp_interfaces/msg/encoders__type_support.cpp.o[0m
[10.214s] [ 36%] [32mBuilding CXX object CMakeFiles/robp_interfaces__rosidl_typesupport_c.dir/rosidl_typesupport_c/robp_interfaces/msg/object_position__type_support.cpp.o[0m
[10.362s] [ 38%] [32mBuilding CXX object CMakeFiles/robp_interfaces__rosidl_typesupport_c.dir/rosidl_typesupport_c/robp_interfaces/msg/box_position__type_support.cpp.o[0m
[10.363s] [ 39%] [32mBuilding CXX object CMakeFiles/robp_interfaces__rosidl_typesupport_c.dir/rosidl_typesupport_c/robp_interfaces/srv/object_position_srv__type_support.cpp.o[0m
[10.466s] [ 40%] [32mBuilding CXX object CMakeFiles/robp_interfaces__rosidl_typesupport_c.dir/rosidl_typesupport_c/robp_interfaces/srv/box_position_srv__type_support.cpp.o[0m
[10.637s] [ 41%] [32m[1mLinking CXX shared library librobp_interfaces__rosidl_typesupport_c.so[0m
[10.894s] [ 41%] Built target robp_interfaces__rosidl_typesupport_c
[11.226s] [ 42%] [32mBuilding CXX object CMakeFiles/robp_interfaces__rosidl_typesupport_cpp.dir/rosidl_typesupport_cpp/robp_interfaces/msg/duty_cycles__type_support.cpp.o[0m
[11.235s] [ 44%] [32mBuilding CXX object CMakeFiles/robp_interfaces__rosidl_typesupport_cpp.dir/rosidl_typesupport_cpp/robp_interfaces/msg/object_position__type_support.cpp.o[0m
[11.241s] [ 45%] [32mBuilding CXX object CMakeFiles/robp_interfaces__rosidl_typesupport_cpp.dir/rosidl_typesupport_cpp/robp_interfaces/msg/encoders__type_support.cpp.o[0m
[11.263s] [ 46%] [32mBuilding CXX object CMakeFiles/robp_interfaces__rosidl_typesupport_cpp.dir/rosidl_typesupport_cpp/robp_interfaces/msg/box_position__type_support.cpp.o[0m
[11.352s] [ 47%] [32mBuilding C object CMakeFiles/robp_interfaces__rosidl_typesupport_introspection_c.dir/rosidl_typesupport_introspection_c/robp_interfaces/msg/detail/duty_cycles__type_support.c.o[0m
[11.566s] [ 48%] [32mBuilding C object CMakeFiles/robp_interfaces__rosidl_typesupport_introspection_c.dir/rosidl_typesupport_introspection_c/robp_interfaces/msg/detail/encoders__type_support.c.o[0m
[11.697s] [ 50%] [32mBuilding C object CMakeFiles/robp_interfaces__rosidl_typesupport_introspection_c.dir/rosidl_typesupport_introspection_c/robp_interfaces/msg/detail/object_position__type_support.c.o[0m
[11.835s] [ 51%] [32mBuilding C object CMakeFiles/robp_interfaces__rosidl_typesupport_introspection_c.dir/rosidl_typesupport_introspection_c/robp_interfaces/msg/detail/box_position__type_support.c.o[0m
[12.047s] [ 52%] [32mBuilding C object CMakeFiles/robp_interfaces__rosidl_typesupport_introspection_c.dir/rosidl_typesupport_introspection_c/robp_interfaces/srv/detail/object_position_srv__type_support.c.o[0m
[12.138s] [ 53%] [32mBuilding CXX object CMakeFiles/robp_interfaces__rosidl_typesupport_introspection_cpp.dir/rosidl_typesupport_introspection_cpp/robp_interfaces/msg/detail/duty_cycles__type_support.cpp.o[0m
[12.310s] [ 54%] [32mBuilding CXX object CMakeFiles/robp_interfaces__rosidl_typesupport_cpp.dir/rosidl_typesupport_cpp/robp_interfaces/srv/object_position_srv__type_support.cpp.o[0m
[12.354s] [ 55%] [32mBuilding C object CMakeFiles/robp_interfaces__rosidl_typesupport_introspection_c.dir/rosidl_typesupport_introspection_c/robp_interfaces/srv/detail/box_position_srv__type_support.c.o[0m
[12.635s] [ 57%] [32m[1mLinking C shared library librobp_interfaces__rosidl_typesupport_introspection_c.so[0m
[12.790s] [ 57%] Built target robp_interfaces__rosidl_typesupport_introspection_c
[12.810s] [ 58%] [32mBuilding CXX object CMakeFiles/robp_interfaces__rosidl_typesupport_introspection_cpp.dir/rosidl_typesupport_introspection_cpp/robp_interfaces/msg/detail/encoders__type_support.cpp.o[0m
[12.963s] [ 59%] [32mBuilding CXX object CMakeFiles/robp_interfaces__rosidl_typesupport_cpp.dir/rosidl_typesupport_cpp/robp_interfaces/srv/box_position_srv__type_support.cpp.o[0m
[13.074s] [ 60%] [32mBuilding CXX object CMakeFiles/robp_interfaces__rosidl_typesupport_introspection_cpp.dir/rosidl_typesupport_introspection_cpp/robp_interfaces/msg/detail/object_position__type_support.cpp.o[0m
[13.075s] [ 61%] [32mBuilding CXX object CMakeFiles/robp_interfaces__rosidl_typesupport_fastrtps_cpp.dir/rosidl_typesupport_fastrtps_cpp/robp_interfaces/msg/detail/dds_fastrtps/duty_cycles__type_support.cpp.o[0m
[13.275s] [ 63%] [32mBuilding CXX object CMakeFiles/robp_interfaces__rosidl_typesupport_introspection_cpp.dir/rosidl_typesupport_introspection_cpp/robp_interfaces/msg/detail/box_position__type_support.cpp.o[0m
[13.666s] [ 64%] [32mBuilding CXX object CMakeFiles/robp_interfaces__rosidl_typesupport_fastrtps_c.dir/rosidl_typesupport_fastrtps_c/robp_interfaces/msg/detail/duty_cycles__type_support_c.cpp.o[0m
[13.770s] [ 65%] [32mBuilding CXX object CMakeFiles/robp_interfaces__rosidl_typesupport_introspection_cpp.dir/rosidl_typesupport_introspection_cpp/robp_interfaces/srv/detail/box_position_srv__type_support.cpp.o[0m
[13.782s] [ 66%] [32mBuilding CXX object CMakeFiles/robp_interfaces__rosidl_typesupport_introspection_cpp.dir/rosidl_typesupport_introspection_cpp/robp_interfaces/srv/detail/object_position_srv__type_support.cpp.o[0m
[13.995s] [ 67%] [32mBuilding CXX object CMakeFiles/robp_interfaces__rosidl_typesupport_fastrtps_c.dir/rosidl_typesupport_fastrtps_c/robp_interfaces/msg/detail/encoders__type_support_c.cpp.o[0m
[14.208s] [ 69%] [32mBuilding CXX object CMakeFiles/robp_interfaces__rosidl_typesupport_fastrtps_cpp.dir/rosidl_typesupport_fastrtps_cpp/robp_interfaces/msg/detail/dds_fastrtps/encoders__type_support.cpp.o[0m
[14.563s] [ 70%] [32m[1mLinking CXX shared library librobp_interfaces__rosidl_typesupport_cpp.so[0m
[14.852s] [ 71%] [32mBuilding CXX object CMakeFiles/robp_interfaces__rosidl_typesupport_fastrtps_cpp.dir/rosidl_typesupport_fastrtps_cpp/robp_interfaces/msg/detail/dds_fastrtps/object_position__type_support.cpp.o[0m
[15.012s] [ 71%] Built target robp_interfaces__rosidl_typesupport_cpp
[15.042s] [ 72%] [32mBuilding CXX object CMakeFiles/robp_interfaces__rosidl_typesupport_fastrtps_c.dir/rosidl_typesupport_fastrtps_c/robp_interfaces/msg/detail/object_position__type_support_c.cpp.o[0m
[15.243s] [ 73%] [32mBuilding CXX object CMakeFiles/robp_interfaces__rosidl_typesupport_fastrtps_c.dir/rosidl_typesupport_fastrtps_c/robp_interfaces/msg/detail/box_position__type_support_c.cpp.o[0m
[15.672s] [ 75%] [32mBuilding CXX object CMakeFiles/robp_interfaces__rosidl_typesupport_fastrtps_c.dir/rosidl_typesupport_fastrtps_c/robp_interfaces/srv/detail/object_position_srv__type_support_c.cpp.o[0m
[15.729s] [ 76%] [32mBuilding CXX object CMakeFiles/robp_interfaces__rosidl_typesupport_fastrtps_c.dir/rosidl_typesupport_fastrtps_c/robp_interfaces/srv/detail/box_position_srv__type_support_c.cpp.o[0m
[15.953s] [ 77%] [32mBuilding CXX object CMakeFiles/robp_interfaces__rosidl_typesupport_fastrtps_cpp.dir/rosidl_typesupport_fastrtps_cpp/robp_interfaces/msg/detail/dds_fastrtps/box_position__type_support.cpp.o[0m
[16.055s] [ 78%] [32mBuilding CXX object CMakeFiles/robp_interfaces__rosidl_typesupport_fastrtps_cpp.dir/rosidl_typesupport_fastrtps_cpp/robp_interfaces/srv/detail/dds_fastrtps/object_position_srv__type_support.cpp.o[0m
[16.087s] [ 79%] [32m[1mLinking CXX shared library librobp_interfaces__rosidl_typesupport_introspection_cpp.so[0m
[16.359s] [ 79%] Built target robp_interfaces__rosidl_typesupport_introspection_cpp
[16.373s] [ 80%] [32mBuilding CXX object CMakeFiles/robp_interfaces__rosidl_typesupport_fastrtps_cpp.dir/rosidl_typesupport_fastrtps_cpp/robp_interfaces/srv/detail/dds_fastrtps/box_position_srv__type_support.cpp.o[0m
[17.965s] [ 82%] [32m[1mLinking CXX shared library librobp_interfaces__rosidl_typesupport_fastrtps_c.so[0m
[18.219s] [ 82%] Built target robp_interfaces__rosidl_typesupport_fastrtps_c
[18.334s] [ 83%] [32m[1mLinking CXX shared library librobp_interfaces__rosidl_typesupport_fastrtps_cpp.so[0m
[18.579s] [ 83%] Built target robp_interfaces__rosidl_typesupport_fastrtps_cpp
[18.622s] [ 83%] Built target robp_interfaces
[18.661s] [ 84%] [34m[1mGenerating Python code for ROS interfaces[0m
[20.420s] [ 84%] Built target robp_interfaces__py
[20.450s] [ 85%] [32mBuilding C object CMakeFiles/robp_interfaces__rosidl_generator_py.dir/rosidl_generator_py/robp_interfaces/msg/_duty_cycles_s.c.o[0m
[20.457s] [ 86%] [32mBuilding C object CMakeFiles/robp_interfaces__rosidl_generator_py.dir/rosidl_generator_py/robp_interfaces/msg/_encoders_s.c.o[0m
[20.460s] [ 88%] [32mBuilding C object CMakeFiles/robp_interfaces__rosidl_generator_py.dir/rosidl_generator_py/robp_interfaces/msg/_object_position_s.c.o[0m
[20.464s] [ 89%] [32mBuilding C object CMakeFiles/robp_interfaces__rosidl_generator_py.dir/rosidl_generator_py/robp_interfaces/msg/_box_position_s.c.o[0m
[20.465s] [ 90%] [32mBuilding C object CMakeFiles/robp_interfaces__rosidl_generator_py.dir/rosidl_generator_py/robp_interfaces/srv/_object_position_srv_s.c.o[0m
[20.691s] [ 91%] [32mBuilding C object CMakeFiles/robp_interfaces__rosidl_generator_py.dir/rosidl_generator_py/robp_interfaces/srv/_box_position_srv_s.c.o[0m
[20.896s] [ 92%] [32m[1mLinking C shared library librobp_interfaces__rosidl_generator_py.so[0m
[21.015s] [ 92%] Built target robp_interfaces__rosidl_generator_py
[21.069s] [ 94%] [32mBuilding C object CMakeFiles/robp_interfaces_s__rosidl_typesupport_c.dir/rosidl_generator_py/robp_interfaces/_robp_interfaces_s.ep.rosidl_typesupport_c.c.o[0m
[21.085s] [ 95%] [32mBuilding C object CMakeFiles/robp_interfaces_s__rosidl_typesupport_fastrtps_c.dir/rosidl_generator_py/robp_interfaces/_robp_interfaces_s.ep.rosidl_typesupport_fastrtps_c.c.o[0m
[21.088s] [ 96%] [32mBuilding C object CMakeFiles/robp_interfaces_s__rosidl_typesupport_introspection_c.dir/rosidl_generator_py/robp_interfaces/_robp_interfaces_s.ep.rosidl_typesupport_introspection_c.c.o[0m
[21.256s] [ 97%] [32m[1mLinking C shared module rosidl_generator_py/robp_interfaces/robp_interfaces_s__rosidl_typesupport_c.so[0m
[21.269s] [ 98%] [32m[1mLinking C shared module rosidl_generator_py/robp_interfaces/robp_interfaces_s__rosidl_typesupport_introspection_c.so[0m
[21.306s] [ 98%] Built target robp_interfaces_s__rosidl_typesupport_c
[21.313s] [100%] [32m[1mLinking C shared module rosidl_generator_py/robp_interfaces/robp_interfaces_s__rosidl_typesupport_fastrtps_c.so[0m
[21.338s] [100%] Built target robp_interfaces_s__rosidl_typesupport_introspection_c
[21.362s] [100%] Built target robp_interfaces_s__rosidl_typesupport_fastrtps_c
[21.381s] Invoked command in '/home/group3-robot/robp_group3/build/robp_interfaces' returned '0': CMAKE_PREFIX_PATH=${CMAKE_PREFIX_PATH}:/home/group3-robot/robp_group3/robp_ws/install/robp_launch:/home/group3-robot/robp_group3/robp_ws/install/odometry:/home/group3-robot/robp_group3/robp_ws/install/path_planner:/home/group3-robot/robp_group3/robp_ws/install/mapping:/home/group3-robot/robp_group3/robp_ws/install/joystick_teleop:/home/group3-robot/robp_group3/robp_ws/install/behavior_tree:/home/group3-robot/robp_group3/robp_ws/install/handle_objects:/home/group3-robot/robp_group3/robp_ws/install/detection:/home/group3-robot/robp_group3/robp_ws/install/arm_servos_pubs_subs:/home/group3-robot/robp_group3/robp_ws/install/arm_controller:/opt/ros/jazzy DEBUGINFOD_URLS=https://debuginfod.ubuntu.com /usr/bin/cmake --build /home/group3-robot/robp_group3/build/robp_interfaces -- -j8 -l8
[21.384s] Invoking command in '/home/group3-robot/robp_group3/build/robp_interfaces': CMAKE_PREFIX_PATH=${CMAKE_PREFIX_PATH}:/home/group3-robot/robp_group3/robp_ws/install/robp_launch:/home/group3-robot/robp_group3/robp_ws/install/odometry:/home/group3-robot/robp_group3/robp_ws/install/path_planner:/home/group3-robot/robp_group3/robp_ws/install/mapping:/home/group3-robot/robp_group3/robp_ws/install/joystick_teleop:/home/group3-robot/robp_group3/robp_ws/install/behavior_tree:/home/group3-robot/robp_group3/robp_ws/install/handle_objects:/home/group3-robot/robp_group3/robp_ws/install/detection:/home/group3-robot/robp_group3/robp_ws/install/arm_servos_pubs_subs:/home/group3-robot/robp_group3/robp_ws/install/arm_controller:/opt/ros/jazzy DEBUGINFOD_URLS=https://debuginfod.ubuntu.com /usr/bin/cmake --install /home/group3-robot/robp_group3/build/robp_interfaces
[21.408s] -- Install configuration: ""
[21.408s] -- Execute custom install script
[21.408s] -- Symlinking: /home/group3-robot/robp_group3/install/robp_interfaces/share/ament_index/resource_index/rosidl_interfaces/robp_interfaces
[21.429s] -- Symlinking: /home/group3-robot/robp_group3/install/robp_interfaces/share/robp_interfaces/msg/DutyCycles.json
[21.450s] -- Symlinking: /home/group3-robot/robp_group3/install/robp_interfaces/share/robp_interfaces/msg/Encoders.json
[21.473s] -- Symlinking: /home/group3-robot/robp_group3/install/robp_interfaces/share/robp_interfaces/msg/ObjectPosition.json
[21.491s] -- Symlinking: /home/group3-robot/robp_group3/install/robp_interfaces/share/robp_interfaces/msg/BoxPosition.json
[21.510s] -- Symlinking: /home/group3-robot/robp_group3/install/robp_interfaces/share/robp_interfaces/srv/ObjectPositionSrv.json
[21.526s] -- Symlinking: /home/group3-robot/robp_group3/install/robp_interfaces/share/robp_interfaces/srv/BoxPositionSrv.json
[21.554s] -- Symlinking: /home/group3-robot/robp_group3/install/robp_interfaces/include/robp_interfaces/robp_interfaces/msg/box_position.h
[21.567s] -- Symlinking: /home/group3-robot/robp_group3/install/robp_interfaces/include/robp_interfaces/robp_interfaces/msg/detail/box_position__functions.h
[21.578s] -- Symlinking: /home/group3-robot/robp_group3/install/robp_interfaces/include/robp_interfaces/robp_interfaces/msg/detail/box_position__struct.h
[21.590s] -- Symlinking: /home/group3-robot/robp_group3/install/robp_interfaces/include/robp_interfaces/robp_interfaces/msg/detail/box_position__type_support.h
[21.602s] -- Symlinking: /home/group3-robot/robp_group3/install/robp_interfaces/include/robp_interfaces/robp_interfaces/msg/detail/duty_cycles__functions.h
[21.616s] -- Symlinking: /home/group3-robot/robp_group3/install/robp_interfaces/include/robp_interfaces/robp_interfaces/msg/detail/duty_cycles__struct.h
[21.626s] -- Symlinking: /home/group3-robot/robp_group3/install/robp_interfaces/include/robp_interfaces/robp_interfaces/msg/detail/duty_cycles__type_support.h
[21.638s] -- Symlinking: /home/group3-robot/robp_group3/install/robp_interfaces/include/robp_interfaces/robp_interfaces/msg/detail/encoders__functions.h
[21.652s] -- Symlinking: /home/group3-robot/robp_group3/install/robp_interfaces/include/robp_interfaces/robp_interfaces/msg/detail/encoders__struct.h
[21.657s] -- Symlinking: /home/group3-robot/robp_group3/install/robp_interfaces/include/robp_interfaces/robp_interfaces/msg/detail/encoders__type_support.h
[21.669s] -- Symlinking: /home/group3-robot/robp_group3/install/robp_interfaces/include/robp_interfaces/robp_interfaces/msg/detail/object_position__functions.h
[21.679s] -- Symlinking: /home/group3-robot/robp_group3/install/robp_interfaces/include/robp_interfaces/robp_interfaces/msg/detail/object_position__struct.h
[21.689s] -- Symlinking: /home/group3-robot/robp_group3/install/robp_interfaces/include/robp_interfaces/robp_interfaces/msg/detail/object_position__type_support.h
[21.697s] -- Symlinking: /home/group3-robot/robp_group3/install/robp_interfaces/include/robp_interfaces/robp_interfaces/msg/duty_cycles.h
[21.707s] -- Symlinking: /home/group3-robot/robp_group3/install/robp_interfaces/include/robp_interfaces/robp_interfaces/msg/encoders.h
[21.717s] -- Symlinking: /home/group3-robot/robp_group3/install/robp_interfaces/include/robp_interfaces/robp_interfaces/msg/object_position.h
[21.728s] -- Symlinking: /home/group3-robot/robp_group3/install/robp_interfaces/include/robp_interfaces/robp_interfaces/msg/rosidl_generator_c__visibility_control.h
[21.739s] -- Symlinking: /home/group3-robot/robp_group3/install/robp_interfaces/include/robp_interfaces/robp_interfaces/srv/box_position_srv.h
[21.749s] -- Symlinking: /home/group3-robot/robp_group3/install/robp_interfaces/include/robp_interfaces/robp_interfaces/srv/detail/box_position_srv__functions.h
[21.761s] -- Symlinking: /home/group3-robot/robp_group3/install/robp_interfaces/include/robp_interfaces/robp_interfaces/srv/detail/box_position_srv__struct.h
[21.770s] -- Symlinking: /home/group3-robot/robp_group3/install/robp_interfaces/include/robp_interfaces/robp_interfaces/srv/detail/box_position_srv__type_support.h
[21.780s] -- Symlinking: /home/group3-robot/robp_group3/install/robp_interfaces/include/robp_interfaces/robp_interfaces/srv/detail/object_position_srv__functions.h
[21.791s] -- Symlinking: /home/group3-robot/robp_group3/install/robp_interfaces/include/robp_interfaces/robp_interfaces/srv/detail/object_position_srv__struct.h
[21.803s] -- Symlinking: /home/group3-robot/robp_group3/install/robp_interfaces/include/robp_interfaces/robp_interfaces/srv/detail/object_position_srv__type_support.h
[21.813s] -- Symlinking: /home/group3-robot/robp_group3/install/robp_interfaces/include/robp_interfaces/robp_interfaces/srv/object_position_srv.h
[21.830s] -- Symlinking: /home/group3-robot/robp_group3/install/robp_interfaces/share/robp_interfaces/environment/library_path.sh
[21.841s] -- Symlinking: /home/group3-robot/robp_group3/install/robp_interfaces/share/robp_interfaces/environment/library_path.dsv
[21.853s] -- Symlinking: /home/group3-robot/robp_group3/install/robp_interfaces/include/robp_interfaces/robp_interfaces/msg/detail/box_position__rosidl_typesupport_fastrtps_c.h
[21.865s] -- Symlinking: /home/group3-robot/robp_group3/install/robp_interfaces/include/robp_interfaces/robp_interfaces/msg/detail/duty_cycles__rosidl_typesupport_fastrtps_c.h
[21.875s] -- Symlinking: /home/group3-robot/robp_group3/install/robp_interfaces/include/robp_interfaces/robp_interfaces/msg/detail/encoders__rosidl_typesupport_fastrtps_c.h
[21.888s] -- Symlinking: /home/group3-robot/robp_group3/install/robp_interfaces/include/robp_interfaces/robp_interfaces/msg/detail/object_position__rosidl_typesupport_fastrtps_c.h
[21.901s] -- Symlinking: /home/group3-robot/robp_group3/install/robp_interfaces/include/robp_interfaces/robp_interfaces/msg/rosidl_typesupport_fastrtps_c__visibility_control.h
[21.908s] -- Symlinking: /home/group3-robot/robp_group3/install/robp_interfaces/include/robp_interfaces/robp_interfaces/srv/detail/box_position_srv__rosidl_typesupport_fastrtps_c.h
[21.919s] -- Symlinking: /home/group3-robot/robp_group3/install/robp_interfaces/include/robp_interfaces/robp_interfaces/srv/detail/object_position_srv__rosidl_typesupport_fastrtps_c.h
[21.931s] -- Symlinking: /home/group3-robot/robp_group3/install/robp_interfaces/include/robp_interfaces/robp_interfaces/msg/detail/box_position__rosidl_typesupport_introspection_c.h
[21.941s] -- Symlinking: /home/group3-robot/robp_group3/install/robp_interfaces/include/robp_interfaces/robp_interfaces/msg/detail/duty_cycles__rosidl_typesupport_introspection_c.h
[21.952s] -- Symlinking: /home/group3-robot/robp_group3/install/robp_interfaces/include/robp_interfaces/robp_interfaces/msg/detail/encoders__rosidl_typesupport_introspection_c.h
[21.963s] -- Symlinking: /home/group3-robot/robp_group3/install/robp_interfaces/include/robp_interfaces/robp_interfaces/msg/detail/object_position__rosidl_typesupport_introspection_c.h
[21.974s] -- Symlinking: /home/group3-robot/robp_group3/install/robp_interfaces/include/robp_interfaces/robp_interfaces/msg/rosidl_typesupport_introspection_c__visibility_control.h
[21.984s] -- Symlinking: /home/group3-robot/robp_group3/install/robp_interfaces/include/robp_interfaces/robp_interfaces/srv/detail/box_position_srv__rosidl_typesupport_introspection_c.h
[21.997s] -- Symlinking: /home/group3-robot/robp_group3/install/robp_interfaces/include/robp_interfaces/robp_interfaces/srv/detail/object_position_srv__rosidl_typesupport_introspection_c.h
[22.010s] -- Symlinking: /home/group3-robot/robp_group3/install/robp_interfaces/include/robp_interfaces/robp_interfaces/msg/box_position.hpp
[22.029s] -- Symlinking: /home/group3-robot/robp_group3/install/robp_interfaces/include/robp_interfaces/robp_interfaces/msg/detail/box_position__builder.hpp
[22.039s] -- Symlinking: /home/group3-robot/robp_group3/install/robp_interfaces/include/robp_interfaces/robp_interfaces/msg/detail/box_position__struct.hpp
[22.050s] -- Symlinking: /home/group3-robot/robp_group3/install/robp_interfaces/include/robp_interfaces/robp_interfaces/msg/detail/box_position__traits.hpp
[22.060s] -- Symlinking: /home/group3-robot/robp_group3/install/robp_interfaces/include/robp_interfaces/robp_interfaces/msg/detail/box_position__type_support.hpp
[22.070s] -- Symlinking: /home/group3-robot/robp_group3/install/robp_interfaces/include/robp_interfaces/robp_interfaces/msg/detail/duty_cycles__builder.hpp
[22.082s] -- Symlinking: /home/group3-robot/robp_group3/install/robp_interfaces/include/robp_interfaces/robp_interfaces/msg/detail/duty_cycles__struct.hpp
[22.096s] -- Symlinking: /home/group3-robot/robp_group3/install/robp_interfaces/include/robp_interfaces/robp_interfaces/msg/detail/duty_cycles__traits.hpp
[22.105s] -- Symlinking: /home/group3-robot/robp_group3/install/robp_interfaces/include/robp_interfaces/robp_interfaces/msg/detail/duty_cycles__type_support.hpp
[22.116s] -- Symlinking: /home/group3-robot/robp_group3/install/robp_interfaces/include/robp_interfaces/robp_interfaces/msg/detail/encoders__builder.hpp
[22.133s] -- Symlinking: /home/group3-robot/robp_group3/install/robp_interfaces/include/robp_interfaces/robp_interfaces/msg/detail/encoders__struct.hpp
[22.144s] -- Symlinking: /home/group3-robot/robp_group3/install/robp_interfaces/include/robp_interfaces/robp_interfaces/msg/detail/encoders__traits.hpp
[22.155s] -- Symlinking: /home/group3-robot/robp_group3/install/robp_interfaces/include/robp_interfaces/robp_interfaces/msg/detail/encoders__type_support.hpp
[22.165s] -- Symlinking: /home/group3-robot/robp_group3/install/robp_interfaces/include/robp_interfaces/robp_interfaces/msg/detail/object_position__builder.hpp
[22.176s] -- Symlinking: /home/group3-robot/robp_group3/install/robp_interfaces/include/robp_interfaces/robp_interfaces/msg/detail/object_position__struct.hpp
[22.187s] -- Symlinking: /home/group3-robot/robp_group3/install/robp_interfaces/include/robp_interfaces/robp_interfaces/msg/detail/object_position__traits.hpp
[22.199s] -- Symlinking: /home/group3-robot/robp_group3/install/robp_interfaces/include/robp_interfaces/robp_interfaces/msg/detail/object_position__type_support.hpp
[22.209s] -- Symlinking: /home/group3-robot/robp_group3/install/robp_interfaces/include/robp_interfaces/robp_interfaces/msg/duty_cycles.hpp
[22.222s] -- Symlinking: /home/group3-robot/robp_group3/install/robp_interfaces/include/robp_interfaces/robp_interfaces/msg/encoders.hpp
[22.234s] -- Symlinking: /home/group3-robot/robp_group3/install/robp_interfaces/include/robp_interfaces/robp_interfaces/msg/object_position.hpp
[22.245s] -- Symlinking: /home/group3-robot/robp_group3/install/robp_interfaces/include/robp_interfaces/robp_interfaces/msg/rosidl_generator_cpp__visibility_control.hpp
[22.255s] -- Symlinking: /home/group3-robot/robp_group3/install/robp_interfaces/include/robp_interfaces/robp_interfaces/srv/box_position_srv.hpp
[22.266s] -- Symlinking: /home/group3-robot/robp_group3/install/robp_interfaces/include/robp_interfaces/robp_interfaces/srv/detail/box_position_srv__builder.hpp
[22.277s] -- Symlinking: /home/group3-robot/robp_group3/install/robp_interfaces/include/robp_interfaces/robp_interfaces/srv/detail/box_position_srv__struct.hpp
[22.288s] -- Symlinking: /home/group3-robot/robp_group3/install/robp_interfaces/include/robp_interfaces/robp_interfaces/srv/detail/box_position_srv__traits.hpp
[22.302s] -- Symlinking: /home/group3-robot/robp_group3/install/robp_interfaces/include/robp_interfaces/robp_interfaces/srv/detail/box_position_srv__type_support.hpp
[22.309s] -- Symlinking: /home/group3-robot/robp_group3/install/robp_interfaces/include/robp_interfaces/robp_interfaces/srv/detail/object_position_srv__builder.hpp
[22.322s] -- Symlinking: /home/group3-robot/robp_group3/install/robp_interfaces/include/robp_interfaces/robp_interfaces/srv/detail/object_position_srv__struct.hpp
[22.336s] -- Symlinking: /home/group3-robot/robp_group3/install/robp_interfaces/include/robp_interfaces/robp_interfaces/srv/detail/object_position_srv__traits.hpp
[22.346s] -- Symlinking: /home/group3-robot/robp_group3/install/robp_interfaces/include/robp_interfaces/robp_interfaces/srv/detail/object_position_srv__type_support.hpp
[22.358s] -- Symlinking: /home/group3-robot/robp_group3/install/robp_interfaces/include/robp_interfaces/robp_interfaces/srv/object_position_srv.hpp
[22.378s] -- Symlinking: /home/group3-robot/robp_group3/install/robp_interfaces/include/robp_interfaces/robp_interfaces/msg/detail/box_position__rosidl_typesupport_fastrtps_cpp.hpp
[22.383s] -- Symlinking: /home/group3-robot/robp_group3/install/robp_interfaces/include/robp_interfaces/robp_interfaces/msg/detail/duty_cycles__rosidl_typesupport_fastrtps_cpp.hpp
[22.395s] -- Symlinking: /home/group3-robot/robp_group3/install/robp_interfaces/include/robp_interfaces/robp_interfaces/msg/detail/encoders__rosidl_typesupport_fastrtps_cpp.hpp
[22.407s] -- Symlinking: /home/group3-robot/robp_group3/install/robp_interfaces/include/robp_interfaces/robp_interfaces/msg/detail/object_position__rosidl_typesupport_fastrtps_cpp.hpp
[22.418s] -- Symlinking: /home/group3-robot/robp_group3/install/robp_interfaces/include/robp_interfaces/robp_interfaces/msg/rosidl_typesupport_fastrtps_cpp__visibility_control.h
[22.430s] -- Symlinking: /home/group3-robot/robp_group3/install/robp_interfaces/include/robp_interfaces/robp_interfaces/srv/detail/box_position_srv__rosidl_typesupport_fastrtps_cpp.hpp
[22.442s] -- Symlinking: /home/group3-robot/robp_group3/install/robp_interfaces/include/robp_interfaces/robp_interfaces/srv/detail/object_position_srv__rosidl_typesupport_fastrtps_cpp.hpp
[22.459s] -- Symlinking: /home/group3-robot/robp_group3/install/robp_interfaces/include/robp_interfaces/robp_interfaces/msg/detail/box_position__rosidl_typesupport_introspection_cpp.hpp
[22.466s] -- Symlinking: /home/group3-robot/robp_group3/install/robp_interfaces/include/robp_interfaces/robp_interfaces/msg/detail/duty_cycles__rosidl_typesupport_introspection_cpp.hpp
[22.477s] -- Symlinking: /home/group3-robot/robp_group3/install/robp_interfaces/include/robp_interfaces/robp_interfaces/msg/detail/encoders__rosidl_typesupport_introspection_cpp.hpp
[22.488s] -- Symlinking: /home/group3-robot/robp_group3/install/robp_interfaces/include/robp_interfaces/robp_interfaces/msg/detail/object_position__rosidl_typesupport_introspection_cpp.hpp
[22.499s] -- Symlinking: /home/group3-robot/robp_group3/install/robp_interfaces/include/robp_interfaces/robp_interfaces/srv/detail/box_position_srv__rosidl_typesupport_introspection_cpp.hpp
[22.509s] -- Symlinking: /home/group3-robot/robp_group3/install/robp_interfaces/include/robp_interfaces/robp_interfaces/srv/detail/object_position_srv__rosidl_typesupport_introspection_cpp.hpp
[22.521s] -- Symlinking: /home/group3-robot/robp_group3/install/robp_interfaces/share/robp_interfaces/environment/pythonpath.sh
[22.533s] -- Symlinking: /home/group3-robot/robp_group3/install/robp_interfaces/share/robp_interfaces/environment/pythonpath.dsv
[22.555s] -- Symlinking: /home/group3-robot/robp_group3/install/robp_interfaces/lib/python3.12/site-packages/robp_interfaces-1.0.0-py3.12.egg-info/PKG-INFO
[22.556s] -- Symlinking: /home/group3-robot/robp_group3/install/robp_interfaces/lib/python3.12/site-packages/robp_interfaces-1.0.0-py3.12.egg-info/SOURCES.txt
[22.568s] -- Symlinking: /home/group3-robot/robp_group3/install/robp_interfaces/lib/python3.12/site-packages/robp_interfaces-1.0.0-py3.12.egg-info/dependency_links.txt
[22.579s] -- Symlinking: /home/group3-robot/robp_group3/install/robp_interfaces/lib/python3.12/site-packages/robp_interfaces-1.0.0-py3.12.egg-info/top_level.txt
[22.589s] -- Symlinking: /home/group3-robot/robp_group3/install/robp_interfaces/lib/python3.12/site-packages/robp_interfaces/__init__.py
[22.599s] -- Symlinking: /home/group3-robot/robp_group3/install/robp_interfaces/lib/python3.12/site-packages/robp_interfaces/_robp_interfaces_s.ep.rosidl_typesupport_c.c
[22.610s] -- Symlinking: /home/group3-robot/robp_group3/install/robp_interfaces/lib/python3.12/site-packages/robp_interfaces/_robp_interfaces_s.ep.rosidl_typesupport_fastrtps_c.c
[22.625s] -- Symlinking: /home/group3-robot/robp_group3/install/robp_interfaces/lib/python3.12/site-packages/robp_interfaces/_robp_interfaces_s.ep.rosidl_typesupport_introspection_c.c
[22.636s] -- Symlinking: /home/group3-robot/robp_group3/install/robp_interfaces/lib/python3.12/site-packages/robp_interfaces/msg/__init__.py
[22.646s] -- Symlinking: /home/group3-robot/robp_group3/install/robp_interfaces/lib/python3.12/site-packages/robp_interfaces/msg/_box_position.py
[22.659s] -- Symlinking: /home/group3-robot/robp_group3/install/robp_interfaces/lib/python3.12/site-packages/robp_interfaces/msg/_box_position_s.c
[22.669s] -- Symlinking: /home/group3-robot/robp_group3/install/robp_interfaces/lib/python3.12/site-packages/robp_interfaces/msg/_duty_cycles.py
[22.680s] -- Symlinking: /home/group3-robot/robp_group3/install/robp_interfaces/lib/python3.12/site-packages/robp_interfaces/msg/_duty_cycles_s.c
[22.691s] -- Symlinking: /home/group3-robot/robp_group3/install/robp_interfaces/lib/python3.12/site-packages/robp_interfaces/msg/_encoders.py
[22.699s] -- Symlinking: /home/group3-robot/robp_group3/install/robp_interfaces/lib/python3.12/site-packages/robp_interfaces/msg/_encoders_s.c
[22.710s] -- Symlinking: /home/group3-robot/robp_group3/install/robp_interfaces/lib/python3.12/site-packages/robp_interfaces/msg/_object_position.py
[22.721s] -- Symlinking: /home/group3-robot/robp_group3/install/robp_interfaces/lib/python3.12/site-packages/robp_interfaces/msg/_object_position_s.c
[22.732s] -- Symlinking: /home/group3-robot/robp_group3/install/robp_interfaces/lib/python3.12/site-packages/robp_interfaces/robp_interfaces_s__rosidl_typesupport_c.so
[22.743s] -- Symlinking: /home/group3-robot/robp_group3/install/robp_interfaces/lib/python3.12/site-packages/robp_interfaces/robp_interfaces_s__rosidl_typesupport_fastrtps_c.so
[22.755s] -- Symlinking: /home/group3-robot/robp_group3/install/robp_interfaces/lib/python3.12/site-packages/robp_interfaces/robp_interfaces_s__rosidl_typesupport_introspection_c.so
[22.766s] -- Symlinking: /home/group3-robot/robp_group3/install/robp_interfaces/lib/python3.12/site-packages/robp_interfaces/srv/__init__.py
[22.777s] -- Symlinking: /home/group3-robot/robp_group3/install/robp_interfaces/lib/python3.12/site-packages/robp_interfaces/srv/_box_position_srv.py
[22.789s] -- Symlinking: /home/group3-robot/robp_group3/install/robp_interfaces/lib/python3.12/site-packages/robp_interfaces/srv/_box_position_srv_s.c
[22.800s] -- Symlinking: /home/group3-robot/robp_group3/install/robp_interfaces/lib/python3.12/site-packages/robp_interfaces/srv/_object_position_srv.py
[22.812s] -- Symlinking: /home/group3-robot/robp_group3/install/robp_interfaces/lib/python3.12/site-packages/robp_interfaces/srv/_object_position_srv_s.c
[22.826s] -- Up-to-date symlink: /home/group3-robot/robp_group3/install/robp_interfaces/lib/python3.12/site-packages/robp_interfaces/robp_interfaces_s__rosidl_typesupport_fastrtps_c.so
[22.826s] -- Up-to-date symlink: /home/group3-robot/robp_group3/install/robp_interfaces/lib/python3.12/site-packages/robp_interfaces/robp_interfaces_s__rosidl_typesupport_introspection_c.so
[22.826s] -- Up-to-date symlink: /home/group3-robot/robp_group3/install/robp_interfaces/lib/python3.12/site-packages/robp_interfaces/robp_interfaces_s__rosidl_typesupport_c.so
[22.827s] -- Symlinking: /home/group3-robot/robp_group3/install/robp_interfaces/share/robp_interfaces/msg/DutyCycles.idl
[22.836s] -- Symlinking: /home/group3-robot/robp_group3/install/robp_interfaces/share/robp_interfaces/msg/Encoders.idl
[22.847s] -- Symlinking: /home/group3-robot/robp_group3/install/robp_interfaces/share/robp_interfaces/msg/ObjectPosition.idl
[22.859s] -- Symlinking: /home/group3-robot/robp_group3/install/robp_interfaces/share/robp_interfaces/msg/BoxPosition.idl
[22.871s] -- Symlinking: /home/group3-robot/robp_group3/install/robp_interfaces/share/robp_interfaces/srv/ObjectPositionSrv.idl
[22.882s] -- Symlinking: /home/group3-robot/robp_group3/install/robp_interfaces/share/robp_interfaces/srv/BoxPositionSrv.idl
[22.894s] -- Symlinking: /home/group3-robot/robp_group3/install/robp_interfaces/share/robp_interfaces/msg/DutyCycles.msg
[22.905s] -- Symlinking: /home/group3-robot/robp_group3/install/robp_interfaces/share/robp_interfaces/msg/Encoders.msg
[22.917s] -- Symlinking: /home/group3-robot/robp_group3/install/robp_interfaces/share/robp_interfaces/msg/ObjectPosition.msg
[22.929s] -- Symlinking: /home/group3-robot/robp_group3/install/robp_interfaces/share/robp_interfaces/msg/BoxPosition.msg
[22.948s] -- Symlinking: /home/group3-robot/robp_group3/install/robp_interfaces/share/robp_interfaces/srv/ObjectPositionSrv.srv
[22.961s] -- Symlinking: /home/group3-robot/robp_group3/install/robp_interfaces/share/robp_interfaces/srv/BoxPositionSrv.srv
[22.971s] -- Symlinking: /home/group3-robot/robp_group3/install/robp_interfaces/share/ament_index/resource_index/package_run_dependencies/robp_interfaces
[22.982s] -- Symlinking: /home/group3-robot/robp_group3/install/robp_interfaces/share/ament_index/resource_index/parent_prefix_path/robp_interfaces
[22.994s] -- Symlinking: /home/group3-robot/robp_group3/install/robp_interfaces/share/robp_interfaces/environment/ament_prefix_path.sh
[23.007s] -- Symlinking: /home/group3-robot/robp_group3/install/robp_interfaces/share/robp_interfaces/environment/ament_prefix_path.dsv
[23.017s] -- Symlinking: /home/group3-robot/robp_group3/install/robp_interfaces/share/robp_interfaces/environment/path.sh
[23.025s] -- Symlinking: /home/group3-robot/robp_group3/install/robp_interfaces/share/robp_interfaces/environment/path.dsv
[23.033s] -- Symlinking: /home/group3-robot/robp_group3/install/robp_interfaces/share/robp_interfaces/local_setup.bash
[23.044s] -- Symlinking: /home/group3-robot/robp_group3/install/robp_interfaces/share/robp_interfaces/local_setup.sh
[23.053s] -- Symlinking: /home/group3-robot/robp_group3/install/robp_interfaces/share/robp_interfaces/local_setup.zsh
[23.062s] -- Symlinking: /home/group3-robot/robp_group3/install/robp_interfaces/share/robp_interfaces/local_setup.dsv
[23.071s] -- Symlinking: /home/group3-robot/robp_group3/install/robp_interfaces/share/robp_interfaces/package.dsv
[23.079s] -- Symlinking: /home/group3-robot/robp_group3/install/robp_interfaces/share/ament_index/resource_index/packages/robp_interfaces
[23.087s] -- Symlinking: /home/group3-robot/robp_group3/install/robp_interfaces/share/robp_interfaces/cmake/rosidl_cmake-extras.cmake
[23.095s] -- Symlinking: /home/group3-robot/robp_group3/install/robp_interfaces/share/robp_interfaces/cmake/ament_cmake_export_dependencies-extras.cmake
[23.103s] -- Symlinking: /home/group3-robot/robp_group3/install/robp_interfaces/share/robp_interfaces/cmake/ament_cmake_export_include_directories-extras.cmake
[23.111s] -- Symlinking: /home/group3-robot/robp_group3/install/robp_interfaces/share/robp_interfaces/cmake/ament_cmake_export_libraries-extras.cmake
[23.119s] -- Symlinking: /home/group3-robot/robp_group3/install/robp_interfaces/share/robp_interfaces/cmake/ament_cmake_export_targets-extras.cmake
[23.128s] -- Symlinking: /home/group3-robot/robp_group3/install/robp_interfaces/share/robp_interfaces/cmake/rosidl_cmake_export_typesupport_targets-extras.cmake
[23.136s] -- Symlinking: /home/group3-robot/robp_group3/install/robp_interfaces/share/robp_interfaces/cmake/rosidl_cmake_export_typesupport_libraries-extras.cmake
[23.144s] -- Symlinking: /home/group3-robot/robp_group3/install/robp_interfaces/share/robp_interfaces/cmake/robp_interfacesConfig.cmake
[23.151s] -- Symlinking: /home/group3-robot/robp_group3/install/robp_interfaces/share/robp_interfaces/cmake/robp_interfacesConfig-version.cmake
[23.158s] -- Symlinking: /home/group3-robot/robp_group3/install/robp_interfaces/share/robp_interfaces/package.xml
[23.166s] -- Installing: /home/group3-robot/robp_group3/install/robp_interfaces/lib/librobp_interfaces__rosidl_generator_c.so
[23.166s] -- Set non-toolchain portion of runtime path of "/home/group3-robot/robp_group3/install/robp_interfaces/lib/librobp_interfaces__rosidl_generator_c.so" to ""
[23.166s] -- Installing: /home/group3-robot/robp_group3/install/robp_interfaces/lib/librobp_interfaces__rosidl_typesupport_fastrtps_c.so
[23.166s] -- Set non-toolchain portion of runtime path of "/home/group3-robot/robp_group3/install/robp_interfaces/lib/librobp_interfaces__rosidl_typesupport_fastrtps_c.so" to ""
[23.167s] -- Installing: /home/group3-robot/robp_group3/install/robp_interfaces/lib/librobp_interfaces__rosidl_typesupport_introspection_c.so
[23.167s] -- Set non-toolchain portion of runtime path of "/home/group3-robot/robp_group3/install/robp_interfaces/lib/librobp_interfaces__rosidl_typesupport_introspection_c.so" to ""
[23.167s] -- Installing: /home/group3-robot/robp_group3/install/robp_interfaces/lib/librobp_interfaces__rosidl_typesupport_c.so
[23.167s] -- Set non-toolchain portion of runtime path of "/home/group3-robot/robp_group3/install/robp_interfaces/lib/librobp_interfaces__rosidl_typesupport_c.so" to ""
[23.167s] -- Installing: /home/group3-robot/robp_group3/install/robp_interfaces/lib/librobp_interfaces__rosidl_typesupport_fastrtps_cpp.so
[23.168s] -- Set non-toolchain portion of runtime path of "/home/group3-robot/robp_group3/install/robp_interfaces/lib/librobp_interfaces__rosidl_typesupport_fastrtps_cpp.so" to ""
[23.168s] -- Installing: /home/group3-robot/robp_group3/install/robp_interfaces/lib/librobp_interfaces__rosidl_typesupport_introspection_cpp.so
[23.168s] -- Set non-toolchain portion of runtime path of "/home/group3-robot/robp_group3/install/robp_interfaces/lib/librobp_interfaces__rosidl_typesupport_introspection_cpp.so" to ""
[23.168s] -- Installing: /home/group3-robot/robp_group3/install/robp_interfaces/lib/librobp_interfaces__rosidl_typesupport_cpp.so
[23.169s] -- Set non-toolchain portion of runtime path of "/home/group3-robot/robp_group3/install/robp_interfaces/lib/librobp_interfaces__rosidl_typesupport_cpp.so" to ""
[23.217s] Listing '/home/group3-robot/robp_group3/install/robp_interfaces/lib/python3.12/site-packages/robp_interfaces'...
[23.217s] Compiling '/home/group3-robot/robp_group3/install/robp_interfaces/lib/python3.12/site-packages/robp_interfaces/__init__.py'...
[23.217s] Listing '/home/group3-robot/robp_group3/install/robp_interfaces/lib/python3.12/site-packages/robp_interfaces/msg'...
[23.217s] Compiling '/home/group3-robot/robp_group3/install/robp_interfaces/lib/python3.12/site-packages/robp_interfaces/msg/__init__.py'...
[23.217s] Compiling '/home/group3-robot/robp_group3/install/robp_interfaces/lib/python3.12/site-packages/robp_interfaces/msg/_box_position.py'...
[23.217s] Compiling '/home/group3-robot/robp_group3/install/robp_interfaces/lib/python3.12/site-packages/robp_interfaces/msg/_duty_cycles.py'...
[23.217s] Compiling '/home/group3-robot/robp_group3/install/robp_interfaces/lib/python3.12/site-packages/robp_interfaces/msg/_encoders.py'...
[23.217s] Compiling '/home/group3-robot/robp_group3/install/robp_interfaces/lib/python3.12/site-packages/robp_interfaces/msg/_object_position.py'...
[23.217s] Listing '/home/group3-robot/robp_group3/install/robp_interfaces/lib/python3.12/site-packages/robp_interfaces/srv'...
[23.217s] Compiling '/home/group3-robot/robp_group3/install/robp_interfaces/lib/python3.12/site-packages/robp_interfaces/srv/__init__.py'...
[23.218s] Compiling '/home/group3-robot/robp_group3/install/robp_interfaces/lib/python3.12/site-packages/robp_interfaces/srv/_box_position_srv.py'...
[23.218s] Compiling '/home/group3-robot/robp_group3/install/robp_interfaces/lib/python3.12/site-packages/robp_interfaces/srv/_object_position_srv.py'...
[23.223s] -- Installing: /home/group3-robot/robp_group3/install/robp_interfaces/lib/librobp_interfaces__rosidl_generator_py.so
[23.223s] -- Set non-toolchain portion of runtime path of "/home/group3-robot/robp_group3/install/robp_interfaces/lib/librobp_interfaces__rosidl_generator_py.so" to ""
[23.223s] -- Installing: /home/group3-robot/robp_group3/install/robp_interfaces/share/robp_interfaces/cmake/export_robp_interfaces__rosidl_generator_cExport.cmake
[23.224s] -- Installing: /home/group3-robot/robp_group3/install/robp_interfaces/share/robp_interfaces/cmake/export_robp_interfaces__rosidl_generator_cExport-noconfig.cmake
[23.224s] -- Installing: /home/group3-robot/robp_group3/install/robp_interfaces/share/robp_interfaces/cmake/export_robp_interfaces__rosidl_typesupport_fastrtps_cExport.cmake
[23.224s] -- Installing: /home/group3-robot/robp_group3/install/robp_interfaces/share/robp_interfaces/cmake/export_robp_interfaces__rosidl_typesupport_fastrtps_cExport-noconfig.cmake
[23.224s] -- Installing: /home/group3-robot/robp_group3/install/robp_interfaces/share/robp_interfaces/cmake/robp_interfaces__rosidl_typesupport_introspection_cExport.cmake
[23.224s] -- Installing: /home/group3-robot/robp_group3/install/robp_interfaces/share/robp_interfaces/cmake/robp_interfaces__rosidl_typesupport_introspection_cExport-noconfig.cmake
[23.224s] -- Installing: /home/group3-robot/robp_group3/install/robp_interfaces/share/robp_interfaces/cmake/robp_interfaces__rosidl_typesupport_cExport.cmake
[23.224s] -- Installing: /home/group3-robot/robp_group3/install/robp_interfaces/share/robp_interfaces/cmake/robp_interfaces__rosidl_typesupport_cExport-noconfig.cmake
[23.224s] -- Installing: /home/group3-robot/robp_group3/install/robp_interfaces/share/robp_interfaces/cmake/export_robp_interfaces__rosidl_generator_cppExport.cmake
[23.225s] -- Installing: /home/group3-robot/robp_group3/install/robp_interfaces/share/robp_interfaces/cmake/export_robp_interfaces__rosidl_typesupport_fastrtps_cppExport.cmake
[23.225s] -- Installing: /home/group3-robot/robp_group3/install/robp_interfaces/share/robp_interfaces/cmake/export_robp_interfaces__rosidl_typesupport_fastrtps_cppExport-noconfig.cmake
[23.225s] -- Installing: /home/group3-robot/robp_group3/install/robp_interfaces/share/robp_interfaces/cmake/robp_interfaces__rosidl_typesupport_introspection_cppExport.cmake
[23.225s] -- Installing: /home/group3-robot/robp_group3/install/robp_interfaces/share/robp_interfaces/cmake/robp_interfaces__rosidl_typesupport_introspection_cppExport-noconfig.cmake
[23.225s] -- Installing: /home/group3-robot/robp_group3/install/robp_interfaces/share/robp_interfaces/cmake/robp_interfaces__rosidl_typesupport_cppExport.cmake
[23.225s] -- Installing: /home/group3-robot/robp_group3/install/robp_interfaces/share/robp_interfaces/cmake/robp_interfaces__rosidl_typesupport_cppExport-noconfig.cmake
[23.225s] -- Installing: /home/group3-robot/robp_group3/install/robp_interfaces/share/robp_interfaces/cmake/export_robp_interfaces__rosidl_generator_pyExport.cmake
[23.225s] -- Installing: /home/group3-robot/robp_group3/install/robp_interfaces/share/robp_interfaces/cmake/export_robp_interfaces__rosidl_generator_pyExport-noconfig.cmake
[23.227s] Invoked command in '/home/group3-robot/robp_group3/build/robp_interfaces' returned '0': CMAKE_PREFIX_PATH=${CMAKE_PREFIX_PATH}:/home/group3-robot/robp_group3/robp_ws/install/robp_launch:/home/group3-robot/robp_group3/robp_ws/install/odometry:/home/group3-robot/robp_group3/robp_ws/install/path_planner:/home/group3-robot/robp_group3/robp_ws/install/mapping:/home/group3-robot/robp_group3/robp_ws/install/joystick_teleop:/home/group3-robot/robp_group3/robp_ws/install/behavior_tree:/home/group3-robot/robp_group3/robp_ws/install/handle_objects:/home/group3-robot/robp_group3/robp_ws/install/detection:/home/group3-robot/robp_group3/robp_ws/install/arm_servos_pubs_subs:/home/group3-robot/robp_group3/robp_ws/install/arm_controller:/opt/ros/jazzy DEBUGINFOD_URLS=https://debuginfod.ubuntu.com /usr/bin/cmake --install /home/group3-robot/robp_group3/build/robp_interfaces
