[0.274s] Invoking command in '/home/group3-robot/robp_group3/build/micro_ros_msgs': CMAKE_PREFIX_PATH=${CMAKE_PREFIX_PATH}:/home/group3-robot/robp_group3/robp_ws/install/robp_launch:/home/group3-robot/robp_group3/robp_ws/install/odometry:/home/group3-robot/robp_group3/robp_ws/install/robp_boot_camp_launch:/home/group3-robot/robp_group3/robp_ws/install/path_planner:/home/group3-robot/robp_group3/robp_ws/install/mapping:/home/group3-robot/robp_group3/robp_ws/install/joystick_teleop:/home/group3-robot/robp_group3/robp_ws/install/detection:/home/group3-robot/robp_group3/robp_ws/install/arm_servos_pubs_subs:/home/group3-robot/robp_group3/robp_ws/install/arm_controller:/home/group3-robot/dd2419_ws/install/robp_launch:/home/group3-robot/dd2419_ws/install/odometry:/home/group3-robot/dd2419_ws/install/joystick_teleop:/home/group3-robot/dd2419_ws/install/detection:/home/group3-robot/dd2419_ws/install/arm_servos_pubs_subs:/home/group3-robot/dd2419_ws/install/arm_controller:/home/group3-robot/robp_group3/install/robp_launch:/home/group3-robot/robp_group3/install/odometry:/home/group3-robot/robp_group3/install/robp_boot_camp_launch:/home/group3-robot/robp_group3/install/path_planner:/home/group3-robot/robp_group3/install/mapping:/home/group3-robot/robp_group3/install/joystick_teleop:/home/group3-robot/robp_group3/install/detection:/home/group3-robot/robp_group3/install/arm_servos_pubs_subs:/home/group3-robot/robp_group3/install/arm_controller:/opt/ros/jazzy DEBUGINFOD_URLS=https://debuginfod.ubuntu.com /usr/bin/cmake /home/group3-robot/robp_group3/arm_ws/src/uros/micro_ros_msgs -DAMENT_CMAKE_SYMLINK_INSTALL=1 -DCMAKE_INSTALL_PREFIX=/home/group3-robot/robp_group3/install/micro_ros_msgs
[0.976s] -- The C compiler identification is GNU 13.3.0
[0.976s] -- The CXX compiler identification is GNU 13.3.0
[0.976s] -- Detecting C compiler ABI info
[0.976s] -- Detecting C compiler ABI info - done
[0.976s] -- Check for working C compiler: /usr/bin/cc - skipped
[0.977s] -- Detecting C compile features
[0.977s] -- Detecting C compile features - done
[0.977s] -- Detecting CXX compiler ABI info
[0.977s] -- Detecting CXX compiler ABI info - done
[0.977s] -- Check for working CXX compiler: /usr/bin/c++ - skipped
[0.977s] -- Detecting CXX compile features
[0.977s] -- Detecting CXX compile features - done
[0.977s] -- Found ament_cmake: 2.5.3 (/opt/ros/jazzy/share/ament_cmake/cmake)
[0.977s] -- Found Python3: /usr/bin/python3 (found version "3.12.3") found components: Interpreter 
[0.977s] -- Override CMake install command with custom implementation using symlinks instead of copying resources
[0.979s] -- Found rosidl_default_generators: 1.6.0 (/opt/ros/jazzy/share/rosidl_default_generators/cmake)
[1.004s] -- Using all available rosidl_typesupport_c: rosidl_typesupport_fastrtps_c;rosidl_typesupport_introspection_c
[1.162s] -- Using all available rosidl_typesupport_cpp: rosidl_typesupport_fastrtps_cpp;rosidl_typesupport_introspection_cpp
[1.243s] -- Found rosidl_adapter: 4.6.5 (/opt/ros/jazzy/share/rosidl_adapter/cmake)
[1.252s] -- Found ament_lint_auto: 0.17.1 (/opt/ros/jazzy/share/ament_lint_auto/cmake)
[2.559s] -- Found ament_cmake_ros: 0.12.0 (/opt/ros/jazzy/share/ament_cmake_ros/cmake)
[3.566s] -- Using all available rosidl_typesupport_c: rosidl_typesupport_fastrtps_c;rosidl_typesupport_introspection_c
[4.898s] -- Using all available rosidl_typesupport_cpp: rosidl_typesupport_fastrtps_cpp;rosidl_typesupport_introspection_cpp
[4.910s] -- Found python_cmake_module: 0.11.1 (/opt/ros/jazzy/share/python_cmake_module/cmake)
[5.355s] -- Found PythonExtra: /usr/bin/python3  
[6.154s] -- Found Python3: /usr/bin/python3 (found version "3.12.3") found components: Interpreter Development NumPy Development.Module Development.Embed 
[6.255s] -- Added test 'copyright' to check source files copyright and LICENSE
[6.256s] -- Added test 'lint_cmake' to check CMake code style
[6.263s] -- Added test 'xmllint' to check XML markup files
[6.283s] -- Configuring done (6.0s)
[6.387s] -- Generating done (0.1s)
[6.412s] -- Build files have been written to: /home/group3-robot/robp_group3/build/micro_ros_msgs
[6.978s] Invoked command in '/home/group3-robot/robp_group3/build/micro_ros_msgs' returned '0': CMAKE_PREFIX_PATH=${CMAKE_PREFIX_PATH}:/home/group3-robot/robp_group3/robp_ws/install/robp_launch:/home/group3-robot/robp_group3/robp_ws/install/odometry:/home/group3-robot/robp_group3/robp_ws/install/robp_boot_camp_launch:/home/group3-robot/robp_group3/robp_ws/install/path_planner:/home/group3-robot/robp_group3/robp_ws/install/mapping:/home/group3-robot/robp_group3/robp_ws/install/joystick_teleop:/home/group3-robot/robp_group3/robp_ws/install/detection:/home/group3-robot/robp_group3/robp_ws/install/arm_servos_pubs_subs:/home/group3-robot/robp_group3/robp_ws/install/arm_controller:/home/group3-robot/dd2419_ws/install/robp_launch:/home/group3-robot/dd2419_ws/install/odometry:/home/group3-robot/dd2419_ws/install/joystick_teleop:/home/group3-robot/dd2419_ws/install/detection:/home/group3-robot/dd2419_ws/install/arm_servos_pubs_subs:/home/group3-robot/dd2419_ws/install/arm_controller:/home/group3-robot/robp_group3/install/robp_launch:/home/group3-robot/robp_group3/install/odometry:/home/group3-robot/robp_group3/install/robp_boot_camp_launch:/home/group3-robot/robp_group3/install/path_planner:/home/group3-robot/robp_group3/install/mapping:/home/group3-robot/robp_group3/install/joystick_teleop:/home/group3-robot/robp_group3/install/detection:/home/group3-robot/robp_group3/install/arm_servos_pubs_subs:/home/group3-robot/robp_group3/install/arm_controller:/opt/ros/jazzy DEBUGINFOD_URLS=https://debuginfod.ubuntu.com /usr/bin/cmake /home/group3-robot/robp_group3/arm_ws/src/uros/micro_ros_msgs -DAMENT_CMAKE_SYMLINK_INSTALL=1 -DCMAKE_INSTALL_PREFIX=/home/group3-robot/robp_group3/install/micro_ros_msgs
[6.981s] Invoking command in '/home/group3-robot/robp_group3/build/micro_ros_msgs': CMAKE_PREFIX_PATH=${CMAKE_PREFIX_PATH}:/home/group3-robot/robp_group3/robp_ws/install/robp_launch:/home/group3-robot/robp_group3/robp_ws/install/odometry:/home/group3-robot/robp_group3/robp_ws/install/robp_boot_camp_launch:/home/group3-robot/robp_group3/robp_ws/install/path_planner:/home/group3-robot/robp_group3/robp_ws/install/mapping:/home/group3-robot/robp_group3/robp_ws/install/joystick_teleop:/home/group3-robot/robp_group3/robp_ws/install/detection:/home/group3-robot/robp_group3/robp_ws/install/arm_servos_pubs_subs:/home/group3-robot/robp_group3/robp_ws/install/arm_controller:/home/group3-robot/dd2419_ws/install/robp_launch:/home/group3-robot/dd2419_ws/install/odometry:/home/group3-robot/dd2419_ws/install/joystick_teleop:/home/group3-robot/dd2419_ws/install/detection:/home/group3-robot/dd2419_ws/install/arm_servos_pubs_subs:/home/group3-robot/dd2419_ws/install/arm_controller:/home/group3-robot/robp_group3/install/robp_launch:/home/group3-robot/robp_group3/install/odometry:/home/group3-robot/robp_group3/install/robp_boot_camp_launch:/home/group3-robot/robp_group3/install/path_planner:/home/group3-robot/robp_group3/install/mapping:/home/group3-robot/robp_group3/install/joystick_teleop:/home/group3-robot/robp_group3/install/detection:/home/group3-robot/robp_group3/install/arm_servos_pubs_subs:/home/group3-robot/robp_group3/install/arm_controller:/opt/ros/jazzy DEBUGINFOD_URLS=https://debuginfod.ubuntu.com /usr/bin/cmake --build /home/group3-robot/robp_group3/build/micro_ros_msgs -- -j8 -l8
[7.059s] [  1%] [34m[1mGenerating type hashes for ROS interfaces[0m
[7.087s] [  1%] Built target ament_cmake_python_symlink_micro_ros_msgs
[7.802s] running egg_info
[7.804s] creating micro_ros_msgs.egg-info
[7.839s] writing micro_ros_msgs.egg-info/PKG-INFO
[7.839s] writing dependency_links to micro_ros_msgs.egg-info/dependency_links.txt
[7.839s] writing top-level names to micro_ros_msgs.egg-info/top_level.txt
[7.839s] writing manifest file 'micro_ros_msgs.egg-info/SOURCES.txt'
[7.866s] [  1%] Built target micro_ros_msgs__rosidl_generator_type_description
[7.890s] [  3%] [34m[1mGenerating C code for ROS interfaces[0m
[7.922s] [  5%] [34m[1mGenerating C++ code for ROS interfaces[0m
[7.966s] reading manifest file 'micro_ros_msgs.egg-info/SOURCES.txt'
[7.967s] writing manifest file 'micro_ros_msgs.egg-info/SOURCES.txt'
[8.036s] [  5%] Built target ament_cmake_python_build_micro_ros_msgs_egg
[9.023s] [  5%] Built target micro_ros_msgs__cpp
[9.382s] [  7%] [32mBuilding C object CMakeFiles/micro_ros_msgs__rosidl_generator_c.dir/rosidl_generator_c/micro_ros_msgs/msg/detail/graph__type_support.c.o[0m
[9.400s] [  9%] [32mBuilding C object CMakeFiles/micro_ros_msgs__rosidl_generator_c.dir/rosidl_generator_c/micro_ros_msgs/msg/detail/graph__description.c.o[0m
[9.400s] [ 11%] [32mBuilding C object CMakeFiles/micro_ros_msgs__rosidl_generator_c.dir/rosidl_generator_c/micro_ros_msgs/msg/detail/node__functions.c.o[0m
[9.405s] [ 12%] [32mBuilding C object CMakeFiles/micro_ros_msgs__rosidl_generator_c.dir/rosidl_generator_c/micro_ros_msgs/msg/detail/node__description.c.o[0m
[9.405s] [ 14%] [32mBuilding C object CMakeFiles/micro_ros_msgs__rosidl_generator_c.dir/rosidl_generator_c/micro_ros_msgs/msg/detail/graph__functions.c.o[0m
[9.418s] [ 16%] [32mBuilding C object CMakeFiles/micro_ros_msgs__rosidl_generator_c.dir/rosidl_generator_c/micro_ros_msgs/msg/detail/node__type_support.c.o[0m
[9.432s] [ 18%] [32mBuilding C object CMakeFiles/micro_ros_msgs__rosidl_generator_c.dir/rosidl_generator_c/micro_ros_msgs/msg/detail/entity__description.c.o[0m
[9.451s] [ 20%] [32mBuilding C object CMakeFiles/micro_ros_msgs__rosidl_generator_c.dir/rosidl_generator_c/micro_ros_msgs/msg/detail/entity__functions.c.o[0m
[9.511s] [ 22%] [32mBuilding C object CMakeFiles/micro_ros_msgs__rosidl_generator_c.dir/rosidl_generator_c/micro_ros_msgs/msg/detail/entity__type_support.c.o[0m
[9.679s] [ 24%] [32m[1mLinking C shared library libmicro_ros_msgs__rosidl_generator_c.so[0m
[9.774s] [ 24%] Built target micro_ros_msgs__rosidl_generator_c
[9.818s] [ 25%] [34m[1mGenerating C introspection for ROS interfaces[0m
[9.821s] [ 27%] [34m[1mGenerating C++ type support dispatch for ROS interfaces[0m
[9.829s] [ 29%] [34m[1mGenerating C++ introspection for ROS interfaces[0m
[9.841s] [ 31%] [34m[1mGenerating C type support for eProsima Fast-RTPS[0m
[9.861s] [ 35%] [34m[1mGenerating C type support dispatch for ROS interfaces[0m
[9.861s] [ 35%] [34m[1mGenerating C++ type support for eProsima Fast-RTPS[0m
[10.935s] [ 37%] [32mBuilding CXX object CMakeFiles/micro_ros_msgs__rosidl_typesupport_introspection_cpp.dir/rosidl_typesupport_introspection_cpp/micro_ros_msgs/msg/detail/node__type_support.cpp.o[0m
[10.935s] [ 38%] [32mBuilding CXX object CMakeFiles/micro_ros_msgs__rosidl_typesupport_introspection_cpp.dir/rosidl_typesupport_introspection_cpp/micro_ros_msgs/msg/detail/graph__type_support.cpp.o[0m
[10.953s] [ 40%] [32mBuilding CXX object CMakeFiles/micro_ros_msgs__rosidl_typesupport_introspection_cpp.dir/rosidl_typesupport_introspection_cpp/micro_ros_msgs/msg/detail/entity__type_support.cpp.o[0m
[11.733s] [ 42%] [32mBuilding CXX object CMakeFiles/micro_ros_msgs__rosidl_typesupport_cpp.dir/rosidl_typesupport_cpp/micro_ros_msgs/msg/graph__type_support.cpp.o[0m
[11.772s] [ 44%] [32mBuilding CXX object CMakeFiles/micro_ros_msgs__rosidl_typesupport_c.dir/rosidl_typesupport_c/micro_ros_msgs/msg/graph__type_support.cpp.o[0m
[11.866s] [ 46%] [32mBuilding CXX object CMakeFiles/micro_ros_msgs__rosidl_typesupport_c.dir/rosidl_typesupport_c/micro_ros_msgs/msg/node__type_support.cpp.o[0m
[11.946s] [ 48%] [32mBuilding CXX object CMakeFiles/micro_ros_msgs__rosidl_typesupport_c.dir/rosidl_typesupport_c/micro_ros_msgs/msg/entity__type_support.cpp.o[0m
[11.982s] [ 50%] [32mBuilding C object CMakeFiles/micro_ros_msgs__rosidl_typesupport_introspection_c.dir/rosidl_typesupport_introspection_c/micro_ros_msgs/msg/detail/graph__type_support.c.o[0m
[12.098s] [ 51%] [32mBuilding CXX object CMakeFiles/micro_ros_msgs__rosidl_typesupport_fastrtps_cpp.dir/rosidl_typesupport_fastrtps_cpp/micro_ros_msgs/msg/detail/dds_fastrtps/graph__type_support.cpp.o[0m
[12.104s] [ 53%] [32mBuilding C object CMakeFiles/micro_ros_msgs__rosidl_typesupport_introspection_c.dir/rosidl_typesupport_introspection_c/micro_ros_msgs/msg/detail/node__type_support.c.o[0m
[12.149s] [ 55%] [32m[1mLinking CXX shared library libmicro_ros_msgs__rosidl_typesupport_c.so[0m
[12.242s] [ 57%] [32mBuilding C object CMakeFiles/micro_ros_msgs__rosidl_typesupport_introspection_c.dir/rosidl_typesupport_introspection_c/micro_ros_msgs/msg/detail/entity__type_support.c.o[0m
[12.255s] [ 57%] Built target micro_ros_msgs__rosidl_typesupport_c
[12.277s] [ 59%] [32mBuilding CXX object CMakeFiles/micro_ros_msgs__rosidl_typesupport_fastrtps_c.dir/rosidl_typesupport_fastrtps_c/micro_ros_msgs/msg/detail/graph__type_support_c.cpp.o[0m
[12.283s] [ 61%] [32mBuilding CXX object CMakeFiles/micro_ros_msgs__rosidl_typesupport_fastrtps_c.dir/rosidl_typesupport_fastrtps_c/micro_ros_msgs/msg/detail/node__type_support_c.cpp.o[0m
[12.384s] [ 62%] [32m[1mLinking C shared library libmicro_ros_msgs__rosidl_typesupport_introspection_c.so[0m
[12.506s] [ 64%] [32mBuilding CXX object CMakeFiles/micro_ros_msgs__rosidl_typesupport_cpp.dir/rosidl_typesupport_cpp/micro_ros_msgs/msg/node__type_support.cpp.o[0m
[12.527s] [ 64%] Built target micro_ros_msgs__rosidl_typesupport_introspection_c
[12.590s] [ 66%] [32mBuilding CXX object CMakeFiles/micro_ros_msgs__rosidl_typesupport_fastrtps_c.dir/rosidl_typesupport_fastrtps_c/micro_ros_msgs/msg/detail/entity__type_support_c.cpp.o[0m
[12.846s] [ 68%] [32mBuilding CXX object CMakeFiles/micro_ros_msgs__rosidl_typesupport_fastrtps_cpp.dir/rosidl_typesupport_fastrtps_cpp/micro_ros_msgs/msg/detail/dds_fastrtps/node__type_support.cpp.o[0m
[13.013s] [ 70%] [32mBuilding CXX object CMakeFiles/micro_ros_msgs__rosidl_typesupport_fastrtps_cpp.dir/rosidl_typesupport_fastrtps_cpp/micro_ros_msgs/msg/detail/dds_fastrtps/entity__type_support.cpp.o[0m
[13.233s] [ 72%] [32mBuilding CXX object CMakeFiles/micro_ros_msgs__rosidl_typesupport_cpp.dir/rosidl_typesupport_cpp/micro_ros_msgs/msg/entity__type_support.cpp.o[0m
[13.466s] [ 74%] [32m[1mLinking CXX shared library libmicro_ros_msgs__rosidl_typesupport_introspection_cpp.so[0m
[13.699s] [ 74%] Built target micro_ros_msgs__rosidl_typesupport_introspection_cpp
[13.848s] [ 75%] [32m[1mLinking CXX shared library libmicro_ros_msgs__rosidl_typesupport_cpp.so[0m
[14.023s] [ 75%] Built target micro_ros_msgs__rosidl_typesupport_cpp
[14.903s] [ 77%] [32m[1mLinking CXX shared library libmicro_ros_msgs__rosidl_typesupport_fastrtps_c.so[0m
[14.978s] [ 79%] [32m[1mLinking CXX shared library libmicro_ros_msgs__rosidl_typesupport_fastrtps_cpp.so[0m
[15.424s] [ 79%] Built target micro_ros_msgs__rosidl_typesupport_fastrtps_c
[15.430s] [ 79%] Built target micro_ros_msgs__rosidl_typesupport_fastrtps_cpp
[15.492s] [ 79%] Built target micro_ros_msgs
[15.558s] [ 81%] [34m[1mGenerating Python code for ROS interfaces[0m
[18.320s] [ 81%] Built target micro_ros_msgs__py
[18.396s] [ 83%] [32mBuilding C object CMakeFiles/micro_ros_msgs__rosidl_generator_py.dir/rosidl_generator_py/micro_ros_msgs/msg/_graph_s.c.o[0m
[18.401s] [ 85%] [32mBuilding C object CMakeFiles/micro_ros_msgs__rosidl_generator_py.dir/rosidl_generator_py/micro_ros_msgs/msg/_node_s.c.o[0m
[18.430s] [ 87%] [32mBuilding C object CMakeFiles/micro_ros_msgs__rosidl_generator_py.dir/rosidl_generator_py/micro_ros_msgs/msg/_entity_s.c.o[0m
[18.975s] [ 88%] [32m[1mLinking C shared library libmicro_ros_msgs__rosidl_generator_py.so[0m
[19.102s] [ 88%] Built target micro_ros_msgs__rosidl_generator_py
[19.174s] [ 90%] [32mBuilding C object CMakeFiles/micro_ros_msgs_s__rosidl_typesupport_introspection_c.dir/rosidl_generator_py/micro_ros_msgs/_micro_ros_msgs_s.ep.rosidl_typesupport_introspection_c.c.o[0m
[19.185s] [ 92%] [32mBuilding C object CMakeFiles/micro_ros_msgs_s__rosidl_typesupport_fastrtps_c.dir/rosidl_generator_py/micro_ros_msgs/_micro_ros_msgs_s.ep.rosidl_typesupport_fastrtps_c.c.o[0m
[19.194s] [ 94%] [32mBuilding C object CMakeFiles/micro_ros_msgs_s__rosidl_typesupport_c.dir/rosidl_generator_py/micro_ros_msgs/_micro_ros_msgs_s.ep.rosidl_typesupport_c.c.o[0m
[19.516s] [ 96%] [32m[1mLinking C shared module rosidl_generator_py/micro_ros_msgs/micro_ros_msgs_s__rosidl_typesupport_c.so[0m
[19.558s] [ 98%] [32m[1mLinking C shared module rosidl_generator_py/micro_ros_msgs/micro_ros_msgs_s__rosidl_typesupport_introspection_c.so[0m
[19.643s] [ 98%] Built target micro_ros_msgs_s__rosidl_typesupport_c
[19.662s] [100%] [32m[1mLinking C shared module rosidl_generator_py/micro_ros_msgs/micro_ros_msgs_s__rosidl_typesupport_fastrtps_c.so[0m
[19.692s] [100%] Built target micro_ros_msgs_s__rosidl_typesupport_introspection_c
[19.769s] [100%] Built target micro_ros_msgs_s__rosidl_typesupport_fastrtps_c
[19.826s] Invoked command in '/home/group3-robot/robp_group3/build/micro_ros_msgs' returned '0': CMAKE_PREFIX_PATH=${CMAKE_PREFIX_PATH}:/home/group3-robot/robp_group3/robp_ws/install/robp_launch:/home/group3-robot/robp_group3/robp_ws/install/odometry:/home/group3-robot/robp_group3/robp_ws/install/robp_boot_camp_launch:/home/group3-robot/robp_group3/robp_ws/install/path_planner:/home/group3-robot/robp_group3/robp_ws/install/mapping:/home/group3-robot/robp_group3/robp_ws/install/joystick_teleop:/home/group3-robot/robp_group3/robp_ws/install/detection:/home/group3-robot/robp_group3/robp_ws/install/arm_servos_pubs_subs:/home/group3-robot/robp_group3/robp_ws/install/arm_controller:/home/group3-robot/dd2419_ws/install/robp_launch:/home/group3-robot/dd2419_ws/install/odometry:/home/group3-robot/dd2419_ws/install/joystick_teleop:/home/group3-robot/dd2419_ws/install/detection:/home/group3-robot/dd2419_ws/install/arm_servos_pubs_subs:/home/group3-robot/dd2419_ws/install/arm_controller:/home/group3-robot/robp_group3/install/robp_launch:/home/group3-robot/robp_group3/install/odometry:/home/group3-robot/robp_group3/install/robp_boot_camp_launch:/home/group3-robot/robp_group3/install/path_planner:/home/group3-robot/robp_group3/install/mapping:/home/group3-robot/robp_group3/install/joystick_teleop:/home/group3-robot/robp_group3/install/detection:/home/group3-robot/robp_group3/install/arm_servos_pubs_subs:/home/group3-robot/robp_group3/install/arm_controller:/opt/ros/jazzy DEBUGINFOD_URLS=https://debuginfod.ubuntu.com /usr/bin/cmake --build /home/group3-robot/robp_group3/build/micro_ros_msgs -- -j8 -l8
[19.827s] Invoking command in '/home/group3-robot/robp_group3/build/micro_ros_msgs': CMAKE_PREFIX_PATH=${CMAKE_PREFIX_PATH}:/home/group3-robot/robp_group3/robp_ws/install/robp_launch:/home/group3-robot/robp_group3/robp_ws/install/odometry:/home/group3-robot/robp_group3/robp_ws/install/robp_boot_camp_launch:/home/group3-robot/robp_group3/robp_ws/install/path_planner:/home/group3-robot/robp_group3/robp_ws/install/mapping:/home/group3-robot/robp_group3/robp_ws/install/joystick_teleop:/home/group3-robot/robp_group3/robp_ws/install/detection:/home/group3-robot/robp_group3/robp_ws/install/arm_servos_pubs_subs:/home/group3-robot/robp_group3/robp_ws/install/arm_controller:/home/group3-robot/dd2419_ws/install/robp_launch:/home/group3-robot/dd2419_ws/install/odometry:/home/group3-robot/dd2419_ws/install/joystick_teleop:/home/group3-robot/dd2419_ws/install/detection:/home/group3-robot/dd2419_ws/install/arm_servos_pubs_subs:/home/group3-robot/dd2419_ws/install/arm_controller:/home/group3-robot/robp_group3/install/robp_launch:/home/group3-robot/robp_group3/install/odometry:/home/group3-robot/robp_group3/install/robp_boot_camp_launch:/home/group3-robot/robp_group3/install/path_planner:/home/group3-robot/robp_group3/install/mapping:/home/group3-robot/robp_group3/install/joystick_teleop:/home/group3-robot/robp_group3/install/detection:/home/group3-robot/robp_group3/install/arm_servos_pubs_subs:/home/group3-robot/robp_group3/install/arm_controller:/opt/ros/jazzy DEBUGINFOD_URLS=https://debuginfod.ubuntu.com /usr/bin/cmake --install /home/group3-robot/robp_group3/build/micro_ros_msgs
[19.843s] -- Install configuration: ""
[19.844s] -- Execute custom install script
[19.846s] -- Symlinking: /home/group3-robot/robp_group3/install/micro_ros_msgs/share/ament_index/resource_index/rosidl_interfaces/micro_ros_msgs
[19.870s] -- Symlinking: /home/group3-robot/robp_group3/install/micro_ros_msgs/share/micro_ros_msgs/msg/Graph.json
[19.898s] -- Symlinking: /home/group3-robot/robp_group3/install/micro_ros_msgs/share/micro_ros_msgs/msg/Node.json
[19.932s] -- Symlinking: /home/group3-robot/robp_group3/install/micro_ros_msgs/share/micro_ros_msgs/msg/Entity.json
[19.971s] -- Symlinking: /home/group3-robot/robp_group3/install/micro_ros_msgs/include/micro_ros_msgs/micro_ros_msgs/msg/detail/entity__functions.h
[19.997s] -- Symlinking: /home/group3-robot/robp_group3/install/micro_ros_msgs/include/micro_ros_msgs/micro_ros_msgs/msg/detail/entity__struct.h
[20.022s] -- Symlinking: /home/group3-robot/robp_group3/install/micro_ros_msgs/include/micro_ros_msgs/micro_ros_msgs/msg/detail/entity__type_support.h
[20.035s] -- Symlinking: /home/group3-robot/robp_group3/install/micro_ros_msgs/include/micro_ros_msgs/micro_ros_msgs/msg/detail/graph__functions.h
[20.052s] -- Symlinking: /home/group3-robot/robp_group3/install/micro_ros_msgs/include/micro_ros_msgs/micro_ros_msgs/msg/detail/graph__struct.h
[20.084s] -- Symlinking: /home/group3-robot/robp_group3/install/micro_ros_msgs/include/micro_ros_msgs/micro_ros_msgs/msg/detail/graph__type_support.h
[20.118s] -- Symlinking: /home/group3-robot/robp_group3/install/micro_ros_msgs/include/micro_ros_msgs/micro_ros_msgs/msg/detail/node__functions.h
[20.145s] -- Symlinking: /home/group3-robot/robp_group3/install/micro_ros_msgs/include/micro_ros_msgs/micro_ros_msgs/msg/detail/node__struct.h
[20.166s] -- Symlinking: /home/group3-robot/robp_group3/install/micro_ros_msgs/include/micro_ros_msgs/micro_ros_msgs/msg/detail/node__type_support.h
[20.179s] -- Symlinking: /home/group3-robot/robp_group3/install/micro_ros_msgs/include/micro_ros_msgs/micro_ros_msgs/msg/entity.h
[20.210s] -- Symlinking: /home/group3-robot/robp_group3/install/micro_ros_msgs/include/micro_ros_msgs/micro_ros_msgs/msg/graph.h
[20.238s] -- Symlinking: /home/group3-robot/robp_group3/install/micro_ros_msgs/include/micro_ros_msgs/micro_ros_msgs/msg/node.h
[20.266s] -- Symlinking: /home/group3-robot/robp_group3/install/micro_ros_msgs/include/micro_ros_msgs/micro_ros_msgs/msg/rosidl_generator_c__visibility_control.h
[20.294s] -- Symlinking: /home/group3-robot/robp_group3/install/micro_ros_msgs/share/micro_ros_msgs/environment/library_path.sh
[20.344s] -- Symlinking: /home/group3-robot/robp_group3/install/micro_ros_msgs/share/micro_ros_msgs/environment/library_path.dsv
[20.368s] -- Symlinking: /home/group3-robot/robp_group3/install/micro_ros_msgs/include/micro_ros_msgs/micro_ros_msgs/msg/detail/entity__rosidl_typesupport_fastrtps_c.h
[20.382s] -- Symlinking: /home/group3-robot/robp_group3/install/micro_ros_msgs/include/micro_ros_msgs/micro_ros_msgs/msg/detail/graph__rosidl_typesupport_fastrtps_c.h
[20.417s] -- Symlinking: /home/group3-robot/robp_group3/install/micro_ros_msgs/include/micro_ros_msgs/micro_ros_msgs/msg/detail/node__rosidl_typesupport_fastrtps_c.h
[20.447s] -- Symlinking: /home/group3-robot/robp_group3/install/micro_ros_msgs/include/micro_ros_msgs/micro_ros_msgs/msg/rosidl_typesupport_fastrtps_c__visibility_control.h
[20.471s] -- Symlinking: /home/group3-robot/robp_group3/install/micro_ros_msgs/include/micro_ros_msgs/micro_ros_msgs/msg/detail/entity__rosidl_typesupport_introspection_c.h
[20.529s] -- Symlinking: /home/group3-robot/robp_group3/install/micro_ros_msgs/include/micro_ros_msgs/micro_ros_msgs/msg/detail/graph__rosidl_typesupport_introspection_c.h
[20.591s] -- Symlinking: /home/group3-robot/robp_group3/install/micro_ros_msgs/include/micro_ros_msgs/micro_ros_msgs/msg/detail/node__rosidl_typesupport_introspection_c.h
[20.636s] -- Symlinking: /home/group3-robot/robp_group3/install/micro_ros_msgs/include/micro_ros_msgs/micro_ros_msgs/msg/rosidl_typesupport_introspection_c__visibility_control.h
[20.663s] -- Symlinking: /home/group3-robot/robp_group3/install/micro_ros_msgs/include/micro_ros_msgs/micro_ros_msgs/msg/detail/entity__builder.hpp
[20.683s] -- Symlinking: /home/group3-robot/robp_group3/install/micro_ros_msgs/include/micro_ros_msgs/micro_ros_msgs/msg/detail/entity__struct.hpp
[20.696s] -- Symlinking: /home/group3-robot/robp_group3/install/micro_ros_msgs/include/micro_ros_msgs/micro_ros_msgs/msg/detail/entity__traits.hpp
[20.710s] -- Symlinking: /home/group3-robot/robp_group3/install/micro_ros_msgs/include/micro_ros_msgs/micro_ros_msgs/msg/detail/entity__type_support.hpp
[20.763s] -- Symlinking: /home/group3-robot/robp_group3/install/micro_ros_msgs/include/micro_ros_msgs/micro_ros_msgs/msg/detail/graph__builder.hpp
[20.811s] -- Symlinking: /home/group3-robot/robp_group3/install/micro_ros_msgs/include/micro_ros_msgs/micro_ros_msgs/msg/detail/graph__struct.hpp
[20.884s] -- Symlinking: /home/group3-robot/robp_group3/install/micro_ros_msgs/include/micro_ros_msgs/micro_ros_msgs/msg/detail/graph__traits.hpp
[20.942s] -- Symlinking: /home/group3-robot/robp_group3/install/micro_ros_msgs/include/micro_ros_msgs/micro_ros_msgs/msg/detail/graph__type_support.hpp
[20.991s] -- Symlinking: /home/group3-robot/robp_group3/install/micro_ros_msgs/include/micro_ros_msgs/micro_ros_msgs/msg/detail/node__builder.hpp
[21.019s] -- Symlinking: /home/group3-robot/robp_group3/install/micro_ros_msgs/include/micro_ros_msgs/micro_ros_msgs/msg/detail/node__struct.hpp
[21.050s] -- Symlinking: /home/group3-robot/robp_group3/install/micro_ros_msgs/include/micro_ros_msgs/micro_ros_msgs/msg/detail/node__traits.hpp
[21.081s] -- Symlinking: /home/group3-robot/robp_group3/install/micro_ros_msgs/include/micro_ros_msgs/micro_ros_msgs/msg/detail/node__type_support.hpp
[21.117s] -- Symlinking: /home/group3-robot/robp_group3/install/micro_ros_msgs/include/micro_ros_msgs/micro_ros_msgs/msg/entity.hpp
[21.148s] -- Symlinking: /home/group3-robot/robp_group3/install/micro_ros_msgs/include/micro_ros_msgs/micro_ros_msgs/msg/graph.hpp
[21.185s] -- Symlinking: /home/group3-robot/robp_group3/install/micro_ros_msgs/include/micro_ros_msgs/micro_ros_msgs/msg/node.hpp
[21.220s] -- Symlinking: /home/group3-robot/robp_group3/install/micro_ros_msgs/include/micro_ros_msgs/micro_ros_msgs/msg/rosidl_generator_cpp__visibility_control.hpp
[21.259s] -- Symlinking: /home/group3-robot/robp_group3/install/micro_ros_msgs/include/micro_ros_msgs/micro_ros_msgs/msg/detail/entity__rosidl_typesupport_fastrtps_cpp.hpp
[21.275s] -- Symlinking: /home/group3-robot/robp_group3/install/micro_ros_msgs/include/micro_ros_msgs/micro_ros_msgs/msg/detail/graph__rosidl_typesupport_fastrtps_cpp.hpp
[21.326s] -- Symlinking: /home/group3-robot/robp_group3/install/micro_ros_msgs/include/micro_ros_msgs/micro_ros_msgs/msg/detail/node__rosidl_typesupport_fastrtps_cpp.hpp
[21.363s] -- Symlinking: /home/group3-robot/robp_group3/install/micro_ros_msgs/include/micro_ros_msgs/micro_ros_msgs/msg/rosidl_typesupport_fastrtps_cpp__visibility_control.h
[21.418s] -- Symlinking: /home/group3-robot/robp_group3/install/micro_ros_msgs/include/micro_ros_msgs/micro_ros_msgs/msg/detail/entity__rosidl_typesupport_introspection_cpp.hpp
[21.491s] -- Symlinking: /home/group3-robot/robp_group3/install/micro_ros_msgs/include/micro_ros_msgs/micro_ros_msgs/msg/detail/graph__rosidl_typesupport_introspection_cpp.hpp
[21.567s] -- Symlinking: /home/group3-robot/robp_group3/install/micro_ros_msgs/include/micro_ros_msgs/micro_ros_msgs/msg/detail/node__rosidl_typesupport_introspection_cpp.hpp
[21.609s] -- Symlinking: /home/group3-robot/robp_group3/install/micro_ros_msgs/share/micro_ros_msgs/environment/pythonpath.sh
[21.652s] -- Symlinking: /home/group3-robot/robp_group3/install/micro_ros_msgs/share/micro_ros_msgs/environment/pythonpath.dsv
[21.711s] -- Symlinking: /home/group3-robot/robp_group3/install/micro_ros_msgs/lib/python3.12/site-packages/micro_ros_msgs-5.0.2-py3.12.egg-info/PKG-INFO
[21.749s] -- Symlinking: /home/group3-robot/robp_group3/install/micro_ros_msgs/lib/python3.12/site-packages/micro_ros_msgs-5.0.2-py3.12.egg-info/SOURCES.txt
[21.805s] -- Symlinking: /home/group3-robot/robp_group3/install/micro_ros_msgs/lib/python3.12/site-packages/micro_ros_msgs-5.0.2-py3.12.egg-info/dependency_links.txt
[21.850s] -- Symlinking: /home/group3-robot/robp_group3/install/micro_ros_msgs/lib/python3.12/site-packages/micro_ros_msgs-5.0.2-py3.12.egg-info/top_level.txt
[21.876s] -- Symlinking: /home/group3-robot/robp_group3/install/micro_ros_msgs/lib/python3.12/site-packages/micro_ros_msgs/__init__.py
[21.903s] -- Symlinking: /home/group3-robot/robp_group3/install/micro_ros_msgs/lib/python3.12/site-packages/micro_ros_msgs/_micro_ros_msgs_s.ep.rosidl_typesupport_c.c
[21.930s] -- Symlinking: /home/group3-robot/robp_group3/install/micro_ros_msgs/lib/python3.12/site-packages/micro_ros_msgs/_micro_ros_msgs_s.ep.rosidl_typesupport_fastrtps_c.c
[21.956s] -- Symlinking: /home/group3-robot/robp_group3/install/micro_ros_msgs/lib/python3.12/site-packages/micro_ros_msgs/_micro_ros_msgs_s.ep.rosidl_typesupport_introspection_c.c
[21.971s] -- Symlinking: /home/group3-robot/robp_group3/install/micro_ros_msgs/lib/python3.12/site-packages/micro_ros_msgs/micro_ros_msgs_s__rosidl_typesupport_c.so
[21.989s] -- Symlinking: /home/group3-robot/robp_group3/install/micro_ros_msgs/lib/python3.12/site-packages/micro_ros_msgs/micro_ros_msgs_s__rosidl_typesupport_fastrtps_c.so
[22.012s] -- Symlinking: /home/group3-robot/robp_group3/install/micro_ros_msgs/lib/python3.12/site-packages/micro_ros_msgs/micro_ros_msgs_s__rosidl_typesupport_introspection_c.so
[22.044s] -- Symlinking: /home/group3-robot/robp_group3/install/micro_ros_msgs/lib/python3.12/site-packages/micro_ros_msgs/msg/__init__.py
[22.065s] -- Symlinking: /home/group3-robot/robp_group3/install/micro_ros_msgs/lib/python3.12/site-packages/micro_ros_msgs/msg/_entity.py
[22.096s] -- Symlinking: /home/group3-robot/robp_group3/install/micro_ros_msgs/lib/python3.12/site-packages/micro_ros_msgs/msg/_entity_s.c
[22.132s] -- Symlinking: /home/group3-robot/robp_group3/install/micro_ros_msgs/lib/python3.12/site-packages/micro_ros_msgs/msg/_graph.py
[22.169s] -- Symlinking: /home/group3-robot/robp_group3/install/micro_ros_msgs/lib/python3.12/site-packages/micro_ros_msgs/msg/_graph_s.c
[22.199s] -- Symlinking: /home/group3-robot/robp_group3/install/micro_ros_msgs/lib/python3.12/site-packages/micro_ros_msgs/msg/_node.py
[22.212s] -- Symlinking: /home/group3-robot/robp_group3/install/micro_ros_msgs/lib/python3.12/site-packages/micro_ros_msgs/msg/_node_s.c
[22.237s] -- Up-to-date symlink: /home/group3-robot/robp_group3/install/micro_ros_msgs/lib/python3.12/site-packages/micro_ros_msgs/micro_ros_msgs_s__rosidl_typesupport_fastrtps_c.so
[22.238s] -- Up-to-date symlink: /home/group3-robot/robp_group3/install/micro_ros_msgs/lib/python3.12/site-packages/micro_ros_msgs/micro_ros_msgs_s__rosidl_typesupport_introspection_c.so
[22.241s] -- Up-to-date symlink: /home/group3-robot/robp_group3/install/micro_ros_msgs/lib/python3.12/site-packages/micro_ros_msgs/micro_ros_msgs_s__rosidl_typesupport_c.so
[22.241s] -- Symlinking: /home/group3-robot/robp_group3/install/micro_ros_msgs/share/micro_ros_msgs/msg/Graph.idl
[22.262s] -- Symlinking: /home/group3-robot/robp_group3/install/micro_ros_msgs/share/micro_ros_msgs/msg/Node.idl
[22.293s] -- Symlinking: /home/group3-robot/robp_group3/install/micro_ros_msgs/share/micro_ros_msgs/msg/Entity.idl
[22.320s] -- Symlinking: /home/group3-robot/robp_group3/install/micro_ros_msgs/share/micro_ros_msgs/msg/Graph.msg
[22.347s] -- Symlinking: /home/group3-robot/robp_group3/install/micro_ros_msgs/share/micro_ros_msgs/msg/Node.msg
[22.377s] -- Symlinking: /home/group3-robot/robp_group3/install/micro_ros_msgs/share/micro_ros_msgs/msg/Entity.msg
[22.404s] -- Symlinking: /home/group3-robot/robp_group3/install/micro_ros_msgs/share/ament_index/resource_index/package_run_dependencies/micro_ros_msgs
[22.431s] -- Symlinking: /home/group3-robot/robp_group3/install/micro_ros_msgs/share/ament_index/resource_index/parent_prefix_path/micro_ros_msgs
[22.465s] -- Symlinking: /home/group3-robot/robp_group3/install/micro_ros_msgs/share/micro_ros_msgs/environment/ament_prefix_path.sh
[22.487s] -- Symlinking: /home/group3-robot/robp_group3/install/micro_ros_msgs/share/micro_ros_msgs/environment/ament_prefix_path.dsv
[22.513s] -- Symlinking: /home/group3-robot/robp_group3/install/micro_ros_msgs/share/micro_ros_msgs/environment/path.sh
[22.527s] -- Symlinking: /home/group3-robot/robp_group3/install/micro_ros_msgs/share/micro_ros_msgs/environment/path.dsv
[22.540s] -- Symlinking: /home/group3-robot/robp_group3/install/micro_ros_msgs/share/micro_ros_msgs/local_setup.bash
[22.552s] -- Symlinking: /home/group3-robot/robp_group3/install/micro_ros_msgs/share/micro_ros_msgs/local_setup.sh
[22.566s] -- Symlinking: /home/group3-robot/robp_group3/install/micro_ros_msgs/share/micro_ros_msgs/local_setup.zsh
[22.599s] -- Symlinking: /home/group3-robot/robp_group3/install/micro_ros_msgs/share/micro_ros_msgs/local_setup.dsv
[22.629s] -- Symlinking: /home/group3-robot/robp_group3/install/micro_ros_msgs/share/micro_ros_msgs/package.dsv
[22.655s] -- Symlinking: /home/group3-robot/robp_group3/install/micro_ros_msgs/share/ament_index/resource_index/packages/micro_ros_msgs
[22.682s] -- Symlinking: /home/group3-robot/robp_group3/install/micro_ros_msgs/share/micro_ros_msgs/cmake/rosidl_cmake-extras.cmake
[22.708s] -- Symlinking: /home/group3-robot/robp_group3/install/micro_ros_msgs/share/micro_ros_msgs/cmake/ament_cmake_export_include_directories-extras.cmake
[22.733s] -- Symlinking: /home/group3-robot/robp_group3/install/micro_ros_msgs/share/micro_ros_msgs/cmake/ament_cmake_export_libraries-extras.cmake
[22.761s] -- Symlinking: /home/group3-robot/robp_group3/install/micro_ros_msgs/share/micro_ros_msgs/cmake/ament_cmake_export_targets-extras.cmake
[22.790s] -- Symlinking: /home/group3-robot/robp_group3/install/micro_ros_msgs/share/micro_ros_msgs/cmake/rosidl_cmake_export_typesupport_targets-extras.cmake
[22.826s] -- Symlinking: /home/group3-robot/robp_group3/install/micro_ros_msgs/share/micro_ros_msgs/cmake/ament_cmake_export_dependencies-extras.cmake
[22.851s] -- Symlinking: /home/group3-robot/robp_group3/install/micro_ros_msgs/share/micro_ros_msgs/cmake/rosidl_cmake_export_typesupport_libraries-extras.cmake
[22.868s] -- Symlinking: /home/group3-robot/robp_group3/install/micro_ros_msgs/share/micro_ros_msgs/cmake/micro_ros_msgsConfig.cmake
[22.924s] -- Symlinking: /home/group3-robot/robp_group3/install/micro_ros_msgs/share/micro_ros_msgs/cmake/micro_ros_msgsConfig-version.cmake
[22.949s] -- Symlinking: /home/group3-robot/robp_group3/install/micro_ros_msgs/share/micro_ros_msgs/package.xml
[22.975s] -- Installing: /home/group3-robot/robp_group3/install/micro_ros_msgs/lib/libmicro_ros_msgs__rosidl_generator_c.so
[22.986s] -- Set non-toolchain portion of runtime path of "/home/group3-robot/robp_group3/install/micro_ros_msgs/lib/libmicro_ros_msgs__rosidl_generator_c.so" to ""
[22.986s] -- Installing: /home/group3-robot/robp_group3/install/micro_ros_msgs/lib/libmicro_ros_msgs__rosidl_typesupport_fastrtps_c.so
[22.986s] -- Set non-toolchain portion of runtime path of "/home/group3-robot/robp_group3/install/micro_ros_msgs/lib/libmicro_ros_msgs__rosidl_typesupport_fastrtps_c.so" to ""
[22.986s] -- Installing: /home/group3-robot/robp_group3/install/micro_ros_msgs/lib/libmicro_ros_msgs__rosidl_typesupport_introspection_c.so
[22.986s] -- Set non-toolchain portion of runtime path of "/home/group3-robot/robp_group3/install/micro_ros_msgs/lib/libmicro_ros_msgs__rosidl_typesupport_introspection_c.so" to ""
[22.986s] -- Installing: /home/group3-robot/robp_group3/install/micro_ros_msgs/lib/libmicro_ros_msgs__rosidl_typesupport_c.so
[22.987s] -- Set non-toolchain portion of runtime path of "/home/group3-robot/robp_group3/install/micro_ros_msgs/lib/libmicro_ros_msgs__rosidl_typesupport_c.so" to ""
[22.987s] -- Installing: /home/group3-robot/robp_group3/install/micro_ros_msgs/lib/libmicro_ros_msgs__rosidl_typesupport_fastrtps_cpp.so
[22.987s] -- Set non-toolchain portion of runtime path of "/home/group3-robot/robp_group3/install/micro_ros_msgs/lib/libmicro_ros_msgs__rosidl_typesupport_fastrtps_cpp.so" to ""
[22.987s] -- Installing: /home/group3-robot/robp_group3/install/micro_ros_msgs/lib/libmicro_ros_msgs__rosidl_typesupport_introspection_cpp.so
[22.989s] -- Set non-toolchain portion of runtime path of "/home/group3-robot/robp_group3/install/micro_ros_msgs/lib/libmicro_ros_msgs__rosidl_typesupport_introspection_cpp.so" to ""
[22.989s] -- Installing: /home/group3-robot/robp_group3/install/micro_ros_msgs/lib/libmicro_ros_msgs__rosidl_typesupport_cpp.so
[22.995s] -- Set non-toolchain portion of runtime path of "/home/group3-robot/robp_group3/install/micro_ros_msgs/lib/libmicro_ros_msgs__rosidl_typesupport_cpp.so" to ""
[23.115s] Listing '/home/group3-robot/robp_group3/install/micro_ros_msgs/lib/python3.12/site-packages/micro_ros_msgs'...
[23.115s] Compiling '/home/group3-robot/robp_group3/install/micro_ros_msgs/lib/python3.12/site-packages/micro_ros_msgs/__init__.py'...
[23.115s] Listing '/home/group3-robot/robp_group3/install/micro_ros_msgs/lib/python3.12/site-packages/micro_ros_msgs/msg'...
[23.115s] Compiling '/home/group3-robot/robp_group3/install/micro_ros_msgs/lib/python3.12/site-packages/micro_ros_msgs/msg/__init__.py'...
[23.115s] Compiling '/home/group3-robot/robp_group3/install/micro_ros_msgs/lib/python3.12/site-packages/micro_ros_msgs/msg/_entity.py'...
[23.115s] Compiling '/home/group3-robot/robp_group3/install/micro_ros_msgs/lib/python3.12/site-packages/micro_ros_msgs/msg/_graph.py'...
[23.116s] Compiling '/home/group3-robot/robp_group3/install/micro_ros_msgs/lib/python3.12/site-packages/micro_ros_msgs/msg/_node.py'...
[23.125s] -- Installing: /home/group3-robot/robp_group3/install/micro_ros_msgs/lib/libmicro_ros_msgs__rosidl_generator_py.so
[23.125s] -- Set non-toolchain portion of runtime path of "/home/group3-robot/robp_group3/install/micro_ros_msgs/lib/libmicro_ros_msgs__rosidl_generator_py.so" to ""
[23.126s] -- Installing: /home/group3-robot/robp_group3/install/micro_ros_msgs/share/micro_ros_msgs/cmake/export_micro_ros_msgs__rosidl_generator_cExport.cmake
[23.126s] -- Installing: /home/group3-robot/robp_group3/install/micro_ros_msgs/share/micro_ros_msgs/cmake/export_micro_ros_msgs__rosidl_generator_cExport-noconfig.cmake
[23.127s] -- Installing: /home/group3-robot/robp_group3/install/micro_ros_msgs/share/micro_ros_msgs/cmake/export_micro_ros_msgs__rosidl_typesupport_fastrtps_cExport.cmake
[23.127s] -- Installing: /home/group3-robot/robp_group3/install/micro_ros_msgs/share/micro_ros_msgs/cmake/export_micro_ros_msgs__rosidl_typesupport_fastrtps_cExport-noconfig.cmake
[23.127s] -- Installing: /home/group3-robot/robp_group3/install/micro_ros_msgs/share/micro_ros_msgs/cmake/micro_ros_msgs__rosidl_typesupport_introspection_cExport.cmake
[23.128s] -- Installing: /home/group3-robot/robp_group3/install/micro_ros_msgs/share/micro_ros_msgs/cmake/micro_ros_msgs__rosidl_typesupport_introspection_cExport-noconfig.cmake
[23.128s] -- Installing: /home/group3-robot/robp_group3/install/micro_ros_msgs/share/micro_ros_msgs/cmake/micro_ros_msgs__rosidl_typesupport_cExport.cmake
[23.128s] -- Installing: /home/group3-robot/robp_group3/install/micro_ros_msgs/share/micro_ros_msgs/cmake/micro_ros_msgs__rosidl_typesupport_cExport-noconfig.cmake
[23.129s] -- Installing: /home/group3-robot/robp_group3/install/micro_ros_msgs/share/micro_ros_msgs/cmake/export_micro_ros_msgs__rosidl_generator_cppExport.cmake
[23.129s] -- Installing: /home/group3-robot/robp_group3/install/micro_ros_msgs/share/micro_ros_msgs/cmake/export_micro_ros_msgs__rosidl_typesupport_fastrtps_cppExport.cmake
[23.129s] -- Installing: /home/group3-robot/robp_group3/install/micro_ros_msgs/share/micro_ros_msgs/cmake/export_micro_ros_msgs__rosidl_typesupport_fastrtps_cppExport-noconfig.cmake
[23.130s] -- Installing: /home/group3-robot/robp_group3/install/micro_ros_msgs/share/micro_ros_msgs/cmake/micro_ros_msgs__rosidl_typesupport_introspection_cppExport.cmake
[23.130s] -- Installing: /home/group3-robot/robp_group3/install/micro_ros_msgs/share/micro_ros_msgs/cmake/micro_ros_msgs__rosidl_typesupport_introspection_cppExport-noconfig.cmake
[23.130s] -- Installing: /home/group3-robot/robp_group3/install/micro_ros_msgs/share/micro_ros_msgs/cmake/micro_ros_msgs__rosidl_typesupport_cppExport.cmake
[23.131s] -- Installing: /home/group3-robot/robp_group3/install/micro_ros_msgs/share/micro_ros_msgs/cmake/micro_ros_msgs__rosidl_typesupport_cppExport-noconfig.cmake
[23.131s] -- Installing: /home/group3-robot/robp_group3/install/micro_ros_msgs/share/micro_ros_msgs/cmake/export_micro_ros_msgs__rosidl_generator_pyExport.cmake
[23.132s] -- Installing: /home/group3-robot/robp_group3/install/micro_ros_msgs/share/micro_ros_msgs/cmake/export_micro_ros_msgs__rosidl_generator_pyExport-noconfig.cmake
[23.152s] Invoked command in '/home/group3-robot/robp_group3/build/micro_ros_msgs' returned '0': CMAKE_PREFIX_PATH=${CMAKE_PREFIX_PATH}:/home/group3-robot/robp_group3/robp_ws/install/robp_launch:/home/group3-robot/robp_group3/robp_ws/install/odometry:/home/group3-robot/robp_group3/robp_ws/install/robp_boot_camp_launch:/home/group3-robot/robp_group3/robp_ws/install/path_planner:/home/group3-robot/robp_group3/robp_ws/install/mapping:/home/group3-robot/robp_group3/robp_ws/install/joystick_teleop:/home/group3-robot/robp_group3/robp_ws/install/detection:/home/group3-robot/robp_group3/robp_ws/install/arm_servos_pubs_subs:/home/group3-robot/robp_group3/robp_ws/install/arm_controller:/home/group3-robot/dd2419_ws/install/robp_launch:/home/group3-robot/dd2419_ws/install/odometry:/home/group3-robot/dd2419_ws/install/joystick_teleop:/home/group3-robot/dd2419_ws/install/detection:/home/group3-robot/dd2419_ws/install/arm_servos_pubs_subs:/home/group3-robot/dd2419_ws/install/arm_controller:/home/group3-robot/robp_group3/install/robp_launch:/home/group3-robot/robp_group3/install/odometry:/home/group3-robot/robp_group3/install/robp_boot_camp_launch:/home/group3-robot/robp_group3/install/path_planner:/home/group3-robot/robp_group3/install/mapping:/home/group3-robot/robp_group3/install/joystick_teleop:/home/group3-robot/robp_group3/install/detection:/home/group3-robot/robp_group3/install/arm_servos_pubs_subs:/home/group3-robot/robp_group3/install/arm_controller:/opt/ros/jazzy DEBUGINFOD_URLS=https://debuginfod.ubuntu.com /usr/bin/cmake --install /home/group3-robot/robp_group3/build/micro_ros_msgs
