[1.552s] Invoking command in '/home/group3-robot/robp_group3/build/arm_servos_pubs_subs': DEBUGINFOD_URLS=https://debuginfod.ubuntu.com PYTHONPATH=/home/group3-robot/robp_group3/build/arm_servos_pubs_subs/prefix_override:/home/group3-robot/ros2_venv/lib/python3.12/site-packages/colcon_core/task/python/colcon_distutils_commands:/home/group3-robot/robp_group3/install/arm_servos_pubs_subs/lib/python3.12/site-packages:${PYTHONPATH} VIRTUAL_ENV_PROMPT=(ros2_venv) /home/group3-robot/ros2_venv/bin/python3 -W ignore:setup.py install is deprecated -W ignore:easy_install command is deprecated setup.py develop --editable --build-directory /home/group3-robot/robp_group3/build/arm_servos_pubs_subs/build --no-deps symlink_data
[1.792s] /home/group3-robot/ros2_venv/lib/python3.12/site-packages/setuptools/_distutils/dist.py:270: UserWarning: Unknown distribution option: 'tests_require'
[1.792s]   warnings.warn(msg)
[2.001s] running develop
[2.236s] running egg_info
[2.260s] writing arm_servos_pubs_subs.egg-info/PKG-INFO
[2.261s] writing dependency_links to arm_servos_pubs_subs.egg-info/dependency_links.txt
[2.263s] writing entry points to arm_servos_pubs_subs.egg-info/entry_points.txt
[2.265s] writing requirements to arm_servos_pubs_subs.egg-info/requires.txt
[2.265s] writing top-level names to arm_servos_pubs_subs.egg-info/top_level.txt
[2.317s] reading manifest file 'arm_servos_pubs_subs.egg-info/SOURCES.txt'
[2.317s] writing manifest file 'arm_servos_pubs_subs.egg-info/SOURCES.txt'
[2.341s] running build_ext
[2.341s] Creating /home/group3-robot/robp_group3/install/arm_servos_pubs_subs/lib/python3.12/site-packages/arm-servos-pubs-subs.egg-link (link to .)
[2.344s] Installing listener script to /home/group3-robot/robp_group3/install/arm_servos_pubs_subs/lib/arm_servos_pubs_subs
[2.345s] Installing talker script to /home/group3-robot/robp_group3/install/arm_servos_pubs_subs/lib/arm_servos_pubs_subs
[2.345s] 
[2.345s] Installed /home/group3-robot/robp_group3/build/arm_servos_pubs_subs
[2.345s] running symlink_data
[2.748s] Invoked command in '/home/group3-robot/robp_group3/build/arm_servos_pubs_subs' returned '0': DEBUGINFOD_URLS=https://debuginfod.ubuntu.com PYTHONPATH=/home/group3-robot/robp_group3/build/arm_servos_pubs_subs/prefix_override:/home/group3-robot/ros2_venv/lib/python3.12/site-packages/colcon_core/task/python/colcon_distutils_commands:/home/group3-robot/robp_group3/install/arm_servos_pubs_subs/lib/python3.12/site-packages:${PYTHONPATH} VIRTUAL_ENV_PROMPT=(ros2_venv) /home/group3-robot/ros2_venv/bin/python3 -W ignore:setup.py install is deprecated -W ignore:easy_install command is deprecated setup.py develop --editable --build-directory /home/group3-robot/robp_group3/build/arm_servos_pubs_subs/build --no-deps symlink_data
