running develop
running egg_info
creating pick_objects.egg-info
writing pick_objects.egg-info/PKG-INFO
writing dependency_links to pick_objects.egg-info/dependency_links.txt
writing entry points to pick_objects.egg-info/entry_points.txt
writing requirements to pick_objects.egg-info/requires.txt
writing top-level names to pick_objects.egg-info/top_level.txt
writing manifest file 'pick_objects.egg-info/SOURCES.txt'
reading manifest file 'pick_objects.egg-info/SOURCES.txt'
writing manifest file 'pick_objects.egg-info/SOURCES.txt'
running build_ext
Creating /home/group3-robot/robp_group3/install/handle_objects/lib/python3.12/site-packages/pick-objects.egg-link (link to .)
Installing lift_node script to /home/group3-robot/robp_group3/install/handle_objects/lib/handle_objects
Installing pick_node script to /home/group3-robot/robp_group3/install/handle_objects/lib/handle_objects
Installing place_node script to /home/group3-robot/robp_group3/install/handle_objects/lib/handle_objects

Installed /home/group3-robot/robp_group3/build/handle_objects
running symlink_data
symbolically linking /home/group3-robot/robp_group3/build/handle_objects/resource/pick_objects -> /home/group3-robot/robp_group3/install/handle_objects/share/ament_index/resource_index/packages
creating /home/group3-robot/robp_group3/install/handle_objects/share/pick_objects
symbolically linking /home/group3-robot/robp_group3/build/handle_objects/package.xml -> /home/group3-robot/robp_group3/install/handle_objects/share/pick_objects
