[1.401s] Invoking command in '/home/group3-robot/robp_group3/build/handle_objects': AMENT_PREFIX_PATH=/home/group3-robot/robp_group3/install/py_trees:${AMENT_PREFIX_PATH} DEBUGINFOD_URLS=https://debuginfod.ubuntu.com PATH=/home/group3-robot/robp_group3/install/py_trees/bin:${PATH} PYTHONPATH=/home/group3-robot/robp_group3/build/handle_objects/prefix_override:/usr/lib/python3/dist-packages/colcon_core/task/python/colcon_distutils_commands:/home/group3-robot/robp_group3/install/handle_objects/lib/python3.12/site-packages:/home/group3-robot/robp_group3/build/py_trees:/home/group3-robot/robp_group3/install/py_trees/lib/python3.12/site-packages:${PYTHONPATH} /usr/bin/python3 -W ignore:setup.py install is deprecated -W ignore:easy_install command is deprecated setup.py develop --editable --build-directory /home/group3-robot/robp_group3/build/handle_objects/build --no-deps symlink_data
[2.131s] running develop
[2.474s] running egg_info
[2.478s] creating pick_objects.egg-info
[2.514s] writing pick_objects.egg-info/PKG-INFO
[2.518s] writing dependency_links to pick_objects.egg-info/dependency_links.txt
[2.518s] writing entry points to pick_objects.egg-info/entry_points.txt
[2.519s] writing requirements to pick_objects.egg-info/requires.txt
[2.519s] writing top-level names to pick_objects.egg-info/top_level.txt
[2.519s] writing manifest file 'pick_objects.egg-info/SOURCES.txt'
[2.605s] reading manifest file 'pick_objects.egg-info/SOURCES.txt'
[2.606s] writing manifest file 'pick_objects.egg-info/SOURCES.txt'
[2.644s] running build_ext
[2.647s] Creating /home/group3-robot/robp_group3/install/handle_objects/lib/python3.12/site-packages/pick-objects.egg-link (link to .)
[2.647s] Installing lift_node script to /home/group3-robot/robp_group3/install/handle_objects/lib/handle_objects
[2.647s] Installing pick_node script to /home/group3-robot/robp_group3/install/handle_objects/lib/handle_objects
[2.647s] Installing place_node script to /home/group3-robot/robp_group3/install/handle_objects/lib/handle_objects
[2.647s] 
[2.647s] Installed /home/group3-robot/robp_group3/build/handle_objects
[2.647s] running symlink_data
[2.648s] symbolically linking /home/group3-robot/robp_group3/build/handle_objects/resource/pick_objects -> /home/group3-robot/robp_group3/install/handle_objects/share/ament_index/resource_index/packages
[2.648s] creating /home/group3-robot/robp_group3/install/handle_objects/share/pick_objects
[2.648s] symbolically linking /home/group3-robot/robp_group3/build/handle_objects/package.xml -> /home/group3-robot/robp_group3/install/handle_objects/share/pick_objects
[2.714s] Invoked command in '/home/group3-robot/robp_group3/build/handle_objects' returned '0': AMENT_PREFIX_PATH=/home/group3-robot/robp_group3/install/py_trees:${AMENT_PREFIX_PATH} DEBUGINFOD_URLS=https://debuginfod.ubuntu.com PATH=/home/group3-robot/robp_group3/install/py_trees/bin:${PATH} PYTHONPATH=/home/group3-robot/robp_group3/build/handle_objects/prefix_override:/usr/lib/python3/dist-packages/colcon_core/task/python/colcon_distutils_commands:/home/group3-robot/robp_group3/install/handle_objects/lib/python3.12/site-packages:/home/group3-robot/robp_group3/build/py_trees:/home/group3-robot/robp_group3/install/py_trees/lib/python3.12/site-packages:${PYTHONPATH} /usr/bin/python3 -W ignore:setup.py install is deprecated -W ignore:easy_install command is deprecated setup.py develop --editable --build-directory /home/group3-robot/robp_group3/build/handle_objects/build --no-deps symlink_data
