[0.007s] Invoking command in '/home/group3-robot/robp_group3/build/robp_phidgets_motors': AMENT_PREFIX_PATH=/home/group3-robot/robp_group3/install/robp_interfaces:${AMENT_PREFIX_PATH} CMAKE_PREFIX_PATH=/home/group3-robot/robp_group3/install/robp_interfaces:/opt/ros/jazzy/opt/gz_math_vendor:/opt/ros/jazzy/opt/gz_utils_vendor:/opt/ros/jazzy/opt/gz_cmake_vendor:/opt/ros/jazzy DEBUGINFOD_URLS=https://debuginfod.ubuntu.com LD_LIBRARY_PATH=/home/group3-robot/robp_group3/install/robp_interfaces/lib:${LD_LIBRARY_PATH} PYTHONPATH=/home/group3-robot/robp_group3/install/robp_interfaces/lib/python3.12/site-packages:${PYTHONPATH} /usr/bin/cmake /home/group3-robot/robp_group3/robp_ws/src/robp_robot/robp_phidgets/robp_phidgets_motors -DCMAKE_INSTALL_PREFIX=/home/group3-robot/robp_group3/install/robp_phidgets_motors
[0.130s] -- Found ament_cmake_ros: 0.12.0 (/opt/ros/jazzy/share/ament_cmake_ros/cmake)
[0.447s] -- Override CMake install command with custom implementation using symlinks instead of copying resources
[0.460s] -- Found libphidget22: 2.3.3 (/opt/ros/jazzy/share/libphidget22/cmake)
[0.461s] -- Found phidgets_api: 2.3.3 (/opt/ros/jazzy/share/phidgets_api/cmake)
[0.465s] -- Found rclcpp: 28.1.6 (/opt/ros/jazzy/share/rclcpp/cmake)
[0.505s] -- Found rosidl_generator_c: 4.6.5 (/opt/ros/jazzy/share/rosidl_generator_c/cmake)
[0.527s] -- Found rosidl_generator_cpp: 4.6.5 (/opt/ros/jazzy/share/rosidl_generator_cpp/cmake)
[0.550s] -- Using all available rosidl_typesupport_c: rosidl_typesupport_fastrtps_c;rosidl_typesupport_introspection_c
[0.571s] -- Using all available rosidl_typesupport_cpp: rosidl_typesupport_fastrtps_cpp;rosidl_typesupport_introspection_cpp
[0.672s] -- Found rmw_implementation_cmake: 7.3.1 (/opt/ros/jazzy/share/rmw_implementation_cmake/cmake)
[0.674s] -- Found rmw_fastrtps_cpp: 8.4.1 (/opt/ros/jazzy/share/rmw_fastrtps_cpp/cmake)
[0.778s] -- Using RMW implementation 'rmw_fastrtps_cpp' as default
[0.864s] -- Found rclcpp_components: 28.1.6 (/opt/ros/jazzy/share/rclcpp_components/cmake)
[0.903s] -- Found robp_interfaces: 1.0.0 (/home/group3-robot/robp_group3/install/robp_interfaces/share/robp_interfaces/cmake)
[0.993s] -- Found std_srvs: 5.3.5 (/opt/ros/jazzy/share/std_srvs/cmake)
[1.209s] -- Configuring done (1.2s)
[1.233s] -- Generating done (0.0s)
[1.246s] -- Build files have been written to: /home/group3-robot/robp_group3/build/robp_phidgets_motors
[1.587s] Invoked command in '/home/group3-robot/robp_group3/build/robp_phidgets_motors' returned '0': AMENT_PREFIX_PATH=/home/group3-robot/robp_group3/install/robp_interfaces:${AMENT_PREFIX_PATH} CMAKE_PREFIX_PATH=/home/group3-robot/robp_group3/install/robp_interfaces:/opt/ros/jazzy/opt/gz_math_vendor:/opt/ros/jazzy/opt/gz_utils_vendor:/opt/ros/jazzy/opt/gz_cmake_vendor:/opt/ros/jazzy DEBUGINFOD_URLS=https://debuginfod.ubuntu.com LD_LIBRARY_PATH=/home/group3-robot/robp_group3/install/robp_interfaces/lib:${LD_LIBRARY_PATH} PYTHONPATH=/home/group3-robot/robp_group3/install/robp_interfaces/lib/python3.12/site-packages:${PYTHONPATH} /usr/bin/cmake /home/group3-robot/robp_group3/robp_ws/src/robp_robot/robp_phidgets/robp_phidgets_motors -DCMAKE_INSTALL_PREFIX=/home/group3-robot/robp_group3/install/robp_phidgets_motors
[1.588s] Invoking command in '/home/group3-robot/robp_group3/build/robp_phidgets_motors': AMENT_PREFIX_PATH=/home/group3-robot/robp_group3/install/robp_interfaces:${AMENT_PREFIX_PATH} CMAKE_PREFIX_PATH=/home/group3-robot/robp_group3/install/robp_interfaces:/opt/ros/jazzy/opt/gz_math_vendor:/opt/ros/jazzy/opt/gz_utils_vendor:/opt/ros/jazzy/opt/gz_cmake_vendor:/opt/ros/jazzy DEBUGINFOD_URLS=https://debuginfod.ubuntu.com LD_LIBRARY_PATH=/home/group3-robot/robp_group3/install/robp_interfaces/lib:${LD_LIBRARY_PATH} PYTHONPATH=/home/group3-robot/robp_group3/install/robp_interfaces/lib/python3.12/site-packages:${PYTHONPATH} /usr/bin/cmake --build /home/group3-robot/robp_group3/build/robp_phidgets_motors -- -j8 -l8
[1.739s] [ 33%] [32m[1mLinking CXX shared library librobp_phidgets_motors.so[0m
[2.196s] [100%] Built target robp_phidgets_motors
[2.223s] Invoked command in '/home/group3-robot/robp_group3/build/robp_phidgets_motors' returned '0': AMENT_PREFIX_PATH=/home/group3-robot/robp_group3/install/robp_interfaces:${AMENT_PREFIX_PATH} CMAKE_PREFIX_PATH=/home/group3-robot/robp_group3/install/robp_interfaces:/opt/ros/jazzy/opt/gz_math_vendor:/opt/ros/jazzy/opt/gz_utils_vendor:/opt/ros/jazzy/opt/gz_cmake_vendor:/opt/ros/jazzy DEBUGINFOD_URLS=https://debuginfod.ubuntu.com LD_LIBRARY_PATH=/home/group3-robot/robp_group3/install/robp_interfaces/lib:${LD_LIBRARY_PATH} PYTHONPATH=/home/group3-robot/robp_group3/install/robp_interfaces/lib/python3.12/site-packages:${PYTHONPATH} /usr/bin/cmake --build /home/group3-robot/robp_group3/build/robp_phidgets_motors -- -j8 -l8
[2.229s] Invoking command in '/home/group3-robot/robp_group3/build/robp_phidgets_motors': AMENT_PREFIX_PATH=/home/group3-robot/robp_group3/install/robp_interfaces:${AMENT_PREFIX_PATH} CMAKE_PREFIX_PATH=/home/group3-robot/robp_group3/install/robp_interfaces:/opt/ros/jazzy/opt/gz_math_vendor:/opt/ros/jazzy/opt/gz_utils_vendor:/opt/ros/jazzy/opt/gz_cmake_vendor:/opt/ros/jazzy DEBUGINFOD_URLS=https://debuginfod.ubuntu.com LD_LIBRARY_PATH=/home/group3-robot/robp_group3/install/robp_interfaces/lib:${LD_LIBRARY_PATH} PYTHONPATH=/home/group3-robot/robp_group3/install/robp_interfaces/lib/python3.12/site-packages:${PYTHONPATH} /usr/bin/cmake --install /home/group3-robot/robp_group3/build/robp_phidgets_motors
[2.250s] -- Install configuration: "Release"
[2.254s] -- Execute custom install script
[2.255s] -- Up-to-date symlink: /home/group3-robot/robp_group3/install/robp_phidgets_motors/lib/librobp_phidgets_motors.so
[2.255s] -- Up-to-date symlink: /home/group3-robot/robp_group3/install/robp_phidgets_motors/include/robp_phidgets_motors/motor.hpp
[2.255s] -- Up-to-date symlink: /home/group3-robot/robp_group3/install/robp_phidgets_motors/include/robp_phidgets_motors/motors.hpp
[2.256s] -- Up-to-date symlink: /home/group3-robot/robp_group3/install/robp_phidgets_motors/share/robp_phidgets_motors/launch/motors_launch.py
[2.256s] -- Up-to-date symlink: /home/group3-robot/robp_group3/install/robp_phidgets_motors/share/ament_index/resource_index/package_run_dependencies/robp_phidgets_motors
[2.256s] -- Up-to-date symlink: /home/group3-robot/robp_group3/install/robp_phidgets_motors/share/ament_index/resource_index/parent_prefix_path/robp_phidgets_motors
[2.256s] -- Up-to-date symlink: /home/group3-robot/robp_group3/install/robp_phidgets_motors/share/robp_phidgets_motors/environment/ament_prefix_path.sh
[2.256s] -- Up-to-date symlink: /home/group3-robot/robp_group3/install/robp_phidgets_motors/share/robp_phidgets_motors/environment/ament_prefix_path.dsv
[2.257s] -- Up-to-date symlink: /home/group3-robot/robp_group3/install/robp_phidgets_motors/share/robp_phidgets_motors/environment/path.sh
[2.257s] -- Up-to-date symlink: /home/group3-robot/robp_group3/install/robp_phidgets_motors/share/robp_phidgets_motors/environment/path.dsv
[2.257s] -- Up-to-date symlink: /home/group3-robot/robp_group3/install/robp_phidgets_motors/share/robp_phidgets_motors/local_setup.bash
[2.257s] -- Up-to-date symlink: /home/group3-robot/robp_group3/install/robp_phidgets_motors/share/robp_phidgets_motors/local_setup.sh
[2.258s] -- Up-to-date symlink: /home/group3-robot/robp_group3/install/robp_phidgets_motors/share/robp_phidgets_motors/local_setup.zsh
[2.258s] -- Up-to-date symlink: /home/group3-robot/robp_group3/install/robp_phidgets_motors/share/robp_phidgets_motors/local_setup.dsv
[2.258s] -- Symlinking: /home/group3-robot/robp_group3/install/robp_phidgets_motors/share/robp_phidgets_motors/package.dsv
[2.287s] -- Up-to-date symlink: /home/group3-robot/robp_group3/install/robp_phidgets_motors/share/ament_index/resource_index/packages/robp_phidgets_motors
[2.287s] -- Up-to-date symlink: /home/group3-robot/robp_group3/install/robp_phidgets_motors/share/ament_index/resource_index/rclcpp_components/robp_phidgets_motors
[2.287s] -- Up-to-date symlink: /home/group3-robot/robp_group3/install/robp_phidgets_motors/share/robp_phidgets_motors/cmake/robp_phidgets_motorsConfig.cmake
[2.287s] -- Up-to-date symlink: /home/group3-robot/robp_group3/install/robp_phidgets_motors/share/robp_phidgets_motors/cmake/robp_phidgets_motorsConfig-version.cmake
[2.287s] -- Up-to-date symlink: /home/group3-robot/robp_group3/install/robp_phidgets_motors/share/robp_phidgets_motors/package.xml
[2.302s] Invoked command in '/home/group3-robot/robp_group3/build/robp_phidgets_motors' returned '0': AMENT_PREFIX_PATH=/home/group3-robot/robp_group3/install/robp_interfaces:${AMENT_PREFIX_PATH} CMAKE_PREFIX_PATH=/home/group3-robot/robp_group3/install/robp_interfaces:/opt/ros/jazzy/opt/gz_math_vendor:/opt/ros/jazzy/opt/gz_utils_vendor:/opt/ros/jazzy/opt/gz_cmake_vendor:/opt/ros/jazzy DEBUGINFOD_URLS=https://debuginfod.ubuntu.com LD_LIBRARY_PATH=/home/group3-robot/robp_group3/install/robp_interfaces/lib:${LD_LIBRARY_PATH} PYTHONPATH=/home/group3-robot/robp_group3/install/robp_interfaces/lib/python3.12/site-packages:${PYTHONPATH} /usr/bin/cmake --install /home/group3-robot/robp_group3/build/robp_phidgets_motors
