[0.751s] Invoking command in '/home/group3-robot/robp_group3/build/detection': CMAKE_PREFIX_PATH=${CMAKE_PREFIX_PATH}:/opt/ros/jazzy DEBUGINFOD_URLS=https://debuginfod.ubuntu.com /usr/bin/cmake /home/group3-robot/robp_group3/robp_ws/src/detection -DAMENT_CMAKE_SYMLINK_INSTALL=1 -DCMAKE_INSTALL_PREFIX=/home/group3-robot/robp_group3/install/detection
[0.817s] -- The C compiler identification is GNU 13.3.0
[0.892s] -- The CXX compiler identification is GNU 13.3.0
[0.918s] -- Detecting C compiler ABI info
[1.034s] -- Detecting C compiler ABI info - done
[1.073s] -- Check for working C compiler: /usr/bin/cc - skipped
[1.074s] -- Detecting C compile features
[1.074s] -- Detecting C compile features - done
[1.086s] -- Detecting CXX compiler ABI info
[1.223s] -- Detecting CXX compiler ABI info - done
[1.240s] -- Check for working CXX compiler: /usr/bin/c++ - skipped
[1.240s] -- Detecting CXX compile features
[1.241s] -- Detecting CXX compile features - done
[1.244s] -- Found ament_cmake: 2.5.3 (/opt/ros/jazzy/share/ament_cmake/cmake)
[1.439s] -- Found Python3: /usr/bin/python3 (found version "3.12.3") found components: Interpreter 
[1.559s] -- Override CMake install command with custom implementation using symlinks instead of copying resources
[1.598s] -- Found rclcpp: 28.1.6 (/opt/ros/jazzy/share/rclcpp/cmake)
[1.646s] -- Found rosidl_generator_c: 4.6.5 (/opt/ros/jazzy/share/rosidl_generator_c/cmake)
[1.664s] -- Found rosidl_generator_cpp: 4.6.5 (/opt/ros/jazzy/share/rosidl_generator_cpp/cmake)
[1.684s] -- Using all available rosidl_typesupport_c: rosidl_typesupport_fastrtps_c;rosidl_typesupport_introspection_c
[1.708s] -- Using all available rosidl_typesupport_cpp: rosidl_typesupport_fastrtps_cpp;rosidl_typesupport_introspection_cpp
[1.806s] -- Found rmw_implementation_cmake: 7.3.1 (/opt/ros/jazzy/share/rmw_implementation_cmake/cmake)
[1.810s] -- Found rmw_fastrtps_cpp: 8.4.1 (/opt/ros/jazzy/share/rmw_fastrtps_cpp/cmake)
[1.906s] -- Found OpenSSL: /usr/lib/x86_64-linux-gnu/libcrypto.so (found version "3.0.13")  
[1.930s] -- Found FastRTPS: /opt/ros/jazzy/include (Required is at least version "2.13") 
[1.960s] -- Using RMW implementation 'rmw_fastrtps_cpp' as default
[2.058s] -- Found sensor_msgs: 5.3.5 (/opt/ros/jazzy/share/sensor_msgs/cmake)
[2.140s] -- Found tf2: 0.36.8 (/opt/ros/jazzy/share/tf2/cmake)
[2.147s] -- Found tf2_ros: 0.36.8 (/opt/ros/jazzy/share/tf2_ros/cmake)
[2.320s] -- Found tf2_geometry_msgs: 0.36.8 (/opt/ros/jazzy/share/tf2_geometry_msgs/cmake)
[2.337s] -- Found eigen3_cmake_module: 0.3.0 (/opt/ros/jazzy/share/eigen3_cmake_module/cmake)
[2.337s] -- Found Eigen3: TRUE (found version "3.4.0") 
[2.338s] -- Ensuring Eigen3 include directory is part of orocos-kdl CMake target
[2.342s] -- Found pcl_ros: 2.6.2 (/opt/ros/jazzy/share/pcl_ros/cmake)
[2.432s] [33mCMake Warning (dev) at /usr/lib/x86_64-linux-gnu/cmake/pcl/Modules/FindFLANN.cmake:45 (find_package):
[2.432s]   Policy CMP0144 is not set: find_package uses upper-case <PACKAGENAME>_ROOT
[2.432s]   variables.  Run "cmake --help-policy CMP0144" for policy details.  Use the
[2.432s]   cmake_policy command to set the policy and suppress this warning.
[2.432s] 
[2.433s]   CMake variable FLANN_ROOT is set to:
[2.433s] 
[2.433s]     /usr
[2.433s] 
[2.433s]   For compatibility, find_package is ignoring the variable, but code in a
[2.433s]   .cmake module might still use it.
[2.433s] Call Stack (most recent call first):
[2.433s]   /usr/lib/x86_64-linux-gnu/cmake/pcl/PCLConfig.cmake:261 (find_package)
[2.433s]   /usr/lib/x86_64-linux-gnu/cmake/pcl/PCLConfig.cmake:306 (find_flann)
[2.433s]   /usr/lib/x86_64-linux-gnu/cmake/pcl/PCLConfig.cmake:570 (find_external_library)
[2.433s]   /opt/ros/jazzy/share/pcl_conversions/cmake/ament_cmake_export_dependencies-extras.cmake:21 (find_package)
[2.434s]   /opt/ros/jazzy/share/pcl_conversions/cmake/pcl_conversionsConfig.cmake:41 (include)
[2.434s]   /opt/ros/jazzy/share/pcl_ros/cmake/ament_cmake_export_dependencies-extras.cmake:21 (find_package)
[2.436s]   /opt/ros/jazzy/share/pcl_ros/cmake/pcl_rosConfig.cmake:41 (include)
[2.436s]   CMakeLists.txt:17 (find_package)
[2.436s] This warning is for project developers.  Use -Wno-dev to suppress it.
[2.436s] [0m
[2.436s] -- Found flann version 1.9.2
[2.794s] -- Found OpenMP_CXX: -fopenmp (found version "4.5") 
[2.794s] -- Found OpenMP: TRUE (found version "4.5") found components: CXX 
[4.777s] -- Checking for module 'libusb-1.0'
[4.812s] --   Found libusb-1.0, version 1.0.27
[4.878s] -- Found libusb: /usr/lib/x86_64-linux-gnu/libusb-1.0.so  
[4.880s] -- OpenNI found (version: 1.5.4.0, include: /usr/include/ni, lib: /usr/lib/libOpenNI.so;libusb::libusb)
[5.041s] -- OpenNI2 found (version: 2.2.0.33, include: /usr/include/openni2, lib: /usr/lib/x86_64-linux-gnu/libOpenNI2.so;libusb::libusb)
[5.049s] -- Could NOT find Pcap (missing: PCAP_LIBRARIES PCAP_INCLUDE_DIRS) 
[5.081s] -- Found ZLIB: /usr/lib/x86_64-linux-gnu/libz.so (found version "1.3")  
[5.113s] -- Found PNG: /usr/lib/x86_64-linux-gnu/libpng.so (found version "1.6.43") 
[6.002s] -- OpenNI found (version: 1.5.4.0, include: /usr/include/ni, lib: /usr/lib/libOpenNI.so;libusb::libusb)
[6.021s] -- OpenNI2 found (version: 2.2.0.33, include: /usr/include/openni2, lib: /usr/lib/x86_64-linux-gnu/libOpenNI2.so;libusb::libusb)
[7.380s] -- Found Qhull version 8.0.2
[8.955s] -- OpenNI found (version: 1.5.4.0, include: /usr/include/ni, lib: /usr/lib/libOpenNI.so;libusb::libusb)
[10.367s] -- Found PCL_COMMON: /usr/lib/x86_64-linux-gnu/libpcl_common.so  
[10.369s] -- Found PCL_KDTREE: /usr/lib/x86_64-linux-gnu/libpcl_kdtree.so  
[10.377s] -- Found PCL_OCTREE: /usr/lib/x86_64-linux-gnu/libpcl_octree.so  
[10.380s] -- Found PCL_SEARCH: /usr/lib/x86_64-linux-gnu/libpcl_search.so  
[10.392s] -- Found PCL_SAMPLE_CONSENSUS: /usr/lib/x86_64-linux-gnu/libpcl_sample_consensus.so  
[10.392s] -- Found PCL_FILTERS: /usr/lib/x86_64-linux-gnu/libpcl_filters.so  
[10.393s] -- Found PCL_2D: /usr/include/pcl-1.14  
[10.393s] -- Found PCL_GEOMETRY: /usr/include/pcl-1.14  
[10.395s] -- Found PCL_IO: /usr/lib/x86_64-linux-gnu/libpcl_io.so  
[10.401s] -- Found PCL_FEATURES: /usr/lib/x86_64-linux-gnu/libpcl_features.so  
[10.407s] -- Found PCL_ML: /usr/lib/x86_64-linux-gnu/libpcl_ml.so  
[10.409s] -- Found PCL_SEGMENTATION: /usr/lib/x86_64-linux-gnu/libpcl_segmentation.so  
[10.415s] -- Found PCL_VISUALIZATION: /usr/lib/x86_64-linux-gnu/libpcl_visualization.so  
[10.417s] -- Found PCL_SURFACE: /usr/lib/x86_64-linux-gnu/libpcl_surface.so  
[10.423s] -- Found PCL_REGISTRATION: /usr/lib/x86_64-linux-gnu/libpcl_registration.so  
[10.427s] -- Found PCL_KEYPOINTS: /usr/lib/x86_64-linux-gnu/libpcl_keypoints.so  
[10.430s] -- Found PCL_TRACKING: /usr/lib/x86_64-linux-gnu/libpcl_tracking.so  
[10.436s] -- Found PCL_RECOGNITION: /usr/lib/x86_64-linux-gnu/libpcl_recognition.so  
[10.443s] -- Found PCL_STEREO: /usr/lib/x86_64-linux-gnu/libpcl_stereo.so  
[10.445s] -- Found PCL_APPS: /usr/lib/x86_64-linux-gnu/libpcl_apps.so  
[10.446s] -- Found PCL_IN_HAND_SCANNER: /usr/include/pcl-1.14  
[10.447s] -- Found PCL_MODELER: /usr/include/pcl-1.14  
[10.451s] -- Found PCL_POINT_CLOUD_EDITOR: /usr/include/pcl-1.14  
[10.453s] -- Found PCL_OUTOFCORE: /usr/lib/x86_64-linux-gnu/libpcl_outofcore.so  
[10.459s] -- Found PCL_PEOPLE: /usr/lib/x86_64-linux-gnu/libpcl_people.so  
[10.516s] [33mCMake Warning (dev) at CMakeLists.txt:20 (find_package):
[10.516s]   Policy CMP0074 is not set: find_package uses <PackageName>_ROOT variables.
[10.516s]   Run "cmake --help-policy CMP0074" for policy details.  Use the cmake_policy
[10.516s]   command to set the policy and suppress this warning.
[10.516s] 
[10.516s]   CMake variable PCL_ROOT is set to:
[10.517s] 
[10.517s]     /usr
[10.517s] 
[10.517s]   For compatibility, CMake is ignoring the variable.
[10.517s] This warning is for project developers.  Use -Wno-dev to suppress it.
[10.517s] [0m
[10.537s] -- Found visualization_msgs: 5.3.5 (/opt/ros/jazzy/share/visualization_msgs/cmake)
[10.973s] -- Configuring done (10.2s)
[11.197s] -- Generating done (0.1s)
[11.217s] -- Build files have been written to: /home/group3-robot/robp_group3/build/detection
[11.283s] Invoked command in '/home/group3-robot/robp_group3/build/detection' returned '0': CMAKE_PREFIX_PATH=${CMAKE_PREFIX_PATH}:/opt/ros/jazzy DEBUGINFOD_URLS=https://debuginfod.ubuntu.com /usr/bin/cmake /home/group3-robot/robp_group3/robp_ws/src/detection -DAMENT_CMAKE_SYMLINK_INSTALL=1 -DCMAKE_INSTALL_PREFIX=/home/group3-robot/robp_group3/install/detection
[11.285s] Invoking command in '/home/group3-robot/robp_group3/build/detection': CMAKE_PREFIX_PATH=${CMAKE_PREFIX_PATH}:/opt/ros/jazzy DEBUGINFOD_URLS=https://debuginfod.ubuntu.com /usr/bin/cmake --build /home/group3-robot/robp_group3/build/detection -- -j8 -l8
[11.993s] [ 16%] [32mBuilding CXX object CMakeFiles/clustering_node.dir/src/clustering_node.cpp.o[0m
[11.993s] [ 33%] [32mBuilding CXX object CMakeFiles/classifier_node.dir/src/classifier_node.cpp.o[0m
[11.993s] [ 50%] [32mBuilding CXX object CMakeFiles/clustering_node.dir/src/clustering.cpp.o[0m
[11.993s] [ 66%] [32mBuilding CXX object CMakeFiles/classifier_node.dir/src/classifier.cpp.o[0m
[42.927s] [ 83%] [32m[1mLinking CXX executable clustering_node[0m
[45.277s] [ 83%] Built target clustering_node
[50.931s] [100%] [32m[1mLinking CXX executable classifier_node[0m
[58.529s] [100%] Built target classifier_node
[58.545s] Invoked command in '/home/group3-robot/robp_group3/build/detection' returned '0': CMAKE_PREFIX_PATH=${CMAKE_PREFIX_PATH}:/opt/ros/jazzy DEBUGINFOD_URLS=https://debuginfod.ubuntu.com /usr/bin/cmake --build /home/group3-robot/robp_group3/build/detection -- -j8 -l8
[58.546s] Invoking command in '/home/group3-robot/robp_group3/build/detection': CMAKE_PREFIX_PATH=${CMAKE_PREFIX_PATH}:/opt/ros/jazzy DEBUGINFOD_URLS=https://debuginfod.ubuntu.com /usr/bin/cmake --install /home/group3-robot/robp_group3/build/detection
[58.565s] -- Install configuration: "Release"
[58.566s] -- Execute custom install script
[58.566s] -- Symlinking: /home/group3-robot/robp_group3/install/detection/lib/detection/clustering_node
[58.589s] -- Symlinking: /home/group3-robot/robp_group3/install/detection/lib/detection/classifier_node
[58.608s] -- Symlinking: /home/group3-robot/robp_group3/install/detection/share/ament_index/resource_index/package_run_dependencies/detection
[58.634s] -- Symlinking: /home/group3-robot/robp_group3/install/detection/share/ament_index/resource_index/parent_prefix_path/detection
[58.658s] -- Symlinking: /home/group3-robot/robp_group3/install/detection/share/detection/environment/ament_prefix_path.sh
[58.678s] -- Symlinking: /home/group3-robot/robp_group3/install/detection/share/detection/environment/ament_prefix_path.dsv
[58.701s] -- Symlinking: /home/group3-robot/robp_group3/install/detection/share/detection/environment/path.sh
[58.729s] -- Symlinking: /home/group3-robot/robp_group3/install/detection/share/detection/environment/path.dsv
[58.746s] -- Symlinking: /home/group3-robot/robp_group3/install/detection/share/detection/local_setup.bash
[58.766s] -- Symlinking: /home/group3-robot/robp_group3/install/detection/share/detection/local_setup.sh
[58.785s] -- Symlinking: /home/group3-robot/robp_group3/install/detection/share/detection/local_setup.zsh
[58.804s] -- Symlinking: /home/group3-robot/robp_group3/install/detection/share/detection/local_setup.dsv
[58.829s] -- Symlinking: /home/group3-robot/robp_group3/install/detection/share/detection/package.dsv
[58.847s] -- Symlinking: /home/group3-robot/robp_group3/install/detection/share/ament_index/resource_index/packages/detection
[58.869s] -- Symlinking: /home/group3-robot/robp_group3/install/detection/share/detection/cmake/detectionConfig.cmake
[58.887s] -- Symlinking: /home/group3-robot/robp_group3/install/detection/share/detection/cmake/detectionConfig-version.cmake
[58.899s] -- Symlinking: /home/group3-robot/robp_group3/install/detection/share/detection/package.xml
[58.914s] Invoked command in '/home/group3-robot/robp_group3/build/detection' returned '0': CMAKE_PREFIX_PATH=${CMAKE_PREFIX_PATH}:/opt/ros/jazzy DEBUGINFOD_URLS=https://debuginfod.ubuntu.com /usr/bin/cmake --install /home/group3-robot/robp_group3/build/detection
