[2.199s] Invoking command in '/home/group3-robot/robp_group3/build/arm_controller': DEBUGINFOD_URLS=https://debuginfod.ubuntu.com PYTHONPATH=/home/group3-robot/robp_group3/build/arm_controller/prefix_override:/usr/lib/python3/dist-packages/colcon_core/task/python/colcon_distutils_commands:/home/group3-robot/robp_group3/install/arm_controller/lib/python3.12/site-packages:${PYTHONPATH} /usr/bin/python3 -W ignore:setup.py install is deprecated -W ignore:easy_install command is deprecated setup.py develop --uninstall --editable --build-directory /home/group3-robot/robp_group3/build/arm_controller/build
[2.738s] running develop
[3.246s] Removing /home/group3-robot/robp_group3/install/arm_controller/lib/python3.12/site-packages/arm-controller.egg-link (link to .)
[3.319s] Invoked command in '/home/group3-robot/robp_group3/build/arm_controller' returned '0': DEBUGINFOD_URLS=https://debuginfod.ubuntu.com PYTHONPATH=/home/group3-robot/robp_group3/build/arm_controller/prefix_override:/usr/lib/python3/dist-packages/colcon_core/task/python/colcon_distutils_commands:/home/group3-robot/robp_group3/install/arm_controller/lib/python3.12/site-packages:${PYTHONPATH} /usr/bin/python3 -W ignore:setup.py install is deprecated -W ignore:easy_install command is deprecated setup.py develop --uninstall --editable --build-directory /home/group3-robot/robp_group3/build/arm_controller/build
[3.320s] Invoking command in '/home/group3-robot/robp_group3/robp_ws/src/arm_controller': DEBUGINFOD_URLS=https://debuginfod.ubuntu.com PYTHONPATH=/home/group3-robot/robp_group3/build/arm_controller/prefix_override:/usr/lib/python3/dist-packages/colcon_core/task/python/colcon_distutils_commands:/home/group3-robot/robp_group3/install/arm_controller/lib/python3.12/site-packages:${PYTHONPATH} /usr/bin/python3 -W ignore:setup.py install is deprecated -W ignore:easy_install command is deprecated setup.py egg_info --egg-base ../../../build/arm_controller build --build-base /home/group3-robot/robp_group3/build/arm_controller/build install --record /home/group3-robot/robp_group3/build/arm_controller/install.log --single-version-externally-managed install_data --force
[3.847s] running egg_info
[3.873s] writing ../../../build/arm_controller/arm_controller.egg-info/PKG-INFO
[3.873s] writing dependency_links to ../../../build/arm_controller/arm_controller.egg-info/dependency_links.txt
[3.873s] writing entry points to ../../../build/arm_controller/arm_controller.egg-info/entry_points.txt
[3.874s] writing requirements to ../../../build/arm_controller/arm_controller.egg-info/requires.txt
[3.876s] writing top-level names to ../../../build/arm_controller/arm_controller.egg-info/top_level.txt
[3.931s] reading manifest file '../../../build/arm_controller/arm_controller.egg-info/SOURCES.txt'
[3.934s] writing manifest file '../../../build/arm_controller/arm_controller.egg-info/SOURCES.txt'
[3.935s] running build
[3.935s] running build_py
[3.936s] running install
[3.946s] running install_lib
[3.970s] creating /home/group3-robot/robp_group3/install/arm_controller/lib/python3.12/site-packages/arm_controller
[3.971s] copying /home/group3-robot/robp_group3/build/arm_controller/build/lib/arm_controller/arm_controller.py -> /home/group3-robot/robp_group3/install/arm_controller/lib/python3.12/site-packages/arm_controller
[3.971s] copying /home/group3-robot/robp_group3/build/arm_controller/build/lib/arm_controller/__init__.py -> /home/group3-robot/robp_group3/install/arm_controller/lib/python3.12/site-packages/arm_controller
[3.974s] byte-compiling /home/group3-robot/robp_group3/install/arm_controller/lib/python3.12/site-packages/arm_controller/arm_controller.py to arm_controller.cpython-312.pyc
[3.974s] byte-compiling /home/group3-robot/robp_group3/install/arm_controller/lib/python3.12/site-packages/arm_controller/__init__.py to __init__.cpython-312.pyc
[3.974s] running install_data
[3.976s] copying resource/arm_controller -> /home/group3-robot/robp_group3/install/arm_controller/share/ament_index/resource_index/packages
[3.976s] copying package.xml -> /home/group3-robot/robp_group3/install/arm_controller/share/arm_controller
[3.977s] running install_egg_info
[4.036s] Copying ../../../build/arm_controller/arm_controller.egg-info to /home/group3-robot/robp_group3/install/arm_controller/lib/python3.12/site-packages/arm_controller-0.0.0-py3.12.egg-info
[4.037s] running install_scripts
[4.222s] Installing arm_controller script to /home/group3-robot/robp_group3/install/arm_controller/lib/arm_controller
[4.222s] writing list of installed files to '/home/group3-robot/robp_group3/build/arm_controller/install.log'
[4.288s] Invoked command in '/home/group3-robot/robp_group3/robp_ws/src/arm_controller' returned '0': DEBUGINFOD_URLS=https://debuginfod.ubuntu.com PYTHONPATH=/home/group3-robot/robp_group3/build/arm_controller/prefix_override:/usr/lib/python3/dist-packages/colcon_core/task/python/colcon_distutils_commands:/home/group3-robot/robp_group3/install/arm_controller/lib/python3.12/site-packages:${PYTHONPATH} /usr/bin/python3 -W ignore:setup.py install is deprecated -W ignore:easy_install command is deprecated setup.py egg_info --egg-base ../../../build/arm_controller build --build-base /home/group3-robot/robp_group3/build/arm_controller/build install --record /home/group3-robot/robp_group3/build/arm_controller/install.log --single-version-externally-managed install_data --force
