[1.988s] Invoking command in '/home/group3-robot/robp_group3/build/joystick_teleop': DEBUGINFOD_URLS=https://debuginfod.ubuntu.com PYTHONPATH=/home/group3-robot/robp_group3/build/joystick_teleop/prefix_override:/usr/lib/python3/dist-packages/colcon_core/task/python/colcon_distutils_commands:/home/group3-robot/robp_group3/install/joystick_teleop/lib/python3.12/site-packages:${PYTHONPATH} /usr/bin/python3 -W ignore:setup.py install is deprecated -W ignore:easy_install command is deprecated setup.py develop --editable --build-directory /home/group3-robot/robp_group3/build/joystick_teleop/build --no-deps symlink_data
[2.637s] running develop
[3.015s] running egg_info
[3.015s] creating joystick_teleop.egg-info
[3.065s] writing joystick_teleop.egg-info/PKG-INFO
[3.067s] writing dependency_links to joystick_teleop.egg-info/dependency_links.txt
[3.067s] writing entry points to joystick_teleop.egg-info/entry_points.txt
[3.068s] writing requirements to joystick_teleop.egg-info/requires.txt
[3.068s] writing top-level names to joystick_teleop.egg-info/top_level.txt
[3.069s] writing manifest file 'joystick_teleop.egg-info/SOURCES.txt'
[3.133s] reading manifest file 'joystick_teleop.egg-info/SOURCES.txt'
[3.133s] writing manifest file 'joystick_teleop.egg-info/SOURCES.txt'
[3.196s] running build_ext
[3.198s] Creating /home/group3-robot/robp_group3/install/joystick_teleop/lib/python3.12/site-packages/joystick-teleop.egg-link (link to .)
[3.198s] Installing teleop script to /home/group3-robot/robp_group3/install/joystick_teleop/lib/joystick_teleop
[3.198s] Installing twist2duty script to /home/group3-robot/robp_group3/install/joystick_teleop/lib/joystick_teleop
[3.199s] 
[3.199s] Installed /home/group3-robot/robp_group3/build/joystick_teleop
[3.199s] running symlink_data
[3.199s] creating /home/group3-robot/robp_group3/install/joystick_teleop/share/ament_index
[3.199s] creating /home/group3-robot/robp_group3/install/joystick_teleop/share/ament_index/resource_index
[3.199s] creating /home/group3-robot/robp_group3/install/joystick_teleop/share/ament_index/resource_index/packages
[3.199s] symbolically linking /home/group3-robot/robp_group3/build/joystick_teleop/resource/joystick_teleop -> /home/group3-robot/robp_group3/install/joystick_teleop/share/ament_index/resource_index/packages
[3.199s] symbolically linking /home/group3-robot/robp_group3/build/joystick_teleop/package.xml -> /home/group3-robot/robp_group3/install/joystick_teleop/share/joystick_teleop
[3.407s] Invoked command in '/home/group3-robot/robp_group3/build/joystick_teleop' returned '0': DEBUGINFOD_URLS=https://debuginfod.ubuntu.com PYTHONPATH=/home/group3-robot/robp_group3/build/joystick_teleop/prefix_override:/usr/lib/python3/dist-packages/colcon_core/task/python/colcon_distutils_commands:/home/group3-robot/robp_group3/install/joystick_teleop/lib/python3.12/site-packages:${PYTHONPATH} /usr/bin/python3 -W ignore:setup.py install is deprecated -W ignore:easy_install command is deprecated setup.py develop --editable --build-directory /home/group3-robot/robp_group3/build/joystick_teleop/build --no-deps symlink_data
