[1.785s] Invoking command in '/home/group3-robot/robp_group3/build/path_planner': DEBUGINFOD_URLS=https://debuginfod.ubuntu.com PYTHONPATH=/home/group3-robot/robp_group3/build/path_planner/prefix_override:/usr/lib/python3/dist-packages/colcon_core/task/python/colcon_distutils_commands:/home/group3-robot/robp_group3/install/path_planner/lib/python3.12/site-packages:${PYTHONPATH} /usr/bin/python3 -W ignore:setup.py install is deprecated -W ignore:easy_install command is deprecated setup.py develop --editable --build-directory /home/group3-robot/robp_group3/build/path_planner/build --no-deps symlink_data
[2.484s] running develop
[2.851s] running egg_info
[2.851s] creating path_planner.egg-info
[2.912s] writing path_planner.egg-info/PKG-INFO
[2.915s] writing dependency_links to path_planner.egg-info/dependency_links.txt
[2.915s] writing entry points to path_planner.egg-info/entry_points.txt
[2.915s] writing requirements to path_planner.egg-info/requires.txt
[2.915s] writing top-level names to path_planner.egg-info/top_level.txt
[2.915s] writing manifest file 'path_planner.egg-info/SOURCES.txt'
[3.064s] reading manifest file 'path_planner.egg-info/SOURCES.txt'
[3.067s] writing manifest file 'path_planner.egg-info/SOURCES.txt'
[3.114s] running build_ext
[3.114s] Creating /home/group3-robot/robp_group3/install/path_planner/lib/python3.12/site-packages/path-planner.egg-link (link to .)
[3.114s] Installing path_planner script to /home/group3-robot/robp_group3/install/path_planner/lib/path_planner
[3.114s] Installing point_generator script to /home/group3-robot/robp_group3/install/path_planner/lib/path_planner
[3.114s] 
[3.121s] Installed /home/group3-robot/robp_group3/build/path_planner
[3.124s] running symlink_data
[3.124s] creating /home/group3-robot/robp_group3/install/path_planner/share/ament_index
[3.124s] creating /home/group3-robot/robp_group3/install/path_planner/share/ament_index/resource_index
[3.124s] creating /home/group3-robot/robp_group3/install/path_planner/share/ament_index/resource_index/packages
[3.124s] symbolically linking /home/group3-robot/robp_group3/build/path_planner/resource/path_planner -> /home/group3-robot/robp_group3/install/path_planner/share/ament_index/resource_index/packages
[3.124s] symbolically linking /home/group3-robot/robp_group3/build/path_planner/package.xml -> /home/group3-robot/robp_group3/install/path_planner/share/path_planner
[3.234s] Invoked command in '/home/group3-robot/robp_group3/build/path_planner' returned '0': DEBUGINFOD_URLS=https://debuginfod.ubuntu.com PYTHONPATH=/home/group3-robot/robp_group3/build/path_planner/prefix_override:/usr/lib/python3/dist-packages/colcon_core/task/python/colcon_distutils_commands:/home/group3-robot/robp_group3/install/path_planner/lib/python3.12/site-packages:${PYTHONPATH} /usr/bin/python3 -W ignore:setup.py install is deprecated -W ignore:easy_install command is deprecated setup.py develop --editable --build-directory /home/group3-robot/robp_group3/build/path_planner/build --no-deps symlink_data
