[2.250s] Invoking command in '/home/group3-robot/robp_group3/build/path_planner': DEBUGINFOD_URLS=https://debuginfod.ubuntu.com PYTHONPATH=/home/group3-robot/robp_group3/build/path_planner/prefix_override:/usr/lib/python3/dist-packages/colcon_core/task/python/colcon_distutils_commands:/home/group3-robot/robp_group3/install/path_planner/lib/python3.12/site-packages:${PYTHONPATH} /usr/bin/python3 -W ignore:setup.py install is deprecated -W ignore:easy_install command is deprecated setup.py develop --editable --build-directory /home/group3-robot/robp_group3/build/path_planner/build --no-deps symlink_data
[2.736s] running develop
[3.035s] running egg_info
[3.063s] writing path_planner.egg-info/PKG-INFO
[3.063s] writing dependency_links to path_planner.egg-info/dependency_links.txt
[3.063s] writing entry points to path_planner.egg-info/entry_points.txt
[3.064s] writing requirements to path_planner.egg-info/requires.txt
[3.064s] writing top-level names to path_planner.egg-info/top_level.txt
[3.123s] reading manifest file 'path_planner.egg-info/SOURCES.txt'
[3.125s] writing manifest file 'path_planner.egg-info/SOURCES.txt'
[3.157s] running build_ext
[3.158s] Creating /home/group3-robot/robp_group3/install/path_planner/lib/python3.12/site-packages/path-planner.egg-link (link to .)
[3.159s] Installing path_execution script to /home/group3-robot/robp_group3/install/path_planner/lib/path_planner
[3.160s] Installing path_planner script to /home/group3-robot/robp_group3/install/path_planner/lib/path_planner
[3.160s] Installing point_generator script to /home/group3-robot/robp_group3/install/path_planner/lib/path_planner
[3.161s] Installing point_publisher_test script to /home/group3-robot/robp_group3/install/path_planner/lib/path_planner
[3.161s] 
[3.161s] Installed /home/group3-robot/robp_group3/build/path_planner
[3.162s] running symlink_data
[3.241s] Invoked command in '/home/group3-robot/robp_group3/build/path_planner' returned '0': DEBUGINFOD_URLS=https://debuginfod.ubuntu.com PYTHONPATH=/home/group3-robot/robp_group3/build/path_planner/prefix_override:/usr/lib/python3/dist-packages/colcon_core/task/python/colcon_distutils_commands:/home/group3-robot/robp_group3/install/path_planner/lib/python3.12/site-packages:${PYTHONPATH} /usr/bin/python3 -W ignore:setup.py install is deprecated -W ignore:easy_install command is deprecated setup.py develop --editable --build-directory /home/group3-robot/robp_group3/build/path_planner/build --no-deps symlink_data
