[0.811s] Invoking command in '/home/group3-robot/robp_group3/build/robp_launch': AMENT_PREFIX_PATH=/home/group3-robot/robp_group3/install/robp_phidgets_spatial:/home/group3-robot/robp_group3/install/robp_phidgets_motors:/home/group3-robot/robp_group3/install/robp_phidgets_encoders:/home/group3-robot/robp_group3/install/robp_phidgets_temperature:/home/group3-robot/robp_group3/install/robp_interfaces:${AMENT_PREFIX_PATH} CMAKE_PREFIX_PATH=/home/group3-robot/robp_group3/install/robp_phidgets_spatial:/home/group3-robot/robp_group3/install/robp_phidgets_motors:/home/group3-robot/robp_group3/install/robp_phidgets_encoders:/home/group3-robot/robp_group3/install/robp_phidgets_temperature:/home/group3-robot/robp_group3/install/robp_interfaces:${CMAKE_PREFIX_PATH} DEBUGINFOD_URLS=https://debuginfod.ubuntu.com LD_LIBRARY_PATH=/home/group3-robot/robp_group3/install/robp_phidgets_spatial/lib:/home/group3-robot/robp_group3/install/robp_phidgets_motors/lib:/home/group3-robot/robp_group3/install/robp_phidgets_encoders/lib:/home/group3-robot/robp_group3/install/robp_phidgets_temperature/lib:/home/group3-robot/robp_group3/install/robp_interfaces/lib:${LD_LIBRARY_PATH} PYTHONPATH=/home/group3-robot/robp_group3/build/robp_launch/prefix_override:/usr/lib/python3/dist-packages/colcon_core/task/python/colcon_distutils_commands:/home/group3-robot/robp_group3/install/robp_launch/lib/python3.12/site-packages:/home/group3-robot/robp_group3/install/robp_interfaces/lib/python3.12/site-packages:${PYTHONPATH} /usr/bin/python3 -W ignore:setup.py install is deprecated -W ignore:easy_install command is deprecated setup.py develop --uninstall --editable --build-directory /home/group3-robot/robp_group3/build/robp_launch/build
[1.092s] running develop
[1.257s] Removing /home/group3-robot/robp_group3/install/robp_launch/lib/python3.12/site-packages/robp-launch.egg-link (link to .)
[1.287s] Invoked command in '/home/group3-robot/robp_group3/build/robp_launch' returned '0': AMENT_PREFIX_PATH=/home/group3-robot/robp_group3/install/robp_phidgets_spatial:/home/group3-robot/robp_group3/install/robp_phidgets_motors:/home/group3-robot/robp_group3/install/robp_phidgets_encoders:/home/group3-robot/robp_group3/install/robp_phidgets_temperature:/home/group3-robot/robp_group3/install/robp_interfaces:${AMENT_PREFIX_PATH} CMAKE_PREFIX_PATH=/home/group3-robot/robp_group3/install/robp_phidgets_spatial:/home/group3-robot/robp_group3/install/robp_phidgets_motors:/home/group3-robot/robp_group3/install/robp_phidgets_encoders:/home/group3-robot/robp_group3/install/robp_phidgets_temperature:/home/group3-robot/robp_group3/install/robp_interfaces:${CMAKE_PREFIX_PATH} DEBUGINFOD_URLS=https://debuginfod.ubuntu.com LD_LIBRARY_PATH=/home/group3-robot/robp_group3/install/robp_phidgets_spatial/lib:/home/group3-robot/robp_group3/install/robp_phidgets_motors/lib:/home/group3-robot/robp_group3/install/robp_phidgets_encoders/lib:/home/group3-robot/robp_group3/install/robp_phidgets_temperature/lib:/home/group3-robot/robp_group3/install/robp_interfaces/lib:${LD_LIBRARY_PATH} PYTHONPATH=/home/group3-robot/robp_group3/build/robp_launch/prefix_override:/usr/lib/python3/dist-packages/colcon_core/task/python/colcon_distutils_commands:/home/group3-robot/robp_group3/install/robp_launch/lib/python3.12/site-packages:/home/group3-robot/robp_group3/install/robp_interfaces/lib/python3.12/site-packages:${PYTHONPATH} /usr/bin/python3 -W ignore:setup.py install is deprecated -W ignore:easy_install command is deprecated setup.py develop --uninstall --editable --build-directory /home/group3-robot/robp_group3/build/robp_launch/build
[1.288s] Invoking command in '/home/group3-robot/robp_group3/robp_ws/src/robp_robot/robp_launch': AMENT_PREFIX_PATH=/home/group3-robot/robp_group3/install/robp_phidgets_spatial:/home/group3-robot/robp_group3/install/robp_phidgets_motors:/home/group3-robot/robp_group3/install/robp_phidgets_encoders:/home/group3-robot/robp_group3/install/robp_phidgets_temperature:/home/group3-robot/robp_group3/install/robp_interfaces:${AMENT_PREFIX_PATH} CMAKE_PREFIX_PATH=/home/group3-robot/robp_group3/install/robp_phidgets_spatial:/home/group3-robot/robp_group3/install/robp_phidgets_motors:/home/group3-robot/robp_group3/install/robp_phidgets_encoders:/home/group3-robot/robp_group3/install/robp_phidgets_temperature:/home/group3-robot/robp_group3/install/robp_interfaces:${CMAKE_PREFIX_PATH} DEBUGINFOD_URLS=https://debuginfod.ubuntu.com LD_LIBRARY_PATH=/home/group3-robot/robp_group3/install/robp_phidgets_spatial/lib:/home/group3-robot/robp_group3/install/robp_phidgets_motors/lib:/home/group3-robot/robp_group3/install/robp_phidgets_encoders/lib:/home/group3-robot/robp_group3/install/robp_phidgets_temperature/lib:/home/group3-robot/robp_group3/install/robp_interfaces/lib:${LD_LIBRARY_PATH} PYTHONPATH=/home/group3-robot/robp_group3/build/robp_launch/prefix_override:/usr/lib/python3/dist-packages/colcon_core/task/python/colcon_distutils_commands:/home/group3-robot/robp_group3/install/robp_launch/lib/python3.12/site-packages:/home/group3-robot/robp_group3/install/robp_interfaces/lib/python3.12/site-packages:${PYTHONPATH} /usr/bin/python3 -W ignore:setup.py install is deprecated -W ignore:easy_install command is deprecated setup.py egg_info --egg-base ../../../../build/robp_launch build --build-base /home/group3-robot/robp_group3/build/robp_launch/build install --record /home/group3-robot/robp_group3/build/robp_launch/install.log --single-version-externally-managed install_data --force
[1.525s] running egg_info
[1.540s] writing ../../../../build/robp_launch/robp_launch.egg-info/PKG-INFO
[1.541s] writing dependency_links to ../../../../build/robp_launch/robp_launch.egg-info/dependency_links.txt
[1.541s] writing requirements to ../../../../build/robp_launch/robp_launch.egg-info/requires.txt
[1.541s] writing top-level names to ../../../../build/robp_launch/robp_launch.egg-info/top_level.txt
[1.573s] reading manifest file '../../../../build/robp_launch/robp_launch.egg-info/SOURCES.txt'
[1.573s] adding license file 'LICENSE'
[1.574s] writing manifest file '../../../../build/robp_launch/robp_launch.egg-info/SOURCES.txt'
[1.574s] running build
[1.574s] running build_py
[1.574s] creating /home/group3-robot/robp_group3/build/robp_launch/build
[1.574s] creating /home/group3-robot/robp_group3/build/robp_launch/build/lib
[1.574s] creating /home/group3-robot/robp_group3/build/robp_launch/build/lib/robp_launch
[1.574s] copying robp_launch/__init__.py -> /home/group3-robot/robp_group3/build/robp_launch/build/lib/robp_launch
[1.574s] running install
[1.580s] running install_lib
[1.596s] creating /home/group3-robot/robp_group3/install/robp_launch/lib/python3.12/site-packages/robp_launch
[1.596s] copying /home/group3-robot/robp_group3/build/robp_launch/build/lib/robp_launch/__init__.py -> /home/group3-robot/robp_group3/install/robp_launch/lib/python3.12/site-packages/robp_launch
[1.597s] byte-compiling /home/group3-robot/robp_group3/install/robp_launch/lib/python3.12/site-packages/robp_launch/__init__.py to __init__.cpython-312.pyc
[1.598s] running install_data
[1.598s] copying resource/robp_launch -> /home/group3-robot/robp_group3/install/robp_launch/share/ament_index/resource_index/packages
[1.598s] copying launch/rs_d435i_launch.py -> /home/group3-robot/robp_group3/install/robp_launch/share/robp_launch/launch
[1.598s] copying launch/detection_launch.py -> /home/group3-robot/robp_group3/install/robp_launch/share/robp_launch/launch
[1.598s] copying launch/phidgets_launch.py -> /home/group3-robot/robp_group3/install/robp_launch/share/robp_launch/launch
[1.598s] copying launch/arm_camera_launch.yaml -> /home/group3-robot/robp_group3/install/robp_launch/share/robp_launch/launch
[1.598s] copying launch/test_path_planner_launch.py -> /home/group3-robot/robp_group3/install/robp_launch/share/robp_launch/launch
[1.598s] copying launch/lidar_launch.yaml -> /home/group3-robot/robp_group3/install/robp_launch/share/robp_launch/launch
[1.598s] copying launch/frames_launch.xml -> /home/group3-robot/robp_group3/install/robp_launch/share/robp_launch/launch
[1.599s] copying launch/joystick_launch.py -> /home/group3-robot/robp_group3/install/robp_launch/share/robp_launch/launch
[1.599s] copying launch/lidar_odom_launch.py -> /home/group3-robot/robp_group3/install/robp_launch/share/robp_launch/launch
[1.599s] copying launch/path_planner_launch.py -> /home/group3-robot/robp_group3/install/robp_launch/share/robp_launch/launch
[1.599s] copying launch/arm_servo_launch.py -> /home/group3-robot/robp_group3/install/robp_launch/share/robp_launch/launch
[1.599s] copying package.xml -> /home/group3-robot/robp_group3/install/robp_launch/share/robp_launch
[1.599s] running install_egg_info
[1.619s] Copying ../../../../build/robp_launch/robp_launch.egg-info to /home/group3-robot/robp_group3/install/robp_launch/lib/python3.12/site-packages/robp_launch-1.0.0-py3.12.egg-info
[1.620s] running install_scripts
[1.744s] writing list of installed files to '/home/group3-robot/robp_group3/build/robp_launch/install.log'
[1.776s] Invoked command in '/home/group3-robot/robp_group3/robp_ws/src/robp_robot/robp_launch' returned '0': AMENT_PREFIX_PATH=/home/group3-robot/robp_group3/install/robp_phidgets_spatial:/home/group3-robot/robp_group3/install/robp_phidgets_motors:/home/group3-robot/robp_group3/install/robp_phidgets_encoders:/home/group3-robot/robp_group3/install/robp_phidgets_temperature:/home/group3-robot/robp_group3/install/robp_interfaces:${AMENT_PREFIX_PATH} CMAKE_PREFIX_PATH=/home/group3-robot/robp_group3/install/robp_phidgets_spatial:/home/group3-robot/robp_group3/install/robp_phidgets_motors:/home/group3-robot/robp_group3/install/robp_phidgets_encoders:/home/group3-robot/robp_group3/install/robp_phidgets_temperature:/home/group3-robot/robp_group3/install/robp_interfaces:${CMAKE_PREFIX_PATH} DEBUGINFOD_URLS=https://debuginfod.ubuntu.com LD_LIBRARY_PATH=/home/group3-robot/robp_group3/install/robp_phidgets_spatial/lib:/home/group3-robot/robp_group3/install/robp_phidgets_motors/lib:/home/group3-robot/robp_group3/install/robp_phidgets_encoders/lib:/home/group3-robot/robp_group3/install/robp_phidgets_temperature/lib:/home/group3-robot/robp_group3/install/robp_interfaces/lib:${LD_LIBRARY_PATH} PYTHONPATH=/home/group3-robot/robp_group3/build/robp_launch/prefix_override:/usr/lib/python3/dist-packages/colcon_core/task/python/colcon_distutils_commands:/home/group3-robot/robp_group3/install/robp_launch/lib/python3.12/site-packages:/home/group3-robot/robp_group3/install/robp_interfaces/lib/python3.12/site-packages:${PYTHONPATH} /usr/bin/python3 -W ignore:setup.py install is deprecated -W ignore:easy_install command is deprecated setup.py egg_info --egg-base ../../../../build/robp_launch build --build-base /home/group3-robot/robp_group3/build/robp_launch/build install --record /home/group3-robot/robp_group3/build/robp_launch/install.log --single-version-externally-managed install_data --force
