[2.037s] Invoking command in '/home/group3-robot/robp_group3/build/arm_servos_pubs_subs': DEBUGINFOD_URLS=https://debuginfod.ubuntu.com PYTHONPATH=/home/group3-robot/robp_group3/build/arm_servos_pubs_subs/prefix_override:/usr/lib/python3/dist-packages/colcon_core/task/python/colcon_distutils_commands:/home/group3-robot/robp_group3/install/arm_servos_pubs_subs/lib/python3.12/site-packages:${PYTHONPATH} /usr/bin/python3 -W ignore:setup.py install is deprecated -W ignore:easy_install command is deprecated setup.py develop --uninstall --editable --build-directory /home/group3-robot/robp_group3/build/arm_servos_pubs_subs/build
[2.471s] running develop
[2.804s] Removing /home/group3-robot/robp_group3/install/arm_servos_pubs_subs/lib/python3.12/site-packages/arm-servos-pubs-subs.egg-link (link to .)
[2.904s] Invoked command in '/home/group3-robot/robp_group3/build/arm_servos_pubs_subs' returned '0': DEBUGINFOD_URLS=https://debuginfod.ubuntu.com PYTHONPATH=/home/group3-robot/robp_group3/build/arm_servos_pubs_subs/prefix_override:/usr/lib/python3/dist-packages/colcon_core/task/python/colcon_distutils_commands:/home/group3-robot/robp_group3/install/arm_servos_pubs_subs/lib/python3.12/site-packages:${PYTHONPATH} /usr/bin/python3 -W ignore:setup.py install is deprecated -W ignore:easy_install command is deprecated setup.py develop --uninstall --editable --build-directory /home/group3-robot/robp_group3/build/arm_servos_pubs_subs/build
[2.910s] Invoking command in '/home/group3-robot/robp_group3/robp_ws/src/robp_robot/robp_arm/arm_servos_pubs_subs': DEBUGINFOD_URLS=https://debuginfod.ubuntu.com PYTHONPATH=/home/group3-robot/robp_group3/build/arm_servos_pubs_subs/prefix_override:/usr/lib/python3/dist-packages/colcon_core/task/python/colcon_distutils_commands:/home/group3-robot/robp_group3/install/arm_servos_pubs_subs/lib/python3.12/site-packages:${PYTHONPATH} /usr/bin/python3 -W ignore:setup.py install is deprecated -W ignore:easy_install command is deprecated setup.py egg_info --egg-base ../../../../../build/arm_servos_pubs_subs build --build-base /home/group3-robot/robp_group3/build/arm_servos_pubs_subs/build install --record /home/group3-robot/robp_group3/build/arm_servos_pubs_subs/install.log --single-version-externally-managed install_data --force
[3.438s] running egg_info
[3.467s] writing ../../../../../build/arm_servos_pubs_subs/arm_servos_pubs_subs.egg-info/PKG-INFO
[3.467s] writing dependency_links to ../../../../../build/arm_servos_pubs_subs/arm_servos_pubs_subs.egg-info/dependency_links.txt
[3.468s] writing entry points to ../../../../../build/arm_servos_pubs_subs/arm_servos_pubs_subs.egg-info/entry_points.txt
[3.468s] writing requirements to ../../../../../build/arm_servos_pubs_subs/arm_servos_pubs_subs.egg-info/requires.txt
[3.468s] writing top-level names to ../../../../../build/arm_servos_pubs_subs/arm_servos_pubs_subs.egg-info/top_level.txt
[3.548s] reading manifest file '../../../../../build/arm_servos_pubs_subs/arm_servos_pubs_subs.egg-info/SOURCES.txt'
[3.548s] writing manifest file '../../../../../build/arm_servos_pubs_subs/arm_servos_pubs_subs.egg-info/SOURCES.txt'
[3.548s] running build
[3.548s] running build_py
[3.548s] creating /home/group3-robot/robp_group3/build/arm_servos_pubs_subs/build
[3.549s] creating /home/group3-robot/robp_group3/build/arm_servos_pubs_subs/build/lib
[3.551s] creating /home/group3-robot/robp_group3/build/arm_servos_pubs_subs/build/lib/arm_servos_pubs_subs
[3.551s] copying arm_servos_pubs_subs/servo_pos_subscriber.py -> /home/group3-robot/robp_group3/build/arm_servos_pubs_subs/build/lib/arm_servos_pubs_subs
[3.551s] copying arm_servos_pubs_subs/move_servos_publisher.py -> /home/group3-robot/robp_group3/build/arm_servos_pubs_subs/build/lib/arm_servos_pubs_subs
[3.551s] copying arm_servos_pubs_subs/__init__.py -> /home/group3-robot/robp_group3/build/arm_servos_pubs_subs/build/lib/arm_servos_pubs_subs
[3.551s] running install
[3.561s] running install_lib
[3.595s] creating /home/group3-robot/robp_group3/install/arm_servos_pubs_subs/lib/python3.12/site-packages/arm_servos_pubs_subs
[3.595s] copying /home/group3-robot/robp_group3/build/arm_servos_pubs_subs/build/lib/arm_servos_pubs_subs/servo_pos_subscriber.py -> /home/group3-robot/robp_group3/install/arm_servos_pubs_subs/lib/python3.12/site-packages/arm_servos_pubs_subs
[3.595s] copying /home/group3-robot/robp_group3/build/arm_servos_pubs_subs/build/lib/arm_servos_pubs_subs/move_servos_publisher.py -> /home/group3-robot/robp_group3/install/arm_servos_pubs_subs/lib/python3.12/site-packages/arm_servos_pubs_subs
[3.595s] copying /home/group3-robot/robp_group3/build/arm_servos_pubs_subs/build/lib/arm_servos_pubs_subs/__init__.py -> /home/group3-robot/robp_group3/install/arm_servos_pubs_subs/lib/python3.12/site-packages/arm_servos_pubs_subs
[3.595s] byte-compiling /home/group3-robot/robp_group3/install/arm_servos_pubs_subs/lib/python3.12/site-packages/arm_servos_pubs_subs/servo_pos_subscriber.py to servo_pos_subscriber.cpython-312.pyc
[3.596s] byte-compiling /home/group3-robot/robp_group3/install/arm_servos_pubs_subs/lib/python3.12/site-packages/arm_servos_pubs_subs/move_servos_publisher.py to move_servos_publisher.cpython-312.pyc
[3.597s] byte-compiling /home/group3-robot/robp_group3/install/arm_servos_pubs_subs/lib/python3.12/site-packages/arm_servos_pubs_subs/__init__.py to __init__.cpython-312.pyc
[3.598s] running install_data
[3.599s] copying resource/arm_servos_pubs_subs -> /home/group3-robot/robp_group3/install/arm_servos_pubs_subs/share/ament_index/resource_index/packages
[3.599s] copying package.xml -> /home/group3-robot/robp_group3/install/arm_servos_pubs_subs/share/arm_servos_pubs_subs
[3.603s] running install_egg_info
[3.635s] Copying ../../../../../build/arm_servos_pubs_subs/arm_servos_pubs_subs.egg-info to /home/group3-robot/robp_group3/install/arm_servos_pubs_subs/lib/python3.12/site-packages/arm_servos_pubs_subs-0.0.0-py3.12.egg-info
[3.637s] running install_scripts
[3.885s] Installing listener script to /home/group3-robot/robp_group3/install/arm_servos_pubs_subs/lib/arm_servos_pubs_subs
[3.885s] Installing talker script to /home/group3-robot/robp_group3/install/arm_servos_pubs_subs/lib/arm_servos_pubs_subs
[3.886s] writing list of installed files to '/home/group3-robot/robp_group3/build/arm_servos_pubs_subs/install.log'
[3.965s] Invoked command in '/home/group3-robot/robp_group3/robp_ws/src/robp_robot/robp_arm/arm_servos_pubs_subs' returned '0': DEBUGINFOD_URLS=https://debuginfod.ubuntu.com PYTHONPATH=/home/group3-robot/robp_group3/build/arm_servos_pubs_subs/prefix_override:/usr/lib/python3/dist-packages/colcon_core/task/python/colcon_distutils_commands:/home/group3-robot/robp_group3/install/arm_servos_pubs_subs/lib/python3.12/site-packages:${PYTHONPATH} /usr/bin/python3 -W ignore:setup.py install is deprecated -W ignore:easy_install command is deprecated setup.py egg_info --egg-base ../../../../../build/arm_servos_pubs_subs build --build-base /home/group3-robot/robp_group3/build/arm_servos_pubs_subs/build install --record /home/group3-robot/robp_group3/build/arm_servos_pubs_subs/install.log --single-version-externally-managed install_data --force
