[0.029s] Invoking command in '/home/group3-robot/robp_group3/build/robp_phidgets_motors': AMENT_PREFIX_PATH=/home/group3-robot/robp_group3/install/robp_interfaces:${AMENT_PREFIX_PATH} CMAKE_PREFIX_PATH=/home/group3-robot/robp_group3/install/robp_interfaces:/opt/ros/jazzy/opt/gz_math_vendor:/opt/ros/jazzy/opt/gz_utils_vendor:/opt/ros/jazzy/opt/gz_cmake_vendor:/opt/ros/jazzy DEBUGINFOD_URLS=https://debuginfod.ubuntu.com LD_LIBRARY_PATH=/home/group3-robot/robp_group3/install/robp_interfaces/lib:${LD_LIBRARY_PATH} PYTHONPATH=/home/group3-robot/robp_group3/install/robp_interfaces/lib/python3.12/site-packages:${PYTHONPATH} /usr/bin/cmake --build /home/group3-robot/robp_group3/build/robp_phidgets_motors -- -j8 -l8
[0.183s] [100%] Built target robp_phidgets_motors
[0.215s] Invoked command in '/home/group3-robot/robp_group3/build/robp_phidgets_motors' returned '0': AMENT_PREFIX_PATH=/home/group3-robot/robp_group3/install/robp_interfaces:${AMENT_PREFIX_PATH} CMAKE_PREFIX_PATH=/home/group3-robot/robp_group3/install/robp_interfaces:/opt/ros/jazzy/opt/gz_math_vendor:/opt/ros/jazzy/opt/gz_utils_vendor:/opt/ros/jazzy/opt/gz_cmake_vendor:/opt/ros/jazzy DEBUGINFOD_URLS=https://debuginfod.ubuntu.com LD_LIBRARY_PATH=/home/group3-robot/robp_group3/install/robp_interfaces/lib:${LD_LIBRARY_PATH} PYTHONPATH=/home/group3-robot/robp_group3/install/robp_interfaces/lib/python3.12/site-packages:${PYTHONPATH} /usr/bin/cmake --build /home/group3-robot/robp_group3/build/robp_phidgets_motors -- -j8 -l8
[0.215s] Invoking command in '/home/group3-robot/robp_group3/build/robp_phidgets_motors': AMENT_PREFIX_PATH=/home/group3-robot/robp_group3/install/robp_interfaces:${AMENT_PREFIX_PATH} CMAKE_PREFIX_PATH=/home/group3-robot/robp_group3/install/robp_interfaces:/opt/ros/jazzy/opt/gz_math_vendor:/opt/ros/jazzy/opt/gz_utils_vendor:/opt/ros/jazzy/opt/gz_cmake_vendor:/opt/ros/jazzy DEBUGINFOD_URLS=https://debuginfod.ubuntu.com LD_LIBRARY_PATH=/home/group3-robot/robp_group3/install/robp_interfaces/lib:${LD_LIBRARY_PATH} PYTHONPATH=/home/group3-robot/robp_group3/install/robp_interfaces/lib/python3.12/site-packages:${PYTHONPATH} /usr/bin/cmake --install /home/group3-robot/robp_group3/build/robp_phidgets_motors
[0.268s] -- Install configuration: "Release"
[0.273s] -- Execute custom install script
[0.273s] -- Up-to-date symlink: /home/group3-robot/robp_group3/install/robp_phidgets_motors/lib/librobp_phidgets_motors.so
[0.274s] -- Up-to-date symlink: /home/group3-robot/robp_group3/install/robp_phidgets_motors/include/robp_phidgets_motors/motor.hpp
[0.274s] -- Up-to-date symlink: /home/group3-robot/robp_group3/install/robp_phidgets_motors/include/robp_phidgets_motors/motors.hpp
[0.275s] -- Up-to-date symlink: /home/group3-robot/robp_group3/install/robp_phidgets_motors/share/robp_phidgets_motors/launch/motors_launch.py
[0.276s] -- Up-to-date symlink: /home/group3-robot/robp_group3/install/robp_phidgets_motors/share/ament_index/resource_index/package_run_dependencies/robp_phidgets_motors
[0.276s] -- Up-to-date symlink: /home/group3-robot/robp_group3/install/robp_phidgets_motors/share/ament_index/resource_index/parent_prefix_path/robp_phidgets_motors
[0.277s] -- Up-to-date symlink: /home/group3-robot/robp_group3/install/robp_phidgets_motors/share/robp_phidgets_motors/environment/ament_prefix_path.sh
[0.277s] -- Up-to-date symlink: /home/group3-robot/robp_group3/install/robp_phidgets_motors/share/robp_phidgets_motors/environment/ament_prefix_path.dsv
[0.277s] -- Up-to-date symlink: /home/group3-robot/robp_group3/install/robp_phidgets_motors/share/robp_phidgets_motors/environment/path.sh
[0.278s] -- Up-to-date symlink: /home/group3-robot/robp_group3/install/robp_phidgets_motors/share/robp_phidgets_motors/environment/path.dsv
[0.278s] -- Up-to-date symlink: /home/group3-robot/robp_group3/install/robp_phidgets_motors/share/robp_phidgets_motors/local_setup.bash
[0.278s] -- Up-to-date symlink: /home/group3-robot/robp_group3/install/robp_phidgets_motors/share/robp_phidgets_motors/local_setup.sh
[0.278s] -- Up-to-date symlink: /home/group3-robot/robp_group3/install/robp_phidgets_motors/share/robp_phidgets_motors/local_setup.zsh
[0.278s] -- Up-to-date symlink: /home/group3-robot/robp_group3/install/robp_phidgets_motors/share/robp_phidgets_motors/local_setup.dsv
[0.278s] -- Symlinking: /home/group3-robot/robp_group3/install/robp_phidgets_motors/share/robp_phidgets_motors/package.dsv
[0.299s] -- Up-to-date symlink: /home/group3-robot/robp_group3/install/robp_phidgets_motors/share/ament_index/resource_index/packages/robp_phidgets_motors
[0.299s] -- Up-to-date symlink: /home/group3-robot/robp_group3/install/robp_phidgets_motors/share/ament_index/resource_index/rclcpp_components/robp_phidgets_motors
[0.299s] -- Up-to-date symlink: /home/group3-robot/robp_group3/install/robp_phidgets_motors/share/robp_phidgets_motors/cmake/robp_phidgets_motorsConfig.cmake
[0.299s] -- Up-to-date symlink: /home/group3-robot/robp_group3/install/robp_phidgets_motors/share/robp_phidgets_motors/cmake/robp_phidgets_motorsConfig-version.cmake
[0.299s] -- Up-to-date symlink: /home/group3-robot/robp_group3/install/robp_phidgets_motors/share/robp_phidgets_motors/package.xml
[0.348s] Invoked command in '/home/group3-robot/robp_group3/build/robp_phidgets_motors' returned '0': AMENT_PREFIX_PATH=/home/group3-robot/robp_group3/install/robp_interfaces:${AMENT_PREFIX_PATH} CMAKE_PREFIX_PATH=/home/group3-robot/robp_group3/install/robp_interfaces:/opt/ros/jazzy/opt/gz_math_vendor:/opt/ros/jazzy/opt/gz_utils_vendor:/opt/ros/jazzy/opt/gz_cmake_vendor:/opt/ros/jazzy DEBUGINFOD_URLS=https://debuginfod.ubuntu.com LD_LIBRARY_PATH=/home/group3-robot/robp_group3/install/robp_interfaces/lib:${LD_LIBRARY_PATH} PYTHONPATH=/home/group3-robot/robp_group3/install/robp_interfaces/lib/python3.12/site-packages:${PYTHONPATH} /usr/bin/cmake --install /home/group3-robot/robp_group3/build/robp_phidgets_motors
