[0.011s] Invoking command in '/home/group3-robot/robp_group3/build/usb_cam': CMAKE_PREFIX_PATH=${CMAKE_PREFIX_PATH}:/home/group3-robot/robp_group3/robp_ws/install/robp_launch:/home/group3-robot/robp_group3/robp_ws/install/odometry:/home/group3-robot/robp_group3/robp_ws/install/path_planner:/home/group3-robot/robp_group3/robp_ws/install/mapping:/home/group3-robot/robp_group3/robp_ws/install/joystick_teleop:/home/group3-robot/robp_group3/robp_ws/install/behavior_tree:/home/group3-robot/robp_group3/robp_ws/install/handle_objects:/home/group3-robot/robp_group3/robp_ws/install/detection:/home/group3-robot/robp_group3/robp_ws/install/arm_servos_pubs_subs:/home/group3-robot/robp_group3/robp_ws/install/arm_controller:/opt/ros/jazzy DEBUGINFOD_URLS=https://debuginfod.ubuntu.com /usr/bin/cmake /home/group3-robot/robp_group3/robp_ws/src/robp_robot/usb_cam -DAMENT_CMAKE_SYMLINK_INSTALL=1 -DCMAKE_INSTALL_PREFIX=/home/group3-robot/robp_group3/install/usb_cam
[0.810s] -- The C compiler identification is GNU 13.3.0
[0.810s] -- The CXX compiler identification is GNU 13.3.0
[0.810s] -- Detecting C compiler ABI info
[0.810s] -- Detecting C compiler ABI info - done
[0.810s] -- Check for working C compiler: /usr/bin/cc - skipped
[0.810s] -- Detecting C compile features
[0.810s] -- Detecting C compile features - done
[0.811s] -- Detecting CXX compiler ABI info
[0.814s] -- Detecting CXX compiler ABI info - done
[0.827s] -- Check for working CXX compiler: /usr/bin/c++ - skipped
[0.827s] -- Detecting CXX compile features
[0.828s] -- Detecting CXX compile features - done
[0.833s] -- Found ament_cmake_auto: 2.5.3 (/opt/ros/jazzy/share/ament_cmake_auto/cmake)
[1.226s] -- Found Python3: /usr/bin/python3 (found version "3.12.3") found components: Interpreter 
[1.422s] -- Override CMake install command with custom implementation using symlinks instead of copying resources
[2.027s] -- Found rosidl_generator_c: 4.6.5 (/opt/ros/jazzy/share/rosidl_generator_c/cmake)
[2.069s] -- Found rosidl_generator_cpp: 4.6.5 (/opt/ros/jazzy/share/rosidl_generator_cpp/cmake)
[2.156s] -- Using all available rosidl_typesupport_c: rosidl_typesupport_fastrtps_c;rosidl_typesupport_introspection_c
[2.227s] -- Using all available rosidl_typesupport_cpp: rosidl_typesupport_fastrtps_cpp;rosidl_typesupport_introspection_cpp
[2.502s] -- Found rmw_implementation_cmake: 7.3.1 (/opt/ros/jazzy/share/rmw_implementation_cmake/cmake)
[2.508s] -- Found rmw_fastrtps_cpp: 8.4.1 (/opt/ros/jazzy/share/rmw_fastrtps_cpp/cmake)
[2.725s] -- Found OpenSSL: /usr/lib/x86_64-linux-gnu/libcrypto.so (found version "3.0.13")  
[2.784s] -- Found FastRTPS: /opt/ros/jazzy/include (Required is at least version "2.13") 
[2.830s] -- Using RMW implementation 'rmw_fastrtps_cpp' as default
[3.711s] -- Setting yaml-cpp_DIR to: '/opt/ros/jazzy/share/yaml_cpp_vendor/cmake/../../../opt/yaml_cpp_vendor/share/cmake/yaml-cpp'
[4.321s] -- Found rosidl_adapter: 4.6.5 (/opt/ros/jazzy/share/rosidl_adapter/cmake)
[4.348s] -- Found OpenCV: /usr (found version "4.6.0") 
[4.388s] -- Found PkgConfig: /usr/bin/pkg-config (found version "1.8.1") 
[4.392s] -- Checking for module 'libavcodec'
[4.468s] --   Found libavcodec, version 60.31.102
[4.630s] -- Checking for module 'libavutil'
[4.725s] --   Found libavutil, version 58.29.100
[4.953s] -- Checking for module 'libswscale'
[5.041s] --   Found libswscale, version 7.5.100
[5.258s] -- Found ament_lint_auto: 0.17.1 (/opt/ros/jazzy/share/ament_lint_auto/cmake)
[5.432s] -- Found gtest sources under '/opt/ros/jazzy/src/gtest_vendor': C++ tests using 'Google Test' will be built
[5.483s] -- Performing Test CMAKE_HAVE_LIBC_PTHREAD
[5.795s] -- Performing Test CMAKE_HAVE_LIBC_PTHREAD - Success
[5.795s] -- Found Threads: TRUE  
[5.824s] -- Added test 'copyright' to check source files copyright and LICENSE
[5.857s] -- Added test 'cppcheck' to perform static code analysis on C / C++ code
[5.907s] -- Configured cppcheck include dirs: /home/group3-robot/robp_group3/robp_ws/src/robp_robot/usb_cam/include
[5.907s] -- Configured cppcheck exclude dirs and/or files: 
[5.907s] -- Added test 'cpplint' to check C / C++ code against the Google style
[5.907s] -- Configured cpplint exclude dirs and/or files: 
[5.907s] -- Added test 'flake8' to check Python code syntax and style conventions
[5.907s] -- Configured 'flake8' exclude dirs and/or files: 
[5.908s] -- Added test 'lint_cmake' to check CMake code style
[5.921s] -- Added test 'pep257' to check Python code against some of the docstring style conventions in PEP 257
[5.941s] -- Added test 'uncrustify' to check C / C++ code style
[5.941s] -- Configured uncrustify additional arguments: 
[5.947s] -- Added test 'xmllint' to check XML markup files
[5.963s] -- Configuring done (5.9s)
[6.253s] -- Generating done (0.2s)
[6.299s] -- Build files have been written to: /home/group3-robot/robp_group3/build/usb_cam
[6.391s] Invoked command in '/home/group3-robot/robp_group3/build/usb_cam' returned '0': CMAKE_PREFIX_PATH=${CMAKE_PREFIX_PATH}:/home/group3-robot/robp_group3/robp_ws/install/robp_launch:/home/group3-robot/robp_group3/robp_ws/install/odometry:/home/group3-robot/robp_group3/robp_ws/install/path_planner:/home/group3-robot/robp_group3/robp_ws/install/mapping:/home/group3-robot/robp_group3/robp_ws/install/joystick_teleop:/home/group3-robot/robp_group3/robp_ws/install/behavior_tree:/home/group3-robot/robp_group3/robp_ws/install/handle_objects:/home/group3-robot/robp_group3/robp_ws/install/detection:/home/group3-robot/robp_group3/robp_ws/install/arm_servos_pubs_subs:/home/group3-robot/robp_group3/robp_ws/install/arm_controller:/opt/ros/jazzy DEBUGINFOD_URLS=https://debuginfod.ubuntu.com /usr/bin/cmake /home/group3-robot/robp_group3/robp_ws/src/robp_robot/usb_cam -DAMENT_CMAKE_SYMLINK_INSTALL=1 -DCMAKE_INSTALL_PREFIX=/home/group3-robot/robp_group3/install/usb_cam
[6.392s] Invoking command in '/home/group3-robot/robp_group3/build/usb_cam': CMAKE_PREFIX_PATH=${CMAKE_PREFIX_PATH}:/home/group3-robot/robp_group3/robp_ws/install/robp_launch:/home/group3-robot/robp_group3/robp_ws/install/odometry:/home/group3-robot/robp_group3/robp_ws/install/path_planner:/home/group3-robot/robp_group3/robp_ws/install/mapping:/home/group3-robot/robp_group3/robp_ws/install/joystick_teleop:/home/group3-robot/robp_group3/robp_ws/install/behavior_tree:/home/group3-robot/robp_group3/robp_ws/install/handle_objects:/home/group3-robot/robp_group3/robp_ws/install/detection:/home/group3-robot/robp_group3/robp_ws/install/arm_servos_pubs_subs:/home/group3-robot/robp_group3/robp_ws/install/arm_controller:/opt/ros/jazzy DEBUGINFOD_URLS=https://debuginfod.ubuntu.com /usr/bin/cmake --build /home/group3-robot/robp_group3/build/usb_cam -- -j8 -l8
[6.632s] [  7%] [32mBuilding CXX object CMakeFiles/usb_cam.dir/src/usb_cam.cpp.o[0m
[6.658s] [ 14%] [32mBuilding CXX object gtest/CMakeFiles/gtest_main.dir/src/gtest_main.cc.o[0m
[6.658s] [ 21%] [32mBuilding CXX object CMakeFiles/usb_cam_node_exe.dir/rclcpp_components/node_main_usb_cam_node_exe.cpp.o[0m
[6.701s] [ 28%] [32mBuilding CXX object gtest/CMakeFiles/gtest.dir/src/gtest-all.cc.o[0m
[10.207s] [ 35%] [32m[1mLinking CXX static library libgtest_main.a[0m
[10.741s] [ 35%] Built target gtest_main
[13.795s] [ 42%] [32m[1mLinking CXX shared library libusb_cam.so[0m
[14.205s] [ 42%] Built target usb_cam
[14.257s] [ 50%] [32mBuilding CXX object CMakeFiles/usb_cam_node.dir/src/usb_cam_node.cpp.o[0m
[15.614s] [ 57%] [32m[1mLinking CXX executable usb_cam_node_exe[0m
[15.848s] [ 57%] Built target usb_cam_node_exe
[16.240s] [ 64%] [32m[1mLinking CXX static library libgtest.a[0m
[16.336s] [ 64%] Built target gtest
[16.359s] [ 78%] [32mBuilding CXX object CMakeFiles/test_usb_cam_utils.dir/test/test_usb_cam_utils.cpp.o[0m
[16.359s] [ 78%] [32mBuilding CXX object CMakeFiles/test_pixel_formats.dir/test/test_pixel_formats.cpp.o[0m
[18.025s] [ 85%] [32m[1mLinking CXX executable test_usb_cam_utils[0m
[18.214s] [ 92%] [32m[1mLinking CXX executable test_pixel_formats[0m
[18.248s] [ 92%] Built target test_usb_cam_utils
[18.435s] [ 92%] Built target test_pixel_formats
[24.870s] [100%] [32m[1mLinking CXX shared library libusb_cam_node.so[0m
[25.431s] [100%] Built target usb_cam_node
[25.444s] Invoked command in '/home/group3-robot/robp_group3/build/usb_cam' returned '0': CMAKE_PREFIX_PATH=${CMAKE_PREFIX_PATH}:/home/group3-robot/robp_group3/robp_ws/install/robp_launch:/home/group3-robot/robp_group3/robp_ws/install/odometry:/home/group3-robot/robp_group3/robp_ws/install/path_planner:/home/group3-robot/robp_group3/robp_ws/install/mapping:/home/group3-robot/robp_group3/robp_ws/install/joystick_teleop:/home/group3-robot/robp_group3/robp_ws/install/behavior_tree:/home/group3-robot/robp_group3/robp_ws/install/handle_objects:/home/group3-robot/robp_group3/robp_ws/install/detection:/home/group3-robot/robp_group3/robp_ws/install/arm_servos_pubs_subs:/home/group3-robot/robp_group3/robp_ws/install/arm_controller:/opt/ros/jazzy DEBUGINFOD_URLS=https://debuginfod.ubuntu.com /usr/bin/cmake --build /home/group3-robot/robp_group3/build/usb_cam -- -j8 -l8
[25.446s] Invoking command in '/home/group3-robot/robp_group3/build/usb_cam': CMAKE_PREFIX_PATH=${CMAKE_PREFIX_PATH}:/home/group3-robot/robp_group3/robp_ws/install/robp_launch:/home/group3-robot/robp_group3/robp_ws/install/odometry:/home/group3-robot/robp_group3/robp_ws/install/path_planner:/home/group3-robot/robp_group3/robp_ws/install/mapping:/home/group3-robot/robp_group3/robp_ws/install/joystick_teleop:/home/group3-robot/robp_group3/robp_ws/install/behavior_tree:/home/group3-robot/robp_group3/robp_ws/install/handle_objects:/home/group3-robot/robp_group3/robp_ws/install/detection:/home/group3-robot/robp_group3/robp_ws/install/arm_servos_pubs_subs:/home/group3-robot/robp_group3/robp_ws/install/arm_controller:/opt/ros/jazzy DEBUGINFOD_URLS=https://debuginfod.ubuntu.com /usr/bin/cmake --install /home/group3-robot/robp_group3/build/usb_cam
[25.456s] -- Install configuration: ""
[25.456s] -- Execute custom install script
[25.456s] -- Symlinking: /home/group3-robot/robp_group3/install/usb_cam/share/usb_cam/environment/library_path.sh
[25.467s] -- Symlinking: /home/group3-robot/robp_group3/install/usb_cam/share/usb_cam/environment/library_path.dsv
[25.478s] -- Symlinking: /home/group3-robot/robp_group3/install/usb_cam/lib/usb_cam/usb_cam_node_exe
[25.489s] -- Symlinking: /home/group3-robot/robp_group3/install/usb_cam/lib/usb_cam/show_image.py
[25.501s] -- Symlinking: /home/group3-robot/robp_group3/install/usb_cam/lib/libusb_cam.so
[25.512s] -- Symlinking: /home/group3-robot/robp_group3/install/usb_cam/lib/libusb_cam_node.so
[25.524s] -- Symlinking: /home/group3-robot/robp_group3/install/usb_cam/include/usb_cam/constants.hpp
[25.537s] -- Symlinking: /home/group3-robot/robp_group3/install/usb_cam/include/usb_cam/conversions.hpp
[25.546s] -- Symlinking: /home/group3-robot/robp_group3/install/usb_cam/include/usb_cam/formats/av_pixel_format_helper.hpp
[25.557s] -- Symlinking: /home/group3-robot/robp_group3/install/usb_cam/include/usb_cam/formats/m420.hpp
[25.567s] -- Symlinking: /home/group3-robot/robp_group3/install/usb_cam/include/usb_cam/formats/mjpeg.hpp
[25.577s] -- Symlinking: /home/group3-robot/robp_group3/install/usb_cam/include/usb_cam/formats/mono.hpp
[25.588s] -- Symlinking: /home/group3-robot/robp_group3/install/usb_cam/include/usb_cam/formats/pixel_format_base.hpp
[25.598s] -- Symlinking: /home/group3-robot/robp_group3/install/usb_cam/include/usb_cam/formats/rgb.hpp
[25.609s] -- Symlinking: /home/group3-robot/robp_group3/install/usb_cam/include/usb_cam/formats/utils.hpp
[25.620s] -- Symlinking: /home/group3-robot/robp_group3/install/usb_cam/include/usb_cam/formats/uyvy.hpp
[25.630s] -- Symlinking: /home/group3-robot/robp_group3/install/usb_cam/include/usb_cam/formats/yuyv.hpp
[25.641s] -- Symlinking: /home/group3-robot/robp_group3/install/usb_cam/include/usb_cam/usb_cam.hpp
[25.651s] -- Symlinking: /home/group3-robot/robp_group3/install/usb_cam/include/usb_cam/usb_cam_node.hpp
[25.662s] -- Symlinking: /home/group3-robot/robp_group3/install/usb_cam/include/usb_cam/utils.hpp
[25.672s] -- Up-to-date symlink: /home/group3-robot/robp_group3/install/usb_cam/lib/libusb_cam_node.so
[25.673s] -- Symlinking: /home/group3-robot/robp_group3/install/usb_cam/share/usb_cam/launch/__init__.py
[25.683s] -- Symlinking: /home/group3-robot/robp_group3/install/usb_cam/share/usb_cam/launch/camera.launch.py
[25.694s] -- Symlinking: /home/group3-robot/robp_group3/install/usb_cam/share/usb_cam/launch/camera_config.py
[25.705s] -- Symlinking: /home/group3-robot/robp_group3/install/usb_cam/share/usb_cam/config/camera_info.yaml
[25.725s] -- Symlinking: /home/group3-robot/robp_group3/install/usb_cam/share/usb_cam/config/params_1.yaml
[25.736s] -- Symlinking: /home/group3-robot/robp_group3/install/usb_cam/share/usb_cam/config/params_2.yaml
[25.747s] -- Symlinking: /home/group3-robot/robp_group3/install/usb_cam/share/ament_index/resource_index/package_run_dependencies/usb_cam
[25.759s] -- Symlinking: /home/group3-robot/robp_group3/install/usb_cam/share/ament_index/resource_index/parent_prefix_path/usb_cam
[25.770s] -- Symlinking: /home/group3-robot/robp_group3/install/usb_cam/share/usb_cam/environment/ament_prefix_path.sh
[25.782s] -- Symlinking: /home/group3-robot/robp_group3/install/usb_cam/share/usb_cam/environment/ament_prefix_path.dsv
[25.793s] -- Symlinking: /home/group3-robot/robp_group3/install/usb_cam/share/usb_cam/environment/path.sh
[25.805s] -- Symlinking: /home/group3-robot/robp_group3/install/usb_cam/share/usb_cam/environment/path.dsv
[25.817s] -- Symlinking: /home/group3-robot/robp_group3/install/usb_cam/share/usb_cam/local_setup.bash
[25.828s] -- Symlinking: /home/group3-robot/robp_group3/install/usb_cam/share/usb_cam/local_setup.sh
[25.847s] -- Symlinking: /home/group3-robot/robp_group3/install/usb_cam/share/usb_cam/local_setup.zsh
[25.858s] -- Symlinking: /home/group3-robot/robp_group3/install/usb_cam/share/usb_cam/local_setup.dsv
[25.868s] -- Symlinking: /home/group3-robot/robp_group3/install/usb_cam/share/usb_cam/package.dsv
[25.879s] -- Symlinking: /home/group3-robot/robp_group3/install/usb_cam/share/ament_index/resource_index/packages/usb_cam
[25.890s] -- Symlinking: /home/group3-robot/robp_group3/install/usb_cam/share/ament_index/resource_index/rclcpp_components/usb_cam
[25.902s] -- Symlinking: /home/group3-robot/robp_group3/install/usb_cam/share/usb_cam/cmake/ament_cmake_export_libraries-extras.cmake
[25.913s] -- Symlinking: /home/group3-robot/robp_group3/install/usb_cam/share/usb_cam/cmake/ament_cmake_export_dependencies-extras.cmake
[25.924s] -- Symlinking: /home/group3-robot/robp_group3/install/usb_cam/share/usb_cam/cmake/ament_cmake_export_include_directories-extras.cmake
[25.936s] -- Symlinking: /home/group3-robot/robp_group3/install/usb_cam/share/usb_cam/cmake/usb_camConfig.cmake
[25.947s] -- Symlinking: /home/group3-robot/robp_group3/install/usb_cam/share/usb_cam/cmake/usb_camConfig-version.cmake
[25.958s] -- Symlinking: /home/group3-robot/robp_group3/install/usb_cam/share/usb_cam/package.xml
[25.971s] Invoked command in '/home/group3-robot/robp_group3/build/usb_cam' returned '0': CMAKE_PREFIX_PATH=${CMAKE_PREFIX_PATH}:/home/group3-robot/robp_group3/robp_ws/install/robp_launch:/home/group3-robot/robp_group3/robp_ws/install/odometry:/home/group3-robot/robp_group3/robp_ws/install/path_planner:/home/group3-robot/robp_group3/robp_ws/install/mapping:/home/group3-robot/robp_group3/robp_ws/install/joystick_teleop:/home/group3-robot/robp_group3/robp_ws/install/behavior_tree:/home/group3-robot/robp_group3/robp_ws/install/handle_objects:/home/group3-robot/robp_group3/robp_ws/install/detection:/home/group3-robot/robp_group3/robp_ws/install/arm_servos_pubs_subs:/home/group3-robot/robp_group3/robp_ws/install/arm_controller:/opt/ros/jazzy DEBUGINFOD_URLS=https://debuginfod.ubuntu.com /usr/bin/cmake --install /home/group3-robot/robp_group3/build/usb_cam
