[2.050s] Invoking command in '/home/group3-robot/robp_group3/build/joystick_teleop': DEBUGINFOD_URLS=https://debuginfod.ubuntu.com PYTHONPATH=/home/group3-robot/robp_group3/build/joystick_teleop/prefix_override:/usr/lib/python3/dist-packages/colcon_core/task/python/colcon_distutils_commands:/home/group3-robot/robp_group3/install/joystick_teleop/lib/python3.12/site-packages:${PYTHONPATH} /usr/bin/python3 -W ignore:setup.py install is deprecated -W ignore:easy_install command is deprecated setup.py develop --uninstall --editable --build-directory /home/group3-robot/robp_group3/build/joystick_teleop/build
[2.505s] running develop
[2.852s] Removing /home/group3-robot/robp_group3/install/joystick_teleop/lib/python3.12/site-packages/joystick-teleop.egg-link (link to .)
[2.914s] Invoked command in '/home/group3-robot/robp_group3/build/joystick_teleop' returned '0': DEBUGINFOD_URLS=https://debuginfod.ubuntu.com PYTHONPATH=/home/group3-robot/robp_group3/build/joystick_teleop/prefix_override:/usr/lib/python3/dist-packages/colcon_core/task/python/colcon_distutils_commands:/home/group3-robot/robp_group3/install/joystick_teleop/lib/python3.12/site-packages:${PYTHONPATH} /usr/bin/python3 -W ignore:setup.py install is deprecated -W ignore:easy_install command is deprecated setup.py develop --uninstall --editable --build-directory /home/group3-robot/robp_group3/build/joystick_teleop/build
[2.915s] Invoking command in '/home/group3-robot/robp_group3/robp_ws/src/joystick_teleop': DEBUGINFOD_URLS=https://debuginfod.ubuntu.com PYTHONPATH=/home/group3-robot/robp_group3/build/joystick_teleop/prefix_override:/usr/lib/python3/dist-packages/colcon_core/task/python/colcon_distutils_commands:/home/group3-robot/robp_group3/install/joystick_teleop/lib/python3.12/site-packages:${PYTHONPATH} /usr/bin/python3 -W ignore:setup.py install is deprecated -W ignore:easy_install command is deprecated setup.py egg_info --egg-base ../../../build/joystick_teleop build --build-base /home/group3-robot/robp_group3/build/joystick_teleop/build install --record /home/group3-robot/robp_group3/build/joystick_teleop/install.log --single-version-externally-managed install_data --force
[3.628s] running egg_info
[3.655s] writing ../../../build/joystick_teleop/joystick_teleop.egg-info/PKG-INFO
[3.656s] writing dependency_links to ../../../build/joystick_teleop/joystick_teleop.egg-info/dependency_links.txt
[3.656s] writing entry points to ../../../build/joystick_teleop/joystick_teleop.egg-info/entry_points.txt
[3.657s] writing requirements to ../../../build/joystick_teleop/joystick_teleop.egg-info/requires.txt
[3.657s] writing top-level names to ../../../build/joystick_teleop/joystick_teleop.egg-info/top_level.txt
[3.733s] reading manifest file '../../../build/joystick_teleop/joystick_teleop.egg-info/SOURCES.txt'
[3.734s] writing manifest file '../../../build/joystick_teleop/joystick_teleop.egg-info/SOURCES.txt'
[3.734s] running build
[3.734s] running build_py
[3.735s] creating /home/group3-robot/robp_group3/build/joystick_teleop/build
[3.735s] creating /home/group3-robot/robp_group3/build/joystick_teleop/build/lib
[3.735s] creating /home/group3-robot/robp_group3/build/joystick_teleop/build/lib/joystick_teleop
[3.738s] copying joystick_teleop/teleop.py -> /home/group3-robot/robp_group3/build/joystick_teleop/build/lib/joystick_teleop
[3.738s] copying joystick_teleop/twist2duty.py -> /home/group3-robot/robp_group3/build/joystick_teleop/build/lib/joystick_teleop
[3.738s] copying joystick_teleop/__init__.py -> /home/group3-robot/robp_group3/build/joystick_teleop/build/lib/joystick_teleop
[3.738s] running install
[3.745s] running install_lib
[3.780s] creating /home/group3-robot/robp_group3/install/joystick_teleop/lib/python3.12/site-packages/joystick_teleop
[3.780s] copying /home/group3-robot/robp_group3/build/joystick_teleop/build/lib/joystick_teleop/teleop.py -> /home/group3-robot/robp_group3/install/joystick_teleop/lib/python3.12/site-packages/joystick_teleop
[3.780s] copying /home/group3-robot/robp_group3/build/joystick_teleop/build/lib/joystick_teleop/twist2duty.py -> /home/group3-robot/robp_group3/install/joystick_teleop/lib/python3.12/site-packages/joystick_teleop
[3.780s] copying /home/group3-robot/robp_group3/build/joystick_teleop/build/lib/joystick_teleop/__init__.py -> /home/group3-robot/robp_group3/install/joystick_teleop/lib/python3.12/site-packages/joystick_teleop
[3.782s] byte-compiling /home/group3-robot/robp_group3/install/joystick_teleop/lib/python3.12/site-packages/joystick_teleop/teleop.py to teleop.cpython-312.pyc
[3.782s] byte-compiling /home/group3-robot/robp_group3/install/joystick_teleop/lib/python3.12/site-packages/joystick_teleop/twist2duty.py to twist2duty.cpython-312.pyc
[3.783s] byte-compiling /home/group3-robot/robp_group3/install/joystick_teleop/lib/python3.12/site-packages/joystick_teleop/__init__.py to __init__.cpython-312.pyc
[3.783s] running install_data
[3.783s] copying resource/joystick_teleop -> /home/group3-robot/robp_group3/install/joystick_teleop/share/ament_index/resource_index/packages
[3.783s] copying package.xml -> /home/group3-robot/robp_group3/install/joystick_teleop/share/joystick_teleop
[3.784s] running install_egg_info
[3.824s] Copying ../../../build/joystick_teleop/joystick_teleop.egg-info to /home/group3-robot/robp_group3/install/joystick_teleop/lib/python3.12/site-packages/joystick_teleop-0.0.0-py3.12.egg-info
[3.831s] running install_scripts
[4.115s] Installing teleop script to /home/group3-robot/robp_group3/install/joystick_teleop/lib/joystick_teleop
[4.116s] Installing twist2duty script to /home/group3-robot/robp_group3/install/joystick_teleop/lib/joystick_teleop
[4.116s] writing list of installed files to '/home/group3-robot/robp_group3/build/joystick_teleop/install.log'
[4.207s] Invoked command in '/home/group3-robot/robp_group3/robp_ws/src/joystick_teleop' returned '0': DEBUGINFOD_URLS=https://debuginfod.ubuntu.com PYTHONPATH=/home/group3-robot/robp_group3/build/joystick_teleop/prefix_override:/usr/lib/python3/dist-packages/colcon_core/task/python/colcon_distutils_commands:/home/group3-robot/robp_group3/install/joystick_teleop/lib/python3.12/site-packages:${PYTHONPATH} /usr/bin/python3 -W ignore:setup.py install is deprecated -W ignore:easy_install command is deprecated setup.py egg_info --egg-base ../../../build/joystick_teleop build --build-base /home/group3-robot/robp_group3/build/joystick_teleop/build install --record /home/group3-robot/robp_group3/build/joystick_teleop/install.log --single-version-externally-managed install_data --force
