[1.756s] Invoking command in '/home/group3-robot/robp_group3/build/detection': DEBUGINFOD_URLS=https://debuginfod.ubuntu.com PYTHONPATH=/home/group3-robot/robp_group3/build/detection/prefix_override:/usr/lib/python3/dist-packages/colcon_core/task/python/colcon_distutils_commands:/home/group3-robot/robp_group3/install/detection/lib/python3.12/site-packages:${PYTHONPATH} /usr/bin/python3 -W ignore:setup.py install is deprecated -W ignore:easy_install command is deprecated setup.py develop --editable --build-directory /home/group3-robot/robp_group3/build/detection/build --no-deps symlink_data
[2.985s] running develop
[2.986s] running egg_info
[2.986s] creating detection.egg-info
[2.986s] writing detection.egg-info/PKG-INFO
[2.986s] writing dependency_links to detection.egg-info/dependency_links.txt
[2.986s] writing entry points to detection.egg-info/entry_points.txt
[2.986s] writing requirements to detection.egg-info/requires.txt
[2.986s] writing top-level names to detection.egg-info/top_level.txt
[2.986s] writing manifest file 'detection.egg-info/SOURCES.txt'
[2.986s] reading manifest file 'detection.egg-info/SOURCES.txt'
[2.986s] writing manifest file 'detection.egg-info/SOURCES.txt'
[2.986s] running build_ext
[2.986s] Creating /home/group3-robot/robp_group3/install/detection/lib/python3.12/site-packages/detection.egg-link (link to .)
[2.987s] Installing detection script to /home/group3-robot/robp_group3/install/detection/lib/detection
[2.987s] 
[2.987s] Installed /home/group3-robot/robp_group3/build/detection
[2.987s] running symlink_data
[2.987s] creating /home/group3-robot/robp_group3/install/detection/share/ament_index
[2.987s] creating /home/group3-robot/robp_group3/install/detection/share/ament_index/resource_index
[2.987s] creating /home/group3-robot/robp_group3/install/detection/share/ament_index/resource_index/packages
[2.987s] symbolically linking /home/group3-robot/robp_group3/build/detection/resource/detection -> /home/group3-robot/robp_group3/install/detection/share/ament_index/resource_index/packages
[2.987s] symbolically linking /home/group3-robot/robp_group3/build/detection/package.xml -> /home/group3-robot/robp_group3/install/detection/share/detection
[2.998s] Invoked command in '/home/group3-robot/robp_group3/build/detection' returned '0': DEBUGINFOD_URLS=https://debuginfod.ubuntu.com PYTHONPATH=/home/group3-robot/robp_group3/build/detection/prefix_override:/usr/lib/python3/dist-packages/colcon_core/task/python/colcon_distutils_commands:/home/group3-robot/robp_group3/install/detection/lib/python3.12/site-packages:${PYTHONPATH} /usr/bin/python3 -W ignore:setup.py install is deprecated -W ignore:easy_install command is deprecated setup.py develop --editable --build-directory /home/group3-robot/robp_group3/build/detection/build --no-deps symlink_data
