[0.015s] Invoking command in '/home/group3-robot/robp_group3/build/drive_base_msgs': CMAKE_PREFIX_PATH=${CMAKE_PREFIX_PATH}:/home/group3-robot/robp_group3/robp_ws/install/robp_launch:/home/group3-robot/robp_group3/robp_ws/install/odometry:/home/group3-robot/robp_group3/robp_ws/install/path_planner:/home/group3-robot/robp_group3/robp_ws/install/mapping:/home/group3-robot/robp_group3/robp_ws/install/joystick_teleop:/home/group3-robot/robp_group3/robp_ws/install/behavior_tree:/home/group3-robot/robp_group3/robp_ws/install/handle_objects:/home/group3-robot/robp_group3/robp_ws/install/detection:/home/group3-robot/robp_group3/robp_ws/install/arm_servos_pubs_subs:/home/group3-robot/robp_group3/robp_ws/install/arm_controller:/opt/ros/jazzy DEBUGINFOD_URLS=https://debuginfod.ubuntu.com /usr/bin/cmake --build /home/group3-robot/robp_group3/build/drive_base_msgs -- -j8 -l8
[0.109s] [  1%] Built target drive_base_msgs__rosidl_generator_type_description
[0.147s] [  1%] Built target ament_cmake_python_symlink_drive_base_msgs
[0.161s] [  3%] Built target drive_base_msgs__cpp
[0.171s] [ 25%] Built target drive_base_msgs__rosidl_generator_c
[0.236s] [ 34%] Built target drive_base_msgs__rosidl_typesupport_fastrtps_c
[0.240s] [ 43%] Built target drive_base_msgs__rosidl_typesupport_cpp
[0.263s] [ 62%] Built target drive_base_msgs__rosidl_typesupport_introspection_c
[0.264s] [ 71%] Built target drive_base_msgs__rosidl_typesupport_introspection_cpp
[0.264s] [ 73%] Built target drive_base_msgs__rosidl_typesupport_fastrtps_cpp
[0.264s] [ 81%] Built target drive_base_msgs__rosidl_typesupport_c
[0.294s] [ 81%] Built target drive_base_msgs
[0.336s] [ 82%] Built target drive_base_msgs__py
[0.361s] [ 90%] Built target drive_base_msgs__rosidl_generator_py
[0.389s] [ 93%] Built target drive_base_msgs_s__rosidl_typesupport_fastrtps_c
[0.389s] [ 96%] Built target drive_base_msgs_s__rosidl_typesupport_introspection_c
[0.391s] [100%] Built target drive_base_msgs_s__rosidl_typesupport_c
[0.484s] running egg_info
[0.511s] writing drive_base_msgs.egg-info/PKG-INFO
[0.511s] writing dependency_links to drive_base_msgs.egg-info/dependency_links.txt
[0.511s] writing top-level names to drive_base_msgs.egg-info/top_level.txt
[0.586s] reading manifest file 'drive_base_msgs.egg-info/SOURCES.txt'
[0.587s] writing manifest file 'drive_base_msgs.egg-info/SOURCES.txt'
[0.631s] [100%] Built target ament_cmake_python_build_drive_base_msgs_egg
[0.650s] Invoked command in '/home/group3-robot/robp_group3/build/drive_base_msgs' returned '0': CMAKE_PREFIX_PATH=${CMAKE_PREFIX_PATH}:/home/group3-robot/robp_group3/robp_ws/install/robp_launch:/home/group3-robot/robp_group3/robp_ws/install/odometry:/home/group3-robot/robp_group3/robp_ws/install/path_planner:/home/group3-robot/robp_group3/robp_ws/install/mapping:/home/group3-robot/robp_group3/robp_ws/install/joystick_teleop:/home/group3-robot/robp_group3/robp_ws/install/behavior_tree:/home/group3-robot/robp_group3/robp_ws/install/handle_objects:/home/group3-robot/robp_group3/robp_ws/install/detection:/home/group3-robot/robp_group3/robp_ws/install/arm_servos_pubs_subs:/home/group3-robot/robp_group3/robp_ws/install/arm_controller:/opt/ros/jazzy DEBUGINFOD_URLS=https://debuginfod.ubuntu.com /usr/bin/cmake --build /home/group3-robot/robp_group3/build/drive_base_msgs -- -j8 -l8
[0.652s] Invoking command in '/home/group3-robot/robp_group3/build/drive_base_msgs': CMAKE_PREFIX_PATH=${CMAKE_PREFIX_PATH}:/home/group3-robot/robp_group3/robp_ws/install/robp_launch:/home/group3-robot/robp_group3/robp_ws/install/odometry:/home/group3-robot/robp_group3/robp_ws/install/path_planner:/home/group3-robot/robp_group3/robp_ws/install/mapping:/home/group3-robot/robp_group3/robp_ws/install/joystick_teleop:/home/group3-robot/robp_group3/robp_ws/install/behavior_tree:/home/group3-robot/robp_group3/robp_ws/install/handle_objects:/home/group3-robot/robp_group3/robp_ws/install/detection:/home/group3-robot/robp_group3/robp_ws/install/arm_servos_pubs_subs:/home/group3-robot/robp_group3/robp_ws/install/arm_controller:/opt/ros/jazzy DEBUGINFOD_URLS=https://debuginfod.ubuntu.com /usr/bin/cmake --install /home/group3-robot/robp_group3/build/drive_base_msgs
[0.664s] -- Install configuration: ""
[0.665s] -- Execute custom install script
[0.667s] -- Up-to-date symlink: /home/group3-robot/robp_group3/install/drive_base_msgs/share/ament_index/resource_index/rosidl_interfaces/drive_base_msgs
[0.667s] -- Up-to-date symlink: /home/group3-robot/robp_group3/install/drive_base_msgs/share/drive_base_msgs/msg/CommandHeader.json
[0.668s] -- Up-to-date symlink: /home/group3-robot/robp_group3/install/drive_base_msgs/share/drive_base_msgs/msg/BaseInfo.json
[0.668s] -- Up-to-date symlink: /home/group3-robot/robp_group3/install/drive_base_msgs/share/drive_base_msgs/msg/CommandStatus.json
[0.668s] -- Up-to-date symlink: /home/group3-robot/robp_group3/install/drive_base_msgs/share/drive_base_msgs/msg/TRVCommand.json
[0.669s] -- Up-to-date symlink: /home/group3-robot/robp_group3/install/drive_base_msgs/include/drive_base_msgs/drive_base_msgs/msg/base_info.h
[0.671s] -- Up-to-date symlink: /home/group3-robot/robp_group3/install/drive_base_msgs/include/drive_base_msgs/drive_base_msgs/msg/command_header.h
[0.671s] -- Up-to-date symlink: /home/group3-robot/robp_group3/install/drive_base_msgs/include/drive_base_msgs/drive_base_msgs/msg/command_status.h
[0.672s] -- Up-to-date symlink: /home/group3-robot/robp_group3/install/drive_base_msgs/include/drive_base_msgs/drive_base_msgs/msg/detail/base_info__functions.h
[0.672s] -- Up-to-date symlink: /home/group3-robot/robp_group3/install/drive_base_msgs/include/drive_base_msgs/drive_base_msgs/msg/detail/base_info__struct.h
[0.672s] -- Up-to-date symlink: /home/group3-robot/robp_group3/install/drive_base_msgs/include/drive_base_msgs/drive_base_msgs/msg/detail/base_info__type_support.h
[0.672s] -- Up-to-date symlink: /home/group3-robot/robp_group3/install/drive_base_msgs/include/drive_base_msgs/drive_base_msgs/msg/detail/command_header__functions.h
[0.672s] -- Up-to-date symlink: /home/group3-robot/robp_group3/install/drive_base_msgs/include/drive_base_msgs/drive_base_msgs/msg/detail/command_header__struct.h
[0.672s] -- Up-to-date symlink: /home/group3-robot/robp_group3/install/drive_base_msgs/include/drive_base_msgs/drive_base_msgs/msg/detail/command_header__type_support.h
[0.675s] -- Up-to-date symlink: /home/group3-robot/robp_group3/install/drive_base_msgs/include/drive_base_msgs/drive_base_msgs/msg/detail/command_status__functions.h
[0.675s] -- Up-to-date symlink: /home/group3-robot/robp_group3/install/drive_base_msgs/include/drive_base_msgs/drive_base_msgs/msg/detail/command_status__struct.h
[0.675s] -- Up-to-date symlink: /home/group3-robot/robp_group3/install/drive_base_msgs/include/drive_base_msgs/drive_base_msgs/msg/detail/command_status__type_support.h
[0.675s] -- Up-to-date symlink: /home/group3-robot/robp_group3/install/drive_base_msgs/include/drive_base_msgs/drive_base_msgs/msg/detail/trv_command__functions.h
[0.676s] -- Up-to-date symlink: /home/group3-robot/robp_group3/install/drive_base_msgs/include/drive_base_msgs/drive_base_msgs/msg/detail/trv_command__struct.h
[0.676s] -- Up-to-date symlink: /home/group3-robot/robp_group3/install/drive_base_msgs/include/drive_base_msgs/drive_base_msgs/msg/detail/trv_command__type_support.h
[0.676s] -- Up-to-date symlink: /home/group3-robot/robp_group3/install/drive_base_msgs/include/drive_base_msgs/drive_base_msgs/msg/rosidl_generator_c__visibility_control.h
[0.676s] -- Up-to-date symlink: /home/group3-robot/robp_group3/install/drive_base_msgs/include/drive_base_msgs/drive_base_msgs/msg/trv_command.h
[0.676s] -- Up-to-date symlink: /home/group3-robot/robp_group3/install/drive_base_msgs/share/drive_base_msgs/environment/library_path.sh
[0.677s] -- Up-to-date symlink: /home/group3-robot/robp_group3/install/drive_base_msgs/share/drive_base_msgs/environment/library_path.dsv
[0.677s] -- Up-to-date symlink: /home/group3-robot/robp_group3/install/drive_base_msgs/include/drive_base_msgs/drive_base_msgs/msg/detail/base_info__rosidl_typesupport_fastrtps_c.h
[0.680s] -- Up-to-date symlink: /home/group3-robot/robp_group3/install/drive_base_msgs/include/drive_base_msgs/drive_base_msgs/msg/detail/command_header__rosidl_typesupport_fastrtps_c.h
[0.680s] -- Up-to-date symlink: /home/group3-robot/robp_group3/install/drive_base_msgs/include/drive_base_msgs/drive_base_msgs/msg/detail/command_status__rosidl_typesupport_fastrtps_c.h
[0.680s] -- Up-to-date symlink: /home/group3-robot/robp_group3/install/drive_base_msgs/include/drive_base_msgs/drive_base_msgs/msg/detail/trv_command__rosidl_typesupport_fastrtps_c.h
[0.681s] -- Up-to-date symlink: /home/group3-robot/robp_group3/install/drive_base_msgs/include/drive_base_msgs/drive_base_msgs/msg/rosidl_typesupport_fastrtps_c__visibility_control.h
[0.682s] -- Up-to-date symlink: /home/group3-robot/robp_group3/install/drive_base_msgs/include/drive_base_msgs/drive_base_msgs/msg/base_info.hpp
[0.682s] -- Up-to-date symlink: /home/group3-robot/robp_group3/install/drive_base_msgs/include/drive_base_msgs/drive_base_msgs/msg/command_header.hpp
[0.682s] -- Up-to-date symlink: /home/group3-robot/robp_group3/install/drive_base_msgs/include/drive_base_msgs/drive_base_msgs/msg/command_status.hpp
[0.682s] -- Up-to-date symlink: /home/group3-robot/robp_group3/install/drive_base_msgs/include/drive_base_msgs/drive_base_msgs/msg/detail/base_info__builder.hpp
[0.683s] -- Up-to-date symlink: /home/group3-robot/robp_group3/install/drive_base_msgs/include/drive_base_msgs/drive_base_msgs/msg/detail/base_info__struct.hpp
[0.683s] -- Up-to-date symlink: /home/group3-robot/robp_group3/install/drive_base_msgs/include/drive_base_msgs/drive_base_msgs/msg/detail/base_info__traits.hpp
[0.683s] -- Up-to-date symlink: /home/group3-robot/robp_group3/install/drive_base_msgs/include/drive_base_msgs/drive_base_msgs/msg/detail/base_info__type_support.hpp
[0.683s] -- Up-to-date symlink: /home/group3-robot/robp_group3/install/drive_base_msgs/include/drive_base_msgs/drive_base_msgs/msg/detail/command_header__builder.hpp
[0.686s] -- Up-to-date symlink: /home/group3-robot/robp_group3/install/drive_base_msgs/include/drive_base_msgs/drive_base_msgs/msg/detail/command_header__struct.hpp
[0.686s] -- Up-to-date symlink: /home/group3-robot/robp_group3/install/drive_base_msgs/include/drive_base_msgs/drive_base_msgs/msg/detail/command_header__traits.hpp
[0.686s] -- Up-to-date symlink: /home/group3-robot/robp_group3/install/drive_base_msgs/include/drive_base_msgs/drive_base_msgs/msg/detail/command_header__type_support.hpp
[0.687s] -- Up-to-date symlink: /home/group3-robot/robp_group3/install/drive_base_msgs/include/drive_base_msgs/drive_base_msgs/msg/detail/command_status__builder.hpp
[0.687s] -- Up-to-date symlink: /home/group3-robot/robp_group3/install/drive_base_msgs/include/drive_base_msgs/drive_base_msgs/msg/detail/command_status__struct.hpp
[0.687s] -- Up-to-date symlink: /home/group3-robot/robp_group3/install/drive_base_msgs/include/drive_base_msgs/drive_base_msgs/msg/detail/command_status__traits.hpp
[0.687s] -- Up-to-date symlink: /home/group3-robot/robp_group3/install/drive_base_msgs/include/drive_base_msgs/drive_base_msgs/msg/detail/command_status__type_support.hpp
[0.688s] -- Up-to-date symlink: /home/group3-robot/robp_group3/install/drive_base_msgs/include/drive_base_msgs/drive_base_msgs/msg/detail/trv_command__builder.hpp
[0.688s] -- Up-to-date symlink: /home/group3-robot/robp_group3/install/drive_base_msgs/include/drive_base_msgs/drive_base_msgs/msg/detail/trv_command__struct.hpp
[0.691s] -- Up-to-date symlink: /home/group3-robot/robp_group3/install/drive_base_msgs/include/drive_base_msgs/drive_base_msgs/msg/detail/trv_command__traits.hpp
[0.692s] -- Up-to-date symlink: /home/group3-robot/robp_group3/install/drive_base_msgs/include/drive_base_msgs/drive_base_msgs/msg/detail/trv_command__type_support.hpp
[0.692s] -- Up-to-date symlink: /home/group3-robot/robp_group3/install/drive_base_msgs/include/drive_base_msgs/drive_base_msgs/msg/rosidl_generator_cpp__visibility_control.hpp
[0.692s] -- Up-to-date symlink: /home/group3-robot/robp_group3/install/drive_base_msgs/include/drive_base_msgs/drive_base_msgs/msg/trv_command.hpp
[0.692s] -- Up-to-date symlink: /home/group3-robot/robp_group3/install/drive_base_msgs/include/drive_base_msgs/drive_base_msgs/msg/detail/base_info__rosidl_typesupport_fastrtps_cpp.hpp
[0.692s] -- Up-to-date symlink: /home/group3-robot/robp_group3/install/drive_base_msgs/include/drive_base_msgs/drive_base_msgs/msg/detail/command_header__rosidl_typesupport_fastrtps_cpp.hpp
[0.692s] -- Up-to-date symlink: /home/group3-robot/robp_group3/install/drive_base_msgs/include/drive_base_msgs/drive_base_msgs/msg/detail/command_status__rosidl_typesupport_fastrtps_cpp.hpp
[0.694s] -- Up-to-date symlink: /home/group3-robot/robp_group3/install/drive_base_msgs/include/drive_base_msgs/drive_base_msgs/msg/detail/trv_command__rosidl_typesupport_fastrtps_cpp.hpp
[0.695s] -- Up-to-date symlink: /home/group3-robot/robp_group3/install/drive_base_msgs/include/drive_base_msgs/drive_base_msgs/msg/rosidl_typesupport_fastrtps_cpp__visibility_control.h
[0.695s] -- Up-to-date symlink: /home/group3-robot/robp_group3/install/drive_base_msgs/include/drive_base_msgs/drive_base_msgs/msg/detail/base_info__rosidl_typesupport_introspection_c.h
[0.695s] -- Up-to-date symlink: /home/group3-robot/robp_group3/install/drive_base_msgs/include/drive_base_msgs/drive_base_msgs/msg/detail/command_header__rosidl_typesupport_introspection_c.h
[0.696s] -- Up-to-date symlink: /home/group3-robot/robp_group3/install/drive_base_msgs/include/drive_base_msgs/drive_base_msgs/msg/detail/command_status__rosidl_typesupport_introspection_c.h
[0.696s] -- Up-to-date symlink: /home/group3-robot/robp_group3/install/drive_base_msgs/include/drive_base_msgs/drive_base_msgs/msg/detail/trv_command__rosidl_typesupport_introspection_c.h
[0.696s] -- Up-to-date symlink: /home/group3-robot/robp_group3/install/drive_base_msgs/include/drive_base_msgs/drive_base_msgs/msg/rosidl_typesupport_introspection_c__visibility_control.h
[0.697s] -- Up-to-date symlink: /home/group3-robot/robp_group3/install/drive_base_msgs/include/drive_base_msgs/drive_base_msgs/msg/detail/base_info__rosidl_typesupport_introspection_cpp.hpp
[0.697s] -- Up-to-date symlink: /home/group3-robot/robp_group3/install/drive_base_msgs/include/drive_base_msgs/drive_base_msgs/msg/detail/command_header__rosidl_typesupport_introspection_cpp.hpp
[0.698s] -- Up-to-date symlink: /home/group3-robot/robp_group3/install/drive_base_msgs/include/drive_base_msgs/drive_base_msgs/msg/detail/command_status__rosidl_typesupport_introspection_cpp.hpp
[0.698s] -- Up-to-date symlink: /home/group3-robot/robp_group3/install/drive_base_msgs/include/drive_base_msgs/drive_base_msgs/msg/detail/trv_command__rosidl_typesupport_introspection_cpp.hpp
[0.699s] -- Up-to-date symlink: /home/group3-robot/robp_group3/install/drive_base_msgs/share/drive_base_msgs/environment/pythonpath.sh
[0.699s] -- Up-to-date symlink: /home/group3-robot/robp_group3/install/drive_base_msgs/share/drive_base_msgs/environment/pythonpath.dsv
[0.700s] -- Up-to-date symlink: /home/group3-robot/robp_group3/install/drive_base_msgs/lib/python3.12/site-packages/drive_base_msgs-0.0.0-py3.12.egg-info/PKG-INFO
[0.700s] -- Up-to-date symlink: /home/group3-robot/robp_group3/install/drive_base_msgs/lib/python3.12/site-packages/drive_base_msgs-0.0.0-py3.12.egg-info/SOURCES.txt
[0.701s] -- Up-to-date symlink: /home/group3-robot/robp_group3/install/drive_base_msgs/lib/python3.12/site-packages/drive_base_msgs-0.0.0-py3.12.egg-info/dependency_links.txt
[0.701s] -- Up-to-date symlink: /home/group3-robot/robp_group3/install/drive_base_msgs/lib/python3.12/site-packages/drive_base_msgs-0.0.0-py3.12.egg-info/top_level.txt
[0.705s] -- Up-to-date symlink: /home/group3-robot/robp_group3/install/drive_base_msgs/lib/python3.12/site-packages/drive_base_msgs/__init__.py
[0.705s] -- Up-to-date symlink: /home/group3-robot/robp_group3/install/drive_base_msgs/lib/python3.12/site-packages/drive_base_msgs/_drive_base_msgs_s.ep.rosidl_typesupport_c.c
[0.705s] -- Up-to-date symlink: /home/group3-robot/robp_group3/install/drive_base_msgs/lib/python3.12/site-packages/drive_base_msgs/_drive_base_msgs_s.ep.rosidl_typesupport_fastrtps_c.c
[0.706s] -- Up-to-date symlink: /home/group3-robot/robp_group3/install/drive_base_msgs/lib/python3.12/site-packages/drive_base_msgs/_drive_base_msgs_s.ep.rosidl_typesupport_introspection_c.c
[0.706s] -- Up-to-date symlink: /home/group3-robot/robp_group3/install/drive_base_msgs/lib/python3.12/site-packages/drive_base_msgs/drive_base_msgs_s__rosidl_typesupport_c.so
[0.706s] -- Up-to-date symlink: /home/group3-robot/robp_group3/install/drive_base_msgs/lib/python3.12/site-packages/drive_base_msgs/drive_base_msgs_s__rosidl_typesupport_fastrtps_c.so
[0.706s] -- Up-to-date symlink: /home/group3-robot/robp_group3/install/drive_base_msgs/lib/python3.12/site-packages/drive_base_msgs/drive_base_msgs_s__rosidl_typesupport_introspection_c.so
[0.706s] -- Up-to-date symlink: /home/group3-robot/robp_group3/install/drive_base_msgs/lib/python3.12/site-packages/drive_base_msgs/msg/__init__.py
[0.707s] -- Up-to-date symlink: /home/group3-robot/robp_group3/install/drive_base_msgs/lib/python3.12/site-packages/drive_base_msgs/msg/_base_info.py
[0.707s] -- Up-to-date symlink: /home/group3-robot/robp_group3/install/drive_base_msgs/lib/python3.12/site-packages/drive_base_msgs/msg/_base_info_s.c
[0.707s] -- Up-to-date symlink: /home/group3-robot/robp_group3/install/drive_base_msgs/lib/python3.12/site-packages/drive_base_msgs/msg/_command_header.py
[0.708s] -- Up-to-date symlink: /home/group3-robot/robp_group3/install/drive_base_msgs/lib/python3.12/site-packages/drive_base_msgs/msg/_command_header_s.c
[0.709s] -- Up-to-date symlink: /home/group3-robot/robp_group3/install/drive_base_msgs/lib/python3.12/site-packages/drive_base_msgs/msg/_command_status.py
[0.710s] -- Up-to-date symlink: /home/group3-robot/robp_group3/install/drive_base_msgs/lib/python3.12/site-packages/drive_base_msgs/msg/_command_status_s.c
[0.710s] -- Up-to-date symlink: /home/group3-robot/robp_group3/install/drive_base_msgs/lib/python3.12/site-packages/drive_base_msgs/msg/_trv_command.py
[0.710s] -- Up-to-date symlink: /home/group3-robot/robp_group3/install/drive_base_msgs/lib/python3.12/site-packages/drive_base_msgs/msg/_trv_command_s.c
[0.710s] -- Up-to-date symlink: /home/group3-robot/robp_group3/install/drive_base_msgs/lib/python3.12/site-packages/drive_base_msgs/drive_base_msgs_s__rosidl_typesupport_fastrtps_c.so
[0.711s] -- Up-to-date symlink: /home/group3-robot/robp_group3/install/drive_base_msgs/lib/python3.12/site-packages/drive_base_msgs/drive_base_msgs_s__rosidl_typesupport_introspection_c.so
[0.711s] -- Up-to-date symlink: /home/group3-robot/robp_group3/install/drive_base_msgs/lib/python3.12/site-packages/drive_base_msgs/drive_base_msgs_s__rosidl_typesupport_c.so
[0.712s] -- Up-to-date symlink: /home/group3-robot/robp_group3/install/drive_base_msgs/share/drive_base_msgs/msg/CommandHeader.idl
[0.712s] -- Up-to-date symlink: /home/group3-robot/robp_group3/install/drive_base_msgs/share/drive_base_msgs/msg/BaseInfo.idl
[0.712s] -- Up-to-date symlink: /home/group3-robot/robp_group3/install/drive_base_msgs/share/drive_base_msgs/msg/CommandStatus.idl
[0.713s] -- Up-to-date symlink: /home/group3-robot/robp_group3/install/drive_base_msgs/share/drive_base_msgs/msg/TRVCommand.idl
[0.713s] -- Up-to-date symlink: /home/group3-robot/robp_group3/install/drive_base_msgs/share/drive_base_msgs/msg/CommandHeader.msg
[0.714s] -- Up-to-date symlink: /home/group3-robot/robp_group3/install/drive_base_msgs/share/drive_base_msgs/msg/BaseInfo.msg
[0.717s] -- Up-to-date symlink: /home/group3-robot/robp_group3/install/drive_base_msgs/share/drive_base_msgs/msg/CommandStatus.msg
[0.719s] -- Up-to-date symlink: /home/group3-robot/robp_group3/install/drive_base_msgs/share/drive_base_msgs/msg/TRVCommand.msg
[0.719s] -- Up-to-date symlink: /home/group3-robot/robp_group3/install/drive_base_msgs/share/ament_index/resource_index/package_run_dependencies/drive_base_msgs
[0.720s] -- Up-to-date symlink: /home/group3-robot/robp_group3/install/drive_base_msgs/share/ament_index/resource_index/parent_prefix_path/drive_base_msgs
[0.720s] -- Up-to-date symlink: /home/group3-robot/robp_group3/install/drive_base_msgs/share/drive_base_msgs/environment/ament_prefix_path.sh
[0.721s] -- Up-to-date symlink: /home/group3-robot/robp_group3/install/drive_base_msgs/share/drive_base_msgs/environment/ament_prefix_path.dsv
[0.721s] -- Up-to-date symlink: /home/group3-robot/robp_group3/install/drive_base_msgs/share/drive_base_msgs/environment/path.sh
[0.722s] -- Up-to-date symlink: /home/group3-robot/robp_group3/install/drive_base_msgs/share/drive_base_msgs/environment/path.dsv
[0.722s] -- Up-to-date symlink: /home/group3-robot/robp_group3/install/drive_base_msgs/share/drive_base_msgs/local_setup.bash
[0.723s] -- Up-to-date symlink: /home/group3-robot/robp_group3/install/drive_base_msgs/share/drive_base_msgs/local_setup.sh
[0.723s] -- Up-to-date symlink: /home/group3-robot/robp_group3/install/drive_base_msgs/share/drive_base_msgs/local_setup.zsh
[0.724s] -- Up-to-date symlink: /home/group3-robot/robp_group3/install/drive_base_msgs/share/drive_base_msgs/local_setup.dsv
[0.724s] -- Symlinking: /home/group3-robot/robp_group3/install/drive_base_msgs/share/drive_base_msgs/package.dsv
[0.739s] -- Up-to-date symlink: /home/group3-robot/robp_group3/install/drive_base_msgs/share/ament_index/resource_index/packages/drive_base_msgs
[0.742s] -- Up-to-date symlink: /home/group3-robot/robp_group3/install/drive_base_msgs/share/drive_base_msgs/cmake/rosidl_cmake-extras.cmake
[0.743s] -- Up-to-date symlink: /home/group3-robot/robp_group3/install/drive_base_msgs/share/drive_base_msgs/cmake/ament_cmake_export_dependencies-extras.cmake
[0.743s] -- Up-to-date symlink: /home/group3-robot/robp_group3/install/drive_base_msgs/share/drive_base_msgs/cmake/ament_cmake_export_include_directories-extras.cmake
[0.743s] -- Up-to-date symlink: /home/group3-robot/robp_group3/install/drive_base_msgs/share/drive_base_msgs/cmake/ament_cmake_export_libraries-extras.cmake
[0.743s] -- Up-to-date symlink: /home/group3-robot/robp_group3/install/drive_base_msgs/share/drive_base_msgs/cmake/ament_cmake_export_targets-extras.cmake
[0.744s] -- Up-to-date symlink: /home/group3-robot/robp_group3/install/drive_base_msgs/share/drive_base_msgs/cmake/rosidl_cmake_export_typesupport_targets-extras.cmake
[0.744s] -- Up-to-date symlink: /home/group3-robot/robp_group3/install/drive_base_msgs/share/drive_base_msgs/cmake/rosidl_cmake_export_typesupport_libraries-extras.cmake
[0.744s] -- Up-to-date symlink: /home/group3-robot/robp_group3/install/drive_base_msgs/share/drive_base_msgs/cmake/drive_base_msgsConfig.cmake
[0.744s] -- Up-to-date symlink: /home/group3-robot/robp_group3/install/drive_base_msgs/share/drive_base_msgs/cmake/drive_base_msgsConfig-version.cmake
[0.745s] -- Up-to-date symlink: /home/group3-robot/robp_group3/install/drive_base_msgs/share/drive_base_msgs/package.xml
[0.746s] -- Up-to-date: /home/group3-robot/robp_group3/install/drive_base_msgs/lib/libdrive_base_msgs__rosidl_generator_c.so
[0.752s] -- Up-to-date: /home/group3-robot/robp_group3/install/drive_base_msgs/lib/libdrive_base_msgs__rosidl_typesupport_fastrtps_c.so
[0.752s] -- Up-to-date: /home/group3-robot/robp_group3/install/drive_base_msgs/lib/libdrive_base_msgs__rosidl_typesupport_fastrtps_cpp.so
[0.752s] -- Up-to-date: /home/group3-robot/robp_group3/install/drive_base_msgs/lib/libdrive_base_msgs__rosidl_typesupport_introspection_c.so
[0.752s] -- Up-to-date: /home/group3-robot/robp_group3/install/drive_base_msgs/lib/libdrive_base_msgs__rosidl_typesupport_c.so
[0.752s] -- Up-to-date: /home/group3-robot/robp_group3/install/drive_base_msgs/lib/libdrive_base_msgs__rosidl_typesupport_introspection_cpp.so
[0.757s] -- Up-to-date: /home/group3-robot/robp_group3/install/drive_base_msgs/lib/libdrive_base_msgs__rosidl_typesupport_cpp.so
[0.814s] Listing '/home/group3-robot/robp_group3/install/drive_base_msgs/lib/python3.12/site-packages/drive_base_msgs'...
[0.814s] Listing '/home/group3-robot/robp_group3/install/drive_base_msgs/lib/python3.12/site-packages/drive_base_msgs/msg'...
[0.820s] -- Up-to-date: /home/group3-robot/robp_group3/install/drive_base_msgs/lib/libdrive_base_msgs__rosidl_generator_py.so
[0.821s] -- Up-to-date: /home/group3-robot/robp_group3/install/drive_base_msgs/share/drive_base_msgs/cmake/export_drive_base_msgs__rosidl_generator_cExport.cmake
[0.821s] -- Up-to-date: /home/group3-robot/robp_group3/install/drive_base_msgs/share/drive_base_msgs/cmake/export_drive_base_msgs__rosidl_generator_cExport-noconfig.cmake
[0.822s] -- Up-to-date: /home/group3-robot/robp_group3/install/drive_base_msgs/share/drive_base_msgs/cmake/export_drive_base_msgs__rosidl_typesupport_fastrtps_cExport.cmake
[0.822s] -- Up-to-date: /home/group3-robot/robp_group3/install/drive_base_msgs/share/drive_base_msgs/cmake/export_drive_base_msgs__rosidl_typesupport_fastrtps_cExport-noconfig.cmake
[0.824s] -- Up-to-date: /home/group3-robot/robp_group3/install/drive_base_msgs/share/drive_base_msgs/cmake/export_drive_base_msgs__rosidl_generator_cppExport.cmake
[0.824s] -- Up-to-date: /home/group3-robot/robp_group3/install/drive_base_msgs/share/drive_base_msgs/cmake/export_drive_base_msgs__rosidl_typesupport_fastrtps_cppExport.cmake
[0.824s] -- Up-to-date: /home/group3-robot/robp_group3/install/drive_base_msgs/share/drive_base_msgs/cmake/export_drive_base_msgs__rosidl_typesupport_fastrtps_cppExport-noconfig.cmake
[0.827s] -- Up-to-date: /home/group3-robot/robp_group3/install/drive_base_msgs/share/drive_base_msgs/cmake/drive_base_msgs__rosidl_typesupport_introspection_cExport.cmake
[0.827s] -- Up-to-date: /home/group3-robot/robp_group3/install/drive_base_msgs/share/drive_base_msgs/cmake/drive_base_msgs__rosidl_typesupport_introspection_cExport-noconfig.cmake
[0.827s] -- Up-to-date: /home/group3-robot/robp_group3/install/drive_base_msgs/share/drive_base_msgs/cmake/drive_base_msgs__rosidl_typesupport_cExport.cmake
[0.827s] -- Up-to-date: /home/group3-robot/robp_group3/install/drive_base_msgs/share/drive_base_msgs/cmake/drive_base_msgs__rosidl_typesupport_cExport-noconfig.cmake
[0.827s] -- Up-to-date: /home/group3-robot/robp_group3/install/drive_base_msgs/share/drive_base_msgs/cmake/drive_base_msgs__rosidl_typesupport_introspection_cppExport.cmake
[0.827s] -- Up-to-date: /home/group3-robot/robp_group3/install/drive_base_msgs/share/drive_base_msgs/cmake/drive_base_msgs__rosidl_typesupport_introspection_cppExport-noconfig.cmake
[0.831s] -- Up-to-date: /home/group3-robot/robp_group3/install/drive_base_msgs/share/drive_base_msgs/cmake/drive_base_msgs__rosidl_typesupport_cppExport.cmake
[0.831s] -- Up-to-date: /home/group3-robot/robp_group3/install/drive_base_msgs/share/drive_base_msgs/cmake/drive_base_msgs__rosidl_typesupport_cppExport-noconfig.cmake
[0.834s] -- Up-to-date: /home/group3-robot/robp_group3/install/drive_base_msgs/share/drive_base_msgs/cmake/export_drive_base_msgs__rosidl_generator_pyExport.cmake
[0.835s] -- Up-to-date: /home/group3-robot/robp_group3/install/drive_base_msgs/share/drive_base_msgs/cmake/export_drive_base_msgs__rosidl_generator_pyExport-noconfig.cmake
[0.844s] Invoked command in '/home/group3-robot/robp_group3/build/drive_base_msgs' returned '0': CMAKE_PREFIX_PATH=${CMAKE_PREFIX_PATH}:/home/group3-robot/robp_group3/robp_ws/install/robp_launch:/home/group3-robot/robp_group3/robp_ws/install/odometry:/home/group3-robot/robp_group3/robp_ws/install/path_planner:/home/group3-robot/robp_group3/robp_ws/install/mapping:/home/group3-robot/robp_group3/robp_ws/install/joystick_teleop:/home/group3-robot/robp_group3/robp_ws/install/behavior_tree:/home/group3-robot/robp_group3/robp_ws/install/handle_objects:/home/group3-robot/robp_group3/robp_ws/install/detection:/home/group3-robot/robp_group3/robp_ws/install/arm_servos_pubs_subs:/home/group3-robot/robp_group3/robp_ws/install/arm_controller:/opt/ros/jazzy DEBUGINFOD_URLS=https://debuginfod.ubuntu.com /usr/bin/cmake --install /home/group3-robot/robp_group3/build/drive_base_msgs
