[0.118s] DEBUG:colcon:Command line arguments: ['/usr/bin/colcon', 'build', '--packages-select', 'handle_objects', 'behavior_tree']
[0.118s] DEBUG:colcon:Parsed command line arguments: Namespace(log_base=None, log_level=None, verb_name='build', build_base='build', install_base='install', merge_install=False, symlink_install=False, test_result_base=None, continue_on_error=False, executor='parallel', parallel_workers=8, event_handlers=None, ignore_user_meta=False, metas=['./colcon.meta'], base_paths=['.'], packages_ignore=None, packages_ignore_regex=None, paths=None, packages_up_to=None, packages_up_to_regex=None, packages_above=None, packages_above_and_dependencies=None, packages_above_depth=None, packages_select_by_dep=None, packages_skip_by_dep=None, packages_skip_up_to=None, packages_select_build_failed=False, packages_skip_build_finished=False, packages_select_test_failures=False, packages_skip_test_passed=False, packages_select=['handle_objects', 'behavior_tree'], packages_skip=None, packages_select_regex=None, packages_skip_regex=None, packages_start=None, packages_end=None, allow_overriding=[], cmake_args=None, cmake_target=None, cmake_target_skip_unavailable=False, cmake_clean_cache=False, cmake_clean_first=False, cmake_force_configure=False, ament_cmake_args=None, catkin_cmake_args=None, catkin_skip_building_tests=False, verb_parser=<colcon_defaults.argument_parser.defaults.DefaultArgumentsDecorator object at 0x76c85d7b1220>, verb_extension=<colcon_core.verb.build.BuildVerb object at 0x76c85d727230>, main=<bound method BuildVerb.main of <colcon_core.verb.build.BuildVerb object at 0x76c85d727230>>)
[0.166s] Level 1:colcon.colcon_core.package_discovery:discover_packages(colcon_meta) check parameters
[0.166s] Level 1:colcon.colcon_core.package_discovery:discover_packages(recursive) check parameters
[0.166s] Level 1:colcon.colcon_core.package_discovery:discover_packages(ignore) check parameters
[0.166s] Level 1:colcon.colcon_core.package_discovery:discover_packages(path) check parameters
[0.166s] Level 1:colcon.colcon_core.package_discovery:discover_packages(colcon_meta) discover
[0.166s] Level 1:colcon.colcon_core.package_discovery:discover_packages(recursive) discover
[0.167s] INFO:colcon.colcon_core.package_discovery:Crawling recursively for packages in '/home/group3-robot/robp_group3'
[0.167s] Level 1:colcon.colcon_core.package_identification:_identify(.) by extensions ['ignore', 'ignore_ament_install']
[0.167s] Level 1:colcon.colcon_core.package_identification:_identify(.) by extension 'ignore'
[0.167s] Level 1:colcon.colcon_core.package_identification:_identify(.) by extension 'ignore_ament_install'
[0.167s] Level 1:colcon.colcon_core.package_identification:_identify(.) by extensions ['colcon_pkg']
[0.167s] Level 1:colcon.colcon_core.package_identification:_identify(.) by extension 'colcon_pkg'
[0.167s] Level 1:colcon.colcon_core.package_identification:_identify(.) by extensions ['colcon_meta']
[0.167s] Level 1:colcon.colcon_core.package_identification:_identify(.) by extension 'colcon_meta'
[0.167s] Level 1:colcon.colcon_core.package_identification:_identify(.) by extensions ['ros']
[0.167s] Level 1:colcon.colcon_core.package_identification:_identify(.) by extension 'ros'
[0.187s] Level 1:colcon.colcon_core.package_identification:_identify(.) by extensions ['cmake', 'python']
[0.187s] Level 1:colcon.colcon_core.package_identification:_identify(.) by extension 'cmake'
[0.187s] Level 1:colcon.colcon_core.package_identification:_identify(.) by extension 'python'
[0.187s] Level 1:colcon.colcon_core.package_identification:_identify(.) by extensions ['python_setup_py']
[0.187s] Level 1:colcon.colcon_core.package_identification:_identify(.) by extension 'python_setup_py'
[0.187s] Level 1:colcon.colcon_core.package_identification:_identify(arm_ws) by extensions ['ignore', 'ignore_ament_install']
[0.187s] Level 1:colcon.colcon_core.package_identification:_identify(arm_ws) by extension 'ignore'
[0.187s] Level 1:colcon.colcon_core.package_identification:_identify(arm_ws) by extension 'ignore_ament_install'
[0.187s] Level 1:colcon.colcon_core.package_identification:_identify(arm_ws) by extensions ['colcon_pkg']
[0.187s] Level 1:colcon.colcon_core.package_identification:_identify(arm_ws) by extension 'colcon_pkg'
[0.187s] Level 1:colcon.colcon_core.package_identification:_identify(arm_ws) by extensions ['colcon_meta']
[0.187s] Level 1:colcon.colcon_core.package_identification:_identify(arm_ws) by extension 'colcon_meta'
[0.187s] Level 1:colcon.colcon_core.package_identification:_identify(arm_ws) by extensions ['ros']
[0.187s] Level 1:colcon.colcon_core.package_identification:_identify(arm_ws) by extension 'ros'
[0.187s] Level 1:colcon.colcon_core.package_identification:_identify(arm_ws) by extensions ['cmake', 'python']
[0.187s] Level 1:colcon.colcon_core.package_identification:_identify(arm_ws) by extension 'cmake'
[0.187s] Level 1:colcon.colcon_core.package_identification:_identify(arm_ws) by extension 'python'
[0.187s] Level 1:colcon.colcon_core.package_identification:_identify(arm_ws) by extensions ['python_setup_py']
[0.187s] Level 1:colcon.colcon_core.package_identification:_identify(arm_ws) by extension 'python_setup_py'
[0.187s] Level 1:colcon.colcon_core.package_identification:_identify(arm_ws/build) by extensions ['ignore', 'ignore_ament_install']
[0.187s] Level 1:colcon.colcon_core.package_identification:_identify(arm_ws/build) by extension 'ignore'
[0.187s] Level 1:colcon.colcon_core.package_identification:_identify(arm_ws/build) ignored
[0.187s] Level 1:colcon.colcon_core.package_identification:_identify(arm_ws/install) by extensions ['ignore', 'ignore_ament_install']
[0.187s] Level 1:colcon.colcon_core.package_identification:_identify(arm_ws/install) by extension 'ignore'
[0.187s] Level 1:colcon.colcon_core.package_identification:_identify(arm_ws/install) ignored
[0.188s] Level 1:colcon.colcon_core.package_identification:_identify(arm_ws/log) by extensions ['ignore', 'ignore_ament_install']
[0.188s] Level 1:colcon.colcon_core.package_identification:_identify(arm_ws/log) by extension 'ignore'
[0.188s] Level 1:colcon.colcon_core.package_identification:_identify(arm_ws/log) ignored
[0.188s] Level 1:colcon.colcon_core.package_identification:_identify(arm_ws/src) by extensions ['ignore', 'ignore_ament_install']
[0.188s] Level 1:colcon.colcon_core.package_identification:_identify(arm_ws/src) by extension 'ignore'
[0.188s] Level 1:colcon.colcon_core.package_identification:_identify(arm_ws/src) by extension 'ignore_ament_install'
[0.188s] Level 1:colcon.colcon_core.package_identification:_identify(arm_ws/src) by extensions ['colcon_pkg']
[0.188s] Level 1:colcon.colcon_core.package_identification:_identify(arm_ws/src) by extension 'colcon_pkg'
[0.188s] Level 1:colcon.colcon_core.package_identification:_identify(arm_ws/src) by extensions ['colcon_meta']
[0.188s] Level 1:colcon.colcon_core.package_identification:_identify(arm_ws/src) by extension 'colcon_meta'
[0.188s] Level 1:colcon.colcon_core.package_identification:_identify(arm_ws/src) by extensions ['ros']
[0.188s] Level 1:colcon.colcon_core.package_identification:_identify(arm_ws/src) by extension 'ros'
[0.188s] Level 1:colcon.colcon_core.package_identification:_identify(arm_ws/src) by extensions ['cmake', 'python']
[0.188s] Level 1:colcon.colcon_core.package_identification:_identify(arm_ws/src) by extension 'cmake'
[0.188s] Level 1:colcon.colcon_core.package_identification:_identify(arm_ws/src) by extension 'python'
[0.188s] Level 1:colcon.colcon_core.package_identification:_identify(arm_ws/src) by extensions ['python_setup_py']
[0.188s] Level 1:colcon.colcon_core.package_identification:_identify(arm_ws/src) by extension 'python_setup_py'
[0.188s] Level 1:colcon.colcon_core.package_identification:_identify(arm_ws/src/micro_ros_setup) by extensions ['ignore', 'ignore_ament_install']
[0.188s] Level 1:colcon.colcon_core.package_identification:_identify(arm_ws/src/micro_ros_setup) by extension 'ignore'
[0.188s] Level 1:colcon.colcon_core.package_identification:_identify(arm_ws/src/micro_ros_setup) by extension 'ignore_ament_install'
[0.188s] Level 1:colcon.colcon_core.package_identification:_identify(arm_ws/src/micro_ros_setup) by extensions ['colcon_pkg']
[0.188s] Level 1:colcon.colcon_core.package_identification:_identify(arm_ws/src/micro_ros_setup) by extension 'colcon_pkg'
[0.188s] Level 1:colcon.colcon_core.package_identification:_identify(arm_ws/src/micro_ros_setup) by extensions ['colcon_meta']
[0.188s] Level 1:colcon.colcon_core.package_identification:_identify(arm_ws/src/micro_ros_setup) by extension 'colcon_meta'
[0.188s] Level 1:colcon.colcon_core.package_identification:_identify(arm_ws/src/micro_ros_setup) by extensions ['ros']
[0.188s] Level 1:colcon.colcon_core.package_identification:_identify(arm_ws/src/micro_ros_setup) by extension 'ros'
[0.190s] DEBUG:colcon.colcon_core.package_identification:Package 'arm_ws/src/micro_ros_setup' with type 'ros.ament_cmake' and name 'micro_ros_setup'
[0.191s] Level 1:colcon.colcon_core.package_identification:_identify(arm_ws/src/uros) by extensions ['ignore', 'ignore_ament_install']
[0.191s] Level 1:colcon.colcon_core.package_identification:_identify(arm_ws/src/uros) by extension 'ignore'
[0.191s] Level 1:colcon.colcon_core.package_identification:_identify(arm_ws/src/uros) by extension 'ignore_ament_install'
[0.191s] Level 1:colcon.colcon_core.package_identification:_identify(arm_ws/src/uros) by extensions ['colcon_pkg']
[0.191s] Level 1:colcon.colcon_core.package_identification:_identify(arm_ws/src/uros) by extension 'colcon_pkg'
[0.191s] Level 1:colcon.colcon_core.package_identification:_identify(arm_ws/src/uros) by extensions ['colcon_meta']
[0.191s] Level 1:colcon.colcon_core.package_identification:_identify(arm_ws/src/uros) by extension 'colcon_meta'
[0.191s] Level 1:colcon.colcon_core.package_identification:_identify(arm_ws/src/uros) by extensions ['ros']
[0.191s] Level 1:colcon.colcon_core.package_identification:_identify(arm_ws/src/uros) by extension 'ros'
[0.191s] Level 1:colcon.colcon_core.package_identification:_identify(arm_ws/src/uros) by extensions ['cmake', 'python']
[0.191s] Level 1:colcon.colcon_core.package_identification:_identify(arm_ws/src/uros) by extension 'cmake'
[0.191s] Level 1:colcon.colcon_core.package_identification:_identify(arm_ws/src/uros) by extension 'python'
[0.191s] Level 1:colcon.colcon_core.package_identification:_identify(arm_ws/src/uros) by extensions ['python_setup_py']
[0.191s] Level 1:colcon.colcon_core.package_identification:_identify(arm_ws/src/uros) by extension 'python_setup_py'
[0.191s] Level 1:colcon.colcon_core.package_identification:_identify(arm_ws/src/uros/drive_base) by extensions ['ignore', 'ignore_ament_install']
[0.191s] Level 1:colcon.colcon_core.package_identification:_identify(arm_ws/src/uros/drive_base) by extension 'ignore'
[0.191s] Level 1:colcon.colcon_core.package_identification:_identify(arm_ws/src/uros/drive_base) by extension 'ignore_ament_install'
[0.191s] Level 1:colcon.colcon_core.package_identification:_identify(arm_ws/src/uros/drive_base) by extensions ['colcon_pkg']
[0.191s] Level 1:colcon.colcon_core.package_identification:_identify(arm_ws/src/uros/drive_base) by extension 'colcon_pkg'
[0.191s] Level 1:colcon.colcon_core.package_identification:_identify(arm_ws/src/uros/drive_base) by extensions ['colcon_meta']
[0.191s] Level 1:colcon.colcon_core.package_identification:_identify(arm_ws/src/uros/drive_base) by extension 'colcon_meta'
[0.191s] Level 1:colcon.colcon_core.package_identification:_identify(arm_ws/src/uros/drive_base) by extensions ['ros']
[0.191s] Level 1:colcon.colcon_core.package_identification:_identify(arm_ws/src/uros/drive_base) by extension 'ros'
[0.191s] Level 1:colcon.colcon_core.package_identification:_identify(arm_ws/src/uros/drive_base) by extensions ['cmake', 'python']
[0.191s] Level 1:colcon.colcon_core.package_identification:_identify(arm_ws/src/uros/drive_base) by extension 'cmake'
[0.191s] Level 1:colcon.colcon_core.package_identification:_identify(arm_ws/src/uros/drive_base) by extension 'python'
[0.191s] Level 1:colcon.colcon_core.package_identification:_identify(arm_ws/src/uros/drive_base) by extensions ['python_setup_py']
[0.191s] Level 1:colcon.colcon_core.package_identification:_identify(arm_ws/src/uros/drive_base) by extension 'python_setup_py'
[0.192s] Level 1:colcon.colcon_core.package_identification:_identify(arm_ws/src/uros/drive_base/drive_base_msgs) by extensions ['ignore', 'ignore_ament_install']
[0.192s] Level 1:colcon.colcon_core.package_identification:_identify(arm_ws/src/uros/drive_base/drive_base_msgs) by extension 'ignore'
[0.192s] Level 1:colcon.colcon_core.package_identification:_identify(arm_ws/src/uros/drive_base/drive_base_msgs) by extension 'ignore_ament_install'
[0.192s] Level 1:colcon.colcon_core.package_identification:_identify(arm_ws/src/uros/drive_base/drive_base_msgs) by extensions ['colcon_pkg']
[0.192s] Level 1:colcon.colcon_core.package_identification:_identify(arm_ws/src/uros/drive_base/drive_base_msgs) by extension 'colcon_pkg'
[0.192s] Level 1:colcon.colcon_core.package_identification:_identify(arm_ws/src/uros/drive_base/drive_base_msgs) by extensions ['colcon_meta']
[0.192s] Level 1:colcon.colcon_core.package_identification:_identify(arm_ws/src/uros/drive_base/drive_base_msgs) by extension 'colcon_meta'
[0.192s] Level 1:colcon.colcon_core.package_identification:_identify(arm_ws/src/uros/drive_base/drive_base_msgs) by extensions ['ros']
[0.192s] Level 1:colcon.colcon_core.package_identification:_identify(arm_ws/src/uros/drive_base/drive_base_msgs) by extension 'ros'
[0.192s] DEBUG:colcon.colcon_core.package_identification:Package 'arm_ws/src/uros/drive_base/drive_base_msgs' with type 'ros.ament_cmake' and name 'drive_base_msgs'
[0.192s] Level 1:colcon.colcon_core.package_identification:_identify(arm_ws/src/uros/micro-ROS-Agent) by extensions ['ignore', 'ignore_ament_install']
[0.192s] Level 1:colcon.colcon_core.package_identification:_identify(arm_ws/src/uros/micro-ROS-Agent) by extension 'ignore'
[0.192s] Level 1:colcon.colcon_core.package_identification:_identify(arm_ws/src/uros/micro-ROS-Agent) by extension 'ignore_ament_install'
[0.192s] Level 1:colcon.colcon_core.package_identification:_identify(arm_ws/src/uros/micro-ROS-Agent) by extensions ['colcon_pkg']
[0.192s] Level 1:colcon.colcon_core.package_identification:_identify(arm_ws/src/uros/micro-ROS-Agent) by extension 'colcon_pkg'
[0.192s] Level 1:colcon.colcon_core.package_identification:_identify(arm_ws/src/uros/micro-ROS-Agent) by extensions ['colcon_meta']
[0.192s] Level 1:colcon.colcon_core.package_identification:_identify(arm_ws/src/uros/micro-ROS-Agent) by extension 'colcon_meta'
[0.192s] Level 1:colcon.colcon_core.package_identification:_identify(arm_ws/src/uros/micro-ROS-Agent) by extensions ['ros']
[0.192s] Level 1:colcon.colcon_core.package_identification:_identify(arm_ws/src/uros/micro-ROS-Agent) by extension 'ros'
[0.193s] Level 1:colcon.colcon_core.package_identification:_identify(arm_ws/src/uros/micro-ROS-Agent) by extensions ['cmake', 'python']
[0.193s] Level 1:colcon.colcon_core.package_identification:_identify(arm_ws/src/uros/micro-ROS-Agent) by extension 'cmake'
[0.193s] Level 1:colcon.colcon_core.package_identification:_identify(arm_ws/src/uros/micro-ROS-Agent) by extension 'python'
[0.193s] Level 1:colcon.colcon_core.package_identification:_identify(arm_ws/src/uros/micro-ROS-Agent) by extensions ['python_setup_py']
[0.193s] Level 1:colcon.colcon_core.package_identification:_identify(arm_ws/src/uros/micro-ROS-Agent) by extension 'python_setup_py'
[0.193s] Level 1:colcon.colcon_core.package_identification:_identify(arm_ws/src/uros/micro-ROS-Agent/micro_ros_agent) by extensions ['ignore', 'ignore_ament_install']
[0.193s] Level 1:colcon.colcon_core.package_identification:_identify(arm_ws/src/uros/micro-ROS-Agent/micro_ros_agent) by extension 'ignore'
[0.193s] Level 1:colcon.colcon_core.package_identification:_identify(arm_ws/src/uros/micro-ROS-Agent/micro_ros_agent) by extension 'ignore_ament_install'
[0.193s] Level 1:colcon.colcon_core.package_identification:_identify(arm_ws/src/uros/micro-ROS-Agent/micro_ros_agent) by extensions ['colcon_pkg']
[0.193s] Level 1:colcon.colcon_core.package_identification:_identify(arm_ws/src/uros/micro-ROS-Agent/micro_ros_agent) by extension 'colcon_pkg'
[0.193s] Level 1:colcon.colcon_core.package_identification:_identify(arm_ws/src/uros/micro-ROS-Agent/micro_ros_agent) by extensions ['colcon_meta']
[0.193s] Level 1:colcon.colcon_core.package_identification:_identify(arm_ws/src/uros/micro-ROS-Agent/micro_ros_agent) by extension 'colcon_meta'
[0.193s] Level 1:colcon.colcon_core.package_identification:_identify(arm_ws/src/uros/micro-ROS-Agent/micro_ros_agent) by extensions ['ros']
[0.193s] Level 1:colcon.colcon_core.package_identification:_identify(arm_ws/src/uros/micro-ROS-Agent/micro_ros_agent) by extension 'ros'
[0.194s] DEBUG:colcon.colcon_core.package_identification:Package 'arm_ws/src/uros/micro-ROS-Agent/micro_ros_agent' with type 'ros.ament_cmake' and name 'micro_ros_agent'
[0.194s] Level 1:colcon.colcon_core.package_identification:_identify(arm_ws/src/uros/micro-ROS-Agent/snap) by extensions ['ignore', 'ignore_ament_install']
[0.194s] Level 1:colcon.colcon_core.package_identification:_identify(arm_ws/src/uros/micro-ROS-Agent/snap) by extension 'ignore'
[0.194s] Level 1:colcon.colcon_core.package_identification:_identify(arm_ws/src/uros/micro-ROS-Agent/snap) by extension 'ignore_ament_install'
[0.194s] Level 1:colcon.colcon_core.package_identification:_identify(arm_ws/src/uros/micro-ROS-Agent/snap) by extensions ['colcon_pkg']
[0.194s] Level 1:colcon.colcon_core.package_identification:_identify(arm_ws/src/uros/micro-ROS-Agent/snap) by extension 'colcon_pkg'
[0.194s] Level 1:colcon.colcon_core.package_identification:_identify(arm_ws/src/uros/micro-ROS-Agent/snap) by extensions ['colcon_meta']
[0.194s] Level 1:colcon.colcon_core.package_identification:_identify(arm_ws/src/uros/micro-ROS-Agent/snap) by extension 'colcon_meta'
[0.194s] Level 1:colcon.colcon_core.package_identification:_identify(arm_ws/src/uros/micro-ROS-Agent/snap) by extensions ['ros']
[0.194s] Level 1:colcon.colcon_core.package_identification:_identify(arm_ws/src/uros/micro-ROS-Agent/snap) by extension 'ros'
[0.194s] Level 1:colcon.colcon_core.package_identification:_identify(arm_ws/src/uros/micro-ROS-Agent/snap) by extensions ['cmake', 'python']
[0.194s] Level 1:colcon.colcon_core.package_identification:_identify(arm_ws/src/uros/micro-ROS-Agent/snap) by extension 'cmake'
[0.194s] Level 1:colcon.colcon_core.package_identification:_identify(arm_ws/src/uros/micro-ROS-Agent/snap) by extension 'python'
[0.194s] Level 1:colcon.colcon_core.package_identification:_identify(arm_ws/src/uros/micro-ROS-Agent/snap) by extensions ['python_setup_py']
[0.194s] Level 1:colcon.colcon_core.package_identification:_identify(arm_ws/src/uros/micro-ROS-Agent/snap) by extension 'python_setup_py'
[0.194s] Level 1:colcon.colcon_core.package_identification:_identify(arm_ws/src/uros/micro-ROS-Agent/snap/hooks) by extensions ['ignore', 'ignore_ament_install']
[0.194s] Level 1:colcon.colcon_core.package_identification:_identify(arm_ws/src/uros/micro-ROS-Agent/snap/hooks) by extension 'ignore'
[0.194s] Level 1:colcon.colcon_core.package_identification:_identify(arm_ws/src/uros/micro-ROS-Agent/snap/hooks) by extension 'ignore_ament_install'
[0.194s] Level 1:colcon.colcon_core.package_identification:_identify(arm_ws/src/uros/micro-ROS-Agent/snap/hooks) by extensions ['colcon_pkg']
[0.194s] Level 1:colcon.colcon_core.package_identification:_identify(arm_ws/src/uros/micro-ROS-Agent/snap/hooks) by extension 'colcon_pkg'
[0.194s] Level 1:colcon.colcon_core.package_identification:_identify(arm_ws/src/uros/micro-ROS-Agent/snap/hooks) by extensions ['colcon_meta']
[0.194s] Level 1:colcon.colcon_core.package_identification:_identify(arm_ws/src/uros/micro-ROS-Agent/snap/hooks) by extension 'colcon_meta'
[0.194s] Level 1:colcon.colcon_core.package_identification:_identify(arm_ws/src/uros/micro-ROS-Agent/snap/hooks) by extensions ['ros']
[0.194s] Level 1:colcon.colcon_core.package_identification:_identify(arm_ws/src/uros/micro-ROS-Agent/snap/hooks) by extension 'ros'
[0.195s] Level 1:colcon.colcon_core.package_identification:_identify(arm_ws/src/uros/micro-ROS-Agent/snap/hooks) by extensions ['cmake', 'python']
[0.195s] Level 1:colcon.colcon_core.package_identification:_identify(arm_ws/src/uros/micro-ROS-Agent/snap/hooks) by extension 'cmake'
[0.195s] Level 1:colcon.colcon_core.package_identification:_identify(arm_ws/src/uros/micro-ROS-Agent/snap/hooks) by extension 'python'
[0.195s] Level 1:colcon.colcon_core.package_identification:_identify(arm_ws/src/uros/micro-ROS-Agent/snap/hooks) by extensions ['python_setup_py']
[0.195s] Level 1:colcon.colcon_core.package_identification:_identify(arm_ws/src/uros/micro-ROS-Agent/snap/hooks) by extension 'python_setup_py'
[0.195s] Level 1:colcon.colcon_core.package_identification:_identify(arm_ws/src/uros/micro-ROS-Agent/snap/local) by extensions ['ignore', 'ignore_ament_install']
[0.195s] Level 1:colcon.colcon_core.package_identification:_identify(arm_ws/src/uros/micro-ROS-Agent/snap/local) by extension 'ignore'
[0.195s] Level 1:colcon.colcon_core.package_identification:_identify(arm_ws/src/uros/micro-ROS-Agent/snap/local) by extension 'ignore_ament_install'
[0.195s] Level 1:colcon.colcon_core.package_identification:_identify(arm_ws/src/uros/micro-ROS-Agent/snap/local) by extensions ['colcon_pkg']
[0.195s] Level 1:colcon.colcon_core.package_identification:_identify(arm_ws/src/uros/micro-ROS-Agent/snap/local) by extension 'colcon_pkg'
[0.195s] Level 1:colcon.colcon_core.package_identification:_identify(arm_ws/src/uros/micro-ROS-Agent/snap/local) by extensions ['colcon_meta']
[0.195s] Level 1:colcon.colcon_core.package_identification:_identify(arm_ws/src/uros/micro-ROS-Agent/snap/local) by extension 'colcon_meta'
[0.195s] Level 1:colcon.colcon_core.package_identification:_identify(arm_ws/src/uros/micro-ROS-Agent/snap/local) by extensions ['ros']
[0.195s] Level 1:colcon.colcon_core.package_identification:_identify(arm_ws/src/uros/micro-ROS-Agent/snap/local) by extension 'ros'
[0.195s] Level 1:colcon.colcon_core.package_identification:_identify(arm_ws/src/uros/micro-ROS-Agent/snap/local) by extensions ['cmake', 'python']
[0.195s] Level 1:colcon.colcon_core.package_identification:_identify(arm_ws/src/uros/micro-ROS-Agent/snap/local) by extension 'cmake'
[0.195s] Level 1:colcon.colcon_core.package_identification:_identify(arm_ws/src/uros/micro-ROS-Agent/snap/local) by extension 'python'
[0.195s] Level 1:colcon.colcon_core.package_identification:_identify(arm_ws/src/uros/micro-ROS-Agent/snap/local) by extensions ['python_setup_py']
[0.195s] Level 1:colcon.colcon_core.package_identification:_identify(arm_ws/src/uros/micro-ROS-Agent/snap/local) by extension 'python_setup_py'
[0.195s] Level 1:colcon.colcon_core.package_identification:_identify(arm_ws/src/uros/micro_ros_msgs) by extensions ['ignore', 'ignore_ament_install']
[0.195s] Level 1:colcon.colcon_core.package_identification:_identify(arm_ws/src/uros/micro_ros_msgs) by extension 'ignore'
[0.195s] Level 1:colcon.colcon_core.package_identification:_identify(arm_ws/src/uros/micro_ros_msgs) by extension 'ignore_ament_install'
[0.195s] Level 1:colcon.colcon_core.package_identification:_identify(arm_ws/src/uros/micro_ros_msgs) by extensions ['colcon_pkg']
[0.195s] Level 1:colcon.colcon_core.package_identification:_identify(arm_ws/src/uros/micro_ros_msgs) by extension 'colcon_pkg'
[0.195s] Level 1:colcon.colcon_core.package_identification:_identify(arm_ws/src/uros/micro_ros_msgs) by extensions ['colcon_meta']
[0.196s] Level 1:colcon.colcon_core.package_identification:_identify(arm_ws/src/uros/micro_ros_msgs) by extension 'colcon_meta'
[0.196s] Level 1:colcon.colcon_core.package_identification:_identify(arm_ws/src/uros/micro_ros_msgs) by extensions ['ros']
[0.196s] Level 1:colcon.colcon_core.package_identification:_identify(arm_ws/src/uros/micro_ros_msgs) by extension 'ros'
[0.196s] DEBUG:colcon.colcon_core.package_identification:Package 'arm_ws/src/uros/micro_ros_msgs' with type 'ros.ament_cmake' and name 'micro_ros_msgs'
[0.196s] Level 1:colcon.colcon_core.package_identification:_identify(build) by extensions ['ignore', 'ignore_ament_install']
[0.196s] Level 1:colcon.colcon_core.package_identification:_identify(build) by extension 'ignore'
[0.196s] Level 1:colcon.colcon_core.package_identification:_identify(build) ignored
[0.196s] Level 1:colcon.colcon_core.package_identification:_identify(install) by extensions ['ignore', 'ignore_ament_install']
[0.196s] Level 1:colcon.colcon_core.package_identification:_identify(install) by extension 'ignore'
[0.196s] Level 1:colcon.colcon_core.package_identification:_identify(install) ignored
[0.196s] Level 1:colcon.colcon_core.package_identification:_identify(log) by extensions ['ignore', 'ignore_ament_install']
[0.196s] Level 1:colcon.colcon_core.package_identification:_identify(log) by extension 'ignore'
[0.196s] Level 1:colcon.colcon_core.package_identification:_identify(log) ignored
[0.196s] Level 1:colcon.colcon_core.package_identification:_identify(robp_ws) by extensions ['ignore', 'ignore_ament_install']
[0.196s] Level 1:colcon.colcon_core.package_identification:_identify(robp_ws) by extension 'ignore'
[0.197s] Level 1:colcon.colcon_core.package_identification:_identify(robp_ws) by extension 'ignore_ament_install'
[0.197s] Level 1:colcon.colcon_core.package_identification:_identify(robp_ws) by extensions ['colcon_pkg']
[0.197s] Level 1:colcon.colcon_core.package_identification:_identify(robp_ws) by extension 'colcon_pkg'
[0.197s] Level 1:colcon.colcon_core.package_identification:_identify(robp_ws) by extensions ['colcon_meta']
[0.197s] Level 1:colcon.colcon_core.package_identification:_identify(robp_ws) by extension 'colcon_meta'
[0.197s] Level 1:colcon.colcon_core.package_identification:_identify(robp_ws) by extensions ['ros']
[0.197s] Level 1:colcon.colcon_core.package_identification:_identify(robp_ws) by extension 'ros'
[0.197s] Level 1:colcon.colcon_core.package_identification:_identify(robp_ws) by extensions ['cmake', 'python']
[0.197s] Level 1:colcon.colcon_core.package_identification:_identify(robp_ws) by extension 'cmake'
[0.197s] Level 1:colcon.colcon_core.package_identification:_identify(robp_ws) by extension 'python'
[0.197s] Level 1:colcon.colcon_core.package_identification:_identify(robp_ws) by extensions ['python_setup_py']
[0.197s] Level 1:colcon.colcon_core.package_identification:_identify(robp_ws) by extension 'python_setup_py'
[0.197s] Level 1:colcon.colcon_core.package_identification:_identify(robp_ws/bag) by extensions ['ignore', 'ignore_ament_install']
[0.197s] Level 1:colcon.colcon_core.package_identification:_identify(robp_ws/bag) by extension 'ignore'
[0.197s] Level 1:colcon.colcon_core.package_identification:_identify(robp_ws/bag) by extension 'ignore_ament_install'
[0.197s] Level 1:colcon.colcon_core.package_identification:_identify(robp_ws/bag) by extensions ['colcon_pkg']
[0.197s] Level 1:colcon.colcon_core.package_identification:_identify(robp_ws/bag) by extension 'colcon_pkg'
[0.197s] Level 1:colcon.colcon_core.package_identification:_identify(robp_ws/bag) by extensions ['colcon_meta']
[0.197s] Level 1:colcon.colcon_core.package_identification:_identify(robp_ws/bag) by extension 'colcon_meta'
[0.197s] Level 1:colcon.colcon_core.package_identification:_identify(robp_ws/bag) by extensions ['ros']
[0.197s] Level 1:colcon.colcon_core.package_identification:_identify(robp_ws/bag) by extension 'ros'
[0.197s] Level 1:colcon.colcon_core.package_identification:_identify(robp_ws/bag) by extensions ['cmake', 'python']
[0.197s] Level 1:colcon.colcon_core.package_identification:_identify(robp_ws/bag) by extension 'cmake'
[0.197s] Level 1:colcon.colcon_core.package_identification:_identify(robp_ws/bag) by extension 'python'
[0.197s] Level 1:colcon.colcon_core.package_identification:_identify(robp_ws/bag) by extensions ['python_setup_py']
[0.197s] Level 1:colcon.colcon_core.package_identification:_identify(robp_ws/bag) by extension 'python_setup_py'
[0.197s] Level 1:colcon.colcon_core.package_identification:_identify(robp_ws/bag/rosbag2_2025_02_03-15_08_16) by extensions ['ignore', 'ignore_ament_install']
[0.197s] Level 1:colcon.colcon_core.package_identification:_identify(robp_ws/bag/rosbag2_2025_02_03-15_08_16) by extension 'ignore'
[0.197s] Level 1:colcon.colcon_core.package_identification:_identify(robp_ws/bag/rosbag2_2025_02_03-15_08_16) by extension 'ignore_ament_install'
[0.197s] Level 1:colcon.colcon_core.package_identification:_identify(robp_ws/bag/rosbag2_2025_02_03-15_08_16) by extensions ['colcon_pkg']
[0.197s] Level 1:colcon.colcon_core.package_identification:_identify(robp_ws/bag/rosbag2_2025_02_03-15_08_16) by extension 'colcon_pkg'
[0.197s] Level 1:colcon.colcon_core.package_identification:_identify(robp_ws/bag/rosbag2_2025_02_03-15_08_16) by extensions ['colcon_meta']
[0.198s] Level 1:colcon.colcon_core.package_identification:_identify(robp_ws/bag/rosbag2_2025_02_03-15_08_16) by extension 'colcon_meta'
[0.198s] Level 1:colcon.colcon_core.package_identification:_identify(robp_ws/bag/rosbag2_2025_02_03-15_08_16) by extensions ['ros']
[0.198s] Level 1:colcon.colcon_core.package_identification:_identify(robp_ws/bag/rosbag2_2025_02_03-15_08_16) by extension 'ros'
[0.198s] Level 1:colcon.colcon_core.package_identification:_identify(robp_ws/bag/rosbag2_2025_02_03-15_08_16) by extensions ['cmake', 'python']
[0.198s] Level 1:colcon.colcon_core.package_identification:_identify(robp_ws/bag/rosbag2_2025_02_03-15_08_16) by extension 'cmake'
[0.198s] Level 1:colcon.colcon_core.package_identification:_identify(robp_ws/bag/rosbag2_2025_02_03-15_08_16) by extension 'python'
[0.198s] Level 1:colcon.colcon_core.package_identification:_identify(robp_ws/bag/rosbag2_2025_02_03-15_08_16) by extensions ['python_setup_py']
[0.198s] Level 1:colcon.colcon_core.package_identification:_identify(robp_ws/bag/rosbag2_2025_02_03-15_08_16) by extension 'python_setup_py'
[0.198s] Level 1:colcon.colcon_core.package_identification:_identify(robp_ws/build) by extensions ['ignore', 'ignore_ament_install']
[0.198s] Level 1:colcon.colcon_core.package_identification:_identify(robp_ws/build) by extension 'ignore'
[0.198s] Level 1:colcon.colcon_core.package_identification:_identify(robp_ws/build) ignored
[0.198s] Level 1:colcon.colcon_core.package_identification:_identify(robp_ws/install) by extensions ['ignore', 'ignore_ament_install']
[0.198s] Level 1:colcon.colcon_core.package_identification:_identify(robp_ws/install) by extension 'ignore'
[0.198s] Level 1:colcon.colcon_core.package_identification:_identify(robp_ws/install) ignored
[0.198s] Level 1:colcon.colcon_core.package_identification:_identify(robp_ws/log) by extensions ['ignore', 'ignore_ament_install']
[0.198s] Level 1:colcon.colcon_core.package_identification:_identify(robp_ws/log) by extension 'ignore'
[0.198s] Level 1:colcon.colcon_core.package_identification:_identify(robp_ws/log) ignored
[0.198s] Level 1:colcon.colcon_core.package_identification:_identify(robp_ws/src) by extensions ['ignore', 'ignore_ament_install']
[0.198s] Level 1:colcon.colcon_core.package_identification:_identify(robp_ws/src) by extension 'ignore'
[0.198s] Level 1:colcon.colcon_core.package_identification:_identify(robp_ws/src) by extension 'ignore_ament_install'
[0.198s] Level 1:colcon.colcon_core.package_identification:_identify(robp_ws/src) by extensions ['colcon_pkg']
[0.198s] Level 1:colcon.colcon_core.package_identification:_identify(robp_ws/src) by extension 'colcon_pkg'
[0.198s] Level 1:colcon.colcon_core.package_identification:_identify(robp_ws/src) by extensions ['colcon_meta']
[0.198s] Level 1:colcon.colcon_core.package_identification:_identify(robp_ws/src) by extension 'colcon_meta'
[0.198s] Level 1:colcon.colcon_core.package_identification:_identify(robp_ws/src) by extensions ['ros']
[0.198s] Level 1:colcon.colcon_core.package_identification:_identify(robp_ws/src) by extension 'ros'
[0.198s] Level 1:colcon.colcon_core.package_identification:_identify(robp_ws/src) by extensions ['cmake', 'python']
[0.198s] Level 1:colcon.colcon_core.package_identification:_identify(robp_ws/src) by extension 'cmake'
[0.199s] Level 1:colcon.colcon_core.package_identification:_identify(robp_ws/src) by extension 'python'
[0.199s] Level 1:colcon.colcon_core.package_identification:_identify(robp_ws/src) by extensions ['python_setup_py']
[0.199s] Level 1:colcon.colcon_core.package_identification:_identify(robp_ws/src) by extension 'python_setup_py'
[0.199s] Level 1:colcon.colcon_core.package_identification:_identify(robp_ws/src/arm_controller) by extensions ['ignore', 'ignore_ament_install']
[0.199s] Level 1:colcon.colcon_core.package_identification:_identify(robp_ws/src/arm_controller) by extension 'ignore'
[0.199s] Level 1:colcon.colcon_core.package_identification:_identify(robp_ws/src/arm_controller) by extension 'ignore_ament_install'
[0.199s] Level 1:colcon.colcon_core.package_identification:_identify(robp_ws/src/arm_controller) by extensions ['colcon_pkg']
[0.199s] Level 1:colcon.colcon_core.package_identification:_identify(robp_ws/src/arm_controller) by extension 'colcon_pkg'
[0.199s] Level 1:colcon.colcon_core.package_identification:_identify(robp_ws/src/arm_controller) by extensions ['colcon_meta']
[0.199s] Level 1:colcon.colcon_core.package_identification:_identify(robp_ws/src/arm_controller) by extension 'colcon_meta'
[0.199s] Level 1:colcon.colcon_core.package_identification:_identify(robp_ws/src/arm_controller) by extensions ['ros']
[0.199s] Level 1:colcon.colcon_core.package_identification:_identify(robp_ws/src/arm_controller) by extension 'ros'
[0.199s] DEBUG:colcon.colcon_core.package_identification:Package 'robp_ws/src/arm_controller' with type 'ros.ament_python' and name 'arm_controller'
[0.199s] Level 1:colcon.colcon_core.package_identification:_identify(robp_ws/src/behavior_tree) by extensions ['ignore', 'ignore_ament_install']
[0.199s] Level 1:colcon.colcon_core.package_identification:_identify(robp_ws/src/behavior_tree) by extension 'ignore'
[0.200s] Level 1:colcon.colcon_core.package_identification:_identify(robp_ws/src/behavior_tree) by extension 'ignore_ament_install'
[0.200s] Level 1:colcon.colcon_core.package_identification:_identify(robp_ws/src/behavior_tree) by extensions ['colcon_pkg']
[0.200s] Level 1:colcon.colcon_core.package_identification:_identify(robp_ws/src/behavior_tree) by extension 'colcon_pkg'
[0.200s] Level 1:colcon.colcon_core.package_identification:_identify(robp_ws/src/behavior_tree) by extensions ['colcon_meta']
[0.200s] Level 1:colcon.colcon_core.package_identification:_identify(robp_ws/src/behavior_tree) by extension 'colcon_meta'
[0.200s] Level 1:colcon.colcon_core.package_identification:_identify(robp_ws/src/behavior_tree) by extensions ['ros']
[0.200s] Level 1:colcon.colcon_core.package_identification:_identify(robp_ws/src/behavior_tree) by extension 'ros'
[0.200s] DEBUG:colcon.colcon_core.package_identification:Package 'robp_ws/src/behavior_tree' with type 'ros.ament_python' and name 'behavior_tree'
[0.200s] Level 1:colcon.colcon_core.package_identification:_identify(robp_ws/src/build) by extensions ['ignore', 'ignore_ament_install']
[0.200s] Level 1:colcon.colcon_core.package_identification:_identify(robp_ws/src/build) by extension 'ignore'
[0.200s] Level 1:colcon.colcon_core.package_identification:_identify(robp_ws/src/build) ignored
[0.200s] Level 1:colcon.colcon_core.package_identification:_identify(robp_ws/src/detection) by extensions ['ignore', 'ignore_ament_install']
[0.200s] Level 1:colcon.colcon_core.package_identification:_identify(robp_ws/src/detection) by extension 'ignore'
[0.200s] Level 1:colcon.colcon_core.package_identification:_identify(robp_ws/src/detection) by extension 'ignore_ament_install'
[0.200s] Level 1:colcon.colcon_core.package_identification:_identify(robp_ws/src/detection) by extensions ['colcon_pkg']
[0.200s] Level 1:colcon.colcon_core.package_identification:_identify(robp_ws/src/detection) by extension 'colcon_pkg'
[0.200s] Level 1:colcon.colcon_core.package_identification:_identify(robp_ws/src/detection) by extensions ['colcon_meta']
[0.201s] Level 1:colcon.colcon_core.package_identification:_identify(robp_ws/src/detection) by extension 'colcon_meta'
[0.201s] Level 1:colcon.colcon_core.package_identification:_identify(robp_ws/src/detection) by extensions ['ros']
[0.201s] Level 1:colcon.colcon_core.package_identification:_identify(robp_ws/src/detection) by extension 'ros'
[0.201s] DEBUG:colcon.colcon_core.package_identification:Package 'robp_ws/src/detection' with type 'ros.ament_python' and name 'detection'
[0.201s] Level 1:colcon.colcon_core.package_identification:_identify(robp_ws/src/handle_objects) by extensions ['ignore', 'ignore_ament_install']
[0.201s] Level 1:colcon.colcon_core.package_identification:_identify(robp_ws/src/handle_objects) by extension 'ignore'
[0.201s] Level 1:colcon.colcon_core.package_identification:_identify(robp_ws/src/handle_objects) by extension 'ignore_ament_install'
[0.201s] Level 1:colcon.colcon_core.package_identification:_identify(robp_ws/src/handle_objects) by extensions ['colcon_pkg']
[0.201s] Level 1:colcon.colcon_core.package_identification:_identify(robp_ws/src/handle_objects) by extension 'colcon_pkg'
[0.201s] Level 1:colcon.colcon_core.package_identification:_identify(robp_ws/src/handle_objects) by extensions ['colcon_meta']
[0.201s] Level 1:colcon.colcon_core.package_identification:_identify(robp_ws/src/handle_objects) by extension 'colcon_meta'
[0.201s] Level 1:colcon.colcon_core.package_identification:_identify(robp_ws/src/handle_objects) by extensions ['ros']
[0.201s] Level 1:colcon.colcon_core.package_identification:_identify(robp_ws/src/handle_objects) by extension 'ros'
[0.202s] DEBUG:colcon.colcon_core.package_identification:Package 'robp_ws/src/handle_objects' with type 'ros.ament_python' and name 'handle_objects'
[0.202s] Level 1:colcon.colcon_core.package_identification:_identify(robp_ws/src/install) by extensions ['ignore', 'ignore_ament_install']
[0.202s] Level 1:colcon.colcon_core.package_identification:_identify(robp_ws/src/install) by extension 'ignore'
[0.202s] Level 1:colcon.colcon_core.package_identification:_identify(robp_ws/src/install) ignored
[0.202s] Level 1:colcon.colcon_core.package_identification:_identify(robp_ws/src/joystick_teleop) by extensions ['ignore', 'ignore_ament_install']
[0.202s] Level 1:colcon.colcon_core.package_identification:_identify(robp_ws/src/joystick_teleop) by extension 'ignore'
[0.202s] Level 1:colcon.colcon_core.package_identification:_identify(robp_ws/src/joystick_teleop) by extension 'ignore_ament_install'
[0.203s] Level 1:colcon.colcon_core.package_identification:_identify(robp_ws/src/joystick_teleop) by extensions ['colcon_pkg']
[0.203s] Level 1:colcon.colcon_core.package_identification:_identify(robp_ws/src/joystick_teleop) by extension 'colcon_pkg'
[0.203s] Level 1:colcon.colcon_core.package_identification:_identify(robp_ws/src/joystick_teleop) by extensions ['colcon_meta']
[0.203s] Level 1:colcon.colcon_core.package_identification:_identify(robp_ws/src/joystick_teleop) by extension 'colcon_meta'
[0.203s] Level 1:colcon.colcon_core.package_identification:_identify(robp_ws/src/joystick_teleop) by extensions ['ros']
[0.203s] Level 1:colcon.colcon_core.package_identification:_identify(robp_ws/src/joystick_teleop) by extension 'ros'
[0.203s] DEBUG:colcon.colcon_core.package_identification:Package 'robp_ws/src/joystick_teleop' with type 'ros.ament_python' and name 'joystick_teleop'
[0.203s] Level 1:colcon.colcon_core.package_identification:_identify(robp_ws/src/log) by extensions ['ignore', 'ignore_ament_install']
[0.203s] Level 1:colcon.colcon_core.package_identification:_identify(robp_ws/src/log) by extension 'ignore'
[0.203s] Level 1:colcon.colcon_core.package_identification:_identify(robp_ws/src/log) ignored
[0.203s] Level 1:colcon.colcon_core.package_identification:_identify(robp_ws/src/mapping) by extensions ['ignore', 'ignore_ament_install']
[0.204s] Level 1:colcon.colcon_core.package_identification:_identify(robp_ws/src/mapping) by extension 'ignore'
[0.204s] Level 1:colcon.colcon_core.package_identification:_identify(robp_ws/src/mapping) by extension 'ignore_ament_install'
[0.204s] Level 1:colcon.colcon_core.package_identification:_identify(robp_ws/src/mapping) by extensions ['colcon_pkg']
[0.204s] Level 1:colcon.colcon_core.package_identification:_identify(robp_ws/src/mapping) by extension 'colcon_pkg'
[0.204s] Level 1:colcon.colcon_core.package_identification:_identify(robp_ws/src/mapping) by extensions ['colcon_meta']
[0.204s] Level 1:colcon.colcon_core.package_identification:_identify(robp_ws/src/mapping) by extension 'colcon_meta'
[0.204s] Level 1:colcon.colcon_core.package_identification:_identify(robp_ws/src/mapping) by extensions ['ros']
[0.204s] Level 1:colcon.colcon_core.package_identification:_identify(robp_ws/src/mapping) by extension 'ros'
[0.204s] DEBUG:colcon.colcon_core.package_identification:Package 'robp_ws/src/mapping' with type 'ros.ament_python' and name 'mapping'
[0.204s] Level 1:colcon.colcon_core.package_identification:_identify(robp_ws/src/odometry) by extensions ['ignore', 'ignore_ament_install']
[0.204s] Level 1:colcon.colcon_core.package_identification:_identify(robp_ws/src/odometry) by extension 'ignore'
[0.204s] Level 1:colcon.colcon_core.package_identification:_identify(robp_ws/src/odometry) by extension 'ignore_ament_install'
[0.204s] Level 1:colcon.colcon_core.package_identification:_identify(robp_ws/src/odometry) by extensions ['colcon_pkg']
[0.204s] Level 1:colcon.colcon_core.package_identification:_identify(robp_ws/src/odometry) by extension 'colcon_pkg'
[0.205s] Level 1:colcon.colcon_core.package_identification:_identify(robp_ws/src/odometry) by extensions ['colcon_meta']
[0.205s] Level 1:colcon.colcon_core.package_identification:_identify(robp_ws/src/odometry) by extension 'colcon_meta'
[0.205s] Level 1:colcon.colcon_core.package_identification:_identify(robp_ws/src/odometry) by extensions ['ros']
[0.205s] Level 1:colcon.colcon_core.package_identification:_identify(robp_ws/src/odometry) by extension 'ros'
[0.205s] DEBUG:colcon.colcon_core.package_identification:Package 'robp_ws/src/odometry' with type 'ros.ament_python' and name 'odometry'
[0.205s] Level 1:colcon.colcon_core.package_identification:_identify(robp_ws/src/path_planner) by extensions ['ignore', 'ignore_ament_install']
[0.205s] Level 1:colcon.colcon_core.package_identification:_identify(robp_ws/src/path_planner) by extension 'ignore'
[0.205s] Level 1:colcon.colcon_core.package_identification:_identify(robp_ws/src/path_planner) by extension 'ignore_ament_install'
[0.205s] Level 1:colcon.colcon_core.package_identification:_identify(robp_ws/src/path_planner) by extensions ['colcon_pkg']
[0.206s] Level 1:colcon.colcon_core.package_identification:_identify(robp_ws/src/path_planner) by extension 'colcon_pkg'
[0.206s] Level 1:colcon.colcon_core.package_identification:_identify(robp_ws/src/path_planner) by extensions ['colcon_meta']
[0.206s] Level 1:colcon.colcon_core.package_identification:_identify(robp_ws/src/path_planner) by extension 'colcon_meta'
[0.206s] Level 1:colcon.colcon_core.package_identification:_identify(robp_ws/src/path_planner) by extensions ['ros']
[0.206s] Level 1:colcon.colcon_core.package_identification:_identify(robp_ws/src/path_planner) by extension 'ros'
[0.206s] DEBUG:colcon.colcon_core.package_identification:Package 'robp_ws/src/path_planner' with type 'ros.ament_python' and name 'path_planner'
[0.206s] Level 1:colcon.colcon_core.package_identification:_identify(robp_ws/src/robp_robot) by extensions ['ignore', 'ignore_ament_install']
[0.206s] Level 1:colcon.colcon_core.package_identification:_identify(robp_ws/src/robp_robot) by extension 'ignore'
[0.206s] Level 1:colcon.colcon_core.package_identification:_identify(robp_ws/src/robp_robot) by extension 'ignore_ament_install'
[0.206s] Level 1:colcon.colcon_core.package_identification:_identify(robp_ws/src/robp_robot) by extensions ['colcon_pkg']
[0.206s] Level 1:colcon.colcon_core.package_identification:_identify(robp_ws/src/robp_robot) by extension 'colcon_pkg'
[0.207s] Level 1:colcon.colcon_core.package_identification:_identify(robp_ws/src/robp_robot) by extensions ['colcon_meta']
[0.207s] Level 1:colcon.colcon_core.package_identification:_identify(robp_ws/src/robp_robot) by extension 'colcon_meta'
[0.207s] Level 1:colcon.colcon_core.package_identification:_identify(robp_ws/src/robp_robot) by extensions ['ros']
[0.207s] Level 1:colcon.colcon_core.package_identification:_identify(robp_ws/src/robp_robot) by extension 'ros'
[0.207s] Level 1:colcon.colcon_core.package_identification:_identify(robp_ws/src/robp_robot) by extensions ['cmake', 'python']
[0.207s] Level 1:colcon.colcon_core.package_identification:_identify(robp_ws/src/robp_robot) by extension 'cmake'
[0.207s] Level 1:colcon.colcon_core.package_identification:_identify(robp_ws/src/robp_robot) by extension 'python'
[0.207s] Level 1:colcon.colcon_core.package_identification:_identify(robp_ws/src/robp_robot) by extensions ['python_setup_py']
[0.207s] Level 1:colcon.colcon_core.package_identification:_identify(robp_ws/src/robp_robot) by extension 'python_setup_py'
[0.207s] Level 1:colcon.colcon_core.package_identification:_identify(robp_ws/src/robp_robot/robp_arm) by extensions ['ignore', 'ignore_ament_install']
[0.207s] Level 1:colcon.colcon_core.package_identification:_identify(robp_ws/src/robp_robot/robp_arm) by extension 'ignore'
[0.207s] Level 1:colcon.colcon_core.package_identification:_identify(robp_ws/src/robp_robot/robp_arm) by extension 'ignore_ament_install'
[0.207s] Level 1:colcon.colcon_core.package_identification:_identify(robp_ws/src/robp_robot/robp_arm) by extensions ['colcon_pkg']
[0.207s] Level 1:colcon.colcon_core.package_identification:_identify(robp_ws/src/robp_robot/robp_arm) by extension 'colcon_pkg'
[0.207s] Level 1:colcon.colcon_core.package_identification:_identify(robp_ws/src/robp_robot/robp_arm) by extensions ['colcon_meta']
[0.207s] Level 1:colcon.colcon_core.package_identification:_identify(robp_ws/src/robp_robot/robp_arm) by extension 'colcon_meta'
[0.207s] Level 1:colcon.colcon_core.package_identification:_identify(robp_ws/src/robp_robot/robp_arm) by extensions ['ros']
[0.207s] Level 1:colcon.colcon_core.package_identification:_identify(robp_ws/src/robp_robot/robp_arm) by extension 'ros'
[0.207s] Level 1:colcon.colcon_core.package_identification:_identify(robp_ws/src/robp_robot/robp_arm) by extensions ['cmake', 'python']
[0.208s] Level 1:colcon.colcon_core.package_identification:_identify(robp_ws/src/robp_robot/robp_arm) by extension 'cmake'
[0.208s] Level 1:colcon.colcon_core.package_identification:_identify(robp_ws/src/robp_robot/robp_arm) by extension 'python'
[0.208s] Level 1:colcon.colcon_core.package_identification:_identify(robp_ws/src/robp_robot/robp_arm) by extensions ['python_setup_py']
[0.208s] Level 1:colcon.colcon_core.package_identification:_identify(robp_ws/src/robp_robot/robp_arm) by extension 'python_setup_py'
[0.208s] Level 1:colcon.colcon_core.package_identification:_identify(robp_ws/src/robp_robot/robp_arm/Hiwonder_xArm_ROS2) by extensions ['ignore', 'ignore_ament_install']
[0.208s] Level 1:colcon.colcon_core.package_identification:_identify(robp_ws/src/robp_robot/robp_arm/Hiwonder_xArm_ROS2) by extension 'ignore'
[0.208s] Level 1:colcon.colcon_core.package_identification:_identify(robp_ws/src/robp_robot/robp_arm/Hiwonder_xArm_ROS2) by extension 'ignore_ament_install'
[0.208s] Level 1:colcon.colcon_core.package_identification:_identify(robp_ws/src/robp_robot/robp_arm/Hiwonder_xArm_ROS2) by extensions ['colcon_pkg']
[0.208s] Level 1:colcon.colcon_core.package_identification:_identify(robp_ws/src/robp_robot/robp_arm/Hiwonder_xArm_ROS2) by extension 'colcon_pkg'
[0.208s] Level 1:colcon.colcon_core.package_identification:_identify(robp_ws/src/robp_robot/robp_arm/Hiwonder_xArm_ROS2) by extensions ['colcon_meta']
[0.208s] Level 1:colcon.colcon_core.package_identification:_identify(robp_ws/src/robp_robot/robp_arm/Hiwonder_xArm_ROS2) by extension 'colcon_meta'
[0.208s] Level 1:colcon.colcon_core.package_identification:_identify(robp_ws/src/robp_robot/robp_arm/Hiwonder_xArm_ROS2) by extensions ['ros']
[0.208s] Level 1:colcon.colcon_core.package_identification:_identify(robp_ws/src/robp_robot/robp_arm/Hiwonder_xArm_ROS2) by extension 'ros'
[0.208s] Level 1:colcon.colcon_core.package_identification:_identify(robp_ws/src/robp_robot/robp_arm/Hiwonder_xArm_ROS2) by extensions ['cmake', 'python']
[0.208s] Level 1:colcon.colcon_core.package_identification:_identify(robp_ws/src/robp_robot/robp_arm/Hiwonder_xArm_ROS2) by extension 'cmake'
[0.208s] Level 1:colcon.colcon_core.package_identification:_identify(robp_ws/src/robp_robot/robp_arm/Hiwonder_xArm_ROS2) by extension 'python'
[0.208s] Level 1:colcon.colcon_core.package_identification:_identify(robp_ws/src/robp_robot/robp_arm/Hiwonder_xArm_ROS2) by extensions ['python_setup_py']
[0.208s] Level 1:colcon.colcon_core.package_identification:_identify(robp_ws/src/robp_robot/robp_arm/Hiwonder_xArm_ROS2) by extension 'python_setup_py'
[0.208s] Level 1:colcon.colcon_core.package_identification:_identify(robp_ws/src/robp_robot/robp_arm/Hiwonder_xArm_ROS2/include) by extensions ['ignore', 'ignore_ament_install']
[0.209s] Level 1:colcon.colcon_core.package_identification:_identify(robp_ws/src/robp_robot/robp_arm/Hiwonder_xArm_ROS2/include) by extension 'ignore'
[0.209s] Level 1:colcon.colcon_core.package_identification:_identify(robp_ws/src/robp_robot/robp_arm/Hiwonder_xArm_ROS2/include) by extension 'ignore_ament_install'
[0.209s] Level 1:colcon.colcon_core.package_identification:_identify(robp_ws/src/robp_robot/robp_arm/Hiwonder_xArm_ROS2/include) by extensions ['colcon_pkg']
[0.209s] Level 1:colcon.colcon_core.package_identification:_identify(robp_ws/src/robp_robot/robp_arm/Hiwonder_xArm_ROS2/include) by extension 'colcon_pkg'
[0.209s] Level 1:colcon.colcon_core.package_identification:_identify(robp_ws/src/robp_robot/robp_arm/Hiwonder_xArm_ROS2/include) by extensions ['colcon_meta']
[0.209s] Level 1:colcon.colcon_core.package_identification:_identify(robp_ws/src/robp_robot/robp_arm/Hiwonder_xArm_ROS2/include) by extension 'colcon_meta'
[0.209s] Level 1:colcon.colcon_core.package_identification:_identify(robp_ws/src/robp_robot/robp_arm/Hiwonder_xArm_ROS2/include) by extensions ['ros']
[0.209s] Level 1:colcon.colcon_core.package_identification:_identify(robp_ws/src/robp_robot/robp_arm/Hiwonder_xArm_ROS2/include) by extension 'ros'
[0.209s] Level 1:colcon.colcon_core.package_identification:_identify(robp_ws/src/robp_robot/robp_arm/Hiwonder_xArm_ROS2/include) by extensions ['cmake', 'python']
[0.209s] Level 1:colcon.colcon_core.package_identification:_identify(robp_ws/src/robp_robot/robp_arm/Hiwonder_xArm_ROS2/include) by extension 'cmake'
[0.209s] Level 1:colcon.colcon_core.package_identification:_identify(robp_ws/src/robp_robot/robp_arm/Hiwonder_xArm_ROS2/include) by extension 'python'
[0.209s] Level 1:colcon.colcon_core.package_identification:_identify(robp_ws/src/robp_robot/robp_arm/Hiwonder_xArm_ROS2/include) by extensions ['python_setup_py']
[0.209s] Level 1:colcon.colcon_core.package_identification:_identify(robp_ws/src/robp_robot/robp_arm/Hiwonder_xArm_ROS2/include) by extension 'python_setup_py'
[0.209s] Level 1:colcon.colcon_core.package_identification:_identify(robp_ws/src/robp_robot/robp_arm/Hiwonder_xArm_ROS2/lib) by extensions ['ignore', 'ignore_ament_install']
[0.209s] Level 1:colcon.colcon_core.package_identification:_identify(robp_ws/src/robp_robot/robp_arm/Hiwonder_xArm_ROS2/lib) by extension 'ignore'
[0.209s] Level 1:colcon.colcon_core.package_identification:_identify(robp_ws/src/robp_robot/robp_arm/Hiwonder_xArm_ROS2/lib) by extension 'ignore_ament_install'
[0.209s] Level 1:colcon.colcon_core.package_identification:_identify(robp_ws/src/robp_robot/robp_arm/Hiwonder_xArm_ROS2/lib) by extensions ['colcon_pkg']
[0.210s] Level 1:colcon.colcon_core.package_identification:_identify(robp_ws/src/robp_robot/robp_arm/Hiwonder_xArm_ROS2/lib) by extension 'colcon_pkg'
[0.210s] Level 1:colcon.colcon_core.package_identification:_identify(robp_ws/src/robp_robot/robp_arm/Hiwonder_xArm_ROS2/lib) by extensions ['colcon_meta']
[0.210s] Level 1:colcon.colcon_core.package_identification:_identify(robp_ws/src/robp_robot/robp_arm/Hiwonder_xArm_ROS2/lib) by extension 'colcon_meta'
[0.210s] Level 1:colcon.colcon_core.package_identification:_identify(robp_ws/src/robp_robot/robp_arm/Hiwonder_xArm_ROS2/lib) by extensions ['ros']
[0.210s] Level 1:colcon.colcon_core.package_identification:_identify(robp_ws/src/robp_robot/robp_arm/Hiwonder_xArm_ROS2/lib) by extension 'ros'
[0.210s] Level 1:colcon.colcon_core.package_identification:_identify(robp_ws/src/robp_robot/robp_arm/Hiwonder_xArm_ROS2/lib) by extensions ['cmake', 'python']
[0.210s] Level 1:colcon.colcon_core.package_identification:_identify(robp_ws/src/robp_robot/robp_arm/Hiwonder_xArm_ROS2/lib) by extension 'cmake'
[0.210s] Level 1:colcon.colcon_core.package_identification:_identify(robp_ws/src/robp_robot/robp_arm/Hiwonder_xArm_ROS2/lib) by extension 'python'
[0.210s] Level 1:colcon.colcon_core.package_identification:_identify(robp_ws/src/robp_robot/robp_arm/Hiwonder_xArm_ROS2/lib) by extensions ['python_setup_py']
[0.210s] Level 1:colcon.colcon_core.package_identification:_identify(robp_ws/src/robp_robot/robp_arm/Hiwonder_xArm_ROS2/lib) by extension 'python_setup_py'
[0.210s] Level 1:colcon.colcon_core.package_identification:_identify(robp_ws/src/robp_robot/robp_arm/Hiwonder_xArm_ROS2/src) by extensions ['ignore', 'ignore_ament_install']
[0.210s] Level 1:colcon.colcon_core.package_identification:_identify(robp_ws/src/robp_robot/robp_arm/Hiwonder_xArm_ROS2/src) by extension 'ignore'
[0.210s] Level 1:colcon.colcon_core.package_identification:_identify(robp_ws/src/robp_robot/robp_arm/Hiwonder_xArm_ROS2/src) by extension 'ignore_ament_install'
[0.210s] Level 1:colcon.colcon_core.package_identification:_identify(robp_ws/src/robp_robot/robp_arm/Hiwonder_xArm_ROS2/src) by extensions ['colcon_pkg']
[0.210s] Level 1:colcon.colcon_core.package_identification:_identify(robp_ws/src/robp_robot/robp_arm/Hiwonder_xArm_ROS2/src) by extension 'colcon_pkg'
[0.210s] Level 1:colcon.colcon_core.package_identification:_identify(robp_ws/src/robp_robot/robp_arm/Hiwonder_xArm_ROS2/src) by extensions ['colcon_meta']
[0.210s] Level 1:colcon.colcon_core.package_identification:_identify(robp_ws/src/robp_robot/robp_arm/Hiwonder_xArm_ROS2/src) by extension 'colcon_meta'
[0.210s] Level 1:colcon.colcon_core.package_identification:_identify(robp_ws/src/robp_robot/robp_arm/Hiwonder_xArm_ROS2/src) by extensions ['ros']
[0.210s] Level 1:colcon.colcon_core.package_identification:_identify(robp_ws/src/robp_robot/robp_arm/Hiwonder_xArm_ROS2/src) by extension 'ros'
[0.211s] Level 1:colcon.colcon_core.package_identification:_identify(robp_ws/src/robp_robot/robp_arm/Hiwonder_xArm_ROS2/src) by extensions ['cmake', 'python']
[0.211s] Level 1:colcon.colcon_core.package_identification:_identify(robp_ws/src/robp_robot/robp_arm/Hiwonder_xArm_ROS2/src) by extension 'cmake'
[0.211s] Level 1:colcon.colcon_core.package_identification:_identify(robp_ws/src/robp_robot/robp_arm/Hiwonder_xArm_ROS2/src) by extension 'python'
[0.211s] Level 1:colcon.colcon_core.package_identification:_identify(robp_ws/src/robp_robot/robp_arm/Hiwonder_xArm_ROS2/src) by extensions ['python_setup_py']
[0.211s] Level 1:colcon.colcon_core.package_identification:_identify(robp_ws/src/robp_robot/robp_arm/Hiwonder_xArm_ROS2/src) by extension 'python_setup_py'
[0.211s] Level 1:colcon.colcon_core.package_identification:_identify(robp_ws/src/robp_robot/robp_arm/Hiwonder_xArm_ROS2/test) by extensions ['ignore', 'ignore_ament_install']
[0.211s] Level 1:colcon.colcon_core.package_identification:_identify(robp_ws/src/robp_robot/robp_arm/Hiwonder_xArm_ROS2/test) by extension 'ignore'
[0.211s] Level 1:colcon.colcon_core.package_identification:_identify(robp_ws/src/robp_robot/robp_arm/Hiwonder_xArm_ROS2/test) by extension 'ignore_ament_install'
[0.211s] Level 1:colcon.colcon_core.package_identification:_identify(robp_ws/src/robp_robot/robp_arm/Hiwonder_xArm_ROS2/test) by extensions ['colcon_pkg']
[0.211s] Level 1:colcon.colcon_core.package_identification:_identify(robp_ws/src/robp_robot/robp_arm/Hiwonder_xArm_ROS2/test) by extension 'colcon_pkg'
[0.211s] Level 1:colcon.colcon_core.package_identification:_identify(robp_ws/src/robp_robot/robp_arm/Hiwonder_xArm_ROS2/test) by extensions ['colcon_meta']
[0.211s] Level 1:colcon.colcon_core.package_identification:_identify(robp_ws/src/robp_robot/robp_arm/Hiwonder_xArm_ROS2/test) by extension 'colcon_meta'
[0.211s] Level 1:colcon.colcon_core.package_identification:_identify(robp_ws/src/robp_robot/robp_arm/Hiwonder_xArm_ROS2/test) by extensions ['ros']
[0.211s] Level 1:colcon.colcon_core.package_identification:_identify(robp_ws/src/robp_robot/robp_arm/Hiwonder_xArm_ROS2/test) by extension 'ros'
[0.211s] Level 1:colcon.colcon_core.package_identification:_identify(robp_ws/src/robp_robot/robp_arm/Hiwonder_xArm_ROS2/test) by extensions ['cmake', 'python']
[0.211s] Level 1:colcon.colcon_core.package_identification:_identify(robp_ws/src/robp_robot/robp_arm/Hiwonder_xArm_ROS2/test) by extension 'cmake'
[0.211s] Level 1:colcon.colcon_core.package_identification:_identify(robp_ws/src/robp_robot/robp_arm/Hiwonder_xArm_ROS2/test) by extension 'python'
[0.211s] Level 1:colcon.colcon_core.package_identification:_identify(robp_ws/src/robp_robot/robp_arm/Hiwonder_xArm_ROS2/test) by extensions ['python_setup_py']
[0.211s] Level 1:colcon.colcon_core.package_identification:_identify(robp_ws/src/robp_robot/robp_arm/Hiwonder_xArm_ROS2/test) by extension 'python_setup_py'
[0.212s] Level 1:colcon.colcon_core.package_identification:_identify(robp_ws/src/robp_robot/robp_arm/arm_servos_pubs_subs) by extensions ['ignore', 'ignore_ament_install']
[0.212s] Level 1:colcon.colcon_core.package_identification:_identify(robp_ws/src/robp_robot/robp_arm/arm_servos_pubs_subs) by extension 'ignore'
[0.212s] Level 1:colcon.colcon_core.package_identification:_identify(robp_ws/src/robp_robot/robp_arm/arm_servos_pubs_subs) by extension 'ignore_ament_install'
[0.212s] Level 1:colcon.colcon_core.package_identification:_identify(robp_ws/src/robp_robot/robp_arm/arm_servos_pubs_subs) by extensions ['colcon_pkg']
[0.212s] Level 1:colcon.colcon_core.package_identification:_identify(robp_ws/src/robp_robot/robp_arm/arm_servos_pubs_subs) by extension 'colcon_pkg'
[0.212s] Level 1:colcon.colcon_core.package_identification:_identify(robp_ws/src/robp_robot/robp_arm/arm_servos_pubs_subs) by extensions ['colcon_meta']
[0.212s] Level 1:colcon.colcon_core.package_identification:_identify(robp_ws/src/robp_robot/robp_arm/arm_servos_pubs_subs) by extension 'colcon_meta'
[0.212s] Level 1:colcon.colcon_core.package_identification:_identify(robp_ws/src/robp_robot/robp_arm/arm_servos_pubs_subs) by extensions ['ros']
[0.212s] Level 1:colcon.colcon_core.package_identification:_identify(robp_ws/src/robp_robot/robp_arm/arm_servos_pubs_subs) by extension 'ros'
[0.212s] DEBUG:colcon.colcon_core.package_identification:Package 'robp_ws/src/robp_robot/robp_arm/arm_servos_pubs_subs' with type 'ros.ament_python' and name 'arm_servos_pubs_subs'
[0.212s] Level 1:colcon.colcon_core.package_identification:_identify(robp_ws/src/robp_robot/robp_arm/assets) by extensions ['ignore', 'ignore_ament_install']
[0.212s] Level 1:colcon.colcon_core.package_identification:_identify(robp_ws/src/robp_robot/robp_arm/assets) by extension 'ignore'
[0.212s] Level 1:colcon.colcon_core.package_identification:_identify(robp_ws/src/robp_robot/robp_arm/assets) by extension 'ignore_ament_install'
[0.213s] Level 1:colcon.colcon_core.package_identification:_identify(robp_ws/src/robp_robot/robp_arm/assets) by extensions ['colcon_pkg']
[0.213s] Level 1:colcon.colcon_core.package_identification:_identify(robp_ws/src/robp_robot/robp_arm/assets) by extension 'colcon_pkg'
[0.213s] Level 1:colcon.colcon_core.package_identification:_identify(robp_ws/src/robp_robot/robp_arm/assets) by extensions ['colcon_meta']
[0.213s] Level 1:colcon.colcon_core.package_identification:_identify(robp_ws/src/robp_robot/robp_arm/assets) by extension 'colcon_meta'
[0.213s] Level 1:colcon.colcon_core.package_identification:_identify(robp_ws/src/robp_robot/robp_arm/assets) by extensions ['ros']
[0.213s] Level 1:colcon.colcon_core.package_identification:_identify(robp_ws/src/robp_robot/robp_arm/assets) by extension 'ros'
[0.213s] Level 1:colcon.colcon_core.package_identification:_identify(robp_ws/src/robp_robot/robp_arm/assets) by extensions ['cmake', 'python']
[0.213s] Level 1:colcon.colcon_core.package_identification:_identify(robp_ws/src/robp_robot/robp_arm/assets) by extension 'cmake'
[0.213s] Level 1:colcon.colcon_core.package_identification:_identify(robp_ws/src/robp_robot/robp_arm/assets) by extension 'python'
[0.213s] Level 1:colcon.colcon_core.package_identification:_identify(robp_ws/src/robp_robot/robp_arm/assets) by extensions ['python_setup_py']
[0.213s] Level 1:colcon.colcon_core.package_identification:_identify(robp_ws/src/robp_robot/robp_arm/assets) by extension 'python_setup_py'
[0.213s] Level 1:colcon.colcon_core.package_identification:_identify(robp_ws/src/robp_robot/robp_arm/launch) by extensions ['ignore', 'ignore_ament_install']
[0.213s] Level 1:colcon.colcon_core.package_identification:_identify(robp_ws/src/robp_robot/robp_arm/launch) by extension 'ignore'
[0.213s] Level 1:colcon.colcon_core.package_identification:_identify(robp_ws/src/robp_robot/robp_arm/launch) by extension 'ignore_ament_install'
[0.213s] Level 1:colcon.colcon_core.package_identification:_identify(robp_ws/src/robp_robot/robp_arm/launch) by extensions ['colcon_pkg']
[0.213s] Level 1:colcon.colcon_core.package_identification:_identify(robp_ws/src/robp_robot/robp_arm/launch) by extension 'colcon_pkg'
[0.213s] Level 1:colcon.colcon_core.package_identification:_identify(robp_ws/src/robp_robot/robp_arm/launch) by extensions ['colcon_meta']
[0.213s] Level 1:colcon.colcon_core.package_identification:_identify(robp_ws/src/robp_robot/robp_arm/launch) by extension 'colcon_meta'
[0.213s] Level 1:colcon.colcon_core.package_identification:_identify(robp_ws/src/robp_robot/robp_arm/launch) by extensions ['ros']
[0.213s] Level 1:colcon.colcon_core.package_identification:_identify(robp_ws/src/robp_robot/robp_arm/launch) by extension 'ros'
[0.213s] Level 1:colcon.colcon_core.package_identification:_identify(robp_ws/src/robp_robot/robp_arm/launch) by extensions ['cmake', 'python']
[0.213s] Level 1:colcon.colcon_core.package_identification:_identify(robp_ws/src/robp_robot/robp_arm/launch) by extension 'cmake'
[0.213s] Level 1:colcon.colcon_core.package_identification:_identify(robp_ws/src/robp_robot/robp_arm/launch) by extension 'python'
[0.213s] Level 1:colcon.colcon_core.package_identification:_identify(robp_ws/src/robp_robot/robp_arm/launch) by extensions ['python_setup_py']
[0.213s] Level 1:colcon.colcon_core.package_identification:_identify(robp_ws/src/robp_robot/robp_arm/launch) by extension 'python_setup_py'
[0.213s] Level 1:colcon.colcon_core.package_identification:_identify(robp_ws/src/robp_robot/robp_arm/launch/__pycache__) by extensions ['ignore', 'ignore_ament_install']
[0.213s] Level 1:colcon.colcon_core.package_identification:_identify(robp_ws/src/robp_robot/robp_arm/launch/__pycache__) by extension 'ignore'
[0.213s] Level 1:colcon.colcon_core.package_identification:_identify(robp_ws/src/robp_robot/robp_arm/launch/__pycache__) by extension 'ignore_ament_install'
[0.214s] Level 1:colcon.colcon_core.package_identification:_identify(robp_ws/src/robp_robot/robp_arm/launch/__pycache__) by extensions ['colcon_pkg']
[0.214s] Level 1:colcon.colcon_core.package_identification:_identify(robp_ws/src/robp_robot/robp_arm/launch/__pycache__) by extension 'colcon_pkg'
[0.214s] Level 1:colcon.colcon_core.package_identification:_identify(robp_ws/src/robp_robot/robp_arm/launch/__pycache__) by extensions ['colcon_meta']
[0.214s] Level 1:colcon.colcon_core.package_identification:_identify(robp_ws/src/robp_robot/robp_arm/launch/__pycache__) by extension 'colcon_meta'
[0.214s] Level 1:colcon.colcon_core.package_identification:_identify(robp_ws/src/robp_robot/robp_arm/launch/__pycache__) by extensions ['ros']
[0.214s] Level 1:colcon.colcon_core.package_identification:_identify(robp_ws/src/robp_robot/robp_arm/launch/__pycache__) by extension 'ros'
[0.214s] Level 1:colcon.colcon_core.package_identification:_identify(robp_ws/src/robp_robot/robp_arm/launch/__pycache__) by extensions ['cmake', 'python']
[0.214s] Level 1:colcon.colcon_core.package_identification:_identify(robp_ws/src/robp_robot/robp_arm/launch/__pycache__) by extension 'cmake'
[0.214s] Level 1:colcon.colcon_core.package_identification:_identify(robp_ws/src/robp_robot/robp_arm/launch/__pycache__) by extension 'python'
[0.214s] Level 1:colcon.colcon_core.package_identification:_identify(robp_ws/src/robp_robot/robp_arm/launch/__pycache__) by extensions ['python_setup_py']
[0.214s] Level 1:colcon.colcon_core.package_identification:_identify(robp_ws/src/robp_robot/robp_arm/launch/__pycache__) by extension 'python_setup_py'
[0.214s] Level 1:colcon.colcon_core.package_identification:_identify(robp_ws/src/robp_robot/robp_interfaces) by extensions ['ignore', 'ignore_ament_install']
[0.214s] Level 1:colcon.colcon_core.package_identification:_identify(robp_ws/src/robp_robot/robp_interfaces) by extension 'ignore'
[0.214s] Level 1:colcon.colcon_core.package_identification:_identify(robp_ws/src/robp_robot/robp_interfaces) by extension 'ignore_ament_install'
[0.214s] Level 1:colcon.colcon_core.package_identification:_identify(robp_ws/src/robp_robot/robp_interfaces) by extensions ['colcon_pkg']
[0.214s] Level 1:colcon.colcon_core.package_identification:_identify(robp_ws/src/robp_robot/robp_interfaces) by extension 'colcon_pkg'
[0.214s] Level 1:colcon.colcon_core.package_identification:_identify(robp_ws/src/robp_robot/robp_interfaces) by extensions ['colcon_meta']
[0.214s] Level 1:colcon.colcon_core.package_identification:_identify(robp_ws/src/robp_robot/robp_interfaces) by extension 'colcon_meta'
[0.214s] Level 1:colcon.colcon_core.package_identification:_identify(robp_ws/src/robp_robot/robp_interfaces) by extensions ['ros']
[0.214s] Level 1:colcon.colcon_core.package_identification:_identify(robp_ws/src/robp_robot/robp_interfaces) by extension 'ros'
[0.215s] DEBUG:colcon.colcon_core.package_identification:Package 'robp_ws/src/robp_robot/robp_interfaces' with type 'ros.ament_cmake' and name 'robp_interfaces'
[0.215s] Level 1:colcon.colcon_core.package_identification:_identify(robp_ws/src/robp_robot/robp_launch) by extensions ['ignore', 'ignore_ament_install']
[0.215s] Level 1:colcon.colcon_core.package_identification:_identify(robp_ws/src/robp_robot/robp_launch) by extension 'ignore'
[0.215s] Level 1:colcon.colcon_core.package_identification:_identify(robp_ws/src/robp_robot/robp_launch) by extension 'ignore_ament_install'
[0.215s] Level 1:colcon.colcon_core.package_identification:_identify(robp_ws/src/robp_robot/robp_launch) by extensions ['colcon_pkg']
[0.215s] Level 1:colcon.colcon_core.package_identification:_identify(robp_ws/src/robp_robot/robp_launch) by extension 'colcon_pkg'
[0.215s] Level 1:colcon.colcon_core.package_identification:_identify(robp_ws/src/robp_robot/robp_launch) by extensions ['colcon_meta']
[0.215s] Level 1:colcon.colcon_core.package_identification:_identify(robp_ws/src/robp_robot/robp_launch) by extension 'colcon_meta'
[0.215s] Level 1:colcon.colcon_core.package_identification:_identify(robp_ws/src/robp_robot/robp_launch) by extensions ['ros']
[0.215s] Level 1:colcon.colcon_core.package_identification:_identify(robp_ws/src/robp_robot/robp_launch) by extension 'ros'
[0.215s] DEBUG:colcon.colcon_core.package_identification:Package 'robp_ws/src/robp_robot/robp_launch' with type 'ros.ament_python' and name 'robp_launch'
[0.215s] Level 1:colcon.colcon_core.package_identification:_identify(robp_ws/src/robp_robot/robp_phidgets) by extensions ['ignore', 'ignore_ament_install']
[0.215s] Level 1:colcon.colcon_core.package_identification:_identify(robp_ws/src/robp_robot/robp_phidgets) by extension 'ignore'
[0.215s] Level 1:colcon.colcon_core.package_identification:_identify(robp_ws/src/robp_robot/robp_phidgets) by extension 'ignore_ament_install'
[0.215s] Level 1:colcon.colcon_core.package_identification:_identify(robp_ws/src/robp_robot/robp_phidgets) by extensions ['colcon_pkg']
[0.215s] Level 1:colcon.colcon_core.package_identification:_identify(robp_ws/src/robp_robot/robp_phidgets) by extension 'colcon_pkg'
[0.215s] Level 1:colcon.colcon_core.package_identification:_identify(robp_ws/src/robp_robot/robp_phidgets) by extensions ['colcon_meta']
[0.215s] Level 1:colcon.colcon_core.package_identification:_identify(robp_ws/src/robp_robot/robp_phidgets) by extension 'colcon_meta'
[0.216s] Level 1:colcon.colcon_core.package_identification:_identify(robp_ws/src/robp_robot/robp_phidgets) by extensions ['ros']
[0.216s] Level 1:colcon.colcon_core.package_identification:_identify(robp_ws/src/robp_robot/robp_phidgets) by extension 'ros'
[0.216s] Level 1:colcon.colcon_core.package_identification:_identify(robp_ws/src/robp_robot/robp_phidgets) by extensions ['cmake', 'python']
[0.216s] Level 1:colcon.colcon_core.package_identification:_identify(robp_ws/src/robp_robot/robp_phidgets) by extension 'cmake'
[0.216s] Level 1:colcon.colcon_core.package_identification:_identify(robp_ws/src/robp_robot/robp_phidgets) by extension 'python'
[0.216s] Level 1:colcon.colcon_core.package_identification:_identify(robp_ws/src/robp_robot/robp_phidgets) by extensions ['python_setup_py']
[0.216s] Level 1:colcon.colcon_core.package_identification:_identify(robp_ws/src/robp_robot/robp_phidgets) by extension 'python_setup_py'
[0.216s] Level 1:colcon.colcon_core.package_identification:_identify(robp_ws/src/robp_robot/robp_phidgets/robp_phidgets_encoders) by extensions ['ignore', 'ignore_ament_install']
[0.216s] Level 1:colcon.colcon_core.package_identification:_identify(robp_ws/src/robp_robot/robp_phidgets/robp_phidgets_encoders) by extension 'ignore'
[0.216s] Level 1:colcon.colcon_core.package_identification:_identify(robp_ws/src/robp_robot/robp_phidgets/robp_phidgets_encoders) by extension 'ignore_ament_install'
[0.216s] Level 1:colcon.colcon_core.package_identification:_identify(robp_ws/src/robp_robot/robp_phidgets/robp_phidgets_encoders) by extensions ['colcon_pkg']
[0.216s] Level 1:colcon.colcon_core.package_identification:_identify(robp_ws/src/robp_robot/robp_phidgets/robp_phidgets_encoders) by extension 'colcon_pkg'
[0.216s] Level 1:colcon.colcon_core.package_identification:_identify(robp_ws/src/robp_robot/robp_phidgets/robp_phidgets_encoders) by extensions ['colcon_meta']
[0.216s] Level 1:colcon.colcon_core.package_identification:_identify(robp_ws/src/robp_robot/robp_phidgets/robp_phidgets_encoders) by extension 'colcon_meta'
[0.216s] Level 1:colcon.colcon_core.package_identification:_identify(robp_ws/src/robp_robot/robp_phidgets/robp_phidgets_encoders) by extensions ['ros']
[0.216s] Level 1:colcon.colcon_core.package_identification:_identify(robp_ws/src/robp_robot/robp_phidgets/robp_phidgets_encoders) by extension 'ros'
[0.217s] DEBUG:colcon.colcon_core.package_identification:Package 'robp_ws/src/robp_robot/robp_phidgets/robp_phidgets_encoders' with type 'ros.ament_cmake' and name 'robp_phidgets_encoders'
[0.217s] Level 1:colcon.colcon_core.package_identification:_identify(robp_ws/src/robp_robot/robp_phidgets/robp_phidgets_motors) by extensions ['ignore', 'ignore_ament_install']
[0.217s] Level 1:colcon.colcon_core.package_identification:_identify(robp_ws/src/robp_robot/robp_phidgets/robp_phidgets_motors) by extension 'ignore'
[0.217s] Level 1:colcon.colcon_core.package_identification:_identify(robp_ws/src/robp_robot/robp_phidgets/robp_phidgets_motors) by extension 'ignore_ament_install'
[0.217s] Level 1:colcon.colcon_core.package_identification:_identify(robp_ws/src/robp_robot/robp_phidgets/robp_phidgets_motors) by extensions ['colcon_pkg']
[0.217s] Level 1:colcon.colcon_core.package_identification:_identify(robp_ws/src/robp_robot/robp_phidgets/robp_phidgets_motors) by extension 'colcon_pkg'
[0.217s] Level 1:colcon.colcon_core.package_identification:_identify(robp_ws/src/robp_robot/robp_phidgets/robp_phidgets_motors) by extensions ['colcon_meta']
[0.217s] Level 1:colcon.colcon_core.package_identification:_identify(robp_ws/src/robp_robot/robp_phidgets/robp_phidgets_motors) by extension 'colcon_meta'
[0.217s] Level 1:colcon.colcon_core.package_identification:_identify(robp_ws/src/robp_robot/robp_phidgets/robp_phidgets_motors) by extensions ['ros']
[0.217s] Level 1:colcon.colcon_core.package_identification:_identify(robp_ws/src/robp_robot/robp_phidgets/robp_phidgets_motors) by extension 'ros'
[0.217s] DEBUG:colcon.colcon_core.package_identification:Package 'robp_ws/src/robp_robot/robp_phidgets/robp_phidgets_motors' with type 'ros.ament_cmake' and name 'robp_phidgets_motors'
[0.217s] Level 1:colcon.colcon_core.package_identification:_identify(robp_ws/src/robp_robot/robp_phidgets/robp_phidgets_spatial) by extensions ['ignore', 'ignore_ament_install']
[0.217s] Level 1:colcon.colcon_core.package_identification:_identify(robp_ws/src/robp_robot/robp_phidgets/robp_phidgets_spatial) by extension 'ignore'
[0.218s] Level 1:colcon.colcon_core.package_identification:_identify(robp_ws/src/robp_robot/robp_phidgets/robp_phidgets_spatial) by extension 'ignore_ament_install'
[0.218s] Level 1:colcon.colcon_core.package_identification:_identify(robp_ws/src/robp_robot/robp_phidgets/robp_phidgets_spatial) by extensions ['colcon_pkg']
[0.218s] Level 1:colcon.colcon_core.package_identification:_identify(robp_ws/src/robp_robot/robp_phidgets/robp_phidgets_spatial) by extension 'colcon_pkg'
[0.218s] Level 1:colcon.colcon_core.package_identification:_identify(robp_ws/src/robp_robot/robp_phidgets/robp_phidgets_spatial) by extensions ['colcon_meta']
[0.218s] Level 1:colcon.colcon_core.package_identification:_identify(robp_ws/src/robp_robot/robp_phidgets/robp_phidgets_spatial) by extension 'colcon_meta'
[0.218s] Level 1:colcon.colcon_core.package_identification:_identify(robp_ws/src/robp_robot/robp_phidgets/robp_phidgets_spatial) by extensions ['ros']
[0.218s] Level 1:colcon.colcon_core.package_identification:_identify(robp_ws/src/robp_robot/robp_phidgets/robp_phidgets_spatial) by extension 'ros'
[0.218s] DEBUG:colcon.colcon_core.package_identification:Package 'robp_ws/src/robp_robot/robp_phidgets/robp_phidgets_spatial' with type 'ros.ament_cmake' and name 'robp_phidgets_spatial'
[0.218s] Level 1:colcon.colcon_core.package_identification:_identify(robp_ws/src/robp_robot/robp_phidgets/robp_phidgets_temperature) by extensions ['ignore', 'ignore_ament_install']
[0.219s] Level 1:colcon.colcon_core.package_identification:_identify(robp_ws/src/robp_robot/robp_phidgets/robp_phidgets_temperature) by extension 'ignore'
[0.219s] Level 1:colcon.colcon_core.package_identification:_identify(robp_ws/src/robp_robot/robp_phidgets/robp_phidgets_temperature) by extension 'ignore_ament_install'
[0.219s] Level 1:colcon.colcon_core.package_identification:_identify(robp_ws/src/robp_robot/robp_phidgets/robp_phidgets_temperature) by extensions ['colcon_pkg']
[0.219s] Level 1:colcon.colcon_core.package_identification:_identify(robp_ws/src/robp_robot/robp_phidgets/robp_phidgets_temperature) by extension 'colcon_pkg'
[0.219s] Level 1:colcon.colcon_core.package_identification:_identify(robp_ws/src/robp_robot/robp_phidgets/robp_phidgets_temperature) by extensions ['colcon_meta']
[0.219s] Level 1:colcon.colcon_core.package_identification:_identify(robp_ws/src/robp_robot/robp_phidgets/robp_phidgets_temperature) by extension 'colcon_meta'
[0.219s] Level 1:colcon.colcon_core.package_identification:_identify(robp_ws/src/robp_robot/robp_phidgets/robp_phidgets_temperature) by extensions ['ros']
[0.219s] Level 1:colcon.colcon_core.package_identification:_identify(robp_ws/src/robp_robot/robp_phidgets/robp_phidgets_temperature) by extension 'ros'
[0.219s] DEBUG:colcon.colcon_core.package_identification:Package 'robp_ws/src/robp_robot/robp_phidgets/robp_phidgets_temperature' with type 'ros.ament_cmake' and name 'robp_phidgets_temperature'
[0.219s] Level 1:colcon.colcon_core.package_identification:_identify(robp_ws/src/robp_robot/sllidar_ros2) by extensions ['ignore', 'ignore_ament_install']
[0.219s] Level 1:colcon.colcon_core.package_identification:_identify(robp_ws/src/robp_robot/sllidar_ros2) by extension 'ignore'
[0.219s] Level 1:colcon.colcon_core.package_identification:_identify(robp_ws/src/robp_robot/sllidar_ros2) by extension 'ignore_ament_install'
[0.219s] Level 1:colcon.colcon_core.package_identification:_identify(robp_ws/src/robp_robot/sllidar_ros2) by extensions ['colcon_pkg']
[0.219s] Level 1:colcon.colcon_core.package_identification:_identify(robp_ws/src/robp_robot/sllidar_ros2) by extension 'colcon_pkg'
[0.219s] Level 1:colcon.colcon_core.package_identification:_identify(robp_ws/src/robp_robot/sllidar_ros2) by extensions ['colcon_meta']
[0.219s] Level 1:colcon.colcon_core.package_identification:_identify(robp_ws/src/robp_robot/sllidar_ros2) by extension 'colcon_meta'
[0.220s] Level 1:colcon.colcon_core.package_identification:_identify(robp_ws/src/robp_robot/sllidar_ros2) by extensions ['ros']
[0.220s] Level 1:colcon.colcon_core.package_identification:_identify(robp_ws/src/robp_robot/sllidar_ros2) by extension 'ros'
[0.220s] DEBUG:colcon.colcon_core.package_identification:Package 'robp_ws/src/robp_robot/sllidar_ros2' with type 'ros.ament_cmake' and name 'sllidar_ros2'
[0.220s] Level 1:colcon.colcon_core.package_identification:_identify(robp_ws/src/robp_robot/usb_cam) by extensions ['ignore', 'ignore_ament_install']
[0.220s] Level 1:colcon.colcon_core.package_identification:_identify(robp_ws/src/robp_robot/usb_cam) by extension 'ignore'
[0.220s] Level 1:colcon.colcon_core.package_identification:_identify(robp_ws/src/robp_robot/usb_cam) by extension 'ignore_ament_install'
[0.220s] Level 1:colcon.colcon_core.package_identification:_identify(robp_ws/src/robp_robot/usb_cam) by extensions ['colcon_pkg']
[0.220s] Level 1:colcon.colcon_core.package_identification:_identify(robp_ws/src/robp_robot/usb_cam) by extension 'colcon_pkg'
[0.220s] Level 1:colcon.colcon_core.package_identification:_identify(robp_ws/src/robp_robot/usb_cam) by extensions ['colcon_meta']
[0.220s] Level 1:colcon.colcon_core.package_identification:_identify(robp_ws/src/robp_robot/usb_cam) by extension 'colcon_meta'
[0.220s] Level 1:colcon.colcon_core.package_identification:_identify(robp_ws/src/robp_robot/usb_cam) by extensions ['ros']
[0.220s] Level 1:colcon.colcon_core.package_identification:_identify(robp_ws/src/robp_robot/usb_cam) by extension 'ros'
[0.221s] DEBUG:colcon.colcon_core.package_identification:Package 'robp_ws/src/robp_robot/usb_cam' with type 'ros.ament_cmake' and name 'usb_cam'
[0.221s] Level 1:colcon.colcon_core.package_discovery:discover_packages(recursive) using defaults
[0.221s] Level 1:colcon.colcon_core.package_discovery:discover_packages(ignore) discover
[0.221s] Level 1:colcon.colcon_core.package_discovery:discover_packages(ignore) using defaults
[0.221s] Level 1:colcon.colcon_core.package_discovery:discover_packages(path) discover
[0.221s] Level 1:colcon.colcon_core.package_discovery:discover_packages(path) using defaults
[0.244s] INFO:colcon.colcon_core.package_selection:Skipping not selected package 'arm_controller' in 'robp_ws/src/arm_controller'
[0.244s] INFO:colcon.colcon_core.package_selection:Skipping not selected package 'arm_servos_pubs_subs' in 'robp_ws/src/robp_robot/robp_arm/arm_servos_pubs_subs'
[0.244s] INFO:colcon.colcon_core.package_selection:Skipping not selected package 'detection' in 'robp_ws/src/detection'
[0.244s] INFO:colcon.colcon_core.package_selection:Skipping not selected package 'drive_base_msgs' in 'arm_ws/src/uros/drive_base/drive_base_msgs'
[0.244s] INFO:colcon.colcon_core.package_selection:Skipping not selected package 'joystick_teleop' in 'robp_ws/src/joystick_teleop'
[0.244s] INFO:colcon.colcon_core.package_selection:Skipping not selected package 'mapping' in 'robp_ws/src/mapping'
[0.244s] INFO:colcon.colcon_core.package_selection:Skipping not selected package 'micro_ros_msgs' in 'arm_ws/src/uros/micro_ros_msgs'
[0.244s] INFO:colcon.colcon_core.package_selection:Skipping not selected package 'micro_ros_setup' in 'arm_ws/src/micro_ros_setup'
[0.244s] INFO:colcon.colcon_core.package_selection:Skipping not selected package 'path_planner' in 'robp_ws/src/path_planner'
[0.244s] INFO:colcon.colcon_core.package_selection:Skipping not selected package 'robp_interfaces' in 'robp_ws/src/robp_robot/robp_interfaces'
[0.244s] INFO:colcon.colcon_core.package_selection:Skipping not selected package 'robp_phidgets_temperature' in 'robp_ws/src/robp_robot/robp_phidgets/robp_phidgets_temperature'
[0.244s] INFO:colcon.colcon_core.package_selection:Skipping not selected package 'sllidar_ros2' in 'robp_ws/src/robp_robot/sllidar_ros2'
[0.244s] INFO:colcon.colcon_core.package_selection:Skipping not selected package 'usb_cam' in 'robp_ws/src/robp_robot/usb_cam'
[0.244s] INFO:colcon.colcon_core.package_selection:Skipping not selected package 'micro_ros_agent' in 'arm_ws/src/uros/micro-ROS-Agent/micro_ros_agent'
[0.244s] INFO:colcon.colcon_core.package_selection:Skipping not selected package 'odometry' in 'robp_ws/src/odometry'
[0.244s] INFO:colcon.colcon_core.package_selection:Skipping not selected package 'robp_phidgets_encoders' in 'robp_ws/src/robp_robot/robp_phidgets/robp_phidgets_encoders'
[0.244s] INFO:colcon.colcon_core.package_selection:Skipping not selected package 'robp_phidgets_motors' in 'robp_ws/src/robp_robot/robp_phidgets/robp_phidgets_motors'
[0.244s] INFO:colcon.colcon_core.package_selection:Skipping not selected package 'robp_phidgets_spatial' in 'robp_ws/src/robp_robot/robp_phidgets/robp_phidgets_spatial'
[0.244s] INFO:colcon.colcon_core.package_selection:Skipping not selected package 'robp_launch' in 'robp_ws/src/robp_robot/robp_launch'
[0.244s] Level 1:colcon.colcon_core.package_discovery:discover_packages(prefix_path) check parameters
[0.244s] Level 1:colcon.colcon_core.package_discovery:discover_packages(prefix_path) discover
[0.248s] DEBUG:colcon.colcon_installed_package_information.package_discovery:Found 4 installed packages in /home/group3-robot/robp_group3/arm_ws/install
[0.249s] DEBUG:colcon.colcon_installed_package_information.package_discovery:Found 14 installed packages in /home/group3-robot/dd2419_ws/install
[0.249s] DEBUG:colcon.colcon_installed_package_information.package_discovery:Found 3 installed packages in /home/group3-robot/esp32_microros_ws/install
[0.249s] DEBUG:colcon.colcon_installed_package_information.package_discovery:Found 17 installed packages in /home/group3-robot/robp_group3/robp_ws/install
[0.251s] DEBUG:colcon.colcon_installed_package_information.package_discovery:Found 308 installed packages in /opt/ros/jazzy
[0.252s] Level 1:colcon.colcon_core.package_discovery:discover_packages(prefix_path) using defaults
[0.286s] Level 5:colcon.colcon_core.verb:set package 'handle_objects' build argument 'cmake_args' from command line to 'None'
[0.286s] Level 5:colcon.colcon_core.verb:set package 'handle_objects' build argument 'cmake_target' from command line to 'None'
[0.286s] Level 5:colcon.colcon_core.verb:set package 'handle_objects' build argument 'cmake_target_skip_unavailable' from command line to 'False'
[0.286s] Level 5:colcon.colcon_core.verb:set package 'handle_objects' build argument 'cmake_clean_cache' from command line to 'False'
[0.286s] Level 5:colcon.colcon_core.verb:set package 'handle_objects' build argument 'cmake_clean_first' from command line to 'False'
[0.286s] Level 5:colcon.colcon_core.verb:set package 'handle_objects' build argument 'cmake_force_configure' from command line to 'False'
[0.286s] Level 5:colcon.colcon_core.verb:set package 'handle_objects' build argument 'ament_cmake_args' from command line to 'None'
[0.286s] Level 5:colcon.colcon_core.verb:set package 'handle_objects' build argument 'catkin_cmake_args' from command line to 'None'
[0.286s] Level 5:colcon.colcon_core.verb:set package 'handle_objects' build argument 'catkin_skip_building_tests' from command line to 'False'
[0.287s] DEBUG:colcon.colcon_core.verb:Building package 'handle_objects' with the following arguments: {'ament_cmake_args': None, 'build_base': '/home/group3-robot/robp_group3/build/handle_objects', 'catkin_cmake_args': None, 'catkin_skip_building_tests': False, 'cmake_args': None, 'cmake_clean_cache': False, 'cmake_clean_first': False, 'cmake_force_configure': False, 'cmake_target': None, 'cmake_target_skip_unavailable': False, 'install_base': '/home/group3-robot/robp_group3/install/handle_objects', 'merge_install': False, 'path': '/home/group3-robot/robp_group3/robp_ws/src/handle_objects', 'symlink_install': False, 'test_result_base': None}
[0.287s] Level 5:colcon.colcon_core.verb:set package 'behavior_tree' build argument 'cmake_args' from command line to 'None'
[0.287s] Level 5:colcon.colcon_core.verb:set package 'behavior_tree' build argument 'cmake_target' from command line to 'None'
[0.287s] Level 5:colcon.colcon_core.verb:set package 'behavior_tree' build argument 'cmake_target_skip_unavailable' from command line to 'False'
[0.287s] Level 5:colcon.colcon_core.verb:set package 'behavior_tree' build argument 'cmake_clean_cache' from command line to 'False'
[0.287s] Level 5:colcon.colcon_core.verb:set package 'behavior_tree' build argument 'cmake_clean_first' from command line to 'False'
[0.287s] Level 5:colcon.colcon_core.verb:set package 'behavior_tree' build argument 'cmake_force_configure' from command line to 'False'
[0.287s] Level 5:colcon.colcon_core.verb:set package 'behavior_tree' build argument 'ament_cmake_args' from command line to 'None'
[0.287s] Level 5:colcon.colcon_core.verb:set package 'behavior_tree' build argument 'catkin_cmake_args' from command line to 'None'
[0.287s] Level 5:colcon.colcon_core.verb:set package 'behavior_tree' build argument 'catkin_skip_building_tests' from command line to 'False'
[0.287s] DEBUG:colcon.colcon_core.verb:Building package 'behavior_tree' with the following arguments: {'ament_cmake_args': None, 'build_base': '/home/group3-robot/robp_group3/build/behavior_tree', 'catkin_cmake_args': None, 'catkin_skip_building_tests': False, 'cmake_args': None, 'cmake_clean_cache': False, 'cmake_clean_first': False, 'cmake_force_configure': False, 'cmake_target': None, 'cmake_target_skip_unavailable': False, 'install_base': '/home/group3-robot/robp_group3/install/behavior_tree', 'merge_install': False, 'path': '/home/group3-robot/robp_group3/robp_ws/src/behavior_tree', 'symlink_install': False, 'test_result_base': None}
[0.287s] INFO:colcon.colcon_core.executor:Executing jobs using 'parallel' executor
[0.288s] DEBUG:colcon.colcon_parallel_executor.executor.parallel:run_until_complete
[0.288s] INFO:colcon.colcon_ros.task.ament_python.build:Building ROS package in '/home/group3-robot/robp_group3/robp_ws/src/handle_objects' with build type 'ament_python'
[0.288s] Level 1:colcon.colcon_core.shell:create_environment_hook('handle_objects', 'ament_prefix_path')
[0.292s] INFO:colcon.colcon_core.plugin_system:Skipping extension 'colcon_core.shell.bat': Not used on non-Windows systems
[0.292s] INFO:colcon.colcon_core.shell:Creating environment hook '/home/group3-robot/robp_group3/install/handle_objects/share/handle_objects/hook/ament_prefix_path.ps1'
[0.293s] INFO:colcon.colcon_core.shell:Creating environment descriptor '/home/group3-robot/robp_group3/install/handle_objects/share/handle_objects/hook/ament_prefix_path.dsv'
[0.293s] INFO:colcon.colcon_core.shell:Creating environment hook '/home/group3-robot/robp_group3/install/handle_objects/share/handle_objects/hook/ament_prefix_path.sh'
[0.294s] INFO:colcon.colcon_core.shell:Skip shell extension 'powershell' for command environment: Not usable outside of PowerShell
[0.294s] DEBUG:colcon.colcon_core.shell:Skip shell extension 'dsv' for command environment
[0.467s] INFO:colcon.colcon_core.task.python.build:Building Python package in '/home/group3-robot/robp_group3/robp_ws/src/handle_objects'
[0.467s] INFO:colcon.colcon_core.shell:Skip shell extension 'powershell' for command environment: Not usable outside of PowerShell
[0.467s] DEBUG:colcon.colcon_core.shell:Skip shell extension 'dsv' for command environment
[1.080s] DEBUG:colcon.colcon_core.event_handler.log_command:Invoking command in '/home/group3-robot/robp_group3/robp_ws/src/handle_objects': DEBUGINFOD_URLS=https://debuginfod.ubuntu.com PYTHONPATH=/home/group3-robot/robp_group3/build/handle_objects/prefix_override:/usr/lib/python3/dist-packages/colcon_core/task/python/colcon_distutils_commands:/home/group3-robot/robp_group3/install/handle_objects/lib/python3.12/site-packages:${PYTHONPATH} /usr/bin/python3 -W ignore:setup.py install is deprecated -W ignore:easy_install command is deprecated setup.py egg_info --egg-base ../../../build/handle_objects build --build-base /home/group3-robot/robp_group3/build/handle_objects/build install --record /home/group3-robot/robp_group3/build/handle_objects/install.log --single-version-externally-managed install_data
[1.367s] DEBUG:colcon.colcon_core.event_handler.log_command:Invoked command in '/home/group3-robot/robp_group3/robp_ws/src/handle_objects' returned '1': DEBUGINFOD_URLS=https://debuginfod.ubuntu.com PYTHONPATH=/home/group3-robot/robp_group3/build/handle_objects/prefix_override:/usr/lib/python3/dist-packages/colcon_core/task/python/colcon_distutils_commands:/home/group3-robot/robp_group3/install/handle_objects/lib/python3.12/site-packages:${PYTHONPATH} /usr/bin/python3 -W ignore:setup.py install is deprecated -W ignore:easy_install command is deprecated setup.py egg_info --egg-base ../../../build/handle_objects build --build-base /home/group3-robot/robp_group3/build/handle_objects/build install --record /home/group3-robot/robp_group3/build/handle_objects/install.log --single-version-externally-managed install_data
[1.377s] DEBUG:colcon.colcon_parallel_executor.executor.parallel:closing loop
[1.377s] DEBUG:colcon.colcon_parallel_executor.executor.parallel:loop closed
[1.377s] DEBUG:colcon.colcon_parallel_executor.executor.parallel:run_until_complete finished with '1'
[1.377s] DEBUG:colcon.colcon_core.event_reactor:joining thread
[1.383s] INFO:colcon.colcon_core.plugin_system:Skipping extension 'colcon_notification.desktop_notification.terminal_notifier': Not used on non-Darwin systems
[1.383s] INFO:colcon.colcon_core.plugin_system:Skipping extension 'colcon_notification.desktop_notification.win32': Not used on non-Windows systems
[1.383s] INFO:colcon.colcon_notification.desktop_notification:Sending desktop notification using 'notify2'
[1.391s] DEBUG:colcon.colcon_core.event_reactor:joined thread
[1.391s] INFO:colcon.colcon_core.shell:Creating prefix script '/home/group3-robot/robp_group3/install/local_setup.ps1'
[1.393s] INFO:colcon.colcon_core.shell:Creating prefix util module '/home/group3-robot/robp_group3/install/_local_setup_util_ps1.py'
[1.394s] INFO:colcon.colcon_core.shell:Creating prefix chain script '/home/group3-robot/robp_group3/install/setup.ps1'
[1.395s] INFO:colcon.colcon_core.shell:Creating prefix script '/home/group3-robot/robp_group3/install/local_setup.sh'
[1.396s] INFO:colcon.colcon_core.shell:Creating prefix util module '/home/group3-robot/robp_group3/install/_local_setup_util_sh.py'
[1.396s] INFO:colcon.colcon_core.shell:Creating prefix chain script '/home/group3-robot/robp_group3/install/setup.sh'
[1.398s] INFO:colcon.colcon_core.shell:Creating prefix script '/home/group3-robot/robp_group3/install/local_setup.bash'
[1.398s] INFO:colcon.colcon_core.shell:Creating prefix chain script '/home/group3-robot/robp_group3/install/setup.bash'
[1.400s] INFO:colcon.colcon_core.shell:Creating prefix script '/home/group3-robot/robp_group3/install/local_setup.zsh'
[1.401s] INFO:colcon.colcon_core.shell:Creating prefix chain script '/home/group3-robot/robp_group3/install/setup.zsh'
