[0.554s] Invoking command in '/home/group3-robot/robp_group3/build/usb_cam': CMAKE_PREFIX_PATH=${CMAKE_PREFIX_PATH}:/home/group3-robot/robp_group3/robp_ws/install/robp_launch:/home/group3-robot/robp_group3/robp_ws/install/odometry:/home/group3-robot/robp_group3/robp_ws/install/path_planner:/home/group3-robot/robp_group3/robp_ws/install/mapping:/home/group3-robot/robp_group3/robp_ws/install/joystick_teleop:/home/group3-robot/robp_group3/robp_ws/install/behavior_tree:/home/group3-robot/robp_group3/robp_ws/install/handle_objects:/home/group3-robot/robp_group3/robp_ws/install/detection:/home/group3-robot/robp_group3/robp_ws/install/arm_servos_pubs_subs:/home/group3-robot/robp_group3/robp_ws/install/arm_controller:/opt/ros/jazzy DEBUGINFOD_URLS=https://debuginfod.ubuntu.com /usr/bin/cmake /home/group3-robot/robp_group3/robp_ws/src/robp_robot/usb_cam -DAMENT_CMAKE_SYMLINK_INSTALL=1 -DCMAKE_INSTALL_PREFIX=/home/group3-robot/robp_group3/install/usb_cam
[0.763s] -- The C compiler identification is GNU 13.3.0
[1.033s] -- The CXX compiler identification is GNU 13.3.0
[1.067s] -- Detecting C compiler ABI info
[1.291s] -- Detecting C compiler ABI info - done
[1.339s] -- Check for working C compiler: /usr/bin/cc - skipped
[1.339s] -- Detecting C compile features
[1.339s] -- Detecting C compile features - done
[1.376s] -- Detecting CXX compiler ABI info
[1.828s] -- Detecting CXX compiler ABI info - done
[1.881s] -- Check for working CXX compiler: /usr/bin/c++ - skipped
[1.881s] -- Detecting CXX compile features
[1.881s] -- Detecting CXX compile features - done
[1.889s] -- Found ament_cmake_auto: 2.5.3 (/opt/ros/jazzy/share/ament_cmake_auto/cmake)
[2.669s] -- Found Python3: /usr/bin/python3 (found version "3.12.3") found components: Interpreter 
[2.946s] -- Override CMake install command with custom implementation using symlinks instead of copying resources
[3.682s] -- Found rosidl_generator_c: 4.6.5 (/opt/ros/jazzy/share/rosidl_generator_c/cmake)
[3.705s] -- Found rosidl_generator_cpp: 4.6.5 (/opt/ros/jazzy/share/rosidl_generator_cpp/cmake)
[3.749s] -- Using all available rosidl_typesupport_c: rosidl_typesupport_fastrtps_c;rosidl_typesupport_introspection_c
[3.816s] -- Using all available rosidl_typesupport_cpp: rosidl_typesupport_fastrtps_cpp;rosidl_typesupport_introspection_cpp
[4.151s] -- Found rmw_implementation_cmake: 7.3.1 (/opt/ros/jazzy/share/rmw_implementation_cmake/cmake)
[4.152s] -- Found rmw_fastrtps_cpp: 8.4.1 (/opt/ros/jazzy/share/rmw_fastrtps_cpp/cmake)
[4.528s] -- Found OpenSSL: /usr/lib/x86_64-linux-gnu/libcrypto.so (found version "3.0.13")  
[4.593s] -- Found FastRTPS: /opt/ros/jazzy/include (Required is at least version "2.13") 
[4.657s] -- Using RMW implementation 'rmw_fastrtps_cpp' as default
[5.210s] -- Setting yaml-cpp_DIR to: '/opt/ros/jazzy/share/yaml_cpp_vendor/cmake/../../../opt/yaml_cpp_vendor/share/cmake/yaml-cpp'
[6.088s] -- Found rosidl_adapter: 4.6.5 (/opt/ros/jazzy/share/rosidl_adapter/cmake)
[6.160s] -- Found OpenCV: /usr (found version "4.6.0") 
[6.192s] -- Found PkgConfig: /usr/bin/pkg-config (found version "1.8.1") 
[6.193s] -- Checking for module 'libavcodec'
[6.293s] --   Found libavcodec, version 60.31.102
[6.397s] -- Checking for module 'libavutil'
[6.455s] --   Found libavutil, version 58.29.100
[6.602s] -- Checking for module 'libswscale'
[6.687s] --   Found libswscale, version 7.5.100
[6.852s] -- Found ament_lint_auto: 0.17.1 (/opt/ros/jazzy/share/ament_lint_auto/cmake)
[6.930s] -- Found gtest sources under '/opt/ros/jazzy/src/gtest_vendor': C++ tests using 'Google Test' will be built
[6.970s] -- Performing Test CMAKE_HAVE_LIBC_PTHREAD
[7.360s] -- Performing Test CMAKE_HAVE_LIBC_PTHREAD - Success
[7.373s] -- Found Threads: TRUE  
[7.400s] -- Added test 'copyright' to check source files copyright and LICENSE
[7.406s] -- Added test 'cppcheck' to perform static code analysis on C / C++ code
[7.406s] -- Configured cppcheck include dirs: /home/group3-robot/robp_group3/robp_ws/src/robp_robot/usb_cam/include
[7.406s] -- Configured cppcheck exclude dirs and/or files: 
[7.413s] -- Added test 'cpplint' to check C / C++ code against the Google style
[7.413s] -- Configured cpplint exclude dirs and/or files: 
[7.413s] -- Added test 'flake8' to check Python code syntax and style conventions
[7.416s] -- Configured 'flake8' exclude dirs and/or files: 
[7.416s] -- Added test 'lint_cmake' to check CMake code style
[7.416s] -- Added test 'pep257' to check Python code against some of the docstring style conventions in PEP 257
[7.419s] -- Added test 'uncrustify' to check C / C++ code style
[7.419s] -- Configured uncrustify additional arguments: 
[7.435s] -- Added test 'xmllint' to check XML markup files
[7.453s] -- Configuring done (6.9s)
[7.580s] -- Generating done (0.1s)
[7.602s] -- Build files have been written to: /home/group3-robot/robp_group3/build/usb_cam
[7.665s] Invoked command in '/home/group3-robot/robp_group3/build/usb_cam' returned '0': CMAKE_PREFIX_PATH=${CMAKE_PREFIX_PATH}:/home/group3-robot/robp_group3/robp_ws/install/robp_launch:/home/group3-robot/robp_group3/robp_ws/install/odometry:/home/group3-robot/robp_group3/robp_ws/install/path_planner:/home/group3-robot/robp_group3/robp_ws/install/mapping:/home/group3-robot/robp_group3/robp_ws/install/joystick_teleop:/home/group3-robot/robp_group3/robp_ws/install/behavior_tree:/home/group3-robot/robp_group3/robp_ws/install/handle_objects:/home/group3-robot/robp_group3/robp_ws/install/detection:/home/group3-robot/robp_group3/robp_ws/install/arm_servos_pubs_subs:/home/group3-robot/robp_group3/robp_ws/install/arm_controller:/opt/ros/jazzy DEBUGINFOD_URLS=https://debuginfod.ubuntu.com /usr/bin/cmake /home/group3-robot/robp_group3/robp_ws/src/robp_robot/usb_cam -DAMENT_CMAKE_SYMLINK_INSTALL=1 -DCMAKE_INSTALL_PREFIX=/home/group3-robot/robp_group3/install/usb_cam
[7.666s] Invoking command in '/home/group3-robot/robp_group3/build/usb_cam': CMAKE_PREFIX_PATH=${CMAKE_PREFIX_PATH}:/home/group3-robot/robp_group3/robp_ws/install/robp_launch:/home/group3-robot/robp_group3/robp_ws/install/odometry:/home/group3-robot/robp_group3/robp_ws/install/path_planner:/home/group3-robot/robp_group3/robp_ws/install/mapping:/home/group3-robot/robp_group3/robp_ws/install/joystick_teleop:/home/group3-robot/robp_group3/robp_ws/install/behavior_tree:/home/group3-robot/robp_group3/robp_ws/install/handle_objects:/home/group3-robot/robp_group3/robp_ws/install/detection:/home/group3-robot/robp_group3/robp_ws/install/arm_servos_pubs_subs:/home/group3-robot/robp_group3/robp_ws/install/arm_controller:/opt/ros/jazzy DEBUGINFOD_URLS=https://debuginfod.ubuntu.com /usr/bin/cmake --build /home/group3-robot/robp_group3/build/usb_cam -- -j8 -l8
[10.724s] [  7%] [32mBuilding CXX object CMakeFiles/usb_cam.dir/src/usb_cam.cpp.o[0m
[10.724s] [ 14%] [32mBuilding CXX object CMakeFiles/usb_cam_node_exe.dir/rclcpp_components/node_main_usb_cam_node_exe.cpp.o[0m
[10.724s] [ 21%] [32mBuilding CXX object gtest/CMakeFiles/gtest.dir/src/gtest-all.cc.o[0m
[10.724s] [ 28%] [32mBuilding CXX object gtest/CMakeFiles/gtest_main.dir/src/gtest_main.cc.o[0m
[11.048s] [ 35%] [32m[1mLinking CXX static library libgtest_main.a[0m
[11.648s] [ 35%] Built target gtest_main
[15.475s] [ 42%] [32m[1mLinking CXX shared library libusb_cam.so[0m
[16.396s] [ 42%] Built target usb_cam
[16.482s] [ 50%] [32mBuilding CXX object CMakeFiles/usb_cam_node.dir/src/usb_cam_node.cpp.o[0m
[18.982s] [ 57%] [32m[1mLinking CXX executable usb_cam_node_exe[0m
[19.300s] [ 57%] Built target usb_cam_node_exe
[19.991s] [ 64%] [32m[1mLinking CXX static library libgtest.a[0m
[20.090s] [ 64%] Built target gtest
[27.008s] [ 71%] [32m[1mLinking CXX shared library libusb_cam_node.so[0m
[27.588s] [ 71%] Built target usb_cam_node
[27.612s] [ 78%] [32mBuilding CXX object CMakeFiles/test_usb_cam_utils.dir/test/test_usb_cam_utils.cpp.o[0m
[27.614s] [ 85%] [32mBuilding CXX object CMakeFiles/test_pixel_formats.dir/test/test_pixel_formats.cpp.o[0m
[29.193s] [ 92%] [32m[1mLinking CXX executable test_usb_cam_utils[0m
[29.349s] [ 92%] Built target test_usb_cam_utils
[29.504s] [100%] [32m[1mLinking CXX executable test_pixel_formats[0m
[29.706s] [100%] Built target test_pixel_formats
[29.721s] Invoked command in '/home/group3-robot/robp_group3/build/usb_cam' returned '0': CMAKE_PREFIX_PATH=${CMAKE_PREFIX_PATH}:/home/group3-robot/robp_group3/robp_ws/install/robp_launch:/home/group3-robot/robp_group3/robp_ws/install/odometry:/home/group3-robot/robp_group3/robp_ws/install/path_planner:/home/group3-robot/robp_group3/robp_ws/install/mapping:/home/group3-robot/robp_group3/robp_ws/install/joystick_teleop:/home/group3-robot/robp_group3/robp_ws/install/behavior_tree:/home/group3-robot/robp_group3/robp_ws/install/handle_objects:/home/group3-robot/robp_group3/robp_ws/install/detection:/home/group3-robot/robp_group3/robp_ws/install/arm_servos_pubs_subs:/home/group3-robot/robp_group3/robp_ws/install/arm_controller:/opt/ros/jazzy DEBUGINFOD_URLS=https://debuginfod.ubuntu.com /usr/bin/cmake --build /home/group3-robot/robp_group3/build/usb_cam -- -j8 -l8
[29.723s] Invoking command in '/home/group3-robot/robp_group3/build/usb_cam': CMAKE_PREFIX_PATH=${CMAKE_PREFIX_PATH}:/home/group3-robot/robp_group3/robp_ws/install/robp_launch:/home/group3-robot/robp_group3/robp_ws/install/odometry:/home/group3-robot/robp_group3/robp_ws/install/path_planner:/home/group3-robot/robp_group3/robp_ws/install/mapping:/home/group3-robot/robp_group3/robp_ws/install/joystick_teleop:/home/group3-robot/robp_group3/robp_ws/install/behavior_tree:/home/group3-robot/robp_group3/robp_ws/install/handle_objects:/home/group3-robot/robp_group3/robp_ws/install/detection:/home/group3-robot/robp_group3/robp_ws/install/arm_servos_pubs_subs:/home/group3-robot/robp_group3/robp_ws/install/arm_controller:/opt/ros/jazzy DEBUGINFOD_URLS=https://debuginfod.ubuntu.com /usr/bin/cmake --install /home/group3-robot/robp_group3/build/usb_cam
[29.733s] -- Install configuration: ""
[29.733s] -- Execute custom install script
[29.734s] -- Symlinking: /home/group3-robot/robp_group3/install/usb_cam/share/usb_cam/environment/library_path.sh
[29.745s] -- Symlinking: /home/group3-robot/robp_group3/install/usb_cam/share/usb_cam/environment/library_path.dsv
[29.757s] -- Symlinking: /home/group3-robot/robp_group3/install/usb_cam/lib/usb_cam/usb_cam_node_exe
[29.768s] -- Symlinking: /home/group3-robot/robp_group3/install/usb_cam/lib/usb_cam/show_image.py
[29.780s] -- Symlinking: /home/group3-robot/robp_group3/install/usb_cam/lib/libusb_cam.so
[29.792s] -- Symlinking: /home/group3-robot/robp_group3/install/usb_cam/lib/libusb_cam_node.so
[29.804s] -- Symlinking: /home/group3-robot/robp_group3/install/usb_cam/include/usb_cam/constants.hpp
[29.816s] -- Symlinking: /home/group3-robot/robp_group3/install/usb_cam/include/usb_cam/conversions.hpp
[29.828s] -- Symlinking: /home/group3-robot/robp_group3/install/usb_cam/include/usb_cam/formats/av_pixel_format_helper.hpp
[29.839s] -- Symlinking: /home/group3-robot/robp_group3/install/usb_cam/include/usb_cam/formats/m420.hpp
[29.849s] -- Symlinking: /home/group3-robot/robp_group3/install/usb_cam/include/usb_cam/formats/mjpeg.hpp
[29.857s] -- Symlinking: /home/group3-robot/robp_group3/install/usb_cam/include/usb_cam/formats/mono.hpp
[29.867s] -- Symlinking: /home/group3-robot/robp_group3/install/usb_cam/include/usb_cam/formats/pixel_format_base.hpp
[29.876s] -- Symlinking: /home/group3-robot/robp_group3/install/usb_cam/include/usb_cam/formats/rgb.hpp
[29.886s] -- Symlinking: /home/group3-robot/robp_group3/install/usb_cam/include/usb_cam/formats/utils.hpp
[29.893s] -- Symlinking: /home/group3-robot/robp_group3/install/usb_cam/include/usb_cam/formats/uyvy.hpp
[29.902s] -- Symlinking: /home/group3-robot/robp_group3/install/usb_cam/include/usb_cam/formats/yuyv.hpp
[29.913s] -- Symlinking: /home/group3-robot/robp_group3/install/usb_cam/include/usb_cam/usb_cam.hpp
[29.923s] -- Symlinking: /home/group3-robot/robp_group3/install/usb_cam/include/usb_cam/usb_cam_node.hpp
[29.934s] -- Symlinking: /home/group3-robot/robp_group3/install/usb_cam/include/usb_cam/utils.hpp
[29.943s] -- Up-to-date symlink: /home/group3-robot/robp_group3/install/usb_cam/lib/libusb_cam_node.so
[29.944s] -- Symlinking: /home/group3-robot/robp_group3/install/usb_cam/share/usb_cam/launch/__init__.py
[29.952s] -- Symlinking: /home/group3-robot/robp_group3/install/usb_cam/share/usb_cam/launch/camera.launch.py
[29.963s] -- Symlinking: /home/group3-robot/robp_group3/install/usb_cam/share/usb_cam/launch/camera_config.py
[29.973s] -- Symlinking: /home/group3-robot/robp_group3/install/usb_cam/share/usb_cam/config/camera_info.yaml
[29.983s] -- Symlinking: /home/group3-robot/robp_group3/install/usb_cam/share/usb_cam/config/params_1.yaml
[29.994s] -- Symlinking: /home/group3-robot/robp_group3/install/usb_cam/share/usb_cam/config/params_2.yaml
[30.005s] -- Symlinking: /home/group3-robot/robp_group3/install/usb_cam/share/ament_index/resource_index/package_run_dependencies/usb_cam
[30.015s] -- Symlinking: /home/group3-robot/robp_group3/install/usb_cam/share/ament_index/resource_index/parent_prefix_path/usb_cam
[30.026s] -- Symlinking: /home/group3-robot/robp_group3/install/usb_cam/share/usb_cam/environment/ament_prefix_path.sh
[30.037s] -- Symlinking: /home/group3-robot/robp_group3/install/usb_cam/share/usb_cam/environment/ament_prefix_path.dsv
[30.047s] -- Symlinking: /home/group3-robot/robp_group3/install/usb_cam/share/usb_cam/environment/path.sh
[30.057s] -- Symlinking: /home/group3-robot/robp_group3/install/usb_cam/share/usb_cam/environment/path.dsv
[30.068s] -- Symlinking: /home/group3-robot/robp_group3/install/usb_cam/share/usb_cam/local_setup.bash
[30.076s] -- Symlinking: /home/group3-robot/robp_group3/install/usb_cam/share/usb_cam/local_setup.sh
[30.084s] -- Symlinking: /home/group3-robot/robp_group3/install/usb_cam/share/usb_cam/local_setup.zsh
[30.092s] -- Symlinking: /home/group3-robot/robp_group3/install/usb_cam/share/usb_cam/local_setup.dsv
[30.099s] -- Symlinking: /home/group3-robot/robp_group3/install/usb_cam/share/usb_cam/package.dsv
[30.107s] -- Symlinking: /home/group3-robot/robp_group3/install/usb_cam/share/ament_index/resource_index/packages/usb_cam
[30.114s] -- Symlinking: /home/group3-robot/robp_group3/install/usb_cam/share/ament_index/resource_index/rclcpp_components/usb_cam
[30.124s] -- Symlinking: /home/group3-robot/robp_group3/install/usb_cam/share/usb_cam/cmake/ament_cmake_export_libraries-extras.cmake
[30.132s] -- Symlinking: /home/group3-robot/robp_group3/install/usb_cam/share/usb_cam/cmake/ament_cmake_export_dependencies-extras.cmake
[30.142s] -- Symlinking: /home/group3-robot/robp_group3/install/usb_cam/share/usb_cam/cmake/ament_cmake_export_include_directories-extras.cmake
[30.149s] -- Symlinking: /home/group3-robot/robp_group3/install/usb_cam/share/usb_cam/cmake/usb_camConfig.cmake
[30.157s] -- Symlinking: /home/group3-robot/robp_group3/install/usb_cam/share/usb_cam/cmake/usb_camConfig-version.cmake
[30.165s] -- Symlinking: /home/group3-robot/robp_group3/install/usb_cam/share/usb_cam/package.xml
[30.175s] Invoked command in '/home/group3-robot/robp_group3/build/usb_cam' returned '0': CMAKE_PREFIX_PATH=${CMAKE_PREFIX_PATH}:/home/group3-robot/robp_group3/robp_ws/install/robp_launch:/home/group3-robot/robp_group3/robp_ws/install/odometry:/home/group3-robot/robp_group3/robp_ws/install/path_planner:/home/group3-robot/robp_group3/robp_ws/install/mapping:/home/group3-robot/robp_group3/robp_ws/install/joystick_teleop:/home/group3-robot/robp_group3/robp_ws/install/behavior_tree:/home/group3-robot/robp_group3/robp_ws/install/handle_objects:/home/group3-robot/robp_group3/robp_ws/install/detection:/home/group3-robot/robp_group3/robp_ws/install/arm_servos_pubs_subs:/home/group3-robot/robp_group3/robp_ws/install/arm_controller:/opt/ros/jazzy DEBUGINFOD_URLS=https://debuginfod.ubuntu.com /usr/bin/cmake --install /home/group3-robot/robp_group3/build/usb_cam
