/home/group3-robot/robp_group3/install/robp_launch/lib/python3.12/site-packages/robp_launch/__init__.py
/home/group3-robot/robp_group3/install/robp_launch/lib/python3.12/site-packages/robp_launch/__pycache__/__init__.cpython-312.pyc
/home/group3-robot/robp_group3/install/robp_launch/share/ament_index/resource_index/packages/robp_launch
/home/group3-robot/robp_group3/install/robp_launch/share/robp_launch/launch/pick_objects_launch.py
/home/group3-robot/robp_group3/install/robp_launch/share/robp_launch/launch/rs_d435i_launch.py
/home/group3-robot/robp_group3/install/robp_launch/share/robp_launch/launch/detection_launch.py
/home/group3-robot/robp_group3/install/robp_launch/share/robp_launch/launch/phidgets_launch.py
/home/group3-robot/robp_group3/install/robp_launch/share/robp_launch/launch/arm_camera_launch.yaml
/home/group3-robot/robp_group3/install/robp_launch/share/robp_launch/launch/lidar_launch.yaml
/home/group3-robot/robp_group3/install/robp_launch/share/robp_launch/launch/frames_launch.xml
/home/group3-robot/robp_group3/install/robp_launch/share/robp_launch/launch/joystick_launch.py
/home/group3-robot/robp_group3/install/robp_launch/share/robp_launch/launch/lidar_odom_launch.py
/home/group3-robot/robp_group3/install/robp_launch/share/robp_launch/launch/path_planner_launch.py
/home/group3-robot/robp_group3/install/robp_launch/share/robp_launch/launch/arm_servo_launch.py
/home/group3-robot/robp_group3/install/robp_launch/share/robp_launch/package.xml
/home/group3-robot/robp_group3/install/robp_launch/lib/python3.12/site-packages/robp_launch-1.0.0-py3.12.egg-info/SOURCES.txt
/home/group3-robot/robp_group3/install/robp_launch/lib/python3.12/site-packages/robp_launch-1.0.0-py3.12.egg-info/requires.txt
/home/group3-robot/robp_group3/install/robp_launch/lib/python3.12/site-packages/robp_launch-1.0.0-py3.12.egg-info/zip-safe
/home/group3-robot/robp_group3/install/robp_launch/lib/python3.12/site-packages/robp_launch-1.0.0-py3.12.egg-info/dependency_links.txt
/home/group3-robot/robp_group3/install/robp_launch/lib/python3.12/site-packages/robp_launch-1.0.0-py3.12.egg-info/PKG-INFO
/home/group3-robot/robp_group3/install/robp_launch/lib/python3.12/site-packages/robp_launch-1.0.0-py3.12.egg-info/top_level.txt
