running develop
Removing /home/group3-robot/robp_group3/install/behavior_tree/lib/python3.12/site-packages/behavior-tree.egg-link (link to .)
running egg_info
writing ../../../build/behavior_tree/behavior_tree.egg-info/PKG-INFO
writing dependency_links to ../../../build/behavior_tree/behavior_tree.egg-info/dependency_links.txt
writing entry points to ../../../build/behavior_tree/behavior_tree.egg-info/entry_points.txt
writing requirements to ../../../build/behavior_tree/behavior_tree.egg-info/requires.txt
writing top-level names to ../../../build/behavior_tree/behavior_tree.egg-info/top_level.txt
reading manifest file '../../../build/behavior_tree/behavior_tree.egg-info/SOURCES.txt'
writing manifest file '../../../build/behavior_tree/behavior_tree.egg-info/SOURCES.txt'
running build
running build_py
creating /home/group3-robot/robp_group3/build/behavior_tree/build
creating /home/group3-robot/robp_group3/build/behavior_tree/build/lib
creating /home/group3-robot/robp_group3/build/behavior_tree/build/lib/behavior_tree
copying behavior_tree/pick_bt.py -> /home/group3-robot/robp_group3/build/behavior_tree/build/lib/behavior_tree
copying behavior_tree/main_bt.py -> /home/group3-robot/robp_group3/build/behavior_tree/build/lib/behavior_tree
copying behavior_tree/__init__.py -> /home/group3-robot/robp_group3/build/behavior_tree/build/lib/behavior_tree
running install
running install_lib
creating /home/group3-robot/robp_group3/install/behavior_tree/lib/python3.12/site-packages/behavior_tree
copying /home/group3-robot/robp_group3/build/behavior_tree/build/lib/behavior_tree/pick_bt.py -> /home/group3-robot/robp_group3/install/behavior_tree/lib/python3.12/site-packages/behavior_tree
copying /home/group3-robot/robp_group3/build/behavior_tree/build/lib/behavior_tree/main_bt.py -> /home/group3-robot/robp_group3/install/behavior_tree/lib/python3.12/site-packages/behavior_tree
copying /home/group3-robot/robp_group3/build/behavior_tree/build/lib/behavior_tree/__init__.py -> /home/group3-robot/robp_group3/install/behavior_tree/lib/python3.12/site-packages/behavior_tree
byte-compiling /home/group3-robot/robp_group3/install/behavior_tree/lib/python3.12/site-packages/behavior_tree/pick_bt.py to pick_bt.cpython-312.pyc
byte-compiling /home/group3-robot/robp_group3/install/behavior_tree/lib/python3.12/site-packages/behavior_tree/main_bt.py to main_bt.cpython-312.pyc
byte-compiling /home/group3-robot/robp_group3/install/behavior_tree/lib/python3.12/site-packages/behavior_tree/__init__.py to __init__.cpython-312.pyc
running install_data
copying resource/behavior_tree -> /home/group3-robot/robp_group3/install/behavior_tree/share/ament_index/resource_index/packages
copying package.xml -> /home/group3-robot/robp_group3/install/behavior_tree/share/behavior_tree
running install_egg_info
Copying ../../../build/behavior_tree/behavior_tree.egg-info to /home/group3-robot/robp_group3/install/behavior_tree/lib/python3.12/site-packages/behavior_tree-0.0.0-py3.12.egg-info
running install_scripts
Installing pick_bt script to /home/group3-robot/robp_group3/install/behavior_tree/lib/behavior_tree
writing list of installed files to '/home/group3-robot/robp_group3/build/behavior_tree/install.log'
