[0.615s] Invoking command in '/home/group3-robot/robp_group3/build/behavior_tree': AMENT_PREFIX_PATH=/home/group3-robot/robp_group3/install/handle_objects:${AMENT_PREFIX_PATH} DEBUGINFOD_URLS=https://debuginfod.ubuntu.com PYTHONPATH=/home/group3-robot/robp_group3/build/behavior_tree/prefix_override:/usr/lib/python3/dist-packages/colcon_core/task/python/colcon_distutils_commands:/home/group3-robot/robp_group3/install/behavior_tree/lib/python3.12/site-packages:/home/group3-robot/robp_group3/install/handle_objects/lib/python3.12/site-packages:${PYTHONPATH} /usr/bin/python3 -W ignore:setup.py install is deprecated -W ignore:easy_install command is deprecated setup.py develop --uninstall --editable --build-directory /home/group3-robot/robp_group3/build/behavior_tree/build
[0.849s] running develop
[1.001s] Removing /home/group3-robot/robp_group3/install/behavior_tree/lib/python3.12/site-packages/behavior-tree.egg-link (link to .)
[1.026s] Invoked command in '/home/group3-robot/robp_group3/build/behavior_tree' returned '0': AMENT_PREFIX_PATH=/home/group3-robot/robp_group3/install/handle_objects:${AMENT_PREFIX_PATH} DEBUGINFOD_URLS=https://debuginfod.ubuntu.com PYTHONPATH=/home/group3-robot/robp_group3/build/behavior_tree/prefix_override:/usr/lib/python3/dist-packages/colcon_core/task/python/colcon_distutils_commands:/home/group3-robot/robp_group3/install/behavior_tree/lib/python3.12/site-packages:/home/group3-robot/robp_group3/install/handle_objects/lib/python3.12/site-packages:${PYTHONPATH} /usr/bin/python3 -W ignore:setup.py install is deprecated -W ignore:easy_install command is deprecated setup.py develop --uninstall --editable --build-directory /home/group3-robot/robp_group3/build/behavior_tree/build
[1.026s] Invoking command in '/home/group3-robot/robp_group3/robp_ws/src/behavior_tree': AMENT_PREFIX_PATH=/home/group3-robot/robp_group3/install/handle_objects:${AMENT_PREFIX_PATH} DEBUGINFOD_URLS=https://debuginfod.ubuntu.com PYTHONPATH=/home/group3-robot/robp_group3/build/behavior_tree/prefix_override:/usr/lib/python3/dist-packages/colcon_core/task/python/colcon_distutils_commands:/home/group3-robot/robp_group3/install/behavior_tree/lib/python3.12/site-packages:/home/group3-robot/robp_group3/install/handle_objects/lib/python3.12/site-packages:${PYTHONPATH} /usr/bin/python3 -W ignore:setup.py install is deprecated -W ignore:easy_install command is deprecated setup.py egg_info --egg-base ../../../build/behavior_tree build --build-base /home/group3-robot/robp_group3/build/behavior_tree/build install --record /home/group3-robot/robp_group3/build/behavior_tree/install.log --single-version-externally-managed install_data --force
[1.231s] running egg_info
[1.245s] writing ../../../build/behavior_tree/behavior_tree.egg-info/PKG-INFO
[1.245s] writing dependency_links to ../../../build/behavior_tree/behavior_tree.egg-info/dependency_links.txt
[1.245s] writing entry points to ../../../build/behavior_tree/behavior_tree.egg-info/entry_points.txt
[1.245s] writing requirements to ../../../build/behavior_tree/behavior_tree.egg-info/requires.txt
[1.245s] writing top-level names to ../../../build/behavior_tree/behavior_tree.egg-info/top_level.txt
[1.274s] reading manifest file '../../../build/behavior_tree/behavior_tree.egg-info/SOURCES.txt'
[1.275s] writing manifest file '../../../build/behavior_tree/behavior_tree.egg-info/SOURCES.txt'
[1.275s] running build
[1.275s] running build_py
[1.275s] creating /home/group3-robot/robp_group3/build/behavior_tree/build
[1.275s] creating /home/group3-robot/robp_group3/build/behavior_tree/build/lib
[1.275s] creating /home/group3-robot/robp_group3/build/behavior_tree/build/lib/behavior_tree
[1.275s] copying behavior_tree/pick_bt.py -> /home/group3-robot/robp_group3/build/behavior_tree/build/lib/behavior_tree
[1.275s] copying behavior_tree/main_bt.py -> /home/group3-robot/robp_group3/build/behavior_tree/build/lib/behavior_tree
[1.276s] copying behavior_tree/__init__.py -> /home/group3-robot/robp_group3/build/behavior_tree/build/lib/behavior_tree
[1.276s] running install
[1.281s] running install_lib
[1.295s] creating /home/group3-robot/robp_group3/install/behavior_tree/lib/python3.12/site-packages/behavior_tree
[1.295s] copying /home/group3-robot/robp_group3/build/behavior_tree/build/lib/behavior_tree/pick_bt.py -> /home/group3-robot/robp_group3/install/behavior_tree/lib/python3.12/site-packages/behavior_tree
[1.295s] copying /home/group3-robot/robp_group3/build/behavior_tree/build/lib/behavior_tree/main_bt.py -> /home/group3-robot/robp_group3/install/behavior_tree/lib/python3.12/site-packages/behavior_tree
[1.295s] copying /home/group3-robot/robp_group3/build/behavior_tree/build/lib/behavior_tree/__init__.py -> /home/group3-robot/robp_group3/install/behavior_tree/lib/python3.12/site-packages/behavior_tree
[1.296s] byte-compiling /home/group3-robot/robp_group3/install/behavior_tree/lib/python3.12/site-packages/behavior_tree/pick_bt.py to pick_bt.cpython-312.pyc
[1.296s] byte-compiling /home/group3-robot/robp_group3/install/behavior_tree/lib/python3.12/site-packages/behavior_tree/main_bt.py to main_bt.cpython-312.pyc
[1.296s] byte-compiling /home/group3-robot/robp_group3/install/behavior_tree/lib/python3.12/site-packages/behavior_tree/__init__.py to __init__.cpython-312.pyc
[1.296s] running install_data
[1.296s] copying resource/behavior_tree -> /home/group3-robot/robp_group3/install/behavior_tree/share/ament_index/resource_index/packages
[1.296s] copying package.xml -> /home/group3-robot/robp_group3/install/behavior_tree/share/behavior_tree
[1.296s] running install_egg_info
[1.312s] Copying ../../../build/behavior_tree/behavior_tree.egg-info to /home/group3-robot/robp_group3/install/behavior_tree/lib/python3.12/site-packages/behavior_tree-0.0.0-py3.12.egg-info
[1.312s] running install_scripts
[1.411s] Installing pick_bt script to /home/group3-robot/robp_group3/install/behavior_tree/lib/behavior_tree
[1.411s] writing list of installed files to '/home/group3-robot/robp_group3/build/behavior_tree/install.log'
[1.433s] Invoked command in '/home/group3-robot/robp_group3/robp_ws/src/behavior_tree' returned '0': AMENT_PREFIX_PATH=/home/group3-robot/robp_group3/install/handle_objects:${AMENT_PREFIX_PATH} DEBUGINFOD_URLS=https://debuginfod.ubuntu.com PYTHONPATH=/home/group3-robot/robp_group3/build/behavior_tree/prefix_override:/usr/lib/python3/dist-packages/colcon_core/task/python/colcon_distutils_commands:/home/group3-robot/robp_group3/install/behavior_tree/lib/python3.12/site-packages:/home/group3-robot/robp_group3/install/handle_objects/lib/python3.12/site-packages:${PYTHONPATH} /usr/bin/python3 -W ignore:setup.py install is deprecated -W ignore:easy_install command is deprecated setup.py egg_info --egg-base ../../../build/behavior_tree build --build-base /home/group3-robot/robp_group3/build/behavior_tree/build install --record /home/group3-robot/robp_group3/build/behavior_tree/install.log --single-version-externally-managed install_data --force
