[  1%] Built target robp_interfaces__rosidl_generator_type_description
[  1%] Built target ament_cmake_python_symlink_robp_interfaces
[  2%] Built target robp_interfaces__cpp
[ 26%] Built target robp_interfaces__rosidl_generator_c
[ 45%] Built target robp_interfaces__rosidl_typesupport_cpp
[ 45%] Built target robp_interfaces__rosidl_typesupport_introspection_c
[ 57%] Built target robp_interfaces__rosidl_typesupport_fastrtps_cpp
[ 64%] Built target robp_interfaces__rosidl_typesupport_c
[ 73%] Built target robp_interfaces__rosidl_typesupport_fastrtps_c
[ 83%] Built target robp_interfaces__rosidl_typesupport_introspection_cpp
[ 83%] Built target robp_interfaces
[ 84%] Built target robp_interfaces__py
[ 92%] Built target robp_interfaces__rosidl_generator_py
[ 95%] Built target robp_interfaces_s__rosidl_typesupport_introspection_c
[ 97%] Built target robp_interfaces_s__rosidl_typesupport_fastrtps_c
[100%] Built target robp_interfaces_s__rosidl_typesupport_c
running egg_info
writing robp_interfaces.egg-info/PKG-INFO
writing dependency_links to robp_interfaces.egg-info/dependency_links.txt
writing top-level names to robp_interfaces.egg-info/top_level.txt
reading manifest file 'robp_interfaces.egg-info/SOURCES.txt'
writing manifest file 'robp_interfaces.egg-info/SOURCES.txt'
[100%] Built target ament_cmake_python_build_robp_interfaces_egg
-- Install configuration: ""
-- Execute custom install script
-- Up-to-date symlink: /home/group3-robot/robp_group3/install/robp_interfaces/share/ament_index/resource_index/rosidl_interfaces/robp_interfaces
-- Up-to-date symlink: /home/group3-robot/robp_group3/install/robp_interfaces/share/robp_interfaces/msg/DutyCycles.json
-- Up-to-date symlink: /home/group3-robot/robp_group3/install/robp_interfaces/share/robp_interfaces/msg/Encoders.json
-- Up-to-date symlink: /home/group3-robot/robp_group3/install/robp_interfaces/share/robp_interfaces/msg/ObjectPosition.json
-- Up-to-date symlink: /home/group3-robot/robp_group3/install/robp_interfaces/share/robp_interfaces/msg/BoxPosition.json
-- Up-to-date symlink: /home/group3-robot/robp_group3/install/robp_interfaces/share/robp_interfaces/srv/ObjectPositionSrv.json
-- Up-to-date symlink: /home/group3-robot/robp_group3/install/robp_interfaces/share/robp_interfaces/srv/BoxPositionSrv.json
-- Up-to-date symlink: /home/group3-robot/robp_group3/install/robp_interfaces/include/robp_interfaces/robp_interfaces/msg/box_position.h
-- Up-to-date symlink: /home/group3-robot/robp_group3/install/robp_interfaces/include/robp_interfaces/robp_interfaces/msg/detail/box_position__functions.h
-- Up-to-date symlink: /home/group3-robot/robp_group3/install/robp_interfaces/include/robp_interfaces/robp_interfaces/msg/detail/box_position__struct.h
-- Up-to-date symlink: /home/group3-robot/robp_group3/install/robp_interfaces/include/robp_interfaces/robp_interfaces/msg/detail/box_position__type_support.h
-- Up-to-date symlink: /home/group3-robot/robp_group3/install/robp_interfaces/include/robp_interfaces/robp_interfaces/msg/detail/duty_cycles__functions.h
-- Up-to-date symlink: /home/group3-robot/robp_group3/install/robp_interfaces/include/robp_interfaces/robp_interfaces/msg/detail/duty_cycles__struct.h
-- Up-to-date symlink: /home/group3-robot/robp_group3/install/robp_interfaces/include/robp_interfaces/robp_interfaces/msg/detail/duty_cycles__type_support.h
-- Up-to-date symlink: /home/group3-robot/robp_group3/install/robp_interfaces/include/robp_interfaces/robp_interfaces/msg/detail/encoders__functions.h
-- Up-to-date symlink: /home/group3-robot/robp_group3/install/robp_interfaces/include/robp_interfaces/robp_interfaces/msg/detail/encoders__struct.h
-- Up-to-date symlink: /home/group3-robot/robp_group3/install/robp_interfaces/include/robp_interfaces/robp_interfaces/msg/detail/encoders__type_support.h
-- Up-to-date symlink: /home/group3-robot/robp_group3/install/robp_interfaces/include/robp_interfaces/robp_interfaces/msg/detail/object_position__functions.h
-- Up-to-date symlink: /home/group3-robot/robp_group3/install/robp_interfaces/include/robp_interfaces/robp_interfaces/msg/detail/object_position__struct.h
-- Up-to-date symlink: /home/group3-robot/robp_group3/install/robp_interfaces/include/robp_interfaces/robp_interfaces/msg/detail/object_position__type_support.h
-- Up-to-date symlink: /home/group3-robot/robp_group3/install/robp_interfaces/include/robp_interfaces/robp_interfaces/msg/duty_cycles.h
-- Up-to-date symlink: /home/group3-robot/robp_group3/install/robp_interfaces/include/robp_interfaces/robp_interfaces/msg/encoders.h
-- Up-to-date symlink: /home/group3-robot/robp_group3/install/robp_interfaces/include/robp_interfaces/robp_interfaces/msg/object_position.h
-- Up-to-date symlink: /home/group3-robot/robp_group3/install/robp_interfaces/include/robp_interfaces/robp_interfaces/msg/rosidl_generator_c__visibility_control.h
-- Up-to-date symlink: /home/group3-robot/robp_group3/install/robp_interfaces/include/robp_interfaces/robp_interfaces/srv/box_position_srv.h
-- Up-to-date symlink: /home/group3-robot/robp_group3/install/robp_interfaces/include/robp_interfaces/robp_interfaces/srv/detail/box_position_srv__functions.h
-- Up-to-date symlink: /home/group3-robot/robp_group3/install/robp_interfaces/include/robp_interfaces/robp_interfaces/srv/detail/box_position_srv__struct.h
-- Up-to-date symlink: /home/group3-robot/robp_group3/install/robp_interfaces/include/robp_interfaces/robp_interfaces/srv/detail/box_position_srv__type_support.h
-- Up-to-date symlink: /home/group3-robot/robp_group3/install/robp_interfaces/include/robp_interfaces/robp_interfaces/srv/detail/object_position_srv__functions.h
-- Up-to-date symlink: /home/group3-robot/robp_group3/install/robp_interfaces/include/robp_interfaces/robp_interfaces/srv/detail/object_position_srv__struct.h
-- Up-to-date symlink: /home/group3-robot/robp_group3/install/robp_interfaces/include/robp_interfaces/robp_interfaces/srv/detail/object_position_srv__type_support.h
-- Up-to-date symlink: /home/group3-robot/robp_group3/install/robp_interfaces/include/robp_interfaces/robp_interfaces/srv/object_position_srv.h
-- Up-to-date symlink: /home/group3-robot/robp_group3/install/robp_interfaces/share/robp_interfaces/environment/library_path.sh
-- Up-to-date symlink: /home/group3-robot/robp_group3/install/robp_interfaces/share/robp_interfaces/environment/library_path.dsv
-- Up-to-date symlink: /home/group3-robot/robp_group3/install/robp_interfaces/include/robp_interfaces/robp_interfaces/msg/detail/box_position__rosidl_typesupport_fastrtps_c.h
-- Up-to-date symlink: /home/group3-robot/robp_group3/install/robp_interfaces/include/robp_interfaces/robp_interfaces/msg/detail/duty_cycles__rosidl_typesupport_fastrtps_c.h
-- Up-to-date symlink: /home/group3-robot/robp_group3/install/robp_interfaces/include/robp_interfaces/robp_interfaces/msg/detail/encoders__rosidl_typesupport_fastrtps_c.h
-- Up-to-date symlink: /home/group3-robot/robp_group3/install/robp_interfaces/include/robp_interfaces/robp_interfaces/msg/detail/object_position__rosidl_typesupport_fastrtps_c.h
-- Up-to-date symlink: /home/group3-robot/robp_group3/install/robp_interfaces/include/robp_interfaces/robp_interfaces/msg/rosidl_typesupport_fastrtps_c__visibility_control.h
-- Up-to-date symlink: /home/group3-robot/robp_group3/install/robp_interfaces/include/robp_interfaces/robp_interfaces/srv/detail/box_position_srv__rosidl_typesupport_fastrtps_c.h
-- Up-to-date symlink: /home/group3-robot/robp_group3/install/robp_interfaces/include/robp_interfaces/robp_interfaces/srv/detail/object_position_srv__rosidl_typesupport_fastrtps_c.h
-- Up-to-date symlink: /home/group3-robot/robp_group3/install/robp_interfaces/include/robp_interfaces/robp_interfaces/msg/detail/box_position__rosidl_typesupport_introspection_c.h
-- Up-to-date symlink: /home/group3-robot/robp_group3/install/robp_interfaces/include/robp_interfaces/robp_interfaces/msg/detail/duty_cycles__rosidl_typesupport_introspection_c.h
-- Up-to-date symlink: /home/group3-robot/robp_group3/install/robp_interfaces/include/robp_interfaces/robp_interfaces/msg/detail/encoders__rosidl_typesupport_introspection_c.h
-- Up-to-date symlink: /home/group3-robot/robp_group3/install/robp_interfaces/include/robp_interfaces/robp_interfaces/msg/detail/object_position__rosidl_typesupport_introspection_c.h
-- Up-to-date symlink: /home/group3-robot/robp_group3/install/robp_interfaces/include/robp_interfaces/robp_interfaces/msg/rosidl_typesupport_introspection_c__visibility_control.h
-- Up-to-date symlink: /home/group3-robot/robp_group3/install/robp_interfaces/include/robp_interfaces/robp_interfaces/srv/detail/box_position_srv__rosidl_typesupport_introspection_c.h
-- Up-to-date symlink: /home/group3-robot/robp_group3/install/robp_interfaces/include/robp_interfaces/robp_interfaces/srv/detail/object_position_srv__rosidl_typesupport_introspection_c.h
-- Up-to-date symlink: /home/group3-robot/robp_group3/install/robp_interfaces/include/robp_interfaces/robp_interfaces/msg/box_position.hpp
-- Up-to-date symlink: /home/group3-robot/robp_group3/install/robp_interfaces/include/robp_interfaces/robp_interfaces/msg/detail/box_position__builder.hpp
-- Up-to-date symlink: /home/group3-robot/robp_group3/install/robp_interfaces/include/robp_interfaces/robp_interfaces/msg/detail/box_position__struct.hpp
-- Up-to-date symlink: /home/group3-robot/robp_group3/install/robp_interfaces/include/robp_interfaces/robp_interfaces/msg/detail/box_position__traits.hpp
-- Up-to-date symlink: /home/group3-robot/robp_group3/install/robp_interfaces/include/robp_interfaces/robp_interfaces/msg/detail/box_position__type_support.hpp
-- Up-to-date symlink: /home/group3-robot/robp_group3/install/robp_interfaces/include/robp_interfaces/robp_interfaces/msg/detail/duty_cycles__builder.hpp
-- Up-to-date symlink: /home/group3-robot/robp_group3/install/robp_interfaces/include/robp_interfaces/robp_interfaces/msg/detail/duty_cycles__struct.hpp
-- Up-to-date symlink: /home/group3-robot/robp_group3/install/robp_interfaces/include/robp_interfaces/robp_interfaces/msg/detail/duty_cycles__traits.hpp
-- Up-to-date symlink: /home/group3-robot/robp_group3/install/robp_interfaces/include/robp_interfaces/robp_interfaces/msg/detail/duty_cycles__type_support.hpp
-- Up-to-date symlink: /home/group3-robot/robp_group3/install/robp_interfaces/include/robp_interfaces/robp_interfaces/msg/detail/encoders__builder.hpp
-- Up-to-date symlink: /home/group3-robot/robp_group3/install/robp_interfaces/include/robp_interfaces/robp_interfaces/msg/detail/encoders__struct.hpp
-- Up-to-date symlink: /home/group3-robot/robp_group3/install/robp_interfaces/include/robp_interfaces/robp_interfaces/msg/detail/encoders__traits.hpp
-- Up-to-date symlink: /home/group3-robot/robp_group3/install/robp_interfaces/include/robp_interfaces/robp_interfaces/msg/detail/encoders__type_support.hpp
-- Up-to-date symlink: /home/group3-robot/robp_group3/install/robp_interfaces/include/robp_interfaces/robp_interfaces/msg/detail/object_position__builder.hpp
-- Up-to-date symlink: /home/group3-robot/robp_group3/install/robp_interfaces/include/robp_interfaces/robp_interfaces/msg/detail/object_position__struct.hpp
-- Up-to-date symlink: /home/group3-robot/robp_group3/install/robp_interfaces/include/robp_interfaces/robp_interfaces/msg/detail/object_position__traits.hpp
-- Up-to-date symlink: /home/group3-robot/robp_group3/install/robp_interfaces/include/robp_interfaces/robp_interfaces/msg/detail/object_position__type_support.hpp
-- Up-to-date symlink: /home/group3-robot/robp_group3/install/robp_interfaces/include/robp_interfaces/robp_interfaces/msg/duty_cycles.hpp
-- Up-to-date symlink: /home/group3-robot/robp_group3/install/robp_interfaces/include/robp_interfaces/robp_interfaces/msg/encoders.hpp
-- Up-to-date symlink: /home/group3-robot/robp_group3/install/robp_interfaces/include/robp_interfaces/robp_interfaces/msg/object_position.hpp
-- Up-to-date symlink: /home/group3-robot/robp_group3/install/robp_interfaces/include/robp_interfaces/robp_interfaces/msg/rosidl_generator_cpp__visibility_control.hpp
-- Up-to-date symlink: /home/group3-robot/robp_group3/install/robp_interfaces/include/robp_interfaces/robp_interfaces/srv/box_position_srv.hpp
-- Up-to-date symlink: /home/group3-robot/robp_group3/install/robp_interfaces/include/robp_interfaces/robp_interfaces/srv/detail/box_position_srv__builder.hpp
-- Up-to-date symlink: /home/group3-robot/robp_group3/install/robp_interfaces/include/robp_interfaces/robp_interfaces/srv/detail/box_position_srv__struct.hpp
-- Up-to-date symlink: /home/group3-robot/robp_group3/install/robp_interfaces/include/robp_interfaces/robp_interfaces/srv/detail/box_position_srv__traits.hpp
-- Up-to-date symlink: /home/group3-robot/robp_group3/install/robp_interfaces/include/robp_interfaces/robp_interfaces/srv/detail/box_position_srv__type_support.hpp
-- Up-to-date symlink: /home/group3-robot/robp_group3/install/robp_interfaces/include/robp_interfaces/robp_interfaces/srv/detail/object_position_srv__builder.hpp
-- Up-to-date symlink: /home/group3-robot/robp_group3/install/robp_interfaces/include/robp_interfaces/robp_interfaces/srv/detail/object_position_srv__struct.hpp
-- Up-to-date symlink: /home/group3-robot/robp_group3/install/robp_interfaces/include/robp_interfaces/robp_interfaces/srv/detail/object_position_srv__traits.hpp
-- Up-to-date symlink: /home/group3-robot/robp_group3/install/robp_interfaces/include/robp_interfaces/robp_interfaces/srv/detail/object_position_srv__type_support.hpp
-- Up-to-date symlink: /home/group3-robot/robp_group3/install/robp_interfaces/include/robp_interfaces/robp_interfaces/srv/object_position_srv.hpp
-- Up-to-date symlink: /home/group3-robot/robp_group3/install/robp_interfaces/include/robp_interfaces/robp_interfaces/msg/detail/box_position__rosidl_typesupport_fastrtps_cpp.hpp
-- Up-to-date symlink: /home/group3-robot/robp_group3/install/robp_interfaces/include/robp_interfaces/robp_interfaces/msg/detail/duty_cycles__rosidl_typesupport_fastrtps_cpp.hpp
-- Up-to-date symlink: /home/group3-robot/robp_group3/install/robp_interfaces/include/robp_interfaces/robp_interfaces/msg/detail/encoders__rosidl_typesupport_fastrtps_cpp.hpp
-- Up-to-date symlink: /home/group3-robot/robp_group3/install/robp_interfaces/include/robp_interfaces/robp_interfaces/msg/detail/object_position__rosidl_typesupport_fastrtps_cpp.hpp
-- Up-to-date symlink: /home/group3-robot/robp_group3/install/robp_interfaces/include/robp_interfaces/robp_interfaces/msg/rosidl_typesupport_fastrtps_cpp__visibility_control.h
-- Up-to-date symlink: /home/group3-robot/robp_group3/install/robp_interfaces/include/robp_interfaces/robp_interfaces/srv/detail/box_position_srv__rosidl_typesupport_fastrtps_cpp.hpp
-- Up-to-date symlink: /home/group3-robot/robp_group3/install/robp_interfaces/include/robp_interfaces/robp_interfaces/srv/detail/object_position_srv__rosidl_typesupport_fastrtps_cpp.hpp
-- Up-to-date symlink: /home/group3-robot/robp_group3/install/robp_interfaces/include/robp_interfaces/robp_interfaces/msg/detail/box_position__rosidl_typesupport_introspection_cpp.hpp
-- Up-to-date symlink: /home/group3-robot/robp_group3/install/robp_interfaces/include/robp_interfaces/robp_interfaces/msg/detail/duty_cycles__rosidl_typesupport_introspection_cpp.hpp
-- Up-to-date symlink: /home/group3-robot/robp_group3/install/robp_interfaces/include/robp_interfaces/robp_interfaces/msg/detail/encoders__rosidl_typesupport_introspection_cpp.hpp
-- Up-to-date symlink: /home/group3-robot/robp_group3/install/robp_interfaces/include/robp_interfaces/robp_interfaces/msg/detail/object_position__rosidl_typesupport_introspection_cpp.hpp
-- Up-to-date symlink: /home/group3-robot/robp_group3/install/robp_interfaces/include/robp_interfaces/robp_interfaces/srv/detail/box_position_srv__rosidl_typesupport_introspection_cpp.hpp
-- Up-to-date symlink: /home/group3-robot/robp_group3/install/robp_interfaces/include/robp_interfaces/robp_interfaces/srv/detail/object_position_srv__rosidl_typesupport_introspection_cpp.hpp
-- Up-to-date symlink: /home/group3-robot/robp_group3/install/robp_interfaces/share/robp_interfaces/environment/pythonpath.sh
-- Up-to-date symlink: /home/group3-robot/robp_group3/install/robp_interfaces/share/robp_interfaces/environment/pythonpath.dsv
-- Up-to-date symlink: /home/group3-robot/robp_group3/install/robp_interfaces/lib/python3.12/site-packages/robp_interfaces-1.0.0-py3.12.egg-info/PKG-INFO
-- Up-to-date symlink: /home/group3-robot/robp_group3/install/robp_interfaces/lib/python3.12/site-packages/robp_interfaces-1.0.0-py3.12.egg-info/SOURCES.txt
-- Up-to-date symlink: /home/group3-robot/robp_group3/install/robp_interfaces/lib/python3.12/site-packages/robp_interfaces-1.0.0-py3.12.egg-info/dependency_links.txt
-- Up-to-date symlink: /home/group3-robot/robp_group3/install/robp_interfaces/lib/python3.12/site-packages/robp_interfaces-1.0.0-py3.12.egg-info/top_level.txt
-- Up-to-date symlink: /home/group3-robot/robp_group3/install/robp_interfaces/lib/python3.12/site-packages/robp_interfaces/__init__.py
-- Up-to-date symlink: /home/group3-robot/robp_group3/install/robp_interfaces/lib/python3.12/site-packages/robp_interfaces/_robp_interfaces_s.ep.rosidl_typesupport_c.c
-- Up-to-date symlink: /home/group3-robot/robp_group3/install/robp_interfaces/lib/python3.12/site-packages/robp_interfaces/_robp_interfaces_s.ep.rosidl_typesupport_fastrtps_c.c
-- Up-to-date symlink: /home/group3-robot/robp_group3/install/robp_interfaces/lib/python3.12/site-packages/robp_interfaces/_robp_interfaces_s.ep.rosidl_typesupport_introspection_c.c
-- Up-to-date symlink: /home/group3-robot/robp_group3/install/robp_interfaces/lib/python3.12/site-packages/robp_interfaces/msg/__init__.py
-- Up-to-date symlink: /home/group3-robot/robp_group3/install/robp_interfaces/lib/python3.12/site-packages/robp_interfaces/msg/_box_position.py
-- Up-to-date symlink: /home/group3-robot/robp_group3/install/robp_interfaces/lib/python3.12/site-packages/robp_interfaces/msg/_box_position_s.c
-- Up-to-date symlink: /home/group3-robot/robp_group3/install/robp_interfaces/lib/python3.12/site-packages/robp_interfaces/msg/_duty_cycles.py
-- Up-to-date symlink: /home/group3-robot/robp_group3/install/robp_interfaces/lib/python3.12/site-packages/robp_interfaces/msg/_duty_cycles_s.c
-- Up-to-date symlink: /home/group3-robot/robp_group3/install/robp_interfaces/lib/python3.12/site-packages/robp_interfaces/msg/_encoders.py
-- Up-to-date symlink: /home/group3-robot/robp_group3/install/robp_interfaces/lib/python3.12/site-packages/robp_interfaces/msg/_encoders_s.c
-- Up-to-date symlink: /home/group3-robot/robp_group3/install/robp_interfaces/lib/python3.12/site-packages/robp_interfaces/msg/_object_position.py
-- Up-to-date symlink: /home/group3-robot/robp_group3/install/robp_interfaces/lib/python3.12/site-packages/robp_interfaces/msg/_object_position_s.c
-- Up-to-date symlink: /home/group3-robot/robp_group3/install/robp_interfaces/lib/python3.12/site-packages/robp_interfaces/robp_interfaces_s__rosidl_typesupport_c.so
-- Up-to-date symlink: /home/group3-robot/robp_group3/install/robp_interfaces/lib/python3.12/site-packages/robp_interfaces/robp_interfaces_s__rosidl_typesupport_fastrtps_c.so
-- Up-to-date symlink: /home/group3-robot/robp_group3/install/robp_interfaces/lib/python3.12/site-packages/robp_interfaces/robp_interfaces_s__rosidl_typesupport_introspection_c.so
-- Up-to-date symlink: /home/group3-robot/robp_group3/install/robp_interfaces/lib/python3.12/site-packages/robp_interfaces/srv/__init__.py
-- Up-to-date symlink: /home/group3-robot/robp_group3/install/robp_interfaces/lib/python3.12/site-packages/robp_interfaces/srv/_box_position_srv.py
-- Up-to-date symlink: /home/group3-robot/robp_group3/install/robp_interfaces/lib/python3.12/site-packages/robp_interfaces/srv/_box_position_srv_s.c
-- Up-to-date symlink: /home/group3-robot/robp_group3/install/robp_interfaces/lib/python3.12/site-packages/robp_interfaces/srv/_object_position_srv.py
-- Up-to-date symlink: /home/group3-robot/robp_group3/install/robp_interfaces/lib/python3.12/site-packages/robp_interfaces/srv/_object_position_srv_s.c
-- Up-to-date symlink: /home/group3-robot/robp_group3/install/robp_interfaces/lib/python3.12/site-packages/robp_interfaces/robp_interfaces_s__rosidl_typesupport_fastrtps_c.so
-- Up-to-date symlink: /home/group3-robot/robp_group3/install/robp_interfaces/lib/python3.12/site-packages/robp_interfaces/robp_interfaces_s__rosidl_typesupport_introspection_c.so
-- Up-to-date symlink: /home/group3-robot/robp_group3/install/robp_interfaces/lib/python3.12/site-packages/robp_interfaces/robp_interfaces_s__rosidl_typesupport_c.so
-- Up-to-date symlink: /home/group3-robot/robp_group3/install/robp_interfaces/share/robp_interfaces/msg/DutyCycles.idl
-- Up-to-date symlink: /home/group3-robot/robp_group3/install/robp_interfaces/share/robp_interfaces/msg/Encoders.idl
-- Up-to-date symlink: /home/group3-robot/robp_group3/install/robp_interfaces/share/robp_interfaces/msg/ObjectPosition.idl
-- Up-to-date symlink: /home/group3-robot/robp_group3/install/robp_interfaces/share/robp_interfaces/msg/BoxPosition.idl
-- Up-to-date symlink: /home/group3-robot/robp_group3/install/robp_interfaces/share/robp_interfaces/srv/ObjectPositionSrv.idl
-- Up-to-date symlink: /home/group3-robot/robp_group3/install/robp_interfaces/share/robp_interfaces/srv/BoxPositionSrv.idl
-- Up-to-date symlink: /home/group3-robot/robp_group3/install/robp_interfaces/share/robp_interfaces/msg/DutyCycles.msg
-- Up-to-date symlink: /home/group3-robot/robp_group3/install/robp_interfaces/share/robp_interfaces/msg/Encoders.msg
-- Up-to-date symlink: /home/group3-robot/robp_group3/install/robp_interfaces/share/robp_interfaces/msg/ObjectPosition.msg
-- Up-to-date symlink: /home/group3-robot/robp_group3/install/robp_interfaces/share/robp_interfaces/msg/BoxPosition.msg
-- Up-to-date symlink: /home/group3-robot/robp_group3/install/robp_interfaces/share/robp_interfaces/srv/ObjectPositionSrv.srv
-- Up-to-date symlink: /home/group3-robot/robp_group3/install/robp_interfaces/share/robp_interfaces/srv/BoxPositionSrv.srv
-- Up-to-date symlink: /home/group3-robot/robp_group3/install/robp_interfaces/share/ament_index/resource_index/package_run_dependencies/robp_interfaces
-- Up-to-date symlink: /home/group3-robot/robp_group3/install/robp_interfaces/share/ament_index/resource_index/parent_prefix_path/robp_interfaces
-- Up-to-date symlink: /home/group3-robot/robp_group3/install/robp_interfaces/share/robp_interfaces/environment/ament_prefix_path.sh
-- Up-to-date symlink: /home/group3-robot/robp_group3/install/robp_interfaces/share/robp_interfaces/environment/ament_prefix_path.dsv
-- Up-to-date symlink: /home/group3-robot/robp_group3/install/robp_interfaces/share/robp_interfaces/environment/path.sh
-- Up-to-date symlink: /home/group3-robot/robp_group3/install/robp_interfaces/share/robp_interfaces/environment/path.dsv
-- Up-to-date symlink: /home/group3-robot/robp_group3/install/robp_interfaces/share/robp_interfaces/local_setup.bash
-- Up-to-date symlink: /home/group3-robot/robp_group3/install/robp_interfaces/share/robp_interfaces/local_setup.sh
-- Up-to-date symlink: /home/group3-robot/robp_group3/install/robp_interfaces/share/robp_interfaces/local_setup.zsh
-- Up-to-date symlink: /home/group3-robot/robp_group3/install/robp_interfaces/share/robp_interfaces/local_setup.dsv
-- Symlinking: /home/group3-robot/robp_group3/install/robp_interfaces/share/robp_interfaces/package.dsv
-- Up-to-date symlink: /home/group3-robot/robp_group3/install/robp_interfaces/share/ament_index/resource_index/packages/robp_interfaces
-- Up-to-date symlink: /home/group3-robot/robp_group3/install/robp_interfaces/share/robp_interfaces/cmake/rosidl_cmake-extras.cmake
-- Up-to-date symlink: /home/group3-robot/robp_group3/install/robp_interfaces/share/robp_interfaces/cmake/ament_cmake_export_dependencies-extras.cmake
-- Up-to-date symlink: /home/group3-robot/robp_group3/install/robp_interfaces/share/robp_interfaces/cmake/ament_cmake_export_include_directories-extras.cmake
-- Up-to-date symlink: /home/group3-robot/robp_group3/install/robp_interfaces/share/robp_interfaces/cmake/ament_cmake_export_libraries-extras.cmake
-- Up-to-date symlink: /home/group3-robot/robp_group3/install/robp_interfaces/share/robp_interfaces/cmake/ament_cmake_export_targets-extras.cmake
-- Up-to-date symlink: /home/group3-robot/robp_group3/install/robp_interfaces/share/robp_interfaces/cmake/rosidl_cmake_export_typesupport_targets-extras.cmake
-- Up-to-date symlink: /home/group3-robot/robp_group3/install/robp_interfaces/share/robp_interfaces/cmake/rosidl_cmake_export_typesupport_libraries-extras.cmake
-- Up-to-date symlink: /home/group3-robot/robp_group3/install/robp_interfaces/share/robp_interfaces/cmake/robp_interfacesConfig.cmake
-- Up-to-date symlink: /home/group3-robot/robp_group3/install/robp_interfaces/share/robp_interfaces/cmake/robp_interfacesConfig-version.cmake
-- Up-to-date symlink: /home/group3-robot/robp_group3/install/robp_interfaces/share/robp_interfaces/package.xml
-- Up-to-date: /home/group3-robot/robp_group3/install/robp_interfaces/lib/librobp_interfaces__rosidl_generator_c.so
-- Up-to-date: /home/group3-robot/robp_group3/install/robp_interfaces/lib/librobp_interfaces__rosidl_typesupport_fastrtps_c.so
-- Up-to-date: /home/group3-robot/robp_group3/install/robp_interfaces/lib/librobp_interfaces__rosidl_typesupport_introspection_c.so
-- Up-to-date: /home/group3-robot/robp_group3/install/robp_interfaces/lib/librobp_interfaces__rosidl_typesupport_c.so
-- Up-to-date: /home/group3-robot/robp_group3/install/robp_interfaces/lib/librobp_interfaces__rosidl_typesupport_fastrtps_cpp.so
-- Up-to-date: /home/group3-robot/robp_group3/install/robp_interfaces/lib/librobp_interfaces__rosidl_typesupport_introspection_cpp.so
-- Up-to-date: /home/group3-robot/robp_group3/install/robp_interfaces/lib/librobp_interfaces__rosidl_typesupport_cpp.so
Listing '/home/group3-robot/robp_group3/install/robp_interfaces/lib/python3.12/site-packages/robp_interfaces'...
Listing '/home/group3-robot/robp_group3/install/robp_interfaces/lib/python3.12/site-packages/robp_interfaces/msg'...
Listing '/home/group3-robot/robp_group3/install/robp_interfaces/lib/python3.12/site-packages/robp_interfaces/srv'...
-- Up-to-date: /home/group3-robot/robp_group3/install/robp_interfaces/lib/librobp_interfaces__rosidl_generator_py.so
-- Up-to-date: /home/group3-robot/robp_group3/install/robp_interfaces/share/robp_interfaces/cmake/export_robp_interfaces__rosidl_generator_cExport.cmake
-- Up-to-date: /home/group3-robot/robp_group3/install/robp_interfaces/share/robp_interfaces/cmake/export_robp_interfaces__rosidl_generator_cExport-noconfig.cmake
-- Up-to-date: /home/group3-robot/robp_group3/install/robp_interfaces/share/robp_interfaces/cmake/export_robp_interfaces__rosidl_typesupport_fastrtps_cExport.cmake
-- Up-to-date: /home/group3-robot/robp_group3/install/robp_interfaces/share/robp_interfaces/cmake/export_robp_interfaces__rosidl_typesupport_fastrtps_cExport-noconfig.cmake
-- Up-to-date: /home/group3-robot/robp_group3/install/robp_interfaces/share/robp_interfaces/cmake/robp_interfaces__rosidl_typesupport_introspection_cExport.cmake
-- Up-to-date: /home/group3-robot/robp_group3/install/robp_interfaces/share/robp_interfaces/cmake/robp_interfaces__rosidl_typesupport_introspection_cExport-noconfig.cmake
-- Up-to-date: /home/group3-robot/robp_group3/install/robp_interfaces/share/robp_interfaces/cmake/robp_interfaces__rosidl_typesupport_cExport.cmake
-- Up-to-date: /home/group3-robot/robp_group3/install/robp_interfaces/share/robp_interfaces/cmake/robp_interfaces__rosidl_typesupport_cExport-noconfig.cmake
-- Up-to-date: /home/group3-robot/robp_group3/install/robp_interfaces/share/robp_interfaces/cmake/export_robp_interfaces__rosidl_generator_cppExport.cmake
-- Up-to-date: /home/group3-robot/robp_group3/install/robp_interfaces/share/robp_interfaces/cmake/export_robp_interfaces__rosidl_typesupport_fastrtps_cppExport.cmake
-- Up-to-date: /home/group3-robot/robp_group3/install/robp_interfaces/share/robp_interfaces/cmake/export_robp_interfaces__rosidl_typesupport_fastrtps_cppExport-noconfig.cmake
-- Up-to-date: /home/group3-robot/robp_group3/install/robp_interfaces/share/robp_interfaces/cmake/robp_interfaces__rosidl_typesupport_introspection_cppExport.cmake
-- Up-to-date: /home/group3-robot/robp_group3/install/robp_interfaces/share/robp_interfaces/cmake/robp_interfaces__rosidl_typesupport_introspection_cppExport-noconfig.cmake
-- Up-to-date: /home/group3-robot/robp_group3/install/robp_interfaces/share/robp_interfaces/cmake/robp_interfaces__rosidl_typesupport_cppExport.cmake
-- Up-to-date: /home/group3-robot/robp_group3/install/robp_interfaces/share/robp_interfaces/cmake/robp_interfaces__rosidl_typesupport_cppExport-noconfig.cmake
-- Up-to-date: /home/group3-robot/robp_group3/install/robp_interfaces/share/robp_interfaces/cmake/export_robp_interfaces__rosidl_generator_pyExport.cmake
-- Up-to-date: /home/group3-robot/robp_group3/install/robp_interfaces/share/robp_interfaces/cmake/export_robp_interfaces__rosidl_generator_pyExport-noconfig.cmake
