[1.927s] Invoking command in '/home/group3-robot/robp_group3/build/detection': DEBUGINFOD_URLS=https://debuginfod.ubuntu.com PYTHONPATH=/home/group3-robot/robp_group3/build/detection/prefix_override:/usr/lib/python3/dist-packages/colcon_core/task/python/colcon_distutils_commands:/home/group3-robot/robp_group3/install/detection/lib/python3.12/site-packages:${PYTHONPATH} /usr/bin/python3 -W ignore:setup.py install is deprecated -W ignore:easy_install command is deprecated setup.py develop --editable --build-directory /home/group3-robot/robp_group3/build/detection/build --no-deps symlink_data
[2.519s] running develop
[2.899s] running egg_info
[2.899s] creating detection.egg-info
[2.928s] writing detection.egg-info/PKG-INFO
[2.929s] writing dependency_links to detection.egg-info/dependency_links.txt
[2.929s] writing entry points to detection.egg-info/entry_points.txt
[2.931s] writing requirements to detection.egg-info/requires.txt
[2.931s] writing top-level names to detection.egg-info/top_level.txt
[2.931s] writing manifest file 'detection.egg-info/SOURCES.txt'
[3.023s] reading manifest file 'detection.egg-info/SOURCES.txt'
[3.023s] writing manifest file 'detection.egg-info/SOURCES.txt'
[3.093s] running build_ext
[3.093s] Creating /home/group3-robot/robp_group3/install/detection/lib/python3.12/site-packages/detection.egg-link (link to .)
[3.098s] Installing detection script to /home/group3-robot/robp_group3/install/detection/lib/detection
[3.098s] 
[3.099s] Installed /home/group3-robot/robp_group3/build/detection
[3.099s] running symlink_data
[3.099s] creating /home/group3-robot/robp_group3/install/detection/share/ament_index
[3.099s] creating /home/group3-robot/robp_group3/install/detection/share/ament_index/resource_index
[3.099s] creating /home/group3-robot/robp_group3/install/detection/share/ament_index/resource_index/packages
[3.099s] symbolically linking /home/group3-robot/robp_group3/build/detection/resource/detection -> /home/group3-robot/robp_group3/install/detection/share/ament_index/resource_index/packages
[3.099s] symbolically linking /home/group3-robot/robp_group3/build/detection/package.xml -> /home/group3-robot/robp_group3/install/detection/share/detection
[3.347s] Invoked command in '/home/group3-robot/robp_group3/build/detection' returned '0': DEBUGINFOD_URLS=https://debuginfod.ubuntu.com PYTHONPATH=/home/group3-robot/robp_group3/build/detection/prefix_override:/usr/lib/python3/dist-packages/colcon_core/task/python/colcon_distutils_commands:/home/group3-robot/robp_group3/install/detection/lib/python3.12/site-packages:${PYTHONPATH} /usr/bin/python3 -W ignore:setup.py install is deprecated -W ignore:easy_install command is deprecated setup.py develop --editable --build-directory /home/group3-robot/robp_group3/build/detection/build --no-deps symlink_data
