[2.093s] Invoking command in '/home/group3-robot/robp_group3/build/arm_servos_pubs_subs': DEBUGINFOD_URLS=https://debuginfod.ubuntu.com PYTHONPATH=/home/group3-robot/robp_group3/build/arm_servos_pubs_subs/prefix_override:/usr/lib/python3/dist-packages/colcon_core/task/python/colcon_distutils_commands:/home/group3-robot/robp_group3/install/arm_servos_pubs_subs/lib/python3.12/site-packages:${PYTHONPATH} /usr/bin/python3 -W ignore:setup.py install is deprecated -W ignore:easy_install command is deprecated setup.py develop --editable --build-directory /home/group3-robot/robp_group3/build/arm_servos_pubs_subs/build --no-deps symlink_data --force
[2.548s] running develop
[2.903s] running egg_info
[2.941s] writing arm_servos_pubs_subs.egg-info/PKG-INFO
[2.941s] writing dependency_links to arm_servos_pubs_subs.egg-info/dependency_links.txt
[2.942s] writing entry points to arm_servos_pubs_subs.egg-info/entry_points.txt
[2.943s] writing requirements to arm_servos_pubs_subs.egg-info/requires.txt
[2.944s] writing top-level names to arm_servos_pubs_subs.egg-info/top_level.txt
[2.999s] reading manifest file 'arm_servos_pubs_subs.egg-info/SOURCES.txt'
[3.001s] writing manifest file 'arm_servos_pubs_subs.egg-info/SOURCES.txt'
[3.031s] running build_ext
[3.032s] Creating /home/group3-robot/robp_group3/install/arm_servos_pubs_subs/lib/python3.12/site-packages/arm-servos-pubs-subs.egg-link (link to .)
[3.033s] Installing listener script to /home/group3-robot/robp_group3/install/arm_servos_pubs_subs/lib/arm_servos_pubs_subs
[3.034s] Installing talker script to /home/group3-robot/robp_group3/install/arm_servos_pubs_subs/lib/arm_servos_pubs_subs
[3.035s] 
[3.036s] Installed /home/group3-robot/robp_group3/build/arm_servos_pubs_subs
[3.036s] running symlink_data
[3.037s] symbolically linking /home/group3-robot/robp_group3/build/arm_servos_pubs_subs/resource/arm_servos_pubs_subs -> /home/group3-robot/robp_group3/install/arm_servos_pubs_subs/share/ament_index/resource_index/packages
[3.039s] symbolically linking /home/group3-robot/robp_group3/build/arm_servos_pubs_subs/package.xml -> /home/group3-robot/robp_group3/install/arm_servos_pubs_subs/share/arm_servos_pubs_subs
[3.118s] Invoked command in '/home/group3-robot/robp_group3/build/arm_servos_pubs_subs' returned '0': DEBUGINFOD_URLS=https://debuginfod.ubuntu.com PYTHONPATH=/home/group3-robot/robp_group3/build/arm_servos_pubs_subs/prefix_override:/usr/lib/python3/dist-packages/colcon_core/task/python/colcon_distutils_commands:/home/group3-robot/robp_group3/install/arm_servos_pubs_subs/lib/python3.12/site-packages:${PYTHONPATH} /usr/bin/python3 -W ignore:setup.py install is deprecated -W ignore:easy_install command is deprecated setup.py develop --editable --build-directory /home/group3-robot/robp_group3/build/arm_servos_pubs_subs/build --no-deps symlink_data --force
