[2.083s] Invoking command in '/home/group3-robot/robp_group3/build/detection': DEBUGINFOD_URLS=https://debuginfod.ubuntu.com PYTHONPATH=/home/group3-robot/robp_group3/build/detection/prefix_override:/usr/lib/python3/dist-packages/colcon_core/task/python/colcon_distutils_commands:/home/group3-robot/robp_group3/install/detection/lib/python3.12/site-packages:${PYTHONPATH} /usr/bin/python3 -W ignore:setup.py install is deprecated -W ignore:easy_install command is deprecated setup.py develop --editable --build-directory /home/group3-robot/robp_group3/build/detection/build --no-deps symlink_data
[2.752s] running develop
[3.087s] running egg_info
[3.087s] creating detection.egg-info
[3.170s] writing detection.egg-info/PKG-INFO
[3.170s] writing dependency_links to detection.egg-info/dependency_links.txt
[3.170s] writing entry points to detection.egg-info/entry_points.txt
[3.170s] writing requirements to detection.egg-info/requires.txt
[3.171s] writing top-level names to detection.egg-info/top_level.txt
[3.171s] writing manifest file 'detection.egg-info/SOURCES.txt'
[3.240s] reading manifest file 'detection.egg-info/SOURCES.txt'
[3.240s] writing manifest file 'detection.egg-info/SOURCES.txt'
[3.275s] running build_ext
[3.276s] Creating /home/group3-robot/robp_group3/install/detection/lib/python3.12/site-packages/detection.egg-link (link to .)
[3.276s] Installing detection script to /home/group3-robot/robp_group3/install/detection/lib/detection
[3.276s] 
[3.276s] Installed /home/group3-robot/robp_group3/build/detection
[3.276s] running symlink_data
[3.276s] creating /home/group3-robot/robp_group3/install/detection/share/ament_index
[3.276s] creating /home/group3-robot/robp_group3/install/detection/share/ament_index/resource_index
[3.276s] creating /home/group3-robot/robp_group3/install/detection/share/ament_index/resource_index/packages
[3.276s] symbolically linking /home/group3-robot/robp_group3/build/detection/resource/detection -> /home/group3-robot/robp_group3/install/detection/share/ament_index/resource_index/packages
[3.276s] symbolically linking /home/group3-robot/robp_group3/build/detection/package.xml -> /home/group3-robot/robp_group3/install/detection/share/detection
[3.424s] Invoked command in '/home/group3-robot/robp_group3/build/detection' returned '0': DEBUGINFOD_URLS=https://debuginfod.ubuntu.com PYTHONPATH=/home/group3-robot/robp_group3/build/detection/prefix_override:/usr/lib/python3/dist-packages/colcon_core/task/python/colcon_distutils_commands:/home/group3-robot/robp_group3/install/detection/lib/python3.12/site-packages:${PYTHONPATH} /usr/bin/python3 -W ignore:setup.py install is deprecated -W ignore:easy_install command is deprecated setup.py develop --editable --build-directory /home/group3-robot/robp_group3/build/detection/build --no-deps symlink_data
