[0.027s] Invoking command in '/home/group3-robot/robp_group3/build/robp_interfaces': CMAKE_PREFIX_PATH=${CMAKE_PREFIX_PATH}:/opt/ros/jazzy DEBUGINFOD_URLS=https://debuginfod.ubuntu.com /usr/bin/cmake /home/group3-robot/robp_group3/robp_ws/src/robp_robot/robp_interfaces -DAMENT_CMAKE_SYMLINK_INSTALL=1 -DCMAKE_INSTALL_PREFIX=/home/group3-robot/robp_group3/install/robp_interfaces
[0.769s] -- The C compiler identification is GNU 13.3.0
[0.769s] -- The CXX compiler identification is GNU 13.3.0
[0.769s] -- Detecting C compiler ABI info
[0.769s] -- Detecting C compiler ABI info - done
[0.769s] -- Check for working C compiler: /usr/bin/cc - skipped
[0.770s] -- Detecting C compile features
[0.770s] -- Detecting C compile features - done
[0.770s] -- Detecting CXX compiler ABI info
[0.770s] -- Detecting CXX compiler ABI info - done
[0.770s] -- Check for working CXX compiler: /usr/bin/c++ - skipped
[0.770s] -- Detecting CXX compile features
[0.770s] -- Detecting CXX compile features - done
[0.770s] -- Found ament_cmake: 2.5.3 (/opt/ros/jazzy/share/ament_cmake/cmake)
[0.770s] -- Found Python3: /usr/bin/python3 (found version "3.12.3") found components: Interpreter 
[0.770s] -- Override CMake install command with custom implementation using symlinks instead of copying resources
[0.771s] -- Found rosidl_default_generators: 1.6.0 (/opt/ros/jazzy/share/rosidl_default_generators/cmake)
[0.771s] -- Using all available rosidl_typesupport_c: rosidl_typesupport_fastrtps_c;rosidl_typesupport_introspection_c
[0.771s] -- Using all available rosidl_typesupport_cpp: rosidl_typesupport_fastrtps_cpp;rosidl_typesupport_introspection_cpp
[0.771s] -- Found rosidl_adapter: 4.6.5 (/opt/ros/jazzy/share/rosidl_adapter/cmake)
[0.771s] -- Found std_msgs: 5.3.5 (/opt/ros/jazzy/share/std_msgs/cmake)
[1.414s] -- Found ament_cmake_ros: 0.12.0 (/opt/ros/jazzy/share/ament_cmake_ros/cmake)
[2.078s] -- Using all available rosidl_typesupport_c: rosidl_typesupport_fastrtps_c;rosidl_typesupport_introspection_c
[2.972s] -- Using all available rosidl_typesupport_cpp: rosidl_typesupport_fastrtps_cpp;rosidl_typesupport_introspection_cpp
[2.975s] -- Found python_cmake_module: 0.11.1 (/opt/ros/jazzy/share/python_cmake_module/cmake)
[3.170s] -- Found PythonExtra: /usr/bin/python3  
[3.824s] -- Found Python3: /usr/bin/python3 (found version "3.12.3") found components: Interpreter Development NumPy Development.Module Development.Embed 
[3.897s] -- Found ament_lint_auto: 0.17.1 (/opt/ros/jazzy/share/ament_lint_auto/cmake)
[3.926s] -- Added test 'lint_cmake' to check CMake code style
[3.927s] -- Added test 'xmllint' to check XML markup files
[3.932s] -- Configuring done (3.9s)
[3.997s] -- Generating done (0.0s)
[4.018s] -- Build files have been written to: /home/group3-robot/robp_group3/build/robp_interfaces
[4.043s] Invoked command in '/home/group3-robot/robp_group3/build/robp_interfaces' returned '0': CMAKE_PREFIX_PATH=${CMAKE_PREFIX_PATH}:/opt/ros/jazzy DEBUGINFOD_URLS=https://debuginfod.ubuntu.com /usr/bin/cmake /home/group3-robot/robp_group3/robp_ws/src/robp_robot/robp_interfaces -DAMENT_CMAKE_SYMLINK_INSTALL=1 -DCMAKE_INSTALL_PREFIX=/home/group3-robot/robp_group3/install/robp_interfaces
[4.044s] Invoking command in '/home/group3-robot/robp_group3/build/robp_interfaces': CMAKE_PREFIX_PATH=${CMAKE_PREFIX_PATH}:/opt/ros/jazzy DEBUGINFOD_URLS=https://debuginfod.ubuntu.com /usr/bin/cmake --build /home/group3-robot/robp_group3/build/robp_interfaces -- -j8 -l8
[4.133s] [  1%] [34m[1mGenerating type hashes for ROS interfaces[0m
[4.134s] [  1%] Built target ament_cmake_python_symlink_robp_interfaces
[4.491s] running egg_info
[4.492s] creating robp_interfaces.egg-info
[4.520s] writing robp_interfaces.egg-info/PKG-INFO
[4.521s] writing dependency_links to robp_interfaces.egg-info/dependency_links.txt
[4.521s] writing top-level names to robp_interfaces.egg-info/top_level.txt
[4.521s] writing manifest file 'robp_interfaces.egg-info/SOURCES.txt'
[4.607s] reading manifest file 'robp_interfaces.egg-info/SOURCES.txt'
[4.608s] writing manifest file 'robp_interfaces.egg-info/SOURCES.txt'
[4.637s] [  1%] Built target robp_interfaces__rosidl_generator_type_description
[4.655s] [  2%] [34m[1mGenerating C code for ROS interfaces[0m
[4.661s] [  2%] Built target ament_cmake_python_build_robp_interfaces_egg
[4.674s] [  3%] [34m[1mGenerating C++ code for ROS interfaces[0m
[5.802s] [  3%] Built target robp_interfaces__cpp
[5.955s] [  4%] [32mBuilding C object CMakeFiles/robp_interfaces__rosidl_generator_c.dir/rosidl_generator_c/robp_interfaces/msg/detail/duty_cycles__functions.c.o[0m
[5.955s] [  5%] [32mBuilding C object CMakeFiles/robp_interfaces__rosidl_generator_c.dir/rosidl_generator_c/robp_interfaces/msg/detail/duty_cycles__description.c.o[0m
[5.963s] [  7%] [32mBuilding C object CMakeFiles/robp_interfaces__rosidl_generator_c.dir/rosidl_generator_c/robp_interfaces/msg/detail/encoders__description.c.o[0m
[5.963s] [  8%] [32mBuilding C object CMakeFiles/robp_interfaces__rosidl_generator_c.dir/rosidl_generator_c/robp_interfaces/msg/detail/duty_cycles__type_support.c.o[0m
[5.963s] [  9%] [32mBuilding C object CMakeFiles/robp_interfaces__rosidl_generator_c.dir/rosidl_generator_c/robp_interfaces/msg/detail/encoders__type_support.c.o[0m
[5.965s] [ 10%] [32mBuilding C object CMakeFiles/robp_interfaces__rosidl_generator_c.dir/rosidl_generator_c/robp_interfaces/msg/detail/object_position__description.c.o[0m
[5.968s] [ 11%] [32mBuilding C object CMakeFiles/robp_interfaces__rosidl_generator_c.dir/rosidl_generator_c/robp_interfaces/msg/detail/object_position__functions.c.o[0m
[5.982s] [ 13%] [32mBuilding C object CMakeFiles/robp_interfaces__rosidl_generator_c.dir/rosidl_generator_c/robp_interfaces/msg/detail/encoders__functions.c.o[0m
[6.047s] [ 14%] [32mBuilding C object CMakeFiles/robp_interfaces__rosidl_generator_c.dir/rosidl_generator_c/robp_interfaces/msg/detail/object_position__type_support.c.o[0m
[6.059s] [ 15%] [32mBuilding C object CMakeFiles/robp_interfaces__rosidl_generator_c.dir/rosidl_generator_c/robp_interfaces/msg/detail/box_position__description.c.o[0m
[6.087s] [ 16%] [32mBuilding C object CMakeFiles/robp_interfaces__rosidl_generator_c.dir/rosidl_generator_c/robp_interfaces/srv/detail/object_position_srv__description.c.o[0m
[6.087s] [ 17%] [32mBuilding C object CMakeFiles/robp_interfaces__rosidl_generator_c.dir/rosidl_generator_c/robp_interfaces/msg/detail/box_position__functions.c.o[0m
[6.089s] [ 19%] [32mBuilding C object CMakeFiles/robp_interfaces__rosidl_generator_c.dir/rosidl_generator_c/robp_interfaces/msg/detail/box_position__type_support.c.o[0m
[6.123s] [ 20%] [32mBuilding C object CMakeFiles/robp_interfaces__rosidl_generator_c.dir/rosidl_generator_c/robp_interfaces/srv/detail/object_position_srv__functions.c.o[0m
[6.140s] [ 21%] [32mBuilding C object CMakeFiles/robp_interfaces__rosidl_generator_c.dir/rosidl_generator_c/robp_interfaces/srv/detail/object_position_srv__type_support.c.o[0m
[6.161s] [ 22%] [32mBuilding C object CMakeFiles/robp_interfaces__rosidl_generator_c.dir/rosidl_generator_c/robp_interfaces/srv/detail/box_position_srv__description.c.o[0m
[6.172s] [ 23%] [32mBuilding C object CMakeFiles/robp_interfaces__rosidl_generator_c.dir/rosidl_generator_c/robp_interfaces/srv/detail/box_position_srv__functions.c.o[0m
[6.210s] [ 25%] [32mBuilding C object CMakeFiles/robp_interfaces__rosidl_generator_c.dir/rosidl_generator_c/robp_interfaces/srv/detail/box_position_srv__type_support.c.o[0m
[6.341s] [ 26%] [32m[1mLinking C shared library librobp_interfaces__rosidl_generator_c.so[0m
[6.402s] [ 26%] Built target robp_interfaces__rosidl_generator_c
[6.422s] [ 27%] [34m[1mGenerating C type support for eProsima Fast-RTPS[0m
[6.424s] [ 28%] [34m[1mGenerating C++ type support dispatch for ROS interfaces[0m
[6.436s] [ 29%] [34m[1mGenerating C type support dispatch for ROS interfaces[0m
[6.436s] [ 30%] [34m[1mGenerating C introspection for ROS interfaces[0m
[6.450s] [ 32%] [34m[1mGenerating C++ introspection for ROS interfaces[0m
[6.457s] [ 33%] [34m[1mGenerating C++ type support for eProsima Fast-RTPS[0m
[7.716s] [ 34%] [32mBuilding CXX object CMakeFiles/robp_interfaces__rosidl_typesupport_cpp.dir/rosidl_typesupport_cpp/robp_interfaces/msg/duty_cycles__type_support.cpp.o[0m
[7.728s] [ 35%] [32mBuilding CXX object CMakeFiles/robp_interfaces__rosidl_typesupport_cpp.dir/rosidl_typesupport_cpp/robp_interfaces/msg/encoders__type_support.cpp.o[0m
[7.736s] [ 36%] [32mBuilding CXX object CMakeFiles/robp_interfaces__rosidl_typesupport_cpp.dir/rosidl_typesupport_cpp/robp_interfaces/msg/object_position__type_support.cpp.o[0m
[8.132s] [ 38%] [32mBuilding CXX object CMakeFiles/robp_interfaces__rosidl_typesupport_c.dir/rosidl_typesupport_c/robp_interfaces/msg/duty_cycles__type_support.cpp.o[0m
[8.251s] [ 39%] [32mBuilding CXX object CMakeFiles/robp_interfaces__rosidl_typesupport_c.dir/rosidl_typesupport_c/robp_interfaces/msg/encoders__type_support.cpp.o[0m
[8.359s] [ 40%] [32mBuilding CXX object CMakeFiles/robp_interfaces__rosidl_typesupport_c.dir/rosidl_typesupport_c/robp_interfaces/msg/object_position__type_support.cpp.o[0m
[8.480s] [ 41%] [32mBuilding CXX object CMakeFiles/robp_interfaces__rosidl_typesupport_c.dir/rosidl_typesupport_c/robp_interfaces/msg/box_position__type_support.cpp.o[0m
[8.591s] [ 42%] [32mBuilding CXX object CMakeFiles/robp_interfaces__rosidl_typesupport_c.dir/rosidl_typesupport_c/robp_interfaces/srv/object_position_srv__type_support.cpp.o[0m
[8.680s] [ 44%] [32mBuilding CXX object CMakeFiles/robp_interfaces__rosidl_typesupport_c.dir/rosidl_typesupport_c/robp_interfaces/srv/box_position_srv__type_support.cpp.o[0m
[8.684s] [ 45%] [32mBuilding CXX object CMakeFiles/robp_interfaces__rosidl_typesupport_cpp.dir/rosidl_typesupport_cpp/robp_interfaces/msg/box_position__type_support.cpp.o[0m
[8.703s] [ 46%] [32mBuilding CXX object CMakeFiles/robp_interfaces__rosidl_typesupport_cpp.dir/rosidl_typesupport_cpp/robp_interfaces/srv/object_position_srv__type_support.cpp.o[0m
[8.743s] [ 47%] [32mBuilding CXX object CMakeFiles/robp_interfaces__rosidl_typesupport_introspection_cpp.dir/rosidl_typesupport_introspection_cpp/robp_interfaces/msg/detail/duty_cycles__type_support.cpp.o[0m
[8.771s] [ 48%] [32mBuilding C object CMakeFiles/robp_interfaces__rosidl_typesupport_introspection_c.dir/rosidl_typesupport_introspection_c/robp_interfaces/msg/detail/duty_cycles__type_support.c.o[0m
[8.806s] [ 50%] [32m[1mLinking CXX shared library librobp_interfaces__rosidl_typesupport_c.so[0m
[8.836s] [ 51%] [32mBuilding C object CMakeFiles/robp_interfaces__rosidl_typesupport_introspection_c.dir/rosidl_typesupport_introspection_c/robp_interfaces/msg/detail/encoders__type_support.c.o[0m
[8.909s] [ 51%] Built target robp_interfaces__rosidl_typesupport_c
[8.934s] [ 52%] [32mBuilding C object CMakeFiles/robp_interfaces__rosidl_typesupport_introspection_c.dir/rosidl_typesupport_introspection_c/robp_interfaces/msg/detail/object_position__type_support.c.o[0m
[8.939s] [ 53%] [32mBuilding CXX object CMakeFiles/robp_interfaces__rosidl_typesupport_introspection_cpp.dir/rosidl_typesupport_introspection_cpp/robp_interfaces/msg/detail/encoders__type_support.cpp.o[0m
[8.945s] [ 54%] [32mBuilding CXX object CMakeFiles/robp_interfaces__rosidl_typesupport_cpp.dir/rosidl_typesupport_cpp/robp_interfaces/srv/box_position_srv__type_support.cpp.o[0m
[9.033s] [ 55%] [32mBuilding C object CMakeFiles/robp_interfaces__rosidl_typesupport_introspection_c.dir/rosidl_typesupport_introspection_c/robp_interfaces/msg/detail/box_position__type_support.c.o[0m
[9.073s] [ 57%] [32mBuilding CXX object CMakeFiles/robp_interfaces__rosidl_typesupport_fastrtps_cpp.dir/rosidl_typesupport_fastrtps_cpp/robp_interfaces/msg/detail/dds_fastrtps/duty_cycles__type_support.cpp.o[0m
[9.119s] [ 58%] [32mBuilding C object CMakeFiles/robp_interfaces__rosidl_typesupport_introspection_c.dir/rosidl_typesupport_introspection_c/robp_interfaces/srv/detail/object_position_srv__type_support.c.o[0m
[9.193s] [ 59%] [32mBuilding C object CMakeFiles/robp_interfaces__rosidl_typesupport_introspection_c.dir/rosidl_typesupport_introspection_c/robp_interfaces/srv/detail/box_position_srv__type_support.c.o[0m
[9.294s] [ 60%] [32mBuilding CXX object CMakeFiles/robp_interfaces__rosidl_typesupport_introspection_cpp.dir/rosidl_typesupport_introspection_cpp/robp_interfaces/msg/detail/object_position__type_support.cpp.o[0m
[9.319s] [ 61%] [32mBuilding CXX object CMakeFiles/robp_interfaces__rosidl_typesupport_fastrtps_c.dir/rosidl_typesupport_fastrtps_c/robp_interfaces/msg/detail/duty_cycles__type_support_c.cpp.o[0m
[9.319s] [ 63%] [32m[1mLinking C shared library librobp_interfaces__rosidl_typesupport_introspection_c.so[0m
[9.391s] [ 63%] Built target robp_interfaces__rosidl_typesupport_introspection_c
[9.423s] [ 64%] [32mBuilding CXX object CMakeFiles/robp_interfaces__rosidl_typesupport_fastrtps_cpp.dir/rosidl_typesupport_fastrtps_cpp/robp_interfaces/msg/detail/dds_fastrtps/encoders__type_support.cpp.o[0m
[9.652s] [ 65%] [32mBuilding CXX object CMakeFiles/robp_interfaces__rosidl_typesupport_introspection_cpp.dir/rosidl_typesupport_introspection_cpp/robp_interfaces/msg/detail/box_position__type_support.cpp.o[0m
[9.714s] [ 66%] [32mBuilding CXX object CMakeFiles/robp_interfaces__rosidl_typesupport_fastrtps_cpp.dir/rosidl_typesupport_fastrtps_cpp/robp_interfaces/msg/detail/dds_fastrtps/object_position__type_support.cpp.o[0m
[9.715s] [ 67%] [32mBuilding CXX object CMakeFiles/robp_interfaces__rosidl_typesupport_fastrtps_c.dir/rosidl_typesupport_fastrtps_c/robp_interfaces/msg/detail/encoders__type_support_c.cpp.o[0m
[9.760s] [ 69%] [32m[1mLinking CXX shared library librobp_interfaces__rosidl_typesupport_cpp.so[0m
[10.005s] [ 69%] Built target robp_interfaces__rosidl_typesupport_cpp
[10.029s] [ 70%] [32mBuilding CXX object CMakeFiles/robp_interfaces__rosidl_typesupport_fastrtps_c.dir/rosidl_typesupport_fastrtps_c/robp_interfaces/msg/detail/object_position__type_support_c.cpp.o[0m
[10.085s] [ 71%] [32mBuilding CXX object CMakeFiles/robp_interfaces__rosidl_typesupport_introspection_cpp.dir/rosidl_typesupport_introspection_cpp/robp_interfaces/srv/detail/object_position_srv__type_support.cpp.o[0m
[10.198s] [ 72%] [32mBuilding CXX object CMakeFiles/robp_interfaces__rosidl_typesupport_introspection_cpp.dir/rosidl_typesupport_introspection_cpp/robp_interfaces/srv/detail/box_position_srv__type_support.cpp.o[0m
[10.334s] [ 73%] [32mBuilding CXX object CMakeFiles/robp_interfaces__rosidl_typesupport_fastrtps_c.dir/rosidl_typesupport_fastrtps_c/robp_interfaces/msg/detail/box_position__type_support_c.cpp.o[0m
[10.356s] [ 75%] [32mBuilding CXX object CMakeFiles/robp_interfaces__rosidl_typesupport_fastrtps_cpp.dir/rosidl_typesupport_fastrtps_cpp/robp_interfaces/msg/detail/dds_fastrtps/box_position__type_support.cpp.o[0m
[10.389s] [ 76%] [32mBuilding CXX object CMakeFiles/robp_interfaces__rosidl_typesupport_fastrtps_cpp.dir/rosidl_typesupport_fastrtps_cpp/robp_interfaces/srv/detail/dds_fastrtps/object_position_srv__type_support.cpp.o[0m
[10.853s] [ 77%] [32mBuilding CXX object CMakeFiles/robp_interfaces__rosidl_typesupport_fastrtps_c.dir/rosidl_typesupport_fastrtps_c/robp_interfaces/srv/detail/object_position_srv__type_support_c.cpp.o[0m
[10.966s] [ 78%] [32mBuilding CXX object CMakeFiles/robp_interfaces__rosidl_typesupport_fastrtps_c.dir/rosidl_typesupport_fastrtps_c/robp_interfaces/srv/detail/box_position_srv__type_support_c.cpp.o[0m
[11.040s] [ 79%] [32mBuilding CXX object CMakeFiles/robp_interfaces__rosidl_typesupport_fastrtps_cpp.dir/rosidl_typesupport_fastrtps_cpp/robp_interfaces/srv/detail/dds_fastrtps/box_position_srv__type_support.cpp.o[0m
[11.309s] [ 80%] [32m[1mLinking CXX shared library librobp_interfaces__rosidl_typesupport_introspection_cpp.so[0m
[11.537s] [ 80%] Built target robp_interfaces__rosidl_typesupport_introspection_cpp
[12.093s] [ 82%] [32m[1mLinking CXX shared library librobp_interfaces__rosidl_typesupport_fastrtps_c.so[0m
[12.310s] [ 82%] Built target robp_interfaces__rosidl_typesupport_fastrtps_c
[12.505s] [ 83%] [32m[1mLinking CXX shared library librobp_interfaces__rosidl_typesupport_fastrtps_cpp.so[0m
[12.724s] [ 83%] Built target robp_interfaces__rosidl_typesupport_fastrtps_cpp
[12.775s] [ 83%] Built target robp_interfaces
[12.830s] [ 84%] [34m[1mGenerating Python code for ROS interfaces[0m
[15.536s] [ 84%] Built target robp_interfaces__py
[15.597s] [ 85%] [32mBuilding C object CMakeFiles/robp_interfaces__rosidl_generator_py.dir/rosidl_generator_py/robp_interfaces/msg/_duty_cycles_s.c.o[0m
[15.597s] [ 86%] [32mBuilding C object CMakeFiles/robp_interfaces__rosidl_generator_py.dir/rosidl_generator_py/robp_interfaces/msg/_encoders_s.c.o[0m
[15.599s] [ 88%] [32mBuilding C object CMakeFiles/robp_interfaces__rosidl_generator_py.dir/rosidl_generator_py/robp_interfaces/msg/_object_position_s.c.o[0m
[15.606s] [ 90%] [32mBuilding C object CMakeFiles/robp_interfaces__rosidl_generator_py.dir/rosidl_generator_py/robp_interfaces/srv/_object_position_srv_s.c.o[0m
[15.611s] [ 90%] [32mBuilding C object CMakeFiles/robp_interfaces__rosidl_generator_py.dir/rosidl_generator_py/robp_interfaces/msg/_box_position_s.c.o[0m
[15.626s] [ 91%] [32mBuilding C object CMakeFiles/robp_interfaces__rosidl_generator_py.dir/rosidl_generator_py/robp_interfaces/srv/_box_position_srv_s.c.o[0m
[16.268s] [ 92%] [32m[1mLinking C shared library librobp_interfaces__rosidl_generator_py.so[0m
[16.479s] [ 92%] Built target robp_interfaces__rosidl_generator_py
[16.562s] [ 95%] [32mBuilding C object CMakeFiles/robp_interfaces_s__rosidl_typesupport_introspection_c.dir/rosidl_generator_py/robp_interfaces/_robp_interfaces_s.ep.rosidl_typesupport_introspection_c.c.o[0m
[16.564s] [ 96%] [32mBuilding C object CMakeFiles/robp_interfaces_s__rosidl_typesupport_fastrtps_c.dir/rosidl_generator_py/robp_interfaces/_robp_interfaces_s.ep.rosidl_typesupport_fastrtps_c.c.o[0m
[16.567s] [ 94%] [32mBuilding C object CMakeFiles/robp_interfaces_s__rosidl_typesupport_c.dir/rosidl_generator_py/robp_interfaces/_robp_interfaces_s.ep.rosidl_typesupport_c.c.o[0m
[17.156s] [ 97%] [32m[1mLinking C shared module rosidl_generator_py/robp_interfaces/robp_interfaces_s__rosidl_typesupport_introspection_c.so[0m
[17.247s] [ 97%] Built target robp_interfaces_s__rosidl_typesupport_introspection_c
[17.283s] [ 98%] [32m[1mLinking C shared module rosidl_generator_py/robp_interfaces/robp_interfaces_s__rosidl_typesupport_c.so[0m
[17.302s] [100%] [32m[1mLinking C shared module rosidl_generator_py/robp_interfaces/robp_interfaces_s__rosidl_typesupport_fastrtps_c.so[0m
[17.416s] [100%] Built target robp_interfaces_s__rosidl_typesupport_c
[17.428s] [100%] Built target robp_interfaces_s__rosidl_typesupport_fastrtps_c
[17.480s] Invoked command in '/home/group3-robot/robp_group3/build/robp_interfaces' returned '0': CMAKE_PREFIX_PATH=${CMAKE_PREFIX_PATH}:/opt/ros/jazzy DEBUGINFOD_URLS=https://debuginfod.ubuntu.com /usr/bin/cmake --build /home/group3-robot/robp_group3/build/robp_interfaces -- -j8 -l8
[17.481s] Invoking command in '/home/group3-robot/robp_group3/build/robp_interfaces': CMAKE_PREFIX_PATH=${CMAKE_PREFIX_PATH}:/opt/ros/jazzy DEBUGINFOD_URLS=https://debuginfod.ubuntu.com /usr/bin/cmake --install /home/group3-robot/robp_group3/build/robp_interfaces
[17.509s] -- Install configuration: ""
[17.509s] -- Execute custom install script
[17.521s] -- Symlinking: /home/group3-robot/robp_group3/install/robp_interfaces/share/ament_index/resource_index/rosidl_interfaces/robp_interfaces
[17.555s] -- Symlinking: /home/group3-robot/robp_group3/install/robp_interfaces/share/robp_interfaces/msg/DutyCycles.json
[17.587s] -- Symlinking: /home/group3-robot/robp_group3/install/robp_interfaces/share/robp_interfaces/msg/Encoders.json
[17.619s] -- Symlinking: /home/group3-robot/robp_group3/install/robp_interfaces/share/robp_interfaces/msg/ObjectPosition.json
[17.654s] -- Symlinking: /home/group3-robot/robp_group3/install/robp_interfaces/share/robp_interfaces/msg/BoxPosition.json
[17.683s] -- Symlinking: /home/group3-robot/robp_group3/install/robp_interfaces/share/robp_interfaces/srv/ObjectPositionSrv.json
[17.709s] -- Symlinking: /home/group3-robot/robp_group3/install/robp_interfaces/share/robp_interfaces/srv/BoxPositionSrv.json
[17.749s] -- Symlinking: /home/group3-robot/robp_group3/install/robp_interfaces/include/robp_interfaces/robp_interfaces/msg/box_position.h
[17.799s] -- Symlinking: /home/group3-robot/robp_group3/install/robp_interfaces/include/robp_interfaces/robp_interfaces/msg/detail/box_position__functions.h
[17.823s] -- Symlinking: /home/group3-robot/robp_group3/install/robp_interfaces/include/robp_interfaces/robp_interfaces/msg/detail/box_position__struct.h
[17.861s] -- Symlinking: /home/group3-robot/robp_group3/install/robp_interfaces/include/robp_interfaces/robp_interfaces/msg/detail/box_position__type_support.h
[17.893s] -- Symlinking: /home/group3-robot/robp_group3/install/robp_interfaces/include/robp_interfaces/robp_interfaces/msg/detail/duty_cycles__functions.h
[17.926s] -- Symlinking: /home/group3-robot/robp_group3/install/robp_interfaces/include/robp_interfaces/robp_interfaces/msg/detail/duty_cycles__struct.h
[17.964s] -- Symlinking: /home/group3-robot/robp_group3/install/robp_interfaces/include/robp_interfaces/robp_interfaces/msg/detail/duty_cycles__type_support.h
[17.994s] -- Symlinking: /home/group3-robot/robp_group3/install/robp_interfaces/include/robp_interfaces/robp_interfaces/msg/detail/encoders__functions.h
[18.030s] -- Symlinking: /home/group3-robot/robp_group3/install/robp_interfaces/include/robp_interfaces/robp_interfaces/msg/detail/encoders__struct.h
[18.062s] -- Symlinking: /home/group3-robot/robp_group3/install/robp_interfaces/include/robp_interfaces/robp_interfaces/msg/detail/encoders__type_support.h
[18.092s] -- Symlinking: /home/group3-robot/robp_group3/install/robp_interfaces/include/robp_interfaces/robp_interfaces/msg/detail/object_position__functions.h
[18.125s] -- Symlinking: /home/group3-robot/robp_group3/install/robp_interfaces/include/robp_interfaces/robp_interfaces/msg/detail/object_position__struct.h
[18.160s] -- Symlinking: /home/group3-robot/robp_group3/install/robp_interfaces/include/robp_interfaces/robp_interfaces/msg/detail/object_position__type_support.h
[18.199s] -- Symlinking: /home/group3-robot/robp_group3/install/robp_interfaces/include/robp_interfaces/robp_interfaces/msg/duty_cycles.h
[18.237s] -- Symlinking: /home/group3-robot/robp_group3/install/robp_interfaces/include/robp_interfaces/robp_interfaces/msg/encoders.h
[18.262s] -- Symlinking: /home/group3-robot/robp_group3/install/robp_interfaces/include/robp_interfaces/robp_interfaces/msg/object_position.h
[18.297s] -- Symlinking: /home/group3-robot/robp_group3/install/robp_interfaces/include/robp_interfaces/robp_interfaces/msg/rosidl_generator_c__visibility_control.h
[18.328s] -- Symlinking: /home/group3-robot/robp_group3/install/robp_interfaces/include/robp_interfaces/robp_interfaces/srv/box_position_srv.h
[18.368s] -- Symlinking: /home/group3-robot/robp_group3/install/robp_interfaces/include/robp_interfaces/robp_interfaces/srv/detail/box_position_srv__functions.h
[18.394s] -- Symlinking: /home/group3-robot/robp_group3/install/robp_interfaces/include/robp_interfaces/robp_interfaces/srv/detail/box_position_srv__struct.h
[18.424s] -- Symlinking: /home/group3-robot/robp_group3/install/robp_interfaces/include/robp_interfaces/robp_interfaces/srv/detail/box_position_srv__type_support.h
[18.461s] -- Symlinking: /home/group3-robot/robp_group3/install/robp_interfaces/include/robp_interfaces/robp_interfaces/srv/detail/object_position_srv__functions.h
[18.499s] -- Symlinking: /home/group3-robot/robp_group3/install/robp_interfaces/include/robp_interfaces/robp_interfaces/srv/detail/object_position_srv__struct.h
[18.522s] -- Symlinking: /home/group3-robot/robp_group3/install/robp_interfaces/include/robp_interfaces/robp_interfaces/srv/detail/object_position_srv__type_support.h
[18.555s] -- Symlinking: /home/group3-robot/robp_group3/install/robp_interfaces/include/robp_interfaces/robp_interfaces/srv/object_position_srv.h
[18.596s] -- Symlinking: /home/group3-robot/robp_group3/install/robp_interfaces/share/robp_interfaces/environment/library_path.sh
[18.622s] -- Symlinking: /home/group3-robot/robp_group3/install/robp_interfaces/share/robp_interfaces/environment/library_path.dsv
[18.656s] -- Symlinking: /home/group3-robot/robp_group3/install/robp_interfaces/include/robp_interfaces/robp_interfaces/msg/detail/box_position__rosidl_typesupport_fastrtps_c.h
[18.687s] -- Symlinking: /home/group3-robot/robp_group3/install/robp_interfaces/include/robp_interfaces/robp_interfaces/msg/detail/duty_cycles__rosidl_typesupport_fastrtps_c.h
[18.721s] -- Symlinking: /home/group3-robot/robp_group3/install/robp_interfaces/include/robp_interfaces/robp_interfaces/msg/detail/encoders__rosidl_typesupport_fastrtps_c.h
[18.749s] -- Symlinking: /home/group3-robot/robp_group3/install/robp_interfaces/include/robp_interfaces/robp_interfaces/msg/detail/object_position__rosidl_typesupport_fastrtps_c.h
[18.787s] -- Symlinking: /home/group3-robot/robp_group3/install/robp_interfaces/include/robp_interfaces/robp_interfaces/msg/rosidl_typesupport_fastrtps_c__visibility_control.h
[18.816s] -- Symlinking: /home/group3-robot/robp_group3/install/robp_interfaces/include/robp_interfaces/robp_interfaces/srv/detail/box_position_srv__rosidl_typesupport_fastrtps_c.h
[18.847s] -- Symlinking: /home/group3-robot/robp_group3/install/robp_interfaces/include/robp_interfaces/robp_interfaces/srv/detail/object_position_srv__rosidl_typesupport_fastrtps_c.h
[18.871s] -- Symlinking: /home/group3-robot/robp_group3/install/robp_interfaces/include/robp_interfaces/robp_interfaces/msg/detail/box_position__rosidl_typesupport_introspection_c.h
[18.899s] -- Symlinking: /home/group3-robot/robp_group3/install/robp_interfaces/include/robp_interfaces/robp_interfaces/msg/detail/duty_cycles__rosidl_typesupport_introspection_c.h
[18.919s] -- Symlinking: /home/group3-robot/robp_group3/install/robp_interfaces/include/robp_interfaces/robp_interfaces/msg/detail/encoders__rosidl_typesupport_introspection_c.h
[18.943s] -- Symlinking: /home/group3-robot/robp_group3/install/robp_interfaces/include/robp_interfaces/robp_interfaces/msg/detail/object_position__rosidl_typesupport_introspection_c.h
[18.965s] -- Symlinking: /home/group3-robot/robp_group3/install/robp_interfaces/include/robp_interfaces/robp_interfaces/msg/rosidl_typesupport_introspection_c__visibility_control.h
[18.989s] -- Symlinking: /home/group3-robot/robp_group3/install/robp_interfaces/include/robp_interfaces/robp_interfaces/srv/detail/box_position_srv__rosidl_typesupport_introspection_c.h
[19.020s] -- Symlinking: /home/group3-robot/robp_group3/install/robp_interfaces/include/robp_interfaces/robp_interfaces/srv/detail/object_position_srv__rosidl_typesupport_introspection_c.h
[19.061s] -- Symlinking: /home/group3-robot/robp_group3/install/robp_interfaces/include/robp_interfaces/robp_interfaces/msg/box_position.hpp
[19.097s] -- Symlinking: /home/group3-robot/robp_group3/install/robp_interfaces/include/robp_interfaces/robp_interfaces/msg/detail/box_position__builder.hpp
[19.130s] -- Symlinking: /home/group3-robot/robp_group3/install/robp_interfaces/include/robp_interfaces/robp_interfaces/msg/detail/box_position__struct.hpp
[19.162s] -- Symlinking: /home/group3-robot/robp_group3/install/robp_interfaces/include/robp_interfaces/robp_interfaces/msg/detail/box_position__traits.hpp
[19.191s] -- Symlinking: /home/group3-robot/robp_group3/install/robp_interfaces/include/robp_interfaces/robp_interfaces/msg/detail/box_position__type_support.hpp
[19.211s] -- Symlinking: /home/group3-robot/robp_group3/install/robp_interfaces/include/robp_interfaces/robp_interfaces/msg/detail/duty_cycles__builder.hpp
[19.246s] -- Symlinking: /home/group3-robot/robp_group3/install/robp_interfaces/include/robp_interfaces/robp_interfaces/msg/detail/duty_cycles__struct.hpp
[19.284s] -- Symlinking: /home/group3-robot/robp_group3/install/robp_interfaces/include/robp_interfaces/robp_interfaces/msg/detail/duty_cycles__traits.hpp
[19.313s] -- Symlinking: /home/group3-robot/robp_group3/install/robp_interfaces/include/robp_interfaces/robp_interfaces/msg/detail/duty_cycles__type_support.hpp
[19.347s] -- Symlinking: /home/group3-robot/robp_group3/install/robp_interfaces/include/robp_interfaces/robp_interfaces/msg/detail/encoders__builder.hpp
[19.376s] -- Symlinking: /home/group3-robot/robp_group3/install/robp_interfaces/include/robp_interfaces/robp_interfaces/msg/detail/encoders__struct.hpp
[19.394s] -- Symlinking: /home/group3-robot/robp_group3/install/robp_interfaces/include/robp_interfaces/robp_interfaces/msg/detail/encoders__traits.hpp
[19.422s] -- Symlinking: /home/group3-robot/robp_group3/install/robp_interfaces/include/robp_interfaces/robp_interfaces/msg/detail/encoders__type_support.hpp
[19.448s] -- Symlinking: /home/group3-robot/robp_group3/install/robp_interfaces/include/robp_interfaces/robp_interfaces/msg/detail/object_position__builder.hpp
[19.471s] -- Symlinking: /home/group3-robot/robp_group3/install/robp_interfaces/include/robp_interfaces/robp_interfaces/msg/detail/object_position__struct.hpp
[19.497s] -- Symlinking: /home/group3-robot/robp_group3/install/robp_interfaces/include/robp_interfaces/robp_interfaces/msg/detail/object_position__traits.hpp
[19.519s] -- Symlinking: /home/group3-robot/robp_group3/install/robp_interfaces/include/robp_interfaces/robp_interfaces/msg/detail/object_position__type_support.hpp
[19.540s] -- Symlinking: /home/group3-robot/robp_group3/install/robp_interfaces/include/robp_interfaces/robp_interfaces/msg/duty_cycles.hpp
[19.559s] -- Symlinking: /home/group3-robot/robp_group3/install/robp_interfaces/include/robp_interfaces/robp_interfaces/msg/encoders.hpp
[19.600s] -- Symlinking: /home/group3-robot/robp_group3/install/robp_interfaces/include/robp_interfaces/robp_interfaces/msg/object_position.hpp
[19.634s] -- Symlinking: /home/group3-robot/robp_group3/install/robp_interfaces/include/robp_interfaces/robp_interfaces/msg/rosidl_generator_cpp__visibility_control.hpp
[19.657s] -- Symlinking: /home/group3-robot/robp_group3/install/robp_interfaces/include/robp_interfaces/robp_interfaces/srv/box_position_srv.hpp
[19.680s] -- Symlinking: /home/group3-robot/robp_group3/install/robp_interfaces/include/robp_interfaces/robp_interfaces/srv/detail/box_position_srv__builder.hpp
[19.701s] -- Symlinking: /home/group3-robot/robp_group3/install/robp_interfaces/include/robp_interfaces/robp_interfaces/srv/detail/box_position_srv__struct.hpp
[19.721s] -- Symlinking: /home/group3-robot/robp_group3/install/robp_interfaces/include/robp_interfaces/robp_interfaces/srv/detail/box_position_srv__traits.hpp
[19.743s] -- Symlinking: /home/group3-robot/robp_group3/install/robp_interfaces/include/robp_interfaces/robp_interfaces/srv/detail/box_position_srv__type_support.hpp
[19.767s] -- Symlinking: /home/group3-robot/robp_group3/install/robp_interfaces/include/robp_interfaces/robp_interfaces/srv/detail/object_position_srv__builder.hpp
[19.792s] -- Symlinking: /home/group3-robot/robp_group3/install/robp_interfaces/include/robp_interfaces/robp_interfaces/srv/detail/object_position_srv__struct.hpp
[19.816s] -- Symlinking: /home/group3-robot/robp_group3/install/robp_interfaces/include/robp_interfaces/robp_interfaces/srv/detail/object_position_srv__traits.hpp
[19.835s] -- Symlinking: /home/group3-robot/robp_group3/install/robp_interfaces/include/robp_interfaces/robp_interfaces/srv/detail/object_position_srv__type_support.hpp
[19.860s] -- Symlinking: /home/group3-robot/robp_group3/install/robp_interfaces/include/robp_interfaces/robp_interfaces/srv/object_position_srv.hpp
[19.891s] -- Symlinking: /home/group3-robot/robp_group3/install/robp_interfaces/include/robp_interfaces/robp_interfaces/msg/detail/box_position__rosidl_typesupport_fastrtps_cpp.hpp
[19.914s] -- Symlinking: /home/group3-robot/robp_group3/install/robp_interfaces/include/robp_interfaces/robp_interfaces/msg/detail/duty_cycles__rosidl_typesupport_fastrtps_cpp.hpp
[19.938s] -- Symlinking: /home/group3-robot/robp_group3/install/robp_interfaces/include/robp_interfaces/robp_interfaces/msg/detail/encoders__rosidl_typesupport_fastrtps_cpp.hpp
[19.961s] -- Symlinking: /home/group3-robot/robp_group3/install/robp_interfaces/include/robp_interfaces/robp_interfaces/msg/detail/object_position__rosidl_typesupport_fastrtps_cpp.hpp
[19.988s] -- Symlinking: /home/group3-robot/robp_group3/install/robp_interfaces/include/robp_interfaces/robp_interfaces/msg/rosidl_typesupport_fastrtps_cpp__visibility_control.h
[20.010s] -- Symlinking: /home/group3-robot/robp_group3/install/robp_interfaces/include/robp_interfaces/robp_interfaces/srv/detail/box_position_srv__rosidl_typesupport_fastrtps_cpp.hpp
[20.032s] -- Symlinking: /home/group3-robot/robp_group3/install/robp_interfaces/include/robp_interfaces/robp_interfaces/srv/detail/object_position_srv__rosidl_typesupport_fastrtps_cpp.hpp
[20.069s] -- Symlinking: /home/group3-robot/robp_group3/install/robp_interfaces/include/robp_interfaces/robp_interfaces/msg/detail/box_position__rosidl_typesupport_introspection_cpp.hpp
[20.098s] -- Symlinking: /home/group3-robot/robp_group3/install/robp_interfaces/include/robp_interfaces/robp_interfaces/msg/detail/duty_cycles__rosidl_typesupport_introspection_cpp.hpp
[20.130s] -- Symlinking: /home/group3-robot/robp_group3/install/robp_interfaces/include/robp_interfaces/robp_interfaces/msg/detail/encoders__rosidl_typesupport_introspection_cpp.hpp
[20.161s] -- Symlinking: /home/group3-robot/robp_group3/install/robp_interfaces/include/robp_interfaces/robp_interfaces/msg/detail/object_position__rosidl_typesupport_introspection_cpp.hpp
[20.194s] -- Symlinking: /home/group3-robot/robp_group3/install/robp_interfaces/include/robp_interfaces/robp_interfaces/srv/detail/box_position_srv__rosidl_typesupport_introspection_cpp.hpp
[20.229s] -- Symlinking: /home/group3-robot/robp_group3/install/robp_interfaces/include/robp_interfaces/robp_interfaces/srv/detail/object_position_srv__rosidl_typesupport_introspection_cpp.hpp
[20.262s] -- Symlinking: /home/group3-robot/robp_group3/install/robp_interfaces/share/robp_interfaces/environment/pythonpath.sh
[20.282s] -- Symlinking: /home/group3-robot/robp_group3/install/robp_interfaces/share/robp_interfaces/environment/pythonpath.dsv
[20.305s] -- Symlinking: /home/group3-robot/robp_group3/install/robp_interfaces/lib/python3.12/site-packages/robp_interfaces-1.0.0-py3.12.egg-info/PKG-INFO
[20.328s] -- Symlinking: /home/group3-robot/robp_group3/install/robp_interfaces/lib/python3.12/site-packages/robp_interfaces-1.0.0-py3.12.egg-info/SOURCES.txt
[20.359s] -- Symlinking: /home/group3-robot/robp_group3/install/robp_interfaces/lib/python3.12/site-packages/robp_interfaces-1.0.0-py3.12.egg-info/dependency_links.txt
[20.375s] -- Symlinking: /home/group3-robot/robp_group3/install/robp_interfaces/lib/python3.12/site-packages/robp_interfaces-1.0.0-py3.12.egg-info/top_level.txt
[20.399s] -- Symlinking: /home/group3-robot/robp_group3/install/robp_interfaces/lib/python3.12/site-packages/robp_interfaces/__init__.py
[20.425s] -- Symlinking: /home/group3-robot/robp_group3/install/robp_interfaces/lib/python3.12/site-packages/robp_interfaces/_robp_interfaces_s.ep.rosidl_typesupport_c.c
[20.443s] -- Symlinking: /home/group3-robot/robp_group3/install/robp_interfaces/lib/python3.12/site-packages/robp_interfaces/_robp_interfaces_s.ep.rosidl_typesupport_fastrtps_c.c
[20.466s] -- Symlinking: /home/group3-robot/robp_group3/install/robp_interfaces/lib/python3.12/site-packages/robp_interfaces/_robp_interfaces_s.ep.rosidl_typesupport_introspection_c.c
[20.483s] -- Symlinking: /home/group3-robot/robp_group3/install/robp_interfaces/lib/python3.12/site-packages/robp_interfaces/msg/__init__.py
[20.508s] -- Symlinking: /home/group3-robot/robp_group3/install/robp_interfaces/lib/python3.12/site-packages/robp_interfaces/msg/_box_position.py
[20.530s] -- Symlinking: /home/group3-robot/robp_group3/install/robp_interfaces/lib/python3.12/site-packages/robp_interfaces/msg/_box_position_s.c
[20.548s] -- Symlinking: /home/group3-robot/robp_group3/install/robp_interfaces/lib/python3.12/site-packages/robp_interfaces/msg/_duty_cycles.py
[20.569s] -- Symlinking: /home/group3-robot/robp_group3/install/robp_interfaces/lib/python3.12/site-packages/robp_interfaces/msg/_duty_cycles_s.c
[20.588s] -- Symlinking: /home/group3-robot/robp_group3/install/robp_interfaces/lib/python3.12/site-packages/robp_interfaces/msg/_encoders.py
[20.613s] -- Symlinking: /home/group3-robot/robp_group3/install/robp_interfaces/lib/python3.12/site-packages/robp_interfaces/msg/_encoders_s.c
[20.636s] -- Symlinking: /home/group3-robot/robp_group3/install/robp_interfaces/lib/python3.12/site-packages/robp_interfaces/msg/_object_position.py
[20.658s] -- Symlinking: /home/group3-robot/robp_group3/install/robp_interfaces/lib/python3.12/site-packages/robp_interfaces/msg/_object_position_s.c
[20.686s] -- Symlinking: /home/group3-robot/robp_group3/install/robp_interfaces/lib/python3.12/site-packages/robp_interfaces/robp_interfaces_s__rosidl_typesupport_c.so
[20.715s] -- Symlinking: /home/group3-robot/robp_group3/install/robp_interfaces/lib/python3.12/site-packages/robp_interfaces/robp_interfaces_s__rosidl_typesupport_fastrtps_c.so
[20.749s] -- Symlinking: /home/group3-robot/robp_group3/install/robp_interfaces/lib/python3.12/site-packages/robp_interfaces/robp_interfaces_s__rosidl_typesupport_introspection_c.so
[20.783s] -- Symlinking: /home/group3-robot/robp_group3/install/robp_interfaces/lib/python3.12/site-packages/robp_interfaces/srv/__init__.py
[20.803s] -- Symlinking: /home/group3-robot/robp_group3/install/robp_interfaces/lib/python3.12/site-packages/robp_interfaces/srv/_box_position_srv.py
[20.825s] -- Symlinking: /home/group3-robot/robp_group3/install/robp_interfaces/lib/python3.12/site-packages/robp_interfaces/srv/_box_position_srv_s.c
[20.847s] -- Symlinking: /home/group3-robot/robp_group3/install/robp_interfaces/lib/python3.12/site-packages/robp_interfaces/srv/_object_position_srv.py
[20.869s] -- Symlinking: /home/group3-robot/robp_group3/install/robp_interfaces/lib/python3.12/site-packages/robp_interfaces/srv/_object_position_srv_s.c
[20.893s] -- Up-to-date symlink: /home/group3-robot/robp_group3/install/robp_interfaces/lib/python3.12/site-packages/robp_interfaces/robp_interfaces_s__rosidl_typesupport_fastrtps_c.so
[20.893s] -- Up-to-date symlink: /home/group3-robot/robp_group3/install/robp_interfaces/lib/python3.12/site-packages/robp_interfaces/robp_interfaces_s__rosidl_typesupport_introspection_c.so
[20.893s] -- Up-to-date symlink: /home/group3-robot/robp_group3/install/robp_interfaces/lib/python3.12/site-packages/robp_interfaces/robp_interfaces_s__rosidl_typesupport_c.so
[20.894s] -- Symlinking: /home/group3-robot/robp_group3/install/robp_interfaces/share/robp_interfaces/msg/DutyCycles.idl
[20.917s] -- Symlinking: /home/group3-robot/robp_group3/install/robp_interfaces/share/robp_interfaces/msg/Encoders.idl
[20.942s] -- Symlinking: /home/group3-robot/robp_group3/install/robp_interfaces/share/robp_interfaces/msg/ObjectPosition.idl
[20.963s] -- Symlinking: /home/group3-robot/robp_group3/install/robp_interfaces/share/robp_interfaces/msg/BoxPosition.idl
[20.989s] -- Symlinking: /home/group3-robot/robp_group3/install/robp_interfaces/share/robp_interfaces/srv/ObjectPositionSrv.idl
[21.011s] -- Symlinking: /home/group3-robot/robp_group3/install/robp_interfaces/share/robp_interfaces/srv/BoxPositionSrv.idl
[21.047s] -- Symlinking: /home/group3-robot/robp_group3/install/robp_interfaces/share/robp_interfaces/msg/DutyCycles.msg
[21.061s] -- Symlinking: /home/group3-robot/robp_group3/install/robp_interfaces/share/robp_interfaces/msg/Encoders.msg
[21.096s] -- Symlinking: /home/group3-robot/robp_group3/install/robp_interfaces/share/robp_interfaces/msg/ObjectPosition.msg
[21.118s] -- Symlinking: /home/group3-robot/robp_group3/install/robp_interfaces/share/robp_interfaces/msg/BoxPosition.msg
[21.140s] -- Symlinking: /home/group3-robot/robp_group3/install/robp_interfaces/share/robp_interfaces/srv/ObjectPositionSrv.srv
[21.161s] -- Symlinking: /home/group3-robot/robp_group3/install/robp_interfaces/share/robp_interfaces/srv/BoxPositionSrv.srv
[21.185s] -- Symlinking: /home/group3-robot/robp_group3/install/robp_interfaces/share/ament_index/resource_index/package_run_dependencies/robp_interfaces
[21.208s] -- Symlinking: /home/group3-robot/robp_group3/install/robp_interfaces/share/ament_index/resource_index/parent_prefix_path/robp_interfaces
[21.231s] -- Symlinking: /home/group3-robot/robp_group3/install/robp_interfaces/share/robp_interfaces/environment/ament_prefix_path.sh
[21.258s] -- Symlinking: /home/group3-robot/robp_group3/install/robp_interfaces/share/robp_interfaces/environment/ament_prefix_path.dsv
[21.286s] -- Symlinking: /home/group3-robot/robp_group3/install/robp_interfaces/share/robp_interfaces/environment/path.sh
[21.309s] -- Symlinking: /home/group3-robot/robp_group3/install/robp_interfaces/share/robp_interfaces/environment/path.dsv
[21.331s] -- Symlinking: /home/group3-robot/robp_group3/install/robp_interfaces/share/robp_interfaces/local_setup.bash
[21.356s] -- Symlinking: /home/group3-robot/robp_group3/install/robp_interfaces/share/robp_interfaces/local_setup.sh
[21.386s] -- Symlinking: /home/group3-robot/robp_group3/install/robp_interfaces/share/robp_interfaces/local_setup.zsh
[21.410s] -- Symlinking: /home/group3-robot/robp_group3/install/robp_interfaces/share/robp_interfaces/local_setup.dsv
[21.436s] -- Symlinking: /home/group3-robot/robp_group3/install/robp_interfaces/share/robp_interfaces/package.dsv
[21.469s] -- Symlinking: /home/group3-robot/robp_group3/install/robp_interfaces/share/ament_index/resource_index/packages/robp_interfaces
[21.500s] -- Symlinking: /home/group3-robot/robp_group3/install/robp_interfaces/share/robp_interfaces/cmake/rosidl_cmake-extras.cmake
[21.529s] -- Symlinking: /home/group3-robot/robp_group3/install/robp_interfaces/share/robp_interfaces/cmake/ament_cmake_export_dependencies-extras.cmake
[21.551s] -- Symlinking: /home/group3-robot/robp_group3/install/robp_interfaces/share/robp_interfaces/cmake/ament_cmake_export_include_directories-extras.cmake
[21.573s] -- Symlinking: /home/group3-robot/robp_group3/install/robp_interfaces/share/robp_interfaces/cmake/ament_cmake_export_libraries-extras.cmake
[21.595s] -- Symlinking: /home/group3-robot/robp_group3/install/robp_interfaces/share/robp_interfaces/cmake/ament_cmake_export_targets-extras.cmake
[21.616s] -- Symlinking: /home/group3-robot/robp_group3/install/robp_interfaces/share/robp_interfaces/cmake/rosidl_cmake_export_typesupport_targets-extras.cmake
[21.639s] -- Symlinking: /home/group3-robot/robp_group3/install/robp_interfaces/share/robp_interfaces/cmake/rosidl_cmake_export_typesupport_libraries-extras.cmake
[21.661s] -- Symlinking: /home/group3-robot/robp_group3/install/robp_interfaces/share/robp_interfaces/cmake/robp_interfacesConfig.cmake
[21.683s] -- Symlinking: /home/group3-robot/robp_group3/install/robp_interfaces/share/robp_interfaces/cmake/robp_interfacesConfig-version.cmake
[21.708s] -- Symlinking: /home/group3-robot/robp_group3/install/robp_interfaces/share/robp_interfaces/package.xml
[21.729s] -- Installing: /home/group3-robot/robp_group3/install/robp_interfaces/lib/librobp_interfaces__rosidl_generator_c.so
[21.731s] -- Set non-toolchain portion of runtime path of "/home/group3-robot/robp_group3/install/robp_interfaces/lib/librobp_interfaces__rosidl_generator_c.so" to ""
[21.732s] -- Installing: /home/group3-robot/robp_group3/install/robp_interfaces/lib/librobp_interfaces__rosidl_typesupport_fastrtps_c.so
[21.741s] -- Set non-toolchain portion of runtime path of "/home/group3-robot/robp_group3/install/robp_interfaces/lib/librobp_interfaces__rosidl_typesupport_fastrtps_c.so" to ""
[21.741s] -- Installing: /home/group3-robot/robp_group3/install/robp_interfaces/lib/librobp_interfaces__rosidl_typesupport_introspection_c.so
[21.741s] -- Set non-toolchain portion of runtime path of "/home/group3-robot/robp_group3/install/robp_interfaces/lib/librobp_interfaces__rosidl_typesupport_introspection_c.so" to ""
[21.741s] -- Installing: /home/group3-robot/robp_group3/install/robp_interfaces/lib/librobp_interfaces__rosidl_typesupport_c.so
[21.741s] -- Set non-toolchain portion of runtime path of "/home/group3-robot/robp_group3/install/robp_interfaces/lib/librobp_interfaces__rosidl_typesupport_c.so" to ""
[21.741s] -- Installing: /home/group3-robot/robp_group3/install/robp_interfaces/lib/librobp_interfaces__rosidl_typesupport_fastrtps_cpp.so
[21.741s] -- Set non-toolchain portion of runtime path of "/home/group3-robot/robp_group3/install/robp_interfaces/lib/librobp_interfaces__rosidl_typesupport_fastrtps_cpp.so" to ""
[21.743s] -- Installing: /home/group3-robot/robp_group3/install/robp_interfaces/lib/librobp_interfaces__rosidl_typesupport_introspection_cpp.so
[21.743s] -- Set non-toolchain portion of runtime path of "/home/group3-robot/robp_group3/install/robp_interfaces/lib/librobp_interfaces__rosidl_typesupport_introspection_cpp.so" to ""
[21.743s] -- Installing: /home/group3-robot/robp_group3/install/robp_interfaces/lib/librobp_interfaces__rosidl_typesupport_cpp.so
[21.744s] -- Set non-toolchain portion of runtime path of "/home/group3-robot/robp_group3/install/robp_interfaces/lib/librobp_interfaces__rosidl_typesupport_cpp.so" to ""
[21.918s] Listing '/home/group3-robot/robp_group3/install/robp_interfaces/lib/python3.12/site-packages/robp_interfaces'...
[21.918s] Compiling '/home/group3-robot/robp_group3/install/robp_interfaces/lib/python3.12/site-packages/robp_interfaces/__init__.py'...
[21.919s] Listing '/home/group3-robot/robp_group3/install/robp_interfaces/lib/python3.12/site-packages/robp_interfaces/msg'...
[21.919s] Compiling '/home/group3-robot/robp_group3/install/robp_interfaces/lib/python3.12/site-packages/robp_interfaces/msg/__init__.py'...
[21.919s] Compiling '/home/group3-robot/robp_group3/install/robp_interfaces/lib/python3.12/site-packages/robp_interfaces/msg/_box_position.py'...
[21.919s] Compiling '/home/group3-robot/robp_group3/install/robp_interfaces/lib/python3.12/site-packages/robp_interfaces/msg/_duty_cycles.py'...
[21.919s] Compiling '/home/group3-robot/robp_group3/install/robp_interfaces/lib/python3.12/site-packages/robp_interfaces/msg/_encoders.py'...
[21.919s] Compiling '/home/group3-robot/robp_group3/install/robp_interfaces/lib/python3.12/site-packages/robp_interfaces/msg/_object_position.py'...
[21.919s] Listing '/home/group3-robot/robp_group3/install/robp_interfaces/lib/python3.12/site-packages/robp_interfaces/srv'...
[21.919s] Compiling '/home/group3-robot/robp_group3/install/robp_interfaces/lib/python3.12/site-packages/robp_interfaces/srv/__init__.py'...
[21.919s] Compiling '/home/group3-robot/robp_group3/install/robp_interfaces/lib/python3.12/site-packages/robp_interfaces/srv/_box_position_srv.py'...
[21.919s] Compiling '/home/group3-robot/robp_group3/install/robp_interfaces/lib/python3.12/site-packages/robp_interfaces/srv/_object_position_srv.py'...
[21.947s] -- Installing: /home/group3-robot/robp_group3/install/robp_interfaces/lib/librobp_interfaces__rosidl_generator_py.so
[21.947s] -- Set non-toolchain portion of runtime path of "/home/group3-robot/robp_group3/install/robp_interfaces/lib/librobp_interfaces__rosidl_generator_py.so" to ""
[21.947s] -- Installing: /home/group3-robot/robp_group3/install/robp_interfaces/share/robp_interfaces/cmake/export_robp_interfaces__rosidl_generator_cExport.cmake
[21.947s] -- Installing: /home/group3-robot/robp_group3/install/robp_interfaces/share/robp_interfaces/cmake/export_robp_interfaces__rosidl_generator_cExport-noconfig.cmake
[21.948s] -- Installing: /home/group3-robot/robp_group3/install/robp_interfaces/share/robp_interfaces/cmake/export_robp_interfaces__rosidl_typesupport_fastrtps_cExport.cmake
[21.948s] -- Installing: /home/group3-robot/robp_group3/install/robp_interfaces/share/robp_interfaces/cmake/export_robp_interfaces__rosidl_typesupport_fastrtps_cExport-noconfig.cmake
[21.948s] -- Installing: /home/group3-robot/robp_group3/install/robp_interfaces/share/robp_interfaces/cmake/robp_interfaces__rosidl_typesupport_introspection_cExport.cmake
[21.948s] -- Installing: /home/group3-robot/robp_group3/install/robp_interfaces/share/robp_interfaces/cmake/robp_interfaces__rosidl_typesupport_introspection_cExport-noconfig.cmake
[21.948s] -- Installing: /home/group3-robot/robp_group3/install/robp_interfaces/share/robp_interfaces/cmake/robp_interfaces__rosidl_typesupport_cExport.cmake
[21.948s] -- Installing: /home/group3-robot/robp_group3/install/robp_interfaces/share/robp_interfaces/cmake/robp_interfaces__rosidl_typesupport_cExport-noconfig.cmake
[21.948s] -- Installing: /home/group3-robot/robp_group3/install/robp_interfaces/share/robp_interfaces/cmake/export_robp_interfaces__rosidl_generator_cppExport.cmake
[21.948s] -- Installing: /home/group3-robot/robp_group3/install/robp_interfaces/share/robp_interfaces/cmake/export_robp_interfaces__rosidl_typesupport_fastrtps_cppExport.cmake
[21.948s] -- Installing: /home/group3-robot/robp_group3/install/robp_interfaces/share/robp_interfaces/cmake/export_robp_interfaces__rosidl_typesupport_fastrtps_cppExport-noconfig.cmake
[21.948s] -- Installing: /home/group3-robot/robp_group3/install/robp_interfaces/share/robp_interfaces/cmake/robp_interfaces__rosidl_typesupport_introspection_cppExport.cmake
[21.948s] -- Installing: /home/group3-robot/robp_group3/install/robp_interfaces/share/robp_interfaces/cmake/robp_interfaces__rosidl_typesupport_introspection_cppExport-noconfig.cmake
[21.949s] -- Installing: /home/group3-robot/robp_group3/install/robp_interfaces/share/robp_interfaces/cmake/robp_interfaces__rosidl_typesupport_cppExport.cmake
[21.951s] -- Installing: /home/group3-robot/robp_group3/install/robp_interfaces/share/robp_interfaces/cmake/robp_interfaces__rosidl_typesupport_cppExport-noconfig.cmake
[21.951s] -- Installing: /home/group3-robot/robp_group3/install/robp_interfaces/share/robp_interfaces/cmake/export_robp_interfaces__rosidl_generator_pyExport.cmake
[21.951s] -- Installing: /home/group3-robot/robp_group3/install/robp_interfaces/share/robp_interfaces/cmake/export_robp_interfaces__rosidl_generator_pyExport-noconfig.cmake
[21.964s] Invoked command in '/home/group3-robot/robp_group3/build/robp_interfaces' returned '0': CMAKE_PREFIX_PATH=${CMAKE_PREFIX_PATH}:/opt/ros/jazzy DEBUGINFOD_URLS=https://debuginfod.ubuntu.com /usr/bin/cmake --install /home/group3-robot/robp_group3/build/robp_interfaces
