running develop
running egg_info
creating localization.egg-info
writing localization.egg-info/PKG-INFO
writing dependency_links to localization.egg-info/dependency_links.txt
writing entry points to localization.egg-info/entry_points.txt
writing requirements to localization.egg-info/requires.txt
writing top-level names to localization.egg-info/top_level.txt
writing manifest file 'localization.egg-info/SOURCES.txt'
reading manifest file 'localization.egg-info/SOURCES.txt'
writing manifest file 'localization.egg-info/SOURCES.txt'
running build_ext
Creating /home/group3-robot/robp_group3/install/localization/lib/python3.12/site-packages/localization.egg-link (link to .)
Installing ekf script to /home/group3-robot/robp_group3/install/localization/lib/localization

Installed /home/group3-robot/robp_group3/build/localization
running symlink_data
creating /home/group3-robot/robp_group3/install/localization/share/ament_index
creating /home/group3-robot/robp_group3/install/localization/share/ament_index/resource_index
creating /home/group3-robot/robp_group3/install/localization/share/ament_index/resource_index/packages
symbolically linking /home/group3-robot/robp_group3/build/localization/resource/localization -> /home/group3-robot/robp_group3/install/localization/share/ament_index/resource_index/packages
symbolically linking /home/group3-robot/robp_group3/build/localization/package.xml -> /home/group3-robot/robp_group3/install/localization/share/localization
