[0.016s] Invoking command in '/home/group3-robot/robp_group3/build/robp_phidgets_spatial': AMENT_PREFIX_PATH=/home/group3-robot/robp_group3/install/robp_interfaces:${AMENT_PREFIX_PATH} CMAKE_PREFIX_PATH=/home/group3-robot/robp_group3/install/robp_interfaces:/home/group3-robot/robp_group3/robp_ws/install/usb_cam:/home/group3-robot/robp_group3/robp_ws/install/sllidar_ros2:/home/group3-robot/robp_group3/robp_ws/install/robp_phidgets_temperature:/home/group3-robot/robp_group3/robp_ws/install/robp_phidgets_spatial:/home/group3-robot/robp_group3/robp_ws/install/robp_phidgets_motors:/home/group3-robot/robp_group3/robp_ws/install/robp_phidgets_encoders:/home/group3-robot/robp_group3/robp_ws/install/robp_interfaces:/opt/ros/jazzy/opt/gz_math_vendor:/opt/ros/jazzy/opt/gz_utils_vendor:/opt/ros/jazzy/opt/gz_cmake_vendor:/home/group3-robot/robp_group3/robp_ws/install/robp_launch:/home/group3-robot/robp_group3/robp_ws/install/odometry:/home/group3-robot/robp_group3/robp_ws/install/path_planner:/home/group3-robot/robp_group3/robp_ws/install/mapping:/home/group3-robot/robp_group3/robp_ws/install/joystick_teleop:/home/group3-robot/robp_group3/robp_ws/install/behavior_tree:/home/group3-robot/robp_group3/robp_ws/install/handle_objects:/home/group3-robot/robp_group3/robp_ws/install/detection:/home/group3-robot/robp_group3/robp_ws/install/arm_servos_pubs_subs:/home/group3-robot/robp_group3/robp_ws/install/arm_controller:/opt/ros/jazzy DEBUGINFOD_URLS=https://debuginfod.ubuntu.com LD_LIBRARY_PATH=/home/group3-robot/robp_group3/install/robp_interfaces/lib:${LD_LIBRARY_PATH} PYTHONPATH=/home/group3-robot/robp_group3/install/robp_interfaces/lib/python3.12/site-packages:${PYTHONPATH} /usr/bin/cmake --build /home/group3-robot/robp_group3/build/robp_phidgets_spatial -- -j8 -l8
[0.041s] -- Found ament_cmake_ros: 0.12.0 (/opt/ros/jazzy/share/ament_cmake_ros/cmake)
[0.239s] -- Override CMake install command with custom implementation using symlinks instead of copying resources
[0.247s] -- Found angles: 1.16.0 (/opt/ros/jazzy/share/angles/cmake)
[0.249s] -- Found libphidget22: 2.3.3 (/opt/ros/jazzy/share/libphidget22/cmake)
[0.249s] -- Found phidgets_api: 2.3.3 (/opt/ros/jazzy/share/phidgets_api/cmake)
[0.252s] -- Found rclcpp: 28.1.6 (/opt/ros/jazzy/share/rclcpp/cmake)
[0.277s] -- Found rosidl_generator_c: 4.6.5 (/opt/ros/jazzy/share/rosidl_generator_c/cmake)
[0.285s] -- Found rosidl_generator_cpp: 4.6.5 (/opt/ros/jazzy/share/rosidl_generator_cpp/cmake)
[0.294s] -- Using all available rosidl_typesupport_c: rosidl_typesupport_fastrtps_c;rosidl_typesupport_introspection_c
[0.306s] -- Using all available rosidl_typesupport_cpp: rosidl_typesupport_fastrtps_cpp;rosidl_typesupport_introspection_cpp
[0.365s] -- Found rmw_implementation_cmake: 7.3.1 (/opt/ros/jazzy/share/rmw_implementation_cmake/cmake)
[0.367s] -- Found rmw_fastrtps_cpp: 8.4.1 (/opt/ros/jazzy/share/rmw_fastrtps_cpp/cmake)
[0.429s] -- Using RMW implementation 'rmw_fastrtps_cpp' as default
[0.493s] -- Found rclcpp_components: 28.1.6 (/opt/ros/jazzy/share/rclcpp_components/cmake)
[0.521s] -- Found robp_interfaces: 1.0.0 (/home/group3-robot/robp_group3/install/robp_interfaces/share/robp_interfaces/cmake)
[0.548s] -- Found sensor_msgs: 5.3.5 (/opt/ros/jazzy/share/sensor_msgs/cmake)
[0.587s] -- Found std_srvs: 5.3.5 (/opt/ros/jazzy/share/std_srvs/cmake)
[0.601s] -- Found tf2: 0.36.8 (/opt/ros/jazzy/share/tf2/cmake)
[0.605s] -- Found tf2_geometry_msgs: 0.36.8 (/opt/ros/jazzy/share/tf2_geometry_msgs/cmake)
[0.610s] -- Found eigen3_cmake_module: 0.3.0 (/opt/ros/jazzy/share/eigen3_cmake_module/cmake)
[0.611s] -- Ensuring Eigen3 include directory is part of orocos-kdl CMake target
[0.795s] -- Configuring done (0.8s)
[0.821s] -- Generating done (0.0s)
[0.827s] -- Build files have been written to: /home/group3-robot/robp_group3/build/robp_phidgets_spatial
[0.877s] [ 50%] [32m[1mLinking CXX shared library librobp_phidgets_spatial.so[0m
[1.115s] [100%] Built target robp_phidgets_spatial
[1.124s] Invoked command in '/home/group3-robot/robp_group3/build/robp_phidgets_spatial' returned '0': AMENT_PREFIX_PATH=/home/group3-robot/robp_group3/install/robp_interfaces:${AMENT_PREFIX_PATH} CMAKE_PREFIX_PATH=/home/group3-robot/robp_group3/install/robp_interfaces:/home/group3-robot/robp_group3/robp_ws/install/usb_cam:/home/group3-robot/robp_group3/robp_ws/install/sllidar_ros2:/home/group3-robot/robp_group3/robp_ws/install/robp_phidgets_temperature:/home/group3-robot/robp_group3/robp_ws/install/robp_phidgets_spatial:/home/group3-robot/robp_group3/robp_ws/install/robp_phidgets_motors:/home/group3-robot/robp_group3/robp_ws/install/robp_phidgets_encoders:/home/group3-robot/robp_group3/robp_ws/install/robp_interfaces:/opt/ros/jazzy/opt/gz_math_vendor:/opt/ros/jazzy/opt/gz_utils_vendor:/opt/ros/jazzy/opt/gz_cmake_vendor:/home/group3-robot/robp_group3/robp_ws/install/robp_launch:/home/group3-robot/robp_group3/robp_ws/install/odometry:/home/group3-robot/robp_group3/robp_ws/install/path_planner:/home/group3-robot/robp_group3/robp_ws/install/mapping:/home/group3-robot/robp_group3/robp_ws/install/joystick_teleop:/home/group3-robot/robp_group3/robp_ws/install/behavior_tree:/home/group3-robot/robp_group3/robp_ws/install/handle_objects:/home/group3-robot/robp_group3/robp_ws/install/detection:/home/group3-robot/robp_group3/robp_ws/install/arm_servos_pubs_subs:/home/group3-robot/robp_group3/robp_ws/install/arm_controller:/opt/ros/jazzy DEBUGINFOD_URLS=https://debuginfod.ubuntu.com LD_LIBRARY_PATH=/home/group3-robot/robp_group3/install/robp_interfaces/lib:${LD_LIBRARY_PATH} PYTHONPATH=/home/group3-robot/robp_group3/install/robp_interfaces/lib/python3.12/site-packages:${PYTHONPATH} /usr/bin/cmake --build /home/group3-robot/robp_group3/build/robp_phidgets_spatial -- -j8 -l8
[1.125s] Invoking command in '/home/group3-robot/robp_group3/build/robp_phidgets_spatial': AMENT_PREFIX_PATH=/home/group3-robot/robp_group3/install/robp_interfaces:${AMENT_PREFIX_PATH} CMAKE_PREFIX_PATH=/home/group3-robot/robp_group3/install/robp_interfaces:/home/group3-robot/robp_group3/robp_ws/install/usb_cam:/home/group3-robot/robp_group3/robp_ws/install/sllidar_ros2:/home/group3-robot/robp_group3/robp_ws/install/robp_phidgets_temperature:/home/group3-robot/robp_group3/robp_ws/install/robp_phidgets_spatial:/home/group3-robot/robp_group3/robp_ws/install/robp_phidgets_motors:/home/group3-robot/robp_group3/robp_ws/install/robp_phidgets_encoders:/home/group3-robot/robp_group3/robp_ws/install/robp_interfaces:/opt/ros/jazzy/opt/gz_math_vendor:/opt/ros/jazzy/opt/gz_utils_vendor:/opt/ros/jazzy/opt/gz_cmake_vendor:/home/group3-robot/robp_group3/robp_ws/install/robp_launch:/home/group3-robot/robp_group3/robp_ws/install/odometry:/home/group3-robot/robp_group3/robp_ws/install/path_planner:/home/group3-robot/robp_group3/robp_ws/install/mapping:/home/group3-robot/robp_group3/robp_ws/install/joystick_teleop:/home/group3-robot/robp_group3/robp_ws/install/behavior_tree:/home/group3-robot/robp_group3/robp_ws/install/handle_objects:/home/group3-robot/robp_group3/robp_ws/install/detection:/home/group3-robot/robp_group3/robp_ws/install/arm_servos_pubs_subs:/home/group3-robot/robp_group3/robp_ws/install/arm_controller:/opt/ros/jazzy DEBUGINFOD_URLS=https://debuginfod.ubuntu.com LD_LIBRARY_PATH=/home/group3-robot/robp_group3/install/robp_interfaces/lib:${LD_LIBRARY_PATH} PYTHONPATH=/home/group3-robot/robp_group3/install/robp_interfaces/lib/python3.12/site-packages:${PYTHONPATH} /usr/bin/cmake --install /home/group3-robot/robp_group3/build/robp_phidgets_spatial
[1.132s] -- Install configuration: "Release"
[1.132s] -- Execute custom install script
[1.132s] -- Up-to-date symlink: /home/group3-robot/robp_group3/install/robp_phidgets_spatial/lib/librobp_phidgets_spatial.so
[1.133s] -- Up-to-date symlink: /home/group3-robot/robp_group3/install/robp_phidgets_spatial/include/robp_phidgets_spatial/spatial.hpp
[1.133s] -- Up-to-date symlink: /home/group3-robot/robp_group3/install/robp_phidgets_spatial/share/robp_phidgets_spatial/launch/spatial_launch.py
[1.133s] -- Up-to-date symlink: /home/group3-robot/robp_group3/install/robp_phidgets_spatial/share/ament_index/resource_index/package_run_dependencies/robp_phidgets_spatial
[1.134s] -- Up-to-date symlink: /home/group3-robot/robp_group3/install/robp_phidgets_spatial/share/ament_index/resource_index/parent_prefix_path/robp_phidgets_spatial
[1.134s] -- Up-to-date symlink: /home/group3-robot/robp_group3/install/robp_phidgets_spatial/share/robp_phidgets_spatial/environment/ament_prefix_path.sh
[1.134s] -- Up-to-date symlink: /home/group3-robot/robp_group3/install/robp_phidgets_spatial/share/robp_phidgets_spatial/environment/ament_prefix_path.dsv
[1.134s] -- Up-to-date symlink: /home/group3-robot/robp_group3/install/robp_phidgets_spatial/share/robp_phidgets_spatial/environment/path.sh
[1.135s] -- Up-to-date symlink: /home/group3-robot/robp_group3/install/robp_phidgets_spatial/share/robp_phidgets_spatial/environment/path.dsv
[1.135s] -- Up-to-date symlink: /home/group3-robot/robp_group3/install/robp_phidgets_spatial/share/robp_phidgets_spatial/local_setup.bash
[1.135s] -- Up-to-date symlink: /home/group3-robot/robp_group3/install/robp_phidgets_spatial/share/robp_phidgets_spatial/local_setup.sh
[1.135s] -- Up-to-date symlink: /home/group3-robot/robp_group3/install/robp_phidgets_spatial/share/robp_phidgets_spatial/local_setup.zsh
[1.136s] -- Up-to-date symlink: /home/group3-robot/robp_group3/install/robp_phidgets_spatial/share/robp_phidgets_spatial/local_setup.dsv
[1.136s] -- Symlinking: /home/group3-robot/robp_group3/install/robp_phidgets_spatial/share/robp_phidgets_spatial/package.dsv
[1.143s] -- Up-to-date symlink: /home/group3-robot/robp_group3/install/robp_phidgets_spatial/share/ament_index/resource_index/packages/robp_phidgets_spatial
[1.143s] -- Up-to-date symlink: /home/group3-robot/robp_group3/install/robp_phidgets_spatial/share/ament_index/resource_index/rclcpp_components/robp_phidgets_spatial
[1.144s] -- Up-to-date symlink: /home/group3-robot/robp_group3/install/robp_phidgets_spatial/share/robp_phidgets_spatial/cmake/robp_phidgets_spatialConfig.cmake
[1.144s] -- Up-to-date symlink: /home/group3-robot/robp_group3/install/robp_phidgets_spatial/share/robp_phidgets_spatial/cmake/robp_phidgets_spatialConfig-version.cmake
[1.144s] -- Up-to-date symlink: /home/group3-robot/robp_group3/install/robp_phidgets_spatial/share/robp_phidgets_spatial/package.xml
[1.146s] Invoked command in '/home/group3-robot/robp_group3/build/robp_phidgets_spatial' returned '0': AMENT_PREFIX_PATH=/home/group3-robot/robp_group3/install/robp_interfaces:${AMENT_PREFIX_PATH} CMAKE_PREFIX_PATH=/home/group3-robot/robp_group3/install/robp_interfaces:/home/group3-robot/robp_group3/robp_ws/install/usb_cam:/home/group3-robot/robp_group3/robp_ws/install/sllidar_ros2:/home/group3-robot/robp_group3/robp_ws/install/robp_phidgets_temperature:/home/group3-robot/robp_group3/robp_ws/install/robp_phidgets_spatial:/home/group3-robot/robp_group3/robp_ws/install/robp_phidgets_motors:/home/group3-robot/robp_group3/robp_ws/install/robp_phidgets_encoders:/home/group3-robot/robp_group3/robp_ws/install/robp_interfaces:/opt/ros/jazzy/opt/gz_math_vendor:/opt/ros/jazzy/opt/gz_utils_vendor:/opt/ros/jazzy/opt/gz_cmake_vendor:/home/group3-robot/robp_group3/robp_ws/install/robp_launch:/home/group3-robot/robp_group3/robp_ws/install/odometry:/home/group3-robot/robp_group3/robp_ws/install/path_planner:/home/group3-robot/robp_group3/robp_ws/install/mapping:/home/group3-robot/robp_group3/robp_ws/install/joystick_teleop:/home/group3-robot/robp_group3/robp_ws/install/behavior_tree:/home/group3-robot/robp_group3/robp_ws/install/handle_objects:/home/group3-robot/robp_group3/robp_ws/install/detection:/home/group3-robot/robp_group3/robp_ws/install/arm_servos_pubs_subs:/home/group3-robot/robp_group3/robp_ws/install/arm_controller:/opt/ros/jazzy DEBUGINFOD_URLS=https://debuginfod.ubuntu.com LD_LIBRARY_PATH=/home/group3-robot/robp_group3/install/robp_interfaces/lib:${LD_LIBRARY_PATH} PYTHONPATH=/home/group3-robot/robp_group3/install/robp_interfaces/lib/python3.12/site-packages:${PYTHONPATH} /usr/bin/cmake --install /home/group3-robot/robp_group3/build/robp_phidgets_spatial
