running develop
Removing /home/group3-robot/robp_group3/install/path_planner/lib/python3.12/site-packages/path-planner.egg-link (link to .)
running egg_info
writing ../../../build/path_planner/path_planner.egg-info/PKG-INFO
writing dependency_links to ../../../build/path_planner/path_planner.egg-info/dependency_links.txt
writing entry points to ../../../build/path_planner/path_planner.egg-info/entry_points.txt
writing requirements to ../../../build/path_planner/path_planner.egg-info/requires.txt
writing top-level names to ../../../build/path_planner/path_planner.egg-info/top_level.txt
reading manifest file '../../../build/path_planner/path_planner.egg-info/SOURCES.txt'
writing manifest file '../../../build/path_planner/path_planner.egg-info/SOURCES.txt'
running build
running build_py
creating /home/group3-robot/robp_group3/build/path_planner/build
creating /home/group3-robot/robp_group3/build/path_planner/build/lib
creating /home/group3-robot/robp_group3/build/path_planner/build/lib/path_planner
copying path_planner/point_generator.py -> /home/group3-robot/robp_group3/build/path_planner/build/lib/path_planner
copying path_planner/path_planner.py -> /home/group3-robot/robp_group3/build/path_planner/build/lib/path_planner
copying path_planner/point_publisher_test.py -> /home/group3-robot/robp_group3/build/path_planner/build/lib/path_planner
copying path_planner/__init__.py -> /home/group3-robot/robp_group3/build/path_planner/build/lib/path_planner
running install
running install_lib
creating /home/group3-robot/robp_group3/install/path_planner/lib/python3.12/site-packages/path_planner
copying /home/group3-robot/robp_group3/build/path_planner/build/lib/path_planner/point_generator.py -> /home/group3-robot/robp_group3/install/path_planner/lib/python3.12/site-packages/path_planner
copying /home/group3-robot/robp_group3/build/path_planner/build/lib/path_planner/path_planner.py -> /home/group3-robot/robp_group3/install/path_planner/lib/python3.12/site-packages/path_planner
copying /home/group3-robot/robp_group3/build/path_planner/build/lib/path_planner/point_publisher_test.py -> /home/group3-robot/robp_group3/install/path_planner/lib/python3.12/site-packages/path_planner
copying /home/group3-robot/robp_group3/build/path_planner/build/lib/path_planner/__init__.py -> /home/group3-robot/robp_group3/install/path_planner/lib/python3.12/site-packages/path_planner
byte-compiling /home/group3-robot/robp_group3/install/path_planner/lib/python3.12/site-packages/path_planner/point_generator.py to point_generator.cpython-312.pyc
byte-compiling /home/group3-robot/robp_group3/install/path_planner/lib/python3.12/site-packages/path_planner/path_planner.py to path_planner.cpython-312.pyc
byte-compiling /home/group3-robot/robp_group3/install/path_planner/lib/python3.12/site-packages/path_planner/point_publisher_test.py to point_publisher_test.cpython-312.pyc
byte-compiling /home/group3-robot/robp_group3/install/path_planner/lib/python3.12/site-packages/path_planner/__init__.py to __init__.cpython-312.pyc
running install_data
copying resource/path_planner -> /home/group3-robot/robp_group3/install/path_planner/share/ament_index/resource_index/packages
copying package.xml -> /home/group3-robot/robp_group3/install/path_planner/share/path_planner
running install_egg_info
Copying ../../../build/path_planner/path_planner.egg-info to /home/group3-robot/robp_group3/install/path_planner/lib/python3.12/site-packages/path_planner-0.0.0-py3.12.egg-info
running install_scripts
Installing path_planner script to /home/group3-robot/robp_group3/install/path_planner/lib/path_planner
Installing point_generator script to /home/group3-robot/robp_group3/install/path_planner/lib/path_planner
writing list of installed files to '/home/group3-robot/robp_group3/build/path_planner/install.log'
