[1.567s] Invoking command in '/home/group3-robot/robp_group3/build/path_planner': DEBUGINFOD_URLS=https://debuginfod.ubuntu.com PYTHONPATH=/home/group3-robot/robp_group3/build/path_planner/prefix_override:/usr/lib/python3/dist-packages/colcon_core/task/python/colcon_distutils_commands:/home/group3-robot/robp_group3/install/path_planner/lib/python3.12/site-packages:${PYTHONPATH} /usr/bin/python3 -W ignore:setup.py install is deprecated -W ignore:easy_install command is deprecated setup.py develop --uninstall --editable --build-directory /home/group3-robot/robp_group3/build/path_planner/build
[2.104s] running develop
[2.488s] Removing /home/group3-robot/robp_group3/install/path_planner/lib/python3.12/site-packages/path-planner.egg-link (link to .)
[2.660s] Invoked command in '/home/group3-robot/robp_group3/build/path_planner' returned '0': DEBUGINFOD_URLS=https://debuginfod.ubuntu.com PYTHONPATH=/home/group3-robot/robp_group3/build/path_planner/prefix_override:/usr/lib/python3/dist-packages/colcon_core/task/python/colcon_distutils_commands:/home/group3-robot/robp_group3/install/path_planner/lib/python3.12/site-packages:${PYTHONPATH} /usr/bin/python3 -W ignore:setup.py install is deprecated -W ignore:easy_install command is deprecated setup.py develop --uninstall --editable --build-directory /home/group3-robot/robp_group3/build/path_planner/build
[2.662s] Invoking command in '/home/group3-robot/robp_group3/robp_ws/src/path_planner': DEBUGINFOD_URLS=https://debuginfod.ubuntu.com PYTHONPATH=/home/group3-robot/robp_group3/build/path_planner/prefix_override:/usr/lib/python3/dist-packages/colcon_core/task/python/colcon_distutils_commands:/home/group3-robot/robp_group3/install/path_planner/lib/python3.12/site-packages:${PYTHONPATH} /usr/bin/python3 -W ignore:setup.py install is deprecated -W ignore:easy_install command is deprecated setup.py egg_info --egg-base ../../../build/path_planner build --build-base /home/group3-robot/robp_group3/build/path_planner/build install --record /home/group3-robot/robp_group3/build/path_planner/install.log --single-version-externally-managed install_data --force
[3.086s] running egg_info
[3.107s] writing ../../../build/path_planner/path_planner.egg-info/PKG-INFO
[3.107s] writing dependency_links to ../../../build/path_planner/path_planner.egg-info/dependency_links.txt
[3.107s] writing entry points to ../../../build/path_planner/path_planner.egg-info/entry_points.txt
[3.107s] writing requirements to ../../../build/path_planner/path_planner.egg-info/requires.txt
[3.108s] writing top-level names to ../../../build/path_planner/path_planner.egg-info/top_level.txt
[3.159s] reading manifest file '../../../build/path_planner/path_planner.egg-info/SOURCES.txt'
[3.159s] writing manifest file '../../../build/path_planner/path_planner.egg-info/SOURCES.txt'
[3.159s] running build
[3.159s] running build_py
[3.159s] creating /home/group3-robot/robp_group3/build/path_planner/build
[3.159s] creating /home/group3-robot/robp_group3/build/path_planner/build/lib
[3.159s] creating /home/group3-robot/robp_group3/build/path_planner/build/lib/path_planner
[3.160s] copying path_planner/point_generator.py -> /home/group3-robot/robp_group3/build/path_planner/build/lib/path_planner
[3.160s] copying path_planner/path_planner.py -> /home/group3-robot/robp_group3/build/path_planner/build/lib/path_planner
[3.160s] copying path_planner/point_publisher_test.py -> /home/group3-robot/robp_group3/build/path_planner/build/lib/path_planner
[3.160s] copying path_planner/__init__.py -> /home/group3-robot/robp_group3/build/path_planner/build/lib/path_planner
[3.160s] running install
[3.170s] running install_lib
[3.198s] creating /home/group3-robot/robp_group3/install/path_planner/lib/python3.12/site-packages/path_planner
[3.198s] copying /home/group3-robot/robp_group3/build/path_planner/build/lib/path_planner/point_generator.py -> /home/group3-robot/robp_group3/install/path_planner/lib/python3.12/site-packages/path_planner
[3.200s] copying /home/group3-robot/robp_group3/build/path_planner/build/lib/path_planner/path_planner.py -> /home/group3-robot/robp_group3/install/path_planner/lib/python3.12/site-packages/path_planner
[3.201s] copying /home/group3-robot/robp_group3/build/path_planner/build/lib/path_planner/point_publisher_test.py -> /home/group3-robot/robp_group3/install/path_planner/lib/python3.12/site-packages/path_planner
[3.201s] copying /home/group3-robot/robp_group3/build/path_planner/build/lib/path_planner/__init__.py -> /home/group3-robot/robp_group3/install/path_planner/lib/python3.12/site-packages/path_planner
[3.202s] byte-compiling /home/group3-robot/robp_group3/install/path_planner/lib/python3.12/site-packages/path_planner/point_generator.py to point_generator.cpython-312.pyc
[3.202s] byte-compiling /home/group3-robot/robp_group3/install/path_planner/lib/python3.12/site-packages/path_planner/path_planner.py to path_planner.cpython-312.pyc
[3.204s] byte-compiling /home/group3-robot/robp_group3/install/path_planner/lib/python3.12/site-packages/path_planner/point_publisher_test.py to point_publisher_test.cpython-312.pyc
[3.204s] byte-compiling /home/group3-robot/robp_group3/install/path_planner/lib/python3.12/site-packages/path_planner/__init__.py to __init__.cpython-312.pyc
[3.205s] running install_data
[3.207s] copying resource/path_planner -> /home/group3-robot/robp_group3/install/path_planner/share/ament_index/resource_index/packages
[3.207s] copying package.xml -> /home/group3-robot/robp_group3/install/path_planner/share/path_planner
[3.207s] running install_egg_info
[3.233s] Copying ../../../build/path_planner/path_planner.egg-info to /home/group3-robot/robp_group3/install/path_planner/lib/python3.12/site-packages/path_planner-0.0.0-py3.12.egg-info
[3.233s] running install_scripts
[3.415s] Installing path_planner script to /home/group3-robot/robp_group3/install/path_planner/lib/path_planner
[3.416s] Installing point_generator script to /home/group3-robot/robp_group3/install/path_planner/lib/path_planner
[3.418s] writing list of installed files to '/home/group3-robot/robp_group3/build/path_planner/install.log'
[3.501s] Invoked command in '/home/group3-robot/robp_group3/robp_ws/src/path_planner' returned '0': DEBUGINFOD_URLS=https://debuginfod.ubuntu.com PYTHONPATH=/home/group3-robot/robp_group3/build/path_planner/prefix_override:/usr/lib/python3/dist-packages/colcon_core/task/python/colcon_distutils_commands:/home/group3-robot/robp_group3/install/path_planner/lib/python3.12/site-packages:${PYTHONPATH} /usr/bin/python3 -W ignore:setup.py install is deprecated -W ignore:easy_install command is deprecated setup.py egg_info --egg-base ../../../build/path_planner build --build-base /home/group3-robot/robp_group3/build/path_planner/build install --record /home/group3-robot/robp_group3/build/path_planner/install.log --single-version-externally-managed install_data --force
