[1.213s] Invoking command in '/home/group3-robot/robp_group3/build/odometry': AMENT_PREFIX_PATH=/home/group3-robot/robp_group3/install/robp_interfaces:${AMENT_PREFIX_PATH} CMAKE_PREFIX_PATH=/home/group3-robot/robp_group3/install/robp_interfaces:${CMAKE_PREFIX_PATH} DEBUGINFOD_URLS=https://debuginfod.ubuntu.com LD_LIBRARY_PATH=/home/group3-robot/robp_group3/install/robp_interfaces/lib:${LD_LIBRARY_PATH} PYTHONPATH=/home/group3-robot/robp_group3/build/odometry/prefix_override:/usr/lib/python3/dist-packages/colcon_core/task/python/colcon_distutils_commands:/home/group3-robot/robp_group3/install/odometry/lib/python3.12/site-packages:/home/group3-robot/robp_group3/install/robp_interfaces/lib/python3.12/site-packages:${PYTHONPATH} /usr/bin/python3 -W ignore:setup.py install is deprecated -W ignore:easy_install command is deprecated setup.py develop --editable --build-directory /home/group3-robot/robp_group3/build/odometry/build --no-deps symlink_data
[1.672s] running develop
[1.948s] running egg_info
[1.949s] creating odometry.egg-info
[1.973s] writing odometry.egg-info/PKG-INFO
[1.974s] writing dependency_links to odometry.egg-info/dependency_links.txt
[1.974s] writing entry points to odometry.egg-info/entry_points.txt
[1.974s] writing requirements to odometry.egg-info/requires.txt
[1.974s] writing top-level names to odometry.egg-info/top_level.txt
[1.974s] writing manifest file 'odometry.egg-info/SOURCES.txt'
[2.023s] reading manifest file 'odometry.egg-info/SOURCES.txt'
[2.023s] writing manifest file 'odometry.egg-info/SOURCES.txt'
[2.048s] running build_ext
[2.048s] Creating /home/group3-robot/robp_group3/install/odometry/lib/python3.12/site-packages/odometry.egg-link (link to .)
[2.049s] Installing odometry script to /home/group3-robot/robp_group3/install/odometry/lib/odometry
[2.049s] 
[2.049s] Installed /home/group3-robot/robp_group3/build/odometry
[2.049s] running symlink_data
[2.049s] creating /home/group3-robot/robp_group3/install/odometry/share/ament_index
[2.049s] creating /home/group3-robot/robp_group3/install/odometry/share/ament_index/resource_index
[2.049s] creating /home/group3-robot/robp_group3/install/odometry/share/ament_index/resource_index/packages
[2.050s] symbolically linking /home/group3-robot/robp_group3/build/odometry/resource/odometry -> /home/group3-robot/robp_group3/install/odometry/share/ament_index/resource_index/packages
[2.051s] symbolically linking /home/group3-robot/robp_group3/build/odometry/package.xml -> /home/group3-robot/robp_group3/install/odometry/share/odometry
[2.113s] Invoked command in '/home/group3-robot/robp_group3/build/odometry' returned '0': AMENT_PREFIX_PATH=/home/group3-robot/robp_group3/install/robp_interfaces:${AMENT_PREFIX_PATH} CMAKE_PREFIX_PATH=/home/group3-robot/robp_group3/install/robp_interfaces:${CMAKE_PREFIX_PATH} DEBUGINFOD_URLS=https://debuginfod.ubuntu.com LD_LIBRARY_PATH=/home/group3-robot/robp_group3/install/robp_interfaces/lib:${LD_LIBRARY_PATH} PYTHONPATH=/home/group3-robot/robp_group3/build/odometry/prefix_override:/usr/lib/python3/dist-packages/colcon_core/task/python/colcon_distutils_commands:/home/group3-robot/robp_group3/install/odometry/lib/python3.12/site-packages:/home/group3-robot/robp_group3/install/robp_interfaces/lib/python3.12/site-packages:${PYTHONPATH} /usr/bin/python3 -W ignore:setup.py install is deprecated -W ignore:easy_install command is deprecated setup.py develop --editable --build-directory /home/group3-robot/robp_group3/build/odometry/build --no-deps symlink_data
