[0.011s] Invoking command in '/home/group3-robot/robp_group3/build/usb_cam': CMAKE_PREFIX_PATH=${CMAKE_PREFIX_PATH}:/home/group3-robot/robp_group3/install/robp_launch:/home/group3-robot/robp_group3/install/odometry:/home/group3-robot/robp_group3/install/path_planner:/home/group3-robot/robp_group3/install/mapping:/home/group3-robot/robp_group3/install/joystick_teleop:/home/group3-robot/robp_group3/install/behavior_tree:/home/group3-robot/robp_group3/install/handle_objects:/home/group3-robot/robp_group3/install/detection:/home/group3-robot/robp_group3/install/arm_servos_pubs_subs:/home/group3-robot/robp_group3/install/arm_controller:/home/group3-robot/robp_group3/robp_ws/install/robp_launch:/home/group3-robot/robp_group3/robp_ws/install/odometry:/home/group3-robot/robp_group3/robp_ws/install/path_planner:/home/group3-robot/robp_group3/robp_ws/install/mapping:/home/group3-robot/robp_group3/robp_ws/install/joystick_teleop:/home/group3-robot/robp_group3/robp_ws/install/behavior_tree:/home/group3-robot/robp_group3/robp_ws/install/handle_objects:/home/group3-robot/robp_group3/robp_ws/install/detection:/home/group3-robot/robp_group3/robp_ws/install/arm_servos_pubs_subs:/home/group3-robot/robp_group3/robp_ws/install/arm_controller:/opt/ros/jazzy DEBUGINFOD_URLS=https://debuginfod.ubuntu.com /usr/bin/cmake /home/group3-robot/robp_group3/robp_ws/src/robp_robot/usb_cam -DAMENT_CMAKE_SYMLINK_INSTALL=1 -DCMAKE_INSTALL_PREFIX=/home/group3-robot/robp_group3/install/usb_cam
[0.400s] -- The C compiler identification is GNU 13.3.0
[0.400s] -- The CXX compiler identification is GNU 13.3.0
[0.400s] -- Detecting C compiler ABI info
[0.520s] -- Detecting C compiler ABI info - done
[0.544s] -- Check for working C compiler: /usr/bin/cc - skipped
[0.544s] -- Detecting C compile features
[0.545s] -- Detecting C compile features - done
[0.569s] -- Detecting CXX compiler ABI info
[0.818s] -- Detecting CXX compiler ABI info - done
[0.854s] -- Check for working CXX compiler: /usr/bin/c++ - skipped
[0.854s] -- Detecting CXX compile features
[0.854s] -- Detecting CXX compile features - done
[0.871s] -- Found ament_cmake_auto: 2.5.3 (/opt/ros/jazzy/share/ament_cmake_auto/cmake)
[1.314s] -- Found Python3: /usr/bin/python3 (found version "3.12.3") found components: Interpreter 
[1.529s] -- Override CMake install command with custom implementation using symlinks instead of copying resources
[2.094s] -- Found rosidl_generator_c: 4.6.5 (/opt/ros/jazzy/share/rosidl_generator_c/cmake)
[2.150s] -- Found rosidl_generator_cpp: 4.6.5 (/opt/ros/jazzy/share/rosidl_generator_cpp/cmake)
[2.217s] -- Using all available rosidl_typesupport_c: rosidl_typesupport_fastrtps_c;rosidl_typesupport_introspection_c
[2.321s] -- Using all available rosidl_typesupport_cpp: rosidl_typesupport_fastrtps_cpp;rosidl_typesupport_introspection_cpp
[2.845s] -- Found rmw_implementation_cmake: 7.3.1 (/opt/ros/jazzy/share/rmw_implementation_cmake/cmake)
[2.865s] -- Found rmw_fastrtps_cpp: 8.4.1 (/opt/ros/jazzy/share/rmw_fastrtps_cpp/cmake)
[3.138s] -- Found OpenSSL: /usr/lib/x86_64-linux-gnu/libcrypto.so (found version "3.0.13")  
[3.264s] -- Found FastRTPS: /opt/ros/jazzy/include (Required is at least version "2.13") 
[3.475s] -- Using RMW implementation 'rmw_fastrtps_cpp' as default
[4.820s] -- Setting yaml-cpp_DIR to: '/opt/ros/jazzy/share/yaml_cpp_vendor/cmake/../../../opt/yaml_cpp_vendor/share/cmake/yaml-cpp'
[5.671s] -- Found rosidl_adapter: 4.6.5 (/opt/ros/jazzy/share/rosidl_adapter/cmake)
[5.722s] -- Found OpenCV: /usr (found version "4.6.0") 
[5.730s] -- Found PkgConfig: /usr/bin/pkg-config (found version "1.8.1") 
[5.736s] -- Checking for module 'libavcodec'
[5.823s] --   Found libavcodec, version 60.31.102
[5.947s] -- Checking for module 'libavutil'
[6.039s] --   Found libavutil, version 58.29.100
[6.149s] -- Checking for module 'libswscale'
[6.196s] --   Found libswscale, version 7.5.100
[6.471s] -- Found ament_lint_auto: 0.17.1 (/opt/ros/jazzy/share/ament_lint_auto/cmake)
[6.667s] -- Found gtest sources under '/opt/ros/jazzy/src/gtest_vendor': C++ tests using 'Google Test' will be built
[6.688s] -- Performing Test CMAKE_HAVE_LIBC_PTHREAD
[7.000s] -- Performing Test CMAKE_HAVE_LIBC_PTHREAD - Success
[7.007s] -- Found Threads: TRUE  
[7.052s] -- Added test 'copyright' to check source files copyright and LICENSE
[7.072s] -- Added test 'cppcheck' to perform static code analysis on C / C++ code
[7.072s] -- Configured cppcheck include dirs: /home/group3-robot/robp_group3/robp_ws/src/robp_robot/usb_cam/include
[7.072s] -- Configured cppcheck exclude dirs and/or files: 
[7.093s] -- Added test 'cpplint' to check C / C++ code against the Google style
[7.093s] -- Configured cpplint exclude dirs and/or files: 
[7.098s] -- Added test 'flake8' to check Python code syntax and style conventions
[7.098s] -- Configured 'flake8' exclude dirs and/or files: 
[7.108s] -- Added test 'lint_cmake' to check CMake code style
[7.118s] -- Added test 'pep257' to check Python code against some of the docstring style conventions in PEP 257
[7.132s] -- Added test 'uncrustify' to check C / C++ code style
[7.132s] -- Configured uncrustify additional arguments: 
[7.132s] -- Added test 'xmllint' to check XML markup files
[7.166s] -- Configuring done (7.1s)
[7.325s] -- Generating done (0.1s)
[7.358s] -- Build files have been written to: /home/group3-robot/robp_group3/build/usb_cam
[7.389s] Invoked command in '/home/group3-robot/robp_group3/build/usb_cam' returned '0': CMAKE_PREFIX_PATH=${CMAKE_PREFIX_PATH}:/home/group3-robot/robp_group3/install/robp_launch:/home/group3-robot/robp_group3/install/odometry:/home/group3-robot/robp_group3/install/path_planner:/home/group3-robot/robp_group3/install/mapping:/home/group3-robot/robp_group3/install/joystick_teleop:/home/group3-robot/robp_group3/install/behavior_tree:/home/group3-robot/robp_group3/install/handle_objects:/home/group3-robot/robp_group3/install/detection:/home/group3-robot/robp_group3/install/arm_servos_pubs_subs:/home/group3-robot/robp_group3/install/arm_controller:/home/group3-robot/robp_group3/robp_ws/install/robp_launch:/home/group3-robot/robp_group3/robp_ws/install/odometry:/home/group3-robot/robp_group3/robp_ws/install/path_planner:/home/group3-robot/robp_group3/robp_ws/install/mapping:/home/group3-robot/robp_group3/robp_ws/install/joystick_teleop:/home/group3-robot/robp_group3/robp_ws/install/behavior_tree:/home/group3-robot/robp_group3/robp_ws/install/handle_objects:/home/group3-robot/robp_group3/robp_ws/install/detection:/home/group3-robot/robp_group3/robp_ws/install/arm_servos_pubs_subs:/home/group3-robot/robp_group3/robp_ws/install/arm_controller:/opt/ros/jazzy DEBUGINFOD_URLS=https://debuginfod.ubuntu.com /usr/bin/cmake /home/group3-robot/robp_group3/robp_ws/src/robp_robot/usb_cam -DAMENT_CMAKE_SYMLINK_INSTALL=1 -DCMAKE_INSTALL_PREFIX=/home/group3-robot/robp_group3/install/usb_cam
[7.391s] Invoking command in '/home/group3-robot/robp_group3/build/usb_cam': CMAKE_PREFIX_PATH=${CMAKE_PREFIX_PATH}:/home/group3-robot/robp_group3/install/robp_launch:/home/group3-robot/robp_group3/install/odometry:/home/group3-robot/robp_group3/install/path_planner:/home/group3-robot/robp_group3/install/mapping:/home/group3-robot/robp_group3/install/joystick_teleop:/home/group3-robot/robp_group3/install/behavior_tree:/home/group3-robot/robp_group3/install/handle_objects:/home/group3-robot/robp_group3/install/detection:/home/group3-robot/robp_group3/install/arm_servos_pubs_subs:/home/group3-robot/robp_group3/install/arm_controller:/home/group3-robot/robp_group3/robp_ws/install/robp_launch:/home/group3-robot/robp_group3/robp_ws/install/odometry:/home/group3-robot/robp_group3/robp_ws/install/path_planner:/home/group3-robot/robp_group3/robp_ws/install/mapping:/home/group3-robot/robp_group3/robp_ws/install/joystick_teleop:/home/group3-robot/robp_group3/robp_ws/install/behavior_tree:/home/group3-robot/robp_group3/robp_ws/install/handle_objects:/home/group3-robot/robp_group3/robp_ws/install/detection:/home/group3-robot/robp_group3/robp_ws/install/arm_servos_pubs_subs:/home/group3-robot/robp_group3/robp_ws/install/arm_controller:/opt/ros/jazzy DEBUGINFOD_URLS=https://debuginfod.ubuntu.com /usr/bin/cmake --build /home/group3-robot/robp_group3/build/usb_cam -- -j8 -l8
[7.609s] [  7%] [32mBuilding CXX object CMakeFiles/usb_cam_node_exe.dir/rclcpp_components/node_main_usb_cam_node_exe.cpp.o[0m
[7.623s] [ 14%] [32mBuilding CXX object CMakeFiles/usb_cam.dir/src/usb_cam.cpp.o[0m
[7.631s] [ 21%] [32mBuilding CXX object gtest/CMakeFiles/gtest_main.dir/src/gtest_main.cc.o[0m
[7.655s] [ 28%] [32mBuilding CXX object gtest/CMakeFiles/gtest.dir/src/gtest-all.cc.o[0m
[11.216s] [ 35%] [32m[1mLinking CXX static library libgtest_main.a[0m
[11.754s] [ 35%] Built target gtest_main
[14.169s] [ 42%] [32m[1mLinking CXX shared library libusb_cam.so[0m
[14.710s] [ 42%] Built target usb_cam
[14.758s] [ 50%] [32mBuilding CXX object CMakeFiles/usb_cam_node.dir/src/usb_cam_node.cpp.o[0m
[16.391s] [ 57%] [32m[1mLinking CXX executable usb_cam_node_exe[0m
[16.619s] [ 57%] Built target usb_cam_node_exe
[17.148s] [ 64%] [32m[1mLinking CXX static library libgtest.a[0m
[17.268s] [ 64%] Built target gtest
[17.304s] [ 71%] [32mBuilding CXX object CMakeFiles/test_pixel_formats.dir/test/test_pixel_formats.cpp.o[0m
[17.321s] [ 78%] [32mBuilding CXX object CMakeFiles/test_usb_cam_utils.dir/test/test_usb_cam_utils.cpp.o[0m
[19.409s] [ 85%] [32m[1mLinking CXX executable test_usb_cam_utils[0m
[19.410s] [ 92%] [32m[1mLinking CXX executable test_pixel_formats[0m
[19.680s] [ 92%] Built target test_usb_cam_utils
[19.683s] [ 92%] Built target test_pixel_formats
[26.678s] [100%] [32m[1mLinking CXX shared library libusb_cam_node.so[0m
[27.289s] [100%] Built target usb_cam_node
[27.304s] Invoked command in '/home/group3-robot/robp_group3/build/usb_cam' returned '0': CMAKE_PREFIX_PATH=${CMAKE_PREFIX_PATH}:/home/group3-robot/robp_group3/install/robp_launch:/home/group3-robot/robp_group3/install/odometry:/home/group3-robot/robp_group3/install/path_planner:/home/group3-robot/robp_group3/install/mapping:/home/group3-robot/robp_group3/install/joystick_teleop:/home/group3-robot/robp_group3/install/behavior_tree:/home/group3-robot/robp_group3/install/handle_objects:/home/group3-robot/robp_group3/install/detection:/home/group3-robot/robp_group3/install/arm_servos_pubs_subs:/home/group3-robot/robp_group3/install/arm_controller:/home/group3-robot/robp_group3/robp_ws/install/robp_launch:/home/group3-robot/robp_group3/robp_ws/install/odometry:/home/group3-robot/robp_group3/robp_ws/install/path_planner:/home/group3-robot/robp_group3/robp_ws/install/mapping:/home/group3-robot/robp_group3/robp_ws/install/joystick_teleop:/home/group3-robot/robp_group3/robp_ws/install/behavior_tree:/home/group3-robot/robp_group3/robp_ws/install/handle_objects:/home/group3-robot/robp_group3/robp_ws/install/detection:/home/group3-robot/robp_group3/robp_ws/install/arm_servos_pubs_subs:/home/group3-robot/robp_group3/robp_ws/install/arm_controller:/opt/ros/jazzy DEBUGINFOD_URLS=https://debuginfod.ubuntu.com /usr/bin/cmake --build /home/group3-robot/robp_group3/build/usb_cam -- -j8 -l8
[27.306s] Invoking command in '/home/group3-robot/robp_group3/build/usb_cam': CMAKE_PREFIX_PATH=${CMAKE_PREFIX_PATH}:/home/group3-robot/robp_group3/install/robp_launch:/home/group3-robot/robp_group3/install/odometry:/home/group3-robot/robp_group3/install/path_planner:/home/group3-robot/robp_group3/install/mapping:/home/group3-robot/robp_group3/install/joystick_teleop:/home/group3-robot/robp_group3/install/behavior_tree:/home/group3-robot/robp_group3/install/handle_objects:/home/group3-robot/robp_group3/install/detection:/home/group3-robot/robp_group3/install/arm_servos_pubs_subs:/home/group3-robot/robp_group3/install/arm_controller:/home/group3-robot/robp_group3/robp_ws/install/robp_launch:/home/group3-robot/robp_group3/robp_ws/install/odometry:/home/group3-robot/robp_group3/robp_ws/install/path_planner:/home/group3-robot/robp_group3/robp_ws/install/mapping:/home/group3-robot/robp_group3/robp_ws/install/joystick_teleop:/home/group3-robot/robp_group3/robp_ws/install/behavior_tree:/home/group3-robot/robp_group3/robp_ws/install/handle_objects:/home/group3-robot/robp_group3/robp_ws/install/detection:/home/group3-robot/robp_group3/robp_ws/install/arm_servos_pubs_subs:/home/group3-robot/robp_group3/robp_ws/install/arm_controller:/opt/ros/jazzy DEBUGINFOD_URLS=https://debuginfod.ubuntu.com /usr/bin/cmake --install /home/group3-robot/robp_group3/build/usb_cam
[27.317s] -- Install configuration: ""
[27.317s] -- Execute custom install script
[27.317s] -- Symlinking: /home/group3-robot/robp_group3/install/usb_cam/share/usb_cam/environment/library_path.sh
[27.329s] -- Symlinking: /home/group3-robot/robp_group3/install/usb_cam/share/usb_cam/environment/library_path.dsv
[27.340s] -- Symlinking: /home/group3-robot/robp_group3/install/usb_cam/lib/usb_cam/usb_cam_node_exe
[27.353s] -- Symlinking: /home/group3-robot/robp_group3/install/usb_cam/lib/usb_cam/show_image.py
[27.365s] -- Symlinking: /home/group3-robot/robp_group3/install/usb_cam/lib/libusb_cam.so
[27.376s] -- Symlinking: /home/group3-robot/robp_group3/install/usb_cam/lib/libusb_cam_node.so
[27.399s] -- Symlinking: /home/group3-robot/robp_group3/install/usb_cam/include/usb_cam/constants.hpp
[27.411s] -- Symlinking: /home/group3-robot/robp_group3/install/usb_cam/include/usb_cam/conversions.hpp
[27.423s] -- Symlinking: /home/group3-robot/robp_group3/install/usb_cam/include/usb_cam/formats/av_pixel_format_helper.hpp
[27.435s] -- Symlinking: /home/group3-robot/robp_group3/install/usb_cam/include/usb_cam/formats/m420.hpp
[27.454s] -- Symlinking: /home/group3-robot/robp_group3/install/usb_cam/include/usb_cam/formats/mjpeg.hpp
[27.464s] -- Symlinking: /home/group3-robot/robp_group3/install/usb_cam/include/usb_cam/formats/mono.hpp
[27.477s] -- Symlinking: /home/group3-robot/robp_group3/install/usb_cam/include/usb_cam/formats/pixel_format_base.hpp
[27.490s] -- Symlinking: /home/group3-robot/robp_group3/install/usb_cam/include/usb_cam/formats/rgb.hpp
[27.501s] -- Symlinking: /home/group3-robot/robp_group3/install/usb_cam/include/usb_cam/formats/utils.hpp
[27.512s] -- Symlinking: /home/group3-robot/robp_group3/install/usb_cam/include/usb_cam/formats/uyvy.hpp
[27.524s] -- Symlinking: /home/group3-robot/robp_group3/install/usb_cam/include/usb_cam/formats/yuyv.hpp
[27.535s] -- Symlinking: /home/group3-robot/robp_group3/install/usb_cam/include/usb_cam/usb_cam.hpp
[27.546s] -- Symlinking: /home/group3-robot/robp_group3/install/usb_cam/include/usb_cam/usb_cam_node.hpp
[27.557s] -- Symlinking: /home/group3-robot/robp_group3/install/usb_cam/include/usb_cam/utils.hpp
[27.568s] -- Up-to-date symlink: /home/group3-robot/robp_group3/install/usb_cam/lib/libusb_cam_node.so
[27.569s] -- Symlinking: /home/group3-robot/robp_group3/install/usb_cam/share/usb_cam/launch/__init__.py
[27.579s] -- Symlinking: /home/group3-robot/robp_group3/install/usb_cam/share/usb_cam/launch/camera.launch.py
[27.595s] -- Symlinking: /home/group3-robot/robp_group3/install/usb_cam/share/usb_cam/launch/camera_config.py
[27.603s] -- Symlinking: /home/group3-robot/robp_group3/install/usb_cam/share/usb_cam/config/camera_info.yaml
[27.614s] -- Symlinking: /home/group3-robot/robp_group3/install/usb_cam/share/usb_cam/config/params_1.yaml
[27.626s] -- Symlinking: /home/group3-robot/robp_group3/install/usb_cam/share/usb_cam/config/params_2.yaml
[27.638s] -- Symlinking: /home/group3-robot/robp_group3/install/usb_cam/share/ament_index/resource_index/package_run_dependencies/usb_cam
[27.650s] -- Symlinking: /home/group3-robot/robp_group3/install/usb_cam/share/ament_index/resource_index/parent_prefix_path/usb_cam
[27.662s] -- Symlinking: /home/group3-robot/robp_group3/install/usb_cam/share/usb_cam/environment/ament_prefix_path.sh
[27.674s] -- Symlinking: /home/group3-robot/robp_group3/install/usb_cam/share/usb_cam/environment/ament_prefix_path.dsv
[27.686s] -- Symlinking: /home/group3-robot/robp_group3/install/usb_cam/share/usb_cam/environment/path.sh
[27.698s] -- Symlinking: /home/group3-robot/robp_group3/install/usb_cam/share/usb_cam/environment/path.dsv
[27.711s] -- Symlinking: /home/group3-robot/robp_group3/install/usb_cam/share/usb_cam/local_setup.bash
[27.721s] -- Symlinking: /home/group3-robot/robp_group3/install/usb_cam/share/usb_cam/local_setup.sh
[27.733s] -- Symlinking: /home/group3-robot/robp_group3/install/usb_cam/share/usb_cam/local_setup.zsh
[27.745s] -- Symlinking: /home/group3-robot/robp_group3/install/usb_cam/share/usb_cam/local_setup.dsv
[27.757s] -- Symlinking: /home/group3-robot/robp_group3/install/usb_cam/share/usb_cam/package.dsv
[27.772s] -- Symlinking: /home/group3-robot/robp_group3/install/usb_cam/share/ament_index/resource_index/packages/usb_cam
[27.790s] -- Symlinking: /home/group3-robot/robp_group3/install/usb_cam/share/ament_index/resource_index/rclcpp_components/usb_cam
[27.802s] -- Symlinking: /home/group3-robot/robp_group3/install/usb_cam/share/usb_cam/cmake/ament_cmake_export_libraries-extras.cmake
[27.813s] -- Symlinking: /home/group3-robot/robp_group3/install/usb_cam/share/usb_cam/cmake/ament_cmake_export_dependencies-extras.cmake
[27.824s] -- Symlinking: /home/group3-robot/robp_group3/install/usb_cam/share/usb_cam/cmake/ament_cmake_export_include_directories-extras.cmake
[27.835s] -- Symlinking: /home/group3-robot/robp_group3/install/usb_cam/share/usb_cam/cmake/usb_camConfig.cmake
[27.854s] -- Symlinking: /home/group3-robot/robp_group3/install/usb_cam/share/usb_cam/cmake/usb_camConfig-version.cmake
[27.864s] -- Symlinking: /home/group3-robot/robp_group3/install/usb_cam/share/usb_cam/package.xml
[27.881s] Invoked command in '/home/group3-robot/robp_group3/build/usb_cam' returned '0': CMAKE_PREFIX_PATH=${CMAKE_PREFIX_PATH}:/home/group3-robot/robp_group3/install/robp_launch:/home/group3-robot/robp_group3/install/odometry:/home/group3-robot/robp_group3/install/path_planner:/home/group3-robot/robp_group3/install/mapping:/home/group3-robot/robp_group3/install/joystick_teleop:/home/group3-robot/robp_group3/install/behavior_tree:/home/group3-robot/robp_group3/install/handle_objects:/home/group3-robot/robp_group3/install/detection:/home/group3-robot/robp_group3/install/arm_servos_pubs_subs:/home/group3-robot/robp_group3/install/arm_controller:/home/group3-robot/robp_group3/robp_ws/install/robp_launch:/home/group3-robot/robp_group3/robp_ws/install/odometry:/home/group3-robot/robp_group3/robp_ws/install/path_planner:/home/group3-robot/robp_group3/robp_ws/install/mapping:/home/group3-robot/robp_group3/robp_ws/install/joystick_teleop:/home/group3-robot/robp_group3/robp_ws/install/behavior_tree:/home/group3-robot/robp_group3/robp_ws/install/handle_objects:/home/group3-robot/robp_group3/robp_ws/install/detection:/home/group3-robot/robp_group3/robp_ws/install/arm_servos_pubs_subs:/home/group3-robot/robp_group3/robp_ws/install/arm_controller:/opt/ros/jazzy DEBUGINFOD_URLS=https://debuginfod.ubuntu.com /usr/bin/cmake --install /home/group3-robot/robp_group3/build/usb_cam
